
 

 
        1  -0.999240020740       -0.500000000000         20.3347637279     
        2  -0.499770609304       -0.500000000000         20.3531650076     
        3  -0.949315214709       -0.500000000000         20.3371555807     
        4  -0.899384687137       -0.500000000000         20.3394248610     
        5  -0.849448738957       -0.500000000000         20.3415715551     
        6  -0.799507671130       -0.500000000000         20.3435956501     
        7  -0.749561784653       -0.500000000000         20.3454971338     
        8  -0.699611380549       -0.500000000000         20.3472759947     
        9  -0.649656759871       -0.500000000000         20.3489322222     
       10  -0.599698223699       -0.500000000000         20.3504658062     
       11  -0.549736073134       -0.500000000000         20.3518767375     
       12  -0.499770609304        0.500000000000         20.3531650076     
       13  -0.499770609304       -0.450000000000         20.3531650076     
       14  -0.499770609304       -0.400000000000         20.3531650076     
       15  -0.499770609304       -0.350000000000         20.3531650076     
       16  -0.499770609304       -0.300000000000         20.3531650076     
       17  -0.499770609304       -0.250000000000         20.3531650076     
       18  -0.499770609304       -0.200000000000         20.3531650076     
       19  -0.499770609304       -0.150000000000         20.3531650076     
       20  -0.499770609304       -0.100000000000         20.3531650076     

 
       21  -0.499770609304       -0.500000000000E-001    20.3531650076     
       22  -0.499770609304         0.00000000000         20.3531650076     
       23  -0.499770609304        0.500000000000E-001    20.3531650076     
       24  -0.499770609304        0.100000000000         20.3531650076     
       25  -0.499770609304        0.150000000000         20.3531650076     
       26  -0.499770609304        0.200000000000         20.3531650076     
       27  -0.499770609304        0.250000000000         20.3531650076     
       28  -0.499770609304        0.300000000000         20.3531650076     
       29  -0.499770609304        0.350000000000         20.3531650076     
       30  -0.499770609304        0.400000000000         20.3531650076     
       31  -0.499770609304        0.450000000000         20.3531650076     
       32  -0.999240020740        0.500000000000         20.3347637279     
       33  -0.949315214709        0.500000000000         20.3371555807     
       34  -0.899384687137        0.500000000000         20.3394248610     
       35  -0.849448738957        0.500000000000         20.3415715551     
       36  -0.799507671130        0.500000000000         20.3435956501     
       37  -0.749561784653        0.500000000000         20.3454971338     
       38  -0.699611380549        0.500000000000         20.3472759947     
       39  -0.649656759871        0.500000000000         20.3489322222     
       40  -0.599698223699        0.500000000000         20.3504658062     

 
       41  -0.549736073134        0.500000000000         20.3518767375     
       42  -0.999240020740       -0.450000000000         20.3347637279     
       43  -0.999240020740       -0.400000000000         20.3347637279     
       44  -0.999240020740       -0.350000000000         20.3347637279     
       45  -0.999240020740       -0.300000000000         20.3347637279     
       46  -0.999240020740       -0.250000000000         20.3347637279     
       47  -0.999240020740       -0.200000000000         20.3347637279     
       48  -0.999240020740       -0.150000000000         20.3347637279     
       49  -0.999240020740       -0.100000000000         20.3347637279     
       50  -0.999240020740       -0.500000000000E-001    20.3347637279     
       51  -0.999240020740         0.00000000000         20.3347637279     
       52  -0.999240020740        0.500000000000E-001    20.3347637279     
       53  -0.999240020740        0.100000000000         20.3347637279     
       54  -0.999240020740        0.150000000000         20.3347637279     
       55  -0.999240020740        0.200000000000         20.3347637279     
       56  -0.999240020740        0.250000000000         20.3347637279     
       57  -0.999240020740        0.300000000000         20.3347637279     
       58  -0.999240020740        0.350000000000         20.3347637279     
       59  -0.999240020740        0.400000000000         20.3347637279     
       60  -0.999240020740        0.450000000000         20.3347637279     

 
       61  -0.949315214587       -0.400000000000         20.3371555807     
       62  -0.949315214587       -0.300000000000         20.3371555807     
       63  -0.949315214587       -0.200000000000         20.3371555807     
       64  -0.949315214587       -0.100000000000         20.3371555807     
       65  -0.949315214587         0.00000000000         20.3371555807     
       66  -0.949315214587        0.100000000000         20.3371555807     
       67  -0.949315214587        0.200000000000         20.3371555807     
       68  -0.949315214587        0.300000000000         20.3371555807     
       69  -0.949315214587        0.400000000000         20.3371555807     
       70  -0.899384686286       -0.450000000000         20.3394248610     
       71  -0.899384686286       -0.400000000000         20.3394248610     
       72  -0.899384686286       -0.350000000000         20.3394248610     
       73  -0.899384686286       -0.300000000000         20.3394248610     
       74  -0.899384686286       -0.250000000000         20.3394248610     
       75  -0.899384686286       -0.200000000000         20.3394248610     
       76  -0.899384686286       -0.150000000000         20.3394248610     
       77  -0.899384686286       -0.100000000000         20.3394248610     
       78  -0.899384686286       -0.500000000000E-001    20.3394248610     
       79  -0.899384686286         0.00000000000         20.3394248610     
       80  -0.899384686286        0.500000000000E-001    20.3394248610     

 
       81  -0.899384686286        0.100000000000         20.3394248610     
       82  -0.899384686286        0.150000000000         20.3394248610     
       83  -0.899384686286        0.200000000000         20.3394248610     
       84  -0.899384686286        0.250000000000         20.3394248610     
       85  -0.899384686286        0.300000000000         20.3394248610     
       86  -0.899384686286        0.350000000000         20.3394248610     
       87  -0.899384686286        0.400000000000         20.3394248610     
       88  -0.899384686286        0.450000000000         20.3394248610     
       89  -0.849448737003       -0.400000000000         20.3415715552     
       90  -0.849448737003       -0.300000000000         20.3415715552     
       91  -0.849448737003       -0.200000000000         20.3415715552     
       92  -0.849448737003       -0.100000000000         20.3415715552     
       93  -0.849448737003         0.00000000000         20.3415715552     
       94  -0.849448737003        0.100000000000         20.3415715552     
       95  -0.849448737003        0.200000000000         20.3415715552     
       96  -0.849448737003        0.300000000000         20.3415715552     
       97  -0.849448737003        0.400000000000         20.3415715552     
       98  -0.799507667943       -0.450000000000         20.3435956502     
       99  -0.799507667943       -0.400000000000         20.3435956502     
      100  -0.799507667943       -0.350000000000         20.3435956502     

 
      101  -0.799507667943       -0.300000000000         20.3435956502     
      102  -0.799507667943       -0.250000000000         20.3435956502     
      103  -0.799507667943       -0.200000000000         20.3435956502     
      104  -0.799507667943       -0.150000000000         20.3435956502     
      105  -0.799507667943       -0.100000000000         20.3435956502     
      106  -0.799507667943       -0.500000000000E-001    20.3435956502     
      107  -0.799507667943         0.00000000000         20.3435956502     
      108  -0.799507667943        0.500000000000E-001    20.3435956502     
      109  -0.799507667943        0.100000000000         20.3435956502     
      110  -0.799507667943        0.150000000000         20.3435956502     
      111  -0.799507667943        0.200000000000         20.3435956502     
      112  -0.799507667943        0.250000000000         20.3435956502     
      113  -0.799507667943        0.300000000000         20.3435956502     
      114  -0.799507667943        0.350000000000         20.3435956502     
      115  -0.799507667943        0.400000000000         20.3435956502     
      116  -0.799507667943        0.450000000000         20.3435956502     
      117  -0.749561780338       -0.400000000000         20.3454971340     
      118  -0.749561780338       -0.300000000000         20.3454971340     
      119  -0.749561780338       -0.200000000000         20.3454971340     
      120  -0.749561780338       -0.100000000000         20.3454971340     

 
      121  -0.749561780338         0.00000000000         20.3454971340     
      122  -0.749561780338        0.100000000000         20.3454971340     
      123  -0.749561780338        0.200000000000         20.3454971340     
      124  -0.749561780338        0.300000000000         20.3454971340     
      125  -0.749561780338        0.400000000000         20.3454971340     
      126  -0.699611375451       -0.450000000000         20.3472759949     
      127  -0.699611375451       -0.400000000000         20.3472759949     
      128  -0.699611375451       -0.350000000000         20.3472759949     
      129  -0.699611375451       -0.300000000000         20.3472759949     
      130  -0.699611375451       -0.250000000000         20.3472759949     
      131  -0.699611375451       -0.200000000000         20.3472759949     
      132  -0.699611375451       -0.150000000000         20.3472759949     
      133  -0.699611375451       -0.100000000000         20.3472759949     
      134  -0.699611375451       -0.500000000000E-001    20.3472759949     
      135  -0.699611375451         0.00000000000         20.3472759949     
      136  -0.699611375451        0.500000000000E-001    20.3472759949     
      137  -0.699611375451        0.100000000000         20.3472759949     
      138  -0.699611375451        0.150000000000         20.3472759949     
      139  -0.699611375451        0.200000000000         20.3472759949     
      140  -0.699611375451        0.250000000000         20.3472759949     

 
      141  -0.699611375451        0.300000000000         20.3472759949     
      142  -0.699611375451        0.350000000000         20.3472759949     
      143  -0.699611375451        0.400000000000         20.3472759949     
      144  -0.699611375451        0.450000000000         20.3472759949     
      145  -0.649656754575       -0.400000000000         20.3489322224     
      146  -0.649656754575       -0.300000000000         20.3489322224     
      147  -0.649656754575       -0.200000000000         20.3489322224     
      148  -0.649656754575       -0.100000000000         20.3489322224     
      149  -0.649656754575         0.00000000000         20.3489322224     
      150  -0.649656754575        0.100000000000         20.3489322224     
      151  -0.649656754575        0.200000000000         20.3489322224     
      152  -0.649656754575        0.300000000000         20.3489322224     
      153  -0.649656754575        0.400000000000         20.3489322224     
      154  -0.599698219027       -0.450000000000         20.3504658064     
      155  -0.599698219027       -0.400000000000         20.3504658064     
      156  -0.599698219027       -0.350000000000         20.3504658064     
      157  -0.599698219027       -0.300000000000         20.3504658064     
      158  -0.599698219027       -0.250000000000         20.3504658064     
      159  -0.599698219027       -0.200000000000         20.3504658064     
      160  -0.599698219027       -0.150000000000         20.3504658064     

 
      161  -0.599698219027       -0.100000000000         20.3504658064     
      162  -0.599698219027       -0.500000000000E-001    20.3504658064     
      163  -0.599698219027         0.00000000000         20.3504658064     
      164  -0.599698219027        0.500000000000E-001    20.3504658064     
      165  -0.599698219027        0.100000000000         20.3504658064     
      166  -0.599698219027        0.150000000000         20.3504658064     
      167  -0.599698219027        0.200000000000         20.3504658064     
      168  -0.599698219027        0.250000000000         20.3504658064     
      169  -0.599698219027        0.300000000000         20.3504658064     
      170  -0.599698219027        0.350000000000         20.3504658064     
      171  -0.599698219027        0.400000000000         20.3504658064     
      172  -0.599698219027        0.450000000000         20.3504658064     
      173  -0.549736070148       -0.400000000000         20.3518767376     
      174  -0.549736070148       -0.300000000000         20.3518767376     
      175  -0.549736070148       -0.200000000000         20.3518767376     
      176  -0.549736070148       -0.100000000000         20.3518767376     
      177  -0.549736070148         0.00000000000         20.3518767376     
      178  -0.549736070148        0.100000000000         20.3518767376     
      179  -0.549736070148        0.200000000000         20.3518767376     
      180  -0.549736070148        0.300000000000         20.3518767376     

 
      181  -0.549736070148        0.400000000000         20.3518767376     
      182    0.00000000000       -0.500000000000         20.3593000000     
      183  -0.449802133333       -0.500000000000         20.3543306088     
      184  -0.399830946398       -0.500000000000         20.3553735339     
      185  -0.349857349675       -0.500000000000         20.3562937768     
      186  -0.299881644355       -0.500000000000         20.3570913318     
      187  -0.249904131641       -0.500000000000         20.3577661941     
      188  -0.199925112748       -0.500000000000         20.3583183598     
      189  -0.149944888902       -0.500000000000         20.3587478254     
      190  -0.999637613348E-001  -0.500000000000         20.3590545885     
      191  -0.499820312864E-001  -0.500000000000         20.3592386470     
      192    0.00000000000        0.500000000000         20.3593000000     
      193    0.00000000000       -0.450000000000         20.3593000000     
      194    0.00000000000       -0.400000000000         20.3593000000     
      195    0.00000000000       -0.350000000000         20.3593000000     
      196    0.00000000000       -0.300000000000         20.3593000000     
      197    0.00000000000       -0.250000000000         20.3593000000     
      198    0.00000000000       -0.200000000000         20.3593000000     
      199    0.00000000000       -0.150000000000         20.3593000000     
      200    0.00000000000       -0.100000000000         20.3593000000     

 
      201    0.00000000000       -0.500000000000E-001    20.3593000000     
      202    0.00000000000         0.00000000000         20.3593000000     
      203    0.00000000000        0.500000000000E-001    20.3593000000     
      204    0.00000000000        0.100000000000         20.3593000000     
      205    0.00000000000        0.150000000000         20.3593000000     
      206    0.00000000000        0.200000000000         20.3593000000     
      207    0.00000000000        0.250000000000         20.3593000000     
      208    0.00000000000        0.300000000000         20.3593000000     
      209    0.00000000000        0.350000000000         20.3593000000     
      210    0.00000000000        0.400000000000         20.3593000000     
      211    0.00000000000        0.450000000000         20.3593000000     
      212  -0.449802133333        0.500000000000         20.3543306088     
      213  -0.399830946398        0.500000000000         20.3553735339     
      214  -0.349857349675        0.500000000000         20.3562937768     
      215  -0.299881644355        0.500000000000         20.3570913318     
      216  -0.249904131641        0.500000000000         20.3577661941     
      217  -0.199925112748        0.500000000000         20.3583183598     
      218  -0.149944888902        0.500000000000         20.3587478254     
      219  -0.999637613348E-001   0.500000000000         20.3590545885     
      220  -0.499820312864E-001   0.500000000000         20.3592386470     

 
      221  -0.449802130147       -0.400000000000         20.3543306088     
      222  -0.449802130147       -0.300000000000         20.3543306088     
      223  -0.449802130147       -0.200000000000         20.3543306088     
      224  -0.449802130147       -0.100000000000         20.3543306088     
      225  -0.449802130147         0.00000000000         20.3543306088     
      226  -0.449802130147        0.100000000000         20.3543306088     
      227  -0.449802130147        0.200000000000         20.3543306088     
      228  -0.449802130147        0.300000000000         20.3543306088     
      229  -0.449802130147        0.400000000000         20.3543306088     
      230  -0.399830941606       -0.450000000000         20.3553735340     
      231  -0.399830941606       -0.400000000000         20.3553735340     
      232  -0.399830941606       -0.350000000000         20.3553735340     
      233  -0.399830941606       -0.300000000000         20.3553735340     
      234  -0.399830941606       -0.250000000000         20.3553735340     
      235  -0.399830941606       -0.200000000000         20.3553735340     
      236  -0.399830941606       -0.150000000000         20.3553735340     
      237  -0.399830941606       -0.100000000000         20.3553735340     
      238  -0.399830941606       -0.500000000000E-001    20.3553735340     
      239  -0.399830941606         0.00000000000         20.3553735340     
      240  -0.399830941606        0.500000000000E-001    20.3553735340     

 
      241  -0.399830941606        0.100000000000         20.3553735340     
      242  -0.399830941606        0.150000000000         20.3553735340     
      243  -0.399830941606        0.200000000000         20.3553735340     
      244  -0.399830941606        0.250000000000         20.3553735340     
      245  -0.399830941606        0.300000000000         20.3553735340     
      246  -0.399830941606        0.350000000000         20.3553735340     
      247  -0.399830941606        0.400000000000         20.3553735340     
      248  -0.399830941606        0.450000000000         20.3553735340     
      249  -0.349857344529       -0.400000000000         20.3562937768     
      250  -0.349857344529       -0.300000000000         20.3562937768     
      251  -0.349857344529       -0.200000000000         20.3562937768     
      252  -0.349857344529       -0.100000000000         20.3562937768     
      253  -0.349857344529         0.00000000000         20.3562937768     
      254  -0.349857344529        0.100000000000         20.3562937768     
      255  -0.349857344529        0.200000000000         20.3562937768     
      256  -0.349857344529        0.300000000000         20.3562937768     
      257  -0.349857344529        0.400000000000         20.3562937768     
      258  -0.299881639781       -0.450000000000         20.3570913318     
      259  -0.299881639781       -0.400000000000         20.3570913318     
      260  -0.299881639781       -0.350000000000         20.3570913318     

 
      261  -0.299881639781       -0.300000000000         20.3570913318     
      262  -0.299881639781       -0.250000000000         20.3570913318     
      263  -0.299881639781       -0.200000000000         20.3570913318     
      264  -0.299881639781       -0.150000000000         20.3570913318     
      265  -0.299881639781       -0.100000000000         20.3570913318     
      266  -0.299881639781       -0.500000000000E-001    20.3570913318     
      267  -0.299881639781         0.00000000000         20.3570913318     
      268  -0.299881639781        0.500000000000E-001    20.3570913318     
      269  -0.299881639781        0.100000000000         20.3570913318     
      270  -0.299881639781        0.150000000000         20.3570913318     
      271  -0.299881639781        0.200000000000         20.3570913318     
      272  -0.299881639781        0.250000000000         20.3570913318     
      273  -0.299881639781        0.300000000000         20.3570913318     
      274  -0.299881639781        0.350000000000         20.3570913318     
      275  -0.299881639781        0.400000000000         20.3570913318     
      276  -0.299881639781        0.450000000000         20.3570913318     
      277  -0.249904128237       -0.400000000000         20.3577661942     
      278  -0.249904128237       -0.300000000000         20.3577661942     
      279  -0.249904128237       -0.200000000000         20.3577661942     
      280  -0.249904128237       -0.100000000000         20.3577661942     

 
      281  -0.249904128237         0.00000000000         20.3577661942     
      282  -0.249904128237        0.100000000000         20.3577661942     
      283  -0.249904128237        0.200000000000         20.3577661942     
      284  -0.249904128237        0.300000000000         20.3577661942     
      285  -0.249904128237        0.400000000000         20.3577661942     
      286  -0.199925110788       -0.450000000000         20.3583183598     
      287  -0.199925110788       -0.400000000000         20.3583183598     
      288  -0.199925110788       -0.350000000000         20.3583183598     
      289  -0.199925110788       -0.300000000000         20.3583183598     
      290  -0.199925110788       -0.250000000000         20.3583183598     
      291  -0.199925110788       -0.200000000000         20.3583183598     
      292  -0.199925110788       -0.150000000000         20.3583183598     
      293  -0.199925110788       -0.100000000000         20.3583183598     
      294  -0.199925110788       -0.500000000000E-001    20.3583183598     
      295  -0.199925110788         0.00000000000         20.3583183598     
      296  -0.199925110788        0.500000000000E-001    20.3583183598     
      297  -0.199925110788        0.100000000000         20.3583183598     
      298  -0.199925110788        0.150000000000         20.3583183598     
      299  -0.199925110788        0.200000000000         20.3583183598     
      300  -0.199925110788        0.250000000000         20.3583183598     

 
      301  -0.199925110788        0.300000000000         20.3583183598     
      302  -0.199925110788        0.350000000000         20.3583183598     
      303  -0.199925110788        0.400000000000         20.3583183598     
      304  -0.199925110788        0.450000000000         20.3583183598     
      305  -0.149944888330       -0.400000000000         20.3587478254     
      306  -0.149944888330       -0.300000000000         20.3587478254     
      307  -0.149944888330       -0.200000000000         20.3587478254     
      308  -0.149944888330       -0.100000000000         20.3587478254     
      309  -0.149944888330         0.00000000000         20.3587478254     
      310  -0.149944888330        0.100000000000         20.3587478254     
      311  -0.149944888330        0.200000000000         20.3587478254     
      312  -0.149944888330        0.300000000000         20.3587478254     
      313  -0.149944888330        0.400000000000         20.3587478254     
      314  -0.999637617706E-001  -0.450000000000         20.3590545885     
      315  -0.999637617706E-001  -0.400000000000         20.3590545885     
      316  -0.999637617706E-001  -0.350000000000         20.3590545885     
      317  -0.999637617706E-001  -0.300000000000         20.3590545885     
      318  -0.999637617706E-001  -0.250000000000         20.3590545885     
      319  -0.999637617706E-001  -0.200000000000         20.3590545885     
      320  -0.999637617706E-001  -0.150000000000         20.3590545885     

 
      321  -0.999637617706E-001  -0.100000000000         20.3590545885     
      322  -0.999637617706E-001  -0.500000000000E-001    20.3590545885     
      323  -0.999637617706E-001    0.00000000000         20.3590545885     
      324  -0.999637617706E-001   0.500000000000E-001    20.3590545885     
      325  -0.999637617706E-001   0.100000000000         20.3590545885     
      326  -0.999637617706E-001   0.150000000000         20.3590545885     
      327  -0.999637617706E-001   0.200000000000         20.3590545885     
      328  -0.999637617706E-001   0.250000000000         20.3590545885     
      329  -0.999637617706E-001   0.300000000000         20.3590545885     
      330  -0.999637617706E-001   0.350000000000         20.3590545885     
      331  -0.999637617706E-001   0.400000000000         20.3590545885     
      332  -0.999637617706E-001   0.450000000000         20.3590545885     
      333  -0.499820320217E-001  -0.400000000000         20.3592386470     
      334  -0.499820320217E-001  -0.300000000000         20.3592386470     
      335  -0.499820320217E-001  -0.200000000000         20.3592386470     
      336  -0.499820320217E-001  -0.100000000000         20.3592386470     
      337  -0.499820320217E-001    0.00000000000         20.3592386470     
      338  -0.499820320217E-001   0.100000000000         20.3592386470     
      339  -0.499820320217E-001   0.200000000000         20.3592386470     
      340  -0.499820320217E-001   0.300000000000         20.3592386470     

 
      341  -0.499820320217E-001   0.400000000000         20.3592386470     
      342   0.499770609304       -0.500000000000         20.3531650076     
      343   0.499820312987E-001  -0.500000000000         20.3592386470     
      344   0.999637613502E-001  -0.500000000000         20.3590545885     
      345   0.149944888916       -0.500000000000         20.3587478254     
      346   0.199925112760       -0.500000000000         20.3583183598     
      347   0.249904131652       -0.500000000000         20.3577661941     
      348   0.299881644367       -0.500000000000         20.3570913317     
      349   0.349857349689       -0.500000000000         20.3562937767     
      350   0.399830946412       -0.500000000000         20.3553735339     
      351   0.449802133344       -0.500000000000         20.3543306088     
      352   0.499770609304        0.500000000000         20.3531650076     
      353   0.499770609304       -0.450000000000         20.3531650076     
      354   0.499770609304       -0.400000000000         20.3531650076     
      355   0.499770609304       -0.350000000000         20.3531650076     
      356   0.499770609304       -0.300000000000         20.3531650076     
      357   0.499770609304       -0.250000000000         20.3531650076     
      358   0.499770609304       -0.200000000000         20.3531650076     
      359   0.499770609304       -0.150000000000         20.3531650076     
      360   0.499770609304       -0.100000000000         20.3531650076     

 
      361   0.499770609304       -0.500000000000E-001    20.3531650076     
      362   0.499770609304         0.00000000000         20.3531650076     
      363   0.499770609304        0.500000000000E-001    20.3531650076     
      364   0.499770609304        0.100000000000         20.3531650076     
      365   0.499770609304        0.150000000000         20.3531650076     
      366   0.499770609304        0.200000000000         20.3531650076     
      367   0.499770609304        0.250000000000         20.3531650076     
      368   0.499770609304        0.300000000000         20.3531650076     
      369   0.499770609304        0.350000000000         20.3531650076     
      370   0.499770609304        0.400000000000         20.3531650076     
      371   0.499770609304        0.450000000000         20.3531650076     
      372   0.499820312987E-001   0.500000000000         20.3592386470     
      373   0.999637613502E-001   0.500000000000         20.3590545885     
      374   0.149944888916        0.500000000000         20.3587478254     
      375   0.199925112760        0.500000000000         20.3583183598     
      376   0.249904131652        0.500000000000         20.3577661941     
      377   0.299881644367        0.500000000000         20.3570913317     
      378   0.349857349689        0.500000000000         20.3562937767     
      379   0.399830946412        0.500000000000         20.3553735339     
      380   0.449802133344        0.500000000000         20.3543306088     

 
      381   0.499820309358E-001  -0.400000000000         20.3592386470     
      382   0.499820309358E-001  -0.300000000000         20.3592386470     
      383   0.499820309358E-001  -0.200000000000         20.3592386470     
      384   0.499820309358E-001  -0.100000000000         20.3592386470     
      385   0.499820309358E-001    0.00000000000         20.3592386470     
      386   0.499820309358E-001   0.100000000000         20.3592386470     
      387   0.499820309358E-001   0.200000000000         20.3592386470     
      388   0.499820309358E-001   0.300000000000         20.3592386470     
      389   0.499820309358E-001   0.400000000000         20.3592386470     
      390   0.999637611351E-001  -0.450000000000         20.3590545885     
      391   0.999637611351E-001  -0.400000000000         20.3590545885     
      392   0.999637611351E-001  -0.350000000000         20.3590545885     
      393   0.999637611351E-001  -0.300000000000         20.3590545885     
      394   0.999637611351E-001  -0.250000000000         20.3590545885     
      395   0.999637611351E-001  -0.200000000000         20.3590545885     
      396   0.999637611351E-001  -0.150000000000         20.3590545885     
      397   0.999637611351E-001  -0.100000000000         20.3590545885     
      398   0.999637611351E-001  -0.500000000000E-001    20.3590545885     
      399   0.999637611351E-001    0.00000000000         20.3590545885     
      400   0.999637611351E-001   0.500000000000E-001    20.3590545885     

 
      401   0.999637611351E-001   0.100000000000         20.3590545885     
      402   0.999637611351E-001   0.150000000000         20.3590545885     
      403   0.999637611351E-001   0.200000000000         20.3590545885     
      404   0.999637611351E-001   0.250000000000         20.3590545885     
      405   0.999637611351E-001   0.300000000000         20.3590545885     
      406   0.999637611351E-001   0.350000000000         20.3590545885     
      407   0.999637611351E-001   0.400000000000         20.3590545885     
      408   0.999637611351E-001   0.450000000000         20.3590545885     
      409   0.149944889198       -0.400000000000         20.3587478254     
      410   0.149944889198       -0.300000000000         20.3587478254     
      411   0.149944889198       -0.200000000000         20.3587478254     
      412   0.149944889198       -0.100000000000         20.3587478254     
      413   0.149944889198         0.00000000000         20.3587478254     
      414   0.149944889198        0.100000000000         20.3587478254     
      415   0.149944889198        0.200000000000         20.3587478254     
      416   0.149944889198        0.300000000000         20.3587478254     
      417   0.149944889198        0.400000000000         20.3587478254     
      418   0.199925113728       -0.450000000000         20.3583183598     
      419   0.199925113728       -0.400000000000         20.3583183598     
      420   0.199925113728       -0.350000000000         20.3583183598     

 
      421   0.199925113728       -0.300000000000         20.3583183598     
      422   0.199925113728       -0.250000000000         20.3583183598     
      423   0.199925113728       -0.200000000000         20.3583183598     
      424   0.199925113728       -0.150000000000         20.3583183598     
      425   0.199925113728       -0.100000000000         20.3583183598     
      426   0.199925113728       -0.500000000000E-001    20.3583183598     
      427   0.199925113728         0.00000000000         20.3583183598     
      428   0.199925113728        0.500000000000E-001    20.3583183598     
      429   0.199925113728        0.100000000000         20.3583183598     
      430   0.199925113728        0.150000000000         20.3583183598     
      431   0.199925113728        0.200000000000         20.3583183598     
      432   0.199925113728        0.250000000000         20.3583183598     
      433   0.199925113728        0.300000000000         20.3583183598     
      434   0.199925113728        0.350000000000         20.3583183598     
      435   0.199925113728        0.400000000000         20.3583183598     
      436   0.199925113728        0.450000000000         20.3583183598     
      437   0.249904133332       -0.400000000000         20.3577661941     
      438   0.249904133332       -0.300000000000         20.3577661941     
      439   0.249904133332       -0.200000000000         20.3577661941     
      440   0.249904133332       -0.100000000000         20.3577661941     

 
      441   0.249904133332         0.00000000000         20.3577661941     
      442   0.249904133332        0.100000000000         20.3577661941     
      443   0.249904133332        0.200000000000         20.3577661941     
      444   0.249904133332        0.300000000000         20.3577661941     
      445   0.249904133332        0.400000000000         20.3577661941     
      446   0.299881646625       -0.450000000000         20.3570913317     
      447   0.299881646625       -0.400000000000         20.3570913317     
      448   0.299881646625       -0.350000000000         20.3570913317     
      449   0.299881646625       -0.300000000000         20.3570913317     
      450   0.299881646625       -0.250000000000         20.3570913317     
      451   0.299881646625       -0.200000000000         20.3570913317     
      452   0.299881646625       -0.150000000000         20.3570913317     
      453   0.299881646625       -0.100000000000         20.3570913317     
      454   0.299881646625       -0.500000000000E-001    20.3570913317     
      455   0.299881646625         0.00000000000         20.3570913317     
      456   0.299881646625        0.500000000000E-001    20.3570913317     
      457   0.299881646625        0.100000000000         20.3570913317     
      458   0.299881646625        0.150000000000         20.3570913317     
      459   0.299881646625        0.200000000000         20.3570913317     
      460   0.299881646625        0.250000000000         20.3570913317     

 
      461   0.299881646625        0.300000000000         20.3570913317     
      462   0.299881646625        0.350000000000         20.3570913317     
      463   0.299881646625        0.400000000000         20.3570913317     
      464   0.299881646625        0.450000000000         20.3570913317     
      465   0.349857352229       -0.400000000000         20.3562937767     
      466   0.349857352229       -0.300000000000         20.3562937767     
      467   0.349857352229       -0.200000000000         20.3562937767     
      468   0.349857352229       -0.100000000000         20.3562937767     
      469   0.349857352229         0.00000000000         20.3562937767     
      470   0.349857352229        0.100000000000         20.3562937767     
      471   0.349857352229        0.200000000000         20.3562937767     
      472   0.349857352229        0.300000000000         20.3562937767     
      473   0.349857352229        0.400000000000         20.3562937767     
      474   0.399830948778       -0.450000000000         20.3553735338     
      475   0.399830948778       -0.400000000000         20.3553735338     
      476   0.399830948778       -0.350000000000         20.3553735338     
      477   0.399830948778       -0.300000000000         20.3553735338     
      478   0.399830948778       -0.250000000000         20.3553735338     
      479   0.399830948778       -0.200000000000         20.3553735338     
      480   0.399830948778       -0.150000000000         20.3553735338     

 
      481   0.399830948778       -0.100000000000         20.3553735338     
      482   0.399830948778       -0.500000000000E-001    20.3553735338     
      483   0.399830948778         0.00000000000         20.3553735338     
      484   0.399830948778        0.500000000000E-001    20.3553735338     
      485   0.399830948778        0.100000000000         20.3553735338     
      486   0.399830948778        0.150000000000         20.3553735338     
      487   0.399830948778        0.200000000000         20.3553735338     
      488   0.399830948778        0.250000000000         20.3553735338     
      489   0.399830948778        0.300000000000         20.3553735338     
      490   0.399830948778        0.350000000000         20.3553735338     
      491   0.399830948778        0.400000000000         20.3553735338     
      492   0.399830948778        0.450000000000         20.3553735338     
      493   0.449802134917       -0.400000000000         20.3543306087     
      494   0.449802134917       -0.300000000000         20.3543306087     
      495   0.449802134917       -0.200000000000         20.3543306087     
      496   0.449802134917       -0.100000000000         20.3543306087     
      497   0.449802134917         0.00000000000         20.3543306087     
      498   0.449802134917        0.100000000000         20.3543306087     
      499   0.449802134917        0.200000000000         20.3543306087     
      500   0.449802134917        0.300000000000         20.3543306087     

 
      501   0.449802134917        0.400000000000         20.3543306087     
      502   0.999240020740       -0.500000000000         20.3347637279     
      503   0.549736073147       -0.500000000000         20.3518767376     
      504   0.599698223715       -0.500000000000         20.3504658062     
      505   0.649656759886       -0.500000000000         20.3489322222     
      506   0.699611380561       -0.500000000000         20.3472759947     
      507   0.749561784664       -0.500000000000         20.3454971338     
      508   0.799507671142       -0.500000000000         20.3435956501     
      509   0.849448738971       -0.500000000000         20.3415715551     
      510   0.899384687152       -0.500000000000         20.3394248610     
      511   0.949315214721       -0.500000000000         20.3371555807     
      512   0.999240020740        0.500000000000         20.3347637279     
      513   0.999240020740       -0.450000000000         20.3347637279     
      514   0.999240020740       -0.400000000000         20.3347637279     
      515   0.999240020740       -0.350000000000         20.3347637279     
      516   0.999240020740       -0.300000000000         20.3347637279     
      517   0.999240020740       -0.250000000000         20.3347637279     
      518   0.999240020740       -0.200000000000         20.3347637279     
      519   0.999240020740       -0.150000000000         20.3347637279     
      520   0.999240020740       -0.100000000000         20.3347637279     

 
      521   0.999240020740       -0.500000000000E-001    20.3347637279     
      522   0.999240020740         0.00000000000         20.3347637279     
      523   0.999240020740        0.500000000000E-001    20.3347637279     
      524   0.999240020740        0.100000000000         20.3347637279     
      525   0.999240020740        0.150000000000         20.3347637279     
      526   0.999240020740        0.200000000000         20.3347637279     
      527   0.999240020740        0.250000000000         20.3347637279     
      528   0.999240020740        0.300000000000         20.3347637279     
      529   0.999240020740        0.350000000000         20.3347637279     
      530   0.999240020740        0.400000000000         20.3347637279     
      531   0.999240020740        0.450000000000         20.3347637279     
      532   0.549736073147        0.500000000000         20.3518767376     
      533   0.599698223715        0.500000000000         20.3504658062     
      534   0.649656759886        0.500000000000         20.3489322222     
      535   0.699611380561        0.500000000000         20.3472759947     
      536   0.749561784664        0.500000000000         20.3454971338     
      537   0.799507671142        0.500000000000         20.3435956501     
      538   0.849448738971        0.500000000000         20.3415715551     
      539   0.899384687152        0.500000000000         20.3394248610     
      540   0.949315214721        0.500000000000         20.3371555807     

 
      541   0.549736074917       -0.400000000000         20.3518767375     
      542   0.549736074917       -0.300000000000         20.3518767375     
      543   0.549736074917       -0.200000000000         20.3518767375     
      544   0.549736074917       -0.100000000000         20.3518767375     
      545   0.549736074917         0.00000000000         20.3518767375     
      546   0.549736074917        0.100000000000         20.3518767375     
      547   0.549736074917        0.200000000000         20.3518767375     
      548   0.549736074917        0.300000000000         20.3518767375     
      549   0.549736074917        0.400000000000         20.3518767375     
      550   0.599698226196       -0.450000000000         20.3504658062     
      551   0.599698226196       -0.400000000000         20.3504658062     
      552   0.599698226196       -0.350000000000         20.3504658062     
      553   0.599698226196       -0.300000000000         20.3504658062     
      554   0.599698226196       -0.250000000000         20.3504658062     
      555   0.599698226196       -0.200000000000         20.3504658062     
      556   0.599698226196       -0.150000000000         20.3504658062     
      557   0.599698226196       -0.100000000000         20.3504658062     
      558   0.599698226196       -0.500000000000E-001    20.3504658062     
      559   0.599698226196         0.00000000000         20.3504658062     
      560   0.599698226196        0.500000000000E-001    20.3504658062     

 
      561   0.599698226196        0.100000000000         20.3504658062     
      562   0.599698226196        0.150000000000         20.3504658062     
      563   0.599698226196        0.200000000000         20.3504658062     
      564   0.599698226196        0.250000000000         20.3504658062     
      565   0.599698226196        0.300000000000         20.3504658062     
      566   0.599698226196        0.350000000000         20.3504658062     
      567   0.599698226196        0.400000000000         20.3504658062     
      568   0.599698226196        0.450000000000         20.3504658062     
      569   0.649656762272       -0.400000000000         20.3489322221     
      570   0.649656762272       -0.300000000000         20.3489322221     
      571   0.649656762272       -0.200000000000         20.3489322221     
      572   0.649656762272       -0.100000000000         20.3489322221     
      573   0.649656762272         0.00000000000         20.3489322221     
      574   0.649656762272        0.100000000000         20.3489322221     
      575   0.649656762272        0.200000000000         20.3489322221     
      576   0.649656762272        0.300000000000         20.3489322221     
      577   0.649656762272        0.400000000000         20.3489322221     
      578   0.699611382292       -0.450000000000         20.3472759947     
      579   0.699611382292       -0.400000000000         20.3472759947     
      580   0.699611382292       -0.350000000000         20.3472759947     

 
      581   0.699611382292       -0.300000000000         20.3472759947     
      582   0.699611382292       -0.250000000000         20.3472759947     
      583   0.699611382292       -0.200000000000         20.3472759947     
      584   0.699611382292       -0.150000000000         20.3472759947     
      585   0.699611382292       -0.100000000000         20.3472759947     
      586   0.699611382292       -0.500000000000E-001    20.3472759947     
      587   0.699611382292         0.00000000000         20.3472759947     
      588   0.699611382292        0.500000000000E-001    20.3472759947     
      589   0.699611382292        0.100000000000         20.3472759947     
      590   0.699611382292        0.150000000000         20.3472759947     
      591   0.699611382292        0.200000000000         20.3472759947     
      592   0.699611382292        0.250000000000         20.3472759947     
      593   0.699611382292        0.300000000000         20.3472759947     
      594   0.699611382292        0.350000000000         20.3472759947     
      595   0.699611382292        0.400000000000         20.3472759947     
      596   0.699611382292        0.450000000000         20.3472759947     
      597   0.749561785429       -0.400000000000         20.3454971338     
      598   0.749561785429       -0.300000000000         20.3454971338     
      599   0.749561785429       -0.200000000000         20.3454971338     
      600   0.749561785429       -0.100000000000         20.3454971338     

 
      601   0.749561785429         0.00000000000         20.3454971338     
      602   0.749561785429        0.100000000000         20.3454971338     
      603   0.749561785429        0.200000000000         20.3454971338     
      604   0.749561785429        0.300000000000         20.3454971338     
      605   0.749561785429        0.400000000000         20.3454971338     
      606   0.799507670881       -0.450000000000         20.3435956501     
      607   0.799507670881       -0.400000000000         20.3435956501     
      608   0.799507670881       -0.350000000000         20.3435956501     
      609   0.799507670881       -0.300000000000         20.3435956501     
      610   0.799507670881       -0.250000000000         20.3435956501     
      611   0.799507670881       -0.200000000000         20.3435956501     
      612   0.799507670881       -0.150000000000         20.3435956501     
      613   0.799507670881       -0.100000000000         20.3435956501     
      614   0.799507670881       -0.500000000000E-001    20.3435956501     
      615   0.799507670881         0.00000000000         20.3435956501     
      616   0.799507670881        0.500000000000E-001    20.3435956501     
      617   0.799507670881        0.100000000000         20.3435956501     
      618   0.799507670881        0.150000000000         20.3435956501     
      619   0.799507670881        0.200000000000         20.3435956501     
      620   0.799507670881        0.250000000000         20.3435956501     

 
      621   0.799507670881        0.300000000000         20.3435956501     
      622   0.799507670881        0.350000000000         20.3435956501     
      623   0.799507670881        0.400000000000         20.3435956501     
      624   0.799507670881        0.450000000000         20.3435956501     
      625   0.849448737871       -0.400000000000         20.3415715551     
      626   0.849448737871       -0.300000000000         20.3415715551     
      627   0.849448737871       -0.200000000000         20.3415715551     
      628   0.849448737871       -0.100000000000         20.3415715551     
      629   0.849448737871         0.00000000000         20.3415715551     
      630   0.849448737871        0.100000000000         20.3415715551     
      631   0.849448737871        0.200000000000         20.3415715551     
      632   0.849448737871        0.300000000000         20.3415715551     
      633   0.849448737871        0.400000000000         20.3415715551     
      634   0.899384685651       -0.450000000000         20.3394248610     
      635   0.899384685651       -0.400000000000         20.3394248610     
      636   0.899384685651       -0.350000000000         20.3394248610     
      637   0.899384685651       -0.300000000000         20.3394248610     
      638   0.899384685651       -0.250000000000         20.3394248610     
      639   0.899384685651       -0.200000000000         20.3394248610     
      640   0.899384685651       -0.150000000000         20.3394248610     

 
      641   0.899384685651       -0.100000000000         20.3394248610     
      642   0.899384685651       -0.500000000000E-001    20.3394248610     
      643   0.899384685651         0.00000000000         20.3394248610     
      644   0.899384685651        0.500000000000E-001    20.3394248610     
      645   0.899384685651        0.100000000000         20.3394248610     
      646   0.899384685651        0.150000000000         20.3394248610     
      647   0.899384685651        0.200000000000         20.3394248610     
      648   0.899384685651        0.250000000000         20.3394248610     
      649   0.899384685651        0.300000000000         20.3394248610     
      650   0.899384685651        0.350000000000         20.3394248610     
      651   0.899384685651        0.400000000000         20.3394248610     
      652   0.899384685651        0.450000000000         20.3394248610     
      653   0.949315213503       -0.400000000000         20.3371555807     
      654   0.949315213503       -0.300000000000         20.3371555807     
      655   0.949315213503       -0.200000000000         20.3371555807     
      656   0.949315213503       -0.100000000000         20.3371555807     
      657   0.949315213503         0.00000000000         20.3371555807     
      658   0.949315213503        0.100000000000         20.3371555807     
      659   0.949315213503        0.200000000000         20.3371555807     
      660   0.949315213503        0.300000000000         20.3371555807     

 
      661   0.949315213503        0.400000000000         20.3371555807     

