
 
        1  -0.999586003589       -0.500000000000         12.8553965890     
        2  -0.500169442108       -0.500000000000         12.8844954953     
        3  -0.958015068628       -0.500000000000         12.8585613802     
        4  -0.916434118178       -0.500000000000         12.8615917424     
        5  -0.874843586936       -0.500000000000         12.8644876438     
        6  -0.833243909702       -0.500000000000         12.8672490544     
        7  -0.791635521374       -0.500000000000         12.8698759451     
        8  -0.750018856940       -0.500000000000         12.8723682885     
        9  -0.708394351480       -0.500000000000         12.8747260585     
       10  -0.666762440155       -0.500000000000         12.8769492306     
       11  -0.625123558205       -0.500000000000         12.8790377815     
       12  -0.583478140946       -0.500000000000         12.8809916893     
       13  -0.541826623763       -0.500000000000         12.8828109335     
       14  -0.500169442108        0.500000000000         12.8844954953     
       15  -0.500169442108       -0.450000000000         12.8844954953     
       16  -0.500169442108       -0.400000000000         12.8844954953     
       17  -0.500169442108       -0.350000000000         12.8844954953     
       18  -0.500169442108       -0.300000000000         12.8844954953     
       19  -0.500169442108       -0.250000000000         12.8844954953     
       20  -0.500169442108       -0.200000000000         12.8844954953     

 
       21  -0.500169442108       -0.150000000000         12.8844954953     
       22  -0.500169442108       -0.100000000000         12.8844954953     
       23  -0.500169442108       -0.500000000000E-001    12.8844954953     
       24  -0.500169442108         0.00000000000         12.8844954953     
       25  -0.500169442108        0.500000000000E-001    12.8844954953     
       26  -0.500169442108        0.100000000000         12.8844954953     
       27  -0.500169442108        0.150000000000         12.8844954953     
       28  -0.500169442108        0.200000000000         12.8844954953     
       29  -0.500169442108        0.250000000000         12.8844954953     
       30  -0.500169442108        0.300000000000         12.8844954953     
       31  -0.500169442108        0.350000000000         12.8844954953     
       32  -0.500169442108        0.400000000000         12.8844954953     
       33  -0.500169442108        0.450000000000         12.8844954953     
       34  -0.999586003589        0.500000000000         12.8553965890     
       35  -0.958015068628        0.500000000000         12.8585613802     
       36  -0.916434118178        0.500000000000         12.8615917424     
       37  -0.874843586936        0.500000000000         12.8644876438     
       38  -0.833243909702        0.500000000000         12.8672490544     
       39  -0.791635521374        0.500000000000         12.8698759451     
       40  -0.750018856940        0.500000000000         12.8723682885     

 
       41  -0.708394351480        0.500000000000         12.8747260585     
       42  -0.666762440155        0.500000000000         12.8769492306     
       43  -0.625123558205        0.500000000000         12.8790377815     
       44  -0.583478140946        0.500000000000         12.8809916893     
       45  -0.541826623763        0.500000000000         12.8828109335     
       46  -0.999586003589       -0.450000000000         12.8553965890     
       47  -0.999586003589       -0.400000000000         12.8553965890     
       48  -0.999586003589       -0.350000000000         12.8553965890     
       49  -0.999586003589       -0.300000000000         12.8553965890     
       50  -0.999586003589       -0.250000000000         12.8553965890     
       51  -0.999586003589       -0.200000000000         12.8553965890     
       52  -0.999586003589       -0.150000000000         12.8553965890     
       53  -0.999586003589       -0.100000000000         12.8553965890     
       54  -0.999586003589       -0.500000000000E-001    12.8553965890     
       55  -0.999586003589         0.00000000000         12.8553965890     
       56  -0.999586003589        0.500000000000E-001    12.8553965890     
       57  -0.999586003589        0.100000000000         12.8553965890     
       58  -0.999586003589        0.150000000000         12.8553965890     
       59  -0.999586003589        0.200000000000         12.8553965890     
       60  -0.999586003589        0.250000000000         12.8553965890     

 
       61  -0.999586003589        0.300000000000         12.8553965890     
       62  -0.999586003589        0.350000000000         12.8553965890     
       63  -0.999586003589        0.400000000000         12.8553965890     
       64  -0.999586003589        0.450000000000         12.8553965890     
       65  -0.958015067896       -0.400000000000         12.8585613803     
       66  -0.958015067896       -0.300000000000         12.8585613803     
       67  -0.958015067896       -0.200000000000         12.8585613803     
       68  -0.958015067896       -0.100000000000         12.8585613803     
       69  -0.958015067896         0.00000000000         12.8585613803     
       70  -0.958015067896        0.100000000000         12.8585613803     
       71  -0.958015067896        0.200000000000         12.8585613803     
       72  -0.958015067896        0.300000000000         12.8585613803     
       73  -0.958015067896        0.400000000000         12.8585613803     
       74  -0.916434116944       -0.450000000000         12.8615917424     
       75  -0.916434116944       -0.400000000000         12.8615917424     
       76  -0.916434116944       -0.350000000000         12.8615917424     
       77  -0.916434116944       -0.300000000000         12.8615917424     
       78  -0.916434116944       -0.250000000000         12.8615917424     
       79  -0.916434116944       -0.200000000000         12.8615917424     
       80  -0.916434116944       -0.150000000000         12.8615917424     

 
       81  -0.916434116944       -0.100000000000         12.8615917424     
       82  -0.916434116944       -0.500000000000E-001    12.8615917424     
       83  -0.916434116944         0.00000000000         12.8615917424     
       84  -0.916434116944        0.500000000000E-001    12.8615917424     
       85  -0.916434116944        0.100000000000         12.8615917424     
       86  -0.916434116944        0.150000000000         12.8615917424     
       87  -0.916434116944        0.200000000000         12.8615917424     
       88  -0.916434116944        0.250000000000         12.8615917424     
       89  -0.916434116944        0.300000000000         12.8615917424     
       90  -0.916434116944        0.350000000000         12.8615917424     
       91  -0.916434116944        0.400000000000         12.8615917424     
       92  -0.916434116944        0.450000000000         12.8615917424     
       93  -0.874843585401       -0.400000000000         12.8644876439     
       94  -0.874843585401       -0.300000000000         12.8644876439     
       95  -0.874843585401       -0.200000000000         12.8644876439     
       96  -0.874843585401       -0.100000000000         12.8644876439     
       97  -0.874843585401         0.00000000000         12.8644876439     
       98  -0.874843585401        0.100000000000         12.8644876439     
       99  -0.874843585401        0.200000000000         12.8644876439     
      100  -0.874843585401        0.300000000000         12.8644876439     

 
      101  -0.874843585401        0.400000000000         12.8644876439     
      102  -0.833243908039       -0.450000000000         12.8672490545     
      103  -0.833243908039       -0.400000000000         12.8672490545     
      104  -0.833243908039       -0.350000000000         12.8672490545     
      105  -0.833243908039       -0.300000000000         12.8672490545     
      106  -0.833243908039       -0.250000000000         12.8672490545     
      107  -0.833243908039       -0.200000000000         12.8672490545     
      108  -0.833243908039       -0.150000000000         12.8672490545     
      109  -0.833243908039       -0.100000000000         12.8672490545     
      110  -0.833243908039       -0.500000000000E-001    12.8672490545     
      111  -0.833243908039         0.00000000000         12.8672490545     
      112  -0.833243908039        0.500000000000E-001    12.8672490545     
      113  -0.833243908039        0.100000000000         12.8672490545     
      114  -0.833243908039        0.150000000000         12.8672490545     
      115  -0.833243908039        0.200000000000         12.8672490545     
      116  -0.833243908039        0.250000000000         12.8672490545     
      117  -0.833243908039        0.300000000000         12.8672490545     
      118  -0.833243908039        0.350000000000         12.8672490545     
      119  -0.833243908039        0.400000000000         12.8672490545     
      120  -0.833243908039        0.450000000000         12.8672490545     

 
      121  -0.791635519725       -0.400000000000         12.8698759452     
      122  -0.791635519725       -0.300000000000         12.8698759452     
      123  -0.791635519725       -0.200000000000         12.8698759452     
      124  -0.791635519725       -0.100000000000         12.8698759452     
      125  -0.791635519725         0.00000000000         12.8698759452     
      126  -0.791635519725        0.100000000000         12.8698759452     
      127  -0.791635519725        0.200000000000         12.8698759452     
      128  -0.791635519725        0.300000000000         12.8698759452     
      129  -0.791635519725        0.400000000000         12.8698759452     
      130  -0.750018855420       -0.450000000000         12.8723682886     
      131  -0.750018855420       -0.400000000000         12.8723682886     
      132  -0.750018855420       -0.350000000000         12.8723682886     
      133  -0.750018855420       -0.300000000000         12.8723682886     
      134  -0.750018855420       -0.250000000000         12.8723682886     
      135  -0.750018855420       -0.200000000000         12.8723682886     
      136  -0.750018855420       -0.150000000000         12.8723682886     
      137  -0.750018855420       -0.100000000000         12.8723682886     
      138  -0.750018855420       -0.500000000000E-001    12.8723682886     
      139  -0.750018855420         0.00000000000         12.8723682886     
      140  -0.750018855420        0.500000000000E-001    12.8723682886     

 
      141  -0.750018855420        0.100000000000         12.8723682886     
      142  -0.750018855420        0.150000000000         12.8723682886     
      143  -0.750018855420        0.200000000000         12.8723682886     
      144  -0.750018855420        0.250000000000         12.8723682886     
      145  -0.750018855420        0.300000000000         12.8723682886     
      146  -0.750018855420        0.350000000000         12.8723682886     
      147  -0.750018855420        0.400000000000         12.8723682886     
      148  -0.750018855420        0.450000000000         12.8723682886     
      149  -0.708394350172       -0.400000000000         12.8747260586     
      150  -0.708394350172       -0.300000000000         12.8747260586     
      151  -0.708394350172       -0.200000000000         12.8747260586     
      152  -0.708394350172       -0.100000000000         12.8747260586     
      153  -0.708394350172         0.00000000000         12.8747260586     
      154  -0.708394350172        0.100000000000         12.8747260586     
      155  -0.708394350172        0.200000000000         12.8747260586     
      156  -0.708394350172        0.300000000000         12.8747260586     
      157  -0.708394350172        0.400000000000         12.8747260586     
      158  -0.666762439114       -0.450000000000         12.8769492307     
      159  -0.666762439114       -0.400000000000         12.8769492307     
      160  -0.666762439114       -0.350000000000         12.8769492307     

 
      161  -0.666762439114       -0.300000000000         12.8769492307     
      162  -0.666762439114       -0.250000000000         12.8769492307     
      163  -0.666762439114       -0.200000000000         12.8769492307     
      164  -0.666762439114       -0.150000000000         12.8769492307     
      165  -0.666762439114       -0.100000000000         12.8769492307     
      166  -0.666762439114       -0.500000000000E-001    12.8769492307     
      167  -0.666762439114         0.00000000000         12.8769492307     
      168  -0.666762439114        0.500000000000E-001    12.8769492307     
      169  -0.666762439114        0.100000000000         12.8769492307     
      170  -0.666762439114        0.150000000000         12.8769492307     
      171  -0.666762439114        0.200000000000         12.8769492307     
      172  -0.666762439114        0.250000000000         12.8769492307     
      173  -0.666762439114        0.300000000000         12.8769492307     
      174  -0.666762439114        0.350000000000         12.8769492307     
      175  -0.666762439114        0.400000000000         12.8769492307     
      176  -0.666762439114        0.450000000000         12.8769492307     
      177  -0.625123557459       -0.400000000000         12.8790377815     
      178  -0.625123557459       -0.300000000000         12.8790377815     
      179  -0.625123557459       -0.200000000000         12.8790377815     
      180  -0.625123557459       -0.100000000000         12.8790377815     

 
      181  -0.625123557459         0.00000000000         12.8790377815     
      182  -0.625123557459        0.100000000000         12.8790377815     
      183  -0.625123557459        0.200000000000         12.8790377815     
      184  -0.625123557459        0.300000000000         12.8790377815     
      185  -0.625123557459        0.400000000000         12.8790377815     
      186  -0.583478140490       -0.450000000000         12.8809916893     
      187  -0.583478140490       -0.400000000000         12.8809916893     
      188  -0.583478140490       -0.350000000000         12.8809916893     
      189  -0.583478140490       -0.300000000000         12.8809916893     
      190  -0.583478140490       -0.250000000000         12.8809916893     
      191  -0.583478140490       -0.200000000000         12.8809916893     
      192  -0.583478140490       -0.150000000000         12.8809916893     
      193  -0.583478140490       -0.100000000000         12.8809916893     
      194  -0.583478140490       -0.500000000000E-001    12.8809916893     
      195  -0.583478140490         0.00000000000         12.8809916893     
      196  -0.583478140490        0.500000000000E-001    12.8809916893     
      197  -0.583478140490        0.100000000000         12.8809916893     
      198  -0.583478140490        0.150000000000         12.8809916893     
      199  -0.583478140490        0.200000000000         12.8809916893     
      200  -0.583478140490        0.250000000000         12.8809916893     

 
      201  -0.583478140490        0.300000000000         12.8809916893     
      202  -0.583478140490        0.350000000000         12.8809916893     
      203  -0.583478140490        0.400000000000         12.8809916893     
      204  -0.583478140490        0.450000000000         12.8809916893     
      205  -0.541826623566       -0.400000000000         12.8828109336     
      206  -0.541826623566       -0.300000000000         12.8828109336     
      207  -0.541826623566       -0.200000000000         12.8828109336     
      208  -0.541826623566       -0.100000000000         12.8828109336     
      209  -0.541826623566         0.00000000000         12.8828109336     
      210  -0.541826623566        0.100000000000         12.8828109336     
      211  -0.541826623566        0.200000000000         12.8828109336     
      212  -0.541826623566        0.300000000000         12.8828109336     
      213  -0.541826623566        0.400000000000         12.8828109336     
      214    0.00000000000       -0.500000000000         12.8942000000     
      215  -0.458507031406       -0.500000000000         12.8860453570     
      216  -0.416839827289       -0.500000000000         12.8874605023     
      217  -0.375168265357       -0.500000000000         12.8887409165     
      218  -0.333492781257       -0.500000000000         12.8898865862     
      219  -0.291813810678       -0.500000000000         12.8908974994     
      220  -0.250131789348       -0.500000000000         12.8917736455     

 
      221  -0.208447153028       -0.500000000000         12.8925150155     
      222  -0.166760337508       -0.500000000000         12.8931216014     
      223  -0.125071778603       -0.500000000000         12.8935933971     
      224  -0.833819121488E-001  -0.500000000000         12.8939303975     
      225  -0.416911739940E-001  -0.500000000000         12.8941325992     
      226    0.00000000000        0.500000000000         12.8942000000     
      227    0.00000000000       -0.450000000000         12.8942000000     
      228    0.00000000000       -0.400000000000         12.8942000000     
      229    0.00000000000       -0.350000000000         12.8942000000     
      230    0.00000000000       -0.300000000000         12.8942000000     
      231    0.00000000000       -0.250000000000         12.8942000000     
      232    0.00000000000       -0.200000000000         12.8942000000     
      233    0.00000000000       -0.150000000000         12.8942000000     
      234    0.00000000000       -0.100000000000         12.8942000000     
      235    0.00000000000       -0.500000000000E-001    12.8942000000     
      236    0.00000000000         0.00000000000         12.8942000000     
      237    0.00000000000        0.500000000000E-001    12.8942000000     
      238    0.00000000000        0.100000000000         12.8942000000     
      239    0.00000000000        0.150000000000         12.8942000000     
      240    0.00000000000        0.200000000000         12.8942000000     

 
      241    0.00000000000        0.250000000000         12.8942000000     
      242    0.00000000000        0.300000000000         12.8942000000     
      243    0.00000000000        0.350000000000         12.8942000000     
      244    0.00000000000        0.400000000000         12.8942000000     
      245    0.00000000000        0.450000000000         12.8942000000     
      246  -0.458507031406        0.500000000000         12.8860453570     
      247  -0.416839827289        0.500000000000         12.8874605023     
      248  -0.375168265357        0.500000000000         12.8887409165     
      249  -0.333492781257        0.500000000000         12.8898865862     
      250  -0.291813810678        0.500000000000         12.8908974994     
      251  -0.250131789348        0.500000000000         12.8917736455     
      252  -0.208447153028        0.500000000000         12.8925150155     
      253  -0.166760337508        0.500000000000         12.8931216014     
      254  -0.125071778603        0.500000000000         12.8935933971     
      255  -0.833819121488E-001   0.500000000000         12.8939303975     
      256  -0.416911739940E-001   0.500000000000         12.8941325992     
      257  -0.458507031000       -0.400000000000         12.8860453570     
      258  -0.458507031000       -0.300000000000         12.8860453570     
      259  -0.458507031000       -0.200000000000         12.8860453570     
      260  -0.458507031000       -0.100000000000         12.8860453570     

 
      261  -0.458507031000         0.00000000000         12.8860453570     
      262  -0.458507031000        0.100000000000         12.8860453570     
      263  -0.458507031000        0.200000000000         12.8860453570     
      264  -0.458507031000        0.300000000000         12.8860453570     
      265  -0.458507031000        0.400000000000         12.8860453570     
      266  -0.416839826643       -0.450000000000         12.8874605023     
      267  -0.416839826643       -0.400000000000         12.8874605023     
      268  -0.416839826643       -0.350000000000         12.8874605023     
      269  -0.416839826643       -0.300000000000         12.8874605023     
      270  -0.416839826643       -0.250000000000         12.8874605023     
      271  -0.416839826643       -0.200000000000         12.8874605023     
      272  -0.416839826643       -0.150000000000         12.8874605023     
      273  -0.416839826643       -0.100000000000         12.8874605023     
      274  -0.416839826643       -0.500000000000E-001    12.8874605023     
      275  -0.416839826643         0.00000000000         12.8874605023     
      276  -0.416839826643        0.500000000000E-001    12.8874605023     
      277  -0.416839826643        0.100000000000         12.8874605023     
      278  -0.416839826643        0.150000000000         12.8874605023     
      279  -0.416839826643        0.200000000000         12.8874605023     
      280  -0.416839826643        0.250000000000         12.8874605023     

 
      281  -0.416839826643        0.300000000000         12.8874605023     
      282  -0.416839826643        0.350000000000         12.8874605023     
      283  -0.416839826643        0.400000000000         12.8874605023     
      284  -0.416839826643        0.450000000000         12.8874605023     
      285  -0.375168264610       -0.400000000000         12.8887409165     
      286  -0.375168264610       -0.300000000000         12.8887409165     
      287  -0.375168264610       -0.200000000000         12.8887409165     
      288  -0.375168264610       -0.100000000000         12.8887409165     
      289  -0.375168264610         0.00000000000         12.8887409165     
      290  -0.375168264610        0.100000000000         12.8887409165     
      291  -0.375168264610        0.200000000000         12.8887409165     
      292  -0.375168264610        0.300000000000         12.8887409165     
      293  -0.375168264610        0.400000000000         12.8887409165     
      294  -0.333492780519       -0.450000000000         12.8898865862     
      295  -0.333492780519       -0.400000000000         12.8898865862     
      296  -0.333492780519       -0.350000000000         12.8898865862     
      297  -0.333492780519       -0.300000000000         12.8898865862     
      298  -0.333492780519       -0.250000000000         12.8898865862     
      299  -0.333492780519       -0.200000000000         12.8898865862     
      300  -0.333492780519       -0.150000000000         12.8898865862     

 
      301  -0.333492780519       -0.100000000000         12.8898865862     
      302  -0.333492780519       -0.500000000000E-001    12.8898865862     
      303  -0.333492780519         0.00000000000         12.8898865862     
      304  -0.333492780519        0.500000000000E-001    12.8898865862     
      305  -0.333492780519        0.100000000000         12.8898865862     
      306  -0.333492780519        0.150000000000         12.8898865862     
      307  -0.333492780519        0.200000000000         12.8898865862     
      308  -0.333492780519        0.250000000000         12.8898865862     
      309  -0.333492780519        0.300000000000         12.8898865862     
      310  -0.333492780519        0.350000000000         12.8898865862     
      311  -0.333492780519        0.400000000000         12.8898865862     
      312  -0.333492780519        0.450000000000         12.8898865862     
      313  -0.291813810032       -0.400000000000         12.8908974994     
      314  -0.291813810032       -0.300000000000         12.8908974994     
      315  -0.291813810032       -0.200000000000         12.8908974994     
      316  -0.291813810032       -0.100000000000         12.8908974994     
      317  -0.291813810032         0.00000000000         12.8908974994     
      318  -0.291813810032        0.100000000000         12.8908974994     
      319  -0.291813810032        0.200000000000         12.8908974994     
      320  -0.291813810032        0.300000000000         12.8908974994     

 
      321  -0.291813810032        0.400000000000         12.8908974994     
      322  -0.250131788849       -0.450000000000         12.8917736455     
      323  -0.250131788849       -0.400000000000         12.8917736455     
      324  -0.250131788849       -0.350000000000         12.8917736455     
      325  -0.250131788849       -0.300000000000         12.8917736455     
      326  -0.250131788849       -0.250000000000         12.8917736455     
      327  -0.250131788849       -0.200000000000         12.8917736455     
      328  -0.250131788849       -0.150000000000         12.8917736455     
      329  -0.250131788849       -0.100000000000         12.8917736455     
      330  -0.250131788849       -0.500000000000E-001    12.8917736455     
      331  -0.250131788849         0.00000000000         12.8917736455     
      332  -0.250131788849        0.500000000000E-001    12.8917736455     
      333  -0.250131788849        0.100000000000         12.8917736455     
      334  -0.250131788849        0.150000000000         12.8917736455     
      335  -0.250131788849        0.200000000000         12.8917736455     
      336  -0.250131788849        0.250000000000         12.8917736455     
      337  -0.250131788849        0.300000000000         12.8917736455     
      338  -0.250131788849        0.350000000000         12.8917736455     
      339  -0.250131788849        0.400000000000         12.8917736455     
      340  -0.250131788849        0.450000000000         12.8917736455     

 
      341  -0.208447152705       -0.400000000000         12.8925150155     
      342  -0.208447152705       -0.300000000000         12.8925150155     
      343  -0.208447152705       -0.200000000000         12.8925150155     
      344  -0.208447152705       -0.100000000000         12.8925150155     
      345  -0.208447152705         0.00000000000         12.8925150155     
      346  -0.208447152705        0.100000000000         12.8925150155     
      347  -0.208447152705        0.200000000000         12.8925150155     
      348  -0.208447152705        0.300000000000         12.8925150155     
      349  -0.208447152705        0.400000000000         12.8925150155     
      350  -0.166760337360       -0.450000000000         12.8931216014     
      351  -0.166760337360       -0.400000000000         12.8931216014     
      352  -0.166760337360       -0.350000000000         12.8931216014     
      353  -0.166760337360       -0.300000000000         12.8931216014     
      354  -0.166760337360       -0.250000000000         12.8931216014     
      355  -0.166760337360       -0.200000000000         12.8931216014     
      356  -0.166760337360       -0.150000000000         12.8931216014     
      357  -0.166760337360       -0.100000000000         12.8931216014     
      358  -0.166760337360       -0.500000000000E-001    12.8931216014     
      359  -0.166760337360         0.00000000000         12.8931216014     
      360  -0.166760337360        0.500000000000E-001    12.8931216014     

 
      361  -0.166760337360        0.100000000000         12.8931216014     
      362  -0.166760337360        0.150000000000         12.8931216014     
      363  -0.166760337360        0.200000000000         12.8931216014     
      364  -0.166760337360        0.250000000000         12.8931216014     
      365  -0.166760337360        0.300000000000         12.8931216014     
      366  -0.166760337360        0.350000000000         12.8931216014     
      367  -0.166760337360        0.400000000000         12.8931216014     
      368  -0.166760337360        0.450000000000         12.8931216014     
      369  -0.125071778603       -0.400000000000         12.8935933971     
      370  -0.125071778603       -0.300000000000         12.8935933971     
      371  -0.125071778603       -0.200000000000         12.8935933971     
      372  -0.125071778603       -0.100000000000         12.8935933971     
      373  -0.125071778603         0.00000000000         12.8935933971     
      374  -0.125071778603        0.100000000000         12.8935933971     
      375  -0.125071778603        0.200000000000         12.8935933971     
      376  -0.125071778603        0.300000000000         12.8935933971     
      377  -0.125071778603        0.400000000000         12.8935933971     
      378  -0.833819122411E-001  -0.450000000000         12.8939303975     
      379  -0.833819122411E-001  -0.400000000000         12.8939303975     
      380  -0.833819122411E-001  -0.350000000000         12.8939303975     

 
      381  -0.833819122411E-001  -0.300000000000         12.8939303975     
      382  -0.833819122411E-001  -0.250000000000         12.8939303975     
      383  -0.833819122411E-001  -0.200000000000         12.8939303975     
      384  -0.833819122411E-001  -0.150000000000         12.8939303975     
      385  -0.833819122411E-001  -0.100000000000         12.8939303975     
      386  -0.833819122411E-001  -0.500000000000E-001    12.8939303975     
      387  -0.833819122411E-001    0.00000000000         12.8939303975     
      388  -0.833819122411E-001   0.500000000000E-001    12.8939303975     
      389  -0.833819122411E-001   0.100000000000         12.8939303975     
      390  -0.833819122411E-001   0.150000000000         12.8939303975     
      391  -0.833819122411E-001   0.200000000000         12.8939303975     
      392  -0.833819122411E-001   0.250000000000         12.8939303975     
      393  -0.833819122411E-001   0.300000000000         12.8939303975     
      394  -0.833819122411E-001   0.350000000000         12.8939303975     
      395  -0.833819122411E-001   0.400000000000         12.8939303975     
      396  -0.833819122411E-001   0.450000000000         12.8939303975     
      397  -0.416911740955E-001  -0.400000000000         12.8941325992     
      398  -0.416911740955E-001  -0.300000000000         12.8941325992     
      399  -0.416911740955E-001  -0.200000000000         12.8941325992     
      400  -0.416911740955E-001  -0.100000000000         12.8941325992     

 
      401  -0.416911740955E-001    0.00000000000         12.8941325992     
      402  -0.416911740955E-001   0.100000000000         12.8941325992     
      403  -0.416911740955E-001   0.200000000000         12.8941325992     
      404  -0.416911740955E-001   0.300000000000         12.8941325992     
      405  -0.416911740955E-001   0.400000000000         12.8941325992     
      406   0.500169442108       -0.500000000000         12.8844954953     
      407   0.416911740514E-001  -0.500000000000         12.8941325992     
      408   0.833819122276E-001  -0.500000000000         12.8939303975     
      409   0.125071778683       -0.500000000000         12.8935933971     
      410   0.166760337580       -0.500000000000         12.8931216014     
      411   0.208447153091       -0.500000000000         12.8925150155     
      412   0.250131789408       -0.500000000000         12.8917736455     
      413   0.291813810741       -0.500000000000         12.8908974994     
      414   0.333492781328       -0.500000000000         12.8898865862     
      415   0.375168265437       -0.500000000000         12.8887409165     
      416   0.416839827368       -0.500000000000         12.8874605023     
      417   0.458507031463       -0.500000000000         12.8860453570     
      418   0.500169442108        0.500000000000         12.8844954953     
      419   0.500169442108       -0.450000000000         12.8844954953     
      420   0.500169442108       -0.400000000000         12.8844954953     

 
      421   0.500169442108       -0.350000000000         12.8844954953     
      422   0.500169442108       -0.300000000000         12.8844954953     
      423   0.500169442108       -0.250000000000         12.8844954953     
      424   0.500169442108       -0.200000000000         12.8844954953     
      425   0.500169442108       -0.150000000000         12.8844954953     
      426   0.500169442108       -0.100000000000         12.8844954953     
      427   0.500169442108       -0.500000000000E-001    12.8844954953     
      428   0.500169442108         0.00000000000         12.8844954953     
      429   0.500169442108        0.500000000000E-001    12.8844954953     
      430   0.500169442108        0.100000000000         12.8844954953     
      431   0.500169442108        0.150000000000         12.8844954953     
      432   0.500169442108        0.200000000000         12.8844954953     
      433   0.500169442108        0.250000000000         12.8844954953     
      434   0.500169442108        0.300000000000         12.8844954953     
      435   0.500169442108        0.350000000000         12.8844954953     
      436   0.500169442108        0.400000000000         12.8844954953     
      437   0.500169442108        0.450000000000         12.8844954953     
      438   0.416911740514E-001   0.500000000000         12.8941325992     
      439   0.833819122276E-001   0.500000000000         12.8939303975     
      440   0.125071778683        0.500000000000         12.8935933971     

 
      441   0.166760337580        0.500000000000         12.8931216014     
      442   0.208447153091        0.500000000000         12.8925150155     
      443   0.250131789408        0.500000000000         12.8917736455     
      444   0.291813810741        0.500000000000         12.8908974994     
      445   0.333492781328        0.500000000000         12.8898865862     
      446   0.375168265437        0.500000000000         12.8887409165     
      447   0.416839827368        0.500000000000         12.8874605023     
      448   0.458507031463        0.500000000000         12.8860453570     
      449   0.416911741535E-001  -0.400000000000         12.8941325992     
      450   0.416911741535E-001  -0.300000000000         12.8941325992     
      451   0.416911741535E-001  -0.200000000000         12.8941325992     
      452   0.416911741535E-001  -0.100000000000         12.8941325992     
      453   0.416911741535E-001    0.00000000000         12.8941325992     
      454   0.416911741535E-001   0.100000000000         12.8941325992     
      455   0.416911741535E-001   0.200000000000         12.8941325992     
      456   0.416911741535E-001   0.300000000000         12.8941325992     
      457   0.416911741535E-001   0.400000000000         12.8941325992     
      458   0.833819123204E-001  -0.450000000000         12.8939303975     
      459   0.833819123204E-001  -0.400000000000         12.8939303975     
      460   0.833819123204E-001  -0.350000000000         12.8939303975     

 
      461   0.833819123204E-001  -0.300000000000         12.8939303975     
      462   0.833819123204E-001  -0.250000000000         12.8939303975     
      463   0.833819123204E-001  -0.200000000000         12.8939303975     
      464   0.833819123204E-001  -0.150000000000         12.8939303975     
      465   0.833819123204E-001  -0.100000000000         12.8939303975     
      466   0.833819123204E-001  -0.500000000000E-001    12.8939303975     
      467   0.833819123204E-001    0.00000000000         12.8939303975     
      468   0.833819123204E-001   0.500000000000E-001    12.8939303975     
      469   0.833819123204E-001   0.100000000000         12.8939303975     
      470   0.833819123204E-001   0.150000000000         12.8939303975     
      471   0.833819123204E-001   0.200000000000         12.8939303975     
      472   0.833819123204E-001   0.250000000000         12.8939303975     
      473   0.833819123204E-001   0.300000000000         12.8939303975     
      474   0.833819123204E-001   0.350000000000         12.8939303975     
      475   0.833819123204E-001   0.400000000000         12.8939303975     
      476   0.833819123204E-001   0.450000000000         12.8939303975     
      477   0.125071778683       -0.400000000000         12.8935933971     
      478   0.125071778683       -0.300000000000         12.8935933971     
      479   0.125071778683       -0.200000000000         12.8935933971     
      480   0.125071778683       -0.100000000000         12.8935933971     

 
      481   0.125071778683         0.00000000000         12.8935933971     
      482   0.125071778683        0.100000000000         12.8935933971     
      483   0.125071778683        0.200000000000         12.8935933971     
      484   0.125071778683        0.300000000000         12.8935933971     
      485   0.125071778683        0.400000000000         12.8935933971     
      486   0.166760337431       -0.450000000000         12.8931216014     
      487   0.166760337431       -0.400000000000         12.8931216014     
      488   0.166760337431       -0.350000000000         12.8931216014     
      489   0.166760337431       -0.300000000000         12.8931216014     
      490   0.166760337431       -0.250000000000         12.8931216014     
      491   0.166760337431       -0.200000000000         12.8931216014     
      492   0.166760337431       -0.150000000000         12.8931216014     
      493   0.166760337431       -0.100000000000         12.8931216014     
      494   0.166760337431       -0.500000000000E-001    12.8931216014     
      495   0.166760337431         0.00000000000         12.8931216014     
      496   0.166760337431        0.500000000000E-001    12.8931216014     
      497   0.166760337431        0.100000000000         12.8931216014     
      498   0.166760337431        0.150000000000         12.8931216014     
      499   0.166760337431        0.200000000000         12.8931216014     
      500   0.166760337431        0.250000000000         12.8931216014     

 
      501   0.166760337431        0.300000000000         12.8931216014     
      502   0.166760337431        0.350000000000         12.8931216014     
      503   0.166760337431        0.400000000000         12.8931216014     
      504   0.166760337431        0.450000000000         12.8931216014     
      505   0.208447152766       -0.400000000000         12.8925150155     
      506   0.208447152766       -0.300000000000         12.8925150155     
      507   0.208447152766       -0.200000000000         12.8925150155     
      508   0.208447152766       -0.100000000000         12.8925150155     
      509   0.208447152766         0.00000000000         12.8925150155     
      510   0.208447152766        0.100000000000         12.8925150155     
      511   0.208447152766        0.200000000000         12.8925150155     
      512   0.208447152766        0.300000000000         12.8925150155     
      513   0.208447152766        0.400000000000         12.8925150155     
      514   0.250131788906       -0.450000000000         12.8917736455     
      515   0.250131788906       -0.400000000000         12.8917736455     
      516   0.250131788906       -0.350000000000         12.8917736455     
      517   0.250131788906       -0.300000000000         12.8917736455     
      518   0.250131788906       -0.250000000000         12.8917736455     
      519   0.250131788906       -0.200000000000         12.8917736455     
      520   0.250131788906       -0.150000000000         12.8917736455     

 
      521   0.250131788906       -0.100000000000         12.8917736455     
      522   0.250131788906       -0.500000000000E-001    12.8917736455     
      523   0.250131788906         0.00000000000         12.8917736455     
      524   0.250131788906        0.500000000000E-001    12.8917736455     
      525   0.250131788906        0.100000000000         12.8917736455     
      526   0.250131788906        0.150000000000         12.8917736455     
      527   0.250131788906        0.200000000000         12.8917736455     
      528   0.250131788906        0.250000000000         12.8917736455     
      529   0.250131788906        0.300000000000         12.8917736455     
      530   0.250131788906        0.350000000000         12.8917736455     
      531   0.250131788906        0.400000000000         12.8917736455     
      532   0.250131788906        0.450000000000         12.8917736455     
      533   0.291813810091       -0.400000000000         12.8908974994     
      534   0.291813810091       -0.300000000000         12.8908974994     
      535   0.291813810091       -0.200000000000         12.8908974994     
      536   0.291813810091       -0.100000000000         12.8908974994     
      537   0.291813810091         0.00000000000         12.8908974994     
      538   0.291813810091        0.100000000000         12.8908974994     
      539   0.291813810091        0.200000000000         12.8908974994     
      540   0.291813810091        0.300000000000         12.8908974994     

 
      541   0.291813810091        0.400000000000         12.8908974994     
      542   0.333492780586       -0.450000000000         12.8898865862     
      543   0.333492780586       -0.400000000000         12.8898865862     
      544   0.333492780586       -0.350000000000         12.8898865862     
      545   0.333492780586       -0.300000000000         12.8898865862     
      546   0.333492780586       -0.250000000000         12.8898865862     
      547   0.333492780586       -0.200000000000         12.8898865862     
      548   0.333492780586       -0.150000000000         12.8898865862     
      549   0.333492780586       -0.100000000000         12.8898865862     
      550   0.333492780586       -0.500000000000E-001    12.8898865862     
      551   0.333492780586         0.00000000000         12.8898865862     
      552   0.333492780586        0.500000000000E-001    12.8898865862     
      553   0.333492780586        0.100000000000         12.8898865862     
      554   0.333492780586        0.150000000000         12.8898865862     
      555   0.333492780586        0.200000000000         12.8898865862     
      556   0.333492780586        0.250000000000         12.8898865862     
      557   0.333492780586        0.300000000000         12.8898865862     
      558   0.333492780586        0.350000000000         12.8898865862     
      559   0.333492780586        0.400000000000         12.8898865862     
      560   0.333492780586        0.450000000000         12.8898865862     

 
      561   0.375168264685       -0.400000000000         12.8887409165     
      562   0.375168264685       -0.300000000000         12.8887409165     
      563   0.375168264685       -0.200000000000         12.8887409165     
      564   0.375168264685       -0.100000000000         12.8887409165     
      565   0.375168264685         0.00000000000         12.8887409165     
      566   0.375168264685        0.100000000000         12.8887409165     
      567   0.375168264685        0.200000000000         12.8887409165     
      568   0.375168264685        0.300000000000         12.8887409165     
      569   0.375168264685        0.400000000000         12.8887409165     
      570   0.416839826718       -0.450000000000         12.8874605023     
      571   0.416839826718       -0.400000000000         12.8874605023     
      572   0.416839826718       -0.350000000000         12.8874605023     
      573   0.416839826718       -0.300000000000         12.8874605023     
      574   0.416839826718       -0.250000000000         12.8874605023     
      575   0.416839826718       -0.200000000000         12.8874605023     
      576   0.416839826718       -0.150000000000         12.8874605023     
      577   0.416839826718       -0.100000000000         12.8874605023     
      578   0.416839826718       -0.500000000000E-001    12.8874605023     
      579   0.416839826718         0.00000000000         12.8874605023     
      580   0.416839826718        0.500000000000E-001    12.8874605023     

 
      581   0.416839826718        0.100000000000         12.8874605023     
      582   0.416839826718        0.150000000000         12.8874605023     
      583   0.416839826718        0.200000000000         12.8874605023     
      584   0.416839826718        0.250000000000         12.8874605023     
      585   0.416839826718        0.300000000000         12.8874605023     
      586   0.416839826718        0.350000000000         12.8874605023     
      587   0.416839826718        0.400000000000         12.8874605023     
      588   0.416839826718        0.450000000000         12.8874605023     
      589   0.458507031055       -0.400000000000         12.8860453570     
      590   0.458507031055       -0.300000000000         12.8860453570     
      591   0.458507031055       -0.200000000000         12.8860453570     
      592   0.458507031055       -0.100000000000         12.8860453570     
      593   0.458507031055         0.00000000000         12.8860453570     
      594   0.458507031055        0.100000000000         12.8860453570     
      595   0.458507031055        0.200000000000         12.8860453570     
      596   0.458507031055        0.300000000000         12.8860453570     
      597   0.458507031055        0.400000000000         12.8860453570     
      598   0.999586003589       -0.500000000000         12.8553965890     
      599   0.541826623820       -0.500000000000         12.8828109335     
      600   0.583478141025       -0.500000000000         12.8809916893     

 
      601   0.625123558284       -0.500000000000         12.8790377815     
      602   0.666762440226       -0.500000000000         12.8769492306     
      603   0.708394351543       -0.500000000000         12.8747260585     
      604   0.750018857000       -0.500000000000         12.8723682885     
      605   0.791635521436       -0.500000000000         12.8698759451     
      606   0.833243909773       -0.500000000000         12.8672490544     
      607   0.874843587014       -0.500000000000         12.8644876438     
      608   0.916434118255       -0.500000000000         12.8615917424     
      609   0.958015068684       -0.500000000000         12.8585613802     
      610   0.999586003589        0.500000000000         12.8553965890     
      611   0.999586003589       -0.450000000000         12.8553965890     
      612   0.999586003589       -0.400000000000         12.8553965890     
      613   0.999586003589       -0.350000000000         12.8553965890     
      614   0.999586003589       -0.300000000000         12.8553965890     
      615   0.999586003589       -0.250000000000         12.8553965890     
      616   0.999586003589       -0.200000000000         12.8553965890     
      617   0.999586003589       -0.150000000000         12.8553965890     
      618   0.999586003589       -0.100000000000         12.8553965890     
      619   0.999586003589       -0.500000000000E-001    12.8553965890     
      620   0.999586003589         0.00000000000         12.8553965890     

 
      621   0.999586003589        0.500000000000E-001    12.8553965890     
      622   0.999586003589        0.100000000000         12.8553965890     
      623   0.999586003589        0.150000000000         12.8553965890     
      624   0.999586003589        0.200000000000         12.8553965890     
      625   0.999586003589        0.250000000000         12.8553965890     
      626   0.999586003589        0.300000000000         12.8553965890     
      627   0.999586003589        0.350000000000         12.8553965890     
      628   0.999586003589        0.400000000000         12.8553965890     
      629   0.999586003589        0.450000000000         12.8553965890     
      630   0.541826623820        0.500000000000         12.8828109335     
      631   0.583478141025        0.500000000000         12.8809916893     
      632   0.625123558284        0.500000000000         12.8790377815     
      633   0.666762440226        0.500000000000         12.8769492306     
      634   0.708394351543        0.500000000000         12.8747260585     
      635   0.750018857000        0.500000000000         12.8723682885     
      636   0.791635521436        0.500000000000         12.8698759451     
      637   0.833243909773        0.500000000000         12.8672490544     
      638   0.874843587014        0.500000000000         12.8644876438     
      639   0.916434118255        0.500000000000         12.8615917424     
      640   0.958015068684        0.500000000000         12.8585613802     

 
      641   0.541826623366       -0.400000000000         12.8828109336     
      642   0.541826623366       -0.300000000000         12.8828109336     
      643   0.541826623366       -0.200000000000         12.8828109336     
      644   0.541826623366       -0.100000000000         12.8828109336     
      645   0.541826623366         0.00000000000         12.8828109336     
      646   0.541826623366        0.100000000000         12.8828109336     
      647   0.541826623366        0.200000000000         12.8828109336     
      648   0.541826623366        0.300000000000         12.8828109336     
      649   0.541826623366        0.400000000000         12.8828109336     
      650   0.583478140333       -0.450000000000         12.8809916893     
      651   0.583478140333       -0.400000000000         12.8809916893     
      652   0.583478140333       -0.350000000000         12.8809916893     
      653   0.583478140333       -0.300000000000         12.8809916893     
      654   0.583478140333       -0.250000000000         12.8809916893     
      655   0.583478140333       -0.200000000000         12.8809916893     
      656   0.583478140333       -0.150000000000         12.8809916893     
      657   0.583478140333       -0.100000000000         12.8809916893     
      658   0.583478140333       -0.500000000000E-001    12.8809916893     
      659   0.583478140333         0.00000000000         12.8809916893     
      660   0.583478140333        0.500000000000E-001    12.8809916893     

 
      661   0.583478140333        0.100000000000         12.8809916893     
      662   0.583478140333        0.150000000000         12.8809916893     
      663   0.583478140333        0.200000000000         12.8809916893     
      664   0.583478140333        0.250000000000         12.8809916893     
      665   0.583478140333        0.300000000000         12.8809916893     
      666   0.583478140333        0.350000000000         12.8809916893     
      667   0.583478140333        0.400000000000         12.8809916893     
      668   0.583478140333        0.450000000000         12.8809916893     
      669   0.625123557533       -0.400000000000         12.8790377815     
      670   0.625123557533       -0.300000000000         12.8790377815     
      671   0.625123557533       -0.200000000000         12.8790377815     
      672   0.625123557533       -0.100000000000         12.8790377815     
      673   0.625123557533         0.00000000000         12.8790377815     
      674   0.625123557533        0.100000000000         12.8790377815     
      675   0.625123557533        0.200000000000         12.8790377815     
      676   0.625123557533        0.300000000000         12.8790377815     
      677   0.625123557533        0.400000000000         12.8790377815     
      678   0.666762439553       -0.450000000000         12.8769492307     
      679   0.666762439553       -0.400000000000         12.8769492307     
      680   0.666762439553       -0.350000000000         12.8769492307     

 
      681   0.666762439553       -0.300000000000         12.8769492307     
      682   0.666762439553       -0.250000000000         12.8769492307     
      683   0.666762439553       -0.200000000000         12.8769492307     
      684   0.666762439553       -0.150000000000         12.8769492307     
      685   0.666762439553       -0.100000000000         12.8769492307     
      686   0.666762439553       -0.500000000000E-001    12.8769492307     
      687   0.666762439553         0.00000000000         12.8769492307     
      688   0.666762439553        0.500000000000E-001    12.8769492307     
      689   0.666762439553        0.100000000000         12.8769492307     
      690   0.666762439553        0.150000000000         12.8769492307     
      691   0.666762439553        0.200000000000         12.8769492307     
      692   0.666762439553        0.250000000000         12.8769492307     
      693   0.666762439553        0.300000000000         12.8769492307     
      694   0.666762439553        0.350000000000         12.8769492307     
      695   0.666762439553        0.400000000000         12.8769492307     
      696   0.666762439553        0.450000000000         12.8769492307     
      697   0.708394351044       -0.400000000000         12.8747260586     
      698   0.708394351044       -0.300000000000         12.8747260586     
      699   0.708394351044       -0.200000000000         12.8747260586     
      700   0.708394351044       -0.100000000000         12.8747260586     

 
      701   0.708394351044         0.00000000000         12.8747260586     
      702   0.708394351044        0.100000000000         12.8747260586     
      703   0.708394351044        0.200000000000         12.8747260586     
      704   0.708394351044        0.300000000000         12.8747260586     
      705   0.708394351044        0.400000000000         12.8747260586     
      706   0.750018856730       -0.450000000000         12.8723682885     
      707   0.750018856730       -0.400000000000         12.8723682885     
      708   0.750018856730       -0.350000000000         12.8723682885     
      709   0.750018856730       -0.300000000000         12.8723682885     
      710   0.750018856730       -0.250000000000         12.8723682885     
      711   0.750018856730       -0.200000000000         12.8723682885     
      712   0.750018856730       -0.150000000000         12.8723682885     
      713   0.750018856730       -0.100000000000         12.8723682885     
      714   0.750018856730       -0.500000000000E-001    12.8723682885     
      715   0.750018856730         0.00000000000         12.8723682885     
      716   0.750018856730        0.500000000000E-001    12.8723682885     
      717   0.750018856730        0.100000000000         12.8723682885     
      718   0.750018856730        0.150000000000         12.8723682885     
      719   0.750018856730        0.200000000000         12.8723682885     
      720   0.750018856730        0.250000000000         12.8723682885     

 
      721   0.750018856730        0.300000000000         12.8723682885     
      722   0.750018856730        0.350000000000         12.8723682885     
      723   0.750018856730        0.400000000000         12.8723682885     
      724   0.750018856730        0.450000000000         12.8723682885     
      725   0.791635521411       -0.400000000000         12.8698759451     
      726   0.791635521411       -0.300000000000         12.8698759451     
      727   0.791635521411       -0.200000000000         12.8698759451     
      728   0.791635521411       -0.100000000000         12.8698759451     
      729   0.791635521411         0.00000000000         12.8698759451     
      730   0.791635521411        0.100000000000         12.8698759451     
      731   0.791635521411        0.200000000000         12.8698759451     
      732   0.791635521411        0.300000000000         12.8698759451     
      733   0.791635521411        0.400000000000         12.8698759451     
      734   0.833243909966       -0.450000000000         12.8672490543     
      735   0.833243909966       -0.400000000000         12.8672490543     
      736   0.833243909966       -0.350000000000         12.8672490543     
      737   0.833243909966       -0.300000000000         12.8672490543     
      738   0.833243909966       -0.250000000000         12.8672490543     
      739   0.833243909966       -0.200000000000         12.8672490543     
      740   0.833243909966       -0.150000000000         12.8672490543     

 
      741   0.833243909966       -0.100000000000         12.8672490543     
      742   0.833243909966       -0.500000000000E-001    12.8672490543     
      743   0.833243909966         0.00000000000         12.8672490543     
      744   0.833243909966        0.500000000000E-001    12.8672490543     
      745   0.833243909966        0.100000000000         12.8672490543     
      746   0.833243909966        0.150000000000         12.8672490543     
      747   0.833243909966        0.200000000000         12.8672490543     
      748   0.833243909966        0.250000000000         12.8672490543     
      749   0.833243909966        0.300000000000         12.8672490543     
      750   0.833243909966        0.350000000000         12.8672490543     
      751   0.833243909966        0.400000000000         12.8672490543     
      752   0.833243909966        0.450000000000         12.8672490543     
      753   0.874843587360       -0.400000000000         12.8644876438     
      754   0.874843587360       -0.300000000000         12.8644876438     
      755   0.874843587360       -0.200000000000         12.8644876438     
      756   0.874843587360       -0.100000000000         12.8644876438     
      757   0.874843587360         0.00000000000         12.8644876438     
      758   0.874843587360        0.100000000000         12.8644876438     
      759   0.874843587360        0.200000000000         12.8644876438     
      760   0.874843587360        0.300000000000         12.8644876438     

 
      761   0.874843587360        0.400000000000         12.8644876438     
      762   0.916434118647       -0.450000000000         12.8615917423     
      763   0.916434118647       -0.400000000000         12.8615917423     
      764   0.916434118647       -0.350000000000         12.8615917423     
      765   0.916434118647       -0.300000000000         12.8615917423     
      766   0.916434118647       -0.250000000000         12.8615917423     
      767   0.916434118647       -0.200000000000         12.8615917423     
      768   0.916434118647       -0.150000000000         12.8615917423     
      769   0.916434118647       -0.100000000000         12.8615917423     
      770   0.916434118647       -0.500000000000E-001    12.8615917423     
      771   0.916434118647         0.00000000000         12.8615917423     
      772   0.916434118647        0.500000000000E-001    12.8615917423     
      773   0.916434118647        0.100000000000         12.8615917423     
      774   0.916434118647        0.150000000000         12.8615917423     
      775   0.916434118647        0.200000000000         12.8615917423     
      776   0.916434118647        0.250000000000         12.8615917423     
      777   0.916434118647        0.300000000000         12.8615917423     
      778   0.916434118647        0.350000000000         12.8615917423     
      779   0.916434118647        0.400000000000         12.8615917423     
      780   0.916434118647        0.450000000000         12.8615917423     

 
      781   0.958015068974       -0.400000000000         12.8585613802     
      782   0.958015068974       -0.300000000000         12.8585613802     
      783   0.958015068974       -0.200000000000         12.8585613802     
      784   0.958015068974       -0.100000000000         12.8585613802     
      785   0.958015068974         0.00000000000         12.8585613802     
      786   0.958015068974        0.100000000000         12.8585613802     
      787   0.958015068974        0.200000000000         12.8585613802     
      788   0.958015068974        0.300000000000         12.8585613802     
      789   0.958015068974        0.400000000000         12.8585613802     

