

 
        1   -1.00020783893       -0.500000000000         6.02534688785     
        2  -0.501800318046       -0.500000000000         6.08715182009     
        3  -0.958885935913       -0.500000000000         6.03206089176     
        4  -0.917518984993       -0.500000000000         6.03849151297     
        5  -0.876108929559       -0.500000000000         6.04463844937     
        6  -0.834657715045       -0.500000000000         6.05050141218     
        7  -0.793167288798       -0.500000000000         6.05608012596     
        8  -0.751639600036       -0.500000000000         6.06137432862     
        9  -0.710076599618       -0.500000000000         6.06638377146     
       10  -0.668480240259       -0.500000000000         6.07110821912     
       11  -0.626852476089       -0.500000000000         6.07554744966     
       12  -0.585195262762       -0.500000000000         6.07970125452     
       13  -0.543510557297       -0.500000000000         6.08356943857     
       14  -0.501800318046        0.500000000000         6.08715182009     
       15  -0.501800318046       -0.450000000000         6.08715182009     
       16  -0.501800318046       -0.400000000000         6.08715182009     
       17  -0.501800318046       -0.350000000000         6.08715182009     
       18  -0.501800318046       -0.300000000000         6.08715182009     
       19  -0.501800318046       -0.250000000000         6.08715182009     
       20  -0.501800318046       -0.200000000000         6.08715182009     

 
       21  -0.501800318046       -0.150000000000         6.08715182009     
       22  -0.501800318046       -0.100000000000         6.08715182009     
       23  -0.501800318046       -0.500000000000E-001    6.08715182009     
       24  -0.501800318046         0.00000000000         6.08715182009     
       25  -0.501800318046        0.500000000000E-001    6.08715182009     
       26  -0.501800318046        0.100000000000         6.08715182009     
       27  -0.501800318046        0.150000000000         6.08715182009     
       28  -0.501800318046        0.200000000000         6.08715182009     
       29  -0.501800318046        0.250000000000         6.08715182009     
       30  -0.501800318046        0.300000000000         6.08715182009     
       31  -0.501800318046        0.350000000000         6.08715182009     
       32  -0.501800318046        0.400000000000         6.08715182009     
       33  -0.501800318046        0.450000000000         6.08715182009     
       34   -1.00020783893        0.500000000000         6.02534688785     
       35  -0.958885935913        0.500000000000         6.03206089176     
       36  -0.917518984993        0.500000000000         6.03849151297     
       37  -0.876108929559        0.500000000000         6.04463844937     
       38  -0.834657715045        0.500000000000         6.05050141218     
       39  -0.793167288798        0.500000000000         6.05608012596     
       40  -0.751639600036        0.500000000000         6.06137432862     

 
       41  -0.710076599618        0.500000000000         6.06638377146     
       42  -0.668480240259        0.500000000000         6.07110821912     
       43  -0.626852476089        0.500000000000         6.07554744966     
       44  -0.585195262762        0.500000000000         6.07970125452     
       45  -0.543510557297        0.500000000000         6.08356943857     
       46   -1.00020783893       -0.450000000000         6.02534688785     
       47   -1.00020783893       -0.400000000000         6.02534688785     
       48   -1.00020783893       -0.350000000000         6.02534688785     
       49   -1.00020783893       -0.300000000000         6.02534688785     
       50   -1.00020783893       -0.250000000000         6.02534688785     
       51   -1.00020783893       -0.200000000000         6.02534688785     
       52   -1.00020783893       -0.150000000000         6.02534688785     
       53   -1.00020783893       -0.100000000000         6.02534688785     
       54   -1.00020783893       -0.500000000000E-001    6.02534688785     
       55   -1.00020783893         0.00000000000         6.02534688785     
       56   -1.00020783893        0.500000000000E-001    6.02534688785     
       57   -1.00020783893        0.100000000000         6.02534688785     
       58   -1.00020783893        0.150000000000         6.02534688785     
       59   -1.00020783893        0.200000000000         6.02534688785     
       60   -1.00020783893        0.250000000000         6.02534688785     

 
       61   -1.00020783893        0.300000000000         6.02534688785     
       62   -1.00020783893        0.350000000000         6.02534688785     
       63   -1.00020783893        0.400000000000         6.02534688785     
       64   -1.00020783893        0.450000000000         6.02534688785     
       65  -0.958885935979       -0.400000000000         6.03206089175     
       66  -0.958885935979       -0.300000000000         6.03206089175     
       67  -0.958885935979       -0.200000000000         6.03206089175     
       68  -0.958885935979       -0.100000000000         6.03206089175     
       69  -0.958885935979         0.00000000000         6.03206089175     
       70  -0.958885935979        0.100000000000         6.03206089175     
       71  -0.958885935979        0.200000000000         6.03206089175     
       72  -0.958885935979        0.300000000000         6.03206089175     
       73  -0.958885935979        0.400000000000         6.03206089175     
       74  -0.917518985006       -0.450000000000         6.03849151296     
       75  -0.917518985006       -0.400000000000         6.03849151296     
       76  -0.917518985006       -0.350000000000         6.03849151296     
       77  -0.917518985006       -0.300000000000         6.03849151296     
       78  -0.917518985006       -0.250000000000         6.03849151296     
       79  -0.917518985006       -0.200000000000         6.03849151296     
       80  -0.917518985006       -0.150000000000         6.03849151296     

 
       81  -0.917518985006       -0.100000000000         6.03849151296     
       82  -0.917518985006       -0.500000000000E-001    6.03849151296     
       83  -0.917518985006         0.00000000000         6.03849151296     
       84  -0.917518985006        0.500000000000E-001    6.03849151296     
       85  -0.917518985006        0.100000000000         6.03849151296     
       86  -0.917518985006        0.150000000000         6.03849151296     
       87  -0.917518985006        0.200000000000         6.03849151296     
       88  -0.917518985006        0.250000000000         6.03849151296     
       89  -0.917518985006        0.300000000000         6.03849151296     
       90  -0.917518985006        0.350000000000         6.03849151296     
       91  -0.917518985006        0.400000000000         6.03849151296     
       92  -0.917518985006        0.450000000000         6.03849151296     
       93  -0.876108929434       -0.400000000000         6.04463844938     
       94  -0.876108929434       -0.300000000000         6.04463844938     
       95  -0.876108929434       -0.200000000000         6.04463844938     
       96  -0.876108929434       -0.100000000000         6.04463844938     
       97  -0.876108929434         0.00000000000         6.04463844938     
       98  -0.876108929434        0.100000000000         6.04463844938     
       99  -0.876108929434        0.200000000000         6.04463844938     
      100  -0.876108929434        0.300000000000         6.04463844938     

 
      101  -0.876108929434        0.400000000000         6.04463844938     
      102  -0.834657714727       -0.450000000000         6.05050141222     
      103  -0.834657714727       -0.400000000000         6.05050141222     
      104  -0.834657714727       -0.350000000000         6.05050141222     
      105  -0.834657714727       -0.300000000000         6.05050141222     
      106  -0.834657714727       -0.250000000000         6.05050141222     
      107  -0.834657714727       -0.200000000000         6.05050141222     
      108  -0.834657714727       -0.150000000000         6.05050141222     
      109  -0.834657714727       -0.100000000000         6.05050141222     
      110  -0.834657714727       -0.500000000000E-001    6.05050141222     
      111  -0.834657714727         0.00000000000         6.05050141222     
      112  -0.834657714727        0.500000000000E-001    6.05050141222     
      113  -0.834657714727        0.100000000000         6.05050141222     
      114  -0.834657714727        0.150000000000         6.05050141222     
      115  -0.834657714727        0.200000000000         6.05050141222     
      116  -0.834657714727        0.250000000000         6.05050141222     
      117  -0.834657714727        0.300000000000         6.05050141222     
      118  -0.834657714727        0.350000000000         6.05050141222     
      119  -0.834657714727        0.400000000000         6.05050141222     
      120  -0.834657714727        0.450000000000         6.05050141222     

 
      121  -0.793167288264       -0.400000000000         6.05608012602     
      122  -0.793167288264       -0.300000000000         6.05608012602     
      123  -0.793167288264       -0.200000000000         6.05608012602     
      124  -0.793167288264       -0.100000000000         6.05608012602     
      125  -0.793167288264         0.00000000000         6.05608012602     
      126  -0.793167288264        0.100000000000         6.05608012602     
      127  -0.793167288264        0.200000000000         6.05608012602     
      128  -0.793167288264        0.300000000000         6.05608012602     
      129  -0.793167288264        0.400000000000         6.05608012602     
      130  -0.751639599295       -0.450000000000         6.06137432871     
      131  -0.751639599295       -0.400000000000         6.06137432871     
      132  -0.751639599295       -0.350000000000         6.06137432871     
      133  -0.751639599295       -0.300000000000         6.06137432871     
      134  -0.751639599295       -0.250000000000         6.06137432871     
      135  -0.751639599295       -0.200000000000         6.06137432871     
      136  -0.751639599295       -0.150000000000         6.06137432871     
      137  -0.751639599295       -0.100000000000         6.06137432871     
      138  -0.751639599295       -0.500000000000E-001    6.06137432871     
      139  -0.751639599295         0.00000000000         6.06137432871     
      140  -0.751639599295        0.500000000000E-001    6.06137432871     

 
      141  -0.751639599295        0.100000000000         6.06137432871     
      142  -0.751639599295        0.150000000000         6.06137432871     
      143  -0.751639599295        0.200000000000         6.06137432871     
      144  -0.751639599295        0.250000000000         6.06137432871     
      145  -0.751639599295        0.300000000000         6.06137432871     
      146  -0.751639599295        0.350000000000         6.06137432871     
      147  -0.751639599295        0.400000000000         6.06137432871     
      148  -0.751639599295        0.450000000000         6.06137432871     
      149  -0.710076598711       -0.400000000000         6.06638377157     
      150  -0.710076598711       -0.300000000000         6.06638377157     
      151  -0.710076598711       -0.200000000000         6.06638377157     
      152  -0.710076598711       -0.100000000000         6.06638377157     
      153  -0.710076598711         0.00000000000         6.06638377157     
      154  -0.710076598711        0.100000000000         6.06638377157     
      155  -0.710076598711        0.200000000000         6.06638377157     
      156  -0.710076598711        0.300000000000         6.06638377157     
      157  -0.710076598711        0.400000000000         6.06638377157     
      158  -0.668480239259       -0.450000000000         6.07110821924     
      159  -0.668480239259       -0.400000000000         6.07110821924     
      160  -0.668480239259       -0.350000000000         6.07110821924     

 
      161  -0.668480239259       -0.300000000000         6.07110821924     
      162  -0.668480239259       -0.250000000000         6.07110821924     
      163  -0.668480239259       -0.200000000000         6.07110821924     
      164  -0.668480239259       -0.150000000000         6.07110821924     
      165  -0.668480239259       -0.100000000000         6.07110821924     
      166  -0.668480239259       -0.500000000000E-001    6.07110821924     
      167  -0.668480239259         0.00000000000         6.07110821924     
      168  -0.668480239259        0.500000000000E-001    6.07110821924     
      169  -0.668480239259        0.100000000000         6.07110821924     
      170  -0.668480239259        0.150000000000         6.07110821924     
      171  -0.668480239259        0.200000000000         6.07110821924     
      172  -0.668480239259        0.250000000000         6.07110821924     
      173  -0.668480239259        0.300000000000         6.07110821924     
      174  -0.668480239259        0.350000000000         6.07110821924     
      175  -0.668480239259        0.400000000000         6.07110821924     
      176  -0.668480239259        0.450000000000         6.07110821924     
      177  -0.626852475101       -0.400000000000         6.07554744977     
      178  -0.626852475101       -0.300000000000         6.07554744977     
      179  -0.626852475101       -0.200000000000         6.07554744977     
      180  -0.626852475101       -0.100000000000         6.07554744977     

 
      181  -0.626852475101         0.00000000000         6.07554744977     
      182  -0.626852475101        0.100000000000         6.07554744977     
      183  -0.626852475101        0.200000000000         6.07554744977     
      184  -0.626852475101        0.300000000000         6.07554744977     
      185  -0.626852475101        0.400000000000         6.07554744977     
      186  -0.585195261924       -0.450000000000         6.07970125462     
      187  -0.585195261924       -0.400000000000         6.07970125462     
      188  -0.585195261924       -0.350000000000         6.07970125462     
      189  -0.585195261924       -0.300000000000         6.07970125462     
      190  -0.585195261924       -0.250000000000         6.07970125462     
      191  -0.585195261924       -0.200000000000         6.07970125462     
      192  -0.585195261924       -0.150000000000         6.07970125462     
      193  -0.585195261924       -0.100000000000         6.07970125462     
      194  -0.585195261924       -0.500000000000E-001    6.07970125462     
      195  -0.585195261924         0.00000000000         6.07970125462     
      196  -0.585195261924        0.500000000000E-001    6.07970125462     
      197  -0.585195261924        0.100000000000         6.07970125462     
      198  -0.585195261924        0.150000000000         6.07970125462     
      199  -0.585195261924        0.200000000000         6.07970125462     
      200  -0.585195261924        0.250000000000         6.07970125462     

 
      201  -0.585195261924        0.300000000000         6.07970125462     
      202  -0.585195261924        0.350000000000         6.07970125462     
      203  -0.585195261924        0.400000000000         6.07970125462     
      204  -0.585195261924        0.450000000000         6.07970125462     
      205  -0.543510556777       -0.400000000000         6.08356943863     
      206  -0.543510556777       -0.300000000000         6.08356943863     
      207  -0.543510556777       -0.200000000000         6.08356943863     
      208  -0.543510556777       -0.100000000000         6.08356943863     
      209  -0.543510556777         0.00000000000         6.08356943863     
      210  -0.543510556777        0.100000000000         6.08356943863     
      211  -0.543510556777        0.200000000000         6.08356943863     
      212  -0.543510556777        0.300000000000         6.08356943863     
      213  -0.543510556777        0.400000000000         6.08356943863     
      214    0.00000000000       -0.500000000000         6.10780000000     
      215  -0.460066504486       -0.500000000000         6.09044823076     
      216  -0.418311077269       -0.500000000000         6.09345851573     
      217  -0.376535998036       -0.500000000000         6.09618253355     
      218  -0.334743229366       -0.500000000000         6.09862015628     
      219  -0.292934734655       -0.500000000000         6.10077126938     
      220  -0.251112478064       -0.500000000000         6.10263577181     

 
      221  -0.209278424287       -0.500000000000         6.10421357597     
      222  -0.167434538777       -0.500000000000         6.10550460773     
      223  -0.125582787291       -0.500000000000         6.10650880645     
      224  -0.837251360049E-001  -0.500000000000         6.10722612496     
      225  -0.418635513542E-001  -0.500000000000         6.10765652955     
      226    0.00000000000        0.500000000000         6.10780000000     
      227    0.00000000000       -0.450000000000         6.10780000000     
      228    0.00000000000       -0.400000000000         6.10780000000     
      229    0.00000000000       -0.350000000000         6.10780000000     
      230    0.00000000000       -0.300000000000         6.10780000000     
      231    0.00000000000       -0.250000000000         6.10780000000     
      232    0.00000000000       -0.200000000000         6.10780000000     
      233    0.00000000000       -0.150000000000         6.10780000000     
      234    0.00000000000       -0.100000000000         6.10780000000     
      235    0.00000000000       -0.500000000000E-001    6.10780000000     
      236    0.00000000000         0.00000000000         6.10780000000     
      237    0.00000000000        0.500000000000E-001    6.10780000000     
      238    0.00000000000        0.100000000000         6.10780000000     
      239    0.00000000000        0.150000000000         6.10780000000     
      240    0.00000000000        0.200000000000         6.10780000000     

 
      241    0.00000000000        0.250000000000         6.10780000000     
      242    0.00000000000        0.300000000000         6.10780000000     
      243    0.00000000000        0.350000000000         6.10780000000     
      244    0.00000000000        0.400000000000         6.10780000000     
      245    0.00000000000        0.450000000000         6.10780000000     
      246  -0.460066504486        0.500000000000         6.09044823076     
      247  -0.418311077269        0.500000000000         6.09345851573     
      248  -0.376535998036        0.500000000000         6.09618253355     
      249  -0.334743229366        0.500000000000         6.09862015628     
      250  -0.292934734655        0.500000000000         6.10077126938     
      251  -0.251112478064        0.500000000000         6.10263577181     
      252  -0.209278424287        0.500000000000         6.10421357597     
      253  -0.167434538777        0.500000000000         6.10550460773     
      254  -0.125582787291        0.500000000000         6.10650880645     
      255  -0.837251360049E-001   0.500000000000         6.10722612496     
      256  -0.418635513542E-001   0.500000000000         6.10765652955     
      257  -0.460066504086       -0.400000000000         6.09044823078     
      258  -0.460066504086       -0.300000000000         6.09044823078     
      259  -0.460066504086       -0.200000000000         6.09044823078     
      260  -0.460066504086       -0.100000000000         6.09044823078     

 
      261  -0.460066504086         0.00000000000         6.09044823078     
      262  -0.460066504086        0.100000000000         6.09044823078     
      263  -0.460066504086        0.200000000000         6.09044823078     
      264  -0.460066504086        0.300000000000         6.09044823078     
      265  -0.460066504086        0.400000000000         6.09044823078     
      266  -0.418311076545       -0.450000000000         6.09345851576     
      267  -0.418311076545       -0.400000000000         6.09345851576     
      268  -0.418311076545       -0.350000000000         6.09345851576     
      269  -0.418311076545       -0.300000000000         6.09345851576     
      270  -0.418311076545       -0.250000000000         6.09345851576     
      271  -0.418311076545       -0.200000000000         6.09345851576     
      272  -0.418311076545       -0.150000000000         6.09345851576     
      273  -0.418311076545       -0.100000000000         6.09345851576     
      274  -0.418311076545       -0.500000000000E-001    6.09345851576     
      275  -0.418311076545         0.00000000000         6.09345851576     
      276  -0.418311076545        0.500000000000E-001    6.09345851576     
      277  -0.418311076545        0.100000000000         6.09345851576     
      278  -0.418311076545        0.150000000000         6.09345851576     
      279  -0.418311076545        0.200000000000         6.09345851576     
      280  -0.418311076545        0.250000000000         6.09345851576     

 
      281  -0.418311076545        0.300000000000         6.09345851576     
      282  -0.418311076545        0.350000000000         6.09345851576     
      283  -0.418311076545        0.400000000000         6.09345851576     
      284  -0.418311076545        0.450000000000         6.09345851576     
      285  -0.376535997061       -0.400000000000         6.09618253360     
      286  -0.376535997061       -0.300000000000         6.09618253360     
      287  -0.376535997061       -0.200000000000         6.09618253360     
      288  -0.376535997061       -0.100000000000         6.09618253360     
      289  -0.376535997061         0.00000000000         6.09618253360     
      290  -0.376535997061        0.100000000000         6.09618253360     
      291  -0.376535997061        0.200000000000         6.09618253360     
      292  -0.376535997061        0.300000000000         6.09618253360     
      293  -0.376535997061        0.400000000000         6.09618253360     
      294  -0.334743228216       -0.450000000000         6.09862015633     
      295  -0.334743228216       -0.400000000000         6.09862015633     
      296  -0.334743228216       -0.350000000000         6.09862015633     
      297  -0.334743228216       -0.300000000000         6.09862015633     
      298  -0.334743228216       -0.250000000000         6.09862015633     
      299  -0.334743228216       -0.200000000000         6.09862015633     
      300  -0.334743228216       -0.150000000000         6.09862015633     

 
      301  -0.334743228216       -0.100000000000         6.09862015633     
      302  -0.334743228216       -0.500000000000E-001    6.09862015633     
      303  -0.334743228216         0.00000000000         6.09862015633     
      304  -0.334743228216        0.500000000000E-001    6.09862015633     
      305  -0.334743228216        0.100000000000         6.09862015633     
      306  -0.334743228216        0.150000000000         6.09862015633     
      307  -0.334743228216        0.200000000000         6.09862015633     
      308  -0.334743228216        0.250000000000         6.09862015633     
      309  -0.334743228216        0.300000000000         6.09862015633     
      310  -0.334743228216        0.350000000000         6.09862015633     
      311  -0.334743228216        0.400000000000         6.09862015633     
      312  -0.334743228216        0.450000000000         6.09862015633     
      313  -0.292934733401       -0.400000000000         6.10077126943     
      314  -0.292934733401       -0.300000000000         6.10077126943     
      315  -0.292934733401       -0.200000000000         6.10077126943     
      316  -0.292934733401       -0.100000000000         6.10077126943     
      317  -0.292934733401         0.00000000000         6.10077126943     
      318  -0.292934733401        0.100000000000         6.10077126943     
      319  -0.292934733401        0.200000000000         6.10077126943     
      320  -0.292934733401        0.300000000000         6.10077126943     

 
      321  -0.292934733401        0.400000000000         6.10077126943     
      322  -0.251112476778       -0.450000000000         6.10263577186     
      323  -0.251112476778       -0.400000000000         6.10263577186     
      324  -0.251112476778       -0.350000000000         6.10263577186     
      325  -0.251112476778       -0.300000000000         6.10263577186     
      326  -0.251112476778       -0.250000000000         6.10263577186     
      327  -0.251112476778       -0.200000000000         6.10263577186     
      328  -0.251112476778       -0.150000000000         6.10263577186     
      329  -0.251112476778       -0.100000000000         6.10263577186     
      330  -0.251112476778       -0.500000000000E-001    6.10263577186     
      331  -0.251112476778         0.00000000000         6.10263577186     
      332  -0.251112476778        0.500000000000E-001    6.10263577186     
      333  -0.251112476778        0.100000000000         6.10263577186     
      334  -0.251112476778        0.150000000000         6.10263577186     
      335  -0.251112476778        0.200000000000         6.10263577186     
      336  -0.251112476778        0.250000000000         6.10263577186     
      337  -0.251112476778        0.300000000000         6.10263577186     
      338  -0.251112476778        0.350000000000         6.10263577186     
      339  -0.251112476778        0.400000000000         6.10263577186     
      340  -0.251112476778        0.450000000000         6.10263577186     

 
      341  -0.209278423042       -0.400000000000         6.10421357602     
      342  -0.209278423042       -0.300000000000         6.10421357602     
      343  -0.209278423042       -0.200000000000         6.10421357602     
      344  -0.209278423042       -0.100000000000         6.10421357602     
      345  -0.209278423042         0.00000000000         6.10421357602     
      346  -0.209278423042        0.100000000000         6.10421357602     
      347  -0.209278423042        0.200000000000         6.10421357602     
      348  -0.209278423042        0.300000000000         6.10421357602     
      349  -0.209278423042        0.400000000000         6.10421357602     
      350  -0.167434537643       -0.450000000000         6.10550460778     
      351  -0.167434537643       -0.400000000000         6.10550460778     
      352  -0.167434537643       -0.350000000000         6.10550460778     
      353  -0.167434537643       -0.300000000000         6.10550460778     
      354  -0.167434537643       -0.250000000000         6.10550460778     
      355  -0.167434537643       -0.200000000000         6.10550460778     
      356  -0.167434537643       -0.150000000000         6.10550460778     
      357  -0.167434537643       -0.100000000000         6.10550460778     
      358  -0.167434537643       -0.500000000000E-001    6.10550460778     
      359  -0.167434537643         0.00000000000         6.10550460778     
      360  -0.167434537643        0.500000000000E-001    6.10550460778     

 
      361  -0.167434537643        0.100000000000         6.10550460778     
      362  -0.167434537643        0.150000000000         6.10550460778     
      363  -0.167434537643        0.200000000000         6.10550460778     
      364  -0.167434537643        0.250000000000         6.10550460778     
      365  -0.167434537643        0.300000000000         6.10550460778     
      366  -0.167434537643        0.350000000000         6.10550460778     
      367  -0.167434537643        0.400000000000         6.10550460778     
      368  -0.167434537643        0.450000000000         6.10550460778     
      369  -0.125582786337       -0.400000000000         6.10650880649     
      370  -0.125582786337       -0.300000000000         6.10650880649     
      371  -0.125582786337       -0.200000000000         6.10650880649     
      372  -0.125582786337       -0.100000000000         6.10650880649     
      373  -0.125582786337         0.00000000000         6.10650880649     
      374  -0.125582786337        0.100000000000         6.10650880649     
      375  -0.125582786337        0.200000000000         6.10650880649     
      376  -0.125582786337        0.300000000000         6.10650880649     
      377  -0.125582786337        0.400000000000         6.10650880649     
      378  -0.837251353010E-001  -0.450000000000         6.10722612499     
      379  -0.837251353010E-001  -0.400000000000         6.10722612499     
      380  -0.837251353010E-001  -0.350000000000         6.10722612499     

 
      381  -0.837251353010E-001  -0.300000000000         6.10722612499     
      382  -0.837251353010E-001  -0.250000000000         6.10722612499     
      383  -0.837251353010E-001  -0.200000000000         6.10722612499     
      384  -0.837251353010E-001  -0.150000000000         6.10722612499     
      385  -0.837251353010E-001  -0.100000000000         6.10722612499     
      386  -0.837251353010E-001  -0.500000000000E-001    6.10722612499     
      387  -0.837251353010E-001    0.00000000000         6.10722612499     
      388  -0.837251353010E-001   0.500000000000E-001    6.10722612499     
      389  -0.837251353010E-001   0.100000000000         6.10722612499     
      390  -0.837251353010E-001   0.150000000000         6.10722612499     
      391  -0.837251353010E-001   0.200000000000         6.10722612499     
      392  -0.837251353010E-001   0.250000000000         6.10722612499     
      393  -0.837251353010E-001   0.300000000000         6.10722612499     
      394  -0.837251353010E-001   0.350000000000         6.10722612499     
      395  -0.837251353010E-001   0.400000000000         6.10722612499     
      396  -0.837251353010E-001   0.450000000000         6.10722612499     
      397  -0.418635509684E-001  -0.400000000000         6.10765652956     
      398  -0.418635509684E-001  -0.300000000000         6.10765652956     
      399  -0.418635509684E-001  -0.200000000000         6.10765652956     
      400  -0.418635509684E-001  -0.100000000000         6.10765652956     

 
      401  -0.418635509684E-001    0.00000000000         6.10765652956     
      402  -0.418635509684E-001   0.100000000000         6.10765652956     
      403  -0.418635509684E-001   0.200000000000         6.10765652956     
      404  -0.418635509684E-001   0.300000000000         6.10765652956     
      405  -0.418635509684E-001   0.400000000000         6.10765652956     
      406   0.501800318046       -0.500000000000         6.08715182009     
      407   0.418635513761E-001  -0.500000000000         6.10765652957     
      408   0.837251360270E-001  -0.500000000000         6.10722612499     
      409   0.125582787326       -0.500000000000         6.10650880649     
      410   0.167434538813       -0.500000000000         6.10550460776     
      411   0.209278424322       -0.500000000000         6.10421357598     
      412   0.251112478031       -0.500000000000         6.10263577181     
      413   0.292934734689       -0.500000000000         6.10077126937     
      414   0.334743229400       -0.500000000000         6.09862015626     
      415   0.376535998069       -0.500000000000         6.09618253353     
      416   0.418311077289       -0.500000000000         6.09345851570     
      417   0.460066504506       -0.500000000000         6.09044823075     
      418   0.501800318046        0.500000000000         6.08715182009     
      419   0.501800318046       -0.450000000000         6.08715182009     
      420   0.501800318046       -0.400000000000         6.08715182009     

 
      421   0.501800318046       -0.350000000000         6.08715182009     
      422   0.501800318046       -0.300000000000         6.08715182009     
      423   0.501800318046       -0.250000000000         6.08715182009     
      424   0.501800318046       -0.200000000000         6.08715182009     
      425   0.501800318046       -0.150000000000         6.08715182009     
      426   0.501800318046       -0.100000000000         6.08715182009     
      427   0.501800318046       -0.500000000000E-001    6.08715182009     
      428   0.501800318046         0.00000000000         6.08715182009     
      429   0.501800318046        0.500000000000E-001    6.08715182009     
      430   0.501800318046        0.100000000000         6.08715182009     
      431   0.501800318046        0.150000000000         6.08715182009     
      432   0.501800318046        0.200000000000         6.08715182009     
      433   0.501800318046        0.250000000000         6.08715182009     
      434   0.501800318046        0.300000000000         6.08715182009     
      435   0.501800318046        0.350000000000         6.08715182009     
      436   0.501800318046        0.400000000000         6.08715182009     
      437   0.501800318046        0.450000000000         6.08715182009     
      438   0.418635513761E-001   0.500000000000         6.10765652957     
      439   0.837251360270E-001   0.500000000000         6.10722612499     
      440   0.125582787326        0.500000000000         6.10650880649     

 
      441   0.167434538813        0.500000000000         6.10550460776     
      442   0.209278424322        0.500000000000         6.10421357598     
      443   0.251112478031        0.500000000000         6.10263577181     
      444   0.292934734689        0.500000000000         6.10077126937     
      445   0.334743229400        0.500000000000         6.09862015626     
      446   0.376535998069        0.500000000000         6.09618253353     
      447   0.418311077289        0.500000000000         6.09345851570     
      448   0.460066504506        0.500000000000         6.09044823075     
      449   0.418635518948E-001  -0.400000000000         6.10765652956     
      450   0.418635518948E-001  -0.300000000000         6.10765652956     
      451   0.418635518948E-001  -0.200000000000         6.10765652956     
      452   0.418635518948E-001  -0.100000000000         6.10765652956     
      453   0.418635518948E-001    0.00000000000         6.10765652956     
      454   0.418635518948E-001   0.100000000000         6.10765652956     
      455   0.418635518948E-001   0.200000000000         6.10765652956     
      456   0.418635518948E-001   0.300000000000         6.10765652956     
      457   0.418635518948E-001   0.400000000000         6.10765652956     
      458   0.837251368518E-001  -0.450000000000         6.10722612496     
      459   0.837251368518E-001  -0.400000000000         6.10722612496     
      460   0.837251368518E-001  -0.350000000000         6.10722612496     

 
      461   0.837251368518E-001  -0.300000000000         6.10722612496     
      462   0.837251368518E-001  -0.250000000000         6.10722612496     
      463   0.837251368518E-001  -0.200000000000         6.10722612496     
      464   0.837251368518E-001  -0.150000000000         6.10722612496     
      465   0.837251368518E-001  -0.100000000000         6.10722612496     
      466   0.837251368518E-001  -0.500000000000E-001    6.10722612496     
      467   0.837251368518E-001    0.00000000000         6.10722612496     
      468   0.837251368518E-001   0.500000000000E-001    6.10722612496     
      469   0.837251368518E-001   0.100000000000         6.10722612496     
      470   0.837251368518E-001   0.150000000000         6.10722612496     
      471   0.837251368518E-001   0.200000000000         6.10722612496     
      472   0.837251368518E-001   0.250000000000         6.10722612496     
      473   0.837251368518E-001   0.300000000000         6.10722612496     
      474   0.837251368518E-001   0.350000000000         6.10722612496     
      475   0.837251368518E-001   0.400000000000         6.10722612496     
      476   0.837251368518E-001   0.450000000000         6.10722612496     
      477   0.125582788280       -0.400000000000         6.10650880645     
      478   0.125582788280       -0.300000000000         6.10650880645     
      479   0.125582788280       -0.200000000000         6.10650880645     
      480   0.125582788280       -0.100000000000         6.10650880645     

 
      481   0.125582788280         0.00000000000         6.10650880645     
      482   0.125582788280        0.100000000000         6.10650880645     
      483   0.125582788280        0.200000000000         6.10650880645     
      484   0.125582788280        0.300000000000         6.10650880645     
      485   0.125582788280        0.400000000000         6.10650880645     
      486   0.167434539754       -0.450000000000         6.10550460772     
      487   0.167434539754       -0.400000000000         6.10550460772     
      488   0.167434539754       -0.350000000000         6.10550460772     
      489   0.167434539754       -0.300000000000         6.10550460772     
      490   0.167434539754       -0.250000000000         6.10550460772     
      491   0.167434539754       -0.200000000000         6.10550460772     
      492   0.167434539754       -0.150000000000         6.10550460772     
      493   0.167434539754       -0.100000000000         6.10550460772     
      494   0.167434539754       -0.500000000000E-001    6.10550460772     
      495   0.167434539754         0.00000000000         6.10550460772     
      496   0.167434539754        0.500000000000E-001    6.10550460772     
      497   0.167434539754        0.100000000000         6.10550460772     
      498   0.167434539754        0.150000000000         6.10550460772     
      499   0.167434539754        0.200000000000         6.10550460772     
      500   0.167434539754        0.250000000000         6.10550460772     

 
      501   0.167434539754        0.300000000000         6.10550460772     
      502   0.167434539754        0.350000000000         6.10550460772     
      503   0.167434539754        0.400000000000         6.10550460772     
      504   0.167434539754        0.450000000000         6.10550460772     
      505   0.209278425145       -0.400000000000         6.10421357595     
      506   0.209278425145       -0.300000000000         6.10421357595     
      507   0.209278425145       -0.200000000000         6.10421357595     
      508   0.209278425145       -0.100000000000         6.10421357595     
      509   0.209278425145         0.00000000000         6.10421357595     
      510   0.209278425145        0.100000000000         6.10421357595     
      511   0.209278425145        0.200000000000         6.10421357595     
      512   0.209278425145        0.300000000000         6.10421357595     
      513   0.209278425145        0.400000000000         6.10421357595     
      514   0.251112478664       -0.450000000000         6.10263577178     
      515   0.251112478664       -0.400000000000         6.10263577178     
      516   0.251112478664       -0.350000000000         6.10263577178     
      517   0.251112478664       -0.300000000000         6.10263577178     
      518   0.251112478664       -0.250000000000         6.10263577178     
      519   0.251112478664       -0.200000000000         6.10263577178     
      520   0.251112478664       -0.150000000000         6.10263577178     

 
      521   0.251112478664       -0.100000000000         6.10263577178     
      522   0.251112478664       -0.500000000000E-001    6.10263577178     
      523   0.251112478664         0.00000000000         6.10263577178     
      524   0.251112478664        0.500000000000E-001    6.10263577178     
      525   0.251112478664        0.100000000000         6.10263577178     
      526   0.251112478664        0.150000000000         6.10263577178     
      527   0.251112478664        0.200000000000         6.10263577178     
      528   0.251112478664        0.250000000000         6.10263577178     
      529   0.251112478664        0.300000000000         6.10263577178     
      530   0.251112478664        0.350000000000         6.10263577178     
      531   0.251112478664        0.400000000000         6.10263577178     
      532   0.251112478664        0.450000000000         6.10263577178     
      533   0.292934735098       -0.400000000000         6.10077126935     
      534   0.292934735098       -0.300000000000         6.10077126935     
      535   0.292934735098       -0.200000000000         6.10077126935     
      536   0.292934735098       -0.100000000000         6.10077126935     
      537   0.292934735098         0.00000000000         6.10077126935     
      538   0.292934735098        0.100000000000         6.10077126935     
      539   0.292934735098        0.200000000000         6.10077126935     
      540   0.292934735098        0.300000000000         6.10077126935     

 
      541   0.292934735098        0.400000000000         6.10077126935     
      542   0.334743229584       -0.450000000000         6.09862015625     
      543   0.334743229584       -0.400000000000         6.09862015625     
      544   0.334743229584       -0.350000000000         6.09862015625     
      545   0.334743229584       -0.300000000000         6.09862015625     
      546   0.334743229584       -0.250000000000         6.09862015625     
      547   0.334743229584       -0.200000000000         6.09862015625     
      548   0.334743229584       -0.150000000000         6.09862015625     
      549   0.334743229584       -0.100000000000         6.09862015625     
      550   0.334743229584       -0.500000000000E-001    6.09862015625     
      551   0.334743229584         0.00000000000         6.09862015625     
      552   0.334743229584        0.500000000000E-001    6.09862015625     
      553   0.334743229584        0.100000000000         6.09862015625     
      554   0.334743229584        0.150000000000         6.09862015625     
      555   0.334743229584        0.200000000000         6.09862015625     
      556   0.334743229584        0.250000000000         6.09862015625     
      557   0.334743229584        0.300000000000         6.09862015625     
      558   0.334743229584        0.350000000000         6.09862015625     
      559   0.334743229584        0.400000000000         6.09862015625     
      560   0.334743229584        0.450000000000         6.09862015625     

 
      561   0.376535998065       -0.400000000000         6.09618253353     
      562   0.376535998065       -0.300000000000         6.09618253353     
      563   0.376535998065       -0.200000000000         6.09618253353     
      564   0.376535998065       -0.100000000000         6.09618253353     
      565   0.376535998065         0.00000000000         6.09618253353     
      566   0.376535998065        0.100000000000         6.09618253353     
      567   0.376535998065        0.200000000000         6.09618253353     
      568   0.376535998065        0.300000000000         6.09618253353     
      569   0.376535998065        0.400000000000         6.09618253353     
      570   0.418311077168       -0.450000000000         6.09345851571     
      571   0.418311077168       -0.400000000000         6.09345851571     
      572   0.418311077168       -0.350000000000         6.09345851571     
      573   0.418311077168       -0.300000000000         6.09345851571     
      574   0.418311077168       -0.250000000000         6.09345851571     
      575   0.418311077168       -0.200000000000         6.09345851571     
      576   0.418311077168       -0.150000000000         6.09345851571     
      577   0.418311077168       -0.100000000000         6.09345851571     
      578   0.418311077168       -0.500000000000E-001    6.09345851571     
      579   0.418311077168         0.00000000000         6.09345851571     
      580   0.418311077168        0.500000000000E-001    6.09345851571     

 
      581   0.418311077168        0.100000000000         6.09345851571     
      582   0.418311077168        0.150000000000         6.09345851571     
      583   0.418311077168        0.200000000000         6.09345851571     
      584   0.418311077168        0.250000000000         6.09345851571     
      585   0.418311077168        0.300000000000         6.09345851571     
      586   0.418311077168        0.350000000000         6.09345851571     
      587   0.418311077168        0.400000000000         6.09345851571     
      588   0.418311077168        0.450000000000         6.09345851571     
      589   0.460066504375       -0.400000000000         6.09044823076     
      590   0.460066504375       -0.300000000000         6.09044823076     
      591   0.460066504375       -0.200000000000         6.09044823076     
      592   0.460066504375       -0.100000000000         6.09044823076     
      593   0.460066504375         0.00000000000         6.09044823076     
      594   0.460066504375        0.100000000000         6.09044823076     
      595   0.460066504375        0.200000000000         6.09044823076     
      596   0.460066504375        0.300000000000         6.09044823076     
      597   0.460066504375        0.400000000000         6.09044823076     
      598    1.00020783893       -0.500000000000         6.02534688785     
      599   0.543510557320       -0.500000000000         6.08356943858     
      600   0.585195262786       -0.500000000000         6.07970125454     

 
      601   0.626852476125       -0.500000000000         6.07554744967     
      602   0.668480240295       -0.500000000000         6.07110821912     
      603   0.710076599653       -0.500000000000         6.06638377146     
      604   0.751639600004       -0.500000000000         6.06137432862     
      605   0.793167288832       -0.500000000000         6.05608012595     
      606   0.834657715079       -0.500000000000         6.05050141217     
      607   0.876108929593       -0.500000000000         6.04463844936     
      608   0.917518985014       -0.500000000000         6.03849151297     
      609   0.958885935934       -0.500000000000         6.03206089176     
      610    1.00020783893        0.500000000000         6.02534688785     
      611    1.00020783893       -0.450000000000         6.02534688785     
      612    1.00020783893       -0.400000000000         6.02534688785     
      613    1.00020783893       -0.350000000000         6.02534688785     
      614    1.00020783893       -0.300000000000         6.02534688785     
      615    1.00020783893       -0.250000000000         6.02534688785     
      616    1.00020783893       -0.200000000000         6.02534688785     
      617    1.00020783893       -0.150000000000         6.02534688785     
      618    1.00020783893       -0.100000000000         6.02534688785     
      619    1.00020783893       -0.500000000000E-001    6.02534688785     
      620    1.00020783893         0.00000000000         6.02534688785     

 
      621    1.00020783893        0.500000000000E-001    6.02534688785     
      622    1.00020783893        0.100000000000         6.02534688785     
      623    1.00020783893        0.150000000000         6.02534688785     
      624    1.00020783893        0.200000000000         6.02534688785     
      625    1.00020783893        0.250000000000         6.02534688785     
      626    1.00020783893        0.300000000000         6.02534688785     
      627    1.00020783893        0.350000000000         6.02534688785     
      628    1.00020783893        0.400000000000         6.02534688785     
      629    1.00020783893        0.450000000000         6.02534688785     
      630   0.543510557320        0.500000000000         6.08356943858     
      631   0.585195262786        0.500000000000         6.07970125454     
      632   0.626852476125        0.500000000000         6.07554744967     
      633   0.668480240295        0.500000000000         6.07110821912     
      634   0.710076599653        0.500000000000         6.06638377146     
      635   0.751639600004        0.500000000000         6.06137432862     
      636   0.793167288832        0.500000000000         6.05608012595     
      637   0.834657715079        0.500000000000         6.05050141217     
      638   0.876108929593        0.500000000000         6.04463844936     
      639   0.917518985014        0.500000000000         6.03849151297     
      640   0.958885935934        0.500000000000         6.03206089176     

 
      641   0.543510557324       -0.400000000000         6.08356943858     
      642   0.543510557324       -0.300000000000         6.08356943858     
      643   0.543510557324       -0.200000000000         6.08356943858     
      644   0.543510557324       -0.100000000000         6.08356943858     
      645   0.543510557324         0.00000000000         6.08356943858     
      646   0.543510557324        0.100000000000         6.08356943858     
      647   0.543510557324        0.200000000000         6.08356943858     
      648   0.543510557324        0.300000000000         6.08356943858     
      649   0.543510557324        0.400000000000         6.08356943858     
      650   0.585195262784       -0.450000000000         6.07970125454     
      651   0.585195262784       -0.400000000000         6.07970125454     
      652   0.585195262784       -0.350000000000         6.07970125454     
      653   0.585195262784       -0.300000000000         6.07970125454     
      654   0.585195262784       -0.250000000000         6.07970125454     
      655   0.585195262784       -0.200000000000         6.07970125454     
      656   0.585195262784       -0.150000000000         6.07970125454     
      657   0.585195262784       -0.100000000000         6.07970125454     
      658   0.585195262784       -0.500000000000E-001    6.07970125454     
      659   0.585195262784         0.00000000000         6.07970125454     
      660   0.585195262784        0.500000000000E-001    6.07970125454     

 
      661   0.585195262784        0.100000000000         6.07970125454     
      662   0.585195262784        0.150000000000         6.07970125454     
      663   0.585195262784        0.200000000000         6.07970125454     
      664   0.585195262784        0.250000000000         6.07970125454     
      665   0.585195262784        0.300000000000         6.07970125454     
      666   0.585195262784        0.350000000000         6.07970125454     
      667   0.585195262784        0.400000000000         6.07970125454     
      668   0.585195262784        0.450000000000         6.07970125454     
      669   0.626852476111       -0.400000000000         6.07554744967     
      670   0.626852476111       -0.300000000000         6.07554744967     
      671   0.626852476111       -0.200000000000         6.07554744967     
      672   0.626852476111       -0.100000000000         6.07554744967     
      673   0.626852476111         0.00000000000         6.07554744967     
      674   0.626852476111        0.100000000000         6.07554744967     
      675   0.626852476111        0.200000000000         6.07554744967     
      676   0.626852476111        0.300000000000         6.07554744967     
      677   0.626852476111        0.400000000000         6.07554744967     
      678   0.668480240265       -0.450000000000         6.07110821913     
      679   0.668480240265       -0.400000000000         6.07110821913     
      680   0.668480240265       -0.350000000000         6.07110821913     

 
      681   0.668480240265       -0.300000000000         6.07110821913     
      682   0.668480240265       -0.250000000000         6.07110821913     
      683   0.668480240265       -0.200000000000         6.07110821913     
      684   0.668480240265       -0.150000000000         6.07110821913     
      685   0.668480240265       -0.100000000000         6.07110821913     
      686   0.668480240265       -0.500000000000E-001    6.07110821913     
      687   0.668480240265         0.00000000000         6.07110821913     
      688   0.668480240265        0.500000000000E-001    6.07110821913     
      689   0.668480240265        0.100000000000         6.07110821913     
      690   0.668480240265        0.150000000000         6.07110821913     
      691   0.668480240265        0.200000000000         6.07110821913     
      692   0.668480240265        0.250000000000         6.07110821913     
      693   0.668480240265        0.300000000000         6.07110821913     
      694   0.668480240265        0.350000000000         6.07110821913     
      695   0.668480240265        0.400000000000         6.07110821913     
      696   0.668480240265        0.450000000000         6.07110821913     
      697   0.710076599604       -0.400000000000         6.06638377147     
      698   0.710076599604       -0.300000000000         6.06638377147     
      699   0.710076599604       -0.200000000000         6.06638377147     
      700   0.710076599604       -0.100000000000         6.06638377147     

 
      701   0.710076599604         0.00000000000         6.06638377147     
      702   0.710076599604        0.100000000000         6.06638377147     
      703   0.710076599604        0.200000000000         6.06638377147     
      704   0.710076599604        0.300000000000         6.06638377147     
      705   0.710076599604        0.400000000000         6.06638377147     
      706   0.751639599938       -0.450000000000         6.06137432863     
      707   0.751639599938       -0.400000000000         6.06137432863     
      708   0.751639599938       -0.350000000000         6.06137432863     
      709   0.751639599938       -0.300000000000         6.06137432863     
      710   0.751639599938       -0.250000000000         6.06137432863     
      711   0.751639599938       -0.200000000000         6.06137432863     
      712   0.751639599938       -0.150000000000         6.06137432863     
      713   0.751639599938       -0.100000000000         6.06137432863     
      714   0.751639599938       -0.500000000000E-001    6.06137432863     
      715   0.751639599938         0.00000000000         6.06137432863     
      716   0.751639599938        0.500000000000E-001    6.06137432863     
      717   0.751639599938        0.100000000000         6.06137432863     
      718   0.751639599938        0.150000000000         6.06137432863     
      719   0.751639599938        0.200000000000         6.06137432863     
      720   0.751639599938        0.250000000000         6.06137432863     

 
      721   0.751639599938        0.300000000000         6.06137432863     
      722   0.751639599938        0.350000000000         6.06137432863     
      723   0.751639599938        0.400000000000         6.06137432863     
      724   0.751639599938        0.450000000000         6.06137432863     
      725   0.793167288752       -0.400000000000         6.05608012596     
      726   0.793167288752       -0.300000000000         6.05608012596     
      727   0.793167288752       -0.200000000000         6.05608012596     
      728   0.793167288752       -0.100000000000         6.05608012596     
      729   0.793167288752         0.00000000000         6.05608012596     
      730   0.793167288752        0.100000000000         6.05608012596     
      731   0.793167288752        0.200000000000         6.05608012596     
      732   0.793167288752        0.300000000000         6.05608012596     
      733   0.793167288752        0.400000000000         6.05608012596     
      734   0.834657714992       -0.450000000000         6.05050141218     
      735   0.834657714992       -0.400000000000         6.05050141218     
      736   0.834657714992       -0.350000000000         6.05050141218     
      737   0.834657714992       -0.300000000000         6.05050141218     
      738   0.834657714992       -0.250000000000         6.05050141218     
      739   0.834657714992       -0.200000000000         6.05050141218     
      740   0.834657714992       -0.150000000000         6.05050141218     

 
      741   0.834657714992       -0.100000000000         6.05050141218     
      742   0.834657714992       -0.500000000000E-001    6.05050141218     
      743   0.834657714992         0.00000000000         6.05050141218     
      744   0.834657714992        0.500000000000E-001    6.05050141218     
      745   0.834657714992        0.100000000000         6.05050141218     
      746   0.834657714992        0.150000000000         6.05050141218     
      747   0.834657714992        0.200000000000         6.05050141218     
      748   0.834657714992        0.250000000000         6.05050141218     
      749   0.834657714992        0.300000000000         6.05050141218     
      750   0.834657714992        0.350000000000         6.05050141218     
      751   0.834657714992        0.400000000000         6.05050141218     
      752   0.834657714992        0.450000000000         6.05050141218     
      753   0.876108929508       -0.400000000000         6.04463844937     
      754   0.876108929508       -0.300000000000         6.04463844937     
      755   0.876108929508       -0.200000000000         6.04463844937     
      756   0.876108929508       -0.100000000000         6.04463844937     
      757   0.876108929508         0.00000000000         6.04463844937     
      758   0.876108929508        0.100000000000         6.04463844937     
      759   0.876108929508        0.200000000000         6.04463844937     
      760   0.876108929508        0.300000000000         6.04463844937     

 
      761   0.876108929508        0.400000000000         6.04463844937     
      762   0.917518984942       -0.450000000000         6.03849151297     
      763   0.917518984942       -0.400000000000         6.03849151297     
      764   0.917518984942       -0.350000000000         6.03849151297     
      765   0.917518984942       -0.300000000000         6.03849151297     
      766   0.917518984942       -0.250000000000         6.03849151297     
      767   0.917518984942       -0.200000000000         6.03849151297     
      768   0.917518984942       -0.150000000000         6.03849151297     
      769   0.917518984942       -0.100000000000         6.03849151297     
      770   0.917518984942       -0.500000000000E-001    6.03849151297     
      771   0.917518984942         0.00000000000         6.03849151297     
      772   0.917518984942        0.500000000000E-001    6.03849151297     
      773   0.917518984942        0.100000000000         6.03849151297     
      774   0.917518984942        0.150000000000         6.03849151297     
      775   0.917518984942        0.200000000000         6.03849151297     
      776   0.917518984942        0.250000000000         6.03849151297     
      777   0.917518984942        0.300000000000         6.03849151297     
      778   0.917518984942        0.350000000000         6.03849151297     
      779   0.917518984942        0.400000000000         6.03849151297     
      780   0.917518984942        0.450000000000         6.03849151297     

 
      781   0.958885935890       -0.400000000000         6.03206089176     
      782   0.958885935890       -0.300000000000         6.03206089176     
      783   0.958885935890       -0.200000000000         6.03206089176     
      784   0.958885935890       -0.100000000000         6.03206089176     
      785   0.958885935890         0.00000000000         6.03206089176     
      786   0.958885935890        0.100000000000         6.03206089176     
      787   0.958885935890        0.200000000000         6.03206089176     
      788   0.958885935890        0.300000000000         6.03206089176     
      789   0.958885935890        0.400000000000         6.03206089176     

