
 

 
        1  -0.999781533759       -0.500000000000         9.34326112472     
        2  -0.500601675702       -0.500000000000         9.38325580608     
        3  -0.958272156686       -0.500000000000         9.34760964277     
        4  -0.916743874430       -0.500000000000         9.35177374773     
        5  -0.875197506346       -0.500000000000         9.35575335742     
        6  -0.833633872056       -0.500000000000         9.35954839335     
        7  -0.792053791527       -0.500000000000         9.36315878063     
        8  -0.750458085059       -0.500000000000         9.36658444806     
        9  -0.708847573264       -0.500000000000         9.36982532803     
       10  -0.667223077054       -0.500000000000         9.37288135662     
       11  -0.625585417620       -0.500000000000         9.37575247354     
       12  -0.583935416422       -0.500000000000         9.37843862214     
       13  -0.542273895168       -0.500000000000         9.38093974943     
       14  -0.500601675702        0.500000000000         9.38325580608     
       15  -0.500601675702       -0.450000000000         9.38325580608     
       16  -0.500601675702       -0.400000000000         9.38325580608     
       17  -0.500601675702       -0.350000000000         9.38325580608     
       18  -0.500601675702       -0.300000000000         9.38325580608     
       19  -0.500601675702       -0.250000000000         9.38325580608     
       20  -0.500601675702       -0.200000000000         9.38325580608     

 
       21  -0.500601675702       -0.150000000000         9.38325580608     
       22  -0.500601675702       -0.100000000000         9.38325580608     
       23  -0.500601675702       -0.500000000000E-001    9.38325580608     
       24  -0.500601675702         0.00000000000         9.38325580608     
       25  -0.500601675702        0.500000000000E-001    9.38325580608     
       26  -0.500601675702        0.100000000000         9.38325580608     
       27  -0.500601675702        0.150000000000         9.38325580608     
       28  -0.500601675702        0.200000000000         9.38325580608     
       29  -0.500601675702        0.250000000000         9.38325580608     
       30  -0.500601675702        0.300000000000         9.38325580608     
       31  -0.500601675702        0.350000000000         9.38325580608     
       32  -0.500601675702        0.400000000000         9.38325580608     
       33  -0.500601675702        0.450000000000         9.38325580608     
       34  -0.999781533759        0.500000000000         9.34326112472     
       35  -0.958272156686        0.500000000000         9.34760964277     
       36  -0.916743874430        0.500000000000         9.35177374773     
       37  -0.875197506346        0.500000000000         9.35575335742     
       38  -0.833633872056        0.500000000000         9.35954839335     
       39  -0.792053791527        0.500000000000         9.36315878063     
       40  -0.750458085059        0.500000000000         9.36658444806     

 
       41  -0.708847573264        0.500000000000         9.36982532803     
       42  -0.667223077054        0.500000000000         9.37288135662     
       43  -0.625585417620        0.500000000000         9.37575247354     
       44  -0.583935416422        0.500000000000         9.37843862214     
       45  -0.542273895168        0.500000000000         9.38093974943     
       46  -0.999781533759       -0.450000000000         9.34326112472     
       47  -0.999781533759       -0.400000000000         9.34326112472     
       48  -0.999781533759       -0.350000000000         9.34326112472     
       49  -0.999781533759       -0.300000000000         9.34326112472     
       50  -0.999781533759       -0.250000000000         9.34326112472     
       51  -0.999781533759       -0.200000000000         9.34326112472     
       52  -0.999781533759       -0.150000000000         9.34326112472     
       53  -0.999781533759       -0.100000000000         9.34326112472     
       54  -0.999781533759       -0.500000000000E-001    9.34326112472     
       55  -0.999781533759         0.00000000000         9.34326112472     
       56  -0.999781533759        0.500000000000E-001    9.34326112472     
       57  -0.999781533759        0.100000000000         9.34326112472     
       58  -0.999781533759        0.150000000000         9.34326112472     
       59  -0.999781533759        0.200000000000         9.34326112472     
       60  -0.999781533759        0.250000000000         9.34326112472     

 
       61  -0.999781533759        0.300000000000         9.34326112472     
       62  -0.999781533759        0.350000000000         9.34326112472     
       63  -0.999781533759        0.400000000000         9.34326112472     
       64  -0.999781533759        0.450000000000         9.34326112472     
       65  -0.958272157021       -0.400000000000         9.34760964274     
       66  -0.958272157021       -0.300000000000         9.34760964274     
       67  -0.958272157021       -0.200000000000         9.34760964274     
       68  -0.958272157021       -0.100000000000         9.34760964274     
       69  -0.958272157021         0.00000000000         9.34760964274     
       70  -0.958272157021        0.100000000000         9.34760964274     
       71  -0.958272157021        0.200000000000         9.34760964274     
       72  -0.958272157021        0.300000000000         9.34760964274     
       73  -0.958272157021        0.400000000000         9.34760964274     
       74  -0.916743874850       -0.450000000000         9.35177374769     
       75  -0.916743874850       -0.400000000000         9.35177374769     
       76  -0.916743874850       -0.350000000000         9.35177374769     
       77  -0.916743874850       -0.300000000000         9.35177374769     
       78  -0.916743874850       -0.250000000000         9.35177374769     
       79  -0.916743874850       -0.200000000000         9.35177374769     
       80  -0.916743874850       -0.150000000000         9.35177374769     

 
       81  -0.916743874850       -0.100000000000         9.35177374769     
       82  -0.916743874850       -0.500000000000E-001    9.35177374769     
       83  -0.916743874850         0.00000000000         9.35177374769     
       84  -0.916743874850        0.500000000000E-001    9.35177374769     
       85  -0.916743874850        0.100000000000         9.35177374769     
       86  -0.916743874850        0.150000000000         9.35177374769     
       87  -0.916743874850        0.200000000000         9.35177374769     
       88  -0.916743874850        0.250000000000         9.35177374769     
       89  -0.916743874850        0.300000000000         9.35177374769     
       90  -0.916743874850        0.350000000000         9.35177374769     
       91  -0.916743874850        0.400000000000         9.35177374769     
       92  -0.916743874850        0.450000000000         9.35177374769     
       93  -0.875197506657       -0.400000000000         9.35575335739     
       94  -0.875197506657       -0.300000000000         9.35575335739     
       95  -0.875197506657       -0.200000000000         9.35575335739     
       96  -0.875197506657       -0.100000000000         9.35575335739     
       97  -0.875197506657         0.00000000000         9.35575335739     
       98  -0.875197506657        0.100000000000         9.35575335739     
       99  -0.875197506657        0.200000000000         9.35575335739     
      100  -0.875197506657        0.300000000000         9.35575335739     

 
      101  -0.875197506657        0.400000000000         9.35575335739     
      102  -0.833633872122       -0.450000000000         9.35954839334     
      103  -0.833633872122       -0.400000000000         9.35954839334     
      104  -0.833633872122       -0.350000000000         9.35954839334     
      105  -0.833633872122       -0.300000000000         9.35954839334     
      106  -0.833633872122       -0.250000000000         9.35954839334     
      107  -0.833633872122       -0.200000000000         9.35954839334     
      108  -0.833633872122       -0.150000000000         9.35954839334     
      109  -0.833633872122       -0.100000000000         9.35954839334     
      110  -0.833633872122       -0.500000000000E-001    9.35954839334     
      111  -0.833633872122         0.00000000000         9.35954839334     
      112  -0.833633872122        0.500000000000E-001    9.35954839334     
      113  -0.833633872122        0.100000000000         9.35954839334     
      114  -0.833633872122        0.150000000000         9.35954839334     
      115  -0.833633872122        0.200000000000         9.35954839334     
      116  -0.833633872122        0.250000000000         9.35954839334     
      117  -0.833633872122        0.300000000000         9.35954839334     
      118  -0.833633872122        0.350000000000         9.35954839334     
      119  -0.833633872122        0.400000000000         9.35954839334     
      120  -0.833633872122        0.450000000000         9.35954839334     

 
      121  -0.792053791269       -0.400000000000         9.36315878065     
      122  -0.792053791269       -0.300000000000         9.36315878065     
      123  -0.792053791269       -0.200000000000         9.36315878065     
      124  -0.792053791269       -0.100000000000         9.36315878065     
      125  -0.792053791269         0.00000000000         9.36315878065     
      126  -0.792053791269        0.100000000000         9.36315878065     
      127  -0.792053791269        0.200000000000         9.36315878065     
      128  -0.792053791269        0.300000000000         9.36315878065     
      129  -0.792053791269        0.400000000000         9.36315878065     
      130  -0.750458084453       -0.450000000000         9.36658444810     
      131  -0.750458084453       -0.400000000000         9.36658444810     
      132  -0.750458084453       -0.350000000000         9.36658444810     
      133  -0.750458084453       -0.300000000000         9.36658444810     
      134  -0.750458084453       -0.250000000000         9.36658444810     
      135  -0.750458084453       -0.200000000000         9.36658444810     
      136  -0.750458084453       -0.150000000000         9.36658444810     
      137  -0.750458084453       -0.100000000000         9.36658444810     
      138  -0.750458084453       -0.500000000000E-001    9.36658444810     
      139  -0.750458084453         0.00000000000         9.36658444810     
      140  -0.750458084453        0.500000000000E-001    9.36658444810     

 
      141  -0.750458084453        0.100000000000         9.36658444810     
      142  -0.750458084453        0.150000000000         9.36658444810     
      143  -0.750458084453        0.200000000000         9.36658444810     
      144  -0.750458084453        0.250000000000         9.36658444810     
      145  -0.750458084453        0.300000000000         9.36658444810     
      146  -0.750458084453        0.350000000000         9.36658444810     
      147  -0.750458084453        0.400000000000         9.36658444810     
      148  -0.750458084453        0.450000000000         9.36658444810     
      149  -0.708847572343       -0.400000000000         9.36982532810     
      150  -0.708847572343       -0.300000000000         9.36982532810     
      151  -0.708847572343       -0.200000000000         9.36982532810     
      152  -0.708847572343       -0.100000000000         9.36982532810     
      153  -0.708847572343         0.00000000000         9.36982532810     
      154  -0.708847572343        0.100000000000         9.36982532810     
      155  -0.708847572343        0.200000000000         9.36982532810     
      156  -0.708847572343        0.300000000000         9.36982532810     
      157  -0.708847572343        0.400000000000         9.36982532810     
      158  -0.667223075908       -0.450000000000         9.37288135671     
      159  -0.667223075908       -0.400000000000         9.37288135671     
      160  -0.667223075908       -0.350000000000         9.37288135671     

 
      161  -0.667223075908       -0.300000000000         9.37288135671     
      162  -0.667223075908       -0.250000000000         9.37288135671     
      163  -0.667223075908       -0.200000000000         9.37288135671     
      164  -0.667223075908       -0.150000000000         9.37288135671     
      165  -0.667223075908       -0.100000000000         9.37288135671     
      166  -0.667223075908       -0.500000000000E-001    9.37288135671     
      167  -0.667223075908         0.00000000000         9.37288135671     
      168  -0.667223075908        0.500000000000E-001    9.37288135671     
      169  -0.667223075908        0.100000000000         9.37288135671     
      170  -0.667223075908        0.150000000000         9.37288135671     
      171  -0.667223075908        0.200000000000         9.37288135671     
      172  -0.667223075908        0.250000000000         9.37288135671     
      173  -0.667223075908        0.300000000000         9.37288135671     
      174  -0.667223075908        0.350000000000         9.37288135671     
      175  -0.667223075908        0.400000000000         9.37288135671     
      176  -0.667223075908        0.450000000000         9.37288135671     
      177  -0.625585416397       -0.400000000000         9.37575247363     
      178  -0.625585416397       -0.300000000000         9.37575247363     
      179  -0.625585416397       -0.200000000000         9.37575247363     
      180  -0.625585416397       -0.100000000000         9.37575247363     

 
      181  -0.625585416397         0.00000000000         9.37575247363     
      182  -0.625585416397        0.100000000000         9.37575247363     
      183  -0.625585416397        0.200000000000         9.37575247363     
      184  -0.625585416397        0.300000000000         9.37575247363     
      185  -0.625585416397        0.400000000000         9.37575247363     
      186  -0.583935415327       -0.450000000000         9.37843862222     
      187  -0.583935415327       -0.400000000000         9.37843862222     
      188  -0.583935415327       -0.350000000000         9.37843862222     
      189  -0.583935415327       -0.300000000000         9.37843862222     
      190  -0.583935415327       -0.250000000000         9.37843862222     
      191  -0.583935415327       -0.200000000000         9.37843862222     
      192  -0.583935415327       -0.150000000000         9.37843862222     
      193  -0.583935415327       -0.100000000000         9.37843862222     
      194  -0.583935415327       -0.500000000000E-001    9.37843862222     
      195  -0.583935415327         0.00000000000         9.37843862222     
      196  -0.583935415327        0.500000000000E-001    9.37843862222     
      197  -0.583935415327        0.100000000000         9.37843862222     
      198  -0.583935415327        0.150000000000         9.37843862222     
      199  -0.583935415327        0.200000000000         9.37843862222     
      200  -0.583935415327        0.250000000000         9.37843862222     

 
      201  -0.583935415327        0.300000000000         9.37843862222     
      202  -0.583935415327        0.350000000000         9.37843862222     
      203  -0.583935415327        0.400000000000         9.37843862222     
      204  -0.583935415327        0.450000000000         9.37843862222     
      205  -0.542273894462       -0.400000000000         9.38093974948     
      206  -0.542273894462       -0.300000000000         9.38093974948     
      207  -0.542273894462       -0.200000000000         9.38093974948     
      208  -0.542273894462       -0.100000000000         9.38093974948     
      209  -0.542273894462         0.00000000000         9.38093974948     
      210  -0.542273894462        0.100000000000         9.38093974948     
      211  -0.542273894462        0.200000000000         9.38093974948     
      212  -0.542273894462        0.300000000000         9.38093974948     
      213  -0.542273894462        0.400000000000         9.38093974948     
      214    0.00000000000       -0.500000000000         9.39660000000     
      215  -0.458919580173       -0.500000000000         9.38538674638     
      216  -0.417228430873       -0.500000000000         9.38733252829     
      217  -0.375529050370       -0.500000000000         9.38909311342     
      218  -0.333822261306       -0.500000000000         9.39066846704     
      219  -0.292108886472       -0.500000000000         9.39205855808     
      220  -0.250389748798       -0.500000000000         9.39326335912     

 
      221  -0.208665671329       -0.500000000000         9.39428284637     
      222  -0.166937477219       -0.500000000000         9.39511699974     
      223  -0.125205989705       -0.500000000000         9.39576580277     
      224  -0.834720320977E-001  -0.500000000000         9.39622924264     
      225  -0.417364277614E-001  -0.500000000000         9.39650731021     
      226    0.00000000000        0.500000000000         9.39660000000     
      227    0.00000000000       -0.450000000000         9.39660000000     
      228    0.00000000000       -0.400000000000         9.39660000000     
      229    0.00000000000       -0.350000000000         9.39660000000     
      230    0.00000000000       -0.300000000000         9.39660000000     
      231    0.00000000000       -0.250000000000         9.39660000000     
      232    0.00000000000       -0.200000000000         9.39660000000     
      233    0.00000000000       -0.150000000000         9.39660000000     
      234    0.00000000000       -0.100000000000         9.39660000000     
      235    0.00000000000       -0.500000000000E-001    9.39660000000     
      236    0.00000000000         0.00000000000         9.39660000000     
      237    0.00000000000        0.500000000000E-001    9.39660000000     
      238    0.00000000000        0.100000000000         9.39660000000     
      239    0.00000000000        0.150000000000         9.39660000000     
      240    0.00000000000        0.200000000000         9.39660000000     

 
      241    0.00000000000        0.250000000000         9.39660000000     
      242    0.00000000000        0.300000000000         9.39660000000     
      243    0.00000000000        0.350000000000         9.39660000000     
      244    0.00000000000        0.400000000000         9.39660000000     
      245    0.00000000000        0.450000000000         9.39660000000     
      246  -0.458919580173        0.500000000000         9.38538674638     
      247  -0.417228430873        0.500000000000         9.38733252829     
      248  -0.375529050370        0.500000000000         9.38909311342     
      249  -0.333822261306        0.500000000000         9.39066846704     
      250  -0.292108886472        0.500000000000         9.39205855808     
      251  -0.250389748798        0.500000000000         9.39326335912     
      252  -0.208665671329        0.500000000000         9.39428284637     
      253  -0.166937477219        0.500000000000         9.39511699974     
      254  -0.125205989705        0.500000000000         9.39576580277     
      255  -0.834720320977E-001   0.500000000000         9.39622924264     
      256  -0.417364277614E-001   0.500000000000         9.39650731021     
      257  -0.458919579252       -0.400000000000         9.38538674641     
      258  -0.458919579252       -0.300000000000         9.38538674641     
      259  -0.458919579252       -0.200000000000         9.38538674641     
      260  -0.458919579252       -0.100000000000         9.38538674641     

 
      261  -0.458919579252         0.00000000000         9.38538674641     
      262  -0.458919579252        0.100000000000         9.38538674641     
      263  -0.458919579252        0.200000000000         9.38538674641     
      264  -0.458919579252        0.300000000000         9.38538674641     
      265  -0.458919579252        0.400000000000         9.38538674641     
      266  -0.417228429584       -0.450000000000         9.38733252834     
      267  -0.417228429584       -0.400000000000         9.38733252834     
      268  -0.417228429584       -0.350000000000         9.38733252834     
      269  -0.417228429584       -0.300000000000         9.38733252834     
      270  -0.417228429584       -0.250000000000         9.38733252834     
      271  -0.417228429584       -0.200000000000         9.38733252834     
      272  -0.417228429584       -0.150000000000         9.38733252834     
      273  -0.417228429584       -0.100000000000         9.38733252834     
      274  -0.417228429584       -0.500000000000E-001    9.38733252834     
      275  -0.417228429584         0.00000000000         9.38733252834     
      276  -0.417228429584        0.500000000000E-001    9.38733252834     
      277  -0.417228429584        0.100000000000         9.38733252834     
      278  -0.417228429584        0.150000000000         9.38733252834     
      279  -0.417228429584        0.200000000000         9.38733252834     
      280  -0.417228429584        0.250000000000         9.38733252834     

 
      281  -0.417228429584        0.300000000000         9.38733252834     
      282  -0.417228429584        0.350000000000         9.38733252834     
      283  -0.417228429584        0.400000000000         9.38733252834     
      284  -0.417228429584        0.450000000000         9.38733252834     
      285  -0.375529049151       -0.400000000000         9.38909311346     
      286  -0.375529049151       -0.300000000000         9.38909311346     
      287  -0.375529049151       -0.200000000000         9.38909311346     
      288  -0.375529049151       -0.100000000000         9.38909311346     
      289  -0.375529049151         0.00000000000         9.38909311346     
      290  -0.375529049151        0.100000000000         9.38909311346     
      291  -0.375529049151        0.200000000000         9.38909311346     
      292  -0.375529049151        0.300000000000         9.38909311346     
      293  -0.375529049151        0.400000000000         9.38909311346     
      294  -0.333822260479       -0.450000000000         9.39066846707     
      295  -0.333822260479       -0.400000000000         9.39066846707     
      296  -0.333822260479       -0.350000000000         9.39066846707     
      297  -0.333822260479       -0.300000000000         9.39066846707     
      298  -0.333822260479       -0.250000000000         9.39066846707     
      299  -0.333822260479       -0.200000000000         9.39066846707     
      300  -0.333822260479       -0.150000000000         9.39066846707     

 
      301  -0.333822260479       -0.100000000000         9.39066846707     
      302  -0.333822260479       -0.500000000000E-001    9.39066846707     
      303  -0.333822260479         0.00000000000         9.39066846707     
      304  -0.333822260479        0.500000000000E-001    9.39066846707     
      305  -0.333822260479        0.100000000000         9.39066846707     
      306  -0.333822260479        0.150000000000         9.39066846707     
      307  -0.333822260479        0.200000000000         9.39066846707     
      308  -0.333822260479        0.250000000000         9.39066846707     
      309  -0.333822260479        0.300000000000         9.39066846707     
      310  -0.333822260479        0.350000000000         9.39066846707     
      311  -0.333822260479        0.400000000000         9.39066846707     
      312  -0.333822260479        0.450000000000         9.39066846707     
      313  -0.292108886243       -0.400000000000         9.39205855809     
      314  -0.292108886243       -0.300000000000         9.39205855809     
      315  -0.292108886243       -0.200000000000         9.39205855809     
      316  -0.292108886243       -0.100000000000         9.39205855809     
      317  -0.292108886243         0.00000000000         9.39205855809     
      318  -0.292108886243        0.100000000000         9.39205855809     
      319  -0.292108886243        0.200000000000         9.39205855809     
      320  -0.292108886243        0.300000000000         9.39205855809     

 
      321  -0.292108886243        0.400000000000         9.39205855809     
      322  -0.250389749257       -0.450000000000         9.39326335910     
      323  -0.250389749257       -0.400000000000         9.39326335910     
      324  -0.250389749257       -0.350000000000         9.39326335910     
      325  -0.250389749257       -0.300000000000         9.39326335910     
      326  -0.250389749257       -0.250000000000         9.39326335910     
      327  -0.250389749257       -0.200000000000         9.39326335910     
      328  -0.250389749257       -0.150000000000         9.39326335910     
      329  -0.250389749257       -0.100000000000         9.39326335910     
      330  -0.250389749257       -0.500000000000E-001    9.39326335910     
      331  -0.250389749257         0.00000000000         9.39326335910     
      332  -0.250389749257        0.500000000000E-001    9.39326335910     
      333  -0.250389749257        0.100000000000         9.39326335910     
      334  -0.250389749257        0.150000000000         9.39326335910     
      335  -0.250389749257        0.200000000000         9.39326335910     
      336  -0.250389749257        0.250000000000         9.39326335910     
      337  -0.250389749257        0.300000000000         9.39326335910     
      338  -0.250389749257        0.350000000000         9.39326335910     
      339  -0.250389749257        0.400000000000         9.39326335910     
      340  -0.250389749257        0.450000000000         9.39326335910     

 
      341  -0.208665672451       -0.400000000000         9.39428284634     
      342  -0.208665672451       -0.300000000000         9.39428284634     
      343  -0.208665672451       -0.200000000000         9.39428284634     
      344  -0.208665672451       -0.100000000000         9.39428284634     
      345  -0.208665672451         0.00000000000         9.39428284634     
      346  -0.208665672451        0.100000000000         9.39428284634     
      347  -0.208665672451        0.200000000000         9.39428284634     
      348  -0.208665672451        0.300000000000         9.39428284634     
      349  -0.208665672451        0.400000000000         9.39428284634     
      350  -0.166937478863       -0.450000000000         9.39511699970     
      351  -0.166937478863       -0.400000000000         9.39511699970     
      352  -0.166937478863       -0.350000000000         9.39511699970     
      353  -0.166937478863       -0.300000000000         9.39511699970     
      354  -0.166937478863       -0.250000000000         9.39511699970     
      355  -0.166937478863       -0.200000000000         9.39511699970     
      356  -0.166937478863       -0.150000000000         9.39511699970     
      357  -0.166937478863       -0.100000000000         9.39511699970     
      358  -0.166937478863       -0.500000000000E-001    9.39511699970     
      359  -0.166937478863         0.00000000000         9.39511699970     
      360  -0.166937478863        0.500000000000E-001    9.39511699970     

 
      361  -0.166937478863        0.100000000000         9.39511699970     
      362  -0.166937478863        0.150000000000         9.39511699970     
      363  -0.166937478863        0.200000000000         9.39511699970     
      364  -0.166937478863        0.250000000000         9.39511699970     
      365  -0.166937478863        0.300000000000         9.39511699970     
      366  -0.166937478863        0.350000000000         9.39511699970     
      367  -0.166937478863        0.400000000000         9.39511699970     
      368  -0.166937478863        0.450000000000         9.39511699970     
      369  -0.125205991613       -0.400000000000         9.39576580273     
      370  -0.125205991613       -0.300000000000         9.39576580273     
      371  -0.125205991613       -0.200000000000         9.39576580273     
      372  -0.125205991613       -0.100000000000         9.39576580273     
      373  -0.125205991613         0.00000000000         9.39576580273     
      374  -0.125205991613        0.100000000000         9.39576580273     
      375  -0.125205991613        0.200000000000         9.39576580273     
      376  -0.125205991613        0.300000000000         9.39576580273     
      377  -0.125205991613        0.400000000000         9.39576580273     
      378  -0.834720338973E-001  -0.450000000000         9.39622924260     
      379  -0.834720338973E-001  -0.400000000000         9.39622924260     
      380  -0.834720338973E-001  -0.350000000000         9.39622924260     

 
      381  -0.834720338973E-001  -0.300000000000         9.39622924260     
      382  -0.834720338973E-001  -0.250000000000         9.39622924260     
      383  -0.834720338973E-001  -0.200000000000         9.39622924260     
      384  -0.834720338973E-001  -0.150000000000         9.39622924260     
      385  -0.834720338973E-001  -0.100000000000         9.39622924260     
      386  -0.834720338973E-001  -0.500000000000E-001    9.39622924260     
      387  -0.834720338973E-001    0.00000000000         9.39622924260     
      388  -0.834720338973E-001   0.500000000000E-001    9.39622924260     
      389  -0.834720338973E-001   0.100000000000         9.39622924260     
      390  -0.834720338973E-001   0.150000000000         9.39622924260     
      391  -0.834720338973E-001   0.200000000000         9.39622924260     
      392  -0.834720338973E-001   0.250000000000         9.39622924260     
      393  -0.834720338973E-001   0.300000000000         9.39622924260     
      394  -0.834720338973E-001   0.350000000000         9.39622924260     
      395  -0.834720338973E-001   0.400000000000         9.39622924260     
      396  -0.834720338973E-001   0.450000000000         9.39622924260     
      397  -0.417364289635E-001  -0.400000000000         9.39650731019     
      398  -0.417364289635E-001  -0.300000000000         9.39650731019     
      399  -0.417364289635E-001  -0.200000000000         9.39650731019     
      400  -0.417364289635E-001  -0.100000000000         9.39650731019     

 
      401  -0.417364289635E-001    0.00000000000         9.39650731019     
      402  -0.417364289635E-001   0.100000000000         9.39650731019     
      403  -0.417364289635E-001   0.200000000000         9.39650731019     
      404  -0.417364289635E-001   0.300000000000         9.39650731019     
      405  -0.417364289635E-001   0.400000000000         9.39650731019     
      406   0.500601675702       -0.500000000000         9.38325580608     
      407   0.417364277675E-001  -0.500000000000         9.39650731018     
      408   0.834720321799E-001  -0.500000000000         9.39622924260     
      409   0.125205989790       -0.500000000000         9.39576580273     
      410   0.166937477275       -0.500000000000         9.39511699972     
      411   0.208665671356       -0.500000000000         9.39428284636     
      412   0.250389748813       -0.500000000000         9.39326335912     
      413   0.292108886500       -0.500000000000         9.39205855809     
      414   0.333822261363       -0.500000000000         9.39066846705     
      415   0.375529050456       -0.500000000000         9.38909311343     
      416   0.417228430955       -0.500000000000         9.38733252829     
      417   0.458919580180       -0.500000000000         9.38538674638     
      418   0.500601675702        0.500000000000         9.38325580608     
      419   0.500601675702       -0.450000000000         9.38325580608     
      420   0.500601675702       -0.400000000000         9.38325580608     

 
      421   0.500601675702       -0.350000000000         9.38325580608     
      422   0.500601675702       -0.300000000000         9.38325580608     
      423   0.500601675702       -0.250000000000         9.38325580608     
      424   0.500601675702       -0.200000000000         9.38325580608     
      425   0.500601675702       -0.150000000000         9.38325580608     
      426   0.500601675702       -0.100000000000         9.38325580608     
      427   0.500601675702       -0.500000000000E-001    9.38325580608     
      428   0.500601675702         0.00000000000         9.38325580608     
      429   0.500601675702        0.500000000000E-001    9.38325580608     
      430   0.500601675702        0.100000000000         9.38325580608     
      431   0.500601675702        0.150000000000         9.38325580608     
      432   0.500601675702        0.200000000000         9.38325580608     
      433   0.500601675702        0.250000000000         9.38325580608     
      434   0.500601675702        0.300000000000         9.38325580608     
      435   0.500601675702        0.350000000000         9.38325580608     
      436   0.500601675702        0.400000000000         9.38325580608     
      437   0.500601675702        0.450000000000         9.38325580608     
      438   0.417364277675E-001   0.500000000000         9.39650731018     
      439   0.834720321799E-001   0.500000000000         9.39622924260     
      440   0.125205989790        0.500000000000         9.39576580273     

 
      441   0.166937477275        0.500000000000         9.39511699972     
      442   0.208665671356        0.500000000000         9.39428284636     
      443   0.250389748813        0.500000000000         9.39326335912     
      444   0.292108886500        0.500000000000         9.39205855809     
      445   0.333822261363        0.500000000000         9.39066846705     
      446   0.375529050456        0.500000000000         9.38909311343     
      447   0.417228430955        0.500000000000         9.38733252829     
      448   0.458919580180        0.500000000000         9.38538674638     
      449   0.417364268957E-001  -0.400000000000         9.39650731020     
      450   0.417364268957E-001  -0.300000000000         9.39650731020     
      451   0.417364268957E-001  -0.200000000000         9.39650731020     
      452   0.417364268957E-001  -0.100000000000         9.39650731020     
      453   0.417364268957E-001    0.00000000000         9.39650731020     
      454   0.417364268957E-001   0.100000000000         9.39650731020     
      455   0.417364268957E-001   0.200000000000         9.39650731020     
      456   0.417364268957E-001   0.300000000000         9.39650731020     
      457   0.417364268957E-001   0.400000000000         9.39650731020     
      458   0.834720306807E-001  -0.450000000000         9.39622924263     
      459   0.834720306807E-001  -0.400000000000         9.39622924263     
      460   0.834720306807E-001  -0.350000000000         9.39622924263     

 
      461   0.834720306807E-001  -0.300000000000         9.39622924263     
      462   0.834720306807E-001  -0.250000000000         9.39622924263     
      463   0.834720306807E-001  -0.200000000000         9.39622924263     
      464   0.834720306807E-001  -0.150000000000         9.39622924263     
      465   0.834720306807E-001  -0.100000000000         9.39622924263     
      466   0.834720306807E-001  -0.500000000000E-001    9.39622924263     
      467   0.834720306807E-001    0.00000000000         9.39622924263     
      468   0.834720306807E-001   0.500000000000E-001    9.39622924263     
      469   0.834720306807E-001   0.100000000000         9.39622924263     
      470   0.834720306807E-001   0.150000000000         9.39622924263     
      471   0.834720306807E-001   0.200000000000         9.39622924263     
      472   0.834720306807E-001   0.250000000000         9.39622924263     
      473   0.834720306807E-001   0.300000000000         9.39622924263     
      474   0.834720306807E-001   0.350000000000         9.39622924263     
      475   0.834720306807E-001   0.400000000000         9.39622924263     
      476   0.834720306807E-001   0.450000000000         9.39622924263     
      477   0.125205987882       -0.400000000000         9.39576580277     
      478   0.125205987882       -0.300000000000         9.39576580277     
      479   0.125205987882       -0.200000000000         9.39576580277     
      480   0.125205987882       -0.100000000000         9.39576580277     

 
      481   0.125205987882         0.00000000000         9.39576580277     
      482   0.125205987882        0.100000000000         9.39576580277     
      483   0.125205987882        0.200000000000         9.39576580277     
      484   0.125205987882        0.300000000000         9.39576580277     
      485   0.125205987882        0.400000000000         9.39576580277     
      486   0.166937475151       -0.450000000000         9.39511699977     
      487   0.166937475151       -0.400000000000         9.39511699977     
      488   0.166937475151       -0.350000000000         9.39511699977     
      489   0.166937475151       -0.300000000000         9.39511699977     
      490   0.166937475151       -0.250000000000         9.39511699977     
      491   0.166937475151       -0.200000000000         9.39511699977     
      492   0.166937475151       -0.150000000000         9.39511699977     
      493   0.166937475151       -0.100000000000         9.39511699977     
      494   0.166937475151       -0.500000000000E-001    9.39511699977     
      495   0.166937475151         0.00000000000         9.39511699977     
      496   0.166937475151        0.500000000000E-001    9.39511699977     
      497   0.166937475151        0.100000000000         9.39511699977     
      498   0.166937475151        0.150000000000         9.39511699977     
      499   0.166937475151        0.200000000000         9.39511699977     
      500   0.166937475151        0.250000000000         9.39511699977     

 
      501   0.166937475151        0.300000000000         9.39511699977     
      502   0.166937475151        0.350000000000         9.39511699977     
      503   0.166937475151        0.400000000000         9.39511699977     
      504   0.166937475151        0.450000000000         9.39511699977     
      505   0.208665669183       -0.400000000000         9.39428284642     
      506   0.208665669183       -0.300000000000         9.39428284642     
      507   0.208665669183       -0.200000000000         9.39428284642     
      508   0.208665669183       -0.100000000000         9.39428284642     
      509   0.208665669183         0.00000000000         9.39428284642     
      510   0.208665669183        0.100000000000         9.39428284642     
      511   0.208665669183        0.200000000000         9.39428284642     
      512   0.208665669183        0.300000000000         9.39428284642     
      513   0.208665669183        0.400000000000         9.39428284642     
      514   0.250389746732       -0.450000000000         9.39326335917     
      515   0.250389746732       -0.400000000000         9.39326335917     
      516   0.250389746732       -0.350000000000         9.39326335917     
      517   0.250389746732       -0.300000000000         9.39326335917     
      518   0.250389746732       -0.250000000000         9.39326335917     
      519   0.250389746732       -0.200000000000         9.39326335917     
      520   0.250389746732       -0.150000000000         9.39326335917     

 
      521   0.250389746732       -0.100000000000         9.39326335917     
      522   0.250389746732       -0.500000000000E-001    9.39326335917     
      523   0.250389746732         0.00000000000         9.39326335917     
      524   0.250389746732        0.500000000000E-001    9.39326335917     
      525   0.250389746732        0.100000000000         9.39326335917     
      526   0.250389746732        0.150000000000         9.39326335917     
      527   0.250389746732        0.200000000000         9.39326335917     
      528   0.250389746732        0.250000000000         9.39326335917     
      529   0.250389746732        0.300000000000         9.39326335917     
      530   0.250389746732        0.350000000000         9.39326335917     
      531   0.250389746732        0.400000000000         9.39326335917     
      532   0.250389746732        0.450000000000         9.39326335917     
      533   0.292108884627       -0.400000000000         9.39205855814     
      534   0.292108884627       -0.300000000000         9.39205855814     
      535   0.292108884627       -0.200000000000         9.39205855814     
      536   0.292108884627       -0.100000000000         9.39205855814     
      537   0.292108884627         0.00000000000         9.39205855814     
      538   0.292108884627        0.100000000000         9.39205855814     
      539   0.292108884627        0.200000000000         9.39205855814     
      540   0.292108884627        0.300000000000         9.39205855814     

 
      541   0.292108884627        0.400000000000         9.39205855814     
      542   0.333822259788       -0.450000000000         9.39066846709     
      543   0.333822259788       -0.400000000000         9.39066846709     
      544   0.333822259788       -0.350000000000         9.39066846709     
      545   0.333822259788       -0.300000000000         9.39066846709     
      546   0.333822259788       -0.250000000000         9.39066846709     
      547   0.333822259788       -0.200000000000         9.39066846709     
      548   0.333822259788       -0.150000000000         9.39066846709     
      549   0.333822259788       -0.100000000000         9.39066846709     
      550   0.333822259788       -0.500000000000E-001    9.39066846709     
      551   0.333822259788         0.00000000000         9.39066846709     
      552   0.333822259788        0.500000000000E-001    9.39066846709     
      553   0.333822259788        0.100000000000         9.39066846709     
      554   0.333822259788        0.150000000000         9.39066846709     
      555   0.333822259788        0.200000000000         9.39066846709     
      556   0.333822259788        0.250000000000         9.39066846709     
      557   0.333822259788        0.300000000000         9.39066846709     
      558   0.333822259788        0.350000000000         9.39066846709     
      559   0.333822259788        0.400000000000         9.39066846709     
      560   0.333822259788        0.450000000000         9.39066846709     

 
      561   0.375529049243       -0.400000000000         9.38909311346     
      562   0.375529049243       -0.300000000000         9.38909311346     
      563   0.375529049243       -0.200000000000         9.38909311346     
      564   0.375529049243       -0.100000000000         9.38909311346     
      565   0.375529049243         0.00000000000         9.38909311346     
      566   0.375529049243        0.100000000000         9.38909311346     
      567   0.375529049243        0.200000000000         9.38909311346     
      568   0.375529049243        0.300000000000         9.38909311346     
      569   0.375529049243        0.400000000000         9.38909311346     
      570   0.417228430142       -0.450000000000         9.38733252831     
      571   0.417228430142       -0.400000000000         9.38733252831     
      572   0.417228430142       -0.350000000000         9.38733252831     
      573   0.417228430142       -0.300000000000         9.38733252831     
      574   0.417228430142       -0.250000000000         9.38733252831     
      575   0.417228430142       -0.200000000000         9.38733252831     
      576   0.417228430142       -0.150000000000         9.38733252831     
      577   0.417228430142       -0.100000000000         9.38733252831     
      578   0.417228430142       -0.500000000000E-001    9.38733252831     
      579   0.417228430142         0.00000000000         9.38733252831     
      580   0.417228430142        0.500000000000E-001    9.38733252831     

 
      581   0.417228430142        0.100000000000         9.38733252831     
      582   0.417228430142        0.150000000000         9.38733252831     
      583   0.417228430142        0.200000000000         9.38733252831     
      584   0.417228430142        0.250000000000         9.38733252831     
      585   0.417228430142        0.300000000000         9.38733252831     
      586   0.417228430142        0.350000000000         9.38733252831     
      587   0.417228430142        0.400000000000         9.38733252831     
      588   0.417228430142        0.450000000000         9.38733252831     
      589   0.458919579780       -0.400000000000         9.38538674639     
      590   0.458919579780       -0.300000000000         9.38538674639     
      591   0.458919579780       -0.200000000000         9.38538674639     
      592   0.458919579780       -0.100000000000         9.38538674639     
      593   0.458919579780         0.00000000000         9.38538674639     
      594   0.458919579780        0.100000000000         9.38538674639     
      595   0.458919579780        0.200000000000         9.38538674639     
      596   0.458919579780        0.300000000000         9.38538674639     
      597   0.458919579780        0.400000000000         9.38538674639     
      598   0.999781533759       -0.500000000000         9.34326112472     
      599   0.542273895174       -0.500000000000         9.38093974943     
      600   0.583935416504       -0.500000000000         9.37843862213     

 
      601   0.625585417704       -0.500000000000         9.37575247353     
      602   0.667223077109       -0.500000000000         9.37288135662     
      603   0.708847573291       -0.500000000000         9.36982532803     
      604   0.750458085074       -0.500000000000         9.36658444806     
      605   0.792053791554       -0.500000000000         9.36315878063     
      606   0.833633872111       -0.500000000000         9.35954839334     
      607   0.875197506430       -0.500000000000         9.35575335741     
      608   0.916743874511       -0.500000000000         9.35177374772     
      609   0.958272156692       -0.500000000000         9.34760964277     
      610   0.999781533759        0.500000000000         9.34326112472     
      611   0.999781533759       -0.450000000000         9.34326112472     
      612   0.999781533759       -0.400000000000         9.34326112472     
      613   0.999781533759       -0.350000000000         9.34326112472     
      614   0.999781533759       -0.300000000000         9.34326112472     
      615   0.999781533759       -0.250000000000         9.34326112472     
      616   0.999781533759       -0.200000000000         9.34326112472     
      617   0.999781533759       -0.150000000000         9.34326112472     
      618   0.999781533759       -0.100000000000         9.34326112472     
      619   0.999781533759       -0.500000000000E-001    9.34326112472     
      620   0.999781533759         0.00000000000         9.34326112472     

 
      621   0.999781533759        0.500000000000E-001    9.34326112472     
      622   0.999781533759        0.100000000000         9.34326112472     
      623   0.999781533759        0.150000000000         9.34326112472     
      624   0.999781533759        0.200000000000         9.34326112472     
      625   0.999781533759        0.250000000000         9.34326112472     
      626   0.999781533759        0.300000000000         9.34326112472     
      627   0.999781533759        0.350000000000         9.34326112472     
      628   0.999781533759        0.400000000000         9.34326112472     
      629   0.999781533759        0.450000000000         9.34326112472     
      630   0.542273895174        0.500000000000         9.38093974943     
      631   0.583935416504        0.500000000000         9.37843862213     
      632   0.625585417704        0.500000000000         9.37575247353     
      633   0.667223077109        0.500000000000         9.37288135662     
      634   0.708847573291        0.500000000000         9.36982532803     
      635   0.750458085074        0.500000000000         9.36658444806     
      636   0.792053791554        0.500000000000         9.36315878063     
      637   0.833633872111        0.500000000000         9.35954839334     
      638   0.875197506430        0.500000000000         9.35575335741     
      639   0.916743874511        0.500000000000         9.35177374772     
      640   0.958272156692        0.500000000000         9.34760964277     

 
      641   0.542273894475       -0.400000000000         9.38093974948     
      642   0.542273894475       -0.300000000000         9.38093974948     
      643   0.542273894475       -0.200000000000         9.38093974948     
      644   0.542273894475       -0.100000000000         9.38093974948     
      645   0.542273894475         0.00000000000         9.38093974948     
      646   0.542273894475        0.100000000000         9.38093974948     
      647   0.542273894475        0.200000000000         9.38093974948     
      648   0.542273894475        0.300000000000         9.38093974948     
      649   0.542273894475        0.400000000000         9.38093974948     
      650   0.583935415422       -0.450000000000         9.37843862221     
      651   0.583935415422       -0.400000000000         9.37843862221     
      652   0.583935415422       -0.350000000000         9.37843862221     
      653   0.583935415422       -0.300000000000         9.37843862221     
      654   0.583935415422       -0.250000000000         9.37843862221     
      655   0.583935415422       -0.200000000000         9.37843862221     
      656   0.583935415422       -0.150000000000         9.37843862221     
      657   0.583935415422       -0.100000000000         9.37843862221     
      658   0.583935415422       -0.500000000000E-001    9.37843862221     
      659   0.583935415422         0.00000000000         9.37843862221     
      660   0.583935415422        0.500000000000E-001    9.37843862221     

 
      661   0.583935415422        0.100000000000         9.37843862221     
      662   0.583935415422        0.150000000000         9.37843862221     
      663   0.583935415422        0.200000000000         9.37843862221     
      664   0.583935415422        0.250000000000         9.37843862221     
      665   0.583935415422        0.300000000000         9.37843862221     
      666   0.583935415422        0.350000000000         9.37843862221     
      667   0.583935415422        0.400000000000         9.37843862221     
      668   0.583935415422        0.450000000000         9.37843862221     
      669   0.625585416501       -0.400000000000         9.37575247362     
      670   0.625585416501       -0.300000000000         9.37575247362     
      671   0.625585416501       -0.200000000000         9.37575247362     
      672   0.625585416501       -0.100000000000         9.37575247362     
      673   0.625585416501         0.00000000000         9.37575247362     
      674   0.625585416501        0.100000000000         9.37575247362     
      675   0.625585416501        0.200000000000         9.37575247362     
      676   0.625585416501        0.300000000000         9.37575247362     
      677   0.625585416501        0.400000000000         9.37575247362     
      678   0.667223075988       -0.450000000000         9.37288135670     
      679   0.667223075988       -0.400000000000         9.37288135670     
      680   0.667223075988       -0.350000000000         9.37288135670     

 
      681   0.667223075988       -0.300000000000         9.37288135670     
      682   0.667223075988       -0.250000000000         9.37288135670     
      683   0.667223075988       -0.200000000000         9.37288135670     
      684   0.667223075988       -0.150000000000         9.37288135670     
      685   0.667223075988       -0.100000000000         9.37288135670     
      686   0.667223075988       -0.500000000000E-001    9.37288135670     
      687   0.667223075988         0.00000000000         9.37288135670     
      688   0.667223075988        0.500000000000E-001    9.37288135670     
      689   0.667223075988        0.100000000000         9.37288135670     
      690   0.667223075988        0.150000000000         9.37288135670     
      691   0.667223075988        0.200000000000         9.37288135670     
      692   0.667223075988        0.250000000000         9.37288135670     
      693   0.667223075988        0.300000000000         9.37288135670     
      694   0.667223075988        0.350000000000         9.37288135670     
      695   0.667223075988        0.400000000000         9.37288135670     
      696   0.667223075988        0.450000000000         9.37288135670     
      697   0.708847572397       -0.400000000000         9.36982532810     
      698   0.708847572397       -0.300000000000         9.36982532810     
      699   0.708847572397       -0.200000000000         9.36982532810     
      700   0.708847572397       -0.100000000000         9.36982532810     

 
      701   0.708847572397         0.00000000000         9.36982532810     
      702   0.708847572397        0.100000000000         9.36982532810     
      703   0.708847572397        0.200000000000         9.36982532810     
      704   0.708847572397        0.300000000000         9.36982532810     
      705   0.708847572397        0.400000000000         9.36982532810     
      706   0.750458084497       -0.450000000000         9.36658444810     
      707   0.750458084497       -0.400000000000         9.36658444810     
      708   0.750458084497       -0.350000000000         9.36658444810     
      709   0.750458084497       -0.300000000000         9.36658444810     
      710   0.750458084497       -0.250000000000         9.36658444810     
      711   0.750458084497       -0.200000000000         9.36658444810     
      712   0.750458084497       -0.150000000000         9.36658444810     
      713   0.750458084497       -0.100000000000         9.36658444810     
      714   0.750458084497       -0.500000000000E-001    9.36658444810     
      715   0.750458084497         0.00000000000         9.36658444810     
      716   0.750458084497        0.500000000000E-001    9.36658444810     
      717   0.750458084497        0.100000000000         9.36658444810     
      718   0.750458084497        0.150000000000         9.36658444810     
      719   0.750458084497        0.200000000000         9.36658444810     
      720   0.750458084497        0.250000000000         9.36658444810     

 
      721   0.750458084497        0.300000000000         9.36658444810     
      722   0.750458084497        0.350000000000         9.36658444810     
      723   0.750458084497        0.400000000000         9.36658444810     
      724   0.750458084497        0.450000000000         9.36658444810     
      725   0.792053791326       -0.400000000000         9.36315878065     
      726   0.792053791326       -0.300000000000         9.36315878065     
      727   0.792053791326       -0.200000000000         9.36315878065     
      728   0.792053791326       -0.100000000000         9.36315878065     
      729   0.792053791326         0.00000000000         9.36315878065     
      730   0.792053791326        0.100000000000         9.36315878065     
      731   0.792053791326        0.200000000000         9.36315878065     
      732   0.792053791326        0.300000000000         9.36315878065     
      733   0.792053791326        0.400000000000         9.36315878065     
      734   0.833633872207       -0.450000000000         9.35954839333     
      735   0.833633872207       -0.400000000000         9.35954839333     
      736   0.833633872207       -0.350000000000         9.35954839333     
      737   0.833633872207       -0.300000000000         9.35954839333     
      738   0.833633872207       -0.250000000000         9.35954839333     
      739   0.833633872207       -0.200000000000         9.35954839333     
      740   0.833633872207       -0.150000000000         9.35954839333     

 
      741   0.833633872207       -0.100000000000         9.35954839333     
      742   0.833633872207       -0.500000000000E-001    9.35954839333     
      743   0.833633872207         0.00000000000         9.35954839333     
      744   0.833633872207        0.500000000000E-001    9.35954839333     
      745   0.833633872207        0.100000000000         9.35954839333     
      746   0.833633872207        0.150000000000         9.35954839333     
      747   0.833633872207        0.200000000000         9.35954839333     
      748   0.833633872207        0.250000000000         9.35954839333     
      749   0.833633872207        0.300000000000         9.35954839333     
      750   0.833633872207        0.350000000000         9.35954839333     
      751   0.833633872207        0.400000000000         9.35954839333     
      752   0.833633872207        0.450000000000         9.35954839333     
      753   0.875197506767       -0.400000000000         9.35575335738     
      754   0.875197506767       -0.300000000000         9.35575335738     
      755   0.875197506767       -0.200000000000         9.35575335738     
      756   0.875197506767       -0.100000000000         9.35575335738     
      757   0.875197506767         0.00000000000         9.35575335738     
      758   0.875197506767        0.100000000000         9.35575335738     
      759   0.875197506767        0.200000000000         9.35575335738     
      760   0.875197506767        0.300000000000         9.35575335738     

 
      761   0.875197506767        0.400000000000         9.35575335738     
      762   0.916743874951       -0.450000000000         9.35177374768     
      763   0.916743874951       -0.400000000000         9.35177374768     
      764   0.916743874951       -0.350000000000         9.35177374768     
      765   0.916743874951       -0.300000000000         9.35177374768     
      766   0.916743874951       -0.250000000000         9.35177374768     
      767   0.916743874951       -0.200000000000         9.35177374768     
      768   0.916743874951       -0.150000000000         9.35177374768     
      769   0.916743874951       -0.100000000000         9.35177374768     
      770   0.916743874951       -0.500000000000E-001    9.35177374768     
      771   0.916743874951         0.00000000000         9.35177374768     
      772   0.916743874951        0.500000000000E-001    9.35177374768     
      773   0.916743874951        0.100000000000         9.35177374768     
      774   0.916743874951        0.150000000000         9.35177374768     
      775   0.916743874951        0.200000000000         9.35177374768     
      776   0.916743874951        0.250000000000         9.35177374768     
      777   0.916743874951        0.300000000000         9.35177374768     
      778   0.916743874951        0.350000000000         9.35177374768     
      779   0.916743874951        0.400000000000         9.35177374768     
      780   0.916743874951        0.450000000000         9.35177374768     

 
      781   0.958272157039       -0.400000000000         9.34760964274     
      782   0.958272157039       -0.300000000000         9.34760964274     
      783   0.958272157039       -0.200000000000         9.34760964274     
      784   0.958272157039       -0.100000000000         9.34760964274     
      785   0.958272157039         0.00000000000         9.34760964274     
      786   0.958272157039        0.100000000000         9.34760964274     
      787   0.958272157039        0.200000000000         9.34760964274     
      788   0.958272157039        0.300000000000         9.34760964274     
      789   0.958272157039        0.400000000000         9.34760964274     

