
 
        1  -0.999507433969       -0.500000000000         13.1958006142     
        2  -0.500110963719       -0.500000000000         13.2241467772     
        3  -0.957935771949       -0.500000000000         13.1988835898     
        4  -0.916354604834       -0.500000000000         13.2018355996     
        5  -0.874764345207       -0.500000000000         13.2046566143     
        6  -0.833165405741       -0.500000000000         13.2073466058     
        7  -0.791558199199       -0.500000000000         13.2099055476     
        8  -0.749943138424       -0.500000000000         13.2123334142     
        9  -0.708320636342       -0.500000000000         13.2146301816     
       10  -0.666691105953       -0.500000000000         13.2167958269     
       11  -0.625054960326       -0.500000000000         13.2188303286     
       12  -0.583412612601       -0.500000000000         13.2207336666     
       13  -0.541764475978       -0.500000000000         13.2225058220     
       14  -0.500110963719        0.500000000000         13.2241467772     
       15  -0.500110963719       -0.450000000000         13.2241467772     
       16  -0.500110963719       -0.400000000000         13.2241467772     
       17  -0.500110963719       -0.350000000000         13.2241467772     
       18  -0.500110963719       -0.300000000000         13.2241467772     
       19  -0.500110963719       -0.250000000000         13.2241467772     
       20  -0.500110963719       -0.200000000000         13.2241467772     

 
       21  -0.500110963719       -0.150000000000         13.2241467772     
       22  -0.500110963719       -0.100000000000         13.2241467772     
       23  -0.500110963719       -0.500000000000E-001    13.2241467772     
       24  -0.500110963719         0.00000000000         13.2241467772     
       25  -0.500110963719        0.500000000000E-001    13.2241467772     
       26  -0.500110963719        0.100000000000         13.2241467772     
       27  -0.500110963719        0.150000000000         13.2241467772     
       28  -0.500110963719        0.200000000000         13.2241467772     
       29  -0.500110963719        0.250000000000         13.2241467772     
       30  -0.500110963719        0.300000000000         13.2241467772     
       31  -0.500110963719        0.350000000000         13.2241467772     
       32  -0.500110963719        0.400000000000         13.2241467772     
       33  -0.500110963719        0.450000000000         13.2241467772     
       34  -0.999507433969        0.500000000000         13.1958006142     
       35  -0.957935771949        0.500000000000         13.1988835898     
       36  -0.916354604834        0.500000000000         13.2018355996     
       37  -0.874764345207        0.500000000000         13.2046566143     
       38  -0.833165405741        0.500000000000         13.2073466058     
       39  -0.791558199199        0.500000000000         13.2099055476     
       40  -0.749943138424        0.500000000000         13.2123334142     

 
       41  -0.708320636342        0.500000000000         13.2146301816     
       42  -0.666691105953        0.500000000000         13.2167958269     
       43  -0.625054960326        0.500000000000         13.2188303286     
       44  -0.583412612601        0.500000000000         13.2207336666     
       45  -0.541764475978        0.500000000000         13.2225058220     
       46  -0.999507433969       -0.450000000000         13.1958006142     
       47  -0.999507433969       -0.400000000000         13.1958006142     
       48  -0.999507433969       -0.350000000000         13.1958006142     
       49  -0.999507433969       -0.300000000000         13.1958006142     
       50  -0.999507433969       -0.250000000000         13.1958006142     
       51  -0.999507433969       -0.200000000000         13.1958006142     
       52  -0.999507433969       -0.150000000000         13.1958006142     
       53  -0.999507433969       -0.100000000000         13.1958006142     
       54  -0.999507433969       -0.500000000000E-001    13.1958006142     
       55  -0.999507433969         0.00000000000         13.1958006142     
       56  -0.999507433969        0.500000000000E-001    13.1958006142     
       57  -0.999507433969        0.100000000000         13.1958006142     
       58  -0.999507433969        0.150000000000         13.1958006142     
       59  -0.999507433969        0.200000000000         13.1958006142     
       60  -0.999507433969        0.250000000000         13.1958006142     

 
       61  -0.999507433969        0.300000000000         13.1958006142     
       62  -0.999507433969        0.350000000000         13.1958006142     
       63  -0.999507433969        0.400000000000         13.1958006142     
       64  -0.999507433969        0.450000000000         13.1958006142     
       65  -0.957935771628       -0.400000000000         13.1988835898     
       66  -0.957935771628       -0.300000000000         13.1988835898     
       67  -0.957935771628       -0.200000000000         13.1988835898     
       68  -0.957935771628       -0.100000000000         13.1988835898     
       69  -0.957935771628         0.00000000000         13.1988835898     
       70  -0.957935771628        0.100000000000         13.1988835898     
       71  -0.957935771628        0.200000000000         13.1988835898     
       72  -0.957935771628        0.300000000000         13.1988835898     
       73  -0.957935771628        0.400000000000         13.1988835898     
       74  -0.916354604362       -0.450000000000         13.2018355996     
       75  -0.916354604362       -0.400000000000         13.2018355996     
       76  -0.916354604362       -0.350000000000         13.2018355996     
       77  -0.916354604362       -0.300000000000         13.2018355996     
       78  -0.916354604362       -0.250000000000         13.2018355996     
       79  -0.916354604362       -0.200000000000         13.2018355996     
       80  -0.916354604362       -0.150000000000         13.2018355996     

 
       81  -0.916354604362       -0.100000000000         13.2018355996     
       82  -0.916354604362       -0.500000000000E-001    13.2018355996     
       83  -0.916354604362         0.00000000000         13.2018355996     
       84  -0.916354604362        0.500000000000E-001    13.2018355996     
       85  -0.916354604362        0.100000000000         13.2018355996     
       86  -0.916354604362        0.150000000000         13.2018355996     
       87  -0.916354604362        0.200000000000         13.2018355996     
       88  -0.916354604362        0.250000000000         13.2018355996     
       89  -0.916354604362        0.300000000000         13.2018355996     
       90  -0.916354604362        0.350000000000         13.2018355996     
       91  -0.916354604362        0.400000000000         13.2018355996     
       92  -0.916354604362        0.450000000000         13.2018355996     
       93  -0.874764344721       -0.400000000000         13.2046566143     
       94  -0.874764344721       -0.300000000000         13.2046566143     
       95  -0.874764344721       -0.200000000000         13.2046566143     
       96  -0.874764344721       -0.100000000000         13.2046566143     
       97  -0.874764344721         0.00000000000         13.2046566143     
       98  -0.874764344721        0.100000000000         13.2046566143     
       99  -0.874764344721        0.200000000000         13.2046566143     
      100  -0.874764344721        0.300000000000         13.2046566143     

 
      101  -0.874764344721        0.400000000000         13.2046566143     
      102  -0.833165405344       -0.450000000000         13.2073466059     
      103  -0.833165405344       -0.400000000000         13.2073466059     
      104  -0.833165405344       -0.350000000000         13.2073466059     
      105  -0.833165405344       -0.300000000000         13.2073466059     
      106  -0.833165405344       -0.250000000000         13.2073466059     
      107  -0.833165405344       -0.200000000000         13.2073466059     
      108  -0.833165405344       -0.150000000000         13.2073466059     
      109  -0.833165405344       -0.100000000000         13.2073466059     
      110  -0.833165405344       -0.500000000000E-001    13.2073466059     
      111  -0.833165405344         0.00000000000         13.2073466059     
      112  -0.833165405344        0.500000000000E-001    13.2073466059     
      113  -0.833165405344        0.100000000000         13.2073466059     
      114  -0.833165405344        0.150000000000         13.2073466059     
      115  -0.833165405344        0.200000000000         13.2073466059     
      116  -0.833165405344        0.250000000000         13.2073466059     
      117  -0.833165405344        0.300000000000         13.2073466059     
      118  -0.833165405344        0.350000000000         13.2073466059     
      119  -0.833165405344        0.400000000000         13.2073466059     
      120  -0.833165405344        0.450000000000         13.2073466059     

 
      121  -0.791558198960       -0.400000000000         13.2099055476     
      122  -0.791558198960       -0.300000000000         13.2099055476     
      123  -0.791558198960       -0.200000000000         13.2099055476     
      124  -0.791558198960       -0.100000000000         13.2099055476     
      125  -0.791558198960         0.00000000000         13.2099055476     
      126  -0.791558198960        0.100000000000         13.2099055476     
      127  -0.791558198960        0.200000000000         13.2099055476     
      128  -0.791558198960        0.300000000000         13.2099055476     
      129  -0.791558198960        0.400000000000         13.2099055476     
      130  -0.749943138380       -0.450000000000         13.2123334143     
      131  -0.749943138380       -0.400000000000         13.2123334143     
      132  -0.749943138380       -0.350000000000         13.2123334143     
      133  -0.749943138380       -0.300000000000         13.2123334143     
      134  -0.749943138380       -0.250000000000         13.2123334143     
      135  -0.749943138380       -0.200000000000         13.2123334143     
      136  -0.749943138380       -0.150000000000         13.2123334143     
      137  -0.749943138380       -0.100000000000         13.2123334143     
      138  -0.749943138380       -0.500000000000E-001    13.2123334143     
      139  -0.749943138380         0.00000000000         13.2123334143     
      140  -0.749943138380        0.500000000000E-001    13.2123334143     

 
      141  -0.749943138380        0.100000000000         13.2123334143     
      142  -0.749943138380        0.150000000000         13.2123334143     
      143  -0.749943138380        0.200000000000         13.2123334143     
      144  -0.749943138380        0.250000000000         13.2123334143     
      145  -0.749943138380        0.300000000000         13.2123334143     
      146  -0.749943138380        0.350000000000         13.2123334143     
      147  -0.749943138380        0.400000000000         13.2123334143     
      148  -0.749943138380        0.450000000000         13.2123334143     
      149  -0.708320636495       -0.400000000000         13.2146301816     
      150  -0.708320636495       -0.300000000000         13.2146301816     
      151  -0.708320636495       -0.200000000000         13.2146301816     
      152  -0.708320636495       -0.100000000000         13.2146301816     
      153  -0.708320636495         0.00000000000         13.2146301816     
      154  -0.708320636495        0.100000000000         13.2146301816     
      155  -0.708320636495        0.200000000000         13.2146301816     
      156  -0.708320636495        0.300000000000         13.2146301816     
      157  -0.708320636495        0.400000000000         13.2146301816     
      158  -0.666691106271       -0.450000000000         13.2167958269     
      159  -0.666691106271       -0.400000000000         13.2167958269     
      160  -0.666691106271       -0.350000000000         13.2167958269     

 
      161  -0.666691106271       -0.300000000000         13.2167958269     
      162  -0.666691106271       -0.250000000000         13.2167958269     
      163  -0.666691106271       -0.200000000000         13.2167958269     
      164  -0.666691106271       -0.150000000000         13.2167958269     
      165  -0.666691106271       -0.100000000000         13.2167958269     
      166  -0.666691106271       -0.500000000000E-001    13.2167958269     
      167  -0.666691106271         0.00000000000         13.2167958269     
      168  -0.666691106271        0.500000000000E-001    13.2167958269     
      169  -0.666691106271        0.100000000000         13.2167958269     
      170  -0.666691106271        0.150000000000         13.2167958269     
      171  -0.666691106271        0.200000000000         13.2167958269     
      172  -0.666691106271        0.250000000000         13.2167958269     
      173  -0.666691106271        0.300000000000         13.2167958269     
      174  -0.666691106271        0.350000000000         13.2167958269     
      175  -0.666691106271        0.400000000000         13.2167958269     
      176  -0.666691106271        0.450000000000         13.2167958269     
      177  -0.625054960745       -0.400000000000         13.2188303286     
      178  -0.625054960745       -0.300000000000         13.2188303286     
      179  -0.625054960745       -0.200000000000         13.2188303286     
      180  -0.625054960745       -0.100000000000         13.2188303286     

 
      181  -0.625054960745         0.00000000000         13.2188303286     
      182  -0.625054960745        0.100000000000         13.2188303286     
      183  -0.625054960745        0.200000000000         13.2188303286     
      184  -0.625054960745        0.300000000000         13.2188303286     
      185  -0.625054960745        0.400000000000         13.2188303286     
      186  -0.583412613023       -0.450000000000         13.2207336666     
      187  -0.583412613023       -0.400000000000         13.2207336666     
      188  -0.583412613023       -0.350000000000         13.2207336666     
      189  -0.583412613023       -0.300000000000         13.2207336666     
      190  -0.583412613023       -0.250000000000         13.2207336666     
      191  -0.583412613023       -0.200000000000         13.2207336666     
      192  -0.583412613023       -0.150000000000         13.2207336666     
      193  -0.583412613023       -0.100000000000         13.2207336666     
      194  -0.583412613023       -0.500000000000E-001    13.2207336666     
      195  -0.583412613023         0.00000000000         13.2207336666     
      196  -0.583412613023        0.500000000000E-001    13.2207336666     
      197  -0.583412613023        0.100000000000         13.2207336666     
      198  -0.583412613023        0.150000000000         13.2207336666     
      199  -0.583412613023        0.200000000000         13.2207336666     
      200  -0.583412613023        0.250000000000         13.2207336666     

 
      201  -0.583412613023        0.300000000000         13.2207336666     
      202  -0.583412613023        0.350000000000         13.2207336666     
      203  -0.583412613023        0.400000000000         13.2207336666     
      204  -0.583412613023        0.450000000000         13.2207336666     
      205  -0.541764476272       -0.400000000000         13.2225058220     
      206  -0.541764476272       -0.300000000000         13.2225058220     
      207  -0.541764476272       -0.200000000000         13.2225058220     
      208  -0.541764476272       -0.100000000000         13.2225058220     
      209  -0.541764476272         0.00000000000         13.2225058220     
      210  -0.541764476272        0.100000000000         13.2225058220     
      211  -0.541764476272        0.200000000000         13.2225058220     
      212  -0.541764476272        0.300000000000         13.2225058220     
      213  -0.541764476272        0.400000000000         13.2225058220     
      214    0.00000000000       -0.500000000000         13.2336000000     
      215  -0.458452489061       -0.500000000000         13.2256565158     
      216  -0.416789465428       -0.500000000000         13.2270350231     
      217  -0.375122306214       -0.500000000000         13.2282822851     
      218  -0.333451424855       -0.500000000000         13.2293982897     
      219  -0.291777234827       -0.500000000000         13.2303830256     
      220  -0.250100149640       -0.500000000000         13.2312364832     

 
      221  -0.208420582833       -0.500000000000         13.2319586540     
      222  -0.166738947973       -0.500000000000         13.2325495307     
      223  -0.125055658647       -0.500000000000         13.2330091076     
      224  -0.833711284608E-001  -0.500000000000         13.2333373801     
      225  -0.416857710354E-001  -0.500000000000         13.2335343449     
      226    0.00000000000        0.500000000000         13.2336000000     
      227    0.00000000000       -0.450000000000         13.2336000000     
      228    0.00000000000       -0.400000000000         13.2336000000     
      229    0.00000000000       -0.350000000000         13.2336000000     
      230    0.00000000000       -0.300000000000         13.2336000000     
      231    0.00000000000       -0.250000000000         13.2336000000     
      232    0.00000000000       -0.200000000000         13.2336000000     
      233    0.00000000000       -0.150000000000         13.2336000000     
      234    0.00000000000       -0.100000000000         13.2336000000     
      235    0.00000000000       -0.500000000000E-001    13.2336000000     
      236    0.00000000000         0.00000000000         13.2336000000     
      237    0.00000000000        0.500000000000E-001    13.2336000000     
      238    0.00000000000        0.100000000000         13.2336000000     
      239    0.00000000000        0.150000000000         13.2336000000     
      240    0.00000000000        0.200000000000         13.2336000000     

 
      241    0.00000000000        0.250000000000         13.2336000000     
      242    0.00000000000        0.300000000000         13.2336000000     
      243    0.00000000000        0.350000000000         13.2336000000     
      244    0.00000000000        0.400000000000         13.2336000000     
      245    0.00000000000        0.450000000000         13.2336000000     
      246  -0.458452489061        0.500000000000         13.2256565158     
      247  -0.416789465428        0.500000000000         13.2270350231     
      248  -0.375122306214        0.500000000000         13.2282822851     
      249  -0.333451424855        0.500000000000         13.2293982897     
      250  -0.291777234827        0.500000000000         13.2303830256     
      251  -0.250100149640        0.500000000000         13.2312364832     
      252  -0.208420582833        0.500000000000         13.2319586540     
      253  -0.166738947973        0.500000000000         13.2325495307     
      254  -0.125055658647        0.500000000000         13.2330091076     
      255  -0.833711284608E-001   0.500000000000         13.2333373801     
      256  -0.416857710354E-001   0.500000000000         13.2335343449     
      257  -0.458452489287       -0.400000000000         13.2256565158     
      258  -0.458452489287       -0.300000000000         13.2256565158     
      259  -0.458452489287       -0.200000000000         13.2256565158     
      260  -0.458452489287       -0.100000000000         13.2256565158     

 
      261  -0.458452489287         0.00000000000         13.2256565158     
      262  -0.458452489287        0.100000000000         13.2256565158     
      263  -0.458452489287        0.200000000000         13.2256565158     
      264  -0.458452489287        0.300000000000         13.2256565158     
      265  -0.458452489287        0.400000000000         13.2256565158     
      266  -0.416789465787       -0.450000000000         13.2270350231     
      267  -0.416789465787       -0.400000000000         13.2270350231     
      268  -0.416789465787       -0.350000000000         13.2270350231     
      269  -0.416789465787       -0.300000000000         13.2270350231     
      270  -0.416789465787       -0.250000000000         13.2270350231     
      271  -0.416789465787       -0.200000000000         13.2270350231     
      272  -0.416789465787       -0.150000000000         13.2270350231     
      273  -0.416789465787       -0.100000000000         13.2270350231     
      274  -0.416789465787       -0.500000000000E-001    13.2270350231     
      275  -0.416789465787         0.00000000000         13.2270350231     
      276  -0.416789465787        0.500000000000E-001    13.2270350231     
      277  -0.416789465787        0.100000000000         13.2270350231     
      278  -0.416789465787        0.150000000000         13.2270350231     
      279  -0.416789465787        0.200000000000         13.2270350231     
      280  -0.416789465787        0.250000000000         13.2270350231     

 
      281  -0.416789465787        0.300000000000         13.2270350231     
      282  -0.416789465787        0.350000000000         13.2270350231     
      283  -0.416789465787        0.400000000000         13.2270350231     
      284  -0.416789465787        0.450000000000         13.2270350231     
      285  -0.375122306629       -0.400000000000         13.2282822851     
      286  -0.375122306629       -0.300000000000         13.2282822851     
      287  -0.375122306629       -0.200000000000         13.2282822851     
      288  -0.375122306629       -0.100000000000         13.2282822851     
      289  -0.375122306629         0.00000000000         13.2282822851     
      290  -0.375122306629        0.100000000000         13.2282822851     
      291  -0.375122306629        0.200000000000         13.2282822851     
      292  -0.375122306629        0.300000000000         13.2282822851     
      293  -0.375122306629        0.400000000000         13.2282822851     
      294  -0.333451425265       -0.450000000000         13.2293982897     
      295  -0.333451425265       -0.400000000000         13.2293982897     
      296  -0.333451425265       -0.350000000000         13.2293982897     
      297  -0.333451425265       -0.300000000000         13.2293982897     
      298  -0.333451425265       -0.250000000000         13.2293982897     
      299  -0.333451425265       -0.200000000000         13.2293982897     
      300  -0.333451425265       -0.150000000000         13.2293982897     

 
      301  -0.333451425265       -0.100000000000         13.2293982897     
      302  -0.333451425265       -0.500000000000E-001    13.2293982897     
      303  -0.333451425265         0.00000000000         13.2293982897     
      304  -0.333451425265        0.500000000000E-001    13.2293982897     
      305  -0.333451425265        0.100000000000         13.2293982897     
      306  -0.333451425265        0.150000000000         13.2293982897     
      307  -0.333451425265        0.200000000000         13.2293982897     
      308  -0.333451425265        0.250000000000         13.2293982897     
      309  -0.333451425265        0.300000000000         13.2293982897     
      310  -0.333451425265        0.350000000000         13.2293982897     
      311  -0.333451425265        0.400000000000         13.2293982897     
      312  -0.333451425265        0.450000000000         13.2293982897     
      313  -0.291777235186       -0.400000000000         13.2303830256     
      314  -0.291777235186       -0.300000000000         13.2303830256     
      315  -0.291777235186       -0.200000000000         13.2303830256     
      316  -0.291777235186       -0.100000000000         13.2303830256     
      317  -0.291777235186         0.00000000000         13.2303830256     
      318  -0.291777235186        0.100000000000         13.2303830256     
      319  -0.291777235186        0.200000000000         13.2303830256     
      320  -0.291777235186        0.300000000000         13.2303830256     

 
      321  -0.291777235186        0.400000000000         13.2303830256     
      322  -0.250100149917       -0.450000000000         13.2312364832     
      323  -0.250100149917       -0.400000000000         13.2312364832     
      324  -0.250100149917       -0.350000000000         13.2312364832     
      325  -0.250100149917       -0.300000000000         13.2312364832     
      326  -0.250100149917       -0.250000000000         13.2312364832     
      327  -0.250100149917       -0.200000000000         13.2312364832     
      328  -0.250100149917       -0.150000000000         13.2312364832     
      329  -0.250100149917       -0.100000000000         13.2312364832     
      330  -0.250100149917       -0.500000000000E-001    13.2312364832     
      331  -0.250100149917         0.00000000000         13.2312364832     
      332  -0.250100149917        0.500000000000E-001    13.2312364832     
      333  -0.250100149917        0.100000000000         13.2312364832     
      334  -0.250100149917        0.150000000000         13.2312364832     
      335  -0.250100149917        0.200000000000         13.2312364832     
      336  -0.250100149917        0.250000000000         13.2312364832     
      337  -0.250100149917        0.300000000000         13.2312364832     
      338  -0.250100149917        0.350000000000         13.2312364832     
      339  -0.250100149917        0.400000000000         13.2312364832     
      340  -0.250100149917        0.450000000000         13.2312364832     

 
      341  -0.208420583013       -0.400000000000         13.2319586540     
      342  -0.208420583013       -0.300000000000         13.2319586540     
      343  -0.208420583013       -0.200000000000         13.2319586540     
      344  -0.208420583013       -0.100000000000         13.2319586540     
      345  -0.208420583013         0.00000000000         13.2319586540     
      346  -0.208420583013        0.100000000000         13.2319586540     
      347  -0.208420583013        0.200000000000         13.2319586540     
      348  -0.208420583013        0.300000000000         13.2319586540     
      349  -0.208420583013        0.400000000000         13.2319586540     
      350  -0.166738948055       -0.450000000000         13.2325495307     
      351  -0.166738948055       -0.400000000000         13.2325495307     
      352  -0.166738948055       -0.350000000000         13.2325495307     
      353  -0.166738948055       -0.300000000000         13.2325495307     
      354  -0.166738948055       -0.250000000000         13.2325495307     
      355  -0.166738948055       -0.200000000000         13.2325495307     
      356  -0.166738948055       -0.150000000000         13.2325495307     
      357  -0.166738948055       -0.100000000000         13.2325495307     
      358  -0.166738948055       -0.500000000000E-001    13.2325495307     
      359  -0.166738948055         0.00000000000         13.2325495307     
      360  -0.166738948055        0.500000000000E-001    13.2325495307     

 
      361  -0.166738948055        0.100000000000         13.2325495307     
      362  -0.166738948055        0.150000000000         13.2325495307     
      363  -0.166738948055        0.200000000000         13.2325495307     
      364  -0.166738948055        0.250000000000         13.2325495307     
      365  -0.166738948055        0.300000000000         13.2325495307     
      366  -0.166738948055        0.350000000000         13.2325495307     
      367  -0.166738948055        0.400000000000         13.2325495307     
      368  -0.166738948055        0.450000000000         13.2325495307     
      369  -0.125055658647       -0.400000000000         13.2330091076     
      370  -0.125055658647       -0.300000000000         13.2330091076     
      371  -0.125055658647       -0.200000000000         13.2330091076     
      372  -0.125055658647       -0.100000000000         13.2330091076     
      373  -0.125055658647         0.00000000000         13.2330091076     
      374  -0.125055658647        0.100000000000         13.2330091076     
      375  -0.125055658647        0.200000000000         13.2330091076     
      376  -0.125055658647        0.300000000000         13.2330091076     
      377  -0.125055658647        0.400000000000         13.2330091076     
      378  -0.833711284095E-001  -0.450000000000         13.2333373801     
      379  -0.833711284095E-001  -0.400000000000         13.2333373801     
      380  -0.833711284095E-001  -0.350000000000         13.2333373801     

 
      381  -0.833711284095E-001  -0.300000000000         13.2333373801     
      382  -0.833711284095E-001  -0.250000000000         13.2333373801     
      383  -0.833711284095E-001  -0.200000000000         13.2333373801     
      384  -0.833711284095E-001  -0.150000000000         13.2333373801     
      385  -0.833711284095E-001  -0.100000000000         13.2333373801     
      386  -0.833711284095E-001  -0.500000000000E-001    13.2333373801     
      387  -0.833711284095E-001    0.00000000000         13.2333373801     
      388  -0.833711284095E-001   0.500000000000E-001    13.2333373801     
      389  -0.833711284095E-001   0.100000000000         13.2333373801     
      390  -0.833711284095E-001   0.150000000000         13.2333373801     
      391  -0.833711284095E-001   0.200000000000         13.2333373801     
      392  -0.833711284095E-001   0.250000000000         13.2333373801     
      393  -0.833711284095E-001   0.300000000000         13.2333373801     
      394  -0.833711284095E-001   0.350000000000         13.2333373801     
      395  -0.833711284095E-001   0.400000000000         13.2333373801     
      396  -0.833711284095E-001   0.450000000000         13.2333373801     
      397  -0.416857709790E-001  -0.400000000000         13.2335343449     
      398  -0.416857709790E-001  -0.300000000000         13.2335343449     
      399  -0.416857709790E-001  -0.200000000000         13.2335343449     
      400  -0.416857709790E-001  -0.100000000000         13.2335343449     

 
      401  -0.416857709790E-001    0.00000000000         13.2335343449     
      402  -0.416857709790E-001   0.100000000000         13.2335343449     
      403  -0.416857709790E-001   0.200000000000         13.2335343449     
      404  -0.416857709790E-001   0.300000000000         13.2335343449     
      405  -0.416857709790E-001   0.400000000000         13.2335343449     
      406   0.500110963719       -0.500000000000         13.2241467772     
      407   0.416857710871E-001  -0.500000000000         13.2335343449     
      408   0.833711285318E-001  -0.500000000000         13.2333373801     
      409   0.125055658718       -0.500000000000         13.2330091076     
      410   0.166738948037       -0.500000000000         13.2325495307     
      411   0.208420582890       -0.500000000000         13.2319586540     
      412   0.250100149694       -0.500000000000         13.2312364832     
      413   0.291777234884       -0.500000000000         13.2303830256     
      414   0.333451424919       -0.500000000000         13.2293982897     
      415   0.375122306285       -0.500000000000         13.2282822851     
      416   0.416789465499       -0.500000000000         13.2270350231     
      417   0.458452489113       -0.500000000000         13.2256565158     
      418   0.500110963719        0.500000000000         13.2241467772     
      419   0.500110963719       -0.450000000000         13.2241467772     
      420   0.500110963719       -0.400000000000         13.2241467772     

 
      421   0.500110963719       -0.350000000000         13.2241467772     
      422   0.500110963719       -0.300000000000         13.2241467772     
      423   0.500110963719       -0.250000000000         13.2241467772     
      424   0.500110963719       -0.200000000000         13.2241467772     
      425   0.500110963719       -0.150000000000         13.2241467772     
      426   0.500110963719       -0.100000000000         13.2241467772     
      427   0.500110963719       -0.500000000000E-001    13.2241467772     
      428   0.500110963719         0.00000000000         13.2241467772     
      429   0.500110963719        0.500000000000E-001    13.2241467772     
      430   0.500110963719        0.100000000000         13.2241467772     
      431   0.500110963719        0.150000000000         13.2241467772     
      432   0.500110963719        0.200000000000         13.2241467772     
      433   0.500110963719        0.250000000000         13.2241467772     
      434   0.500110963719        0.300000000000         13.2241467772     
      435   0.500110963719        0.350000000000         13.2241467772     
      436   0.500110963719        0.400000000000         13.2241467772     
      437   0.500110963719        0.450000000000         13.2241467772     
      438   0.416857710871E-001   0.500000000000         13.2335343449     
      439   0.833711285318E-001   0.500000000000         13.2333373801     
      440   0.125055658718        0.500000000000         13.2330091076     

 
      441   0.166738948037        0.500000000000         13.2325495307     
      442   0.208420582890        0.500000000000         13.2319586540     
      443   0.250100149694        0.500000000000         13.2312364832     
      444   0.291777234884        0.500000000000         13.2303830256     
      445   0.333451424919        0.500000000000         13.2293982897     
      446   0.375122306285        0.500000000000         13.2282822851     
      447   0.416789465499        0.500000000000         13.2270350231     
      448   0.458452489113        0.500000000000         13.2256565158     
      449   0.416857710338E-001  -0.400000000000         13.2335343449     
      450   0.416857710338E-001  -0.300000000000         13.2335343449     
      451   0.416857710338E-001  -0.200000000000         13.2335343449     
      452   0.416857710338E-001  -0.100000000000         13.2335343449     
      453   0.416857710338E-001    0.00000000000         13.2335343449     
      454   0.416857710338E-001   0.100000000000         13.2335343449     
      455   0.416857710338E-001   0.200000000000         13.2335343449     
      456   0.416857710338E-001   0.300000000000         13.2335343449     
      457   0.416857710338E-001   0.400000000000         13.2335343449     
      458   0.833711284832E-001  -0.450000000000         13.2333373801     
      459   0.833711284832E-001  -0.400000000000         13.2333373801     
      460   0.833711284832E-001  -0.350000000000         13.2333373801     

 
      461   0.833711284832E-001  -0.300000000000         13.2333373801     
      462   0.833711284832E-001  -0.250000000000         13.2333373801     
      463   0.833711284832E-001  -0.200000000000         13.2333373801     
      464   0.833711284832E-001  -0.150000000000         13.2333373801     
      465   0.833711284832E-001  -0.100000000000         13.2333373801     
      466   0.833711284832E-001  -0.500000000000E-001    13.2333373801     
      467   0.833711284832E-001    0.00000000000         13.2333373801     
      468   0.833711284832E-001   0.500000000000E-001    13.2333373801     
      469   0.833711284832E-001   0.100000000000         13.2333373801     
      470   0.833711284832E-001   0.150000000000         13.2333373801     
      471   0.833711284832E-001   0.200000000000         13.2333373801     
      472   0.833711284832E-001   0.250000000000         13.2333373801     
      473   0.833711284832E-001   0.300000000000         13.2333373801     
      474   0.833711284832E-001   0.350000000000         13.2333373801     
      475   0.833711284832E-001   0.400000000000         13.2333373801     
      476   0.833711284832E-001   0.450000000000         13.2333373801     
      477   0.125055658718       -0.400000000000         13.2330091076     
      478   0.125055658718       -0.300000000000         13.2330091076     
      479   0.125055658718       -0.200000000000         13.2330091076     
      480   0.125055658718       -0.100000000000         13.2330091076     

 
      481   0.125055658718         0.00000000000         13.2330091076     
      482   0.125055658718        0.100000000000         13.2330091076     
      483   0.125055658718        0.200000000000         13.2330091076     
      484   0.125055658718        0.300000000000         13.2330091076     
      485   0.125055658718        0.400000000000         13.2330091076     
      486   0.166738948114       -0.450000000000         13.2325495307     
      487   0.166738948114       -0.400000000000         13.2325495307     
      488   0.166738948114       -0.350000000000         13.2325495307     
      489   0.166738948114       -0.300000000000         13.2325495307     
      490   0.166738948114       -0.250000000000         13.2325495307     
      491   0.166738948114       -0.200000000000         13.2325495307     
      492   0.166738948114       -0.150000000000         13.2325495307     
      493   0.166738948114       -0.100000000000         13.2325495307     
      494   0.166738948114       -0.500000000000E-001    13.2325495307     
      495   0.166738948114         0.00000000000         13.2325495307     
      496   0.166738948114        0.500000000000E-001    13.2325495307     
      497   0.166738948114        0.100000000000         13.2325495307     
      498   0.166738948114        0.150000000000         13.2325495307     
      499   0.166738948114        0.200000000000         13.2325495307     
      500   0.166738948114        0.250000000000         13.2325495307     

 
      501   0.166738948114        0.300000000000         13.2325495307     
      502   0.166738948114        0.350000000000         13.2325495307     
      503   0.166738948114        0.400000000000         13.2325495307     
      504   0.166738948114        0.450000000000         13.2325495307     
      505   0.208420583060       -0.400000000000         13.2319586540     
      506   0.208420583060       -0.300000000000         13.2319586540     
      507   0.208420583060       -0.200000000000         13.2319586540     
      508   0.208420583060       -0.100000000000         13.2319586540     
      509   0.208420583060         0.00000000000         13.2319586540     
      510   0.208420583060        0.100000000000         13.2319586540     
      511   0.208420583060        0.200000000000         13.2319586540     
      512   0.208420583060        0.300000000000         13.2319586540     
      513   0.208420583060        0.400000000000         13.2319586540     
      514   0.250100149956       -0.450000000000         13.2312364832     
      515   0.250100149956       -0.400000000000         13.2312364832     
      516   0.250100149956       -0.350000000000         13.2312364832     
      517   0.250100149956       -0.300000000000         13.2312364832     
      518   0.250100149956       -0.250000000000         13.2312364832     
      519   0.250100149956       -0.200000000000         13.2312364832     
      520   0.250100149956       -0.150000000000         13.2312364832     

 
      521   0.250100149956       -0.100000000000         13.2312364832     
      522   0.250100149956       -0.500000000000E-001    13.2312364832     
      523   0.250100149956         0.00000000000         13.2312364832     
      524   0.250100149956        0.500000000000E-001    13.2312364832     
      525   0.250100149956        0.100000000000         13.2312364832     
      526   0.250100149956        0.150000000000         13.2312364832     
      527   0.250100149956        0.200000000000         13.2312364832     
      528   0.250100149956        0.250000000000         13.2312364832     
      529   0.250100149956        0.300000000000         13.2312364832     
      530   0.250100149956        0.350000000000         13.2312364832     
      531   0.250100149956        0.400000000000         13.2312364832     
      532   0.250100149956        0.450000000000         13.2312364832     
      533   0.291777235224       -0.400000000000         13.2303830256     
      534   0.291777235224       -0.300000000000         13.2303830256     
      535   0.291777235224       -0.200000000000         13.2303830256     
      536   0.291777235224       -0.100000000000         13.2303830256     
      537   0.291777235224         0.00000000000         13.2303830256     
      538   0.291777235224        0.100000000000         13.2303830256     
      539   0.291777235224        0.200000000000         13.2303830256     
      540   0.291777235224        0.300000000000         13.2303830256     

 
      541   0.291777235224        0.400000000000         13.2303830256     
      542   0.333451425307       -0.450000000000         13.2293982897     
      543   0.333451425307       -0.400000000000         13.2293982897     
      544   0.333451425307       -0.350000000000         13.2293982897     
      545   0.333451425307       -0.300000000000         13.2293982897     
      546   0.333451425307       -0.250000000000         13.2293982897     
      547   0.333451425307       -0.200000000000         13.2293982897     
      548   0.333451425307       -0.150000000000         13.2293982897     
      549   0.333451425307       -0.100000000000         13.2293982897     
      550   0.333451425307       -0.500000000000E-001    13.2293982897     
      551   0.333451425307         0.00000000000         13.2293982897     
      552   0.333451425307        0.500000000000E-001    13.2293982897     
      553   0.333451425307        0.100000000000         13.2293982897     
      554   0.333451425307        0.150000000000         13.2293982897     
      555   0.333451425307        0.200000000000         13.2293982897     
      556   0.333451425307        0.250000000000         13.2293982897     
      557   0.333451425307        0.300000000000         13.2293982897     
      558   0.333451425307        0.350000000000         13.2293982897     
      559   0.333451425307        0.400000000000         13.2293982897     
      560   0.333451425307        0.450000000000         13.2293982897     

 
      561   0.375122306678       -0.400000000000         13.2282822851     
      562   0.375122306678       -0.300000000000         13.2282822851     
      563   0.375122306678       -0.200000000000         13.2282822851     
      564   0.375122306678       -0.100000000000         13.2282822851     
      565   0.375122306678         0.00000000000         13.2282822851     
      566   0.375122306678        0.100000000000         13.2282822851     
      567   0.375122306678        0.200000000000         13.2282822851     
      568   0.375122306678        0.300000000000         13.2282822851     
      569   0.375122306678        0.400000000000         13.2282822851     
      570   0.416789465838       -0.450000000000         13.2270350231     
      571   0.416789465838       -0.400000000000         13.2270350231     
      572   0.416789465838       -0.350000000000         13.2270350231     
      573   0.416789465838       -0.300000000000         13.2270350231     
      574   0.416789465838       -0.250000000000         13.2270350231     
      575   0.416789465838       -0.200000000000         13.2270350231     
      576   0.416789465838       -0.150000000000         13.2270350231     
      577   0.416789465838       -0.100000000000         13.2270350231     
      578   0.416789465838       -0.500000000000E-001    13.2270350231     
      579   0.416789465838         0.00000000000         13.2270350231     
      580   0.416789465838        0.500000000000E-001    13.2270350231     

 
      581   0.416789465838        0.100000000000         13.2270350231     
      582   0.416789465838        0.150000000000         13.2270350231     
      583   0.416789465838        0.200000000000         13.2270350231     
      584   0.416789465838        0.250000000000         13.2270350231     
      585   0.416789465838        0.300000000000         13.2270350231     
      586   0.416789465838        0.350000000000         13.2270350231     
      587   0.416789465838        0.400000000000         13.2270350231     
      588   0.416789465838        0.450000000000         13.2270350231     
      589   0.458452489326       -0.400000000000         13.2256565158     
      590   0.458452489326       -0.300000000000         13.2256565158     
      591   0.458452489326       -0.200000000000         13.2256565158     
      592   0.458452489326       -0.100000000000         13.2256565158     
      593   0.458452489326         0.00000000000         13.2256565158     
      594   0.458452489326        0.100000000000         13.2256565158     
      595   0.458452489326        0.200000000000         13.2256565158     
      596   0.458452489326        0.300000000000         13.2256565158     
      597   0.458452489326        0.400000000000         13.2256565158     
      598   0.999507433969       -0.500000000000         13.1958006142     
      599   0.541764476030       -0.500000000000         13.2225058220     
      600   0.583412612672       -0.500000000000         13.2207336666     

 
      601   0.625054960397       -0.500000000000         13.2188303286     
      602   0.666691106017       -0.500000000000         13.2167958269     
      603   0.708320636399       -0.500000000000         13.2146301816     
      604   0.749943138478       -0.500000000000         13.2123334142     
      605   0.791558199256       -0.500000000000         13.2099055476     
      606   0.833165405806       -0.500000000000         13.2073466058     
      607   0.874764345278       -0.500000000000         13.2046566143     
      608   0.916354604905       -0.500000000000         13.2018355996     
      609   0.957935772000       -0.500000000000         13.1988835898     
      610   0.999507433969        0.500000000000         13.1958006142     
      611   0.999507433969       -0.450000000000         13.1958006142     
      612   0.999507433969       -0.400000000000         13.1958006142     
      613   0.999507433969       -0.350000000000         13.1958006142     
      614   0.999507433969       -0.300000000000         13.1958006142     
      615   0.999507433969       -0.250000000000         13.1958006142     
      616   0.999507433969       -0.200000000000         13.1958006142     
      617   0.999507433969       -0.150000000000         13.1958006142     
      618   0.999507433969       -0.100000000000         13.1958006142     
      619   0.999507433969       -0.500000000000E-001    13.1958006142     
      620   0.999507433969         0.00000000000         13.1958006142     

 
      621   0.999507433969        0.500000000000E-001    13.1958006142     
      622   0.999507433969        0.100000000000         13.1958006142     
      623   0.999507433969        0.150000000000         13.1958006142     
      624   0.999507433969        0.200000000000         13.1958006142     
      625   0.999507433969        0.250000000000         13.1958006142     
      626   0.999507433969        0.300000000000         13.1958006142     
      627   0.999507433969        0.350000000000         13.1958006142     
      628   0.999507433969        0.400000000000         13.1958006142     
      629   0.999507433969        0.450000000000         13.1958006142     
      630   0.541764476030        0.500000000000         13.2225058220     
      631   0.583412612672        0.500000000000         13.2207336666     
      632   0.625054960397        0.500000000000         13.2188303286     
      633   0.666691106017        0.500000000000         13.2167958269     
      634   0.708320636399        0.500000000000         13.2146301816     
      635   0.749943138478        0.500000000000         13.2123334142     
      636   0.791558199256        0.500000000000         13.2099055476     
      637   0.833165405806        0.500000000000         13.2073466058     
      638   0.874764345278        0.500000000000         13.2046566143     
      639   0.916354604905        0.500000000000         13.2018355996     
      640   0.957935772000        0.500000000000         13.1988835898     

 
      641   0.541764476312       -0.400000000000         13.2225058220     
      642   0.541764476312       -0.300000000000         13.2225058220     
      643   0.541764476312       -0.200000000000         13.2225058220     
      644   0.541764476312       -0.100000000000         13.2225058220     
      645   0.541764476312         0.00000000000         13.2225058220     
      646   0.541764476312        0.100000000000         13.2225058220     
      647   0.541764476312        0.200000000000         13.2225058220     
      648   0.541764476312        0.300000000000         13.2225058220     
      649   0.541764476312        0.400000000000         13.2225058220     
      650   0.583412613073       -0.450000000000         13.2207336666     
      651   0.583412613073       -0.400000000000         13.2207336666     
      652   0.583412613073       -0.350000000000         13.2207336666     
      653   0.583412613073       -0.300000000000         13.2207336666     
      654   0.583412613073       -0.250000000000         13.2207336666     
      655   0.583412613073       -0.200000000000         13.2207336666     
      656   0.583412613073       -0.150000000000         13.2207336666     
      657   0.583412613073       -0.100000000000         13.2207336666     
      658   0.583412613073       -0.500000000000E-001    13.2207336666     
      659   0.583412613073         0.00000000000         13.2207336666     
      660   0.583412613073        0.500000000000E-001    13.2207336666     

 
      661   0.583412613073        0.100000000000         13.2207336666     
      662   0.583412613073        0.150000000000         13.2207336666     
      663   0.583412613073        0.200000000000         13.2207336666     
      664   0.583412613073        0.250000000000         13.2207336666     
      665   0.583412613073        0.300000000000         13.2207336666     
      666   0.583412613073        0.350000000000         13.2207336666     
      667   0.583412613073        0.400000000000         13.2207336666     
      668   0.583412613073        0.450000000000         13.2207336666     
      669   0.625054960790       -0.400000000000         13.2188303286     
      670   0.625054960790       -0.300000000000         13.2188303286     
      671   0.625054960790       -0.200000000000         13.2188303286     
      672   0.625054960790       -0.100000000000         13.2188303286     
      673   0.625054960790         0.00000000000         13.2188303286     
      674   0.625054960790        0.100000000000         13.2188303286     
      675   0.625054960790        0.200000000000         13.2188303286     
      676   0.625054960790        0.300000000000         13.2188303286     
      677   0.625054960790        0.400000000000         13.2188303286     
      678   0.666691106305       -0.450000000000         13.2167958269     
      679   0.666691106305       -0.400000000000         13.2167958269     
      680   0.666691106305       -0.350000000000         13.2167958269     

 
      681   0.666691106305       -0.300000000000         13.2167958269     
      682   0.666691106305       -0.250000000000         13.2167958269     
      683   0.666691106305       -0.200000000000         13.2167958269     
      684   0.666691106305       -0.150000000000         13.2167958269     
      685   0.666691106305       -0.100000000000         13.2167958269     
      686   0.666691106305       -0.500000000000E-001    13.2167958269     
      687   0.666691106305         0.00000000000         13.2167958269     
      688   0.666691106305        0.500000000000E-001    13.2167958269     
      689   0.666691106305        0.100000000000         13.2167958269     
      690   0.666691106305        0.150000000000         13.2167958269     
      691   0.666691106305        0.200000000000         13.2167958269     
      692   0.666691106305        0.250000000000         13.2167958269     
      693   0.666691106305        0.300000000000         13.2167958269     
      694   0.666691106305        0.350000000000         13.2167958269     
      695   0.666691106305        0.400000000000         13.2167958269     
      696   0.666691106305        0.450000000000         13.2167958269     
      697   0.708320636520       -0.400000000000         13.2146301816     
      698   0.708320636520       -0.300000000000         13.2146301816     
      699   0.708320636520       -0.200000000000         13.2146301816     
      700   0.708320636520       -0.100000000000         13.2146301816     

 
      701   0.708320636520         0.00000000000         13.2146301816     
      702   0.708320636520        0.100000000000         13.2146301816     
      703   0.708320636520        0.200000000000         13.2146301816     
      704   0.708320636520        0.300000000000         13.2146301816     
      705   0.708320636520        0.400000000000         13.2146301816     
      706   0.749943138404       -0.450000000000         13.2123334142     
      707   0.749943138404       -0.400000000000         13.2123334142     
      708   0.749943138404       -0.350000000000         13.2123334142     
      709   0.749943138404       -0.300000000000         13.2123334142     
      710   0.749943138404       -0.250000000000         13.2123334142     
      711   0.749943138404       -0.200000000000         13.2123334142     
      712   0.749943138404       -0.150000000000         13.2123334142     
      713   0.749943138404       -0.100000000000         13.2123334142     
      714   0.749943138404       -0.500000000000E-001    13.2123334142     
      715   0.749943138404         0.00000000000         13.2123334142     
      716   0.749943138404        0.500000000000E-001    13.2123334142     
      717   0.749943138404        0.100000000000         13.2123334142     
      718   0.749943138404        0.150000000000         13.2123334142     
      719   0.749943138404        0.200000000000         13.2123334142     
      720   0.749943138404        0.250000000000         13.2123334142     

 
      721   0.749943138404        0.300000000000         13.2123334142     
      722   0.749943138404        0.350000000000         13.2123334142     
      723   0.749943138404        0.400000000000         13.2123334142     
      724   0.749943138404        0.450000000000         13.2123334142     
      725   0.791558198990       -0.400000000000         13.2099055476     
      726   0.791558198990       -0.300000000000         13.2099055476     
      727   0.791558198990       -0.200000000000         13.2099055476     
      728   0.791558198990       -0.100000000000         13.2099055476     
      729   0.791558198990         0.00000000000         13.2099055476     
      730   0.791558198990        0.100000000000         13.2099055476     
      731   0.791558198990        0.200000000000         13.2099055476     
      732   0.791558198990        0.300000000000         13.2099055476     
      733   0.791558198990        0.400000000000         13.2099055476     
      734   0.833165405385       -0.450000000000         13.2073466059     
      735   0.833165405385       -0.400000000000         13.2073466059     
      736   0.833165405385       -0.350000000000         13.2073466059     
      737   0.833165405385       -0.300000000000         13.2073466059     
      738   0.833165405385       -0.250000000000         13.2073466059     
      739   0.833165405385       -0.200000000000         13.2073466059     
      740   0.833165405385       -0.150000000000         13.2073466059     

 
      741   0.833165405385       -0.100000000000         13.2073466059     
      742   0.833165405385       -0.500000000000E-001    13.2073466059     
      743   0.833165405385         0.00000000000         13.2073466059     
      744   0.833165405385        0.500000000000E-001    13.2073466059     
      745   0.833165405385        0.100000000000         13.2073466059     
      746   0.833165405385        0.150000000000         13.2073466059     
      747   0.833165405385        0.200000000000         13.2073466059     
      748   0.833165405385        0.250000000000         13.2073466059     
      749   0.833165405385        0.300000000000         13.2073466059     
      750   0.833165405385        0.350000000000         13.2073466059     
      751   0.833165405385        0.400000000000         13.2073466059     
      752   0.833165405385        0.450000000000         13.2073466059     
      753   0.874764344774       -0.400000000000         13.2046566143     
      754   0.874764344774       -0.300000000000         13.2046566143     
      755   0.874764344774       -0.200000000000         13.2046566143     
      756   0.874764344774       -0.100000000000         13.2046566143     
      757   0.874764344774         0.00000000000         13.2046566143     
      758   0.874764344774        0.100000000000         13.2046566143     
      759   0.874764344774        0.200000000000         13.2046566143     
      760   0.874764344774        0.300000000000         13.2046566143     

 
      761   0.874764344774        0.400000000000         13.2046566143     
      762   0.916354604421       -0.450000000000         13.2018355996     
      763   0.916354604421       -0.400000000000         13.2018355996     
      764   0.916354604421       -0.350000000000         13.2018355996     
      765   0.916354604421       -0.300000000000         13.2018355996     
      766   0.916354604421       -0.250000000000         13.2018355996     
      767   0.916354604421       -0.200000000000         13.2018355996     
      768   0.916354604421       -0.150000000000         13.2018355996     
      769   0.916354604421       -0.100000000000         13.2018355996     
      770   0.916354604421       -0.500000000000E-001    13.2018355996     
      771   0.916354604421         0.00000000000         13.2018355996     
      772   0.916354604421        0.500000000000E-001    13.2018355996     
      773   0.916354604421        0.100000000000         13.2018355996     
      774   0.916354604421        0.150000000000         13.2018355996     
      775   0.916354604421        0.200000000000         13.2018355996     
      776   0.916354604421        0.250000000000         13.2018355996     
      777   0.916354604421        0.300000000000         13.2018355996     
      778   0.916354604421        0.350000000000         13.2018355996     
      779   0.916354604421        0.400000000000         13.2018355996     
      780   0.916354604421        0.450000000000         13.2018355996     

 
      781   0.957935771673       -0.400000000000         13.1988835898     
      782   0.957935771673       -0.300000000000         13.1988835898     
      783   0.957935771673       -0.200000000000         13.1988835898     
      784   0.957935771673       -0.100000000000         13.1988835898     
      785   0.957935771673         0.00000000000         13.1988835898     
      786   0.957935771673        0.100000000000         13.1988835898     
      787   0.957935771673        0.200000000000         13.1988835898     
      788   0.957935771673        0.300000000000         13.1988835898     
      789   0.957935771673        0.400000000000         13.1988835898     

