
 

 
        1  -0.999437252861       -0.500000000000         15.2367567227     
        2  -0.499986735977       -0.500000000000         15.2613119853     
        3  -0.957849933836       -0.500000000000         15.2394276059     
        4  -0.916255480422       -0.500000000000         15.2419849805     
        5  -0.874654202424       -0.500000000000         15.2444288275     
        6  -0.833046409702       -0.500000000000         15.2467591287     
        7  -0.791432412161       -0.500000000000         15.2489758668     
        8  -0.749812519757       -0.500000000000         15.2510790253     
        9  -0.708187042488       -0.500000000000         15.2530685884     
       10  -0.666556290395       -0.500000000000         15.2549445414     
       11  -0.624920573561       -0.500000000000         15.2567068703     
       12  -0.583280202104       -0.500000000000         15.2583555620     
       13  -0.541635486180       -0.500000000000         15.2598906041     
       14  -0.499986735977        0.500000000000         15.2613119853     
       15  -0.499986735977       -0.450000000000         15.2613119853     
       16  -0.499986735977       -0.400000000000         15.2613119853     
       17  -0.499986735977       -0.350000000000         15.2613119853     
       18  -0.499986735977       -0.300000000000         15.2613119853     
       19  -0.499986735977       -0.250000000000         15.2613119853     
       20  -0.499986735977       -0.200000000000         15.2613119853     

 
       21  -0.499986735977       -0.150000000000         15.2613119853     
       22  -0.499986735977       -0.100000000000         15.2613119853     
       23  -0.499986735977       -0.500000000000E-001    15.2613119853     
       24  -0.499986735977         0.00000000000         15.2613119853     
       25  -0.499986735977        0.500000000000E-001    15.2613119853     
       26  -0.499986735977        0.100000000000         15.2613119853     
       27  -0.499986735977        0.150000000000         15.2613119853     
       28  -0.499986735977        0.200000000000         15.2613119853     
       29  -0.499986735977        0.250000000000         15.2613119853     
       30  -0.499986735977        0.300000000000         15.2613119853     
       31  -0.499986735977        0.350000000000         15.2613119853     
       32  -0.499986735977        0.400000000000         15.2613119853     
       33  -0.499986735977        0.450000000000         15.2613119853     
       34  -0.999437252861        0.500000000000         15.2367567227     
       35  -0.957849933836        0.500000000000         15.2394276059     
       36  -0.916255480422        0.500000000000         15.2419849805     
       37  -0.874654202424        0.500000000000         15.2444288275     
       38  -0.833046409702        0.500000000000         15.2467591287     
       39  -0.791432412161        0.500000000000         15.2489758668     
       40  -0.749812519757        0.500000000000         15.2510790253     

 
       41  -0.708187042488        0.500000000000         15.2530685884     
       42  -0.666556290395        0.500000000000         15.2549445414     
       43  -0.624920573561        0.500000000000         15.2567068703     
       44  -0.583280202104        0.500000000000         15.2583555620     
       45  -0.541635486180        0.500000000000         15.2598906041     
       46  -0.999437252861       -0.450000000000         15.2367567227     
       47  -0.999437252861       -0.400000000000         15.2367567227     
       48  -0.999437252861       -0.350000000000         15.2367567227     
       49  -0.999437252861       -0.300000000000         15.2367567227     
       50  -0.999437252861       -0.250000000000         15.2367567227     
       51  -0.999437252861       -0.200000000000         15.2367567227     
       52  -0.999437252861       -0.150000000000         15.2367567227     
       53  -0.999437252861       -0.100000000000         15.2367567227     
       54  -0.999437252861       -0.500000000000E-001    15.2367567227     
       55  -0.999437252861         0.00000000000         15.2367567227     
       56  -0.999437252861        0.500000000000E-001    15.2367567227     
       57  -0.999437252861        0.100000000000         15.2367567227     
       58  -0.999437252861        0.150000000000         15.2367567227     
       59  -0.999437252861        0.200000000000         15.2367567227     
       60  -0.999437252861        0.250000000000         15.2367567227     

 
       61  -0.999437252861        0.300000000000         15.2367567227     
       62  -0.999437252861        0.350000000000         15.2367567227     
       63  -0.999437252861        0.400000000000         15.2367567227     
       64  -0.999437252861        0.450000000000         15.2367567227     
       65  -0.957849933615       -0.400000000000         15.2394276059     
       66  -0.957849933615       -0.300000000000         15.2394276059     
       67  -0.957849933615       -0.200000000000         15.2394276059     
       68  -0.957849933615       -0.100000000000         15.2394276059     
       69  -0.957849933615         0.00000000000         15.2394276059     
       70  -0.957849933615        0.100000000000         15.2394276059     
       71  -0.957849933615        0.200000000000         15.2394276059     
       72  -0.957849933615        0.300000000000         15.2394276059     
       73  -0.957849933615        0.400000000000         15.2394276059     
       74  -0.916255480007       -0.450000000000         15.2419849805     
       75  -0.916255480007       -0.400000000000         15.2419849805     
       76  -0.916255480007       -0.350000000000         15.2419849805     
       77  -0.916255480007       -0.300000000000         15.2419849805     
       78  -0.916255480007       -0.250000000000         15.2419849805     
       79  -0.916255480007       -0.200000000000         15.2419849805     
       80  -0.916255480007       -0.150000000000         15.2419849805     

 
       81  -0.916255480007       -0.100000000000         15.2419849805     
       82  -0.916255480007       -0.500000000000E-001    15.2419849805     
       83  -0.916255480007         0.00000000000         15.2419849805     
       84  -0.916255480007        0.500000000000E-001    15.2419849805     
       85  -0.916255480007        0.100000000000         15.2419849805     
       86  -0.916255480007        0.150000000000         15.2419849805     
       87  -0.916255480007        0.200000000000         15.2419849805     
       88  -0.916255480007        0.250000000000         15.2419849805     
       89  -0.916255480007        0.300000000000         15.2419849805     
       90  -0.916255480007        0.350000000000         15.2419849805     
       91  -0.916255480007        0.400000000000         15.2419849805     
       92  -0.916255480007        0.450000000000         15.2419849805     
       93  -0.874654201847       -0.400000000000         15.2444288275     
       94  -0.874654201847       -0.300000000000         15.2444288275     
       95  -0.874654201847       -0.200000000000         15.2444288275     
       96  -0.874654201847       -0.100000000000         15.2444288275     
       97  -0.874654201847         0.00000000000         15.2444288275     
       98  -0.874654201847        0.100000000000         15.2444288275     
       99  -0.874654201847        0.200000000000         15.2444288275     
      100  -0.874654201847        0.300000000000         15.2444288275     

 
      101  -0.874654201847        0.400000000000         15.2444288275     
      102  -0.833046408998       -0.450000000000         15.2467591288     
      103  -0.833046408998       -0.400000000000         15.2467591288     
      104  -0.833046408998       -0.350000000000         15.2467591288     
      105  -0.833046408998       -0.300000000000         15.2467591288     
      106  -0.833046408998       -0.250000000000         15.2467591288     
      107  -0.833046408998       -0.200000000000         15.2467591288     
      108  -0.833046408998       -0.150000000000         15.2467591288     
      109  -0.833046408998       -0.100000000000         15.2467591288     
      110  -0.833046408998       -0.500000000000E-001    15.2467591288     
      111  -0.833046408998         0.00000000000         15.2467591288     
      112  -0.833046408998        0.500000000000E-001    15.2467591288     
      113  -0.833046408998        0.100000000000         15.2467591288     
      114  -0.833046408998        0.150000000000         15.2467591288     
      115  -0.833046408998        0.200000000000         15.2467591288     
      116  -0.833046408998        0.250000000000         15.2467591288     
      117  -0.833046408998        0.300000000000         15.2467591288     
      118  -0.833046408998        0.350000000000         15.2467591288     
      119  -0.833046408998        0.400000000000         15.2467591288     
      120  -0.833046408998        0.450000000000         15.2467591288     

 
      121  -0.791432411370       -0.400000000000         15.2489758669     
      122  -0.791432411370       -0.300000000000         15.2489758669     
      123  -0.791432411370       -0.200000000000         15.2489758669     
      124  -0.791432411370       -0.100000000000         15.2489758669     
      125  -0.791432411370         0.00000000000         15.2489758669     
      126  -0.791432411370        0.100000000000         15.2489758669     
      127  -0.791432411370        0.200000000000         15.2489758669     
      128  -0.791432411370        0.300000000000         15.2489758669     
      129  -0.791432411370        0.400000000000         15.2489758669     
      130  -0.749812518920       -0.450000000000         15.2510790253     
      131  -0.749812518920       -0.400000000000         15.2510790253     
      132  -0.749812518920       -0.350000000000         15.2510790253     
      133  -0.749812518920       -0.300000000000         15.2510790253     
      134  -0.749812518920       -0.250000000000         15.2510790253     
      135  -0.749812518920       -0.200000000000         15.2510790253     
      136  -0.749812518920       -0.150000000000         15.2510790253     
      137  -0.749812518920       -0.100000000000         15.2510790253     
      138  -0.749812518920       -0.500000000000E-001    15.2510790253     
      139  -0.749812518920         0.00000000000         15.2510790253     
      140  -0.749812518920        0.500000000000E-001    15.2510790253     

 
      141  -0.749812518920        0.100000000000         15.2510790253     
      142  -0.749812518920        0.150000000000         15.2510790253     
      143  -0.749812518920        0.200000000000         15.2510790253     
      144  -0.749812518920        0.250000000000         15.2510790253     
      145  -0.749812518920        0.300000000000         15.2510790253     
      146  -0.749812518920        0.350000000000         15.2510790253     
      147  -0.749812518920        0.400000000000         15.2510790253     
      148  -0.749812518920        0.450000000000         15.2510790253     
      149  -0.708187041653       -0.400000000000         15.2530685885     
      150  -0.708187041653       -0.300000000000         15.2530685885     
      151  -0.708187041653       -0.200000000000         15.2530685885     
      152  -0.708187041653       -0.100000000000         15.2530685885     
      153  -0.708187041653         0.00000000000         15.2530685885     
      154  -0.708187041653        0.100000000000         15.2530685885     
      155  -0.708187041653        0.200000000000         15.2530685885     
      156  -0.708187041653        0.300000000000         15.2530685885     
      157  -0.708187041653        0.400000000000         15.2530685885     
      158  -0.666556289612       -0.450000000000         15.2549445414     
      159  -0.666556289612       -0.400000000000         15.2549445414     
      160  -0.666556289612       -0.350000000000         15.2549445414     

 
      161  -0.666556289612       -0.300000000000         15.2549445414     
      162  -0.666556289612       -0.250000000000         15.2549445414     
      163  -0.666556289612       -0.200000000000         15.2549445414     
      164  -0.666556289612       -0.150000000000         15.2549445414     
      165  -0.666556289612       -0.100000000000         15.2549445414     
      166  -0.666556289612       -0.500000000000E-001    15.2549445414     
      167  -0.666556289612         0.00000000000         15.2549445414     
      168  -0.666556289612        0.500000000000E-001    15.2549445414     
      169  -0.666556289612        0.100000000000         15.2549445414     
      170  -0.666556289612        0.150000000000         15.2549445414     
      171  -0.666556289612        0.200000000000         15.2549445414     
      172  -0.666556289612        0.250000000000         15.2549445414     
      173  -0.666556289612        0.300000000000         15.2549445414     
      174  -0.666556289612        0.350000000000         15.2549445414     
      175  -0.666556289612        0.400000000000         15.2549445414     
      176  -0.666556289612        0.450000000000         15.2549445414     
      177  -0.624920572883       -0.400000000000         15.2567068703     
      178  -0.624920572883       -0.300000000000         15.2567068703     
      179  -0.624920572883       -0.200000000000         15.2567068703     
      180  -0.624920572883       -0.100000000000         15.2567068703     

 
      181  -0.624920572883         0.00000000000         15.2567068703     
      182  -0.624920572883        0.100000000000         15.2567068703     
      183  -0.624920572883        0.200000000000         15.2567068703     
      184  -0.624920572883        0.300000000000         15.2567068703     
      185  -0.624920572883        0.400000000000         15.2567068703     
      186  -0.583280201590       -0.450000000000         15.2583555620     
      187  -0.583280201590       -0.400000000000         15.2583555620     
      188  -0.583280201590       -0.350000000000         15.2583555620     
      189  -0.583280201590       -0.300000000000         15.2583555620     
      190  -0.583280201590       -0.250000000000         15.2583555620     
      191  -0.583280201590       -0.200000000000         15.2583555620     
      192  -0.583280201590       -0.150000000000         15.2583555620     
      193  -0.583280201590       -0.100000000000         15.2583555620     
      194  -0.583280201590       -0.500000000000E-001    15.2583555620     
      195  -0.583280201590         0.00000000000         15.2583555620     
      196  -0.583280201590        0.500000000000E-001    15.2583555620     
      197  -0.583280201590        0.100000000000         15.2583555620     
      198  -0.583280201590        0.150000000000         15.2583555620     
      199  -0.583280201590        0.200000000000         15.2583555620     
      200  -0.583280201590        0.250000000000         15.2583555620     

 
      201  -0.583280201590        0.300000000000         15.2583555620     
      202  -0.583280201590        0.350000000000         15.2583555620     
      203  -0.583280201590        0.400000000000         15.2583555620     
      204  -0.583280201590        0.450000000000         15.2583555620     
      205  -0.541635485891       -0.400000000000         15.2598906041     
      206  -0.541635485891       -0.300000000000         15.2598906041     
      207  -0.541635485891       -0.200000000000         15.2598906041     
      208  -0.541635485891       -0.100000000000         15.2598906041     
      209  -0.541635485891         0.00000000000         15.2598906041     
      210  -0.541635485891        0.100000000000         15.2598906041     
      211  -0.541635485891        0.200000000000         15.2598906041     
      212  -0.541635485891        0.300000000000         15.2598906041     
      213  -0.541635485891        0.400000000000         15.2598906041     
      214    0.00000000000       -0.500000000000         15.2695000000     
      215  -0.458334261671       -0.500000000000         15.2626196950     
      216  -0.416678373542       -0.500000000000         15.2638137234     
      217  -0.375019381852       -0.500000000000         15.2648940617     
      218  -0.333357596891       -0.500000000000         15.2658607017     
      219  -0.291693328966       -0.500000000000         15.2667136363     
      220  -0.250026888408       -0.500000000000         15.2674528591     

 
      221  -0.208358585561       -0.500000000000         15.2680783647     
      222  -0.166688730786       -0.500000000000         15.2685901483     
      223  -0.125017634455       -0.500000000000         15.2689882062     
      224  -0.833456069530E-001  -0.500000000000         15.2692725354     
      225  -0.416729586691E-001  -0.500000000000         15.2694431337     
      226    0.00000000000        0.500000000000         15.2695000000     
      227    0.00000000000       -0.450000000000         15.2695000000     
      228    0.00000000000       -0.400000000000         15.2695000000     
      229    0.00000000000       -0.350000000000         15.2695000000     
      230    0.00000000000       -0.300000000000         15.2695000000     
      231    0.00000000000       -0.250000000000         15.2695000000     
      232    0.00000000000       -0.200000000000         15.2695000000     
      233    0.00000000000       -0.150000000000         15.2695000000     
      234    0.00000000000       -0.100000000000         15.2695000000     
      235    0.00000000000       -0.500000000000E-001    15.2695000000     
      236    0.00000000000         0.00000000000         15.2695000000     
      237    0.00000000000        0.500000000000E-001    15.2695000000     
      238    0.00000000000        0.100000000000         15.2695000000     
      239    0.00000000000        0.150000000000         15.2695000000     
      240    0.00000000000        0.200000000000         15.2695000000     

 
      241    0.00000000000        0.250000000000         15.2695000000     
      242    0.00000000000        0.300000000000         15.2695000000     
      243    0.00000000000        0.350000000000         15.2695000000     
      244    0.00000000000        0.400000000000         15.2695000000     
      245    0.00000000000        0.450000000000         15.2695000000     
      246  -0.458334261671        0.500000000000         15.2626196950     
      247  -0.416678373542        0.500000000000         15.2638137234     
      248  -0.375019381852        0.500000000000         15.2648940617     
      249  -0.333357596891        0.500000000000         15.2658607017     
      250  -0.291693328966        0.500000000000         15.2667136363     
      251  -0.250026888408        0.500000000000         15.2674528591     
      252  -0.208358585561        0.500000000000         15.2680783647     
      253  -0.166688730786        0.500000000000         15.2685901483     
      254  -0.125017634455        0.500000000000         15.2689882062     
      255  -0.833456069530E-001   0.500000000000         15.2692725354     
      256  -0.416729586691E-001   0.500000000000         15.2694431337     
      257  -0.458334260526       -0.400000000000         15.2626196951     
      258  -0.458334260526       -0.300000000000         15.2626196951     
      259  -0.458334260526       -0.200000000000         15.2626196951     
      260  -0.458334260526       -0.100000000000         15.2626196951     

 
      261  -0.458334260526         0.00000000000         15.2626196951     
      262  -0.458334260526        0.100000000000         15.2626196951     
      263  -0.458334260526        0.200000000000         15.2626196951     
      264  -0.458334260526        0.300000000000         15.2626196951     
      265  -0.458334260526        0.400000000000         15.2626196951     
      266  -0.416678371543       -0.450000000000         15.2638137235     
      267  -0.416678371543       -0.400000000000         15.2638137235     
      268  -0.416678371543       -0.350000000000         15.2638137235     
      269  -0.416678371543       -0.300000000000         15.2638137235     
      270  -0.416678371543       -0.250000000000         15.2638137235     
      271  -0.416678371543       -0.200000000000         15.2638137235     
      272  -0.416678371543       -0.150000000000         15.2638137235     
      273  -0.416678371543       -0.100000000000         15.2638137235     
      274  -0.416678371543       -0.500000000000E-001    15.2638137235     
      275  -0.416678371543         0.00000000000         15.2638137235     
      276  -0.416678371543        0.500000000000E-001    15.2638137235     
      277  -0.416678371543        0.100000000000         15.2638137235     
      278  -0.416678371543        0.150000000000         15.2638137235     
      279  -0.416678371543        0.200000000000         15.2638137235     
      280  -0.416678371543        0.250000000000         15.2638137235     

 
      281  -0.416678371543        0.300000000000         15.2638137235     
      282  -0.416678371543        0.350000000000         15.2638137235     
      283  -0.416678371543        0.400000000000         15.2638137235     
      284  -0.416678371543        0.450000000000         15.2638137235     
      285  -0.375019379267       -0.400000000000         15.2648940617     
      286  -0.375019379267       -0.300000000000         15.2648940617     
      287  -0.375019379267       -0.200000000000         15.2648940617     
      288  -0.375019379267       -0.100000000000         15.2648940617     
      289  -0.375019379267         0.00000000000         15.2648940617     
      290  -0.375019379267        0.100000000000         15.2648940617     
      291  -0.375019379267        0.200000000000         15.2648940617     
      292  -0.375019379267        0.300000000000         15.2648940617     
      293  -0.375019379267        0.400000000000         15.2648940617     
      294  -0.333357593960       -0.450000000000         15.2658607017     
      295  -0.333357593960       -0.400000000000         15.2658607017     
      296  -0.333357593960       -0.350000000000         15.2658607017     
      297  -0.333357593960       -0.300000000000         15.2658607017     
      298  -0.333357593960       -0.250000000000         15.2658607017     
      299  -0.333357593960       -0.200000000000         15.2658607017     
      300  -0.333357593960       -0.150000000000         15.2658607017     

 
      301  -0.333357593960       -0.100000000000         15.2658607017     
      302  -0.333357593960       -0.500000000000E-001    15.2658607017     
      303  -0.333357593960         0.00000000000         15.2658607017     
      304  -0.333357593960        0.500000000000E-001    15.2658607017     
      305  -0.333357593960        0.100000000000         15.2658607017     
      306  -0.333357593960        0.150000000000         15.2658607017     
      307  -0.333357593960        0.200000000000         15.2658607017     
      308  -0.333357593960        0.250000000000         15.2658607017     
      309  -0.333357593960        0.300000000000         15.2658607017     
      310  -0.333357593960        0.350000000000         15.2658607017     
      311  -0.333357593960        0.400000000000         15.2658607017     
      312  -0.333357593960        0.450000000000         15.2658607017     
      313  -0.291693325907       -0.400000000000         15.2667136363     
      314  -0.291693325907       -0.300000000000         15.2667136363     
      315  -0.291693325907       -0.200000000000         15.2667136363     
      316  -0.291693325907       -0.100000000000         15.2667136363     
      317  -0.291693325907         0.00000000000         15.2667136363     
      318  -0.291693325907        0.100000000000         15.2667136363     
      319  -0.291693325907        0.200000000000         15.2667136363     
      320  -0.291693325907        0.300000000000         15.2667136363     

 
      321  -0.291693325907        0.400000000000         15.2667136363     
      322  -0.250026885412       -0.450000000000         15.2674528592     
      323  -0.250026885412       -0.400000000000         15.2674528592     
      324  -0.250026885412       -0.350000000000         15.2674528592     
      325  -0.250026885412       -0.300000000000         15.2674528592     
      326  -0.250026885412       -0.250000000000         15.2674528592     
      327  -0.250026885412       -0.200000000000         15.2674528592     
      328  -0.250026885412       -0.150000000000         15.2674528592     
      329  -0.250026885412       -0.100000000000         15.2674528592     
      330  -0.250026885412       -0.500000000000E-001    15.2674528592     
      331  -0.250026885412         0.00000000000         15.2674528592     
      332  -0.250026885412        0.500000000000E-001    15.2674528592     
      333  -0.250026885412        0.100000000000         15.2674528592     
      334  -0.250026885412        0.150000000000         15.2674528592     
      335  -0.250026885412        0.200000000000         15.2674528592     
      336  -0.250026885412        0.250000000000         15.2674528592     
      337  -0.250026885412        0.300000000000         15.2674528592     
      338  -0.250026885412        0.350000000000         15.2674528592     
      339  -0.250026885412        0.400000000000         15.2674528592     
      340  -0.250026885412        0.450000000000         15.2674528592     

 
      341  -0.208358582795       -0.400000000000         15.2680783647     
      342  -0.208358582795       -0.300000000000         15.2680783647     
      343  -0.208358582795       -0.200000000000         15.2680783647     
      344  -0.208358582795       -0.100000000000         15.2680783647     
      345  -0.208358582795         0.00000000000         15.2680783647     
      346  -0.208358582795        0.100000000000         15.2680783647     
      347  -0.208358582795        0.200000000000         15.2680783647     
      348  -0.208358582795        0.300000000000         15.2680783647     
      349  -0.208358582795        0.400000000000         15.2680783647     
      350  -0.166688728390       -0.450000000000         15.2685901483     
      351  -0.166688728390       -0.400000000000         15.2685901483     
      352  -0.166688728390       -0.350000000000         15.2685901483     
      353  -0.166688728390       -0.300000000000         15.2685901483     
      354  -0.166688728390       -0.250000000000         15.2685901483     
      355  -0.166688728390       -0.200000000000         15.2685901483     
      356  -0.166688728390       -0.150000000000         15.2685901483     
      357  -0.166688728390       -0.100000000000         15.2685901483     
      358  -0.166688728390       -0.500000000000E-001    15.2685901483     
      359  -0.166688728390         0.00000000000         15.2685901483     
      360  -0.166688728390        0.500000000000E-001    15.2685901483     

 
      361  -0.166688728390        0.100000000000         15.2685901483     
      362  -0.166688728390        0.150000000000         15.2685901483     
      363  -0.166688728390        0.200000000000         15.2685901483     
      364  -0.166688728390        0.250000000000         15.2685901483     
      365  -0.166688728390        0.300000000000         15.2685901483     
      366  -0.166688728390        0.350000000000         15.2685901483     
      367  -0.166688728390        0.400000000000         15.2685901483     
      368  -0.166688728390        0.450000000000         15.2685901483     
      369  -0.125017632547       -0.400000000000         15.2689882062     
      370  -0.125017632547       -0.300000000000         15.2689882062     
      371  -0.125017632547       -0.200000000000         15.2689882062     
      372  -0.125017632547       -0.100000000000         15.2689882062     
      373  -0.125017632547         0.00000000000         15.2689882062     
      374  -0.125017632547        0.100000000000         15.2689882062     
      375  -0.125017632547        0.200000000000         15.2689882062     
      376  -0.125017632547        0.300000000000         15.2689882062     
      377  -0.125017632547        0.400000000000         15.2689882062     
      378  -0.833456056233E-001  -0.450000000000         15.2692725354     
      379  -0.833456056233E-001  -0.400000000000         15.2692725354     
      380  -0.833456056233E-001  -0.350000000000         15.2692725354     

 
      381  -0.833456056233E-001  -0.300000000000         15.2692725354     
      382  -0.833456056233E-001  -0.250000000000         15.2692725354     
      383  -0.833456056233E-001  -0.200000000000         15.2692725354     
      384  -0.833456056233E-001  -0.150000000000         15.2692725354     
      385  -0.833456056233E-001  -0.100000000000         15.2692725354     
      386  -0.833456056233E-001  -0.500000000000E-001    15.2692725354     
      387  -0.833456056233E-001    0.00000000000         15.2692725354     
      388  -0.833456056233E-001   0.500000000000E-001    15.2692725354     
      389  -0.833456056233E-001   0.100000000000         15.2692725354     
      390  -0.833456056233E-001   0.150000000000         15.2692725354     
      391  -0.833456056233E-001   0.200000000000         15.2692725354     
      392  -0.833456056233E-001   0.250000000000         15.2692725354     
      393  -0.833456056233E-001   0.300000000000         15.2692725354     
      394  -0.833456056233E-001   0.350000000000         15.2692725354     
      395  -0.833456056233E-001   0.400000000000         15.2692725354     
      396  -0.833456056233E-001   0.450000000000         15.2692725354     
      397  -0.416729579838E-001  -0.400000000000         15.2694431337     
      398  -0.416729579838E-001  -0.300000000000         15.2694431337     
      399  -0.416729579838E-001  -0.200000000000         15.2694431337     
      400  -0.416729579838E-001  -0.100000000000         15.2694431337     

 
      401  -0.416729579838E-001    0.00000000000         15.2694431337     
      402  -0.416729579838E-001   0.100000000000         15.2694431337     
      403  -0.416729579838E-001   0.200000000000         15.2694431337     
      404  -0.416729579838E-001   0.300000000000         15.2694431337     
      405  -0.416729579838E-001   0.400000000000         15.2694431337     
      406   0.499986735977       -0.500000000000         15.2613119853     
      407   0.416729586983E-001  -0.500000000000         15.2694431338     
      408   0.833456069931E-001  -0.500000000000         15.2692725354     
      409   0.125017634496       -0.500000000000         15.2689882062     
      410   0.166688730822       -0.500000000000         15.2685901483     
      411   0.208358585593       -0.500000000000         15.2680783647     
      412   0.250026888438       -0.500000000000         15.2674528591     
      413   0.291693328998       -0.500000000000         15.2667136363     
      414   0.333357596927       -0.500000000000         15.2658607017     
      415   0.375019381892       -0.500000000000         15.2648940616     
      416   0.416678373581       -0.500000000000         15.2638137234     
      417   0.458334261700       -0.500000000000         15.2626196950     
      418   0.499986735977        0.500000000000         15.2613119853     
      419   0.499986735977       -0.450000000000         15.2613119853     
      420   0.499986735977       -0.400000000000         15.2613119853     

 
      421   0.499986735977       -0.350000000000         15.2613119853     
      422   0.499986735977       -0.300000000000         15.2613119853     
      423   0.499986735977       -0.250000000000         15.2613119853     
      424   0.499986735977       -0.200000000000         15.2613119853     
      425   0.499986735977       -0.150000000000         15.2613119853     
      426   0.499986735977       -0.100000000000         15.2613119853     
      427   0.499986735977       -0.500000000000E-001    15.2613119853     
      428   0.499986735977         0.00000000000         15.2613119853     
      429   0.499986735977        0.500000000000E-001    15.2613119853     
      430   0.499986735977        0.100000000000         15.2613119853     
      431   0.499986735977        0.150000000000         15.2613119853     
      432   0.499986735977        0.200000000000         15.2613119853     
      433   0.499986735977        0.250000000000         15.2613119853     
      434   0.499986735977        0.300000000000         15.2613119853     
      435   0.499986735977        0.350000000000         15.2613119853     
      436   0.499986735977        0.400000000000         15.2613119853     
      437   0.499986735977        0.450000000000         15.2613119853     
      438   0.416729586983E-001   0.500000000000         15.2694431338     
      439   0.833456069931E-001   0.500000000000         15.2692725354     
      440   0.125017634496        0.500000000000         15.2689882062     

 
      441   0.166688730822        0.500000000000         15.2685901483     
      442   0.208358585593        0.500000000000         15.2680783647     
      443   0.250026888438        0.500000000000         15.2674528591     
      444   0.291693328998        0.500000000000         15.2667136363     
      445   0.333357596927        0.500000000000         15.2658607017     
      446   0.375019381892        0.500000000000         15.2648940616     
      447   0.416678373581        0.500000000000         15.2638137234     
      448   0.458334261700        0.500000000000         15.2626196950     
      449   0.416729598265E-001  -0.400000000000         15.2694431337     
      450   0.416729598265E-001  -0.300000000000         15.2694431337     
      451   0.416729598265E-001  -0.200000000000         15.2694431337     
      452   0.416729598265E-001  -0.100000000000         15.2694431337     
      453   0.416729598265E-001    0.00000000000         15.2694431337     
      454   0.416729598265E-001   0.100000000000         15.2694431337     
      455   0.416729598265E-001   0.200000000000         15.2694431337     
      456   0.416729598265E-001   0.300000000000         15.2694431337     
      457   0.416729598265E-001   0.400000000000         15.2694431337     
      458   0.833456087255E-001  -0.450000000000         15.2692725354     
      459   0.833456087255E-001  -0.400000000000         15.2692725354     
      460   0.833456087255E-001  -0.350000000000         15.2692725354     

 
      461   0.833456087255E-001  -0.300000000000         15.2692725354     
      462   0.833456087255E-001  -0.250000000000         15.2692725354     
      463   0.833456087255E-001  -0.200000000000         15.2692725354     
      464   0.833456087255E-001  -0.150000000000         15.2692725354     
      465   0.833456087255E-001  -0.100000000000         15.2692725354     
      466   0.833456087255E-001  -0.500000000000E-001    15.2692725354     
      467   0.833456087255E-001    0.00000000000         15.2692725354     
      468   0.833456087255E-001   0.500000000000E-001    15.2692725354     
      469   0.833456087255E-001   0.100000000000         15.2692725354     
      470   0.833456087255E-001   0.150000000000         15.2692725354     
      471   0.833456087255E-001   0.200000000000         15.2692725354     
      472   0.833456087255E-001   0.250000000000         15.2692725354     
      473   0.833456087255E-001   0.300000000000         15.2692725354     
      474   0.833456087255E-001   0.350000000000         15.2692725354     
      475   0.833456087255E-001   0.400000000000         15.2692725354     
      476   0.833456087255E-001   0.450000000000         15.2692725354     
      477   0.125017636404       -0.400000000000         15.2689882062     
      478   0.125017636404       -0.300000000000         15.2689882062     
      479   0.125017636404       -0.200000000000         15.2689882062     
      480   0.125017636404       -0.100000000000         15.2689882062     

 
      481   0.125017636404         0.00000000000         15.2689882062     
      482   0.125017636404        0.100000000000         15.2689882062     
      483   0.125017636404        0.200000000000         15.2689882062     
      484   0.125017636404        0.300000000000         15.2689882062     
      485   0.125017636404        0.400000000000         15.2689882062     
      486   0.166688732573       -0.450000000000         15.2685901483     
      487   0.166688732573       -0.400000000000         15.2685901483     
      488   0.166688732573       -0.350000000000         15.2685901483     
      489   0.166688732573       -0.300000000000         15.2685901483     
      490   0.166688732573       -0.250000000000         15.2685901483     
      491   0.166688732573       -0.200000000000         15.2685901483     
      492   0.166688732573       -0.150000000000         15.2685901483     
      493   0.166688732573       -0.100000000000         15.2685901483     
      494   0.166688732573       -0.500000000000E-001    15.2685901483     
      495   0.166688732573         0.00000000000         15.2685901483     
      496   0.166688732573        0.500000000000E-001    15.2685901483     
      497   0.166688732573        0.100000000000         15.2685901483     
      498   0.166688732573        0.150000000000         15.2685901483     
      499   0.166688732573        0.200000000000         15.2685901483     
      500   0.166688732573        0.250000000000         15.2685901483     

 
      501   0.166688732573        0.300000000000         15.2685901483     
      502   0.166688732573        0.350000000000         15.2685901483     
      503   0.166688732573        0.400000000000         15.2685901483     
      504   0.166688732573        0.450000000000         15.2685901483     
      505   0.208358586950       -0.400000000000         15.2680783647     
      506   0.208358586950       -0.300000000000         15.2680783647     
      507   0.208358586950       -0.200000000000         15.2680783647     
      508   0.208358586950       -0.100000000000         15.2680783647     
      509   0.208358586950         0.00000000000         15.2680783647     
      510   0.208358586950        0.100000000000         15.2680783647     
      511   0.208358586950        0.200000000000         15.2680783647     
      512   0.208358586950        0.300000000000         15.2680783647     
      513   0.208358586950        0.400000000000         15.2680783647     
      514   0.250026889260       -0.450000000000         15.2674528591     
      515   0.250026889260       -0.400000000000         15.2674528591     
      516   0.250026889260       -0.350000000000         15.2674528591     
      517   0.250026889260       -0.300000000000         15.2674528591     
      518   0.250026889260       -0.250000000000         15.2674528591     
      519   0.250026889260       -0.200000000000         15.2674528591     
      520   0.250026889260       -0.150000000000         15.2674528591     

 
      521   0.250026889260       -0.100000000000         15.2674528591     
      522   0.250026889260       -0.500000000000E-001    15.2674528591     
      523   0.250026889260         0.00000000000         15.2674528591     
      524   0.250026889260        0.500000000000E-001    15.2674528591     
      525   0.250026889260        0.100000000000         15.2674528591     
      526   0.250026889260        0.150000000000         15.2674528591     
      527   0.250026889260        0.200000000000         15.2674528591     
      528   0.250026889260        0.250000000000         15.2674528591     
      529   0.250026889260        0.300000000000         15.2674528591     
      530   0.250026889260        0.350000000000         15.2674528591     
      531   0.250026889260        0.400000000000         15.2674528591     
      532   0.250026889260        0.450000000000         15.2674528591     
      533   0.291693329240       -0.400000000000         15.2667136363     
      534   0.291693329240       -0.300000000000         15.2667136363     
      535   0.291693329240       -0.200000000000         15.2667136363     
      536   0.291693329240       -0.100000000000         15.2667136363     
      537   0.291693329240         0.00000000000         15.2667136363     
      538   0.291693329240        0.100000000000         15.2667136363     
      539   0.291693329240        0.200000000000         15.2667136363     
      540   0.291693329240        0.300000000000         15.2667136363     

 
      541   0.291693329240        0.400000000000         15.2667136363     
      542   0.333357596637       -0.450000000000         15.2658607017     
      543   0.333357596637       -0.400000000000         15.2658607017     
      544   0.333357596637       -0.350000000000         15.2658607017     
      545   0.333357596637       -0.300000000000         15.2658607017     
      546   0.333357596637       -0.250000000000         15.2658607017     
      547   0.333357596637       -0.200000000000         15.2658607017     
      548   0.333357596637       -0.150000000000         15.2658607017     
      549   0.333357596637       -0.100000000000         15.2658607017     
      550   0.333357596637       -0.500000000000E-001    15.2658607017     
      551   0.333357596637         0.00000000000         15.2658607017     
      552   0.333357596637        0.500000000000E-001    15.2658607017     
      553   0.333357596637        0.100000000000         15.2658607017     
      554   0.333357596637        0.150000000000         15.2658607017     
      555   0.333357596637        0.200000000000         15.2658607017     
      556   0.333357596637        0.250000000000         15.2658607017     
      557   0.333357596637        0.300000000000         15.2658607017     
      558   0.333357596637        0.350000000000         15.2658607017     
      559   0.333357596637        0.400000000000         15.2658607017     
      560   0.333357596637        0.450000000000         15.2658607017     

 
      561   0.375019381218       -0.400000000000         15.2648940617     
      562   0.375019381218       -0.300000000000         15.2648940617     
      563   0.375019381218       -0.200000000000         15.2648940617     
      564   0.375019381218       -0.100000000000         15.2648940617     
      565   0.375019381218         0.00000000000         15.2648940617     
      566   0.375019381218        0.100000000000         15.2648940617     
      567   0.375019381218        0.200000000000         15.2648940617     
      568   0.375019381218        0.300000000000         15.2648940617     
      569   0.375019381218        0.400000000000         15.2648940617     
      570   0.416678372763       -0.450000000000         15.2638137234     
      571   0.416678372763       -0.400000000000         15.2638137234     
      572   0.416678372763       -0.350000000000         15.2638137234     
      573   0.416678372763       -0.300000000000         15.2638137234     
      574   0.416678372763       -0.250000000000         15.2638137234     
      575   0.416678372763       -0.200000000000         15.2638137234     
      576   0.416678372763       -0.150000000000         15.2638137234     
      577   0.416678372763       -0.100000000000         15.2638137234     
      578   0.416678372763       -0.500000000000E-001    15.2638137234     
      579   0.416678372763         0.00000000000         15.2638137234     
      580   0.416678372763        0.500000000000E-001    15.2638137234     

 
      581   0.416678372763        0.100000000000         15.2638137234     
      582   0.416678372763        0.150000000000         15.2638137234     
      583   0.416678372763        0.200000000000         15.2638137234     
      584   0.416678372763        0.250000000000         15.2638137234     
      585   0.416678372763        0.300000000000         15.2638137234     
      586   0.416678372763        0.350000000000         15.2638137234     
      587   0.416678372763        0.400000000000         15.2638137234     
      588   0.416678372763        0.450000000000         15.2638137234     
      589   0.458334261075       -0.400000000000         15.2626196950     
      590   0.458334261075       -0.300000000000         15.2626196950     
      591   0.458334261075       -0.200000000000         15.2626196950     
      592   0.458334261075       -0.100000000000         15.2626196950     
      593   0.458334261075         0.00000000000         15.2626196950     
      594   0.458334261075        0.100000000000         15.2626196950     
      595   0.458334261075        0.200000000000         15.2626196950     
      596   0.458334261075        0.300000000000         15.2626196950     
      597   0.458334261075        0.400000000000         15.2626196950     
      598   0.999437252861       -0.500000000000         15.2367567227     
      599   0.541635486209       -0.500000000000         15.2598906041     
      600   0.583280202144       -0.500000000000         15.2583555620     

 
      601   0.624920573601       -0.500000000000         15.2567068703     
      602   0.666556290431       -0.500000000000         15.2549445414     
      603   0.708187042520       -0.500000000000         15.2530685884     
      604   0.749812519787       -0.500000000000         15.2510790253     
      605   0.791432412193       -0.500000000000         15.2489758668     
      606   0.833046409738       -0.500000000000         15.2467591287     
      607   0.874654202464       -0.500000000000         15.2444288275     
      608   0.916255480461       -0.500000000000         15.2419849805     
      609   0.957849933865       -0.500000000000         15.2394276059     
      610   0.999437252861        0.500000000000         15.2367567227     
      611   0.999437252861       -0.450000000000         15.2367567227     
      612   0.999437252861       -0.400000000000         15.2367567227     
      613   0.999437252861       -0.350000000000         15.2367567227     
      614   0.999437252861       -0.300000000000         15.2367567227     
      615   0.999437252861       -0.250000000000         15.2367567227     
      616   0.999437252861       -0.200000000000         15.2367567227     
      617   0.999437252861       -0.150000000000         15.2367567227     
      618   0.999437252861       -0.100000000000         15.2367567227     
      619   0.999437252861       -0.500000000000E-001    15.2367567227     
      620   0.999437252861         0.00000000000         15.2367567227     

 
      621   0.999437252861        0.500000000000E-001    15.2367567227     
      622   0.999437252861        0.100000000000         15.2367567227     
      623   0.999437252861        0.150000000000         15.2367567227     
      624   0.999437252861        0.200000000000         15.2367567227     
      625   0.999437252861        0.250000000000         15.2367567227     
      626   0.999437252861        0.300000000000         15.2367567227     
      627   0.999437252861        0.350000000000         15.2367567227     
      628   0.999437252861        0.400000000000         15.2367567227     
      629   0.999437252861        0.450000000000         15.2367567227     
      630   0.541635486209        0.500000000000         15.2598906041     
      631   0.583280202144        0.500000000000         15.2583555620     
      632   0.624920573601        0.500000000000         15.2567068703     
      633   0.666556290431        0.500000000000         15.2549445414     
      634   0.708187042520        0.500000000000         15.2530685884     
      635   0.749812519787        0.500000000000         15.2510790253     
      636   0.791432412193        0.500000000000         15.2489758668     
      637   0.833046409738        0.500000000000         15.2467591287     
      638   0.874654202464        0.500000000000         15.2444288275     
      639   0.916255480461        0.500000000000         15.2419849805     
      640   0.957849933865        0.500000000000         15.2394276059     

 
      641   0.541635485923       -0.400000000000         15.2598906041     
      642   0.541635485923       -0.300000000000         15.2598906041     
      643   0.541635485923       -0.200000000000         15.2598906041     
      644   0.541635485923       -0.100000000000         15.2598906041     
      645   0.541635485923         0.00000000000         15.2598906041     
      646   0.541635485923        0.100000000000         15.2598906041     
      647   0.541635485923        0.200000000000         15.2598906041     
      648   0.541635485923        0.300000000000         15.2598906041     
      649   0.541635485923        0.400000000000         15.2598906041     
      650   0.583280201634       -0.450000000000         15.2583555620     
      651   0.583280201634       -0.400000000000         15.2583555620     
      652   0.583280201634       -0.350000000000         15.2583555620     
      653   0.583280201634       -0.300000000000         15.2583555620     
      654   0.583280201634       -0.250000000000         15.2583555620     
      655   0.583280201634       -0.200000000000         15.2583555620     
      656   0.583280201634       -0.150000000000         15.2583555620     
      657   0.583280201634       -0.100000000000         15.2583555620     
      658   0.583280201634       -0.500000000000E-001    15.2583555620     
      659   0.583280201634         0.00000000000         15.2583555620     
      660   0.583280201634        0.500000000000E-001    15.2583555620     

 
      661   0.583280201634        0.100000000000         15.2583555620     
      662   0.583280201634        0.150000000000         15.2583555620     
      663   0.583280201634        0.200000000000         15.2583555620     
      664   0.583280201634        0.250000000000         15.2583555620     
      665   0.583280201634        0.300000000000         15.2583555620     
      666   0.583280201634        0.350000000000         15.2583555620     
      667   0.583280201634        0.400000000000         15.2583555620     
      668   0.583280201634        0.450000000000         15.2583555620     
      669   0.624920572927       -0.400000000000         15.2567068703     
      670   0.624920572927       -0.300000000000         15.2567068703     
      671   0.624920572927       -0.200000000000         15.2567068703     
      672   0.624920572927       -0.100000000000         15.2567068703     
      673   0.624920572927         0.00000000000         15.2567068703     
      674   0.624920572927        0.100000000000         15.2567068703     
      675   0.624920572927        0.200000000000         15.2567068703     
      676   0.624920572927        0.300000000000         15.2567068703     
      677   0.624920572927        0.400000000000         15.2567068703     
      678   0.666556289650       -0.450000000000         15.2549445414     
      679   0.666556289650       -0.400000000000         15.2549445414     
      680   0.666556289650       -0.350000000000         15.2549445414     

 
      681   0.666556289650       -0.300000000000         15.2549445414     
      682   0.666556289650       -0.250000000000         15.2549445414     
      683   0.666556289650       -0.200000000000         15.2549445414     
      684   0.666556289650       -0.150000000000         15.2549445414     
      685   0.666556289650       -0.100000000000         15.2549445414     
      686   0.666556289650       -0.500000000000E-001    15.2549445414     
      687   0.666556289650         0.00000000000         15.2549445414     
      688   0.666556289650        0.500000000000E-001    15.2549445414     
      689   0.666556289650        0.100000000000         15.2549445414     
      690   0.666556289650        0.150000000000         15.2549445414     
      691   0.666556289650        0.200000000000         15.2549445414     
      692   0.666556289650        0.250000000000         15.2549445414     
      693   0.666556289650        0.300000000000         15.2549445414     
      694   0.666556289650        0.350000000000         15.2549445414     
      695   0.666556289650        0.400000000000         15.2549445414     
      696   0.666556289650        0.450000000000         15.2549445414     
      697   0.708187041685       -0.400000000000         15.2530685885     
      698   0.708187041685       -0.300000000000         15.2530685885     
      699   0.708187041685       -0.200000000000         15.2530685885     
      700   0.708187041685       -0.100000000000         15.2530685885     

 
      701   0.708187041685         0.00000000000         15.2530685885     
      702   0.708187041685        0.100000000000         15.2530685885     
      703   0.708187041685        0.200000000000         15.2530685885     
      704   0.708187041685        0.300000000000         15.2530685885     
      705   0.708187041685        0.400000000000         15.2530685885     
      706   0.749812518948       -0.450000000000         15.2510790253     
      707   0.749812518948       -0.400000000000         15.2510790253     
      708   0.749812518948       -0.350000000000         15.2510790253     
      709   0.749812518948       -0.300000000000         15.2510790253     
      710   0.749812518948       -0.250000000000         15.2510790253     
      711   0.749812518948       -0.200000000000         15.2510790253     
      712   0.749812518948       -0.150000000000         15.2510790253     
      713   0.749812518948       -0.100000000000         15.2510790253     
      714   0.749812518948       -0.500000000000E-001    15.2510790253     
      715   0.749812518948         0.00000000000         15.2510790253     
      716   0.749812518948        0.500000000000E-001    15.2510790253     
      717   0.749812518948        0.100000000000         15.2510790253     
      718   0.749812518948        0.150000000000         15.2510790253     
      719   0.749812518948        0.200000000000         15.2510790253     
      720   0.749812518948        0.250000000000         15.2510790253     

 
      721   0.749812518948        0.300000000000         15.2510790253     
      722   0.749812518948        0.350000000000         15.2510790253     
      723   0.749812518948        0.400000000000         15.2510790253     
      724   0.749812518948        0.450000000000         15.2510790253     
      725   0.791432411397       -0.400000000000         15.2489758669     
      726   0.791432411397       -0.300000000000         15.2489758669     
      727   0.791432411397       -0.200000000000         15.2489758669     
      728   0.791432411397       -0.100000000000         15.2489758669     
      729   0.791432411397         0.00000000000         15.2489758669     
      730   0.791432411397        0.100000000000         15.2489758669     
      731   0.791432411397        0.200000000000         15.2489758669     
      732   0.791432411397        0.300000000000         15.2489758669     
      733   0.791432411397        0.400000000000         15.2489758669     
      734   0.833046409027       -0.450000000000         15.2467591288     
      735   0.833046409027       -0.400000000000         15.2467591288     
      736   0.833046409027       -0.350000000000         15.2467591288     
      737   0.833046409027       -0.300000000000         15.2467591288     
      738   0.833046409027       -0.250000000000         15.2467591288     
      739   0.833046409027       -0.200000000000         15.2467591288     
      740   0.833046409027       -0.150000000000         15.2467591288     

 
      741   0.833046409027       -0.100000000000         15.2467591288     
      742   0.833046409027       -0.500000000000E-001    15.2467591288     
      743   0.833046409027         0.00000000000         15.2467591288     
      744   0.833046409027        0.500000000000E-001    15.2467591288     
      745   0.833046409027        0.100000000000         15.2467591288     
      746   0.833046409027        0.150000000000         15.2467591288     
      747   0.833046409027        0.200000000000         15.2467591288     
      748   0.833046409027        0.250000000000         15.2467591288     
      749   0.833046409027        0.300000000000         15.2467591288     
      750   0.833046409027        0.350000000000         15.2467591288     
      751   0.833046409027        0.400000000000         15.2467591288     
      752   0.833046409027        0.450000000000         15.2467591288     
      753   0.874654201880       -0.400000000000         15.2444288275     
      754   0.874654201880       -0.300000000000         15.2444288275     
      755   0.874654201880       -0.200000000000         15.2444288275     
      756   0.874654201880       -0.100000000000         15.2444288275     
      757   0.874654201880         0.00000000000         15.2444288275     
      758   0.874654201880        0.100000000000         15.2444288275     
      759   0.874654201880        0.200000000000         15.2444288275     
      760   0.874654201880        0.300000000000         15.2444288275     

 
      761   0.874654201880        0.400000000000         15.2444288275     
      762   0.916255480039       -0.450000000000         15.2419849805     
      763   0.916255480039       -0.400000000000         15.2419849805     
      764   0.916255480039       -0.350000000000         15.2419849805     
      765   0.916255480039       -0.300000000000         15.2419849805     
      766   0.916255480039       -0.250000000000         15.2419849805     
      767   0.916255480039       -0.200000000000         15.2419849805     
      768   0.916255480039       -0.150000000000         15.2419849805     
      769   0.916255480039       -0.100000000000         15.2419849805     
      770   0.916255480039       -0.500000000000E-001    15.2419849805     
      771   0.916255480039         0.00000000000         15.2419849805     
      772   0.916255480039        0.500000000000E-001    15.2419849805     
      773   0.916255480039        0.100000000000         15.2419849805     
      774   0.916255480039        0.150000000000         15.2419849805     
      775   0.916255480039        0.200000000000         15.2419849805     
      776   0.916255480039        0.250000000000         15.2419849805     
      777   0.916255480039        0.300000000000         15.2419849805     
      778   0.916255480039        0.350000000000         15.2419849805     
      779   0.916255480039        0.400000000000         15.2419849805     
      780   0.916255480039        0.450000000000         15.2419849805     

 
      781   0.957849933639       -0.400000000000         15.2394276059     
      782   0.957849933639       -0.300000000000         15.2394276059     
      783   0.957849933639       -0.200000000000         15.2394276059     
      784   0.957849933639       -0.100000000000         15.2394276059     
      785   0.957849933639         0.00000000000         15.2394276059     
      786   0.957849933639        0.100000000000         15.2394276059     
      787   0.957849933639        0.200000000000         15.2394276059     
      788   0.957849933639        0.300000000000         15.2394276059     
      789   0.957849933639        0.400000000000         15.2394276059     

