
 
        1  -0.999267893637       -0.500000000000         14.8698619777     
        2  -0.499915273369       -0.500000000000         14.8950131346     
        3  -0.957690386525       -0.500000000000         14.8725976441     
        4  -0.916105393465       -0.500000000000         14.8752170562     
        5  -0.874513239508       -0.500000000000         14.8777201934     
        6  -0.832914249765       -0.500000000000         14.8801070363     
        7  -0.791308749398       -0.500000000000         14.8823775662     
        8  -0.749697063624       -0.500000000000         14.8845317653     
        9  -0.708079517706       -0.500000000000         14.8865696168     
       10  -0.666456436957       -0.500000000000         14.8884911048     
       11  -0.624828146732       -0.500000000000         14.8902962142     
       12  -0.583194972429       -0.500000000000         14.8919849310     
       13  -0.541557239483       -0.500000000000         14.8935572419     
       14  -0.499915273369        0.500000000000         14.8950131346     
       15  -0.499915273369       -0.450000000000         14.8950131346     
       16  -0.499915273369       -0.400000000000         14.8950131346     
       17  -0.499915273369       -0.350000000000         14.8950131346     
       18  -0.499915273369       -0.300000000000         14.8950131346     
       19  -0.499915273369       -0.250000000000         14.8950131346     
       20  -0.499915273369       -0.200000000000         14.8950131346     

 
       21  -0.499915273369       -0.150000000000         14.8950131346     
       22  -0.499915273369       -0.100000000000         14.8950131346     
       23  -0.499915273369       -0.500000000000E-001    14.8950131346     
       24  -0.499915273369         0.00000000000         14.8950131346     
       25  -0.499915273369        0.500000000000E-001    14.8950131346     
       26  -0.499915273369        0.100000000000         14.8950131346     
       27  -0.499915273369        0.150000000000         14.8950131346     
       28  -0.499915273369        0.200000000000         14.8950131346     
       29  -0.499915273369        0.250000000000         14.8950131346     
       30  -0.499915273369        0.300000000000         14.8950131346     
       31  -0.499915273369        0.350000000000         14.8950131346     
       32  -0.499915273369        0.400000000000         14.8950131346     
       33  -0.499915273369        0.450000000000         14.8950131346     
       34  -0.999267893637        0.500000000000         14.8698619777     
       35  -0.957690386525        0.500000000000         14.8725976441     
       36  -0.916105393465        0.500000000000         14.8752170562     
       37  -0.874513239508        0.500000000000         14.8777201934     
       38  -0.832914249765        0.500000000000         14.8801070363     
       39  -0.791308749398        0.500000000000         14.8823775662     
       40  -0.749697063624        0.500000000000         14.8845317653     

 
       41  -0.708079517706        0.500000000000         14.8865696168     
       42  -0.666456436957        0.500000000000         14.8884911048     
       43  -0.624828146732        0.500000000000         14.8902962142     
       44  -0.583194972429        0.500000000000         14.8919849310     
       45  -0.541557239483        0.500000000000         14.8935572419     
       46  -0.999267893637       -0.450000000000         14.8698619777     
       47  -0.999267893637       -0.400000000000         14.8698619777     
       48  -0.999267893637       -0.350000000000         14.8698619777     
       49  -0.999267893637       -0.300000000000         14.8698619777     
       50  -0.999267893637       -0.250000000000         14.8698619777     
       51  -0.999267893637       -0.200000000000         14.8698619777     
       52  -0.999267893637       -0.150000000000         14.8698619777     
       53  -0.999267893637       -0.100000000000         14.8698619777     
       54  -0.999267893637       -0.500000000000E-001    14.8698619777     
       55  -0.999267893637         0.00000000000         14.8698619777     
       56  -0.999267893637        0.500000000000E-001    14.8698619777     
       57  -0.999267893637        0.100000000000         14.8698619777     
       58  -0.999267893637        0.150000000000         14.8698619777     
       59  -0.999267893637        0.200000000000         14.8698619777     
       60  -0.999267893637        0.250000000000         14.8698619777     

 
       61  -0.999267893637        0.300000000000         14.8698619777     
       62  -0.999267893637        0.350000000000         14.8698619777     
       63  -0.999267893637        0.400000000000         14.8698619777     
       64  -0.999267893637        0.450000000000         14.8698619777     
       65  -0.957690387087       -0.400000000000         14.8725976441     
       66  -0.957690387087       -0.300000000000         14.8725976441     
       67  -0.957690387087       -0.200000000000         14.8725976441     
       68  -0.957690387087       -0.100000000000         14.8725976441     
       69  -0.957690387087         0.00000000000         14.8725976441     
       70  -0.957690387087        0.100000000000         14.8725976441     
       71  -0.957690387087        0.200000000000         14.8725976441     
       72  -0.957690387087        0.300000000000         14.8725976441     
       73  -0.957690387087        0.400000000000         14.8725976441     
       74  -0.916105394319       -0.450000000000         14.8752170561     
       75  -0.916105394319       -0.400000000000         14.8752170561     
       76  -0.916105394319       -0.350000000000         14.8752170561     
       77  -0.916105394319       -0.300000000000         14.8752170561     
       78  -0.916105394319       -0.250000000000         14.8752170561     
       79  -0.916105394319       -0.200000000000         14.8752170561     
       80  -0.916105394319       -0.150000000000         14.8752170561     

 
       81  -0.916105394319       -0.100000000000         14.8752170561     
       82  -0.916105394319       -0.500000000000E-001    14.8752170561     
       83  -0.916105394319         0.00000000000         14.8752170561     
       84  -0.916105394319        0.500000000000E-001    14.8752170561     
       85  -0.916105394319        0.100000000000         14.8752170561     
       86  -0.916105394319        0.150000000000         14.8752170561     
       87  -0.916105394319        0.200000000000         14.8752170561     
       88  -0.916105394319        0.250000000000         14.8752170561     
       89  -0.916105394319        0.300000000000         14.8752170561     
       90  -0.916105394319        0.350000000000         14.8752170561     
       91  -0.916105394319        0.400000000000         14.8752170561     
       92  -0.916105394319        0.450000000000         14.8752170561     
       93  -0.874513240434       -0.400000000000         14.8777201934     
       94  -0.874513240434       -0.300000000000         14.8777201934     
       95  -0.874513240434       -0.200000000000         14.8777201934     
       96  -0.874513240434       -0.100000000000         14.8777201934     
       97  -0.874513240434         0.00000000000         14.8777201934     
       98  -0.874513240434        0.100000000000         14.8777201934     
       99  -0.874513240434        0.200000000000         14.8777201934     
      100  -0.874513240434        0.300000000000         14.8777201934     

 
      101  -0.874513240434        0.400000000000         14.8777201934     
      102  -0.832914250593       -0.450000000000         14.8801070363     
      103  -0.832914250593       -0.400000000000         14.8801070363     
      104  -0.832914250593       -0.350000000000         14.8801070363     
      105  -0.832914250593       -0.300000000000         14.8801070363     
      106  -0.832914250593       -0.250000000000         14.8801070363     
      107  -0.832914250593       -0.200000000000         14.8801070363     
      108  -0.832914250593       -0.150000000000         14.8801070363     
      109  -0.832914250593       -0.100000000000         14.8801070363     
      110  -0.832914250593       -0.500000000000E-001    14.8801070363     
      111  -0.832914250593         0.00000000000         14.8801070363     
      112  -0.832914250593        0.500000000000E-001    14.8801070363     
      113  -0.832914250593        0.100000000000         14.8801070363     
      114  -0.832914250593        0.150000000000         14.8801070363     
      115  -0.832914250593        0.200000000000         14.8801070363     
      116  -0.832914250593        0.250000000000         14.8801070363     
      117  -0.832914250593        0.300000000000         14.8801070363     
      118  -0.832914250593        0.350000000000         14.8801070363     
      119  -0.832914250593        0.400000000000         14.8801070363     
      120  -0.832914250593        0.450000000000         14.8801070363     

 
      121  -0.791308750011       -0.400000000000         14.8823775662     
      122  -0.791308750011       -0.300000000000         14.8823775662     
      123  -0.791308750011       -0.200000000000         14.8823775662     
      124  -0.791308750011       -0.100000000000         14.8823775662     
      125  -0.791308750011         0.00000000000         14.8823775662     
      126  -0.791308750011        0.100000000000         14.8823775662     
      127  -0.791308750011        0.200000000000         14.8823775662     
      128  -0.791308750011        0.300000000000         14.8823775662     
      129  -0.791308750011        0.400000000000         14.8823775662     
      130  -0.749697063951       -0.450000000000         14.8845317653     
      131  -0.749697063951       -0.400000000000         14.8845317653     
      132  -0.749697063951       -0.350000000000         14.8845317653     
      133  -0.749697063951       -0.300000000000         14.8845317653     
      134  -0.749697063951       -0.250000000000         14.8845317653     
      135  -0.749697063951       -0.200000000000         14.8845317653     
      136  -0.749697063951       -0.150000000000         14.8845317653     
      137  -0.749697063951       -0.100000000000         14.8845317653     
      138  -0.749697063951       -0.500000000000E-001    14.8845317653     
      139  -0.749697063951         0.00000000000         14.8845317653     
      140  -0.749697063951        0.500000000000E-001    14.8845317653     

 
      141  -0.749697063951        0.100000000000         14.8845317653     
      142  -0.749697063951        0.150000000000         14.8845317653     
      143  -0.749697063951        0.200000000000         14.8845317653     
      144  -0.749697063951        0.250000000000         14.8845317653     
      145  -0.749697063951        0.300000000000         14.8845317653     
      146  -0.749697063951        0.350000000000         14.8845317653     
      147  -0.749697063951        0.400000000000         14.8845317653     
      148  -0.749697063951        0.450000000000         14.8845317653     
      149  -0.708079517730       -0.400000000000         14.8865696168     
      150  -0.708079517730       -0.300000000000         14.8865696168     
      151  -0.708079517730       -0.200000000000         14.8865696168     
      152  -0.708079517730       -0.100000000000         14.8865696168     
      153  -0.708079517730         0.00000000000         14.8865696168     
      154  -0.708079517730        0.100000000000         14.8865696168     
      155  -0.708079517730        0.200000000000         14.8865696168     
      156  -0.708079517730        0.300000000000         14.8865696168     
      157  -0.708079517730        0.400000000000         14.8865696168     
      158  -0.666456436710       -0.450000000000         14.8884911048     
      159  -0.666456436710       -0.400000000000         14.8884911048     
      160  -0.666456436710       -0.350000000000         14.8884911048     

 
      161  -0.666456436710       -0.300000000000         14.8884911048     
      162  -0.666456436710       -0.250000000000         14.8884911048     
      163  -0.666456436710       -0.200000000000         14.8884911048     
      164  -0.666456436710       -0.150000000000         14.8884911048     
      165  -0.666456436710       -0.100000000000         14.8884911048     
      166  -0.666456436710       -0.500000000000E-001    14.8884911048     
      167  -0.666456436710         0.00000000000         14.8884911048     
      168  -0.666456436710        0.500000000000E-001    14.8884911048     
      169  -0.666456436710        0.100000000000         14.8884911048     
      170  -0.666456436710        0.150000000000         14.8884911048     
      171  -0.666456436710        0.200000000000         14.8884911048     
      172  -0.666456436710        0.250000000000         14.8884911048     
      173  -0.666456436710        0.300000000000         14.8884911048     
      174  -0.666456436710        0.350000000000         14.8884911048     
      175  -0.666456436710        0.400000000000         14.8884911048     
      176  -0.666456436710        0.450000000000         14.8884911048     
      177  -0.624828146296       -0.400000000000         14.8902962142     
      178  -0.624828146296       -0.300000000000         14.8902962142     
      179  -0.624828146296       -0.200000000000         14.8902962142     
      180  -0.624828146296       -0.100000000000         14.8902962142     

 
      181  -0.624828146296         0.00000000000         14.8902962142     
      182  -0.624828146296        0.100000000000         14.8902962142     
      183  -0.624828146296        0.200000000000         14.8902962142     
      184  -0.624828146296        0.300000000000         14.8902962142     
      185  -0.624828146296        0.400000000000         14.8902962142     
      186  -0.583194971938       -0.450000000000         14.8919849310     
      187  -0.583194971938       -0.400000000000         14.8919849310     
      188  -0.583194971938       -0.350000000000         14.8919849310     
      189  -0.583194971938       -0.300000000000         14.8919849310     
      190  -0.583194971938       -0.250000000000         14.8919849310     
      191  -0.583194971938       -0.200000000000         14.8919849310     
      192  -0.583194971938       -0.150000000000         14.8919849310     
      193  -0.583194971938       -0.100000000000         14.8919849310     
      194  -0.583194971938       -0.500000000000E-001    14.8919849310     
      195  -0.583194971938         0.00000000000         14.8919849310     
      196  -0.583194971938        0.500000000000E-001    14.8919849310     
      197  -0.583194971938        0.100000000000         14.8919849310     
      198  -0.583194971938        0.150000000000         14.8919849310     
      199  -0.583194971938        0.200000000000         14.8919849310     
      200  -0.583194971938        0.250000000000         14.8919849310     

 
      201  -0.583194971938        0.300000000000         14.8919849310     
      202  -0.583194971938        0.350000000000         14.8919849310     
      203  -0.583194971938        0.400000000000         14.8919849310     
      204  -0.583194971938        0.450000000000         14.8919849310     
      205  -0.541557239121       -0.400000000000         14.8935572419     
      206  -0.541557239121       -0.300000000000         14.8935572419     
      207  -0.541557239121       -0.200000000000         14.8935572419     
      208  -0.541557239121       -0.100000000000         14.8935572419     
      209  -0.541557239121         0.00000000000         14.8935572419     
      210  -0.541557239121        0.100000000000         14.8935572419     
      211  -0.541557239121        0.200000000000         14.8935572419     
      212  -0.541557239121        0.300000000000         14.8935572419     
      213  -0.541557239121        0.400000000000         14.8935572419     
      214    0.00000000000       -0.500000000000         14.9034000000     
      215  -0.458269399546       -0.500000000000         14.8963525978     
      216  -0.416619943588       -0.500000000000         14.8975756210     
      217  -0.374967231051       -0.500000000000         14.8986821946     
      218  -0.333311587518       -0.500000000000         14.8996723100     
      219  -0.291653338595       -0.500000000000         14.9005459595     
      220  -0.249992809910       -0.500000000000         14.9013031361     

 
      221  -0.208330327109       -0.500000000000         14.9019438341     
      222  -0.166666215856       -0.500000000000         14.9024680484     
      223  -0.125000801827       -0.500000000000         14.9028757748     
      224  -0.833344107098E-001  -0.500000000000         14.9031670103     
      225  -0.416673681999E-001  -0.500000000000         14.9033417524     
      226    0.00000000000        0.500000000000         14.9034000000     
      227    0.00000000000       -0.450000000000         14.9034000000     
      228    0.00000000000       -0.400000000000         14.9034000000     
      229    0.00000000000       -0.350000000000         14.9034000000     
      230    0.00000000000       -0.300000000000         14.9034000000     
      231    0.00000000000       -0.250000000000         14.9034000000     
      232    0.00000000000       -0.200000000000         14.9034000000     
      233    0.00000000000       -0.150000000000         14.9034000000     
      234    0.00000000000       -0.100000000000         14.9034000000     
      235    0.00000000000       -0.500000000000E-001    14.9034000000     
      236    0.00000000000         0.00000000000         14.9034000000     
      237    0.00000000000        0.500000000000E-001    14.9034000000     
      238    0.00000000000        0.100000000000         14.9034000000     
      239    0.00000000000        0.150000000000         14.9034000000     
      240    0.00000000000        0.200000000000         14.9034000000     

 
      241    0.00000000000        0.250000000000         14.9034000000     
      242    0.00000000000        0.300000000000         14.9034000000     
      243    0.00000000000        0.350000000000         14.9034000000     
      244    0.00000000000        0.400000000000         14.9034000000     
      245    0.00000000000        0.450000000000         14.9034000000     
      246  -0.458269399546        0.500000000000         14.8963525978     
      247  -0.416619943588        0.500000000000         14.8975756210     
      248  -0.374967231051        0.500000000000         14.8986821946     
      249  -0.333311587518        0.500000000000         14.8996723100     
      250  -0.291653338595        0.500000000000         14.9005459595     
      251  -0.249992809910        0.500000000000         14.9013031361     
      252  -0.208330327109        0.500000000000         14.9019438341     
      253  -0.166666215856        0.500000000000         14.9024680484     
      254  -0.125000801827        0.500000000000         14.9028757748     
      255  -0.833344107098E-001   0.500000000000         14.9031670103     
      256  -0.416673681999E-001   0.500000000000         14.9033417524     
      257  -0.458269399566       -0.400000000000         14.8963525978     
      258  -0.458269399566       -0.300000000000         14.8963525978     
      259  -0.458269399566       -0.200000000000         14.8963525978     
      260  -0.458269399566       -0.100000000000         14.8963525978     

 
      261  -0.458269399566         0.00000000000         14.8963525978     
      262  -0.458269399566        0.100000000000         14.8963525978     
      263  -0.458269399566        0.200000000000         14.8963525978     
      264  -0.458269399566        0.300000000000         14.8963525978     
      265  -0.458269399566        0.400000000000         14.8963525978     
      266  -0.416619943443       -0.450000000000         14.8975756210     
      267  -0.416619943443       -0.400000000000         14.8975756210     
      268  -0.416619943443       -0.350000000000         14.8975756210     
      269  -0.416619943443       -0.300000000000         14.8975756210     
      270  -0.416619943443       -0.250000000000         14.8975756210     
      271  -0.416619943443       -0.200000000000         14.8975756210     
      272  -0.416619943443       -0.150000000000         14.8975756210     
      273  -0.416619943443       -0.100000000000         14.8975756210     
      274  -0.416619943443       -0.500000000000E-001    14.8975756210     
      275  -0.416619943443         0.00000000000         14.8975756210     
      276  -0.416619943443        0.500000000000E-001    14.8975756210     
      277  -0.416619943443        0.100000000000         14.8975756210     
      278  -0.416619943443        0.150000000000         14.8975756210     
      279  -0.416619943443        0.200000000000         14.8975756210     
      280  -0.416619943443        0.250000000000         14.8975756210     

 
      281  -0.416619943443        0.300000000000         14.8975756210     
      282  -0.416619943443        0.350000000000         14.8975756210     
      283  -0.416619943443        0.400000000000         14.8975756210     
      284  -0.416619943443        0.450000000000         14.8975756210     
      285  -0.374967230610       -0.400000000000         14.8986821946     
      286  -0.374967230610       -0.300000000000         14.8986821946     
      287  -0.374967230610       -0.200000000000         14.8986821946     
      288  -0.374967230610       -0.100000000000         14.8986821946     
      289  -0.374967230610         0.00000000000         14.8986821946     
      290  -0.374967230610        0.100000000000         14.8986821946     
      291  -0.374967230610        0.200000000000         14.8986821946     
      292  -0.374967230610        0.300000000000         14.8986821946     
      293  -0.374967230610        0.400000000000         14.8986821946     
      294  -0.333311586706       -0.450000000000         14.8996723100     
      295  -0.333311586706       -0.400000000000         14.8996723100     
      296  -0.333311586706       -0.350000000000         14.8996723100     
      297  -0.333311586706       -0.300000000000         14.8996723100     
      298  -0.333311586706       -0.250000000000         14.8996723100     
      299  -0.333311586706       -0.200000000000         14.8996723100     
      300  -0.333311586706       -0.150000000000         14.8996723100     

 
      301  -0.333311586706       -0.100000000000         14.8996723100     
      302  -0.333311586706       -0.500000000000E-001    14.8996723100     
      303  -0.333311586706         0.00000000000         14.8996723100     
      304  -0.333311586706        0.500000000000E-001    14.8996723100     
      305  -0.333311586706        0.100000000000         14.8996723100     
      306  -0.333311586706        0.150000000000         14.8996723100     
      307  -0.333311586706        0.200000000000         14.8996723100     
      308  -0.333311586706        0.250000000000         14.8996723100     
      309  -0.333311586706        0.300000000000         14.8996723100     
      310  -0.333311586706        0.350000000000         14.8996723100     
      311  -0.333311586706        0.400000000000         14.8996723100     
      312  -0.333311586706        0.450000000000         14.8996723100     
      313  -0.291653337390       -0.400000000000         14.9005459595     
      314  -0.291653337390       -0.300000000000         14.9005459595     
      315  -0.291653337390       -0.200000000000         14.9005459595     
      316  -0.291653337390       -0.100000000000         14.9005459595     
      317  -0.291653337390         0.00000000000         14.9005459595     
      318  -0.291653337390        0.100000000000         14.9005459595     
      319  -0.291653337390        0.200000000000         14.9005459595     
      320  -0.291653337390        0.300000000000         14.9005459595     

 
      321  -0.291653337390        0.400000000000         14.9005459595     
      322  -0.249992808344       -0.450000000000         14.9013031362     
      323  -0.249992808344       -0.400000000000         14.9013031362     
      324  -0.249992808344       -0.350000000000         14.9013031362     
      325  -0.249992808344       -0.300000000000         14.9013031362     
      326  -0.249992808344       -0.250000000000         14.9013031362     
      327  -0.249992808344       -0.200000000000         14.9013031362     
      328  -0.249992808344       -0.150000000000         14.9013031362     
      329  -0.249992808344       -0.100000000000         14.9013031362     
      330  -0.249992808344       -0.500000000000E-001    14.9013031362     
      331  -0.249992808344         0.00000000000         14.9013031362     
      332  -0.249992808344        0.500000000000E-001    14.9013031362     
      333  -0.249992808344        0.100000000000         14.9013031362     
      334  -0.249992808344        0.150000000000         14.9013031362     
      335  -0.249992808344        0.200000000000         14.9013031362     
      336  -0.249992808344        0.250000000000         14.9013031362     
      337  -0.249992808344        0.300000000000         14.9013031362     
      338  -0.249992808344        0.350000000000         14.9013031362     
      339  -0.249992808344        0.400000000000         14.9013031362     
      340  -0.249992808344        0.450000000000         14.9013031362     

 
      341  -0.208330325270       -0.400000000000         14.9019438341     
      342  -0.208330325270       -0.300000000000         14.9019438341     
      343  -0.208330325270       -0.200000000000         14.9019438341     
      344  -0.208330325270       -0.100000000000         14.9019438341     
      345  -0.208330325270         0.00000000000         14.9019438341     
      346  -0.208330325270        0.100000000000         14.9019438341     
      347  -0.208330325270        0.200000000000         14.9019438341     
      348  -0.208330325270        0.300000000000         14.9019438341     
      349  -0.208330325270        0.400000000000         14.9019438341     
      350  -0.166666213885       -0.450000000000         14.9024680484     
      351  -0.166666213885       -0.400000000000         14.9024680484     
      352  -0.166666213885       -0.350000000000         14.9024680484     
      353  -0.166666213885       -0.300000000000         14.9024680484     
      354  -0.166666213885       -0.250000000000         14.9024680484     
      355  -0.166666213885       -0.200000000000         14.9024680484     
      356  -0.166666213885       -0.150000000000         14.9024680484     
      357  -0.166666213885       -0.100000000000         14.9024680484     
      358  -0.166666213885       -0.500000000000E-001    14.9024680484     
      359  -0.166666213885         0.00000000000         14.9024680484     
      360  -0.166666213885        0.500000000000E-001    14.9024680484     

 
      361  -0.166666213885        0.100000000000         14.9024680484     
      362  -0.166666213885        0.150000000000         14.9024680484     
      363  -0.166666213885        0.200000000000         14.9024680484     
      364  -0.166666213885        0.250000000000         14.9024680484     
      365  -0.166666213885        0.300000000000         14.9024680484     
      366  -0.166666213885        0.350000000000         14.9024680484     
      367  -0.166666213885        0.400000000000         14.9024680484     
      368  -0.166666213885        0.450000000000         14.9024680484     
      369  -0.125000799919       -0.400000000000         14.9028757748     
      370  -0.125000799919       -0.300000000000         14.9028757748     
      371  -0.125000799919       -0.200000000000         14.9028757748     
      372  -0.125000799919       -0.100000000000         14.9028757748     
      373  -0.125000799919         0.00000000000         14.9028757748     
      374  -0.125000799919        0.100000000000         14.9028757748     
      375  -0.125000799919        0.200000000000         14.9028757748     
      376  -0.125000799919        0.300000000000         14.9028757748     
      377  -0.125000799919        0.400000000000         14.9028757748     
      378  -0.833344091151E-001  -0.450000000000         14.9031670103     
      379  -0.833344091151E-001  -0.400000000000         14.9031670103     
      380  -0.833344091151E-001  -0.350000000000         14.9031670103     

 
      381  -0.833344091151E-001  -0.300000000000         14.9031670103     
      382  -0.833344091151E-001  -0.250000000000         14.9031670103     
      383  -0.833344091151E-001  -0.200000000000         14.9031670103     
      384  -0.833344091151E-001  -0.150000000000         14.9031670103     
      385  -0.833344091151E-001  -0.100000000000         14.9031670103     
      386  -0.833344091151E-001  -0.500000000000E-001    14.9031670103     
      387  -0.833344091151E-001    0.00000000000         14.9031670103     
      388  -0.833344091151E-001   0.500000000000E-001    14.9031670103     
      389  -0.833344091151E-001   0.100000000000         14.9031670103     
      390  -0.833344091151E-001   0.150000000000         14.9031670103     
      391  -0.833344091151E-001   0.200000000000         14.9031670103     
      392  -0.833344091151E-001   0.250000000000         14.9031670103     
      393  -0.833344091151E-001   0.300000000000         14.9031670103     
      394  -0.833344091151E-001   0.350000000000         14.9031670103     
      395  -0.833344091151E-001   0.400000000000         14.9031670103     
      396  -0.833344091151E-001   0.450000000000         14.9031670103     
      397  -0.416673672232E-001  -0.400000000000         14.9033417525     
      398  -0.416673672232E-001  -0.300000000000         14.9033417525     
      399  -0.416673672232E-001  -0.200000000000         14.9033417525     
      400  -0.416673672232E-001  -0.100000000000         14.9033417525     

 
      401  -0.416673672232E-001    0.00000000000         14.9033417525     
      402  -0.416673672232E-001   0.100000000000         14.9033417525     
      403  -0.416673672232E-001   0.200000000000         14.9033417525     
      404  -0.416673672232E-001   0.300000000000         14.9033417525     
      405  -0.416673672232E-001   0.400000000000         14.9033417525     
      406   0.499915273369       -0.500000000000         14.8950131346     
      407   0.416673682321E-001  -0.500000000000         14.9033417525     
      408   0.833344107539E-001  -0.500000000000         14.9031670103     
      409   0.125000801872       -0.500000000000         14.9028757748     
      410   0.166666215896       -0.500000000000         14.9024680484     
      411   0.208330327145       -0.500000000000         14.9019438341     
      412   0.249992809943       -0.500000000000         14.9013031361     
      413   0.291653338630       -0.500000000000         14.9005459595     
      414   0.333311587557       -0.500000000000         14.8996723100     
      415   0.374967231095       -0.500000000000         14.8986821946     
      416   0.416619943632       -0.500000000000         14.8975756210     
      417   0.458269399578       -0.500000000000         14.8963525978     
      418   0.499915273369        0.500000000000         14.8950131346     
      419   0.499915273369       -0.450000000000         14.8950131346     
      420   0.499915273369       -0.400000000000         14.8950131346     

 
      421   0.499915273369       -0.350000000000         14.8950131346     
      422   0.499915273369       -0.300000000000         14.8950131346     
      423   0.499915273369       -0.250000000000         14.8950131346     
      424   0.499915273369       -0.200000000000         14.8950131346     
      425   0.499915273369       -0.150000000000         14.8950131346     
      426   0.499915273369       -0.100000000000         14.8950131346     
      427   0.499915273369       -0.500000000000E-001    14.8950131346     
      428   0.499915273369         0.00000000000         14.8950131346     
      429   0.499915273369        0.500000000000E-001    14.8950131346     
      430   0.499915273369        0.100000000000         14.8950131346     
      431   0.499915273369        0.150000000000         14.8950131346     
      432   0.499915273369        0.200000000000         14.8950131346     
      433   0.499915273369        0.250000000000         14.8950131346     
      434   0.499915273369        0.300000000000         14.8950131346     
      435   0.499915273369        0.350000000000         14.8950131346     
      436   0.499915273369        0.400000000000         14.8950131346     
      437   0.499915273369        0.450000000000         14.8950131346     
      438   0.416673682321E-001   0.500000000000         14.9033417525     
      439   0.833344107539E-001   0.500000000000         14.9031670103     
      440   0.125000801872        0.500000000000         14.9028757748     

 
      441   0.166666215896        0.500000000000         14.9024680484     
      442   0.208330327145        0.500000000000         14.9019438341     
      443   0.249992809943        0.500000000000         14.9013031361     
      444   0.291653338630        0.500000000000         14.9005459595     
      445   0.333311587557        0.500000000000         14.8996723100     
      446   0.374967231095        0.500000000000         14.8986821946     
      447   0.416619943632        0.500000000000         14.8975756210     
      448   0.458269399578        0.500000000000         14.8963525978     
      449   0.416673693275E-001  -0.400000000000         14.9033417525     
      450   0.416673693275E-001  -0.300000000000         14.9033417525     
      451   0.416673693275E-001  -0.200000000000         14.9033417525     
      452   0.416673693275E-001  -0.100000000000         14.9033417525     
      453   0.416673693275E-001    0.00000000000         14.9033417525     
      454   0.416673693275E-001   0.100000000000         14.9033417525     
      455   0.416673693275E-001   0.200000000000         14.9033417525     
      456   0.416673693275E-001   0.300000000000         14.9033417525     
      457   0.416673693275E-001   0.400000000000         14.9033417525     
      458   0.833344124565E-001  -0.450000000000         14.9031670103     
      459   0.833344124565E-001  -0.400000000000         14.9031670103     
      460   0.833344124565E-001  -0.350000000000         14.9031670103     

 
      461   0.833344124565E-001  -0.300000000000         14.9031670103     
      462   0.833344124565E-001  -0.250000000000         14.9031670103     
      463   0.833344124565E-001  -0.200000000000         14.9031670103     
      464   0.833344124565E-001  -0.150000000000         14.9031670103     
      465   0.833344124565E-001  -0.100000000000         14.9031670103     
      466   0.833344124565E-001  -0.500000000000E-001    14.9031670103     
      467   0.833344124565E-001    0.00000000000         14.9031670103     
      468   0.833344124565E-001   0.500000000000E-001    14.9031670103     
      469   0.833344124565E-001   0.100000000000         14.9031670103     
      470   0.833344124565E-001   0.150000000000         14.9031670103     
      471   0.833344124565E-001   0.200000000000         14.9031670103     
      472   0.833344124565E-001   0.250000000000         14.9031670103     
      473   0.833344124565E-001   0.300000000000         14.9031670103     
      474   0.833344124565E-001   0.350000000000         14.9031670103     
      475   0.833344124565E-001   0.400000000000         14.9031670103     
      476   0.833344124565E-001   0.450000000000         14.9031670103     
      477   0.125000803780       -0.400000000000         14.9028757748     
      478   0.125000803780       -0.300000000000         14.9028757748     
      479   0.125000803780       -0.200000000000         14.9028757748     
      480   0.125000803780       -0.100000000000         14.9028757748     

 
      481   0.125000803780         0.00000000000         14.9028757748     
      482   0.125000803780        0.100000000000         14.9028757748     
      483   0.125000803780        0.200000000000         14.9028757748     
      484   0.125000803780        0.300000000000         14.9028757748     
      485   0.125000803780        0.400000000000         14.9028757748     
      486   0.166666217696       -0.450000000000         14.9024680483     
      487   0.166666217696       -0.400000000000         14.9024680483     
      488   0.166666217696       -0.350000000000         14.9024680483     
      489   0.166666217696       -0.300000000000         14.9024680483     
      490   0.166666217696       -0.250000000000         14.9024680483     
      491   0.166666217696       -0.200000000000         14.9024680483     
      492   0.166666217696       -0.150000000000         14.9024680483     
      493   0.166666217696       -0.100000000000         14.9024680483     
      494   0.166666217696       -0.500000000000E-001    14.9024680483     
      495   0.166666217696         0.00000000000         14.9024680483     
      496   0.166666217696        0.500000000000E-001    14.9024680483     
      497   0.166666217696        0.100000000000         14.9024680483     
      498   0.166666217696        0.150000000000         14.9024680483     
      499   0.166666217696        0.200000000000         14.9024680483     
      500   0.166666217696        0.250000000000         14.9024680483     

 
      501   0.166666217696        0.300000000000         14.9024680483     
      502   0.166666217696        0.350000000000         14.9024680483     
      503   0.166666217696        0.400000000000         14.9024680483     
      504   0.166666217696        0.450000000000         14.9024680483     
      505   0.208330328607       -0.400000000000         14.9019438341     
      506   0.208330328607       -0.300000000000         14.9019438341     
      507   0.208330328607       -0.200000000000         14.9019438341     
      508   0.208330328607       -0.100000000000         14.9019438341     
      509   0.208330328607         0.00000000000         14.9019438341     
      510   0.208330328607        0.100000000000         14.9019438341     
      511   0.208330328607        0.200000000000         14.9019438341     
      512   0.208330328607        0.300000000000         14.9019438341     
      513   0.208330328607        0.400000000000         14.9019438341     
      514   0.249992810927       -0.450000000000         14.9013031361     
      515   0.249992810927       -0.400000000000         14.9013031361     
      516   0.249992810927       -0.350000000000         14.9013031361     
      517   0.249992810927       -0.300000000000         14.9013031361     
      518   0.249992810927       -0.250000000000         14.9013031361     
      519   0.249992810927       -0.200000000000         14.9013031361     
      520   0.249992810927       -0.150000000000         14.9013031361     

 
      521   0.249992810927       -0.100000000000         14.9013031361     
      522   0.249992810927       -0.500000000000E-001    14.9013031361     
      523   0.249992810927         0.00000000000         14.9013031361     
      524   0.249992810927        0.500000000000E-001    14.9013031361     
      525   0.249992810927        0.100000000000         14.9013031361     
      526   0.249992810927        0.150000000000         14.9013031361     
      527   0.249992810927        0.200000000000         14.9013031361     
      528   0.249992810927        0.250000000000         14.9013031361     
      529   0.249992810927        0.300000000000         14.9013031361     
      530   0.249992810927        0.350000000000         14.9013031361     
      531   0.249992810927        0.400000000000         14.9013031361     
      532   0.249992810927        0.450000000000         14.9013031361     
      533   0.291653339081       -0.400000000000         14.9005459594     
      534   0.291653339081       -0.300000000000         14.9005459594     
      535   0.291653339081       -0.200000000000         14.9005459594     
      536   0.291653339081       -0.100000000000         14.9005459594     
      537   0.291653339081         0.00000000000         14.9005459594     
      538   0.291653339081        0.100000000000         14.9005459594     
      539   0.291653339081        0.200000000000         14.9005459594     
      540   0.291653339081        0.300000000000         14.9005459594     

 
      541   0.291653339081        0.400000000000         14.9005459594     
      542   0.333311587507       -0.450000000000         14.8996723100     
      543   0.333311587507       -0.400000000000         14.8996723100     
      544   0.333311587507       -0.350000000000         14.8996723100     
      545   0.333311587507       -0.300000000000         14.8996723100     
      546   0.333311587507       -0.250000000000         14.8996723100     
      547   0.333311587507       -0.200000000000         14.8996723100     
      548   0.333311587507       -0.150000000000         14.8996723100     
      549   0.333311587507       -0.100000000000         14.8996723100     
      550   0.333311587507       -0.500000000000E-001    14.8996723100     
      551   0.333311587507         0.00000000000         14.8996723100     
      552   0.333311587507        0.500000000000E-001    14.8996723100     
      553   0.333311587507        0.100000000000         14.8996723100     
      554   0.333311587507        0.150000000000         14.8996723100     
      555   0.333311587507        0.200000000000         14.8996723100     
      556   0.333311587507        0.250000000000         14.8996723100     
      557   0.333311587507        0.300000000000         14.8996723100     
      558   0.333311587507        0.350000000000         14.8996723100     
      559   0.333311587507        0.400000000000         14.8996723100     
      560   0.333311587507        0.450000000000         14.8996723100     

 
      561   0.374967230663       -0.400000000000         14.8986821946     
      562   0.374967230663       -0.300000000000         14.8986821946     
      563   0.374967230663       -0.200000000000         14.8986821946     
      564   0.374967230663       -0.100000000000         14.8986821946     
      565   0.374967230663         0.00000000000         14.8986821946     
      566   0.374967230663        0.100000000000         14.8986821946     
      567   0.374967230663        0.200000000000         14.8986821946     
      568   0.374967230663        0.300000000000         14.8986821946     
      569   0.374967230663        0.400000000000         14.8986821946     
      570   0.416619943022       -0.450000000000         14.8975756210     
      571   0.416619943022       -0.400000000000         14.8975756210     
      572   0.416619943022       -0.350000000000         14.8975756210     
      573   0.416619943022       -0.300000000000         14.8975756210     
      574   0.416619943022       -0.250000000000         14.8975756210     
      575   0.416619943022       -0.200000000000         14.8975756210     
      576   0.416619943022       -0.150000000000         14.8975756210     
      577   0.416619943022       -0.100000000000         14.8975756210     
      578   0.416619943022       -0.500000000000E-001    14.8975756210     
      579   0.416619943022         0.00000000000         14.8975756210     
      580   0.416619943022        0.500000000000E-001    14.8975756210     

 
      581   0.416619943022        0.100000000000         14.8975756210     
      582   0.416619943022        0.150000000000         14.8975756210     
      583   0.416619943022        0.200000000000         14.8975756210     
      584   0.416619943022        0.250000000000         14.8975756210     
      585   0.416619943022        0.300000000000         14.8975756210     
      586   0.416619943022        0.350000000000         14.8975756210     
      587   0.416619943022        0.400000000000         14.8975756210     
      588   0.416619943022        0.450000000000         14.8975756210     
      589   0.458269399084       -0.400000000000         14.8963525978     
      590   0.458269399084       -0.300000000000         14.8963525978     
      591   0.458269399084       -0.200000000000         14.8963525978     
      592   0.458269399084       -0.100000000000         14.8963525978     
      593   0.458269399084         0.00000000000         14.8963525978     
      594   0.458269399084        0.100000000000         14.8963525978     
      595   0.458269399084        0.200000000000         14.8963525978     
      596   0.458269399084        0.300000000000         14.8963525978     
      597   0.458269399084        0.400000000000         14.8963525978     
      598   0.999267893637       -0.500000000000         14.8698619777     
      599   0.541557239515       -0.500000000000         14.8935572419     
      600   0.583194972472       -0.500000000000         14.8919849310     

 
      601   0.624828146776       -0.500000000000         14.8902962142     
      602   0.666456436997       -0.500000000000         14.8884911048     
      603   0.708079517742       -0.500000000000         14.8865696168     
      604   0.749697063657       -0.500000000000         14.8845317653     
      605   0.791308749434       -0.500000000000         14.8823775662     
      606   0.832914249805       -0.500000000000         14.8801070363     
      607   0.874513239552       -0.500000000000         14.8777201934     
      608   0.916105393508       -0.500000000000         14.8752170562     
      609   0.957690386557       -0.500000000000         14.8725976441     
      610   0.999267893637        0.500000000000         14.8698619777     
      611   0.999267893637       -0.450000000000         14.8698619777     
      612   0.999267893637       -0.400000000000         14.8698619777     
      613   0.999267893637       -0.350000000000         14.8698619777     
      614   0.999267893637       -0.300000000000         14.8698619777     
      615   0.999267893637       -0.250000000000         14.8698619777     
      616   0.999267893637       -0.200000000000         14.8698619777     
      617   0.999267893637       -0.150000000000         14.8698619777     
      618   0.999267893637       -0.100000000000         14.8698619777     
      619   0.999267893637       -0.500000000000E-001    14.8698619777     
      620   0.999267893637         0.00000000000         14.8698619777     

 
      621   0.999267893637        0.500000000000E-001    14.8698619777     
      622   0.999267893637        0.100000000000         14.8698619777     
      623   0.999267893637        0.150000000000         14.8698619777     
      624   0.999267893637        0.200000000000         14.8698619777     
      625   0.999267893637        0.250000000000         14.8698619777     
      626   0.999267893637        0.300000000000         14.8698619777     
      627   0.999267893637        0.350000000000         14.8698619777     
      628   0.999267893637        0.400000000000         14.8698619777     
      629   0.999267893637        0.450000000000         14.8698619777     
      630   0.541557239515        0.500000000000         14.8935572419     
      631   0.583194972472        0.500000000000         14.8919849310     
      632   0.624828146776        0.500000000000         14.8902962142     
      633   0.666456436997        0.500000000000         14.8884911048     
      634   0.708079517742        0.500000000000         14.8865696168     
      635   0.749697063657        0.500000000000         14.8845317653     
      636   0.791308749434        0.500000000000         14.8823775662     
      637   0.832914249805        0.500000000000         14.8801070363     
      638   0.874513239552        0.500000000000         14.8777201934     
      639   0.916105393508        0.500000000000         14.8752170562     
      640   0.957690386557        0.500000000000         14.8725976441     

 
      641   0.541557239149       -0.400000000000         14.8935572419     
      642   0.541557239149       -0.300000000000         14.8935572419     
      643   0.541557239149       -0.200000000000         14.8935572419     
      644   0.541557239149       -0.100000000000         14.8935572419     
      645   0.541557239149         0.00000000000         14.8935572419     
      646   0.541557239149        0.100000000000         14.8935572419     
      647   0.541557239149        0.200000000000         14.8935572419     
      648   0.541557239149        0.300000000000         14.8935572419     
      649   0.541557239149        0.400000000000         14.8935572419     
      650   0.583194971977       -0.450000000000         14.8919849310     
      651   0.583194971977       -0.400000000000         14.8919849310     
      652   0.583194971977       -0.350000000000         14.8919849310     
      653   0.583194971977       -0.300000000000         14.8919849310     
      654   0.583194971977       -0.250000000000         14.8919849310     
      655   0.583194971977       -0.200000000000         14.8919849310     
      656   0.583194971977       -0.150000000000         14.8919849310     
      657   0.583194971977       -0.100000000000         14.8919849310     
      658   0.583194971977       -0.500000000000E-001    14.8919849310     
      659   0.583194971977         0.00000000000         14.8919849310     
      660   0.583194971977        0.500000000000E-001    14.8919849310     

 
      661   0.583194971977        0.100000000000         14.8919849310     
      662   0.583194971977        0.150000000000         14.8919849310     
      663   0.583194971977        0.200000000000         14.8919849310     
      664   0.583194971977        0.250000000000         14.8919849310     
      665   0.583194971977        0.300000000000         14.8919849310     
      666   0.583194971977        0.350000000000         14.8919849310     
      667   0.583194971977        0.400000000000         14.8919849310     
      668   0.583194971977        0.450000000000         14.8919849310     
      669   0.624828146336       -0.400000000000         14.8902962142     
      670   0.624828146336       -0.300000000000         14.8902962142     
      671   0.624828146336       -0.200000000000         14.8902962142     
      672   0.624828146336       -0.100000000000         14.8902962142     
      673   0.624828146336         0.00000000000         14.8902962142     
      674   0.624828146336        0.100000000000         14.8902962142     
      675   0.624828146336        0.200000000000         14.8902962142     
      676   0.624828146336        0.300000000000         14.8902962142     
      677   0.624828146336        0.400000000000         14.8902962142     
      678   0.666456436747       -0.450000000000         14.8884911048     
      679   0.666456436747       -0.400000000000         14.8884911048     
      680   0.666456436747       -0.350000000000         14.8884911048     

 
      681   0.666456436747       -0.300000000000         14.8884911048     
      682   0.666456436747       -0.250000000000         14.8884911048     
      683   0.666456436747       -0.200000000000         14.8884911048     
      684   0.666456436747       -0.150000000000         14.8884911048     
      685   0.666456436747       -0.100000000000         14.8884911048     
      686   0.666456436747       -0.500000000000E-001    14.8884911048     
      687   0.666456436747         0.00000000000         14.8884911048     
      688   0.666456436747        0.500000000000E-001    14.8884911048     
      689   0.666456436747        0.100000000000         14.8884911048     
      690   0.666456436747        0.150000000000         14.8884911048     
      691   0.666456436747        0.200000000000         14.8884911048     
      692   0.666456436747        0.250000000000         14.8884911048     
      693   0.666456436747        0.300000000000         14.8884911048     
      694   0.666456436747        0.350000000000         14.8884911048     
      695   0.666456436747        0.400000000000         14.8884911048     
      696   0.666456436747        0.450000000000         14.8884911048     
      697   0.708079517765       -0.400000000000         14.8865696168     
      698   0.708079517765       -0.300000000000         14.8865696168     
      699   0.708079517765       -0.200000000000         14.8865696168     
      700   0.708079517765       -0.100000000000         14.8865696168     

 
      701   0.708079517765         0.00000000000         14.8865696168     
      702   0.708079517765        0.100000000000         14.8865696168     
      703   0.708079517765        0.200000000000         14.8865696168     
      704   0.708079517765        0.300000000000         14.8865696168     
      705   0.708079517765        0.400000000000         14.8865696168     
      706   0.749697063987       -0.450000000000         14.8845317653     
      707   0.749697063987       -0.400000000000         14.8845317653     
      708   0.749697063987       -0.350000000000         14.8845317653     
      709   0.749697063987       -0.300000000000         14.8845317653     
      710   0.749697063987       -0.250000000000         14.8845317653     
      711   0.749697063987       -0.200000000000         14.8845317653     
      712   0.749697063987       -0.150000000000         14.8845317653     
      713   0.749697063987       -0.100000000000         14.8845317653     
      714   0.749697063987       -0.500000000000E-001    14.8845317653     
      715   0.749697063987         0.00000000000         14.8845317653     
      716   0.749697063987        0.500000000000E-001    14.8845317653     
      717   0.749697063987        0.100000000000         14.8845317653     
      718   0.749697063987        0.150000000000         14.8845317653     
      719   0.749697063987        0.200000000000         14.8845317653     
      720   0.749697063987        0.250000000000         14.8845317653     

 
      721   0.749697063987        0.300000000000         14.8845317653     
      722   0.749697063987        0.350000000000         14.8845317653     
      723   0.749697063987        0.400000000000         14.8845317653     
      724   0.749697063987        0.450000000000         14.8845317653     
      725   0.791308750051       -0.400000000000         14.8823775662     
      726   0.791308750051       -0.300000000000         14.8823775662     
      727   0.791308750051       -0.200000000000         14.8823775662     
      728   0.791308750051       -0.100000000000         14.8823775662     
      729   0.791308750051         0.00000000000         14.8823775662     
      730   0.791308750051        0.100000000000         14.8823775662     
      731   0.791308750051        0.200000000000         14.8823775662     
      732   0.791308750051        0.300000000000         14.8823775662     
      733   0.791308750051        0.400000000000         14.8823775662     
      734   0.832914250640       -0.450000000000         14.8801070363     
      735   0.832914250640       -0.400000000000         14.8801070363     
      736   0.832914250640       -0.350000000000         14.8801070363     
      737   0.832914250640       -0.300000000000         14.8801070363     
      738   0.832914250640       -0.250000000000         14.8801070363     
      739   0.832914250640       -0.200000000000         14.8801070363     
      740   0.832914250640       -0.150000000000         14.8801070363     

 
      741   0.832914250640       -0.100000000000         14.8801070363     
      742   0.832914250640       -0.500000000000E-001    14.8801070363     
      743   0.832914250640         0.00000000000         14.8801070363     
      744   0.832914250640        0.500000000000E-001    14.8801070363     
      745   0.832914250640        0.100000000000         14.8801070363     
      746   0.832914250640        0.150000000000         14.8801070363     
      747   0.832914250640        0.200000000000         14.8801070363     
      748   0.832914250640        0.250000000000         14.8801070363     
      749   0.832914250640        0.300000000000         14.8801070363     
      750   0.832914250640        0.350000000000         14.8801070363     
      751   0.832914250640        0.400000000000         14.8801070363     
      752   0.832914250640        0.450000000000         14.8801070363     
      753   0.874513240487       -0.400000000000         14.8777201934     
      754   0.874513240487       -0.300000000000         14.8777201934     
      755   0.874513240487       -0.200000000000         14.8777201934     
      756   0.874513240487       -0.100000000000         14.8777201934     
      757   0.874513240487         0.00000000000         14.8777201934     
      758   0.874513240487        0.100000000000         14.8777201934     
      759   0.874513240487        0.200000000000         14.8777201934     
      760   0.874513240487        0.300000000000         14.8777201934     

 
      761   0.874513240487        0.400000000000         14.8777201934     
      762   0.916105394370       -0.450000000000         14.8752170561     
      763   0.916105394370       -0.400000000000         14.8752170561     
      764   0.916105394370       -0.350000000000         14.8752170561     
      765   0.916105394370       -0.300000000000         14.8752170561     
      766   0.916105394370       -0.250000000000         14.8752170561     
      767   0.916105394370       -0.200000000000         14.8752170561     
      768   0.916105394370       -0.150000000000         14.8752170561     
      769   0.916105394370       -0.100000000000         14.8752170561     
      770   0.916105394370       -0.500000000000E-001    14.8752170561     
      771   0.916105394370         0.00000000000         14.8752170561     
      772   0.916105394370        0.500000000000E-001    14.8752170561     
      773   0.916105394370        0.100000000000         14.8752170561     
      774   0.916105394370        0.150000000000         14.8752170561     
      775   0.916105394370        0.200000000000         14.8752170561     
      776   0.916105394370        0.250000000000         14.8752170561     
      777   0.916105394370        0.300000000000         14.8752170561     
      778   0.916105394370        0.350000000000         14.8752170561     
      779   0.916105394370        0.400000000000         14.8752170561     
      780   0.916105394370        0.450000000000         14.8752170561     

 
      781   0.957690387124       -0.400000000000         14.8725976441     
      782   0.957690387124       -0.300000000000         14.8725976441     
      783   0.957690387124       -0.200000000000         14.8725976441     
      784   0.957690387124       -0.100000000000         14.8725976441     
      785   0.957690387124         0.00000000000         14.8725976441     
      786   0.957690387124        0.100000000000         14.8725976441     
      787   0.957690387124        0.200000000000         14.8725976441     
      788   0.957690387124        0.300000000000         14.8725976441     
      789   0.957690387124        0.400000000000         14.8725976441     

