
 
        1   -1.00042353683       -0.500000000000         11.8960075970     
        2  -0.500652228339       -0.500000000000         11.9274972792     
        3  -0.958831048601       -0.500000000000         11.8994322142     
        4  -0.917226842673       -0.500000000000         11.9027114104     
        5  -0.875611427478       -0.500000000000         11.9058451455     
        6  -0.833985311583       -0.500000000000         11.9088333812     
        7  -0.792349003688       -0.500000000000         11.9116760809     
        8  -0.750703012621       -0.500000000000         11.9143732100     
        9  -0.709047847329       -0.500000000000         11.9169247354     
       10  -0.667384016875       -0.500000000000         11.9193306261     
       11  -0.625712030429       -0.500000000000         11.9215908525     
       12  -0.584032397264       -0.500000000000         11.9237053871     
       13  -0.542345626748       -0.500000000000         11.9256742041     
       14  -0.500652228339        0.500000000000         11.9274972792     
       15  -0.500652228339       -0.450000000000         11.9274972792     
       16  -0.500652228339       -0.400000000000         11.9274972792     
       17  -0.500652228339       -0.350000000000         11.9274972792     
       18  -0.500652228339       -0.300000000000         11.9274972792     
       19  -0.500652228339       -0.250000000000         11.9274972792     
       20  -0.500652228339       -0.200000000000         11.9274972792     

 
       21  -0.500652228339       -0.150000000000         11.9274972792     
       22  -0.500652228339       -0.100000000000         11.9274972792     
       23  -0.500652228339       -0.500000000000E-001    11.9274972792     
       24  -0.500652228339         0.00000000000         11.9274972792     
       25  -0.500652228339        0.500000000000E-001    11.9274972792     
       26  -0.500652228339        0.100000000000         11.9274972792     
       27  -0.500652228339        0.150000000000         11.9274972792     
       28  -0.500652228339        0.200000000000         11.9274972792     
       29  -0.500652228339        0.250000000000         11.9274972792     
       30  -0.500652228339        0.300000000000         11.9274972792     
       31  -0.500652228339        0.350000000000         11.9274972792     
       32  -0.500652228339        0.400000000000         11.9274972792     
       33  -0.500652228339        0.450000000000         11.9274972792     
       34   -1.00042353683        0.500000000000         11.8960075970     
       35  -0.958831048601        0.500000000000         11.8994322142     
       36  -0.917226842673        0.500000000000         11.9027114104     
       37  -0.875611427478        0.500000000000         11.9058451455     
       38  -0.833985311583        0.500000000000         11.9088333812     
       39  -0.792349003688        0.500000000000         11.9116760809     
       40  -0.750703012621        0.500000000000         11.9143732100     

 
       41  -0.709047847329        0.500000000000         11.9169247354     
       42  -0.667384016875        0.500000000000         11.9193306261     
       43  -0.625712030429        0.500000000000         11.9215908525     
       44  -0.584032397264        0.500000000000         11.9237053871     
       45  -0.542345626748        0.500000000000         11.9256742041     
       46   -1.00042353683       -0.450000000000         11.8960075970     
       47   -1.00042353683       -0.400000000000         11.8960075970     
       48   -1.00042353683       -0.350000000000         11.8960075970     
       49   -1.00042353683       -0.300000000000         11.8960075970     
       50   -1.00042353683       -0.250000000000         11.8960075970     
       51   -1.00042353683       -0.200000000000         11.8960075970     
       52   -1.00042353683       -0.150000000000         11.8960075970     
       53   -1.00042353683       -0.100000000000         11.8960075970     
       54   -1.00042353683       -0.500000000000E-001    11.8960075970     
       55   -1.00042353683         0.00000000000         11.8960075970     
       56   -1.00042353683        0.500000000000E-001    11.8960075970     
       57   -1.00042353683        0.100000000000         11.8960075970     
       58   -1.00042353683        0.150000000000         11.8960075970     
       59   -1.00042353683        0.200000000000         11.8960075970     
       60   -1.00042353683        0.250000000000         11.8960075970     

 
       61   -1.00042353683        0.300000000000         11.8960075970     
       62   -1.00042353683        0.350000000000         11.8960075970     
       63   -1.00042353683        0.400000000000         11.8960075970     
       64   -1.00042353683        0.450000000000         11.8960075970     
       65  -0.958831048529       -0.400000000000         11.8994322142     
       66  -0.958831048529       -0.300000000000         11.8994322142     
       67  -0.958831048529       -0.200000000000         11.8994322142     
       68  -0.958831048529       -0.100000000000         11.8994322142     
       69  -0.958831048529         0.00000000000         11.8994322142     
       70  -0.958831048529        0.100000000000         11.8994322142     
       71  -0.958831048529        0.200000000000         11.8994322142     
       72  -0.958831048529        0.300000000000         11.8994322142     
       73  -0.958831048529        0.400000000000         11.8994322142     
       74  -0.917226842610       -0.450000000000         11.9027114104     
       75  -0.917226842610       -0.400000000000         11.9027114104     
       76  -0.917226842610       -0.350000000000         11.9027114104     
       77  -0.917226842610       -0.300000000000         11.9027114104     
       78  -0.917226842610       -0.250000000000         11.9027114104     
       79  -0.917226842610       -0.200000000000         11.9027114104     
       80  -0.917226842610       -0.150000000000         11.9027114104     

 
       81  -0.917226842610       -0.100000000000         11.9027114104     
       82  -0.917226842610       -0.500000000000E-001    11.9027114104     
       83  -0.917226842610         0.00000000000         11.9027114104     
       84  -0.917226842610        0.500000000000E-001    11.9027114104     
       85  -0.917226842610        0.100000000000         11.9027114104     
       86  -0.917226842610        0.150000000000         11.9027114104     
       87  -0.917226842610        0.200000000000         11.9027114104     
       88  -0.917226842610        0.250000000000         11.9027114104     
       89  -0.917226842610        0.300000000000         11.9027114104     
       90  -0.917226842610        0.350000000000         11.9027114104     
       91  -0.917226842610        0.400000000000         11.9027114104     
       92  -0.917226842610        0.450000000000         11.9027114104     
       93  -0.875611427483       -0.400000000000         11.9058451455     
       94  -0.875611427483       -0.300000000000         11.9058451455     
       95  -0.875611427483       -0.200000000000         11.9058451455     
       96  -0.875611427483       -0.100000000000         11.9058451455     
       97  -0.875611427483         0.00000000000         11.9058451455     
       98  -0.875611427483        0.100000000000         11.9058451455     
       99  -0.875611427483        0.200000000000         11.9058451455     
      100  -0.875611427483        0.300000000000         11.9058451455     

 
      101  -0.875611427483        0.400000000000         11.9058451455     
      102  -0.833985311697       -0.450000000000         11.9088333812     
      103  -0.833985311697       -0.400000000000         11.9088333812     
      104  -0.833985311697       -0.350000000000         11.9088333812     
      105  -0.833985311697       -0.300000000000         11.9088333812     
      106  -0.833985311697       -0.250000000000         11.9088333812     
      107  -0.833985311697       -0.200000000000         11.9088333812     
      108  -0.833985311697       -0.150000000000         11.9088333812     
      109  -0.833985311697       -0.100000000000         11.9088333812     
      110  -0.833985311697       -0.500000000000E-001    11.9088333812     
      111  -0.833985311697         0.00000000000         11.9088333812     
      112  -0.833985311697        0.500000000000E-001    11.9088333812     
      113  -0.833985311697        0.100000000000         11.9088333812     
      114  -0.833985311697        0.150000000000         11.9088333812     
      115  -0.833985311697        0.200000000000         11.9088333812     
      116  -0.833985311697        0.250000000000         11.9088333812     
      117  -0.833985311697        0.300000000000         11.9088333812     
      118  -0.833985311697        0.350000000000         11.9088333812     
      119  -0.833985311697        0.400000000000         11.9088333812     
      120  -0.833985311697        0.450000000000         11.9088333812     

 
      121  -0.792349003930       -0.400000000000         11.9116760809     
      122  -0.792349003930       -0.300000000000         11.9116760809     
      123  -0.792349003930       -0.200000000000         11.9116760809     
      124  -0.792349003930       -0.100000000000         11.9116760809     
      125  -0.792349003930         0.00000000000         11.9116760809     
      126  -0.792349003930        0.100000000000         11.9116760809     
      127  -0.792349003930        0.200000000000         11.9116760809     
      128  -0.792349003930        0.300000000000         11.9116760809     
      129  -0.792349003930        0.400000000000         11.9116760809     
      130  -0.750703012991       -0.450000000000         11.9143732100     
      131  -0.750703012991       -0.400000000000         11.9143732100     
      132  -0.750703012991       -0.350000000000         11.9143732100     
      133  -0.750703012991       -0.300000000000         11.9143732100     
      134  -0.750703012991       -0.250000000000         11.9143732100     
      135  -0.750703012991       -0.200000000000         11.9143732100     
      136  -0.750703012991       -0.150000000000         11.9143732100     
      137  -0.750703012991       -0.100000000000         11.9143732100     
      138  -0.750703012991       -0.500000000000E-001    11.9143732100     
      139  -0.750703012991         0.00000000000         11.9143732100     
      140  -0.750703012991        0.500000000000E-001    11.9143732100     

 
      141  -0.750703012991        0.100000000000         11.9143732100     
      142  -0.750703012991        0.150000000000         11.9143732100     
      143  -0.750703012991        0.200000000000         11.9143732100     
      144  -0.750703012991        0.250000000000         11.9143732100     
      145  -0.750703012991        0.300000000000         11.9143732100     
      146  -0.750703012991        0.350000000000         11.9143732100     
      147  -0.750703012991        0.400000000000         11.9143732100     
      148  -0.750703012991        0.450000000000         11.9143732100     
      149  -0.709047847806       -0.400000000000         11.9169247354     
      150  -0.709047847806       -0.300000000000         11.9169247354     
      151  -0.709047847806       -0.200000000000         11.9169247354     
      152  -0.709047847806       -0.100000000000         11.9169247354     
      153  -0.709047847806         0.00000000000         11.9169247354     
      154  -0.709047847806        0.100000000000         11.9169247354     
      155  -0.709047847806        0.200000000000         11.9169247354     
      156  -0.709047847806        0.300000000000         11.9169247354     
      157  -0.709047847806        0.400000000000         11.9169247354     
      158  -0.667384017419       -0.450000000000         11.9193306261     
      159  -0.667384017419       -0.400000000000         11.9193306261     
      160  -0.667384017419       -0.350000000000         11.9193306261     

 
      161  -0.667384017419       -0.300000000000         11.9193306261     
      162  -0.667384017419       -0.250000000000         11.9193306261     
      163  -0.667384017419       -0.200000000000         11.9193306261     
      164  -0.667384017419       -0.150000000000         11.9193306261     
      165  -0.667384017419       -0.100000000000         11.9193306261     
      166  -0.667384017419       -0.500000000000E-001    11.9193306261     
      167  -0.667384017419         0.00000000000         11.9193306261     
      168  -0.667384017419        0.500000000000E-001    11.9193306261     
      169  -0.667384017419        0.100000000000         11.9193306261     
      170  -0.667384017419        0.150000000000         11.9193306261     
      171  -0.667384017419        0.200000000000         11.9193306261     
      172  -0.667384017419        0.250000000000         11.9193306261     
      173  -0.667384017419        0.300000000000         11.9193306261     
      174  -0.667384017419        0.350000000000         11.9193306261     
      175  -0.667384017419        0.400000000000         11.9193306261     
      176  -0.667384017419        0.450000000000         11.9193306261     
      177  -0.625712030979       -0.400000000000         11.9215908525     
      178  -0.625712030979       -0.300000000000         11.9215908525     
      179  -0.625712030979       -0.200000000000         11.9215908525     
      180  -0.625712030979       -0.100000000000         11.9215908525     

 
      181  -0.625712030979         0.00000000000         11.9215908525     
      182  -0.625712030979        0.100000000000         11.9215908525     
      183  -0.625712030979        0.200000000000         11.9215908525     
      184  -0.625712030979        0.300000000000         11.9215908525     
      185  -0.625712030979        0.400000000000         11.9215908525     
      186  -0.584032397739       -0.450000000000         11.9237053871     
      187  -0.584032397739       -0.400000000000         11.9237053871     
      188  -0.584032397739       -0.350000000000         11.9237053871     
      189  -0.584032397739       -0.300000000000         11.9237053871     
      190  -0.584032397739       -0.250000000000         11.9237053871     
      191  -0.584032397739       -0.200000000000         11.9237053871     
      192  -0.584032397739       -0.150000000000         11.9237053871     
      193  -0.584032397739       -0.100000000000         11.9237053871     
      194  -0.584032397739       -0.500000000000E-001    11.9237053871     
      195  -0.584032397739         0.00000000000         11.9237053871     
      196  -0.584032397739        0.500000000000E-001    11.9237053871     
      197  -0.584032397739        0.100000000000         11.9237053871     
      198  -0.584032397739        0.150000000000         11.9237053871     
      199  -0.584032397739        0.200000000000         11.9237053871     
      200  -0.584032397739        0.250000000000         11.9237053871     

 
      201  -0.584032397739        0.300000000000         11.9237053871     
      202  -0.584032397739        0.350000000000         11.9237053871     
      203  -0.584032397739        0.400000000000         11.9237053871     
      204  -0.584032397739        0.450000000000         11.9237053871     
      205  -0.542345627046       -0.400000000000         11.9256742040     
      206  -0.542345627046       -0.300000000000         11.9256742040     
      207  -0.542345627046       -0.200000000000         11.9256742040     
      208  -0.542345627046       -0.100000000000         11.9256742040     
      209  -0.542345627046         0.00000000000         11.9256742040     
      210  -0.542345627046        0.100000000000         11.9256742040     
      211  -0.542345627046        0.200000000000         11.9256742040     
      212  -0.542345627046        0.300000000000         11.9256742040     
      213  -0.542345627046        0.400000000000         11.9256742040     
      214    0.00000000000       -0.500000000000         11.9380000000     
      215  -0.458952711462       -0.500000000000         11.9291745904     
      216  -0.417247585822       -0.500000000000         11.9307061171     
      217  -0.375537361080       -0.500000000000         11.9320918405     
      218  -0.333822546963       -0.500000000000         11.9333317438     
      219  -0.292103653254       -0.500000000000         11.9344258117     
      220  -0.250381189790       -0.500000000000         11.9353740310     

 
      221  -0.208655666453       -0.500000000000         11.9361763900     
      222  -0.166927593166       -0.500000000000         11.9368328789     
      223  -0.125197479885       -0.500000000000         11.9373434897     
      224  -0.834658365915E-001  -0.500000000000         11.9377082162     
      225  -0.417331732903E-001  -0.500000000000         11.9379270538     
      226    0.00000000000        0.500000000000         11.9380000000     
      227    0.00000000000       -0.450000000000         11.9380000000     
      228    0.00000000000       -0.400000000000         11.9380000000     
      229    0.00000000000       -0.350000000000         11.9380000000     
      230    0.00000000000       -0.300000000000         11.9380000000     
      231    0.00000000000       -0.250000000000         11.9380000000     
      232    0.00000000000       -0.200000000000         11.9380000000     
      233    0.00000000000       -0.150000000000         11.9380000000     
      234    0.00000000000       -0.100000000000         11.9380000000     
      235    0.00000000000       -0.500000000000E-001    11.9380000000     
      236    0.00000000000         0.00000000000         11.9380000000     
      237    0.00000000000        0.500000000000E-001    11.9380000000     
      238    0.00000000000        0.100000000000         11.9380000000     
      239    0.00000000000        0.150000000000         11.9380000000     
      240    0.00000000000        0.200000000000         11.9380000000     

 
      241    0.00000000000        0.250000000000         11.9380000000     
      242    0.00000000000        0.300000000000         11.9380000000     
      243    0.00000000000        0.350000000000         11.9380000000     
      244    0.00000000000        0.400000000000         11.9380000000     
      245    0.00000000000        0.450000000000         11.9380000000     
      246  -0.458952711462        0.500000000000         11.9291745904     
      247  -0.417247585822        0.500000000000         11.9307061171     
      248  -0.375537361080        0.500000000000         11.9320918405     
      249  -0.333822546963        0.500000000000         11.9333317438     
      250  -0.292103653254        0.500000000000         11.9344258117     
      251  -0.250381189790        0.500000000000         11.9353740310     
      252  -0.208655666453        0.500000000000         11.9361763900     
      253  -0.166927593166        0.500000000000         11.9368328789     
      254  -0.125197479885        0.500000000000         11.9373434897     
      255  -0.834658365915E-001   0.500000000000         11.9377082162     
      256  -0.417331732903E-001   0.500000000000         11.9379270538     
      257  -0.458952711761       -0.400000000000         11.9291745904     
      258  -0.458952711761       -0.300000000000         11.9291745904     
      259  -0.458952711761       -0.200000000000         11.9291745904     
      260  -0.458952711761       -0.100000000000         11.9291745904     

 
      261  -0.458952711761         0.00000000000         11.9291745904     
      262  -0.458952711761        0.100000000000         11.9291745904     
      263  -0.458952711761        0.200000000000         11.9291745904     
      264  -0.458952711761        0.300000000000         11.9291745904     
      265  -0.458952711761        0.400000000000         11.9291745904     
      266  -0.417247586297       -0.450000000000         11.9307061171     
      267  -0.417247586297       -0.400000000000         11.9307061171     
      268  -0.417247586297       -0.350000000000         11.9307061171     
      269  -0.417247586297       -0.300000000000         11.9307061171     
      270  -0.417247586297       -0.250000000000         11.9307061171     
      271  -0.417247586297       -0.200000000000         11.9307061171     
      272  -0.417247586297       -0.150000000000         11.9307061171     
      273  -0.417247586297       -0.100000000000         11.9307061171     
      274  -0.417247586297       -0.500000000000E-001    11.9307061171     
      275  -0.417247586297         0.00000000000         11.9307061171     
      276  -0.417247586297        0.500000000000E-001    11.9307061171     
      277  -0.417247586297        0.100000000000         11.9307061171     
      278  -0.417247586297        0.150000000000         11.9307061171     
      279  -0.417247586297        0.200000000000         11.9307061171     
      280  -0.417247586297        0.250000000000         11.9307061171     

 
      281  -0.417247586297        0.300000000000         11.9307061171     
      282  -0.417247586297        0.350000000000         11.9307061171     
      283  -0.417247586297        0.400000000000         11.9307061171     
      284  -0.417247586297        0.450000000000         11.9307061171     
      285  -0.375537361630       -0.400000000000         11.9320918405     
      286  -0.375537361630       -0.300000000000         11.9320918405     
      287  -0.375537361630       -0.200000000000         11.9320918405     
      288  -0.375537361630       -0.100000000000         11.9320918405     
      289  -0.375537361630         0.00000000000         11.9320918405     
      290  -0.375537361630        0.100000000000         11.9320918405     
      291  -0.375537361630        0.200000000000         11.9320918405     
      292  -0.375537361630        0.300000000000         11.9320918405     
      293  -0.375537361630        0.400000000000         11.9320918405     
      294  -0.333822547506       -0.450000000000         11.9333317438     
      295  -0.333822547506       -0.400000000000         11.9333317438     
      296  -0.333822547506       -0.350000000000         11.9333317438     
      297  -0.333822547506       -0.300000000000         11.9333317438     
      298  -0.333822547506       -0.250000000000         11.9333317438     
      299  -0.333822547506       -0.200000000000         11.9333317438     
      300  -0.333822547506       -0.150000000000         11.9333317438     

 
      301  -0.333822547506       -0.100000000000         11.9333317438     
      302  -0.333822547506       -0.500000000000E-001    11.9333317438     
      303  -0.333822547506         0.00000000000         11.9333317438     
      304  -0.333822547506        0.500000000000E-001    11.9333317438     
      305  -0.333822547506        0.100000000000         11.9333317438     
      306  -0.333822547506        0.150000000000         11.9333317438     
      307  -0.333822547506        0.200000000000         11.9333317438     
      308  -0.333822547506        0.250000000000         11.9333317438     
      309  -0.333822547506        0.300000000000         11.9333317438     
      310  -0.333822547506        0.350000000000         11.9333317438     
      311  -0.333822547506        0.400000000000         11.9333317438     
      312  -0.333822547506        0.450000000000         11.9333317438     
      313  -0.292103653729       -0.400000000000         11.9344258117     
      314  -0.292103653729       -0.300000000000         11.9344258117     
      315  -0.292103653729       -0.200000000000         11.9344258117     
      316  -0.292103653729       -0.100000000000         11.9344258117     
      317  -0.292103653729         0.00000000000         11.9344258117     
      318  -0.292103653729        0.100000000000         11.9344258117     
      319  -0.292103653729        0.200000000000         11.9344258117     
      320  -0.292103653729        0.300000000000         11.9344258117     

 
      321  -0.292103653729        0.400000000000         11.9344258117     
      322  -0.250381190157       -0.450000000000         11.9353740310     
      323  -0.250381190157       -0.400000000000         11.9353740310     
      324  -0.250381190157       -0.350000000000         11.9353740310     
      325  -0.250381190157       -0.300000000000         11.9353740310     
      326  -0.250381190157       -0.250000000000         11.9353740310     
      327  -0.250381190157       -0.200000000000         11.9353740310     
      328  -0.250381190157       -0.150000000000         11.9353740310     
      329  -0.250381190157       -0.100000000000         11.9353740310     
      330  -0.250381190157       -0.500000000000E-001    11.9353740310     
      331  -0.250381190157         0.00000000000         11.9353740310     
      332  -0.250381190157        0.500000000000E-001    11.9353740310     
      333  -0.250381190157        0.100000000000         11.9353740310     
      334  -0.250381190157        0.150000000000         11.9353740310     
      335  -0.250381190157        0.200000000000         11.9353740310     
      336  -0.250381190157        0.250000000000         11.9353740310     
      337  -0.250381190157        0.300000000000         11.9353740310     
      338  -0.250381190157        0.350000000000         11.9353740310     
      339  -0.250381190157        0.400000000000         11.9353740310     
      340  -0.250381190157        0.450000000000         11.9353740310     

 
      341  -0.208655666691       -0.400000000000         11.9361763900     
      342  -0.208655666691       -0.300000000000         11.9361763900     
      343  -0.208655666691       -0.200000000000         11.9361763900     
      344  -0.208655666691       -0.100000000000         11.9361763900     
      345  -0.208655666691         0.00000000000         11.9361763900     
      346  -0.208655666691        0.100000000000         11.9361763900     
      347  -0.208655666691        0.200000000000         11.9361763900     
      348  -0.208655666691        0.300000000000         11.9361763900     
      349  -0.208655666691        0.400000000000         11.9361763900     
      350  -0.166927593275       -0.450000000000         11.9368328789     
      351  -0.166927593275       -0.400000000000         11.9368328789     
      352  -0.166927593275       -0.350000000000         11.9368328789     
      353  -0.166927593275       -0.300000000000         11.9368328789     
      354  -0.166927593275       -0.250000000000         11.9368328789     
      355  -0.166927593275       -0.200000000000         11.9368328789     
      356  -0.166927593275       -0.150000000000         11.9368328789     
      357  -0.166927593275       -0.100000000000         11.9368328789     
      358  -0.166927593275       -0.500000000000E-001    11.9368328789     
      359  -0.166927593275         0.00000000000         11.9368328789     
      360  -0.166927593275        0.500000000000E-001    11.9368328789     

 
      361  -0.166927593275        0.100000000000         11.9368328789     
      362  -0.166927593275        0.150000000000         11.9368328789     
      363  -0.166927593275        0.200000000000         11.9368328789     
      364  -0.166927593275        0.250000000000         11.9368328789     
      365  -0.166927593275        0.300000000000         11.9368328789     
      366  -0.166927593275        0.350000000000         11.9368328789     
      367  -0.166927593275        0.400000000000         11.9368328789     
      368  -0.166927593275        0.450000000000         11.9368328789     
      369  -0.125197479885       -0.400000000000         11.9373434897     
      370  -0.125197479885       -0.300000000000         11.9373434897     
      371  -0.125197479885       -0.200000000000         11.9373434897     
      372  -0.125197479885       -0.100000000000         11.9373434897     
      373  -0.125197479885         0.00000000000         11.9373434897     
      374  -0.125197479885        0.100000000000         11.9373434897     
      375  -0.125197479885        0.200000000000         11.9373434897     
      376  -0.125197479885        0.300000000000         11.9373434897     
      377  -0.125197479885        0.400000000000         11.9373434897     
      378  -0.834658365235E-001  -0.450000000000         11.9377082162     
      379  -0.834658365235E-001  -0.400000000000         11.9377082162     
      380  -0.834658365235E-001  -0.350000000000         11.9377082162     

 
      381  -0.834658365235E-001  -0.300000000000         11.9377082162     
      382  -0.834658365235E-001  -0.250000000000         11.9377082162     
      383  -0.834658365235E-001  -0.200000000000         11.9377082162     
      384  -0.834658365235E-001  -0.150000000000         11.9377082162     
      385  -0.834658365235E-001  -0.100000000000         11.9377082162     
      386  -0.834658365235E-001  -0.500000000000E-001    11.9377082162     
      387  -0.834658365235E-001    0.00000000000         11.9377082162     
      388  -0.834658365235E-001   0.500000000000E-001    11.9377082162     
      389  -0.834658365235E-001   0.100000000000         11.9377082162     
      390  -0.834658365235E-001   0.150000000000         11.9377082162     
      391  -0.834658365235E-001   0.200000000000         11.9377082162     
      392  -0.834658365235E-001   0.250000000000         11.9377082162     
      393  -0.834658365235E-001   0.300000000000         11.9377082162     
      394  -0.834658365235E-001   0.350000000000         11.9377082162     
      395  -0.834658365235E-001   0.400000000000         11.9377082162     
      396  -0.834658365235E-001   0.450000000000         11.9377082162     
      397  -0.417331732155E-001  -0.400000000000         11.9379270538     
      398  -0.417331732155E-001  -0.300000000000         11.9379270538     
      399  -0.417331732155E-001  -0.200000000000         11.9379270538     
      400  -0.417331732155E-001  -0.100000000000         11.9379270538     

 
      401  -0.417331732155E-001    0.00000000000         11.9379270538     
      402  -0.417331732155E-001   0.100000000000         11.9379270538     
      403  -0.417331732155E-001   0.200000000000         11.9379270538     
      404  -0.417331732155E-001   0.300000000000         11.9379270538     
      405  -0.417331732155E-001   0.400000000000         11.9379270538     
      406   0.500652228339       -0.500000000000         11.9274972792     
      407   0.417331733688E-001  -0.500000000000         11.9379270538     
      408   0.834658366993E-001  -0.500000000000         11.9377082162     
      409   0.125197479994       -0.500000000000         11.9373434897     
      410   0.166927593264       -0.500000000000         11.9368328789     
      411   0.208655666540       -0.500000000000         11.9361763900     
      412   0.250381189872       -0.500000000000         11.9353740310     
      413   0.292103653340       -0.500000000000         11.9344258117     
      414   0.333822547060       -0.500000000000         11.9333317438     
      415   0.375537361189       -0.500000000000         11.9320918405     
      416   0.417247585929       -0.500000000000         11.9307061171     
      417   0.458952711540       -0.500000000000         11.9291745904     
      418   0.500652228339        0.500000000000         11.9274972792     
      419   0.500652228339       -0.450000000000         11.9274972792     
      420   0.500652228339       -0.400000000000         11.9274972792     

 
      421   0.500652228339       -0.350000000000         11.9274972792     
      422   0.500652228339       -0.300000000000         11.9274972792     
      423   0.500652228339       -0.250000000000         11.9274972792     
      424   0.500652228339       -0.200000000000         11.9274972792     
      425   0.500652228339       -0.150000000000         11.9274972792     
      426   0.500652228339       -0.100000000000         11.9274972792     
      427   0.500652228339       -0.500000000000E-001    11.9274972792     
      428   0.500652228339         0.00000000000         11.9274972792     
      429   0.500652228339        0.500000000000E-001    11.9274972792     
      430   0.500652228339        0.100000000000         11.9274972792     
      431   0.500652228339        0.150000000000         11.9274972792     
      432   0.500652228339        0.200000000000         11.9274972792     
      433   0.500652228339        0.250000000000         11.9274972792     
      434   0.500652228339        0.300000000000         11.9274972792     
      435   0.500652228339        0.350000000000         11.9274972792     
      436   0.500652228339        0.400000000000         11.9274972792     
      437   0.500652228339        0.450000000000         11.9274972792     
      438   0.417331733688E-001   0.500000000000         11.9379270538     
      439   0.834658366993E-001   0.500000000000         11.9377082162     
      440   0.125197479994        0.500000000000         11.9373434897     

 
      441   0.166927593264        0.500000000000         11.9368328789     
      442   0.208655666540        0.500000000000         11.9361763900     
      443   0.250381189872        0.500000000000         11.9353740310     
      444   0.292103653340        0.500000000000         11.9344258117     
      445   0.333822547060        0.500000000000         11.9333317438     
      446   0.375537361189        0.500000000000         11.9320918405     
      447   0.417247585929        0.500000000000         11.9307061171     
      448   0.458952711540        0.500000000000         11.9291745904     
      449   0.417331732954E-001  -0.400000000000         11.9379270538     
      450   0.417331732954E-001  -0.300000000000         11.9379270538     
      451   0.417331732954E-001  -0.200000000000         11.9379270538     
      452   0.417331732954E-001  -0.100000000000         11.9379270538     
      453   0.417331732954E-001    0.00000000000         11.9379270538     
      454   0.417331732954E-001   0.100000000000         11.9379270538     
      455   0.417331732954E-001   0.200000000000         11.9379270538     
      456   0.417331732954E-001   0.300000000000         11.9379270538     
      457   0.417331732954E-001   0.400000000000         11.9379270538     
      458   0.834658366325E-001  -0.450000000000         11.9377082162     
      459   0.834658366325E-001  -0.400000000000         11.9377082162     
      460   0.834658366325E-001  -0.350000000000         11.9377082162     

 
      461   0.834658366325E-001  -0.300000000000         11.9377082162     
      462   0.834658366325E-001  -0.250000000000         11.9377082162     
      463   0.834658366325E-001  -0.200000000000         11.9377082162     
      464   0.834658366325E-001  -0.150000000000         11.9377082162     
      465   0.834658366325E-001  -0.100000000000         11.9377082162     
      466   0.834658366325E-001  -0.500000000000E-001    11.9377082162     
      467   0.834658366325E-001    0.00000000000         11.9377082162     
      468   0.834658366325E-001   0.500000000000E-001    11.9377082162     
      469   0.834658366325E-001   0.100000000000         11.9377082162     
      470   0.834658366325E-001   0.150000000000         11.9377082162     
      471   0.834658366325E-001   0.200000000000         11.9377082162     
      472   0.834658366325E-001   0.250000000000         11.9377082162     
      473   0.834658366325E-001   0.300000000000         11.9377082162     
      474   0.834658366325E-001   0.350000000000         11.9377082162     
      475   0.834658366325E-001   0.400000000000         11.9377082162     
      476   0.834658366325E-001   0.450000000000         11.9377082162     
      477   0.125197479994       -0.400000000000         11.9373434897     
      478   0.125197479994       -0.300000000000         11.9373434897     
      479   0.125197479994       -0.200000000000         11.9373434897     
      480   0.125197479994       -0.100000000000         11.9373434897     

 
      481   0.125197479994         0.00000000000         11.9373434897     
      482   0.125197479994        0.100000000000         11.9373434897     
      483   0.125197479994        0.200000000000         11.9373434897     
      484   0.125197479994        0.300000000000         11.9373434897     
      485   0.125197479994        0.400000000000         11.9373434897     
      486   0.166927593371       -0.450000000000         11.9368328789     
      487   0.166927593371       -0.400000000000         11.9368328789     
      488   0.166927593371       -0.350000000000         11.9368328789     
      489   0.166927593371       -0.300000000000         11.9368328789     
      490   0.166927593371       -0.250000000000         11.9368328789     
      491   0.166927593371       -0.200000000000         11.9368328789     
      492   0.166927593371       -0.150000000000         11.9368328789     
      493   0.166927593371       -0.100000000000         11.9368328789     
      494   0.166927593371       -0.500000000000E-001    11.9368328789     
      495   0.166927593371         0.00000000000         11.9368328789     
      496   0.166927593371        0.500000000000E-001    11.9368328789     
      497   0.166927593371        0.100000000000         11.9368328789     
      498   0.166927593371        0.150000000000         11.9368328789     
      499   0.166927593371        0.200000000000         11.9368328789     
      500   0.166927593371        0.250000000000         11.9368328789     

 
      501   0.166927593371        0.300000000000         11.9368328789     
      502   0.166927593371        0.350000000000         11.9368328789     
      503   0.166927593371        0.400000000000         11.9368328789     
      504   0.166927593371        0.450000000000         11.9368328789     
      505   0.208655666773       -0.400000000000         11.9361763900     
      506   0.208655666773       -0.300000000000         11.9361763900     
      507   0.208655666773       -0.200000000000         11.9361763900     
      508   0.208655666773       -0.100000000000         11.9361763900     
      509   0.208655666773         0.00000000000         11.9361763900     
      510   0.208655666773        0.100000000000         11.9361763900     
      511   0.208655666773        0.200000000000         11.9361763900     
      512   0.208655666773        0.300000000000         11.9361763900     
      513   0.208655666773        0.400000000000         11.9361763900     
      514   0.250381190232       -0.450000000000         11.9353740310     
      515   0.250381190232       -0.400000000000         11.9353740310     
      516   0.250381190232       -0.350000000000         11.9353740310     
      517   0.250381190232       -0.300000000000         11.9353740310     
      518   0.250381190232       -0.250000000000         11.9353740310     
      519   0.250381190232       -0.200000000000         11.9353740310     
      520   0.250381190232       -0.150000000000         11.9353740310     

 
      521   0.250381190232       -0.100000000000         11.9353740310     
      522   0.250381190232       -0.500000000000E-001    11.9353740310     
      523   0.250381190232         0.00000000000         11.9353740310     
      524   0.250381190232        0.500000000000E-001    11.9353740310     
      525   0.250381190232        0.100000000000         11.9353740310     
      526   0.250381190232        0.150000000000         11.9353740310     
      527   0.250381190232        0.200000000000         11.9353740310     
      528   0.250381190232        0.250000000000         11.9353740310     
      529   0.250381190232        0.300000000000         11.9353740310     
      530   0.250381190232        0.350000000000         11.9353740310     
      531   0.250381190232        0.400000000000         11.9353740310     
      532   0.250381190232        0.450000000000         11.9353740310     
      533   0.292103653807       -0.400000000000         11.9344258117     
      534   0.292103653807       -0.300000000000         11.9344258117     
      535   0.292103653807       -0.200000000000         11.9344258117     
      536   0.292103653807       -0.100000000000         11.9344258117     
      537   0.292103653807         0.00000000000         11.9344258117     
      538   0.292103653807        0.100000000000         11.9344258117     
      539   0.292103653807        0.200000000000         11.9344258117     
      540   0.292103653807        0.300000000000         11.9344258117     

 
      541   0.292103653807        0.400000000000         11.9344258117     
      542   0.333822547594       -0.450000000000         11.9333317438     
      543   0.333822547594       -0.400000000000         11.9333317438     
      544   0.333822547594       -0.350000000000         11.9333317438     
      545   0.333822547594       -0.300000000000         11.9333317438     
      546   0.333822547594       -0.250000000000         11.9333317438     
      547   0.333822547594       -0.200000000000         11.9333317438     
      548   0.333822547594       -0.150000000000         11.9333317438     
      549   0.333822547594       -0.100000000000         11.9333317438     
      550   0.333822547594       -0.500000000000E-001    11.9333317438     
      551   0.333822547594         0.00000000000         11.9333317438     
      552   0.333822547594        0.500000000000E-001    11.9333317438     
      553   0.333822547594        0.100000000000         11.9333317438     
      554   0.333822547594        0.150000000000         11.9333317438     
      555   0.333822547594        0.200000000000         11.9333317438     
      556   0.333822547594        0.250000000000         11.9333317438     
      557   0.333822547594        0.300000000000         11.9333317438     
      558   0.333822547594        0.350000000000         11.9333317438     
      559   0.333822547594        0.400000000000         11.9333317438     
      560   0.333822547594        0.450000000000         11.9333317438     

 
      561   0.375537361729       -0.400000000000         11.9320918405     
      562   0.375537361729       -0.300000000000         11.9320918405     
      563   0.375537361729       -0.200000000000         11.9320918405     
      564   0.375537361729       -0.100000000000         11.9320918405     
      565   0.375537361729         0.00000000000         11.9320918405     
      566   0.375537361729        0.100000000000         11.9320918405     
      567   0.375537361729        0.200000000000         11.9320918405     
      568   0.375537361729        0.300000000000         11.9320918405     
      569   0.375537361729        0.400000000000         11.9320918405     
      570   0.417247586397       -0.450000000000         11.9307061171     
      571   0.417247586397       -0.400000000000         11.9307061171     
      572   0.417247586397       -0.350000000000         11.9307061171     
      573   0.417247586397       -0.300000000000         11.9307061171     
      574   0.417247586397       -0.250000000000         11.9307061171     
      575   0.417247586397       -0.200000000000         11.9307061171     
      576   0.417247586397       -0.150000000000         11.9307061171     
      577   0.417247586397       -0.100000000000         11.9307061171     
      578   0.417247586397       -0.500000000000E-001    11.9307061171     
      579   0.417247586397         0.00000000000         11.9307061171     
      580   0.417247586397        0.500000000000E-001    11.9307061171     

 
      581   0.417247586397        0.100000000000         11.9307061171     
      582   0.417247586397        0.150000000000         11.9307061171     
      583   0.417247586397        0.200000000000         11.9307061171     
      584   0.417247586397        0.250000000000         11.9307061171     
      585   0.417247586397        0.300000000000         11.9307061171     
      586   0.417247586397        0.350000000000         11.9307061171     
      587   0.417247586397        0.400000000000         11.9307061171     
      588   0.417247586397        0.450000000000         11.9307061171     
      589   0.458952711834       -0.400000000000         11.9291745904     
      590   0.458952711834       -0.300000000000         11.9291745904     
      591   0.458952711834       -0.200000000000         11.9291745904     
      592   0.458952711834       -0.100000000000         11.9291745904     
      593   0.458952711834         0.00000000000         11.9291745904     
      594   0.458952711834        0.100000000000         11.9291745904     
      595   0.458952711834        0.200000000000         11.9291745904     
      596   0.458952711834        0.300000000000         11.9291745904     
      597   0.458952711834        0.400000000000         11.9291745904     
      598    1.00042353683       -0.500000000000         11.8960075970     
      599   0.542345626827       -0.500000000000         11.9256742041     
      600   0.584032397372       -0.500000000000         11.9237053871     

 
      601   0.625712030538       -0.500000000000         11.9215908525     
      602   0.667384016973       -0.500000000000         11.9193306261     
      603   0.709047847416       -0.500000000000         11.9169247354     
      604   0.750703012703       -0.500000000000         11.9143732100     
      605   0.792349003774       -0.500000000000         11.9116760809     
      606   0.833985311680       -0.500000000000         11.9088333811     
      607   0.875611427586       -0.500000000000         11.9058451454     
      608   0.917226842779       -0.500000000000         11.9027114104     
      609   0.958831048678       -0.500000000000         11.8994322142     
      610    1.00042353683        0.500000000000         11.8960075970     
      611    1.00042353683       -0.450000000000         11.8960075970     
      612    1.00042353683       -0.400000000000         11.8960075970     
      613    1.00042353683       -0.350000000000         11.8960075970     
      614    1.00042353683       -0.300000000000         11.8960075970     
      615    1.00042353683       -0.250000000000         11.8960075970     
      616    1.00042353683       -0.200000000000         11.8960075970     
      617    1.00042353683       -0.150000000000         11.8960075970     
      618    1.00042353683       -0.100000000000         11.8960075970     
      619    1.00042353683       -0.500000000000E-001    11.8960075970     
      620    1.00042353683         0.00000000000         11.8960075970     

 
      621    1.00042353683        0.500000000000E-001    11.8960075970     
      622    1.00042353683        0.100000000000         11.8960075970     
      623    1.00042353683        0.150000000000         11.8960075970     
      624    1.00042353683        0.200000000000         11.8960075970     
      625    1.00042353683        0.250000000000         11.8960075970     
      626    1.00042353683        0.300000000000         11.8960075970     
      627    1.00042353683        0.350000000000         11.8960075970     
      628    1.00042353683        0.400000000000         11.8960075970     
      629    1.00042353683        0.450000000000         11.8960075970     
      630   0.542345626827        0.500000000000         11.9256742041     
      631   0.584032397372        0.500000000000         11.9237053871     
      632   0.625712030538        0.500000000000         11.9215908525     
      633   0.667384016973        0.500000000000         11.9193306261     
      634   0.709047847416        0.500000000000         11.9169247354     
      635   0.750703012703        0.500000000000         11.9143732100     
      636   0.792349003774        0.500000000000         11.9116760809     
      637   0.833985311680        0.500000000000         11.9088333811     
      638   0.875611427586        0.500000000000         11.9058451454     
      639   0.917226842779        0.500000000000         11.9027114104     
      640   0.958831048678        0.500000000000         11.8994322142     

 
      641   0.542345626861       -0.400000000000         11.9256742041     
      642   0.542345626861       -0.300000000000         11.9256742041     
      643   0.542345626861       -0.200000000000         11.9256742041     
      644   0.542345626861       -0.100000000000         11.9256742041     
      645   0.542345626861         0.00000000000         11.9256742041     
      646   0.542345626861        0.100000000000         11.9256742041     
      647   0.542345626861        0.200000000000         11.9256742041     
      648   0.542345626861        0.300000000000         11.9256742041     
      649   0.542345626861        0.400000000000         11.9256742041     
      650   0.584032397603       -0.450000000000         11.9237053871     
      651   0.584032397603       -0.400000000000         11.9237053871     
      652   0.584032397603       -0.350000000000         11.9237053871     
      653   0.584032397603       -0.300000000000         11.9237053871     
      654   0.584032397603       -0.250000000000         11.9237053871     
      655   0.584032397603       -0.200000000000         11.9237053871     
      656   0.584032397603       -0.150000000000         11.9237053871     
      657   0.584032397603       -0.100000000000         11.9237053871     
      658   0.584032397603       -0.500000000000E-001    11.9237053871     
      659   0.584032397603         0.00000000000         11.9237053871     
      660   0.584032397603        0.500000000000E-001    11.9237053871     

 
      661   0.584032397603        0.100000000000         11.9237053871     
      662   0.584032397603        0.150000000000         11.9237053871     
      663   0.584032397603        0.200000000000         11.9237053871     
      664   0.584032397603        0.250000000000         11.9237053871     
      665   0.584032397603        0.300000000000         11.9237053871     
      666   0.584032397603        0.350000000000         11.9237053871     
      667   0.584032397603        0.400000000000         11.9237053871     
      668   0.584032397603        0.450000000000         11.9237053871     
      669   0.625712031077       -0.400000000000         11.9215908525     
      670   0.625712031077       -0.300000000000         11.9215908525     
      671   0.625712031077       -0.200000000000         11.9215908525     
      672   0.625712031077       -0.100000000000         11.9215908525     
      673   0.625712031077         0.00000000000         11.9215908525     
      674   0.625712031077        0.100000000000         11.9215908525     
      675   0.625712031077        0.200000000000         11.9215908525     
      676   0.625712031077        0.300000000000         11.9215908525     
      677   0.625712031077        0.400000000000         11.9215908525     
      678   0.667384017882       -0.450000000000         11.9193306260     
      679   0.667384017882       -0.400000000000         11.9193306260     
      680   0.667384017882       -0.350000000000         11.9193306260     

 
      681   0.667384017882       -0.300000000000         11.9193306260     
      682   0.667384017882       -0.250000000000         11.9193306260     
      683   0.667384017882       -0.200000000000         11.9193306260     
      684   0.667384017882       -0.150000000000         11.9193306260     
      685   0.667384017882       -0.100000000000         11.9193306260     
      686   0.667384017882       -0.500000000000E-001    11.9193306260     
      687   0.667384017882         0.00000000000         11.9193306260     
      688   0.667384017882        0.500000000000E-001    11.9193306260     
      689   0.667384017882        0.100000000000         11.9193306260     
      690   0.667384017882        0.150000000000         11.9193306260     
      691   0.667384017882        0.200000000000         11.9193306260     
      692   0.667384017882        0.250000000000         11.9193306260     
      693   0.667384017882        0.300000000000         11.9193306260     
      694   0.667384017882        0.350000000000         11.9193306260     
      695   0.667384017882        0.400000000000         11.9193306260     
      696   0.667384017882        0.450000000000         11.9193306260     
      697   0.709047848704       -0.400000000000         11.9169247354     
      698   0.709047848704       -0.300000000000         11.9169247354     
      699   0.709047848704       -0.200000000000         11.9169247354     
      700   0.709047848704       -0.100000000000         11.9169247354     

 
      701   0.709047848704         0.00000000000         11.9169247354     
      702   0.709047848704        0.100000000000         11.9169247354     
      703   0.709047848704        0.200000000000         11.9169247354     
      704   0.709047848704        0.300000000000         11.9169247354     
      705   0.709047848704        0.400000000000         11.9169247354     
      706   0.750703014331       -0.450000000000         11.9143732099     
      707   0.750703014331       -0.400000000000         11.9143732099     
      708   0.750703014331       -0.350000000000         11.9143732099     
      709   0.750703014331       -0.300000000000         11.9143732099     
      710   0.750703014331       -0.250000000000         11.9143732099     
      711   0.750703014331       -0.200000000000         11.9143732099     
      712   0.750703014331       -0.150000000000         11.9143732099     
      713   0.750703014331       -0.100000000000         11.9143732099     
      714   0.750703014331       -0.500000000000E-001    11.9143732099     
      715   0.750703014331         0.00000000000         11.9143732099     
      716   0.750703014331        0.500000000000E-001    11.9143732099     
      717   0.750703014331        0.100000000000         11.9143732099     
      718   0.750703014331        0.150000000000         11.9143732099     
      719   0.750703014331        0.200000000000         11.9143732099     
      720   0.750703014331        0.250000000000         11.9143732099     

 
      721   0.750703014331        0.300000000000         11.9143732099     
      722   0.750703014331        0.350000000000         11.9143732099     
      723   0.750703014331        0.400000000000         11.9143732099     
      724   0.750703014331        0.450000000000         11.9143732099     
      725   0.792349005652       -0.400000000000         11.9116760808     
      726   0.792349005652       -0.300000000000         11.9116760808     
      727   0.792349005652       -0.200000000000         11.9116760808     
      728   0.792349005652       -0.100000000000         11.9116760808     
      729   0.792349005652         0.00000000000         11.9116760808     
      730   0.792349005652        0.100000000000         11.9116760808     
      731   0.792349005652        0.200000000000         11.9116760808     
      732   0.792349005652        0.300000000000         11.9116760808     
      733   0.792349005652        0.400000000000         11.9116760808     
      734   0.833985313665       -0.450000000000         11.9088333810     
      735   0.833985313665       -0.400000000000         11.9088333810     
      736   0.833985313665       -0.350000000000         11.9088333810     
      737   0.833985313665       -0.300000000000         11.9088333810     
      738   0.833985313665       -0.250000000000         11.9088333810     
      739   0.833985313665       -0.200000000000         11.9088333810     
      740   0.833985313665       -0.150000000000         11.9088333810     

 
      741   0.833985313665       -0.100000000000         11.9088333810     
      742   0.833985313665       -0.500000000000E-001    11.9088333810     
      743   0.833985313665         0.00000000000         11.9088333810     
      744   0.833985313665        0.500000000000E-001    11.9088333810     
      745   0.833985313665        0.100000000000         11.9088333810     
      746   0.833985313665        0.150000000000         11.9088333810     
      747   0.833985313665        0.200000000000         11.9088333810     
      748   0.833985313665        0.250000000000         11.9088333810     
      749   0.833985313665        0.300000000000         11.9088333810     
      750   0.833985313665        0.350000000000         11.9088333810     
      751   0.833985313665        0.400000000000         11.9088333810     
      752   0.833985313665        0.450000000000         11.9088333810     
      753   0.875611429488       -0.400000000000         11.9058451453     
      754   0.875611429488       -0.300000000000         11.9058451453     
      755   0.875611429488       -0.200000000000         11.9058451453     
      756   0.875611429488       -0.100000000000         11.9058451453     
      757   0.875611429488         0.00000000000         11.9058451453     
      758   0.875611429488        0.100000000000         11.9058451453     
      759   0.875611429488        0.200000000000         11.9058451453     
      760   0.875611429488        0.300000000000         11.9058451453     

 
      761   0.875611429488        0.400000000000         11.9058451453     
      762   0.917226844357       -0.450000000000         11.9027114103     
      763   0.917226844357       -0.400000000000         11.9027114103     
      764   0.917226844357       -0.350000000000         11.9027114103     
      765   0.917226844357       -0.300000000000         11.9027114103     
      766   0.917226844357       -0.250000000000         11.9027114103     
      767   0.917226844357       -0.200000000000         11.9027114103     
      768   0.917226844357       -0.150000000000         11.9027114103     
      769   0.917226844357       -0.100000000000         11.9027114103     
      770   0.917226844357       -0.500000000000E-001    11.9027114103     
      771   0.917226844357         0.00000000000         11.9027114103     
      772   0.917226844357        0.500000000000E-001    11.9027114103     
      773   0.917226844357        0.100000000000         11.9027114103     
      774   0.917226844357        0.150000000000         11.9027114103     
      775   0.917226844357        0.200000000000         11.9027114103     
      776   0.917226844357        0.250000000000         11.9027114103     
      777   0.917226844357        0.300000000000         11.9027114103     
      778   0.917226844357        0.350000000000         11.9027114103     
      779   0.917226844357        0.400000000000         11.9027114103     
      780   0.917226844357        0.450000000000         11.9027114103     

 
      781   0.958831049638       -0.400000000000         11.8994322141     
      782   0.958831049638       -0.300000000000         11.8994322141     
      783   0.958831049638       -0.200000000000         11.8994322141     
      784   0.958831049638       -0.100000000000         11.8994322141     
      785   0.958831049638         0.00000000000         11.8994322141     
      786   0.958831049638        0.100000000000         11.8994322141     
      787   0.958831049638        0.200000000000         11.8994322141     
      788   0.958831049638        0.300000000000         11.8994322141     
      789   0.958831049638        0.400000000000         11.8994322141     

