
 
 
 
 
       1   1   1   1   0   1      1     4    75    47     3    74    65    46
       2   1   1   1   0   1      4     6   103    75     5   102    93    74
       3   1   1   1   0   1      6     8   131   103     7   130   121   102
       4   1   1   1   0   1      8    10   159   131     9   158   149   130
       5   1   1   1   0   1     10    12   187   159    11   186   177   158
       6   1   1   1   0   1     12     2    16   187    13    15   205   186
       7   1   1   1   0   1     47    75    77    49    65    76    66    48
       8   1   1   1   0   1     75   103   105    77    93   104    94    76
       9   1   1   1   0   1    103   131   133   105   121   132   122   104
      10   1   1   1   0   1    131   159   161   133   149   160   150   132
      11   1   1   1   0   1    159   187   189   161   177   188   178   160
      12   1   1   1   0   1    187    16    18   189   205    17   206   188
      13   1   1   1   0   1     49    77    79    51    66    78    67    50
      14   1   1   1   0   1     77   105   107    79    94   106    95    78
      15   1   1   1   0   1    105   133   135   107   122   134   123   106
      16   1   1   1   0   1    133   161   163   135   150   162   151   134
      17   1   1   1   0   1    161   189   191   163   178   190   179   162
      18   1   1   1   0   1    189    18    20   191   206    19   207   190
      19   1   1   1   0   1     51    79    81    53    67    80    68    52
      20   1   1   1   0   1     79   107   109    81    95   108    96    80
 
 
 
      21   1   1   1   0   1    107   135   137   109   123   136   124   108
      22   1   1   1   0   1    135   163   165   137   151   164   152   136
      23   1   1   1   0   1    163   191   193   165   179   192   180   164
      24   1   1   1   0   1    191    20    22   193   207    21   208   192
      25   1   1   1   0   1     53    81    83    55    68    82    69    54
      26   1   1   1   0   1     81   109   111    83    96   110    97    82
      27   1   1   1   0   1    109   137   139   111   124   138   125   110
      28   1   1   1   0   1    137   165   167   139   152   166   153   138
      29   1   1   1   0   1    165   193   195   167   180   194   181   166
      30   1   1   1   0   1    193    22    24   195   208    23   209   194
      31   1   1   1   0   1     55    83    85    57    69    84    70    56
      32   1   1   1   0   1     83   111   113    85    97   112    98    84
      33   1   1   1   0   1    111   139   141   113   125   140   126   112
      34   1   1   1   0   1    139   167   169   141   153   168   154   140
      35   1   1   1   0   1    167   195   197   169   181   196   182   168
      36   1   1   1   0   1    195    24    26   197   209    25   210   196
      37   1   1   1   0   1     57    85    87    59    70    86    71    58
      38   1   1   1   0   1     85   113   115    87    98   114    99    86
      39   1   1   1   0   1    113   141   143   115   126   142   127   114
      40   1   1   1   0   1    141   169   171   143   154   170   155   142
 
 
 
      41   1   1   1   0   1    169   197   199   171   182   198   183   170
      42   1   1   1   0   1    197    26    28   199   210    27   211   198
      43   1   1   1   0   1     59    87    89    61    71    88    72    60
      44   1   1   1   0   1     87   115   117    89    99   116   100    88
      45   1   1   1   0   1    115   143   145   117   127   144   128   116
      46   1   1   1   0   1    143   171   173   145   155   172   156   144
      47   1   1   1   0   1    171   199   201   173   183   200   184   172
      48   1   1   1   0   1    199    28    30   201   211    29   212   200
      49   1   1   1   0   1     61    89    91    63    72    90    73    62
      50   1   1   1   0   1     89   117   119    91   100   118   101    90
      51   1   1   1   0   1    117   145   147   119   128   146   129   118
      52   1   1   1   0   1    145   173   175   147   156   174   157   146
      53   1   1   1   0   1    173   201   203   175   184   202   185   174
      54   1   1   1   0   1    201    30    32   203   212    31   213   202
      55   1   1   1   0   1     63    91    36    34    73    92    35    64
      56   1   1   1   0   1     91   119    38    36   101   120    37    92
      57   1   1   1   0   1    119   147    40    38   129   148    39   120
      58   1   1   1   0   1    147   175    42    40   157   176    41   148
      59   1   1   1   0   1    175   203    44    42   185   204    43   176
      60   1   1   1   0   1    203    32    14    44   213    33    45   204
 
 
 
      61   1   1   1   0   1      2   216   267    16   215   266   257    15
      62   1   1   1   0   1    216   218   295   267   217   294   285   266
      63   1   1   1   0   1    218   220   323   295   219   322   313   294
      64   1   1   1   0   1    220   222   351   323   221   350   341   322
      65   1   1   1   0   1    222   224   379   351   223   378   369   350
      66   1   1   1   0   1    224   214   228   379   225   227   397   378
      67   1   1   1   0   1     16   267   269    18   257   268   258    17
      68   1   1   1   0   1    267   295   297   269   285   296   286   268
      69   1   1   1   0   1    295   323   325   297   313   324   314   296
      70   1   1   1   0   1    323   351   353   325   341   352   342   324
      71   1   1   1   0   1    351   379   381   353   369   380   370   352
      72   1   1   1   0   1    379   228   230   381   397   229   398   380
      73   1   1   1   0   1     18   269   271    20   258   270   259    19
      74   1   1   1   0   1    269   297   299   271   286   298   287   270
      75   1   1   1   0   1    297   325   327   299   314   326   315   298
      76   1   1   1   0   1    325   353   355   327   342   354   343   326
      77   1   1   1   0   1    353   381   383   355   370   382   371   354
      78   1   1   1   0   1    381   230   232   383   398   231   399   382
      79   1   1   1   0   1     20   271   273    22   259   272   260    21
      80   1   1   1   0   1    271   299   301   273   287   300   288   272
 
 
 
      81   1   1   1   0   1    299   327   329   301   315   328   316   300
      82   1   1   1   0   1    327   355   357   329   343   356   344   328
      83   1   1   1   0   1    355   383   385   357   371   384   372   356
      84   1   1   1   0   1    383   232   234   385   399   233   400   384
      85   1   1   1   0   1     22   273   275    24   260   274   261    23
      86   1   1   1   0   1    273   301   303   275   288   302   289   274
      87   1   1   1   0   1    301   329   331   303   316   330   317   302
      88   1   1   1   0   1    329   357   359   331   344   358   345   330
      89   1   1   1   0   1    357   385   387   359   372   386   373   358
      90   1   1   1   0   1    385   234   236   387   400   235   401   386
      91   1   1   1   0   1     24   275   277    26   261   276   262    25
      92   1   1   1   0   1    275   303   305   277   289   304   290   276
      93   1   1   1   0   1    303   331   333   305   317   332   318   304
      94   1   1   1   0   1    331   359   361   333   345   360   346   332
      95   1   1   1   0   1    359   387   389   361   373   388   374   360
      96   1   1   1   0   1    387   236   238   389   401   237   402   388
      97   1   1   1   0   1     26   277   279    28   262   278   263    27
      98   1   1   1   0   1    277   305   307   279   290   306   291   278
      99   1   1   1   0   1    305   333   335   307   318   334   319   306
     100   1   1   1   0   1    333   361   363   335   346   362   347   334
 
 
 
     101   1   1   1   0   1    361   389   391   363   374   390   375   362
     102   1   1   1   0   1    389   238   240   391   402   239   403   390
     103   1   1   1   0   1     28   279   281    30   263   280   264    29
     104   1   1   1   0   1    279   307   309   281   291   308   292   280
     105   1   1   1   0   1    307   335   337   309   319   336   320   308
     106   1   1   1   0   1    335   363   365   337   347   364   348   336
     107   1   1   1   0   1    363   391   393   365   375   392   376   364
     108   1   1   1   0   1    391   240   242   393   403   241   404   392
     109   1   1   1   0   1     30   281   283    32   264   282   265    31
     110   1   1   1   0   1    281   309   311   283   292   310   293   282
     111   1   1   1   0   1    309   337   339   311   320   338   321   310
     112   1   1   1   0   1    337   365   367   339   348   366   349   338
     113   1   1   1   0   1    365   393   395   367   376   394   377   366
     114   1   1   1   0   1    393   242   244   395   404   243   405   394
     115   1   1   1   0   1     32   283   247    14   265   284   246    33
     116   1   1   1   0   1    283   311   249   247   293   312   248   284
     117   1   1   1   0   1    311   339   251   249   321   340   250   312
     118   1   1   1   0   1    339   367   253   251   349   368   252   340
     119   1   1   1   0   1    367   395   255   253   377   396   254   368
     120   1   1   1   0   1    395   244   226   255   405   245   256   396
 
 
 
     121   1   1   1   0   1    214   408   459   228   407   458   449   227
     122   1   1   1   0   1    408   410   487   459   409   486   477   458
     123   1   1   1   0   1    410   412   515   487   411   514   505   486
     124   1   1   1   0   1    412   414   543   515   413   542   533   514
     125   1   1   1   0   1    414   416   571   543   415   570   561   542
     126   1   1   1   0   1    416   406   420   571   417   419   589   570
     127   1   1   1   0   1    228   459   461   230   449   460   450   229
     128   1   1   1   0   1    459   487   489   461   477   488   478   460
     129   1   1   1   0   1    487   515   517   489   505   516   506   488
     130   1   1   1   0   1    515   543   545   517   533   544   534   516
     131   1   1   1   0   1    543   571   573   545   561   572   562   544
     132   1   1   1   0   1    571   420   422   573   589   421   590   572
     133   1   1   1   0   1    230   461   463   232   450   462   451   231
     134   1   1   1   0   1    461   489   491   463   478   490   479   462
     135   1   1   1   0   1    489   517   519   491   506   518   507   490
     136   1   1   1   0   1    517   545   547   519   534   546   535   518
     137   1   1   1   0   1    545   573   575   547   562   574   563   546
     138   1   1   1   0   1    573   422   424   575   590   423   591   574
     139   1   1   1   0   1    232   463   465   234   451   464   452   233
     140   1   1   1   0   1    463   491   493   465   479   492   480   464
 
 
 
     141   1   1   1   0   1    491   519   521   493   507   520   508   492
     142   1   1   1   0   1    519   547   549   521   535   548   536   520
     143   1   1   1   0   1    547   575   577   549   563   576   564   548
     144   1   1   1   0   1    575   424   426   577   591   425   592   576
     145   1   1   1   0   1    234   465   467   236   452   466   453   235
     146   1   1   1   0   1    465   493   495   467   480   494   481   466
     147   1   1   1   0   1    493   521   523   495   508   522   509   494
     148   1   1   1   0   1    521   549   551   523   536   550   537   522
     149   1   1   1   0   1    549   577   579   551   564   578   565   550
     150   1   1   1   0   1    577   426   428   579   592   427   593   578
     151   1   1   1   0   1    236   467   469   238   453   468   454   237
     152   1   1   1   0   1    467   495   497   469   481   496   482   468
     153   1   1   1   0   1    495   523   525   497   509   524   510   496
     154   1   1   1   0   1    523   551   553   525   537   552   538   524
     155   1   1   1   0   1    551   579   581   553   565   580   566   552
     156   1   1   1   0   1    579   428   430   581   593   429   594   580
     157   1   1   1   0   1    238   469   471   240   454   470   455   239
     158   1   1   1   0   1    469   497   499   471   482   498   483   470
     159   1   1   1   0   1    497   525   527   499   510   526   511   498
     160   1   1   1   0   1    525   553   555   527   538   554   539   526
 
 
 
     161   1   1   1   0   1    553   581   583   555   566   582   567   554
     162   1   1   1   0   1    581   430   432   583   594   431   595   582
     163   1   1   1   0   1    240   471   473   242   455   472   456   241
     164   1   1   1   0   1    471   499   501   473   483   500   484   472
     165   1   1   1   0   1    499   527   529   501   511   528   512   500
     166   1   1   1   0   1    527   555   557   529   539   556   540   528
     167   1   1   1   0   1    555   583   585   557   567   584   568   556
     168   1   1   1   0   1    583   432   434   585   595   433   596   584
     169   1   1   1   0   1    242   473   475   244   456   474   457   243
     170   1   1   1   0   1    473   501   503   475   484   502   485   474
     171   1   1   1   0   1    501   529   531   503   512   530   513   502
     172   1   1   1   0   1    529   557   559   531   540   558   541   530
     173   1   1   1   0   1    557   585   587   559   568   586   569   558
     174   1   1   1   0   1    585   434   436   587   596   435   597   586
     175   1   1   1   0   1    244   475   439   226   457   476   438   245
     176   1   1   1   0   1    475   503   441   439   485   504   440   476
     177   1   1   1   0   1    503   531   443   441   513   532   442   504
     178   1   1   1   0   1    531   559   445   443   541   560   444   532
     179   1   1   1   0   1    559   587   447   445   569   588   446   560
     180   1   1   1   0   1    587   436   418   447   597   437   448   588
 
 
 
     181   1   1   1   0   1    406   600   651   420   599   650   641   419
     182   1   1   1   0   1    600   602   679   651   601   678   669   650
     183   1   1   1   0   1    602   604   707   679   603   706   697   678
     184   1   1   1   0   1    604   606   735   707   605   734   725   706
     185   1   1   1   0   1    606   608   763   735   607   762   753   734
     186   1   1   1   0   1    608   598   612   763   609   611   781   762
     187   1   1   1   0   1    420   651   653   422   641   652   642   421
     188   1   1   1   0   1    651   679   681   653   669   680   670   652
     189   1   1   1   0   1    679   707   709   681   697   708   698   680
     190   1   1   1   0   1    707   735   737   709   725   736   726   708
     191   1   1   1   0   1    735   763   765   737   753   764   754   736
     192   1   1   1   0   1    763   612   614   765   781   613   782   764
     193   1   1   1   0   1    422   653   655   424   642   654   643   423
     194   1   1   1   0   1    653   681   683   655   670   682   671   654
     195   1   1   1   0   1    681   709   711   683   698   710   699   682
     196   1   1   1   0   1    709   737   739   711   726   738   727   710
     197   1   1   1   0   1    737   765   767   739   754   766   755   738
     198   1   1   1   0   1    765   614   616   767   782   615   783   766
     199   1   1   1   0   1    424   655   657   426   643   656   644   425
     200   1   1   1   0   1    655   683   685   657   671   684   672   656
 
 
 
     201   1   1   1   0   1    683   711   713   685   699   712   700   684
     202   1   1   1   0   1    711   739   741   713   727   740   728   712
     203   1   1   1   0   1    739   767   769   741   755   768   756   740
     204   1   1   1   0   1    767   616   618   769   783   617   784   768
     205   1   1   1   0   1    426   657   659   428   644   658   645   427
     206   1   1   1   0   1    657   685   687   659   672   686   673   658
     207   1   1   1   0   1    685   713   715   687   700   714   701   686
     208   1   1   1   0   1    713   741   743   715   728   742   729   714
     209   1   1   1   0   1    741   769   771   743   756   770   757   742
     210   1   1   1   0   1    769   618   620   771   784   619   785   770
     211   1   1   1   0   1    428   659   661   430   645   660   646   429
     212   1   1   1   0   1    659   687   689   661   673   688   674   660
     213   1   1   1   0   1    687   715   717   689   701   716   702   688
     214   1   1   1   0   1    715   743   745   717   729   744   730   716
     215   1   1   1   0   1    743   771   773   745   757   772   758   744
     216   1   1   1   0   1    771   620   622   773   785   621   786   772
     217   1   1   1   0   1    430   661   663   432   646   662   647   431
     218   1   1   1   0   1    661   689   691   663   674   690   675   662
     219   1   1   1   0   1    689   717   719   691   702   718   703   690
     220   1   1   1   0   1    717   745   747   719   730   746   731   718
 
 
 
     221   1   1   1   0   1    745   773   775   747   758   774   759   746
     222   1   1   1   0   1    773   622   624   775   786   623   787   774
     223   1   1   1   0   1    432   663   665   434   647   664   648   433
     224   1   1   1   0   1    663   691   693   665   675   692   676   664
     225   1   1   1   0   1    691   719   721   693   703   720   704   692
     226   1   1   1   0   1    719   747   749   721   731   748   732   720
     227   1   1   1   0   1    747   775   777   749   759   776   760   748
     228   1   1   1   0   1    775   624   626   777   787   625   788   776
     229   1   1   1   0   1    434   665   667   436   648   666   649   435
     230   1   1   1   0   1    665   693   695   667   676   694   677   666
     231   1   1   1   0   1    693   721   723   695   704   722   705   694
     232   1   1   1   0   1    721   749   751   723   732   750   733   722
     233   1   1   1   0   1    749   777   779   751   760   778   761   750
     234   1   1   1   0   1    777   626   628   779   788   627   789   778
     235   1   1   1   0   1    436   667   631   418   649   668   630   437
     236   1   1   1   0   1    667   695   633   631   677   696   632   668
     237   1   1   1   0   1    695   723   635   633   705   724   634   696
     238   1   1   1   0   1    723   751   637   635   733   752   636   724
     239   1   1   1   0   1    751   779   639   637   761   780   638   752
     240   1   1   1   0   1    779   628   610   639   789   629   640   780

