
 

 
        1  -0.999868720724       -0.500000000000         7.11579560073     
        2  -0.501154687627       -0.500000000000         7.16820259682     
        3  -0.958461828506       -0.500000000000         7.12149109480     
        4  -0.917022508154       -0.500000000000         7.12694564379     
        5  -0.875552161704       -0.500000000000         7.13215906315     
        6  -0.834052192288       -0.500000000000         7.13713117650     
        7  -0.792524003953       -0.500000000000         7.14186181560     
        8  -0.750969001719       -0.500000000000         7.14635082042     
        9  -0.709388591529       -0.500000000000         7.15059803906     
       10  -0.667784180203       -0.500000000000         7.15460332784     
       11  -0.626157175394       -0.500000000000         7.15836655123     
       12  -0.584508985535       -0.500000000000         7.16188758191     
       13  -0.542841019678       -0.500000000000         7.16516630075     
       14  -0.501154687627        0.500000000000         7.16820259682     
       15  -0.501154687627       -0.450000000000         7.16820259682     
       16  -0.501154687627       -0.400000000000         7.16820259682     
       17  -0.501154687627       -0.350000000000         7.16820259682     
       18  -0.501154687627       -0.300000000000         7.16820259682     
       19  -0.501154687627       -0.250000000000         7.16820259682     
       20  -0.501154687627       -0.200000000000         7.16820259682     

 
       21  -0.501154687627       -0.150000000000         7.16820259682     
       22  -0.501154687627       -0.100000000000         7.16820259682     
       23  -0.501154687627       -0.500000000000E-001    7.16820259682     
       24  -0.501154687627         0.00000000000         7.16820259682     
       25  -0.501154687627        0.500000000000E-001    7.16820259682     
       26  -0.501154687627        0.100000000000         7.16820259682     
       27  -0.501154687627        0.150000000000         7.16820259682     
       28  -0.501154687627        0.200000000000         7.16820259682     
       29  -0.501154687627        0.250000000000         7.16820259682     
       30  -0.501154687627        0.300000000000         7.16820259682     
       31  -0.501154687627        0.350000000000         7.16820259682     
       32  -0.501154687627        0.400000000000         7.16820259682     
       33  -0.501154687627        0.450000000000         7.16820259682     
       34  -0.999868720724        0.500000000000         7.11579560073     
       35  -0.958461828506        0.500000000000         7.12149109480     
       36  -0.917022508154        0.500000000000         7.12694564379     
       37  -0.875552161704        0.500000000000         7.13215906315     
       38  -0.834052192288        0.500000000000         7.13713117650     
       39  -0.792524003953        0.500000000000         7.14186181560     
       40  -0.750969001719        0.500000000000         7.14635082042     

 
       41  -0.709388591529        0.500000000000         7.15059803906     
       42  -0.667784180203        0.500000000000         7.15460332784     
       43  -0.626157175394        0.500000000000         7.15836655123     
       44  -0.584508985535        0.500000000000         7.16188758191     
       45  -0.542841019678        0.500000000000         7.16516630075     
       46  -0.999868720724       -0.450000000000         7.11579560073     
       47  -0.999868720724       -0.400000000000         7.11579560073     
       48  -0.999868720724       -0.350000000000         7.11579560073     
       49  -0.999868720724       -0.300000000000         7.11579560073     
       50  -0.999868720724       -0.250000000000         7.11579560073     
       51  -0.999868720724       -0.200000000000         7.11579560073     
       52  -0.999868720724       -0.150000000000         7.11579560073     
       53  -0.999868720724       -0.100000000000         7.11579560073     
       54  -0.999868720724       -0.500000000000E-001    7.11579560073     
       55  -0.999868720724         0.00000000000         7.11579560073     
       56  -0.999868720724        0.500000000000E-001    7.11579560073     
       57  -0.999868720724        0.100000000000         7.11579560073     
       58  -0.999868720724        0.150000000000         7.11579560073     
       59  -0.999868720724        0.200000000000         7.11579560073     
       60  -0.999868720724        0.250000000000         7.11579560073     

 
       61  -0.999868720724        0.300000000000         7.11579560073     
       62  -0.999868720724        0.350000000000         7.11579560073     
       63  -0.999868720724        0.400000000000         7.11579560073     
       64  -0.999868720724        0.450000000000         7.11579560073     
       65  -0.958461828397       -0.400000000000         7.12149109481     
       66  -0.958461828397       -0.300000000000         7.12149109481     
       67  -0.958461828397       -0.200000000000         7.12149109481     
       68  -0.958461828397       -0.100000000000         7.12149109481     
       69  -0.958461828397         0.00000000000         7.12149109481     
       70  -0.958461828397        0.100000000000         7.12149109481     
       71  -0.958461828397        0.200000000000         7.12149109481     
       72  -0.958461828397        0.300000000000         7.12149109481     
       73  -0.958461828397        0.400000000000         7.12149109481     
       74  -0.917022508043       -0.450000000000         7.12694564380     
       75  -0.917022508043       -0.400000000000         7.12694564380     
       76  -0.917022508043       -0.350000000000         7.12694564380     
       77  -0.917022508043       -0.300000000000         7.12694564380     
       78  -0.917022508043       -0.250000000000         7.12694564380     
       79  -0.917022508043       -0.200000000000         7.12694564380     
       80  -0.917022508043       -0.150000000000         7.12694564380     

 
       81  -0.917022508043       -0.100000000000         7.12694564380     
       82  -0.917022508043       -0.500000000000E-001    7.12694564380     
       83  -0.917022508043         0.00000000000         7.12694564380     
       84  -0.917022508043        0.500000000000E-001    7.12694564380     
       85  -0.917022508043        0.100000000000         7.12694564380     
       86  -0.917022508043        0.150000000000         7.12694564380     
       87  -0.917022508043        0.200000000000         7.12694564380     
       88  -0.917022508043        0.250000000000         7.12694564380     
       89  -0.917022508043        0.300000000000         7.12694564380     
       90  -0.917022508043        0.350000000000         7.12694564380     
       91  -0.917022508043        0.400000000000         7.12694564380     
       92  -0.917022508043        0.450000000000         7.12694564380     
       93  -0.875552161671       -0.400000000000         7.13215906316     
       94  -0.875552161671       -0.300000000000         7.13215906316     
       95  -0.875552161671       -0.200000000000         7.13215906316     
       96  -0.875552161671       -0.100000000000         7.13215906316     
       97  -0.875552161671         0.00000000000         7.13215906316     
       98  -0.875552161671        0.100000000000         7.13215906316     
       99  -0.875552161671        0.200000000000         7.13215906316     
      100  -0.875552161671        0.300000000000         7.13215906316     

 
      101  -0.875552161671        0.400000000000         7.13215906316     
      102  -0.834052192389       -0.450000000000         7.13713117649     
      103  -0.834052192389       -0.400000000000         7.13713117649     
      104  -0.834052192389       -0.350000000000         7.13713117649     
      105  -0.834052192389       -0.300000000000         7.13713117649     
      106  -0.834052192389       -0.250000000000         7.13713117649     
      107  -0.834052192389       -0.200000000000         7.13713117649     
      108  -0.834052192389       -0.150000000000         7.13713117649     
      109  -0.834052192389       -0.100000000000         7.13713117649     
      110  -0.834052192389       -0.500000000000E-001    7.13713117649     
      111  -0.834052192389         0.00000000000         7.13713117649     
      112  -0.834052192389        0.500000000000E-001    7.13713117649     
      113  -0.834052192389        0.100000000000         7.13713117649     
      114  -0.834052192389        0.150000000000         7.13713117649     
      115  -0.834052192389        0.200000000000         7.13713117649     
      116  -0.834052192389        0.250000000000         7.13713117649     
      117  -0.834052192389        0.300000000000         7.13713117649     
      118  -0.834052192389        0.350000000000         7.13713117649     
      119  -0.834052192389        0.400000000000         7.13713117649     
      120  -0.834052192389        0.450000000000         7.13713117649     

 
      121  -0.792524004217       -0.400000000000         7.14186181557     
      122  -0.792524004217       -0.300000000000         7.14186181557     
      123  -0.792524004217       -0.200000000000         7.14186181557     
      124  -0.792524004217       -0.100000000000         7.14186181557     
      125  -0.792524004217         0.00000000000         7.14186181557     
      126  -0.792524004217        0.100000000000         7.14186181557     
      127  -0.792524004217        0.200000000000         7.14186181557     
      128  -0.792524004217        0.300000000000         7.14186181557     
      129  -0.792524004217        0.400000000000         7.14186181557     
      130  -0.750969002147       -0.450000000000         7.14635082037     
      131  -0.750969002147       -0.400000000000         7.14635082037     
      132  -0.750969002147       -0.350000000000         7.14635082037     
      133  -0.750969002147       -0.300000000000         7.14635082037     
      134  -0.750969002147       -0.250000000000         7.14635082037     
      135  -0.750969002147       -0.200000000000         7.14635082037     
      136  -0.750969002147       -0.150000000000         7.14635082037     
      137  -0.750969002147       -0.100000000000         7.14635082037     
      138  -0.750969002147       -0.500000000000E-001    7.14635082037     
      139  -0.750969002147         0.00000000000         7.14635082037     
      140  -0.750969002147        0.500000000000E-001    7.14635082037     

 
      141  -0.750969002147        0.100000000000         7.14635082037     
      142  -0.750969002147        0.150000000000         7.14635082037     
      143  -0.750969002147        0.200000000000         7.14635082037     
      144  -0.750969002147        0.250000000000         7.14635082037     
      145  -0.750969002147        0.300000000000         7.14635082037     
      146  -0.750969002147        0.350000000000         7.14635082037     
      147  -0.750969002147        0.400000000000         7.14635082037     
      148  -0.750969002147        0.450000000000         7.14635082037     
      149  -0.709388592098       -0.400000000000         7.15059803900     
      150  -0.709388592098       -0.300000000000         7.15059803900     
      151  -0.709388592098       -0.200000000000         7.15059803900     
      152  -0.709388592098       -0.100000000000         7.15059803900     
      153  -0.709388592098         0.00000000000         7.15059803900     
      154  -0.709388592098        0.100000000000         7.15059803900     
      155  -0.709388592098        0.200000000000         7.15059803900     
      156  -0.709388592098        0.300000000000         7.15059803900     
      157  -0.709388592098        0.400000000000         7.15059803900     
      158  -0.667784180863       -0.450000000000         7.15460332777     
      159  -0.667784180863       -0.400000000000         7.15460332777     
      160  -0.667784180863       -0.350000000000         7.15460332777     

 
      161  -0.667784180863       -0.300000000000         7.15460332777     
      162  -0.667784180863       -0.250000000000         7.15460332777     
      163  -0.667784180863       -0.200000000000         7.15460332777     
      164  -0.667784180863       -0.150000000000         7.15460332777     
      165  -0.667784180863       -0.100000000000         7.15460332777     
      166  -0.667784180863       -0.500000000000E-001    7.15460332777     
      167  -0.667784180863         0.00000000000         7.15460332777     
      168  -0.667784180863        0.500000000000E-001    7.15460332777     
      169  -0.667784180863        0.100000000000         7.15460332777     
      170  -0.667784180863        0.150000000000         7.15460332777     
      171  -0.667784180863        0.200000000000         7.15460332777     
      172  -0.667784180863        0.250000000000         7.15460332777     
      173  -0.667784180863        0.300000000000         7.15460332777     
      174  -0.667784180863        0.350000000000         7.15460332777     
      175  -0.667784180863        0.400000000000         7.15460332777     
      176  -0.667784180863        0.450000000000         7.15460332777     
      177  -0.626157176069       -0.400000000000         7.15836655117     
      178  -0.626157176069       -0.300000000000         7.15836655117     
      179  -0.626157176069       -0.200000000000         7.15836655117     
      180  -0.626157176069       -0.100000000000         7.15836655117     

 
      181  -0.626157176069         0.00000000000         7.15836655117     
      182  -0.626157176069        0.100000000000         7.15836655117     
      183  -0.626157176069        0.200000000000         7.15836655117     
      184  -0.626157176069        0.300000000000         7.15836655117     
      185  -0.626157176069        0.400000000000         7.15836655117     
      186  -0.584508986122       -0.450000000000         7.16188758186     
      187  -0.584508986122       -0.400000000000         7.16188758186     
      188  -0.584508986122       -0.350000000000         7.16188758186     
      189  -0.584508986122       -0.300000000000         7.16188758186     
      190  -0.584508986122       -0.250000000000         7.16188758186     
      191  -0.584508986122       -0.200000000000         7.16188758186     
      192  -0.584508986122       -0.150000000000         7.16188758186     
      193  -0.584508986122       -0.100000000000         7.16188758186     
      194  -0.584508986122       -0.500000000000E-001    7.16188758186     
      195  -0.584508986122         0.00000000000         7.16188758186     
      196  -0.584508986122        0.500000000000E-001    7.16188758186     
      197  -0.584508986122        0.100000000000         7.16188758186     
      198  -0.584508986122        0.150000000000         7.16188758186     
      199  -0.584508986122        0.200000000000         7.16188758186     
      200  -0.584508986122        0.250000000000         7.16188758186     

 
      201  -0.584508986122        0.300000000000         7.16188758186     
      202  -0.584508986122        0.350000000000         7.16188758186     
      203  -0.584508986122        0.400000000000         7.16188758186     
      204  -0.584508986122        0.450000000000         7.16188758186     
      205  -0.542841020049       -0.400000000000         7.16516630072     
      206  -0.542841020049       -0.300000000000         7.16516630072     
      207  -0.542841020049       -0.200000000000         7.16516630072     
      208  -0.542841020049       -0.100000000000         7.16516630072     
      209  -0.542841020049         0.00000000000         7.16516630072     
      210  -0.542841020049        0.100000000000         7.16516630072     
      211  -0.542841020049        0.200000000000         7.16516630072     
      212  -0.542841020049        0.300000000000         7.16516630072     
      213  -0.542841020049        0.400000000000         7.16516630072     
      214    0.00000000000       -0.500000000000         7.18570000000     
      215  -0.459451399724       -0.500000000000         7.17099636740     
      216  -0.417732566966       -0.500000000000         7.17354751795     
      217  -0.375999600843       -0.500000000000         7.17585596219     
      218  -0.334253913374       -0.500000000000         7.17792162198     
      219  -0.292496916920       -0.500000000000         7.17974442745     
      220  -0.250730024240       -0.500000000000         7.18132431693     

 
      221  -0.208954648446       -0.500000000000         7.18266123696     
      222  -0.167172202957       -0.500000000000         7.18375514231     
      223  -0.125384101448       -0.500000000000         7.18460599596     
      224  -0.835917578030E-001  -0.500000000000         7.18521376913     
      225  -0.417965859509E-001  -0.500000000000         7.18557844125     
      226    0.00000000000        0.500000000000         7.18570000000     
      227    0.00000000000       -0.450000000000         7.18570000000     
      228    0.00000000000       -0.400000000000         7.18570000000     
      229    0.00000000000       -0.350000000000         7.18570000000     
      230    0.00000000000       -0.300000000000         7.18570000000     
      231    0.00000000000       -0.250000000000         7.18570000000     
      232    0.00000000000       -0.200000000000         7.18570000000     
      233    0.00000000000       -0.150000000000         7.18570000000     
      234    0.00000000000       -0.100000000000         7.18570000000     
      235    0.00000000000       -0.500000000000E-001    7.18570000000     
      236    0.00000000000         0.00000000000         7.18570000000     
      237    0.00000000000        0.500000000000E-001    7.18570000000     
      238    0.00000000000        0.100000000000         7.18570000000     
      239    0.00000000000        0.150000000000         7.18570000000     
      240    0.00000000000        0.200000000000         7.18570000000     

 
      241    0.00000000000        0.250000000000         7.18570000000     
      242    0.00000000000        0.300000000000         7.18570000000     
      243    0.00000000000        0.350000000000         7.18570000000     
      244    0.00000000000        0.400000000000         7.18570000000     
      245    0.00000000000        0.450000000000         7.18570000000     
      246  -0.459451399724        0.500000000000         7.17099636740     
      247  -0.417732566966        0.500000000000         7.17354751795     
      248  -0.375999600843        0.500000000000         7.17585596219     
      249  -0.334253913374        0.500000000000         7.17792162198     
      250  -0.292496916920        0.500000000000         7.17974442745     
      251  -0.250730024240        0.500000000000         7.18132431693     
      252  -0.208954648446        0.500000000000         7.18266123696     
      253  -0.167172202957        0.500000000000         7.18375514231     
      254  -0.125384101448        0.500000000000         7.18460599596     
      255  -0.835917578030E-001   0.500000000000         7.18521376913     
      256  -0.417965859509E-001   0.500000000000         7.18557844125     
      257  -0.459451400088       -0.400000000000         7.17099636738     
      258  -0.459451400088       -0.300000000000         7.17099636738     
      259  -0.459451400088       -0.200000000000         7.17099636738     
      260  -0.459451400088       -0.100000000000         7.17099636738     

 
      261  -0.459451400088         0.00000000000         7.17099636738     
      262  -0.459451400088        0.100000000000         7.17099636738     
      263  -0.459451400088        0.200000000000         7.17099636738     
      264  -0.459451400088        0.300000000000         7.17099636738     
      265  -0.459451400088        0.400000000000         7.17099636738     
      266  -0.417732567544       -0.450000000000         7.17354751793     
      267  -0.417732567544       -0.400000000000         7.17354751793     
      268  -0.417732567544       -0.350000000000         7.17354751793     
      269  -0.417732567544       -0.300000000000         7.17354751793     
      270  -0.417732567544       -0.250000000000         7.17354751793     
      271  -0.417732567544       -0.200000000000         7.17354751793     
      272  -0.417732567544       -0.150000000000         7.17354751793     
      273  -0.417732567544       -0.100000000000         7.17354751793     
      274  -0.417732567544       -0.500000000000E-001    7.17354751793     
      275  -0.417732567544         0.00000000000         7.17354751793     
      276  -0.417732567544        0.500000000000E-001    7.17354751793     
      277  -0.417732567544        0.100000000000         7.17354751793     
      278  -0.417732567544        0.150000000000         7.17354751793     
      279  -0.417732567544        0.200000000000         7.17354751793     
      280  -0.417732567544        0.250000000000         7.17354751793     

 
      281  -0.417732567544        0.300000000000         7.17354751793     
      282  -0.417732567544        0.350000000000         7.17354751793     
      283  -0.417732567544        0.400000000000         7.17354751793     
      284  -0.417732567544        0.450000000000         7.17354751793     
      285  -0.375999601512       -0.400000000000         7.17585596216     
      286  -0.375999601512       -0.300000000000         7.17585596216     
      287  -0.375999601512       -0.200000000000         7.17585596216     
      288  -0.375999601512       -0.100000000000         7.17585596216     
      289  -0.375999601512         0.00000000000         7.17585596216     
      290  -0.375999601512        0.100000000000         7.17585596216     
      291  -0.375999601512        0.200000000000         7.17585596216     
      292  -0.375999601512        0.300000000000         7.17585596216     
      293  -0.375999601512        0.400000000000         7.17585596216     
      294  -0.334253914036       -0.450000000000         7.17792162196     
      295  -0.334253914036       -0.400000000000         7.17792162196     
      296  -0.334253914036       -0.350000000000         7.17792162196     
      297  -0.334253914036       -0.300000000000         7.17792162196     
      298  -0.334253914036       -0.250000000000         7.17792162196     
      299  -0.334253914036       -0.200000000000         7.17792162196     
      300  -0.334253914036       -0.150000000000         7.17792162196     

 
      301  -0.334253914036       -0.100000000000         7.17792162196     
      302  -0.334253914036       -0.500000000000E-001    7.17792162196     
      303  -0.334253914036         0.00000000000         7.17792162196     
      304  -0.334253914036        0.500000000000E-001    7.17792162196     
      305  -0.334253914036        0.100000000000         7.17792162196     
      306  -0.334253914036        0.150000000000         7.17792162196     
      307  -0.334253914036        0.200000000000         7.17792162196     
      308  -0.334253914036        0.250000000000         7.17792162196     
      309  -0.334253914036        0.300000000000         7.17792162196     
      310  -0.334253914036        0.350000000000         7.17792162196     
      311  -0.334253914036        0.400000000000         7.17792162196     
      312  -0.334253914036        0.450000000000         7.17792162196     
      313  -0.292496917499       -0.400000000000         7.17974442743     
      314  -0.292496917499       -0.300000000000         7.17974442743     
      315  -0.292496917499       -0.200000000000         7.17974442743     
      316  -0.292496917499       -0.100000000000         7.17974442743     
      317  -0.292496917499         0.00000000000         7.17974442743     
      318  -0.292496917499        0.100000000000         7.17974442743     
      319  -0.292496917499        0.200000000000         7.17974442743     
      320  -0.292496917499        0.300000000000         7.17974442743     

 
      321  -0.292496917499        0.400000000000         7.17974442743     
      322  -0.250730024686       -0.450000000000         7.18132431692     
      323  -0.250730024686       -0.400000000000         7.18132431692     
      324  -0.250730024686       -0.350000000000         7.18132431692     
      325  -0.250730024686       -0.300000000000         7.18132431692     
      326  -0.250730024686       -0.250000000000         7.18132431692     
      327  -0.250730024686       -0.200000000000         7.18132431692     
      328  -0.250730024686       -0.150000000000         7.18132431692     
      329  -0.250730024686       -0.100000000000         7.18132431692     
      330  -0.250730024686       -0.500000000000E-001    7.18132431692     
      331  -0.250730024686         0.00000000000         7.18132431692     
      332  -0.250730024686        0.500000000000E-001    7.18132431692     
      333  -0.250730024686        0.100000000000         7.18132431692     
      334  -0.250730024686        0.150000000000         7.18132431692     
      335  -0.250730024686        0.200000000000         7.18132431692     
      336  -0.250730024686        0.250000000000         7.18132431692     
      337  -0.250730024686        0.300000000000         7.18132431692     
      338  -0.250730024686        0.350000000000         7.18132431692     
      339  -0.250730024686        0.400000000000         7.18132431692     
      340  -0.250730024686        0.450000000000         7.18132431692     

 
      341  -0.208954648736       -0.400000000000         7.18266123695     
      342  -0.208954648736       -0.300000000000         7.18266123695     
      343  -0.208954648736       -0.200000000000         7.18266123695     
      344  -0.208954648736       -0.100000000000         7.18266123695     
      345  -0.208954648736         0.00000000000         7.18266123695     
      346  -0.208954648736        0.100000000000         7.18266123695     
      347  -0.208954648736        0.200000000000         7.18266123695     
      348  -0.208954648736        0.300000000000         7.18266123695     
      349  -0.208954648736        0.400000000000         7.18266123695     
      350  -0.167172203090       -0.450000000000         7.18375514230     
      351  -0.167172203090       -0.400000000000         7.18375514230     
      352  -0.167172203090       -0.350000000000         7.18375514230     
      353  -0.167172203090       -0.300000000000         7.18375514230     
      354  -0.167172203090       -0.250000000000         7.18375514230     
      355  -0.167172203090       -0.200000000000         7.18375514230     
      356  -0.167172203090       -0.150000000000         7.18375514230     
      357  -0.167172203090       -0.100000000000         7.18375514230     
      358  -0.167172203090       -0.500000000000E-001    7.18375514230     
      359  -0.167172203090         0.00000000000         7.18375514230     
      360  -0.167172203090        0.500000000000E-001    7.18375514230     

 
      361  -0.167172203090        0.100000000000         7.18375514230     
      362  -0.167172203090        0.150000000000         7.18375514230     
      363  -0.167172203090        0.200000000000         7.18375514230     
      364  -0.167172203090        0.250000000000         7.18375514230     
      365  -0.167172203090        0.300000000000         7.18375514230     
      366  -0.167172203090        0.350000000000         7.18375514230     
      367  -0.167172203090        0.400000000000         7.18375514230     
      368  -0.167172203090        0.450000000000         7.18375514230     
      369  -0.125384101448       -0.400000000000         7.18460599595     
      370  -0.125384101448       -0.300000000000         7.18460599595     
      371  -0.125384101448       -0.200000000000         7.18460599595     
      372  -0.125384101448       -0.100000000000         7.18460599595     
      373  -0.125384101448         0.00000000000         7.18460599595     
      374  -0.125384101448        0.100000000000         7.18460599595     
      375  -0.125384101448        0.200000000000         7.18460599595     
      376  -0.125384101448        0.300000000000         7.18460599595     
      377  -0.125384101448        0.400000000000         7.18460599595     
      378  -0.835917577202E-001  -0.450000000000         7.18521376913     
      379  -0.835917577202E-001  -0.400000000000         7.18521376913     
      380  -0.835917577202E-001  -0.350000000000         7.18521376913     

 
      381  -0.835917577202E-001  -0.300000000000         7.18521376913     
      382  -0.835917577202E-001  -0.250000000000         7.18521376913     
      383  -0.835917577202E-001  -0.200000000000         7.18521376913     
      384  -0.835917577202E-001  -0.150000000000         7.18521376913     
      385  -0.835917577202E-001  -0.100000000000         7.18521376913     
      386  -0.835917577202E-001  -0.500000000000E-001    7.18521376913     
      387  -0.835917577202E-001    0.00000000000         7.18521376913     
      388  -0.835917577202E-001   0.500000000000E-001    7.18521376913     
      389  -0.835917577202E-001   0.100000000000         7.18521376913     
      390  -0.835917577202E-001   0.150000000000         7.18521376913     
      391  -0.835917577202E-001   0.200000000000         7.18521376913     
      392  -0.835917577202E-001   0.250000000000         7.18521376913     
      393  -0.835917577202E-001   0.300000000000         7.18521376913     
      394  -0.835917577202E-001   0.350000000000         7.18521376913     
      395  -0.835917577202E-001   0.400000000000         7.18521376913     
      396  -0.835917577202E-001   0.450000000000         7.18521376913     
      397  -0.417965858599E-001  -0.400000000000         7.18557844125     
      398  -0.417965858599E-001  -0.300000000000         7.18557844125     
      399  -0.417965858599E-001  -0.200000000000         7.18557844125     
      400  -0.417965858599E-001  -0.100000000000         7.18557844125     

 
      401  -0.417965858599E-001    0.00000000000         7.18557844125     
      402  -0.417965858599E-001   0.100000000000         7.18557844125     
      403  -0.417965858599E-001   0.200000000000         7.18557844125     
      404  -0.417965858599E-001   0.300000000000         7.18557844125     
      405  -0.417965858599E-001   0.400000000000         7.18557844125     
      406   0.501154687627       -0.500000000000         7.16820259682     
      407   0.417965859775E-001  -0.500000000000         7.18557844125     
      408   0.835917578296E-001  -0.500000000000         7.18521376912     
      409   0.125384101482       -0.500000000000         7.18460599595     
      410   0.167172202906       -0.500000000000         7.18375514230     
      411   0.208954648308       -0.500000000000         7.18266123696     
      412   0.250730024067       -0.500000000000         7.18132431694     
      413   0.292496916783       -0.500000000000         7.17974442746     
      414   0.334253913324       -0.500000000000         7.17792162199     
      415   0.375999600877       -0.500000000000         7.17585596220     
      416   0.417732566993       -0.500000000000         7.17354751797     
      417   0.459451399751       -0.500000000000         7.17099636740     
      418   0.501154687627        0.500000000000         7.16820259682     
      419   0.501154687627       -0.450000000000         7.16820259682     
      420   0.501154687627       -0.400000000000         7.16820259682     

 
      421   0.501154687627       -0.350000000000         7.16820259682     
      422   0.501154687627       -0.300000000000         7.16820259682     
      423   0.501154687627       -0.250000000000         7.16820259682     
      424   0.501154687627       -0.200000000000         7.16820259682     
      425   0.501154687627       -0.150000000000         7.16820259682     
      426   0.501154687627       -0.100000000000         7.16820259682     
      427   0.501154687627       -0.500000000000E-001    7.16820259682     
      428   0.501154687627         0.00000000000         7.16820259682     
      429   0.501154687627        0.500000000000E-001    7.16820259682     
      430   0.501154687627        0.100000000000         7.16820259682     
      431   0.501154687627        0.150000000000         7.16820259682     
      432   0.501154687627        0.200000000000         7.16820259682     
      433   0.501154687627        0.250000000000         7.16820259682     
      434   0.501154687627        0.300000000000         7.16820259682     
      435   0.501154687627        0.350000000000         7.16820259682     
      436   0.501154687627        0.400000000000         7.16820259682     
      437   0.501154687627        0.450000000000         7.16820259682     
      438   0.417965859775E-001   0.500000000000         7.18557844125     
      439   0.835917578296E-001   0.500000000000         7.18521376912     
      440   0.125384101482        0.500000000000         7.18460599595     

 
      441   0.167172202906        0.500000000000         7.18375514230     
      442   0.208954648308        0.500000000000         7.18266123696     
      443   0.250730024067        0.500000000000         7.18132431694     
      444   0.292496916783        0.500000000000         7.17974442746     
      445   0.334253913324        0.500000000000         7.17792162199     
      446   0.375999600877        0.500000000000         7.17585596220     
      447   0.417732566993        0.500000000000         7.17354751797     
      448   0.459451399751        0.500000000000         7.17099636740     
      449   0.417965860147E-001  -0.400000000000         7.18557844125     
      450   0.417965860147E-001  -0.300000000000         7.18557844125     
      451   0.417965860147E-001  -0.200000000000         7.18557844125     
      452   0.417965860147E-001  -0.100000000000         7.18557844125     
      453   0.417965860147E-001    0.00000000000         7.18557844125     
      454   0.417965860147E-001   0.100000000000         7.18557844125     
      455   0.417965860147E-001   0.200000000000         7.18557844125     
      456   0.417965860147E-001   0.300000000000         7.18557844125     
      457   0.417965860147E-001   0.400000000000         7.18557844125     
      458   0.835917578634E-001  -0.450000000000         7.18521376913     
      459   0.835917578634E-001  -0.400000000000         7.18521376913     
      460   0.835917578634E-001  -0.350000000000         7.18521376913     

 
      461   0.835917578634E-001  -0.300000000000         7.18521376913     
      462   0.835917578634E-001  -0.250000000000         7.18521376913     
      463   0.835917578634E-001  -0.200000000000         7.18521376913     
      464   0.835917578634E-001  -0.150000000000         7.18521376913     
      465   0.835917578634E-001  -0.100000000000         7.18521376913     
      466   0.835917578634E-001  -0.500000000000E-001    7.18521376913     
      467   0.835917578634E-001    0.00000000000         7.18521376913     
      468   0.835917578634E-001   0.500000000000E-001    7.18521376913     
      469   0.835917578634E-001   0.100000000000         7.18521376913     
      470   0.835917578634E-001   0.150000000000         7.18521376913     
      471   0.835917578634E-001   0.200000000000         7.18521376913     
      472   0.835917578634E-001   0.250000000000         7.18521376913     
      473   0.835917578634E-001   0.300000000000         7.18521376913     
      474   0.835917578634E-001   0.350000000000         7.18521376913     
      475   0.835917578634E-001   0.400000000000         7.18521376913     
      476   0.835917578634E-001   0.450000000000         7.18521376913     
      477   0.125384101482       -0.400000000000         7.18460599595     
      478   0.125384101482       -0.300000000000         7.18460599595     
      479   0.125384101482       -0.200000000000         7.18460599595     
      480   0.125384101482       -0.100000000000         7.18460599595     

 
      481   0.125384101482         0.00000000000         7.18460599595     
      482   0.125384101482        0.100000000000         7.18460599595     
      483   0.125384101482        0.200000000000         7.18460599595     
      484   0.125384101482        0.300000000000         7.18460599595     
      485   0.125384101482        0.400000000000         7.18460599595     
      486   0.167172202852       -0.450000000000         7.18375514231     
      487   0.167172202852       -0.400000000000         7.18375514231     
      488   0.167172202852       -0.350000000000         7.18375514231     
      489   0.167172202852       -0.300000000000         7.18375514231     
      490   0.167172202852       -0.250000000000         7.18375514231     
      491   0.167172202852       -0.200000000000         7.18375514231     
      492   0.167172202852       -0.150000000000         7.18375514231     
      493   0.167172202852       -0.100000000000         7.18375514231     
      494   0.167172202852       -0.500000000000E-001    7.18375514231     
      495   0.167172202852         0.00000000000         7.18375514231     
      496   0.167172202852        0.500000000000E-001    7.18375514231     
      497   0.167172202852        0.100000000000         7.18375514231     
      498   0.167172202852        0.150000000000         7.18375514231     
      499   0.167172202852        0.200000000000         7.18375514231     
      500   0.167172202852        0.250000000000         7.18375514231     

 
      501   0.167172202852        0.300000000000         7.18375514231     
      502   0.167172202852        0.350000000000         7.18375514231     
      503   0.167172202852        0.400000000000         7.18375514231     
      504   0.167172202852        0.450000000000         7.18375514231     
      505   0.208954648190       -0.400000000000         7.18266123697     
      506   0.208954648190       -0.300000000000         7.18266123697     
      507   0.208954648190       -0.200000000000         7.18266123697     
      508   0.208954648190       -0.100000000000         7.18266123697     
      509   0.208954648190         0.00000000000         7.18266123697     
      510   0.208954648190        0.100000000000         7.18266123697     
      511   0.208954648190        0.200000000000         7.18266123697     
      512   0.208954648190        0.300000000000         7.18266123697     
      513   0.208954648190        0.400000000000         7.18266123697     
      514   0.250730023885       -0.450000000000         7.18132431694     
      515   0.250730023885       -0.400000000000         7.18132431694     
      516   0.250730023885       -0.350000000000         7.18132431694     
      517   0.250730023885       -0.300000000000         7.18132431694     
      518   0.250730023885       -0.250000000000         7.18132431694     
      519   0.250730023885       -0.200000000000         7.18132431694     
      520   0.250730023885       -0.150000000000         7.18132431694     

 
      521   0.250730023885       -0.100000000000         7.18132431694     
      522   0.250730023885       -0.500000000000E-001    7.18132431694     
      523   0.250730023885         0.00000000000         7.18132431694     
      524   0.250730023885        0.500000000000E-001    7.18132431694     
      525   0.250730023885        0.100000000000         7.18132431694     
      526   0.250730023885        0.150000000000         7.18132431694     
      527   0.250730023885        0.200000000000         7.18132431694     
      528   0.250730023885        0.250000000000         7.18132431694     
      529   0.250730023885        0.300000000000         7.18132431694     
      530   0.250730023885        0.350000000000         7.18132431694     
      531   0.250730023885        0.400000000000         7.18132431694     
      532   0.250730023885        0.450000000000         7.18132431694     
      533   0.292496916546       -0.400000000000         7.17974442747     
      534   0.292496916546       -0.300000000000         7.17974442747     
      535   0.292496916546       -0.200000000000         7.17974442747     
      536   0.292496916546       -0.100000000000         7.17974442747     
      537   0.292496916546         0.00000000000         7.17974442747     
      538   0.292496916546        0.100000000000         7.17974442747     
      539   0.292496916546        0.200000000000         7.17974442747     
      540   0.292496916546        0.300000000000         7.17974442747     

 
      541   0.292496916546        0.400000000000         7.17974442747     
      542   0.334253913054       -0.450000000000         7.17792162200     
      543   0.334253913054       -0.400000000000         7.17792162200     
      544   0.334253913054       -0.350000000000         7.17792162200     
      545   0.334253913054       -0.300000000000         7.17792162200     
      546   0.334253913054       -0.250000000000         7.17792162200     
      547   0.334253913054       -0.200000000000         7.17792162200     
      548   0.334253913054       -0.150000000000         7.17792162200     
      549   0.334253913054       -0.100000000000         7.17792162200     
      550   0.334253913054       -0.500000000000E-001    7.17792162200     
      551   0.334253913054         0.00000000000         7.17792162200     
      552   0.334253913054        0.500000000000E-001    7.17792162200     
      553   0.334253913054        0.100000000000         7.17792162200     
      554   0.334253913054        0.150000000000         7.17792162200     
      555   0.334253913054        0.200000000000         7.17792162200     
      556   0.334253913054        0.250000000000         7.17792162200     
      557   0.334253913054        0.300000000000         7.17792162200     
      558   0.334253913054        0.350000000000         7.17792162200     
      559   0.334253913054        0.400000000000         7.17792162200     
      560   0.334253913054        0.450000000000         7.17792162200     

 
      561   0.375999600604       -0.400000000000         7.17585596221     
      562   0.375999600604       -0.300000000000         7.17585596221     
      563   0.375999600604       -0.200000000000         7.17585596221     
      564   0.375999600604       -0.100000000000         7.17585596221     
      565   0.375999600604         0.00000000000         7.17585596221     
      566   0.375999600604        0.100000000000         7.17585596221     
      567   0.375999600604        0.200000000000         7.17585596221     
      568   0.375999600604        0.300000000000         7.17585596221     
      569   0.375999600604        0.400000000000         7.17585596221     
      570   0.417732566757       -0.450000000000         7.17354751798     
      571   0.417732566757       -0.400000000000         7.17354751798     
      572   0.417732566757       -0.350000000000         7.17354751798     
      573   0.417732566757       -0.300000000000         7.17354751798     
      574   0.417732566757       -0.250000000000         7.17354751798     
      575   0.417732566757       -0.200000000000         7.17354751798     
      576   0.417732566757       -0.150000000000         7.17354751798     
      577   0.417732566757       -0.100000000000         7.17354751798     
      578   0.417732566757       -0.500000000000E-001    7.17354751798     
      579   0.417732566757         0.00000000000         7.17354751798     
      580   0.417732566757        0.500000000000E-001    7.17354751798     

 
      581   0.417732566757        0.100000000000         7.17354751798     
      582   0.417732566757        0.150000000000         7.17354751798     
      583   0.417732566757        0.200000000000         7.17354751798     
      584   0.417732566757        0.250000000000         7.17354751798     
      585   0.417732566757        0.300000000000         7.17354751798     
      586   0.417732566757        0.350000000000         7.17354751798     
      587   0.417732566757        0.400000000000         7.17354751798     
      588   0.417732566757        0.450000000000         7.17354751798     
      589   0.459451399603       -0.400000000000         7.17099636741     
      590   0.459451399603       -0.300000000000         7.17099636741     
      591   0.459451399603       -0.200000000000         7.17099636741     
      592   0.459451399603       -0.100000000000         7.17099636741     
      593   0.459451399603         0.00000000000         7.17099636741     
      594   0.459451399603        0.100000000000         7.17099636741     
      595   0.459451399603        0.200000000000         7.17099636741     
      596   0.459451399603        0.300000000000         7.17099636741     
      597   0.459451399603        0.400000000000         7.17099636741     
      598   0.999868720724       -0.500000000000         7.11579560073     
      599   0.542841019703       -0.500000000000         7.16516630074     
      600   0.584508985561       -0.500000000000         7.16188758190     

 
      601   0.626157175427       -0.500000000000         7.15836655122     
      602   0.667784180152       -0.500000000000         7.15460332784     
      603   0.709388591391       -0.500000000000         7.15059803907     
      604   0.750969001547       -0.500000000000         7.14635082043     
      605   0.792524003816       -0.500000000000         7.14186181561     
      606   0.834052192236       -0.500000000000         7.13713117650     
      607   0.875552161736       -0.500000000000         7.13215906314     
      608   0.917022508179       -0.500000000000         7.12694564377     
      609   0.958461828531       -0.500000000000         7.12149109479     
      610   0.999868720724        0.500000000000         7.11579560073     
      611   0.999868720724       -0.450000000000         7.11579560073     
      612   0.999868720724       -0.400000000000         7.11579560073     
      613   0.999868720724       -0.350000000000         7.11579560073     
      614   0.999868720724       -0.300000000000         7.11579560073     
      615   0.999868720724       -0.250000000000         7.11579560073     
      616   0.999868720724       -0.200000000000         7.11579560073     
      617   0.999868720724       -0.150000000000         7.11579560073     
      618   0.999868720724       -0.100000000000         7.11579560073     
      619   0.999868720724       -0.500000000000E-001    7.11579560073     
      620   0.999868720724         0.00000000000         7.11579560073     

 
      621   0.999868720724        0.500000000000E-001    7.11579560073     
      622   0.999868720724        0.100000000000         7.11579560073     
      623   0.999868720724        0.150000000000         7.11579560073     
      624   0.999868720724        0.200000000000         7.11579560073     
      625   0.999868720724        0.250000000000         7.11579560073     
      626   0.999868720724        0.300000000000         7.11579560073     
      627   0.999868720724        0.350000000000         7.11579560073     
      628   0.999868720724        0.400000000000         7.11579560073     
      629   0.999868720724        0.450000000000         7.11579560073     
      630   0.542841019703        0.500000000000         7.16516630074     
      631   0.584508985561        0.500000000000         7.16188758190     
      632   0.626157175427        0.500000000000         7.15836655122     
      633   0.667784180152        0.500000000000         7.15460332784     
      634   0.709388591391        0.500000000000         7.15059803907     
      635   0.750969001547        0.500000000000         7.14635082043     
      636   0.792524003816        0.500000000000         7.14186181561     
      637   0.834052192236        0.500000000000         7.13713117650     
      638   0.875552161736        0.500000000000         7.13215906314     
      639   0.917022508179        0.500000000000         7.12694564377     
      640   0.958461828531        0.500000000000         7.12149109479     

 
      641   0.542841019432       -0.400000000000         7.16516630076     
      642   0.542841019432       -0.300000000000         7.16516630076     
      643   0.542841019432       -0.200000000000         7.16516630076     
      644   0.542841019432       -0.100000000000         7.16516630076     
      645   0.542841019432         0.00000000000         7.16516630076     
      646   0.542841019432        0.100000000000         7.16516630076     
      647   0.542841019432        0.200000000000         7.16516630076     
      648   0.542841019432        0.300000000000         7.16516630076     
      649   0.542841019432        0.400000000000         7.16516630076     
      650   0.584508985213       -0.450000000000         7.16188758193     
      651   0.584508985213       -0.400000000000         7.16188758193     
      652   0.584508985213       -0.350000000000         7.16188758193     
      653   0.584508985213       -0.300000000000         7.16188758193     
      654   0.584508985213       -0.250000000000         7.16188758193     
      655   0.584508985213       -0.200000000000         7.16188758193     
      656   0.584508985213       -0.150000000000         7.16188758193     
      657   0.584508985213       -0.100000000000         7.16188758193     
      658   0.584508985213       -0.500000000000E-001    7.16188758193     
      659   0.584508985213         0.00000000000         7.16188758193     
      660   0.584508985213        0.500000000000E-001    7.16188758193     

 
      661   0.584508985213        0.100000000000         7.16188758193     
      662   0.584508985213        0.150000000000         7.16188758193     
      663   0.584508985213        0.200000000000         7.16188758193     
      664   0.584508985213        0.250000000000         7.16188758193     
      665   0.584508985213        0.300000000000         7.16188758193     
      666   0.584508985213        0.350000000000         7.16188758193     
      667   0.584508985213        0.400000000000         7.16188758193     
      668   0.584508985213        0.450000000000         7.16188758193     
      669   0.626157175154       -0.400000000000         7.15836655125     
      670   0.626157175154       -0.300000000000         7.15836655125     
      671   0.626157175154       -0.200000000000         7.15836655125     
      672   0.626157175154       -0.100000000000         7.15836655125     
      673   0.626157175154         0.00000000000         7.15836655125     
      674   0.626157175154        0.100000000000         7.15836655125     
      675   0.626157175154        0.200000000000         7.15836655125     
      676   0.626157175154        0.300000000000         7.15836655125     
      677   0.626157175154        0.400000000000         7.15836655125     
      678   0.667784180062       -0.450000000000         7.15460332785     
      679   0.667784180062       -0.400000000000         7.15460332785     
      680   0.667784180062       -0.350000000000         7.15460332785     

 
      681   0.667784180062       -0.300000000000         7.15460332785     
      682   0.667784180062       -0.250000000000         7.15460332785     
      683   0.667784180062       -0.200000000000         7.15460332785     
      684   0.667784180062       -0.150000000000         7.15460332785     
      685   0.667784180062       -0.100000000000         7.15460332785     
      686   0.667784180062       -0.500000000000E-001    7.15460332785     
      687   0.667784180062         0.00000000000         7.15460332785     
      688   0.667784180062        0.500000000000E-001    7.15460332785     
      689   0.667784180062        0.100000000000         7.15460332785     
      690   0.667784180062        0.150000000000         7.15460332785     
      691   0.667784180062        0.200000000000         7.15460332785     
      692   0.667784180062        0.250000000000         7.15460332785     
      693   0.667784180062        0.300000000000         7.15460332785     
      694   0.667784180062        0.350000000000         7.15460332785     
      695   0.667784180062        0.400000000000         7.15460332785     
      696   0.667784180062        0.450000000000         7.15460332785     
      697   0.709388591548       -0.400000000000         7.15059803906     
      698   0.709388591548       -0.300000000000         7.15059803906     
      699   0.709388591548       -0.200000000000         7.15059803906     
      700   0.709388591548       -0.100000000000         7.15059803906     

 
      701   0.709388591548         0.00000000000         7.15059803906     
      702   0.709388591548        0.100000000000         7.15059803906     
      703   0.709388591548        0.200000000000         7.15059803906     
      704   0.709388591548        0.300000000000         7.15059803906     
      705   0.709388591548        0.400000000000         7.15059803906     
      706   0.750969001971       -0.450000000000         7.14635082039     
      707   0.750969001971       -0.400000000000         7.14635082039     
      708   0.750969001971       -0.350000000000         7.14635082039     
      709   0.750969001971       -0.300000000000         7.14635082039     
      710   0.750969001971       -0.250000000000         7.14635082039     
      711   0.750969001971       -0.200000000000         7.14635082039     
      712   0.750969001971       -0.150000000000         7.14635082039     
      713   0.750969001971       -0.100000000000         7.14635082039     
      714   0.750969001971       -0.500000000000E-001    7.14635082039     
      715   0.750969001971         0.00000000000         7.14635082039     
      716   0.750969001971        0.500000000000E-001    7.14635082039     
      717   0.750969001971        0.100000000000         7.14635082039     
      718   0.750969001971        0.150000000000         7.14635082039     
      719   0.750969001971        0.200000000000         7.14635082039     
      720   0.750969001971        0.250000000000         7.14635082039     

 
      721   0.750969001971        0.300000000000         7.14635082039     
      722   0.750969001971        0.350000000000         7.14635082039     
      723   0.750969001971        0.400000000000         7.14635082039     
      724   0.750969001971        0.450000000000         7.14635082039     
      725   0.792524004483       -0.400000000000         7.14186181554     
      726   0.792524004483       -0.300000000000         7.14186181554     
      727   0.792524004483       -0.200000000000         7.14186181554     
      728   0.792524004483       -0.100000000000         7.14186181554     
      729   0.792524004483         0.00000000000         7.14186181554     
      730   0.792524004483        0.100000000000         7.14186181554     
      731   0.792524004483        0.200000000000         7.14186181554     
      732   0.792524004483        0.300000000000         7.14186181554     
      733   0.792524004483        0.400000000000         7.14186181554     
      734   0.834052193079       -0.450000000000         7.13713117641     
      735   0.834052193079       -0.400000000000         7.13713117641     
      736   0.834052193079       -0.350000000000         7.13713117641     
      737   0.834052193079       -0.300000000000         7.13713117641     
      738   0.834052193079       -0.250000000000         7.13713117641     
      739   0.834052193079       -0.200000000000         7.13713117641     
      740   0.834052193079       -0.150000000000         7.13713117641     

 
      741   0.834052193079       -0.100000000000         7.13713117641     
      742   0.834052193079       -0.500000000000E-001    7.13713117641     
      743   0.834052193079         0.00000000000         7.13713117641     
      744   0.834052193079        0.500000000000E-001    7.13713117641     
      745   0.834052193079        0.100000000000         7.13713117641     
      746   0.834052193079        0.150000000000         7.13713117641     
      747   0.834052193079        0.200000000000         7.13713117641     
      748   0.834052193079        0.250000000000         7.13713117641     
      749   0.834052193079        0.300000000000         7.13713117641     
      750   0.834052193079        0.350000000000         7.13713117641     
      751   0.834052193079        0.400000000000         7.13713117641     
      752   0.834052193079        0.450000000000         7.13713117641     
      753   0.875552162643       -0.400000000000         7.13215906304     
      754   0.875552162643       -0.300000000000         7.13215906304     
      755   0.875552162643       -0.200000000000         7.13215906304     
      756   0.875552162643       -0.100000000000         7.13215906304     
      757   0.875552162643         0.00000000000         7.13215906304     
      758   0.875552162643        0.100000000000         7.13215906304     
      759   0.875552162643        0.200000000000         7.13215906304     
      760   0.875552162643        0.300000000000         7.13215906304     

 
      761   0.875552162643        0.400000000000         7.13215906304     
      762   0.917022508996       -0.450000000000         7.12694564368     
      763   0.917022508996       -0.400000000000         7.12694564368     
      764   0.917022508996       -0.350000000000         7.12694564368     
      765   0.917022508996       -0.300000000000         7.12694564368     
      766   0.917022508996       -0.250000000000         7.12694564368     
      767   0.917022508996       -0.200000000000         7.12694564368     
      768   0.917022508996       -0.150000000000         7.12694564368     
      769   0.917022508996       -0.100000000000         7.12694564368     
      770   0.917022508996       -0.500000000000E-001    7.12694564368     
      771   0.917022508996         0.00000000000         7.12694564368     
      772   0.917022508996        0.500000000000E-001    7.12694564368     
      773   0.917022508996        0.100000000000         7.12694564368     
      774   0.917022508996        0.150000000000         7.12694564368     
      775   0.917022508996        0.200000000000         7.12694564368     
      776   0.917022508996        0.250000000000         7.12694564368     
      777   0.917022508996        0.300000000000         7.12694564368     
      778   0.917022508996        0.350000000000         7.12694564368     
      779   0.917022508996        0.400000000000         7.12694564368     
      780   0.917022508996        0.450000000000         7.12694564368     

 
      781   0.958461829060       -0.400000000000         7.12149109472     
      782   0.958461829060       -0.300000000000         7.12149109472     
      783   0.958461829060       -0.200000000000         7.12149109472     
      784   0.958461829060       -0.100000000000         7.12149109472     
      785   0.958461829060         0.00000000000         7.12149109472     
      786   0.958461829060        0.100000000000         7.12149109472     
      787   0.958461829060        0.200000000000         7.12149109472     
      788   0.958461829060        0.300000000000         7.12149109472     
      789   0.958461829060        0.400000000000         7.12149109472     

