
 
 
       1   1   1   1   0   1      1     4   131   119     3   130   121   120
       2   1   1   1   0   1      4     6   159   131     5   158   149   130
       3   1   1   1   0   1      6     8   187   159     7   186   177   158
       4   1   1   1   0   1      8    10   215   187     9   214   205   186
       5   1   1   1   0   1     10    12   243   215    11   242   233   214
       6   1   1   1   0   1     12    14   271   243    13   270   261   242
       7   1   1   1   0   1     14    16   299   271    15   298   289   270
       8   1   1   1   0   1     16    18   327   299    17   326   317   298
       9   1   1   1   0   1     18    20   355   327    19   354   345   326
      10   1   1   1   0   1     20    22   383   355    21   382   373   354
      11   1   1   1   0   1     22    24   411   383    23   410   401   382
      12   1   1   1   0   1     24    26   439   411    25   438   429   410
      13   1   1   1   0   1     26    28   467   439    27   466   457   438
      14   1   1   1   0   1     28    30   495   467    29   494   485   466
      15   1   1   1   0   1     30    32   523   495    31   522   513   494
      16   1   1   1   0   1     32    34   551   523    33   550   541   522
      17   1   1   1   0   1     34    36   579   551    35   578   569   550
      18   1   1   1   0   1     36    38   607   579    37   606   597   578
      19   1   1   1   0   1     38    40   635   607    39   634   625   606
      20   1   1   1   0   1     40     2    44   635    41    43   653   634
 
 
 
      21   1   1   1   0   1    119   131   133   117   121   132   122   118
      22   1   1   1   0   1    131   159   161   133   149   160   150   132
      23   1   1   1   0   1    159   187   189   161   177   188   178   160
      24   1   1   1   0   1    187   215   217   189   205   216   206   188
      25   1   1   1   0   1    215   243   245   217   233   244   234   216
      26   1   1   1   0   1    243   271   273   245   261   272   262   244
      27   1   1   1   0   1    271   299   301   273   289   300   290   272
      28   1   1   1   0   1    299   327   329   301   317   328   318   300
      29   1   1   1   0   1    327   355   357   329   345   356   346   328
      30   1   1   1   0   1    355   383   385   357   373   384   374   356
      31   1   1   1   0   1    383   411   413   385   401   412   402   384
      32   1   1   1   0   1    411   439   441   413   429   440   430   412
      33   1   1   1   0   1    439   467   469   441   457   468   458   440
      34   1   1   1   0   1    467   495   497   469   485   496   486   468
      35   1   1   1   0   1    495   523   525   497   513   524   514   496
      36   1   1   1   0   1    523   551   553   525   541   552   542   524
      37   1   1   1   0   1    551   579   581   553   569   580   570   552
      38   1   1   1   0   1    579   607   609   581   597   608   598   580
      39   1   1   1   0   1    607   635   637   609   625   636   626   608
      40   1   1   1   0   1    635    44    46   637   653    45   654   636
 
 
 
      41   1   1   1   0   1    117   133   135   115   122   134   123   116
      42   1   1   1   0   1    133   161   163   135   150   162   151   134
      43   1   1   1   0   1    161   189   191   163   178   190   179   162
      44   1   1   1   0   1    189   217   219   191   206   218   207   190
      45   1   1   1   0   1    217   245   247   219   234   246   235   218
      46   1   1   1   0   1    245   273   275   247   262   274   263   246
      47   1   1   1   0   1    273   301   303   275   290   302   291   274
      48   1   1   1   0   1    301   329   331   303   318   330   319   302
      49   1   1   1   0   1    329   357   359   331   346   358   347   330
      50   1   1   1   0   1    357   385   387   359   374   386   375   358
      51   1   1   1   0   1    385   413   415   387   402   414   403   386
      52   1   1   1   0   1    413   441   443   415   430   442   431   414
      53   1   1   1   0   1    441   469   471   443   458   470   459   442
      54   1   1   1   0   1    469   497   499   471   486   498   487   470
      55   1   1   1   0   1    497   525   527   499   514   526   515   498
      56   1   1   1   0   1    525   553   555   527   542   554   543   526
      57   1   1   1   0   1    553   581   583   555   570   582   571   554
      58   1   1   1   0   1    581   609   611   583   598   610   599   582
      59   1   1   1   0   1    609   637   639   611   626   638   627   610
      60   1   1   1   0   1    637    46    48   639   654    47   655   638
 
 
 
      61   1   1   1   0   1    115   135   137   113   123   136   124   114
      62   1   1   1   0   1    135   163   165   137   151   164   152   136
      63   1   1   1   0   1    163   191   193   165   179   192   180   164
      64   1   1   1   0   1    191   219   221   193   207   220   208   192
      65   1   1   1   0   1    219   247   249   221   235   248   236   220
      66   1   1   1   0   1    247   275   277   249   263   276   264   248
      67   1   1   1   0   1    275   303   305   277   291   304   292   276
      68   1   1   1   0   1    303   331   333   305   319   332   320   304
      69   1   1   1   0   1    331   359   361   333   347   360   348   332
      70   1   1   1   0   1    359   387   389   361   375   388   376   360
      71   1   1   1   0   1    387   415   417   389   403   416   404   388
      72   1   1   1   0   1    415   443   445   417   431   444   432   416
      73   1   1   1   0   1    443   471   473   445   459   472   460   444
      74   1   1   1   0   1    471   499   501   473   487   500   488   472
      75   1   1   1   0   1    499   527   529   501   515   528   516   500
      76   1   1   1   0   1    527   555   557   529   543   556   544   528
      77   1   1   1   0   1    555   583   585   557   571   584   572   556
      78   1   1   1   0   1    583   611   613   585   599   612   600   584
      79   1   1   1   0   1    611   639   641   613   627   640   628   612
      80   1   1   1   0   1    639    48    50   641   655    49   656   640
 
 
 
      81   1   1   1   0   1    113   137   139   111   124   138   125   112
      82   1   1   1   0   1    137   165   167   139   152   166   153   138
      83   1   1   1   0   1    165   193   195   167   180   194   181   166
      84   1   1   1   0   1    193   221   223   195   208   222   209   194
      85   1   1   1   0   1    221   249   251   223   236   250   237   222
      86   1   1   1   0   1    249   277   279   251   264   278   265   250
      87   1   1   1   0   1    277   305   307   279   292   306   293   278
      88   1   1   1   0   1    305   333   335   307   320   334   321   306
      89   1   1   1   0   1    333   361   363   335   348   362   349   334
      90   1   1   1   0   1    361   389   391   363   376   390   377   362
      91   1   1   1   0   1    389   417   419   391   404   418   405   390
      92   1   1   1   0   1    417   445   447   419   432   446   433   418
      93   1   1   1   0   1    445   473   475   447   460   474   461   446
      94   1   1   1   0   1    473   501   503   475   488   502   489   474
      95   1   1   1   0   1    501   529   531   503   516   530   517   502
      96   1   1   1   0   1    529   557   559   531   544   558   545   530
      97   1   1   1   0   1    557   585   587   559   572   586   573   558
      98   1   1   1   0   1    585   613   615   587   600   614   601   586
      99   1   1   1   0   1    613   641   643   615   628   642   629   614
     100   1   1   1   0   1    641    50    52   643   656    51   657   642
 
 
 
     101   1   1   1   0   1    111   139   141   109   125   140   126   110
     102   1   1   1   0   1    139   167   169   141   153   168   154   140
     103   1   1   1   0   1    167   195   197   169   181   196   182   168
     104   1   1   1   0   1    195   223   225   197   209   224   210   196
     105   1   1   1   0   1    223   251   253   225   237   252   238   224
     106   1   1   1   0   1    251   279   281   253   265   280   266   252
     107   1   1   1   0   1    279   307   309   281   293   308   294   280
     108   1   1   1   0   1    307   335   337   309   321   336   322   308
     109   1   1   1   0   1    335   363   365   337   349   364   350   336
     110   1   1   1   0   1    363   391   393   365   377   392   378   364
     111   1   1   1   0   1    391   419   421   393   405   420   406   392
     112   1   1   1   0   1    419   447   449   421   433   448   434   420
     113   1   1   1   0   1    447   475   477   449   461   476   462   448
     114   1   1   1   0   1    475   503   505   477   489   504   490   476
     115   1   1   1   0   1    503   531   533   505   517   532   518   504
     116   1   1   1   0   1    531   559   561   533   545   560   546   532
     117   1   1   1   0   1    559   587   589   561   573   588   574   560
     118   1   1   1   0   1    587   615   617   589   601   616   602   588
     119   1   1   1   0   1    615   643   645   617   629   644   630   616
     120   1   1   1   0   1    643    52    54   645   657    53   658   644
 
 
 
     121   1   1   1   0   1    109   141   143   107   126   142   127   108
     122   1   1   1   0   1    141   169   171   143   154   170   155   142
     123   1   1   1   0   1    169   197   199   171   182   198   183   170
     124   1   1   1   0   1    197   225   227   199   210   226   211   198
     125   1   1   1   0   1    225   253   255   227   238   254   239   226
     126   1   1   1   0   1    253   281   283   255   266   282   267   254
     127   1   1   1   0   1    281   309   311   283   294   310   295   282
     128   1   1   1   0   1    309   337   339   311   322   338   323   310
     129   1   1   1   0   1    337   365   367   339   350   366   351   338
     130   1   1   1   0   1    365   393   395   367   378   394   379   366
     131   1   1   1   0   1    393   421   423   395   406   422   407   394
     132   1   1   1   0   1    421   449   451   423   434   450   435   422
     133   1   1   1   0   1    449   477   479   451   462   478   463   450
     134   1   1   1   0   1    477   505   507   479   490   506   491   478
     135   1   1   1   0   1    505   533   535   507   518   534   519   506
     136   1   1   1   0   1    533   561   563   535   546   562   547   534
     137   1   1   1   0   1    561   589   591   563   574   590   575   562
     138   1   1   1   0   1    589   617   619   591   602   618   603   590
     139   1   1   1   0   1    617   645   647   619   630   646   631   618
     140   1   1   1   0   1    645    54    56   647   658    55   659   646
 
 
 
     141   1   1   1   0   1    107   143   145   105   127   144   128   106
     142   1   1   1   0   1    143   171   173   145   155   172   156   144
     143   1   1   1   0   1    171   199   201   173   183   200   184   172
     144   1   1   1   0   1    199   227   229   201   211   228   212   200
     145   1   1   1   0   1    227   255   257   229   239   256   240   228
     146   1   1   1   0   1    255   283   285   257   267   284   268   256
     147   1   1   1   0   1    283   311   313   285   295   312   296   284
     148   1   1   1   0   1    311   339   341   313   323   340   324   312
     149   1   1   1   0   1    339   367   369   341   351   368   352   340
     150   1   1   1   0   1    367   395   397   369   379   396   380   368
     151   1   1   1   0   1    395   423   425   397   407   424   408   396
     152   1   1   1   0   1    423   451   453   425   435   452   436   424
     153   1   1   1   0   1    451   479   481   453   463   480   464   452
     154   1   1   1   0   1    479   507   509   481   491   508   492   480
     155   1   1   1   0   1    507   535   537   509   519   536   520   508
     156   1   1   1   0   1    535   563   565   537   547   564   548   536
     157   1   1   1   0   1    563   591   593   565   575   592   576   564
     158   1   1   1   0   1    591   619   621   593   603   620   604   592
     159   1   1   1   0   1    619   647   649   621   631   648   632   620
     160   1   1   1   0   1    647    56    58   649   659    57   660   648
 
 
 
     161   1   1   1   0   1    105   145   147   103   128   146   129   104
     162   1   1   1   0   1    145   173   175   147   156   174   157   146
     163   1   1   1   0   1    173   201   203   175   184   202   185   174
     164   1   1   1   0   1    201   229   231   203   212   230   213   202
     165   1   1   1   0   1    229   257   259   231   240   258   241   230
     166   1   1   1   0   1    257   285   287   259   268   286   269   258
     167   1   1   1   0   1    285   313   315   287   296   314   297   286
     168   1   1   1   0   1    313   341   343   315   324   342   325   314
     169   1   1   1   0   1    341   369   371   343   352   370   353   342
     170   1   1   1   0   1    369   397   399   371   380   398   381   370
     171   1   1   1   0   1    397   425   427   399   408   426   409   398
     172   1   1   1   0   1    425   453   455   427   436   454   437   426
     173   1   1   1   0   1    453   481   483   455   464   482   465   454
     174   1   1   1   0   1    481   509   511   483   492   510   493   482
     175   1   1   1   0   1    509   537   539   511   520   538   521   510
     176   1   1   1   0   1    537   565   567   539   548   566   549   538
     177   1   1   1   0   1    565   593   595   567   576   594   577   566
     178   1   1   1   0   1    593   621   623   595   604   622   605   594
     179   1   1   1   0   1    621   649   651   623   632   650   633   622
     180   1   1   1   0   1    649    58    60   651   660    59   661   650
 
 
 
     181   1   1   1   0   1    103   147   100    62   129   148   101   102
     182   1   1   1   0   1    147   175    98   100   157   176    99   148
     183   1   1   1   0   1    175   203    96    98   185   204    97   176
     184   1   1   1   0   1    203   231    94    96   213   232    95   204
     185   1   1   1   0   1    231   259    92    94   241   260    93   232
     186   1   1   1   0   1    259   287    90    92   269   288    91   260
     187   1   1   1   0   1    287   315    88    90   297   316    89   288
     188   1   1   1   0   1    315   343    86    88   325   344    87   316
     189   1   1   1   0   1    343   371    84    86   353   372    85   344
     190   1   1   1   0   1    371   399    82    84   381   400    83   372
     191   1   1   1   0   1    399   427    80    82   409   428    81   400
     192   1   1   1   0   1    427   455    78    80   437   456    79   428
     193   1   1   1   0   1    455   483    76    78   465   484    77   456
     194   1   1   1   0   1    483   511    74    76   493   512    75   484
     195   1   1   1   0   1    511   539    72    74   521   540    73   512
     196   1   1   1   0   1    539   567    70    72   549   568    71   540
     197   1   1   1   0   1    567   595    68    70   577   596    69   568
     198   1   1   1   0   1    595   623    66    68   605   624    67   596
     199   1   1   1   0   1    623   651    64    66   633   652    65   624
     200   1   1   1   0   1    651    60    42    64   661    61    63   652

