


 
        1   -1.00017792295       -0.500000000000         6.35102689433     
        2  -0.501618021162       -0.500000000000         6.40970185351     
        3  -0.958822431822       -0.500000000000         6.35740183048     
        4  -0.917426326657       -0.500000000000         6.36350747820     
        5  -0.875991360911       -0.500000000000         6.36934357886     
        6  -0.834519289705       -0.500000000000         6.37490988525     
        7  -0.793011869721       -0.500000000000         6.38020616159     
        8  -0.751470859157       -0.500000000000         6.38523218355     
        9  -0.709898017545       -0.500000000000         6.38998773823     
       10  -0.668295105930       -0.500000000000         6.39447262418     
       11  -0.626663886501       -0.500000000000         6.39868665144     
       12  -0.585006122690       -0.500000000000         6.40262964152     
       13  -0.543323579036       -0.500000000000         6.40630142738     
       14  -0.501618021162        0.500000000000         6.40970185351     
       15  -0.501618021162       -0.450000000000         6.40970185351     
       16  -0.501618021162       -0.400000000000         6.40970185351     
       17  -0.501618021162       -0.350000000000         6.40970185351     
       18  -0.501618021162       -0.300000000000         6.40970185351     
       19  -0.501618021162       -0.250000000000         6.40970185351     
       20  -0.501618021162       -0.200000000000         6.40970185351     

 
       21  -0.501618021162       -0.150000000000         6.40970185351     
       22  -0.501618021162       -0.100000000000         6.40970185351     
       23  -0.501618021162       -0.500000000000E-001    6.40970185351     
       24  -0.501618021162         0.00000000000         6.40970185351     
       25  -0.501618021162        0.500000000000E-001    6.40970185351     
       26  -0.501618021162        0.100000000000         6.40970185351     
       27  -0.501618021162        0.150000000000         6.40970185351     
       28  -0.501618021162        0.200000000000         6.40970185351     
       29  -0.501618021162        0.250000000000         6.40970185351     
       30  -0.501618021162        0.300000000000         6.40970185351     
       31  -0.501618021162        0.350000000000         6.40970185351     
       32  -0.501618021162        0.400000000000         6.40970185351     
       33  -0.501618021162        0.450000000000         6.40970185351     
       34   -1.00017792295        0.500000000000         6.35102689433     
       35  -0.958822431822        0.500000000000         6.35740183048     
       36  -0.917426326657        0.500000000000         6.36350747820     
       37  -0.875991360911        0.500000000000         6.36934357886     
       38  -0.834519289705        0.500000000000         6.37490988525     
       39  -0.793011869721        0.500000000000         6.38020616159     
       40  -0.751470859157        0.500000000000         6.38523218355     

 
       41  -0.709898017545        0.500000000000         6.38998773823     
       42  -0.668295105930        0.500000000000         6.39447262418     
       43  -0.626663886501        0.500000000000         6.39868665144     
       44  -0.585006122690        0.500000000000         6.40262964152     
       45  -0.543323579036        0.500000000000         6.40630142738     
       46   -1.00017792295       -0.450000000000         6.35102689433     
       47   -1.00017792295       -0.400000000000         6.35102689433     
       48   -1.00017792295       -0.350000000000         6.35102689433     
       49   -1.00017792295       -0.300000000000         6.35102689433     
       50   -1.00017792295       -0.250000000000         6.35102689433     
       51   -1.00017792295       -0.200000000000         6.35102689433     
       52   -1.00017792295       -0.150000000000         6.35102689433     
       53   -1.00017792295       -0.100000000000         6.35102689433     
       54   -1.00017792295       -0.500000000000E-001    6.35102689433     
       55   -1.00017792295         0.00000000000         6.35102689433     
       56   -1.00017792295        0.500000000000E-001    6.35102689433     
       57   -1.00017792295        0.100000000000         6.35102689433     
       58   -1.00017792295        0.150000000000         6.35102689433     
       59   -1.00017792295        0.200000000000         6.35102689433     
       60   -1.00017792295        0.250000000000         6.35102689433     

 
       61   -1.00017792295        0.300000000000         6.35102689433     
       62   -1.00017792295        0.350000000000         6.35102689433     
       63   -1.00017792295        0.400000000000         6.35102689433     
       64   -1.00017792295        0.450000000000         6.35102689433     
       65  -0.958822432101       -0.400000000000         6.35740183044     
       66  -0.958822432101       -0.300000000000         6.35740183044     
       67  -0.958822432101       -0.200000000000         6.35740183044     
       68  -0.958822432101       -0.100000000000         6.35740183044     
       69  -0.958822432101         0.00000000000         6.35740183044     
       70  -0.958822432101        0.100000000000         6.35740183044     
       71  -0.958822432101        0.200000000000         6.35740183044     
       72  -0.958822432101        0.300000000000         6.35740183044     
       73  -0.958822432101        0.400000000000         6.35740183044     
       74  -0.917426327093       -0.450000000000         6.36350747814     
       75  -0.917426327093       -0.400000000000         6.36350747814     
       76  -0.917426327093       -0.350000000000         6.36350747814     
       77  -0.917426327093       -0.300000000000         6.36350747814     
       78  -0.917426327093       -0.250000000000         6.36350747814     
       79  -0.917426327093       -0.200000000000         6.36350747814     
       80  -0.917426327093       -0.150000000000         6.36350747814     

 
       81  -0.917426327093       -0.100000000000         6.36350747814     
       82  -0.917426327093       -0.500000000000E-001    6.36350747814     
       83  -0.917426327093         0.00000000000         6.36350747814     
       84  -0.917426327093        0.500000000000E-001    6.36350747814     
       85  -0.917426327093        0.100000000000         6.36350747814     
       86  -0.917426327093        0.150000000000         6.36350747814     
       87  -0.917426327093        0.200000000000         6.36350747814     
       88  -0.917426327093        0.250000000000         6.36350747814     
       89  -0.917426327093        0.300000000000         6.36350747814     
       90  -0.917426327093        0.350000000000         6.36350747814     
       91  -0.917426327093        0.400000000000         6.36350747814     
       92  -0.917426327093        0.450000000000         6.36350747814     
       93  -0.875991361403       -0.400000000000         6.36934357880     
       94  -0.875991361403       -0.300000000000         6.36934357880     
       95  -0.875991361403       -0.200000000000         6.36934357880     
       96  -0.875991361403       -0.100000000000         6.36934357880     
       97  -0.875991361403         0.00000000000         6.36934357880     
       98  -0.875991361403        0.100000000000         6.36934357880     
       99  -0.875991361403        0.200000000000         6.36934357880     
      100  -0.875991361403        0.300000000000         6.36934357880     

 
      101  -0.875991361403        0.400000000000         6.36934357880     
      102  -0.834519290176       -0.450000000000         6.37490988519     
      103  -0.834519290176       -0.400000000000         6.37490988519     
      104  -0.834519290176       -0.350000000000         6.37490988519     
      105  -0.834519290176       -0.300000000000         6.37490988519     
      106  -0.834519290176       -0.250000000000         6.37490988519     
      107  -0.834519290176       -0.200000000000         6.37490988519     
      108  -0.834519290176       -0.150000000000         6.37490988519     
      109  -0.834519290176       -0.100000000000         6.37490988519     
      110  -0.834519290176       -0.500000000000E-001    6.37490988519     
      111  -0.834519290176         0.00000000000         6.37490988519     
      112  -0.834519290176        0.500000000000E-001    6.37490988519     
      113  -0.834519290176        0.100000000000         6.37490988519     
      114  -0.834519290176        0.150000000000         6.37490988519     
      115  -0.834519290176        0.200000000000         6.37490988519     
      116  -0.834519290176        0.250000000000         6.37490988519     
      117  -0.834519290176        0.300000000000         6.37490988519     
      118  -0.834519290176        0.350000000000         6.37490988519     
      119  -0.834519290176        0.400000000000         6.37490988519     
      120  -0.834519290176        0.450000000000         6.37490988519     

 
      121  -0.793011870111       -0.400000000000         6.38020616155     
      122  -0.793011870111       -0.300000000000         6.38020616155     
      123  -0.793011870111       -0.200000000000         6.38020616155     
      124  -0.793011870111       -0.100000000000         6.38020616155     
      125  -0.793011870111         0.00000000000         6.38020616155     
      126  -0.793011870111        0.100000000000         6.38020616155     
      127  -0.793011870111        0.200000000000         6.38020616155     
      128  -0.793011870111        0.300000000000         6.38020616155     
      129  -0.793011870111        0.400000000000         6.38020616155     
      130  -0.751470859429       -0.450000000000         6.38523218352     
      131  -0.751470859429       -0.400000000000         6.38523218352     
      132  -0.751470859429       -0.350000000000         6.38523218352     
      133  -0.751470859429       -0.300000000000         6.38523218352     
      134  -0.751470859429       -0.250000000000         6.38523218352     
      135  -0.751470859429       -0.200000000000         6.38523218352     
      136  -0.751470859429       -0.150000000000         6.38523218352     
      137  -0.751470859429       -0.100000000000         6.38523218352     
      138  -0.751470859429       -0.500000000000E-001    6.38523218352     
      139  -0.751470859429         0.00000000000         6.38523218352     
      140  -0.751470859429        0.500000000000E-001    6.38523218352     

 
      141  -0.751470859429        0.100000000000         6.38523218352     
      142  -0.751470859429        0.150000000000         6.38523218352     
      143  -0.751470859429        0.200000000000         6.38523218352     
      144  -0.751470859429        0.250000000000         6.38523218352     
      145  -0.751470859429        0.300000000000         6.38523218352     
      146  -0.751470859429        0.350000000000         6.38523218352     
      147  -0.751470859429        0.400000000000         6.38523218352     
      148  -0.751470859429        0.450000000000         6.38523218352     
      149  -0.709898017685       -0.400000000000         6.38998773821     
      150  -0.709898017685       -0.300000000000         6.38998773821     
      151  -0.709898017685       -0.200000000000         6.38998773821     
      152  -0.709898017685       -0.100000000000         6.38998773821     
      153  -0.709898017685         0.00000000000         6.38998773821     
      154  -0.709898017685        0.100000000000         6.38998773821     
      155  -0.709898017685        0.200000000000         6.38998773821     
      156  -0.709898017685        0.300000000000         6.38998773821     
      157  -0.709898017685        0.400000000000         6.38998773821     
      158  -0.668295105944       -0.450000000000         6.39447262418     
      159  -0.668295105944       -0.400000000000         6.39447262418     
      160  -0.668295105944       -0.350000000000         6.39447262418     

 
      161  -0.668295105944       -0.300000000000         6.39447262418     
      162  -0.668295105944       -0.250000000000         6.39447262418     
      163  -0.668295105944       -0.200000000000         6.39447262418     
      164  -0.668295105944       -0.150000000000         6.39447262418     
      165  -0.668295105944       -0.100000000000         6.39447262418     
      166  -0.668295105944       -0.500000000000E-001    6.39447262418     
      167  -0.668295105944         0.00000000000         6.39447262418     
      168  -0.668295105944        0.500000000000E-001    6.39447262418     
      169  -0.668295105944        0.100000000000         6.39447262418     
      170  -0.668295105944        0.150000000000         6.39447262418     
      171  -0.668295105944        0.200000000000         6.39447262418     
      172  -0.668295105944        0.250000000000         6.39447262418     
      173  -0.668295105944        0.300000000000         6.39447262418     
      174  -0.668295105944        0.350000000000         6.39447262418     
      175  -0.668295105944        0.400000000000         6.39447262418     
      176  -0.668295105944        0.450000000000         6.39447262418     
      177  -0.626663886416       -0.400000000000         6.39868665145     
      178  -0.626663886416       -0.300000000000         6.39868665145     
      179  -0.626663886416       -0.200000000000         6.39868665145     
      180  -0.626663886416       -0.100000000000         6.39868665145     

 
      181  -0.626663886416         0.00000000000         6.39868665145     
      182  -0.626663886416        0.100000000000         6.39868665145     
      183  -0.626663886416        0.200000000000         6.39868665145     
      184  -0.626663886416        0.300000000000         6.39868665145     
      185  -0.626663886416        0.400000000000         6.39868665145     
      186  -0.585006122556       -0.450000000000         6.40262964153     
      187  -0.585006122556       -0.400000000000         6.40262964153     
      188  -0.585006122556       -0.350000000000         6.40262964153     
      189  -0.585006122556       -0.300000000000         6.40262964153     
      190  -0.585006122556       -0.250000000000         6.40262964153     
      191  -0.585006122556       -0.200000000000         6.40262964153     
      192  -0.585006122556       -0.150000000000         6.40262964153     
      193  -0.585006122556       -0.100000000000         6.40262964153     
      194  -0.585006122556       -0.500000000000E-001    6.40262964153     
      195  -0.585006122556         0.00000000000         6.40262964153     
      196  -0.585006122556        0.500000000000E-001    6.40262964153     
      197  -0.585006122556        0.100000000000         6.40262964153     
      198  -0.585006122556        0.150000000000         6.40262964153     
      199  -0.585006122556        0.200000000000         6.40262964153     
      200  -0.585006122556        0.250000000000         6.40262964153     

 
      201  -0.585006122556        0.300000000000         6.40262964153     
      202  -0.585006122556        0.350000000000         6.40262964153     
      203  -0.585006122556        0.400000000000         6.40262964153     
      204  -0.585006122556        0.450000000000         6.40262964153     
      205  -0.543323578923       -0.400000000000         6.40630142739     
      206  -0.543323578923       -0.300000000000         6.40630142739     
      207  -0.543323578923       -0.200000000000         6.40630142739     
      208  -0.543323578923       -0.100000000000         6.40630142739     
      209  -0.543323578923         0.00000000000         6.40630142739     
      210  -0.543323578923        0.100000000000         6.40630142739     
      211  -0.543323578923        0.200000000000         6.40630142739     
      212  -0.543323578923        0.300000000000         6.40630142739     
      213  -0.543323578923        0.400000000000         6.40630142739     
      214    0.00000000000       -0.500000000000         6.42930000000     
      215  -0.459891215607       -0.500000000000         6.41283077586     
      216  -0.418144929864       -0.500000000000         6.41568806190     
      217  -0.376380932226       -0.500000000000         6.41827359061     
      218  -0.334600991755       -0.500000000000         6.42058725245     
      219  -0.292806878170       -0.500000000000         6.42262894943     
      220  -0.251000361816       -0.500000000000         6.42439859507     

 
      221  -0.209183213470       -0.500000000000         6.42589611441     
      222  -0.167357204525       -0.500000000000         6.42712144401     
      223  -0.125524106621       -0.500000000000         6.42807453198     
      224  -0.836856917407E-001  -0.500000000000         6.42875533793     
      225  -0.418437320752E-001  -0.500000000000         6.42916383304     
      226    0.00000000000        0.500000000000         6.42930000000     
      227    0.00000000000       -0.450000000000         6.42930000000     
      228    0.00000000000       -0.400000000000         6.42930000000     
      229    0.00000000000       -0.350000000000         6.42930000000     
      230    0.00000000000       -0.300000000000         6.42930000000     
      231    0.00000000000       -0.250000000000         6.42930000000     
      232    0.00000000000       -0.200000000000         6.42930000000     
      233    0.00000000000       -0.150000000000         6.42930000000     
      234    0.00000000000       -0.100000000000         6.42930000000     
      235    0.00000000000       -0.500000000000E-001    6.42930000000     
      236    0.00000000000         0.00000000000         6.42930000000     
      237    0.00000000000        0.500000000000E-001    6.42930000000     
      238    0.00000000000        0.100000000000         6.42930000000     
      239    0.00000000000        0.150000000000         6.42930000000     
      240    0.00000000000        0.200000000000         6.42930000000     

 
      241    0.00000000000        0.250000000000         6.42930000000     
      242    0.00000000000        0.300000000000         6.42930000000     
      243    0.00000000000        0.350000000000         6.42930000000     
      244    0.00000000000        0.400000000000         6.42930000000     
      245    0.00000000000        0.450000000000         6.42930000000     
      246  -0.459891215607        0.500000000000         6.41283077586     
      247  -0.418144929864        0.500000000000         6.41568806190     
      248  -0.376380932226        0.500000000000         6.41827359061     
      249  -0.334600991755        0.500000000000         6.42058725245     
      250  -0.292806878170        0.500000000000         6.42262894943     
      251  -0.251000361816        0.500000000000         6.42439859507     
      252  -0.209183213470        0.500000000000         6.42589611441     
      253  -0.167357204525        0.500000000000         6.42712144401     
      254  -0.125524106621        0.500000000000         6.42807453198     
      255  -0.836856917407E-001   0.500000000000         6.42875533793     
      256  -0.418437320752E-001   0.500000000000         6.42916383304     
      257  -0.459891215551       -0.400000000000         6.41283077586     
      258  -0.459891215551       -0.300000000000         6.41283077586     
      259  -0.459891215551       -0.200000000000         6.41283077586     
      260  -0.459891215551       -0.100000000000         6.41283077586     

 
      261  -0.459891215551         0.00000000000         6.41283077586     
      262  -0.459891215551        0.100000000000         6.41283077586     
      263  -0.459891215551        0.200000000000         6.41283077586     
      264  -0.459891215551        0.300000000000         6.41283077586     
      265  -0.459891215551        0.400000000000         6.41283077586     
      266  -0.418144929774       -0.450000000000         6.41568806191     
      267  -0.418144929774       -0.400000000000         6.41568806191     
      268  -0.418144929774       -0.350000000000         6.41568806191     
      269  -0.418144929774       -0.300000000000         6.41568806191     
      270  -0.418144929774       -0.250000000000         6.41568806191     
      271  -0.418144929774       -0.200000000000         6.41568806191     
      272  -0.418144929774       -0.150000000000         6.41568806191     
      273  -0.418144929774       -0.100000000000         6.41568806191     
      274  -0.418144929774       -0.500000000000E-001    6.41568806191     
      275  -0.418144929774         0.00000000000         6.41568806191     
      276  -0.418144929774        0.500000000000E-001    6.41568806191     
      277  -0.418144929774        0.100000000000         6.41568806191     
      278  -0.418144929774        0.150000000000         6.41568806191     
      279  -0.418144929774        0.200000000000         6.41568806191     
      280  -0.418144929774        0.250000000000         6.41568806191     

 
      281  -0.418144929774        0.300000000000         6.41568806191     
      282  -0.418144929774        0.350000000000         6.41568806191     
      283  -0.418144929774        0.400000000000         6.41568806191     
      284  -0.418144929774        0.450000000000         6.41568806191     
      285  -0.376380932123       -0.400000000000         6.41827359061     
      286  -0.376380932123       -0.300000000000         6.41827359061     
      287  -0.376380932123       -0.200000000000         6.41827359061     
      288  -0.376380932123       -0.100000000000         6.41827359061     
      289  -0.376380932123         0.00000000000         6.41827359061     
      290  -0.376380932123        0.100000000000         6.41827359061     
      291  -0.376380932123        0.200000000000         6.41827359061     
      292  -0.376380932123        0.300000000000         6.41827359061     
      293  -0.376380932123        0.400000000000         6.41827359061     
      294  -0.334600991653       -0.450000000000         6.42058725246     
      295  -0.334600991653       -0.400000000000         6.42058725246     
      296  -0.334600991653       -0.350000000000         6.42058725246     
      297  -0.334600991653       -0.300000000000         6.42058725246     
      298  -0.334600991653       -0.250000000000         6.42058725246     
      299  -0.334600991653       -0.200000000000         6.42058725246     
      300  -0.334600991653       -0.150000000000         6.42058725246     

 
      301  -0.334600991653       -0.100000000000         6.42058725246     
      302  -0.334600991653       -0.500000000000E-001    6.42058725246     
      303  -0.334600991653         0.00000000000         6.42058725246     
      304  -0.334600991653        0.500000000000E-001    6.42058725246     
      305  -0.334600991653        0.100000000000         6.42058725246     
      306  -0.334600991653        0.150000000000         6.42058725246     
      307  -0.334600991653        0.200000000000         6.42058725246     
      308  -0.334600991653        0.250000000000         6.42058725246     
      309  -0.334600991653        0.300000000000         6.42058725246     
      310  -0.334600991653        0.350000000000         6.42058725246     
      311  -0.334600991653        0.400000000000         6.42058725246     
      312  -0.334600991653        0.450000000000         6.42058725246     
      313  -0.292806878081       -0.400000000000         6.42262894944     
      314  -0.292806878081       -0.300000000000         6.42262894944     
      315  -0.292806878081       -0.200000000000         6.42262894944     
      316  -0.292806878081       -0.100000000000         6.42262894944     
      317  -0.292806878081         0.00000000000         6.42262894944     
      318  -0.292806878081        0.100000000000         6.42262894944     
      319  -0.292806878081        0.200000000000         6.42262894944     
      320  -0.292806878081        0.300000000000         6.42262894944     

 
      321  -0.292806878081        0.400000000000         6.42262894944     
      322  -0.251000361747       -0.450000000000         6.42439859507     
      323  -0.251000361747       -0.400000000000         6.42439859507     
      324  -0.251000361747       -0.350000000000         6.42439859507     
      325  -0.251000361747       -0.300000000000         6.42439859507     
      326  -0.251000361747       -0.250000000000         6.42439859507     
      327  -0.251000361747       -0.200000000000         6.42439859507     
      328  -0.251000361747       -0.150000000000         6.42439859507     
      329  -0.251000361747       -0.100000000000         6.42439859507     
      330  -0.251000361747       -0.500000000000E-001    6.42439859507     
      331  -0.251000361747         0.00000000000         6.42439859507     
      332  -0.251000361747        0.500000000000E-001    6.42439859507     
      333  -0.251000361747        0.100000000000         6.42439859507     
      334  -0.251000361747        0.150000000000         6.42439859507     
      335  -0.251000361747        0.200000000000         6.42439859507     
      336  -0.251000361747        0.250000000000         6.42439859507     
      337  -0.251000361747        0.300000000000         6.42439859507     
      338  -0.251000361747        0.350000000000         6.42439859507     
      339  -0.251000361747        0.400000000000         6.42439859507     
      340  -0.251000361747        0.450000000000         6.42439859507     

 
      341  -0.209183213425       -0.400000000000         6.42589611441     
      342  -0.209183213425       -0.300000000000         6.42589611441     
      343  -0.209183213425       -0.200000000000         6.42589611441     
      344  -0.209183213425       -0.100000000000         6.42589611441     
      345  -0.209183213425         0.00000000000         6.42589611441     
      346  -0.209183213425        0.100000000000         6.42589611441     
      347  -0.209183213425        0.200000000000         6.42589611441     
      348  -0.209183213425        0.300000000000         6.42589611441     
      349  -0.209183213425        0.400000000000         6.42589611441     
      350  -0.167357204504       -0.450000000000         6.42712144401     
      351  -0.167357204504       -0.400000000000         6.42712144401     
      352  -0.167357204504       -0.350000000000         6.42712144401     
      353  -0.167357204504       -0.300000000000         6.42712144401     
      354  -0.167357204504       -0.250000000000         6.42712144401     
      355  -0.167357204504       -0.200000000000         6.42712144401     
      356  -0.167357204504       -0.150000000000         6.42712144401     
      357  -0.167357204504       -0.100000000000         6.42712144401     
      358  -0.167357204504       -0.500000000000E-001    6.42712144401     
      359  -0.167357204504         0.00000000000         6.42712144401     
      360  -0.167357204504        0.500000000000E-001    6.42712144401     

 
      361  -0.167357204504        0.100000000000         6.42712144401     
      362  -0.167357204504        0.150000000000         6.42712144401     
      363  -0.167357204504        0.200000000000         6.42712144401     
      364  -0.167357204504        0.250000000000         6.42712144401     
      365  -0.167357204504        0.300000000000         6.42712144401     
      366  -0.167357204504        0.350000000000         6.42712144401     
      367  -0.167357204504        0.400000000000         6.42712144401     
      368  -0.167357204504        0.450000000000         6.42712144401     
      369  -0.125524106621       -0.400000000000         6.42807453198     
      370  -0.125524106621       -0.300000000000         6.42807453198     
      371  -0.125524106621       -0.200000000000         6.42807453198     
      372  -0.125524106621       -0.100000000000         6.42807453198     
      373  -0.125524106621         0.00000000000         6.42807453198     
      374  -0.125524106621        0.100000000000         6.42807453198     
      375  -0.125524106621        0.200000000000         6.42807453198     
      376  -0.125524106621        0.300000000000         6.42807453198     
      377  -0.125524106621        0.400000000000         6.42807453198     
      378  -0.836856917535E-001  -0.450000000000         6.42875533793     
      379  -0.836856917535E-001  -0.400000000000         6.42875533793     
      380  -0.836856917535E-001  -0.350000000000         6.42875533793     

 
      381  -0.836856917535E-001  -0.300000000000         6.42875533793     
      382  -0.836856917535E-001  -0.250000000000         6.42875533793     
      383  -0.836856917535E-001  -0.200000000000         6.42875533793     
      384  -0.836856917535E-001  -0.150000000000         6.42875533793     
      385  -0.836856917535E-001  -0.100000000000         6.42875533793     
      386  -0.836856917535E-001  -0.500000000000E-001    6.42875533793     
      387  -0.836856917535E-001    0.00000000000         6.42875533793     
      388  -0.836856917535E-001   0.500000000000E-001    6.42875533793     
      389  -0.836856917535E-001   0.100000000000         6.42875533793     
      390  -0.836856917535E-001   0.150000000000         6.42875533793     
      391  -0.836856917535E-001   0.200000000000         6.42875533793     
      392  -0.836856917535E-001   0.250000000000         6.42875533793     
      393  -0.836856917535E-001   0.300000000000         6.42875533793     
      394  -0.836856917535E-001   0.350000000000         6.42875533793     
      395  -0.836856917535E-001   0.400000000000         6.42875533793     
      396  -0.836856917535E-001   0.450000000000         6.42875533793     
      397  -0.418437320892E-001  -0.400000000000         6.42916383304     
      398  -0.418437320892E-001  -0.300000000000         6.42916383304     
      399  -0.418437320892E-001  -0.200000000000         6.42916383304     
      400  -0.418437320892E-001  -0.100000000000         6.42916383304     

 
      401  -0.418437320892E-001    0.00000000000         6.42916383304     
      402  -0.418437320892E-001   0.100000000000         6.42916383304     
      403  -0.418437320892E-001   0.200000000000         6.42916383304     
      404  -0.418437320892E-001   0.300000000000         6.42916383304     
      405  -0.418437320892E-001   0.400000000000         6.42916383304     
      406   0.501618021162       -0.500000000000         6.40970185351     
      407   0.418437320929E-001  -0.500000000000         6.42916383304     
      408   0.836856917584E-001  -0.500000000000         6.42875533793     
      409   0.125524106650       -0.500000000000         6.42807453198     
      410   0.167357204553       -0.500000000000         6.42712144402     
      411   0.209183213498       -0.500000000000         6.42589611441     
      412   0.251000361790       -0.500000000000         6.42439859507     
      413   0.292806878198       -0.500000000000         6.42262894943     
      414   0.334600991783       -0.500000000000         6.42058725244     
      415   0.376380932254       -0.500000000000         6.41827359059     
      416   0.418144929880       -0.500000000000         6.41568806189     
      417   0.459891215624       -0.500000000000         6.41283077585     
      418   0.501618021162        0.500000000000         6.40970185351     
      419   0.501618021162       -0.450000000000         6.40970185351     
      420   0.501618021162       -0.400000000000         6.40970185351     

 
      421   0.501618021162       -0.350000000000         6.40970185351     
      422   0.501618021162       -0.300000000000         6.40970185351     
      423   0.501618021162       -0.250000000000         6.40970185351     
      424   0.501618021162       -0.200000000000         6.40970185351     
      425   0.501618021162       -0.150000000000         6.40970185351     
      426   0.501618021162       -0.100000000000         6.40970185351     
      427   0.501618021162       -0.500000000000E-001    6.40970185351     
      428   0.501618021162         0.00000000000         6.40970185351     
      429   0.501618021162        0.500000000000E-001    6.40970185351     
      430   0.501618021162        0.100000000000         6.40970185351     
      431   0.501618021162        0.150000000000         6.40970185351     
      432   0.501618021162        0.200000000000         6.40970185351     
      433   0.501618021162        0.250000000000         6.40970185351     
      434   0.501618021162        0.300000000000         6.40970185351     
      435   0.501618021162        0.350000000000         6.40970185351     
      436   0.501618021162        0.400000000000         6.40970185351     
      437   0.501618021162        0.450000000000         6.40970185351     
      438   0.418437320929E-001   0.500000000000         6.42916383304     
      439   0.836856917584E-001   0.500000000000         6.42875533793     
      440   0.125524106650        0.500000000000         6.42807453198     

 
      441   0.167357204553        0.500000000000         6.42712144402     
      442   0.209183213498        0.500000000000         6.42589611441     
      443   0.251000361790        0.500000000000         6.42439859507     
      444   0.292806878198        0.500000000000         6.42262894943     
      445   0.334600991783        0.500000000000         6.42058725244     
      446   0.376380932254        0.500000000000         6.41827359059     
      447   0.418144929880        0.500000000000         6.41568806189     
      448   0.459891215624        0.500000000000         6.41283077585     
      449   0.418437319765E-001  -0.400000000000         6.42916383304     
      450   0.418437319765E-001  -0.300000000000         6.42916383304     
      451   0.418437319765E-001  -0.200000000000         6.42916383304     
      452   0.418437319765E-001  -0.100000000000         6.42916383304     
      453   0.418437319765E-001    0.00000000000         6.42916383304     
      454   0.418437319765E-001   0.100000000000         6.42916383304     
      455   0.418437319765E-001   0.200000000000         6.42916383304     
      456   0.418437319765E-001   0.300000000000         6.42916383304     
      457   0.418437319765E-001   0.400000000000         6.42916383304     
      458   0.836856916525E-001  -0.450000000000         6.42875533793     
      459   0.836856916525E-001  -0.400000000000         6.42875533793     
      460   0.836856916525E-001  -0.350000000000         6.42875533793     

 
      461   0.836856916525E-001  -0.300000000000         6.42875533793     
      462   0.836856916525E-001  -0.250000000000         6.42875533793     
      463   0.836856916525E-001  -0.200000000000         6.42875533793     
      464   0.836856916525E-001  -0.150000000000         6.42875533793     
      465   0.836856916525E-001  -0.100000000000         6.42875533793     
      466   0.836856916525E-001  -0.500000000000E-001    6.42875533793     
      467   0.836856916525E-001    0.00000000000         6.42875533793     
      468   0.836856916525E-001   0.500000000000E-001    6.42875533793     
      469   0.836856916525E-001   0.100000000000         6.42875533793     
      470   0.836856916525E-001   0.150000000000         6.42875533793     
      471   0.836856916525E-001   0.200000000000         6.42875533793     
      472   0.836856916525E-001   0.250000000000         6.42875533793     
      473   0.836856916525E-001   0.300000000000         6.42875533793     
      474   0.836856916525E-001   0.350000000000         6.42875533793     
      475   0.836856916525E-001   0.400000000000         6.42875533793     
      476   0.836856916525E-001   0.450000000000         6.42875533793     
      477   0.125524106649       -0.400000000000         6.42807453198     
      478   0.125524106649       -0.300000000000         6.42807453198     
      479   0.125524106649       -0.200000000000         6.42807453198     
      480   0.125524106649       -0.100000000000         6.42807453198     

 
      481   0.125524106649         0.00000000000         6.42807453198     
      482   0.125524106649        0.100000000000         6.42807453198     
      483   0.125524106649        0.200000000000         6.42807453198     
      484   0.125524106649        0.300000000000         6.42807453198     
      485   0.125524106649        0.400000000000         6.42807453198     
      486   0.167357204723       -0.450000000000         6.42712144401     
      487   0.167357204723       -0.400000000000         6.42712144401     
      488   0.167357204723       -0.350000000000         6.42712144401     
      489   0.167357204723       -0.300000000000         6.42712144401     
      490   0.167357204723       -0.250000000000         6.42712144401     
      491   0.167357204723       -0.200000000000         6.42712144401     
      492   0.167357204723       -0.150000000000         6.42712144401     
      493   0.167357204723       -0.100000000000         6.42712144401     
      494   0.167357204723       -0.500000000000E-001    6.42712144401     
      495   0.167357204723         0.00000000000         6.42712144401     
      496   0.167357204723        0.500000000000E-001    6.42712144401     
      497   0.167357204723        0.100000000000         6.42712144401     
      498   0.167357204723        0.150000000000         6.42712144401     
      499   0.167357204723        0.200000000000         6.42712144401     
      500   0.167357204723        0.250000000000         6.42712144401     

 
      501   0.167357204723        0.300000000000         6.42712144401     
      502   0.167357204723        0.350000000000         6.42712144401     
      503   0.167357204723        0.400000000000         6.42712144401     
      504   0.167357204723        0.450000000000         6.42712144401     
      505   0.209183213869       -0.400000000000         6.42589611440     
      506   0.209183213869       -0.300000000000         6.42589611440     
      507   0.209183213869       -0.200000000000         6.42589611440     
      508   0.209183213869       -0.100000000000         6.42589611440     
      509   0.209183213869         0.00000000000         6.42589611440     
      510   0.209183213869        0.100000000000         6.42589611440     
      511   0.209183213869        0.200000000000         6.42589611440     
      512   0.209183213869        0.300000000000         6.42589611440     
      513   0.209183213869        0.400000000000         6.42589611440     
      514   0.251000362361       -0.450000000000         6.42439859505     
      515   0.251000362361       -0.400000000000         6.42439859505     
      516   0.251000362361       -0.350000000000         6.42439859505     
      517   0.251000362361       -0.300000000000         6.42439859505     
      518   0.251000362361       -0.250000000000         6.42439859505     
      519   0.251000362361       -0.200000000000         6.42439859505     
      520   0.251000362361       -0.150000000000         6.42439859505     

 
      521   0.251000362361       -0.100000000000         6.42439859505     
      522   0.251000362361       -0.500000000000E-001    6.42439859505     
      523   0.251000362361         0.00000000000         6.42439859505     
      524   0.251000362361        0.500000000000E-001    6.42439859505     
      525   0.251000362361        0.100000000000         6.42439859505     
      526   0.251000362361        0.150000000000         6.42439859505     
      527   0.251000362361        0.200000000000         6.42439859505     
      528   0.251000362361        0.250000000000         6.42439859505     
      529   0.251000362361        0.300000000000         6.42439859505     
      530   0.251000362361        0.350000000000         6.42439859505     
      531   0.251000362361        0.400000000000         6.42439859505     
      532   0.251000362361        0.450000000000         6.42439859505     
      533   0.292806878939       -0.400000000000         6.42262894940     
      534   0.292806878939       -0.300000000000         6.42262894940     
      535   0.292806878939       -0.200000000000         6.42262894940     
      536   0.292806878939       -0.100000000000         6.42262894940     
      537   0.292806878939         0.00000000000         6.42262894940     
      538   0.292806878939        0.100000000000         6.42262894940     
      539   0.292806878939        0.200000000000         6.42262894940     
      540   0.292806878939        0.300000000000         6.42262894940     

 
      541   0.292806878939        0.400000000000         6.42262894940     
      542   0.334600992629       -0.450000000000         6.42058725240     
      543   0.334600992629       -0.400000000000         6.42058725240     
      544   0.334600992629       -0.350000000000         6.42058725240     
      545   0.334600992629       -0.300000000000         6.42058725240     
      546   0.334600992629       -0.250000000000         6.42058725240     
      547   0.334600992629       -0.200000000000         6.42058725240     
      548   0.334600992629       -0.150000000000         6.42058725240     
      549   0.334600992629       -0.100000000000         6.42058725240     
      550   0.334600992629       -0.500000000000E-001    6.42058725240     
      551   0.334600992629         0.00000000000         6.42058725240     
      552   0.334600992629        0.500000000000E-001    6.42058725240     
      553   0.334600992629        0.100000000000         6.42058725240     
      554   0.334600992629        0.150000000000         6.42058725240     
      555   0.334600992629        0.200000000000         6.42058725240     
      556   0.334600992629        0.250000000000         6.42058725240     
      557   0.334600992629        0.300000000000         6.42058725240     
      558   0.334600992629        0.350000000000         6.42058725240     
      559   0.334600992629        0.400000000000         6.42058725240     
      560   0.334600992629        0.450000000000         6.42058725240     

 
      561   0.376380933110       -0.400000000000         6.41827359055     
      562   0.376380933110       -0.300000000000         6.41827359055     
      563   0.376380933110       -0.200000000000         6.41827359055     
      564   0.376380933110       -0.100000000000         6.41827359055     
      565   0.376380933110         0.00000000000         6.41827359055     
      566   0.376380933110        0.100000000000         6.41827359055     
      567   0.376380933110        0.200000000000         6.41827359055     
      568   0.376380933110        0.300000000000         6.41827359055     
      569   0.376380933110        0.400000000000         6.41827359055     
      570   0.418144930620       -0.450000000000         6.41568806185     
      571   0.418144930620       -0.400000000000         6.41568806185     
      572   0.418144930620       -0.350000000000         6.41568806185     
      573   0.418144930620       -0.300000000000         6.41568806185     
      574   0.418144930620       -0.250000000000         6.41568806185     
      575   0.418144930620       -0.200000000000         6.41568806185     
      576   0.418144930620       -0.150000000000         6.41568806185     
      577   0.418144930620       -0.100000000000         6.41568806185     
      578   0.418144930620       -0.500000000000E-001    6.41568806185     
      579   0.418144930620         0.00000000000         6.41568806185     
      580   0.418144930620        0.500000000000E-001    6.41568806185     

 
      581   0.418144930620        0.100000000000         6.41568806185     
      582   0.418144930620        0.150000000000         6.41568806185     
      583   0.418144930620        0.200000000000         6.41568806185     
      584   0.418144930620        0.250000000000         6.41568806185     
      585   0.418144930620        0.300000000000         6.41568806185     
      586   0.418144930620        0.350000000000         6.41568806185     
      587   0.418144930620        0.400000000000         6.41568806185     
      588   0.418144930620        0.450000000000         6.41568806185     
      589   0.459891216089       -0.400000000000         6.41283077583     
      590   0.459891216089       -0.300000000000         6.41283077583     
      591   0.459891216089       -0.200000000000         6.41283077583     
      592   0.459891216089       -0.100000000000         6.41283077583     
      593   0.459891216089         0.00000000000         6.41283077583     
      594   0.459891216089        0.100000000000         6.41283077583     
      595   0.459891216089        0.200000000000         6.41283077583     
      596   0.459891216089        0.300000000000         6.41283077583     
      597   0.459891216089        0.400000000000         6.41283077583     
      598    1.00017792295       -0.500000000000         6.35102689433     
      599   0.543323579054       -0.500000000000         6.40630142738     
      600   0.585006122707       -0.500000000000         6.40262964151     

 
      601   0.626663886529       -0.500000000000         6.39868665144     
      602   0.668295105958       -0.500000000000         6.39447262418     
      603   0.709898017574       -0.500000000000         6.38998773822     
      604   0.751470859131       -0.500000000000         6.38523218355     
      605   0.793011869750       -0.500000000000         6.38020616160     
      606   0.834519289735       -0.500000000000         6.37490988525     
      607   0.875991360941       -0.500000000000         6.36934357887     
      608   0.917426326677       -0.500000000000         6.36350747821     
      609   0.958822431841       -0.500000000000         6.35740183049     
      610    1.00017792295        0.500000000000         6.35102689433     
      611    1.00017792295       -0.450000000000         6.35102689433     
      612    1.00017792295       -0.400000000000         6.35102689433     
      613    1.00017792295       -0.350000000000         6.35102689433     
      614    1.00017792295       -0.300000000000         6.35102689433     
      615    1.00017792295       -0.250000000000         6.35102689433     
      616    1.00017792295       -0.200000000000         6.35102689433     
      617    1.00017792295       -0.150000000000         6.35102689433     
      618    1.00017792295       -0.100000000000         6.35102689433     
      619    1.00017792295       -0.500000000000E-001    6.35102689433     
      620    1.00017792295         0.00000000000         6.35102689433     

 
      621    1.00017792295        0.500000000000E-001    6.35102689433     
      622    1.00017792295        0.100000000000         6.35102689433     
      623    1.00017792295        0.150000000000         6.35102689433     
      624    1.00017792295        0.200000000000         6.35102689433     
      625    1.00017792295        0.250000000000         6.35102689433     
      626    1.00017792295        0.300000000000         6.35102689433     
      627    1.00017792295        0.350000000000         6.35102689433     
      628    1.00017792295        0.400000000000         6.35102689433     
      629    1.00017792295        0.450000000000         6.35102689433     
      630   0.543323579054        0.500000000000         6.40630142738     
      631   0.585006122707        0.500000000000         6.40262964151     
      632   0.626663886529        0.500000000000         6.39868665144     
      633   0.668295105958        0.500000000000         6.39447262418     
      634   0.709898017574        0.500000000000         6.38998773822     
      635   0.751470859131        0.500000000000         6.38523218355     
      636   0.793011869750        0.500000000000         6.38020616160     
      637   0.834519289735        0.500000000000         6.37490988525     
      638   0.875991360941        0.500000000000         6.36934357887     
      639   0.917426326677        0.500000000000         6.36350747821     
      640   0.958822431841        0.500000000000         6.35740183049     

 
      641   0.543323579078       -0.400000000000         6.40630142738     
      642   0.543323579078       -0.300000000000         6.40630142738     
      643   0.543323579078       -0.200000000000         6.40630142738     
      644   0.543323579078       -0.100000000000         6.40630142738     
      645   0.543323579078         0.00000000000         6.40630142738     
      646   0.543323579078        0.100000000000         6.40630142738     
      647   0.543323579078        0.200000000000         6.40630142738     
      648   0.543323579078        0.300000000000         6.40630142738     
      649   0.543323579078        0.400000000000         6.40630142738     
      650   0.585006122709       -0.450000000000         6.40262964151     
      651   0.585006122709       -0.400000000000         6.40262964151     
      652   0.585006122709       -0.350000000000         6.40262964151     
      653   0.585006122709       -0.300000000000         6.40262964151     
      654   0.585006122709       -0.250000000000         6.40262964151     
      655   0.585006122709       -0.200000000000         6.40262964151     
      656   0.585006122709       -0.150000000000         6.40262964151     
      657   0.585006122709       -0.100000000000         6.40262964151     
      658   0.585006122709       -0.500000000000E-001    6.40262964151     
      659   0.585006122709         0.00000000000         6.40262964151     
      660   0.585006122709        0.500000000000E-001    6.40262964151     

 
      661   0.585006122709        0.100000000000         6.40262964151     
      662   0.585006122709        0.150000000000         6.40262964151     
      663   0.585006122709        0.200000000000         6.40262964151     
      664   0.585006122709        0.250000000000         6.40262964151     
      665   0.585006122709        0.300000000000         6.40262964151     
      666   0.585006122709        0.350000000000         6.40262964151     
      667   0.585006122709        0.400000000000         6.40262964151     
      668   0.585006122709        0.450000000000         6.40262964151     
      669   0.626663886473       -0.400000000000         6.39868665145     
      670   0.626663886473       -0.300000000000         6.39868665145     
      671   0.626663886473       -0.200000000000         6.39868665145     
      672   0.626663886473       -0.100000000000         6.39868665145     
      673   0.626663886473         0.00000000000         6.39868665145     
      674   0.626663886473        0.100000000000         6.39868665145     
      675   0.626663886473        0.200000000000         6.39868665145     
      676   0.626663886473        0.300000000000         6.39868665145     
      677   0.626663886473        0.400000000000         6.39868665145     
      678   0.668295105822       -0.450000000000         6.39447262419     
      679   0.668295105822       -0.400000000000         6.39447262419     
      680   0.668295105822       -0.350000000000         6.39447262419     

 
      681   0.668295105822       -0.300000000000         6.39447262419     
      682   0.668295105822       -0.250000000000         6.39447262419     
      683   0.668295105822       -0.200000000000         6.39447262419     
      684   0.668295105822       -0.150000000000         6.39447262419     
      685   0.668295105822       -0.100000000000         6.39447262419     
      686   0.668295105822       -0.500000000000E-001    6.39447262419     
      687   0.668295105822         0.00000000000         6.39447262419     
      688   0.668295105822        0.500000000000E-001    6.39447262419     
      689   0.668295105822        0.100000000000         6.39447262419     
      690   0.668295105822        0.150000000000         6.39447262419     
      691   0.668295105822        0.200000000000         6.39447262419     
      692   0.668295105822        0.250000000000         6.39447262419     
      693   0.668295105822        0.300000000000         6.39447262419     
      694   0.668295105822        0.350000000000         6.39447262419     
      695   0.668295105822        0.400000000000         6.39447262419     
      696   0.668295105822        0.450000000000         6.39447262419     
      697   0.709898017349       -0.400000000000         6.38998773825     
      698   0.709898017349       -0.300000000000         6.38998773825     
      699   0.709898017349       -0.200000000000         6.38998773825     
      700   0.709898017349       -0.100000000000         6.38998773825     

 
      701   0.709898017349         0.00000000000         6.38998773825     
      702   0.709898017349        0.100000000000         6.38998773825     
      703   0.709898017349        0.200000000000         6.38998773825     
      704   0.709898017349        0.300000000000         6.38998773825     
      705   0.709898017349        0.400000000000         6.38998773825     
      706   0.751470858822       -0.450000000000         6.38523218359     
      707   0.751470858822       -0.400000000000         6.38523218359     
      708   0.751470858822       -0.350000000000         6.38523218359     
      709   0.751470858822       -0.300000000000         6.38523218359     
      710   0.751470858822       -0.250000000000         6.38523218359     
      711   0.751470858822       -0.200000000000         6.38523218359     
      712   0.751470858822       -0.150000000000         6.38523218359     
      713   0.751470858822       -0.100000000000         6.38523218359     
      714   0.751470858822       -0.500000000000E-001    6.38523218359     
      715   0.751470858822         0.00000000000         6.38523218359     
      716   0.751470858822        0.500000000000E-001    6.38523218359     
      717   0.751470858822        0.100000000000         6.38523218359     
      718   0.751470858822        0.150000000000         6.38523218359     
      719   0.751470858822        0.200000000000         6.38523218359     
      720   0.751470858822        0.250000000000         6.38523218359     

 
      721   0.751470858822        0.300000000000         6.38523218359     
      722   0.751470858822        0.350000000000         6.38523218359     
      723   0.751470858822        0.400000000000         6.38523218359     
      724   0.751470858822        0.450000000000         6.38523218359     
      725   0.793011869374       -0.400000000000         6.38020616164     
      726   0.793011869374       -0.300000000000         6.38020616164     
      727   0.793011869374       -0.200000000000         6.38020616164     
      728   0.793011869374       -0.100000000000         6.38020616164     
      729   0.793011869374         0.00000000000         6.38020616164     
      730   0.793011869374        0.100000000000         6.38020616164     
      731   0.793011869374        0.200000000000         6.38020616164     
      732   0.793011869374        0.300000000000         6.38020616164     
      733   0.793011869374        0.400000000000         6.38020616164     
      734   0.834519289323       -0.450000000000         6.37490988530     
      735   0.834519289323       -0.400000000000         6.37490988530     
      736   0.834519289323       -0.350000000000         6.37490988530     
      737   0.834519289323       -0.300000000000         6.37490988530     
      738   0.834519289323       -0.250000000000         6.37490988530     
      739   0.834519289323       -0.200000000000         6.37490988530     
      740   0.834519289323       -0.150000000000         6.37490988530     

 
      741   0.834519289323       -0.100000000000         6.37490988530     
      742   0.834519289323       -0.500000000000E-001    6.37490988530     
      743   0.834519289323         0.00000000000         6.37490988530     
      744   0.834519289323        0.500000000000E-001    6.37490988530     
      745   0.834519289323        0.100000000000         6.37490988530     
      746   0.834519289323        0.150000000000         6.37490988530     
      747   0.834519289323        0.200000000000         6.37490988530     
      748   0.834519289323        0.250000000000         6.37490988530     
      749   0.834519289323        0.300000000000         6.37490988530     
      750   0.834519289323        0.350000000000         6.37490988530     
      751   0.834519289323        0.400000000000         6.37490988530     
      752   0.834519289323        0.450000000000         6.37490988530     
      753   0.875991360535       -0.400000000000         6.36934357892     
      754   0.875991360535       -0.300000000000         6.36934357892     
      755   0.875991360535       -0.200000000000         6.36934357892     
      756   0.875991360535       -0.100000000000         6.36934357892     
      757   0.875991360535         0.00000000000         6.36934357892     
      758   0.875991360535        0.100000000000         6.36934357892     
      759   0.875991360535        0.200000000000         6.36934357892     
      760   0.875991360535        0.300000000000         6.36934357892     

 
      761   0.875991360535        0.400000000000         6.36934357892     
      762   0.917426326333       -0.450000000000         6.36350747825     
      763   0.917426326333       -0.400000000000         6.36350747825     
      764   0.917426326333       -0.350000000000         6.36350747825     
      765   0.917426326333       -0.300000000000         6.36350747825     
      766   0.917426326333       -0.250000000000         6.36350747825     
      767   0.917426326333       -0.200000000000         6.36350747825     
      768   0.917426326333       -0.150000000000         6.36350747825     
      769   0.917426326333       -0.100000000000         6.36350747825     
      770   0.917426326333       -0.500000000000E-001    6.36350747825     
      771   0.917426326333         0.00000000000         6.36350747825     
      772   0.917426326333        0.500000000000E-001    6.36350747825     
      773   0.917426326333        0.100000000000         6.36350747825     
      774   0.917426326333        0.150000000000         6.36350747825     
      775   0.917426326333        0.200000000000         6.36350747825     
      776   0.917426326333        0.250000000000         6.36350747825     
      777   0.917426326333        0.300000000000         6.36350747825     
      778   0.917426326333        0.350000000000         6.36350747825     
      779   0.917426326333        0.400000000000         6.36350747825     
      780   0.917426326333        0.450000000000         6.36350747825     

 
      781   0.958822431629       -0.400000000000         6.35740183051     
      782   0.958822431629       -0.300000000000         6.35740183051     
      783   0.958822431629       -0.200000000000         6.35740183051     
      784   0.958822431629       -0.100000000000         6.35740183051     
      785   0.958822431629         0.00000000000         6.35740183051     
      786   0.958822431629        0.100000000000         6.35740183051     
      787   0.958822431629        0.200000000000         6.35740183051     
      788   0.958822431629        0.300000000000         6.35740183051     
      789   0.958822431629        0.400000000000         6.35740183051     

