
 
 
 
 
       1   1   1   1   0   1      1     4    71    43     3    70    61    42
       2   1   1   1   0   1      4     6    99    71     5    98    89    70
       3   1   1   1   0   1      6     8   127    99     7   126   117    98
       4   1   1   1   0   1      8    10   155   127     9   154   145   126
       5   1   1   1   0   1     10     2    14   155    11    13   173   154
       6   1   1   1   0   1     43    71    73    45    61    72    62    44
       7   1   1   1   0   1     71    99   101    73    89   100    90    72
       8   1   1   1   0   1     99   127   129   101   117   128   118   100
       9   1   1   1   0   1    127   155   157   129   145   156   146   128
      10   1   1   1   0   1    155    14    16   157   173    15   174   156
      11   1   1   1   0   1     45    73    75    47    62    74    63    46
      12   1   1   1   0   1     73   101   103    75    90   102    91    74
      13   1   1   1   0   1    101   129   131   103   118   130   119   102
      14   1   1   1   0   1    129   157   159   131   146   158   147   130
      15   1   1   1   0   1    157    16    18   159   174    17   175   158
      16   1   1   1   0   1     47    75    77    49    63    76    64    48
      17   1   1   1   0   1     75   103   105    77    91   104    92    76
      18   1   1   1   0   1    103   131   133   105   119   132   120   104
      19   1   1   1   0   1    131   159   161   133   147   160   148   132
      20   1   1   1   0   1    159    18    20   161   175    19   176   160
 
 
 
      21   1   1   1   0   1     49    77    79    51    64    78    65    50
      22   1   1   1   0   1     77   105   107    79    92   106    93    78
      23   1   1   1   0   1    105   133   135   107   120   134   121   106
      24   1   1   1   0   1    133   161   163   135   148   162   149   134
      25   1   1   1   0   1    161    20    22   163   176    21   177   162
      26   1   1   1   0   1     51    79    81    53    65    80    66    52
      27   1   1   1   0   1     79   107   109    81    93   108    94    80
      28   1   1   1   0   1    107   135   137   109   121   136   122   108
      29   1   1   1   0   1    135   163   165   137   149   164   150   136
      30   1   1   1   0   1    163    22    24   165   177    23   178   164
      31   1   1   1   0   1     53    81    83    55    66    82    67    54
      32   1   1   1   0   1     81   109   111    83    94   110    95    82
      33   1   1   1   0   1    109   137   139   111   122   138   123   110
      34   1   1   1   0   1    137   165   167   139   150   166   151   138
      35   1   1   1   0   1    165    24    26   167   178    25   179   166
      36   1   1   1   0   1     55    83    85    57    67    84    68    56
      37   1   1   1   0   1     83   111   113    85    95   112    96    84
      38   1   1   1   0   1    111   139   141   113   123   140   124   112
      39   1   1   1   0   1    139   167   169   141   151   168   152   140
      40   1   1   1   0   1    167    26    28   169   179    27   180   168
 
 
 
      41   1   1   1   0   1     57    85    87    59    68    86    69    58
      42   1   1   1   0   1     85   113   115    87    96   114    97    86
      43   1   1   1   0   1    113   141   143   115   124   142   125   114
      44   1   1   1   0   1    141   169   171   143   152   170   153   142
      45   1   1   1   0   1    169    28    30   171   180    29   181   170
      46   1   1   1   0   1     59    87    34    32    69    88    33    60
      47   1   1   1   0   1     87   115    36    34    97   116    35    88
      48   1   1   1   0   1    115   143    38    36   125   144    37   116
      49   1   1   1   0   1    143   171    40    38   153   172    39   144
      50   1   1   1   0   1    171    30    12    40   181    31    41   172
      51   1   1   1   0   1      2   184   231    14   183   230   221    13
      52   1   1   1   0   1    184   186   259   231   185   258   249   230
      53   1   1   1   0   1    186   188   287   259   187   286   277   258
      54   1   1   1   0   1    188   190   315   287   189   314   305   286
      55   1   1   1   0   1    190   182   194   315   191   193   333   314
      56   1   1   1   0   1     14   231   233    16   221   232   222    15
      57   1   1   1   0   1    231   259   261   233   249   260   250   232
      58   1   1   1   0   1    259   287   289   261   277   288   278   260
      59   1   1   1   0   1    287   315   317   289   305   316   306   288
      60   1   1   1   0   1    315   194   196   317   333   195   334   316
 
 
 
      61   1   1   1   0   1     16   233   235    18   222   234   223    17
      62   1   1   1   0   1    233   261   263   235   250   262   251   234
      63   1   1   1   0   1    261   289   291   263   278   290   279   262
      64   1   1   1   0   1    289   317   319   291   306   318   307   290
      65   1   1   1   0   1    317   196   198   319   334   197   335   318
      66   1   1   1   0   1     18   235   237    20   223   236   224    19
      67   1   1   1   0   1    235   263   265   237   251   264   252   236
      68   1   1   1   0   1    263   291   293   265   279   292   280   264
      69   1   1   1   0   1    291   319   321   293   307   320   308   292
      70   1   1   1   0   1    319   198   200   321   335   199   336   320
      71   1   1   1   0   1     20   237   239    22   224   238   225    21
      72   1   1   1   0   1    237   265   267   239   252   266   253   238
      73   1   1   1   0   1    265   293   295   267   280   294   281   266
      74   1   1   1   0   1    293   321   323   295   308   322   309   294
      75   1   1   1   0   1    321   200   202   323   336   201   337   322
      76   1   1   1   0   1     22   239   241    24   225   240   226    23
      77   1   1   1   0   1    239   267   269   241   253   268   254   240
      78   1   1   1   0   1    267   295   297   269   281   296   282   268
      79   1   1   1   0   1    295   323   325   297   309   324   310   296
      80   1   1   1   0   1    323   202   204   325   337   203   338   324
 
 
 
      81   1   1   1   0   1     24   241   243    26   226   242   227    25
      82   1   1   1   0   1    241   269   271   243   254   270   255   242
      83   1   1   1   0   1    269   297   299   271   282   298   283   270
      84   1   1   1   0   1    297   325   327   299   310   326   311   298
      85   1   1   1   0   1    325   204   206   327   338   205   339   326
      86   1   1   1   0   1     26   243   245    28   227   244   228    27
      87   1   1   1   0   1    243   271   273   245   255   272   256   244
      88   1   1   1   0   1    271   299   301   273   283   300   284   272
      89   1   1   1   0   1    299   327   329   301   311   328   312   300
      90   1   1   1   0   1    327   206   208   329   339   207   340   328
      91   1   1   1   0   1     28   245   247    30   228   246   229    29
      92   1   1   1   0   1    245   273   275   247   256   274   257   246
      93   1   1   1   0   1    273   301   303   275   284   302   285   274
      94   1   1   1   0   1    301   329   331   303   312   330   313   302
      95   1   1   1   0   1    329   208   210   331   340   209   341   330
      96   1   1   1   0   1     30   247   213    12   229   248   212    31
      97   1   1   1   0   1    247   275   215   213   257   276   214   248
      98   1   1   1   0   1    275   303   217   215   285   304   216   276
      99   1   1   1   0   1    303   331   219   217   313   332   218   304
     100   1   1   1   0   1    331   210   192   219   341   211   220   332
 
 
 
     101   1   1   1   0   1    182   344   391   194   343   390   381   193
     102   1   1   1   0   1    344   346   419   391   345   418   409   390
     103   1   1   1   0   1    346   348   447   419   347   446   437   418
     104   1   1   1   0   1    348   350   475   447   349   474   465   446
     105   1   1   1   0   1    350   342   354   475   351   353   493   474
     106   1   1   1   0   1    194   391   393   196   381   392   382   195
     107   1   1   1   0   1    391   419   421   393   409   420   410   392
     108   1   1   1   0   1    419   447   449   421   437   448   438   420
     109   1   1   1   0   1    447   475   477   449   465   476   466   448
     110   1   1   1   0   1    475   354   356   477   493   355   494   476
     111   1   1   1   0   1    196   393   395   198   382   394   383   197
     112   1   1   1   0   1    393   421   423   395   410   422   411   394
     113   1   1   1   0   1    421   449   451   423   438   450   439   422
     114   1   1   1   0   1    449   477   479   451   466   478   467   450
     115   1   1   1   0   1    477   356   358   479   494   357   495   478
     116   1   1   1   0   1    198   395   397   200   383   396   384   199
     117   1   1   1   0   1    395   423   425   397   411   424   412   396
     118   1   1   1   0   1    423   451   453   425   439   452   440   424
     119   1   1   1   0   1    451   479   481   453   467   480   468   452
     120   1   1   1   0   1    479   358   360   481   495   359   496   480
 
 
 
     121   1   1   1   0   1    200   397   399   202   384   398   385   201
     122   1   1   1   0   1    397   425   427   399   412   426   413   398
     123   1   1   1   0   1    425   453   455   427   440   454   441   426
     124   1   1   1   0   1    453   481   483   455   468   482   469   454
     125   1   1   1   0   1    481   360   362   483   496   361   497   482
     126   1   1   1   0   1    202   399   401   204   385   400   386   203
     127   1   1   1   0   1    399   427   429   401   413   428   414   400
     128   1   1   1   0   1    427   455   457   429   441   456   442   428
     129   1   1   1   0   1    455   483   485   457   469   484   470   456
     130   1   1   1   0   1    483   362   364   485   497   363   498   484
     131   1   1   1   0   1    204   401   403   206   386   402   387   205
     132   1   1   1   0   1    401   429   431   403   414   430   415   402
     133   1   1   1   0   1    429   457   459   431   442   458   443   430
     134   1   1   1   0   1    457   485   487   459   470   486   471   458
     135   1   1   1   0   1    485   364   366   487   498   365   499   486
     136   1   1   1   0   1    206   403   405   208   387   404   388   207
     137   1   1   1   0   1    403   431   433   405   415   432   416   404
     138   1   1   1   0   1    431   459   461   433   443   460   444   432
     139   1   1   1   0   1    459   487   489   461   471   488   472   460
     140   1   1   1   0   1    487   366   368   489   499   367   500   488
 
 
 
     141   1   1   1   0   1    208   405   407   210   388   406   389   209
     142   1   1   1   0   1    405   433   435   407   416   434   417   406
     143   1   1   1   0   1    433   461   463   435   444   462   445   434
     144   1   1   1   0   1    461   489   491   463   472   490   473   462
     145   1   1   1   0   1    489   368   370   491   500   369   501   490
     146   1   1   1   0   1    210   407   373   192   389   408   372   211
     147   1   1   1   0   1    407   435   375   373   417   436   374   408
     148   1   1   1   0   1    435   463   377   375   445   464   376   436
     149   1   1   1   0   1    463   491   379   377   473   492   378   464
     150   1   1   1   0   1    491   370   352   379   501   371   380   492
     151   1   1   1   0   1    342   504   551   354   503   550   541   353
     152   1   1   1   0   1    504   506   579   551   505   578   569   550
     153   1   1   1   0   1    506   508   607   579   507   606   597   578
     154   1   1   1   0   1    508   510   635   607   509   634   625   606
     155   1   1   1   0   1    510   502   514   635   511   513   653   634
     156   1   1   1   0   1    354   551   553   356   541   552   542   355
     157   1   1   1   0   1    551   579   581   553   569   580   570   552
     158   1   1   1   0   1    579   607   609   581   597   608   598   580
     159   1   1   1   0   1    607   635   637   609   625   636   626   608
     160   1   1   1   0   1    635   514   516   637   653   515   654   636
 
 
 
     161   1   1   1   0   1    356   553   555   358   542   554   543   357
     162   1   1   1   0   1    553   581   583   555   570   582   571   554
     163   1   1   1   0   1    581   609   611   583   598   610   599   582
     164   1   1   1   0   1    609   637   639   611   626   638   627   610
     165   1   1   1   0   1    637   516   518   639   654   517   655   638
     166   1   1   1   0   1    358   555   557   360   543   556   544   359
     167   1   1   1   0   1    555   583   585   557   571   584   572   556
     168   1   1   1   0   1    583   611   613   585   599   612   600   584
     169   1   1   1   0   1    611   639   641   613   627   640   628   612
     170   1   1   1   0   1    639   518   520   641   655   519   656   640
     171   1   1   1   0   1    360   557   559   362   544   558   545   361
     172   1   1   1   0   1    557   585   587   559   572   586   573   558
     173   1   1   1   0   1    585   613   615   587   600   614   601   586
     174   1   1   1   0   1    613   641   643   615   628   642   629   614
     175   1   1   1   0   1    641   520   522   643   656   521   657   642
     176   1   1   1   0   1    362   559   561   364   545   560   546   363
     177   1   1   1   0   1    559   587   589   561   573   588   574   560
     178   1   1   1   0   1    587   615   617   589   601   616   602   588
     179   1   1   1   0   1    615   643   645   617   629   644   630   616
     180   1   1   1   0   1    643   522   524   645   657   523   658   644
 
 
 
     181   1   1   1   0   1    364   561   563   366   546   562   547   365
     182   1   1   1   0   1    561   589   591   563   574   590   575   562
     183   1   1   1   0   1    589   617   619   591   602   618   603   590
     184   1   1   1   0   1    617   645   647   619   630   646   631   618
     185   1   1   1   0   1    645   524   526   647   658   525   659   646
     186   1   1   1   0   1    366   563   565   368   547   564   548   367
     187   1   1   1   0   1    563   591   593   565   575   592   576   564
     188   1   1   1   0   1    591   619   621   593   603   620   604   592
     189   1   1   1   0   1    619   647   649   621   631   648   632   620
     190   1   1   1   0   1    647   526   528   649   659   527   660   648
     191   1   1   1   0   1    368   565   567   370   548   566   549   369
     192   1   1   1   0   1    565   593   595   567   576   594   577   566
     193   1   1   1   0   1    593   621   623   595   604   622   605   594
     194   1   1   1   0   1    621   649   651   623   632   650   633   622
     195   1   1   1   0   1    649   528   530   651   660   529   661   650
     196   1   1   1   0   1    370   567   533   352   549   568   532   371
     197   1   1   1   0   1    567   595   535   533   577   596   534   568
     198   1   1   1   0   1    595   623   537   535   605   624   536   596
     199   1   1   1   0   1    623   651   539   537   633   652   538   624
     200   1   1   1   0   1    651   530   512   539   661   531   540   652

