
 

 
        1  -0.999389479530       -0.500000000000         17.4222596548     
        2  -0.499899890271       -0.500000000000         17.4437384442     
        3  -0.949470672289       -0.500000000000         17.4250513988     
        4  -0.899544071593       -0.500000000000         17.4277001143     
        5  -0.849610087245       -0.500000000000         17.4302057793     
        6  -0.799669129113       -0.500000000000         17.4325683734     
        7  -0.749721607120       -0.500000000000         17.4347878772     
        8  -0.699767931246       -0.500000000000         17.4368642724     
        9  -0.649808511522       -0.500000000000         17.4387975419     
       10  -0.599843758028       -0.500000000000         17.4405876701     
       11  -0.549874080889       -0.500000000000         17.4422346420     
       12  -0.499899890271        0.500000000000         17.4437384442     
       13  -0.499899890271       -0.450000000000         17.4437384442     
       14  -0.499899890271       -0.400000000000         17.4437384442     
       15  -0.499899890271       -0.350000000000         17.4437384442     
       16  -0.499899890271       -0.300000000000         17.4437384442     
       17  -0.499899890271       -0.250000000000         17.4437384442     
       18  -0.499899890271       -0.200000000000         17.4437384442     
       19  -0.499899890271       -0.150000000000         17.4437384442     
       20  -0.499899890271       -0.100000000000         17.4437384442     

 
       21  -0.499899890271       -0.500000000000E-001    17.4437384442     
       22  -0.499899890271         0.00000000000         17.4437384442     
       23  -0.499899890271        0.500000000000E-001    17.4437384442     
       24  -0.499899890271        0.100000000000         17.4437384442     
       25  -0.499899890271        0.150000000000         17.4437384442     
       26  -0.499899890271        0.200000000000         17.4437384442     
       27  -0.499899890271        0.250000000000         17.4437384442     
       28  -0.499899890271        0.300000000000         17.4437384442     
       29  -0.499899890271        0.350000000000         17.4437384442     
       30  -0.499899890271        0.400000000000         17.4437384442     
       31  -0.499899890271        0.450000000000         17.4437384442     
       32  -0.999389479530        0.500000000000         17.4222596548     
       33  -0.949470672289        0.500000000000         17.4250513988     
       34  -0.899544071593        0.500000000000         17.4277001143     
       35  -0.849610087245        0.500000000000         17.4302057793     
       36  -0.799669129113        0.500000000000         17.4325683734     
       37  -0.749721607120        0.500000000000         17.4347878772     
       38  -0.699767931246        0.500000000000         17.4368642724     
       39  -0.649808511522        0.500000000000         17.4387975419     
       40  -0.599843758028        0.500000000000         17.4405876701     

 
       41  -0.549874080889        0.500000000000         17.4422346420     
       42  -0.999389479530       -0.450000000000         17.4222596548     
       43  -0.999389479530       -0.400000000000         17.4222596548     
       44  -0.999389479530       -0.350000000000         17.4222596548     
       45  -0.999389479530       -0.300000000000         17.4222596548     
       46  -0.999389479530       -0.250000000000         17.4222596548     
       47  -0.999389479530       -0.200000000000         17.4222596548     
       48  -0.999389479530       -0.150000000000         17.4222596548     
       49  -0.999389479530       -0.100000000000         17.4222596548     
       50  -0.999389479530       -0.500000000000E-001    17.4222596548     
       51  -0.999389479530         0.00000000000         17.4222596548     
       52  -0.999389479530        0.500000000000E-001    17.4222596548     
       53  -0.999389479530        0.100000000000         17.4222596548     
       54  -0.999389479530        0.150000000000         17.4222596548     
       55  -0.999389479530        0.200000000000         17.4222596548     
       56  -0.999389479530        0.250000000000         17.4222596548     
       57  -0.999389479530        0.300000000000         17.4222596548     
       58  -0.999389479530        0.350000000000         17.4222596548     
       59  -0.999389479530        0.400000000000         17.4222596548     
       60  -0.999389479530        0.450000000000         17.4222596548     

 
       61  -0.949470672864       -0.400000000000         17.4250513988     
       62  -0.949470672864       -0.300000000000         17.4250513988     
       63  -0.949470672864       -0.200000000000         17.4250513988     
       64  -0.949470672864       -0.100000000000         17.4250513988     
       65  -0.949470672864         0.00000000000         17.4250513988     
       66  -0.949470672864        0.100000000000         17.4250513988     
       67  -0.949470672864        0.200000000000         17.4250513988     
       68  -0.949470672864        0.300000000000         17.4250513988     
       69  -0.949470672864        0.400000000000         17.4250513988     
       70  -0.899544072930       -0.450000000000         17.4277001142     
       71  -0.899544072930       -0.400000000000         17.4277001142     
       72  -0.899544072930       -0.350000000000         17.4277001142     
       73  -0.899544072930       -0.300000000000         17.4277001142     
       74  -0.899544072930       -0.250000000000         17.4277001142     
       75  -0.899544072930       -0.200000000000         17.4277001142     
       76  -0.899544072930       -0.150000000000         17.4277001142     
       77  -0.899544072930       -0.100000000000         17.4277001142     
       78  -0.899544072930       -0.500000000000E-001    17.4277001142     
       79  -0.899544072930         0.00000000000         17.4277001142     
       80  -0.899544072930        0.500000000000E-001    17.4277001142     

 
       81  -0.899544072930        0.100000000000         17.4277001142     
       82  -0.899544072930        0.150000000000         17.4277001142     
       83  -0.899544072930        0.200000000000         17.4277001142     
       84  -0.899544072930        0.250000000000         17.4277001142     
       85  -0.899544072930        0.300000000000         17.4277001142     
       86  -0.899544072930        0.350000000000         17.4277001142     
       87  -0.899544072930        0.400000000000         17.4277001142     
       88  -0.899544072930        0.450000000000         17.4277001142     
       89  -0.849610089416       -0.400000000000         17.4302057792     
       90  -0.849610089416       -0.300000000000         17.4302057792     
       91  -0.849610089416       -0.200000000000         17.4302057792     
       92  -0.849610089416       -0.100000000000         17.4302057792     
       93  -0.849610089416         0.00000000000         17.4302057792     
       94  -0.849610089416        0.100000000000         17.4302057792     
       95  -0.849610089416        0.200000000000         17.4302057792     
       96  -0.849610089416        0.300000000000         17.4302057792     
       97  -0.849610089416        0.400000000000         17.4302057792     
       98  -0.799669132068       -0.450000000000         17.4325683733     
       99  -0.799669132068       -0.400000000000         17.4325683733     
      100  -0.799669132068       -0.350000000000         17.4325683733     

 
      101  -0.799669132068       -0.300000000000         17.4325683733     
      102  -0.799669132068       -0.250000000000         17.4325683733     
      103  -0.799669132068       -0.200000000000         17.4325683733     
      104  -0.799669132068       -0.150000000000         17.4325683733     
      105  -0.799669132068       -0.100000000000         17.4325683733     
      106  -0.799669132068       -0.500000000000E-001    17.4325683733     
      107  -0.799669132068         0.00000000000         17.4325683733     
      108  -0.799669132068        0.500000000000E-001    17.4325683733     
      109  -0.799669132068        0.100000000000         17.4325683733     
      110  -0.799669132068        0.150000000000         17.4325683733     
      111  -0.799669132068        0.200000000000         17.4325683733     
      112  -0.799669132068        0.250000000000         17.4325683733     
      113  -0.799669132068        0.300000000000         17.4325683733     
      114  -0.799669132068        0.350000000000         17.4325683733     
      115  -0.799669132068        0.400000000000         17.4325683733     
      116  -0.799669132068        0.450000000000         17.4325683733     
      117  -0.749721610692       -0.400000000000         17.4347878770     
      118  -0.749721610692       -0.300000000000         17.4347878770     
      119  -0.749721610692       -0.200000000000         17.4347878770     
      120  -0.749721610692       -0.100000000000         17.4347878770     

 
      121  -0.749721610692         0.00000000000         17.4347878770     
      122  -0.749721610692        0.100000000000         17.4347878770     
      123  -0.749721610692        0.200000000000         17.4347878770     
      124  -0.749721610692        0.300000000000         17.4347878770     
      125  -0.749721610692        0.400000000000         17.4347878770     
      126  -0.699767935149       -0.450000000000         17.4368642722     
      127  -0.699767935149       -0.400000000000         17.4368642722     
      128  -0.699767935149       -0.350000000000         17.4368642722     
      129  -0.699767935149       -0.300000000000         17.4368642722     
      130  -0.699767935149       -0.250000000000         17.4368642722     
      131  -0.699767935149       -0.200000000000         17.4368642722     
      132  -0.699767935149       -0.150000000000         17.4368642722     
      133  -0.699767935149       -0.100000000000         17.4368642722     
      134  -0.699767935149       -0.500000000000E-001    17.4368642722     
      135  -0.699767935149         0.00000000000         17.4368642722     
      136  -0.699767935149        0.500000000000E-001    17.4368642722     
      137  -0.699767935149        0.100000000000         17.4368642722     
      138  -0.699767935149        0.150000000000         17.4368642722     
      139  -0.699767935149        0.200000000000         17.4368642722     
      140  -0.699767935149        0.250000000000         17.4368642722     

 
      141  -0.699767935149        0.300000000000         17.4368642722     
      142  -0.699767935149        0.350000000000         17.4368642722     
      143  -0.699767935149        0.400000000000         17.4368642722     
      144  -0.699767935149        0.450000000000         17.4368642722     
      145  -0.649808515352       -0.400000000000         17.4387975418     
      146  -0.649808515352       -0.300000000000         17.4387975418     
      147  -0.649808515352       -0.200000000000         17.4387975418     
      148  -0.649808515352       -0.100000000000         17.4387975418     
      149  -0.649808515352         0.00000000000         17.4387975418     
      150  -0.649808515352        0.100000000000         17.4387975418     
      151  -0.649808515352        0.200000000000         17.4387975418     
      152  -0.649808515352        0.300000000000         17.4387975418     
      153  -0.649808515352        0.400000000000         17.4387975418     
      154  -0.599843761262       -0.450000000000         17.4405876699     
      155  -0.599843761262       -0.400000000000         17.4405876699     
      156  -0.599843761262       -0.350000000000         17.4405876699     
      157  -0.599843761262       -0.300000000000         17.4405876699     
      158  -0.599843761262       -0.250000000000         17.4405876699     
      159  -0.599843761262       -0.200000000000         17.4405876699     
      160  -0.599843761262       -0.150000000000         17.4405876699     

 
      161  -0.599843761262       -0.100000000000         17.4405876699     
      162  -0.599843761262       -0.500000000000E-001    17.4405876699     
      163  -0.599843761262         0.00000000000         17.4405876699     
      164  -0.599843761262        0.500000000000E-001    17.4405876699     
      165  -0.599843761262        0.100000000000         17.4405876699     
      166  -0.599843761262        0.150000000000         17.4405876699     
      167  -0.599843761262        0.200000000000         17.4405876699     
      168  -0.599843761262        0.250000000000         17.4405876699     
      169  -0.599843761262        0.300000000000         17.4405876699     
      170  -0.599843761262        0.350000000000         17.4405876699     
      171  -0.599843761262        0.400000000000         17.4405876699     
      172  -0.599843761262        0.450000000000         17.4405876699     
      173  -0.549874082886       -0.400000000000         17.4422346419     
      174  -0.549874082886       -0.300000000000         17.4422346419     
      175  -0.549874082886       -0.200000000000         17.4422346419     
      176  -0.549874082886       -0.100000000000         17.4422346419     
      177  -0.549874082886         0.00000000000         17.4422346419     
      178  -0.549874082886        0.100000000000         17.4422346419     
      179  -0.549874082886        0.200000000000         17.4422346419     
      180  -0.549874082886        0.300000000000         17.4422346419     

 
      181  -0.549874082886        0.400000000000         17.4422346419     
      182    0.00000000000       -0.500000000000         17.4509000000     
      183  -0.449921596342       -0.500000000000         17.4450990644     
      184  -0.399939609367       -0.500000000000         17.4463164914     
      185  -0.349954339604       -0.500000000000         17.4473907152     
      186  -0.299966197339       -0.500000000000         17.4483217270     
      187  -0.249975592885       -0.500000000000         17.4491095192     
      188  -0.199982936575       -0.500000000000         17.4497540852     
      189  -0.149988638760       -0.500000000000         17.4502554199     
      190  -0.999931098058E-001  -0.500000000000         17.4506135190     
      191  -0.499967600907E-001  -0.500000000000         17.4508283796     
      192    0.00000000000        0.500000000000         17.4509000000     
      193    0.00000000000       -0.450000000000         17.4509000000     
      194    0.00000000000       -0.400000000000         17.4509000000     
      195    0.00000000000       -0.350000000000         17.4509000000     
      196    0.00000000000       -0.300000000000         17.4509000000     
      197    0.00000000000       -0.250000000000         17.4509000000     
      198    0.00000000000       -0.200000000000         17.4509000000     
      199    0.00000000000       -0.150000000000         17.4509000000     
      200    0.00000000000       -0.100000000000         17.4509000000     

 
      201    0.00000000000       -0.500000000000E-001    17.4509000000     
      202    0.00000000000         0.00000000000         17.4509000000     
      203    0.00000000000        0.500000000000E-001    17.4509000000     
      204    0.00000000000        0.100000000000         17.4509000000     
      205    0.00000000000        0.150000000000         17.4509000000     
      206    0.00000000000        0.200000000000         17.4509000000     
      207    0.00000000000        0.250000000000         17.4509000000     
      208    0.00000000000        0.300000000000         17.4509000000     
      209    0.00000000000        0.350000000000         17.4509000000     
      210    0.00000000000        0.400000000000         17.4509000000     
      211    0.00000000000        0.450000000000         17.4509000000     
      212  -0.449921596342        0.500000000000         17.4450990644     
      213  -0.399939609367        0.500000000000         17.4463164914     
      214  -0.349954339604        0.500000000000         17.4473907152     
      215  -0.299966197339        0.500000000000         17.4483217270     
      216  -0.249975592885        0.500000000000         17.4491095192     
      217  -0.199982936575        0.500000000000         17.4497540852     
      218  -0.149988638760        0.500000000000         17.4502554199     
      219  -0.999931098058E-001   0.500000000000         17.4506135190     
      220  -0.499967600907E-001   0.500000000000         17.4508283796     

 
      221  -0.449921598592       -0.400000000000         17.4450990643     
      222  -0.449921598592       -0.300000000000         17.4450990643     
      223  -0.449921598592       -0.200000000000         17.4450990643     
      224  -0.449921598592       -0.100000000000         17.4450990643     
      225  -0.449921598592         0.00000000000         17.4450990643     
      226  -0.449921598592        0.100000000000         17.4450990643     
      227  -0.449921598592        0.200000000000         17.4450990643     
      228  -0.449921598592        0.300000000000         17.4450990643     
      229  -0.449921598592        0.400000000000         17.4450990643     
      230  -0.399939612751       -0.450000000000         17.4463164913     
      231  -0.399939612751       -0.400000000000         17.4463164913     
      232  -0.399939612751       -0.350000000000         17.4463164913     
      233  -0.399939612751       -0.300000000000         17.4463164913     
      234  -0.399939612751       -0.250000000000         17.4463164913     
      235  -0.399939612751       -0.200000000000         17.4463164913     
      236  -0.399939612751       -0.150000000000         17.4463164913     
      237  -0.399939612751       -0.100000000000         17.4463164913     
      238  -0.399939612751       -0.500000000000E-001    17.4463164913     
      239  -0.399939612751         0.00000000000         17.4463164913     
      240  -0.399939612751        0.500000000000E-001    17.4463164913     

 
      241  -0.399939612751        0.100000000000         17.4463164913     
      242  -0.399939612751        0.150000000000         17.4463164913     
      243  -0.399939612751        0.200000000000         17.4463164913     
      244  -0.399939612751        0.250000000000         17.4463164913     
      245  -0.399939612751        0.300000000000         17.4463164913     
      246  -0.399939612751        0.350000000000         17.4463164913     
      247  -0.399939612751        0.400000000000         17.4463164913     
      248  -0.399939612751        0.450000000000         17.4463164913     
      249  -0.349954343238       -0.400000000000         17.4473907152     
      250  -0.349954343238       -0.300000000000         17.4473907152     
      251  -0.349954343238       -0.200000000000         17.4473907152     
      252  -0.349954343238       -0.100000000000         17.4473907152     
      253  -0.349954343238         0.00000000000         17.4473907152     
      254  -0.349954343238        0.100000000000         17.4473907152     
      255  -0.349954343238        0.200000000000         17.4473907152     
      256  -0.349954343238        0.300000000000         17.4473907152     
      257  -0.349954343238        0.400000000000         17.4473907152     
      258  -0.299966200570       -0.450000000000         17.4483217270     
      259  -0.299966200570       -0.400000000000         17.4483217270     
      260  -0.299966200570       -0.350000000000         17.4483217270     

 
      261  -0.299966200570       -0.300000000000         17.4483217270     
      262  -0.299966200570       -0.250000000000         17.4483217270     
      263  -0.299966200570       -0.200000000000         17.4483217270     
      264  -0.299966200570       -0.150000000000         17.4483217270     
      265  -0.299966200570       -0.100000000000         17.4483217270     
      266  -0.299966200570       -0.500000000000E-001    17.4483217270     
      267  -0.299966200570         0.00000000000         17.4483217270     
      268  -0.299966200570        0.500000000000E-001    17.4483217270     
      269  -0.299966200570        0.100000000000         17.4483217270     
      270  -0.299966200570        0.150000000000         17.4483217270     
      271  -0.299966200570        0.200000000000         17.4483217270     
      272  -0.299966200570        0.250000000000         17.4483217270     
      273  -0.299966200570        0.300000000000         17.4483217270     
      274  -0.299966200570        0.350000000000         17.4483217270     
      275  -0.299966200570        0.400000000000         17.4483217270     
      276  -0.299966200570        0.450000000000         17.4483217270     
      277  -0.249975595289       -0.400000000000         17.4491095192     
      278  -0.249975595289       -0.300000000000         17.4491095192     
      279  -0.249975595289       -0.200000000000         17.4491095192     
      280  -0.249975595289       -0.100000000000         17.4491095192     

 
      281  -0.249975595289         0.00000000000         17.4491095192     
      282  -0.249975595289        0.100000000000         17.4491095192     
      283  -0.249975595289        0.200000000000         17.4491095192     
      284  -0.249975595289        0.300000000000         17.4491095192     
      285  -0.249975595289        0.400000000000         17.4491095192     
      286  -0.199982937959       -0.450000000000         17.4497540852     
      287  -0.199982937959       -0.400000000000         17.4497540852     
      288  -0.199982937959       -0.350000000000         17.4497540852     
      289  -0.199982937959       -0.300000000000         17.4497540852     
      290  -0.199982937959       -0.250000000000         17.4497540852     
      291  -0.199982937959       -0.200000000000         17.4497540852     
      292  -0.199982937959       -0.150000000000         17.4497540852     
      293  -0.199982937959       -0.100000000000         17.4497540852     
      294  -0.199982937959       -0.500000000000E-001    17.4497540852     
      295  -0.199982937959         0.00000000000         17.4497540852     
      296  -0.199982937959        0.500000000000E-001    17.4497540852     
      297  -0.199982937959        0.100000000000         17.4497540852     
      298  -0.199982937959        0.150000000000         17.4497540852     
      299  -0.199982937959        0.200000000000         17.4497540852     
      300  -0.199982937959        0.250000000000         17.4497540852     

 
      301  -0.199982937959        0.300000000000         17.4497540852     
      302  -0.199982937959        0.350000000000         17.4497540852     
      303  -0.199982937959        0.400000000000         17.4497540852     
      304  -0.199982937959        0.450000000000         17.4497540852     
      305  -0.149988639163       -0.400000000000         17.4502554198     
      306  -0.149988639163       -0.300000000000         17.4502554198     
      307  -0.149988639163       -0.200000000000         17.4502554198     
      308  -0.149988639163       -0.100000000000         17.4502554198     
      309  -0.149988639163         0.00000000000         17.4502554198     
      310  -0.149988639163        0.100000000000         17.4502554198     
      311  -0.149988639163        0.200000000000         17.4502554198     
      312  -0.149988639163        0.300000000000         17.4502554198     
      313  -0.149988639163        0.400000000000         17.4502554198     
      314  -0.999931094981E-001  -0.450000000000         17.4506135190     
      315  -0.999931094981E-001  -0.400000000000         17.4506135190     
      316  -0.999931094981E-001  -0.350000000000         17.4506135190     
      317  -0.999931094981E-001  -0.300000000000         17.4506135190     
      318  -0.999931094981E-001  -0.250000000000         17.4506135190     
      319  -0.999931094981E-001  -0.200000000000         17.4506135190     
      320  -0.999931094981E-001  -0.150000000000         17.4506135190     

 
      321  -0.999931094981E-001  -0.100000000000         17.4506135190     
      322  -0.999931094981E-001  -0.500000000000E-001    17.4506135190     
      323  -0.999931094981E-001    0.00000000000         17.4506135190     
      324  -0.999931094981E-001   0.500000000000E-001    17.4506135190     
      325  -0.999931094981E-001   0.100000000000         17.4506135190     
      326  -0.999931094981E-001   0.150000000000         17.4506135190     
      327  -0.999931094981E-001   0.200000000000         17.4506135190     
      328  -0.999931094981E-001   0.250000000000         17.4506135190     
      329  -0.999931094981E-001   0.300000000000         17.4506135190     
      330  -0.999931094981E-001   0.350000000000         17.4506135190     
      331  -0.999931094981E-001   0.400000000000         17.4506135190     
      332  -0.999931094981E-001   0.450000000000         17.4506135190     
      333  -0.499967595715E-001  -0.400000000000         17.4508283796     
      334  -0.499967595715E-001  -0.300000000000         17.4508283796     
      335  -0.499967595715E-001  -0.200000000000         17.4508283796     
      336  -0.499967595715E-001  -0.100000000000         17.4508283796     
      337  -0.499967595715E-001    0.00000000000         17.4508283796     
      338  -0.499967595715E-001   0.100000000000         17.4508283796     
      339  -0.499967595715E-001   0.200000000000         17.4508283796     
      340  -0.499967595715E-001   0.300000000000         17.4508283796     

 
      341  -0.499967595715E-001   0.400000000000         17.4508283796     
      342   0.499899890271       -0.500000000000         17.4437384442     
      343   0.499967601134E-001  -0.500000000000         17.4508283796     
      344   0.999931098344E-001  -0.500000000000         17.4506135190     
      345   0.149988638786       -0.500000000000         17.4502554199     
      346   0.199982936597       -0.500000000000         17.4497540852     
      347   0.249975592906       -0.500000000000         17.4491095192     
      348   0.299966197362       -0.500000000000         17.4483217270     
      349   0.349954339631       -0.500000000000         17.4473907152     
      350   0.399939609396       -0.500000000000         17.4463164914     
      351   0.449921596365       -0.500000000000         17.4450990644     
      352   0.499899890271        0.500000000000         17.4437384442     
      353   0.499899890271       -0.450000000000         17.4437384442     
      354   0.499899890271       -0.400000000000         17.4437384442     
      355   0.499899890271       -0.350000000000         17.4437384442     
      356   0.499899890271       -0.300000000000         17.4437384442     
      357   0.499899890271       -0.250000000000         17.4437384442     
      358   0.499899890271       -0.200000000000         17.4437384442     
      359   0.499899890271       -0.150000000000         17.4437384442     
      360   0.499899890271       -0.100000000000         17.4437384442     

 
      361   0.499899890271       -0.500000000000E-001    17.4437384442     
      362   0.499899890271         0.00000000000         17.4437384442     
      363   0.499899890271        0.500000000000E-001    17.4437384442     
      364   0.499899890271        0.100000000000         17.4437384442     
      365   0.499899890271        0.150000000000         17.4437384442     
      366   0.499899890271        0.200000000000         17.4437384442     
      367   0.499899890271        0.250000000000         17.4437384442     
      368   0.499899890271        0.300000000000         17.4437384442     
      369   0.499899890271        0.350000000000         17.4437384442     
      370   0.499899890271        0.400000000000         17.4437384442     
      371   0.499899890271        0.450000000000         17.4437384442     
      372   0.499967601134E-001   0.500000000000         17.4508283796     
      373   0.999931098344E-001   0.500000000000         17.4506135190     
      374   0.149988638786        0.500000000000         17.4502554199     
      375   0.199982936597        0.500000000000         17.4497540852     
      376   0.249975592906        0.500000000000         17.4491095192     
      377   0.299966197362        0.500000000000         17.4483217270     
      378   0.349954339631        0.500000000000         17.4473907152     
      379   0.399939609396        0.500000000000         17.4463164914     
      380   0.449921596365        0.500000000000         17.4450990644     

 
      381   0.499967601453E-001  -0.400000000000         17.4508283796     
      382   0.499967601453E-001  -0.300000000000         17.4508283796     
      383   0.499967601453E-001  -0.200000000000         17.4508283796     
      384   0.499967601453E-001  -0.100000000000         17.4508283796     
      385   0.499967601453E-001    0.00000000000         17.4508283796     
      386   0.499967601453E-001   0.100000000000         17.4508283796     
      387   0.499967601453E-001   0.200000000000         17.4508283796     
      388   0.499967601453E-001   0.300000000000         17.4508283796     
      389   0.499967601453E-001   0.400000000000         17.4508283796     
      390   0.999931098532E-001  -0.450000000000         17.4506135190     
      391   0.999931098532E-001  -0.400000000000         17.4506135190     
      392   0.999931098532E-001  -0.350000000000         17.4506135190     
      393   0.999931098532E-001  -0.300000000000         17.4506135190     
      394   0.999931098532E-001  -0.250000000000         17.4506135190     
      395   0.999931098532E-001  -0.200000000000         17.4506135190     
      396   0.999931098532E-001  -0.150000000000         17.4506135190     
      397   0.999931098532E-001  -0.100000000000         17.4506135190     
      398   0.999931098532E-001  -0.500000000000E-001    17.4506135190     
      399   0.999931098532E-001    0.00000000000         17.4506135190     
      400   0.999931098532E-001   0.500000000000E-001    17.4506135190     

 
      401   0.999931098532E-001   0.100000000000         17.4506135190     
      402   0.999931098532E-001   0.150000000000         17.4506135190     
      403   0.999931098532E-001   0.200000000000         17.4506135190     
      404   0.999931098532E-001   0.250000000000         17.4506135190     
      405   0.999931098532E-001   0.300000000000         17.4506135190     
      406   0.999931098532E-001   0.350000000000         17.4506135190     
      407   0.999931098532E-001   0.400000000000         17.4506135190     
      408   0.999931098532E-001   0.450000000000         17.4506135190     
      409   0.149988638761       -0.400000000000         17.4502554199     
      410   0.149988638761       -0.300000000000         17.4502554199     
      411   0.149988638761       -0.200000000000         17.4502554199     
      412   0.149988638761       -0.100000000000         17.4502554199     
      413   0.149988638761         0.00000000000         17.4502554199     
      414   0.149988638761        0.100000000000         17.4502554199     
      415   0.149988638761        0.200000000000         17.4502554199     
      416   0.149988638761        0.300000000000         17.4502554199     
      417   0.149988638761        0.400000000000         17.4502554199     
      418   0.199982936513       -0.450000000000         17.4497540852     
      419   0.199982936513       -0.400000000000         17.4497540852     
      420   0.199982936513       -0.350000000000         17.4497540852     

 
      421   0.199982936513       -0.300000000000         17.4497540852     
      422   0.199982936513       -0.250000000000         17.4497540852     
      423   0.199982936513       -0.200000000000         17.4497540852     
      424   0.199982936513       -0.150000000000         17.4497540852     
      425   0.199982936513       -0.100000000000         17.4497540852     
      426   0.199982936513       -0.500000000000E-001    17.4497540852     
      427   0.199982936513         0.00000000000         17.4497540852     
      428   0.199982936513        0.500000000000E-001    17.4497540852     
      429   0.199982936513        0.100000000000         17.4497540852     
      430   0.199982936513        0.150000000000         17.4497540852     
      431   0.199982936513        0.200000000000         17.4497540852     
      432   0.199982936513        0.250000000000         17.4497540852     
      433   0.199982936513        0.300000000000         17.4497540852     
      434   0.199982936513        0.350000000000         17.4497540852     
      435   0.199982936513        0.400000000000         17.4497540852     
      436   0.199982936513        0.450000000000         17.4497540852     
      437   0.249975592759       -0.400000000000         17.4491095192     
      438   0.249975592759       -0.300000000000         17.4491095192     
      439   0.249975592759       -0.200000000000         17.4491095192     
      440   0.249975592759       -0.100000000000         17.4491095192     

 
      441   0.249975592759         0.00000000000         17.4491095192     
      442   0.249975592759        0.100000000000         17.4491095192     
      443   0.249975592759        0.200000000000         17.4491095192     
      444   0.249975592759        0.300000000000         17.4491095192     
      445   0.249975592759        0.400000000000         17.4491095192     
      446   0.299966197164       -0.450000000000         17.4483217271     
      447   0.299966197164       -0.400000000000         17.4483217271     
      448   0.299966197164       -0.350000000000         17.4483217271     
      449   0.299966197164       -0.300000000000         17.4483217271     
      450   0.299966197164       -0.250000000000         17.4483217271     
      451   0.299966197164       -0.200000000000         17.4483217271     
      452   0.299966197164       -0.150000000000         17.4483217271     
      453   0.299966197164       -0.100000000000         17.4483217271     
      454   0.299966197164       -0.500000000000E-001    17.4483217271     
      455   0.299966197164         0.00000000000         17.4483217271     
      456   0.299966197164        0.500000000000E-001    17.4483217271     
      457   0.299966197164        0.100000000000         17.4483217271     
      458   0.299966197164        0.150000000000         17.4483217271     
      459   0.299966197164        0.200000000000         17.4483217271     
      460   0.299966197164        0.250000000000         17.4483217271     

 
      461   0.299966197164        0.300000000000         17.4483217271     
      462   0.299966197164        0.350000000000         17.4483217271     
      463   0.299966197164        0.400000000000         17.4483217271     
      464   0.299966197164        0.450000000000         17.4483217271     
      465   0.349954339408       -0.400000000000         17.4473907152     
      466   0.349954339408       -0.300000000000         17.4473907152     
      467   0.349954339408       -0.200000000000         17.4473907152     
      468   0.349954339408       -0.100000000000         17.4473907152     
      469   0.349954339408         0.00000000000         17.4473907152     
      470   0.349954339408        0.100000000000         17.4473907152     
      471   0.349954339408        0.200000000000         17.4473907152     
      472   0.349954339408        0.300000000000         17.4473907152     
      473   0.349954339408        0.400000000000         17.4473907152     
      474   0.399939609189       -0.450000000000         17.4463164914     
      475   0.399939609189       -0.400000000000         17.4463164914     
      476   0.399939609189       -0.350000000000         17.4463164914     
      477   0.399939609189       -0.300000000000         17.4463164914     
      478   0.399939609189       -0.250000000000         17.4463164914     
      479   0.399939609189       -0.200000000000         17.4463164914     
      480   0.399939609189       -0.150000000000         17.4463164914     

 
      481   0.399939609189       -0.100000000000         17.4463164914     
      482   0.399939609189       -0.500000000000E-001    17.4463164914     
      483   0.399939609189         0.00000000000         17.4463164914     
      484   0.399939609189        0.500000000000E-001    17.4463164914     
      485   0.399939609189        0.100000000000         17.4463164914     
      486   0.399939609189        0.150000000000         17.4463164914     
      487   0.399939609189        0.200000000000         17.4463164914     
      488   0.399939609189        0.250000000000         17.4463164914     
      489   0.399939609189        0.300000000000         17.4463164914     
      490   0.399939609189        0.350000000000         17.4463164914     
      491   0.399939609189        0.400000000000         17.4463164914     
      492   0.399939609189        0.450000000000         17.4463164914     
      493   0.449921596227       -0.400000000000         17.4450990644     
      494   0.449921596227       -0.300000000000         17.4450990644     
      495   0.449921596227       -0.200000000000         17.4450990644     
      496   0.449921596227       -0.100000000000         17.4450990644     
      497   0.449921596227         0.00000000000         17.4450990644     
      498   0.449921596227        0.100000000000         17.4450990644     
      499   0.449921596227        0.200000000000         17.4450990644     
      500   0.449921596227        0.300000000000         17.4450990644     

 
      501   0.449921596227        0.400000000000         17.4450990644     
      502   0.999389479530       -0.500000000000         17.4222596548     
      503   0.549874080911       -0.500000000000         17.4422346420     
      504   0.599843758056       -0.500000000000         17.4405876700     
      505   0.649808511548       -0.500000000000         17.4387975419     
      506   0.699767931268       -0.500000000000         17.4368642724     
      507   0.749721607141       -0.500000000000         17.4347878772     
      508   0.799669129137       -0.500000000000         17.4325683734     
      509   0.849610087273       -0.500000000000         17.4302057793     
      510   0.899544071623       -0.500000000000         17.4277001143     
      511   0.949470672313       -0.500000000000         17.4250513989     
      512   0.999389479530        0.500000000000         17.4222596548     
      513   0.999389479530       -0.450000000000         17.4222596548     
      514   0.999389479530       -0.400000000000         17.4222596548     
      515   0.999389479530       -0.350000000000         17.4222596548     
      516   0.999389479530       -0.300000000000         17.4222596548     
      517   0.999389479530       -0.250000000000         17.4222596548     
      518   0.999389479530       -0.200000000000         17.4222596548     
      519   0.999389479530       -0.150000000000         17.4222596548     
      520   0.999389479530       -0.100000000000         17.4222596548     

 
      521   0.999389479530       -0.500000000000E-001    17.4222596548     
      522   0.999389479530         0.00000000000         17.4222596548     
      523   0.999389479530        0.500000000000E-001    17.4222596548     
      524   0.999389479530        0.100000000000         17.4222596548     
      525   0.999389479530        0.150000000000         17.4222596548     
      526   0.999389479530        0.200000000000         17.4222596548     
      527   0.999389479530        0.250000000000         17.4222596548     
      528   0.999389479530        0.300000000000         17.4222596548     
      529   0.999389479530        0.350000000000         17.4222596548     
      530   0.999389479530        0.400000000000         17.4222596548     
      531   0.999389479530        0.450000000000         17.4222596548     
      532   0.549874080911        0.500000000000         17.4422346420     
      533   0.599843758056        0.500000000000         17.4405876700     
      534   0.649808511548        0.500000000000         17.4387975419     
      535   0.699767931268        0.500000000000         17.4368642724     
      536   0.749721607141        0.500000000000         17.4347878772     
      537   0.799669129137        0.500000000000         17.4325683734     
      538   0.849610087273        0.500000000000         17.4302057793     
      539   0.899544071623        0.500000000000         17.4277001143     
      540   0.949470672313        0.500000000000         17.4250513989     

 
      541   0.549874081073       -0.400000000000         17.4422346420     
      542   0.549874081073       -0.300000000000         17.4422346420     
      543   0.549874081073       -0.200000000000         17.4422346420     
      544   0.549874081073       -0.100000000000         17.4422346420     
      545   0.549874081073         0.00000000000         17.4422346420     
      546   0.549874081073        0.100000000000         17.4422346420     
      547   0.549874081073        0.200000000000         17.4422346420     
      548   0.549874081073        0.300000000000         17.4422346420     
      549   0.549874081073        0.400000000000         17.4422346420     
      550   0.599843758026       -0.450000000000         17.4405876700     
      551   0.599843758026       -0.400000000000         17.4405876700     
      552   0.599843758026       -0.350000000000         17.4405876700     
      553   0.599843758026       -0.300000000000         17.4405876700     
      554   0.599843758026       -0.250000000000         17.4405876700     
      555   0.599843758026       -0.200000000000         17.4405876700     
      556   0.599843758026       -0.150000000000         17.4405876700     
      557   0.599843758026       -0.100000000000         17.4405876700     
      558   0.599843758026       -0.500000000000E-001    17.4405876700     
      559   0.599843758026         0.00000000000         17.4405876700     
      560   0.599843758026        0.500000000000E-001    17.4405876700     

 
      561   0.599843758026        0.100000000000         17.4405876700     
      562   0.599843758026        0.150000000000         17.4405876700     
      563   0.599843758026        0.200000000000         17.4405876700     
      564   0.599843758026        0.250000000000         17.4405876700     
      565   0.599843758026        0.300000000000         17.4405876700     
      566   0.599843758026        0.350000000000         17.4405876700     
      567   0.599843758026        0.400000000000         17.4405876700     
      568   0.599843758026        0.450000000000         17.4405876700     
      569   0.649808511092       -0.400000000000         17.4387975419     
      570   0.649808511092       -0.300000000000         17.4387975419     
      571   0.649808511092       -0.200000000000         17.4387975419     
      572   0.649808511092       -0.100000000000         17.4387975419     
      573   0.649808511092         0.00000000000         17.4387975419     
      574   0.649808511092        0.100000000000         17.4387975419     
      575   0.649808511092        0.200000000000         17.4387975419     
      576   0.649808511092        0.300000000000         17.4387975419     
      577   0.649808511092        0.400000000000         17.4387975419     
      578   0.699767930271       -0.450000000000         17.4368642724     
      579   0.699767930271       -0.400000000000         17.4368642724     
      580   0.699767930271       -0.350000000000         17.4368642724     

 
      581   0.699767930271       -0.300000000000         17.4368642724     
      582   0.699767930271       -0.250000000000         17.4368642724     
      583   0.699767930271       -0.200000000000         17.4368642724     
      584   0.699767930271       -0.150000000000         17.4368642724     
      585   0.699767930271       -0.100000000000         17.4368642724     
      586   0.699767930271       -0.500000000000E-001    17.4368642724     
      587   0.699767930271         0.00000000000         17.4368642724     
      588   0.699767930271        0.500000000000E-001    17.4368642724     
      589   0.699767930271        0.100000000000         17.4368642724     
      590   0.699767930271        0.150000000000         17.4368642724     
      591   0.699767930271        0.200000000000         17.4368642724     
      592   0.699767930271        0.250000000000         17.4368642724     
      593   0.699767930271        0.300000000000         17.4368642724     
      594   0.699767930271        0.350000000000         17.4368642724     
      595   0.699767930271        0.400000000000         17.4368642724     
      596   0.699767930271        0.450000000000         17.4368642724     
      597   0.749721605606       -0.400000000000         17.4347878772     
      598   0.749721605606       -0.300000000000         17.4347878772     
      599   0.749721605606       -0.200000000000         17.4347878772     
      600   0.749721605606       -0.100000000000         17.4347878772     

 
      601   0.749721605606         0.00000000000         17.4347878772     
      602   0.749721605606        0.100000000000         17.4347878772     
      603   0.749721605606        0.200000000000         17.4347878772     
      604   0.749721605606        0.300000000000         17.4347878772     
      605   0.749721605606        0.400000000000         17.4347878772     
      606   0.799669127187       -0.450000000000         17.4325683735     
      607   0.799669127187       -0.400000000000         17.4325683735     
      608   0.799669127187       -0.350000000000         17.4325683735     
      609   0.799669127187       -0.300000000000         17.4325683735     
      610   0.799669127187       -0.250000000000         17.4325683735     
      611   0.799669127187       -0.200000000000         17.4325683735     
      612   0.799669127187       -0.150000000000         17.4325683735     
      613   0.799669127187       -0.100000000000         17.4325683735     
      614   0.799669127187       -0.500000000000E-001    17.4325683735     
      615   0.799669127187         0.00000000000         17.4325683735     
      616   0.799669127187        0.500000000000E-001    17.4325683735     
      617   0.799669127187        0.100000000000         17.4325683735     
      618   0.799669127187        0.150000000000         17.4325683735     
      619   0.799669127187        0.200000000000         17.4325683735     
      620   0.799669127187        0.250000000000         17.4325683735     

 
      621   0.799669127187        0.300000000000         17.4325683735     
      622   0.799669127187        0.350000000000         17.4325683735     
      623   0.799669127187        0.400000000000         17.4325683735     
      624   0.799669127187        0.450000000000         17.4325683735     
      625   0.849610085150       -0.400000000000         17.4302057794     
      626   0.849610085150       -0.300000000000         17.4302057794     
      627   0.849610085150       -0.200000000000         17.4302057794     
      628   0.849610085150       -0.100000000000         17.4302057794     
      629   0.849610085150         0.00000000000         17.4302057794     
      630   0.849610085150        0.100000000000         17.4302057794     
      631   0.849610085150        0.200000000000         17.4302057794     
      632   0.849610085150        0.300000000000         17.4302057794     
      633   0.849610085150        0.400000000000         17.4302057794     
      634   0.899544069688       -0.450000000000         17.4277001144     
      635   0.899544069688       -0.400000000000         17.4277001144     
      636   0.899544069688       -0.350000000000         17.4277001144     
      637   0.899544069688       -0.300000000000         17.4277001144     
      638   0.899544069688       -0.250000000000         17.4277001144     
      639   0.899544069688       -0.200000000000         17.4277001144     
      640   0.899544069688       -0.150000000000         17.4277001144     

 
      641   0.899544069688       -0.100000000000         17.4277001144     
      642   0.899544069688       -0.500000000000E-001    17.4277001144     
      643   0.899544069688         0.00000000000         17.4277001144     
      644   0.899544069688        0.500000000000E-001    17.4277001144     
      645   0.899544069688        0.100000000000         17.4277001144     
      646   0.899544069688        0.150000000000         17.4277001144     
      647   0.899544069688        0.200000000000         17.4277001144     
      648   0.899544069688        0.250000000000         17.4277001144     
      649   0.899544069688        0.300000000000         17.4277001144     
      650   0.899544069688        0.350000000000         17.4277001144     
      651   0.899544069688        0.400000000000         17.4277001144     
      652   0.899544069688        0.450000000000         17.4277001144     
      653   0.949470671046       -0.400000000000         17.4250513989     
      654   0.949470671046       -0.300000000000         17.4250513989     
      655   0.949470671046       -0.200000000000         17.4250513989     
      656   0.949470671046       -0.100000000000         17.4250513989     
      657   0.949470671046         0.00000000000         17.4250513989     
      658   0.949470671046        0.100000000000         17.4250513989     
      659   0.949470671046        0.200000000000         17.4250513989     
      660   0.949470671046        0.300000000000         17.4250513989     

 
      661   0.949470671046        0.400000000000         17.4250513989     

