
 
        1   -1.00038526860       -0.500000000000         11.3386546206     
        2  -0.500677211656       -0.500000000000         11.3716833239     
        3  -0.958803569970       -0.500000000000         11.3422464708     
        4  -0.917208980798       -0.500000000000         11.3456858310     
        5  -0.875602060292       -0.500000000000         11.3489726549     
        6  -0.833983367822       -0.500000000000         11.3521068984     
        7  -0.792353462921       -0.500000000000         11.3550885192     
        8  -0.750712905276       -0.500000000000         11.3579174774     
        9  -0.709062254719       -0.500000000000         11.3605937349     
       10  -0.667402071221       -0.500000000000         11.3631172556     
       11  -0.625732914883       -0.500000000000         11.3654880058     
       12  -0.584055345930       -0.500000000000         11.3677059534     
       13  -0.542369924705       -0.500000000000         11.3697710687     
       14  -0.500677211656        0.500000000000         11.3716833239     
       15  -0.500677211656       -0.450000000000         11.3716833239     
       16  -0.500677211656       -0.400000000000         11.3716833239     
       17  -0.500677211656       -0.350000000000         11.3716833239     
       18  -0.500677211656       -0.300000000000         11.3716833239     
       19  -0.500677211656       -0.250000000000         11.3716833239     
       20  -0.500677211656       -0.200000000000         11.3716833239     

 
       21  -0.500677211656       -0.150000000000         11.3716833239     
       22  -0.500677211656       -0.100000000000         11.3716833239     
       23  -0.500677211656       -0.500000000000E-001    11.3716833239     
       24  -0.500677211656         0.00000000000         11.3716833239     
       25  -0.500677211656        0.500000000000E-001    11.3716833239     
       26  -0.500677211656        0.100000000000         11.3716833239     
       27  -0.500677211656        0.150000000000         11.3716833239     
       28  -0.500677211656        0.200000000000         11.3716833239     
       29  -0.500677211656        0.250000000000         11.3716833239     
       30  -0.500677211656        0.300000000000         11.3716833239     
       31  -0.500677211656        0.350000000000         11.3716833239     
       32  -0.500677211656        0.400000000000         11.3716833239     
       33  -0.500677211656        0.450000000000         11.3716833239     
       34   -1.00038526860        0.500000000000         11.3386546206     
       35  -0.958803569970        0.500000000000         11.3422464708     
       36  -0.917208980798        0.500000000000         11.3456858310     
       37  -0.875602060292        0.500000000000         11.3489726549     
       38  -0.833983367822        0.500000000000         11.3521068984     
       39  -0.792353462921        0.500000000000         11.3550885192     
       40  -0.750712905276        0.500000000000         11.3579174774     

 
       41  -0.709062254719        0.500000000000         11.3605937349     
       42  -0.667402071221        0.500000000000         11.3631172556     
       43  -0.625732914883        0.500000000000         11.3654880058     
       44  -0.584055345930        0.500000000000         11.3677059534     
       45  -0.542369924705        0.500000000000         11.3697710687     
       46   -1.00038526860       -0.450000000000         11.3386546206     
       47   -1.00038526860       -0.400000000000         11.3386546206     
       48   -1.00038526860       -0.350000000000         11.3386546206     
       49   -1.00038526860       -0.300000000000         11.3386546206     
       50   -1.00038526860       -0.250000000000         11.3386546206     
       51   -1.00038526860       -0.200000000000         11.3386546206     
       52   -1.00038526860       -0.150000000000         11.3386546206     
       53   -1.00038526860       -0.100000000000         11.3386546206     
       54   -1.00038526860       -0.500000000000E-001    11.3386546206     
       55   -1.00038526860         0.00000000000         11.3386546206     
       56   -1.00038526860        0.500000000000E-001    11.3386546206     
       57   -1.00038526860        0.100000000000         11.3386546206     
       58   -1.00038526860        0.150000000000         11.3386546206     
       59   -1.00038526860        0.200000000000         11.3386546206     
       60   -1.00038526860        0.250000000000         11.3386546206     

 
       61   -1.00038526860        0.300000000000         11.3386546206     
       62   -1.00038526860        0.350000000000         11.3386546206     
       63   -1.00038526860        0.400000000000         11.3386546206     
       64   -1.00038526860        0.450000000000         11.3386546206     
       65  -0.958803570108       -0.400000000000         11.3422464708     
       66  -0.958803570108       -0.300000000000         11.3422464708     
       67  -0.958803570108       -0.200000000000         11.3422464708     
       68  -0.958803570108       -0.100000000000         11.3422464708     
       69  -0.958803570108         0.00000000000         11.3422464708     
       70  -0.958803570108        0.100000000000         11.3422464708     
       71  -0.958803570108        0.200000000000         11.3422464708     
       72  -0.958803570108        0.300000000000         11.3422464708     
       73  -0.958803570108        0.400000000000         11.3422464708     
       74  -0.917208980961       -0.450000000000         11.3456858310     
       75  -0.917208980961       -0.400000000000         11.3456858310     
       76  -0.917208980961       -0.350000000000         11.3456858310     
       77  -0.917208980961       -0.300000000000         11.3456858310     
       78  -0.917208980961       -0.250000000000         11.3456858310     
       79  -0.917208980961       -0.200000000000         11.3456858310     
       80  -0.917208980961       -0.150000000000         11.3456858310     

 
       81  -0.917208980961       -0.100000000000         11.3456858310     
       82  -0.917208980961       -0.500000000000E-001    11.3456858310     
       83  -0.917208980961         0.00000000000         11.3456858310     
       84  -0.917208980961        0.500000000000E-001    11.3456858310     
       85  -0.917208980961        0.100000000000         11.3456858310     
       86  -0.917208980961        0.150000000000         11.3456858310     
       87  -0.917208980961        0.200000000000         11.3456858310     
       88  -0.917208980961        0.250000000000         11.3456858310     
       89  -0.917208980961        0.300000000000         11.3456858310     
       90  -0.917208980961        0.350000000000         11.3456858310     
       91  -0.917208980961        0.400000000000         11.3456858310     
       92  -0.917208980961        0.450000000000         11.3456858310     
       93  -0.875602060392       -0.400000000000         11.3489726549     
       94  -0.875602060392       -0.300000000000         11.3489726549     
       95  -0.875602060392       -0.200000000000         11.3489726549     
       96  -0.875602060392       -0.100000000000         11.3489726549     
       97  -0.875602060392         0.00000000000         11.3489726549     
       98  -0.875602060392        0.100000000000         11.3489726549     
       99  -0.875602060392        0.200000000000         11.3489726549     
      100  -0.875602060392        0.300000000000         11.3489726549     

 
      101  -0.875602060392        0.400000000000         11.3489726549     
      102  -0.833983367799       -0.450000000000         11.3521068984     
      103  -0.833983367799       -0.400000000000         11.3521068984     
      104  -0.833983367799       -0.350000000000         11.3521068984     
      105  -0.833983367799       -0.300000000000         11.3521068984     
      106  -0.833983367799       -0.250000000000         11.3521068984     
      107  -0.833983367799       -0.200000000000         11.3521068984     
      108  -0.833983367799       -0.150000000000         11.3521068984     
      109  -0.833983367799       -0.100000000000         11.3521068984     
      110  -0.833983367799       -0.500000000000E-001    11.3521068984     
      111  -0.833983367799         0.00000000000         11.3521068984     
      112  -0.833983367799        0.500000000000E-001    11.3521068984     
      113  -0.833983367799        0.100000000000         11.3521068984     
      114  -0.833983367799        0.150000000000         11.3521068984     
      115  -0.833983367799        0.200000000000         11.3521068984     
      116  -0.833983367799        0.250000000000         11.3521068984     
      117  -0.833983367799        0.300000000000         11.3521068984     
      118  -0.833983367799        0.350000000000         11.3521068984     
      119  -0.833983367799        0.400000000000         11.3521068984     
      120  -0.833983367799        0.450000000000         11.3521068984     

 
      121  -0.792353462741       -0.400000000000         11.3550885192     
      122  -0.792353462741       -0.300000000000         11.3550885192     
      123  -0.792353462741       -0.200000000000         11.3550885192     
      124  -0.792353462741       -0.100000000000         11.3550885192     
      125  -0.792353462741         0.00000000000         11.3550885192     
      126  -0.792353462741        0.100000000000         11.3550885192     
      127  -0.792353462741        0.200000000000         11.3550885192     
      128  -0.792353462741        0.300000000000         11.3550885192     
      129  -0.792353462741        0.400000000000         11.3550885192     
      130  -0.750712904932       -0.450000000000         11.3579174774     
      131  -0.750712904932       -0.400000000000         11.3579174774     
      132  -0.750712904932       -0.350000000000         11.3579174774     
      133  -0.750712904932       -0.300000000000         11.3579174774     
      134  -0.750712904932       -0.250000000000         11.3579174774     
      135  -0.750712904932       -0.200000000000         11.3579174774     
      136  -0.750712904932       -0.150000000000         11.3579174774     
      137  -0.750712904932       -0.100000000000         11.3579174774     
      138  -0.750712904932       -0.500000000000E-001    11.3579174774     
      139  -0.750712904932         0.00000000000         11.3579174774     
      140  -0.750712904932        0.500000000000E-001    11.3579174774     

 
      141  -0.750712904932        0.100000000000         11.3579174774     
      142  -0.750712904932        0.150000000000         11.3579174774     
      143  -0.750712904932        0.200000000000         11.3579174774     
      144  -0.750712904932        0.250000000000         11.3579174774     
      145  -0.750712904932        0.300000000000         11.3579174774     
      146  -0.750712904932        0.350000000000         11.3579174774     
      147  -0.750712904932        0.400000000000         11.3579174774     
      148  -0.750712904932        0.450000000000         11.3579174774     
      149  -0.709062254229       -0.400000000000         11.3605937349     
      150  -0.709062254229       -0.300000000000         11.3605937349     
      151  -0.709062254229       -0.200000000000         11.3605937349     
      152  -0.709062254229       -0.100000000000         11.3605937349     
      153  -0.709062254229         0.00000000000         11.3605937349     
      154  -0.709062254229        0.100000000000         11.3605937349     
      155  -0.709062254229        0.200000000000         11.3605937349     
      156  -0.709062254229        0.300000000000         11.3605937349     
      157  -0.709062254229        0.400000000000         11.3605937349     
      158  -0.667402070631       -0.450000000000         11.3631172557     
      159  -0.667402070631       -0.400000000000         11.3631172557     
      160  -0.667402070631       -0.350000000000         11.3631172557     

 
      161  -0.667402070631       -0.300000000000         11.3631172557     
      162  -0.667402070631       -0.250000000000         11.3631172557     
      163  -0.667402070631       -0.200000000000         11.3631172557     
      164  -0.667402070631       -0.150000000000         11.3631172557     
      165  -0.667402070631       -0.100000000000         11.3631172557     
      166  -0.667402070631       -0.500000000000E-001    11.3631172557     
      167  -0.667402070631         0.00000000000         11.3631172557     
      168  -0.667402070631        0.500000000000E-001    11.3631172557     
      169  -0.667402070631        0.100000000000         11.3631172557     
      170  -0.667402070631        0.150000000000         11.3631172557     
      171  -0.667402070631        0.200000000000         11.3631172557     
      172  -0.667402070631        0.250000000000         11.3631172557     
      173  -0.667402070631        0.300000000000         11.3631172557     
      174  -0.667402070631        0.350000000000         11.3631172557     
      175  -0.667402070631        0.400000000000         11.3631172557     
      176  -0.667402070631        0.450000000000         11.3631172557     
      177  -0.625732914265       -0.400000000000         11.3654880058     
      178  -0.625732914265       -0.300000000000         11.3654880058     
      179  -0.625732914265       -0.200000000000         11.3654880058     
      180  -0.625732914265       -0.100000000000         11.3654880058     

 
      181  -0.625732914265         0.00000000000         11.3654880058     
      182  -0.625732914265        0.100000000000         11.3654880058     
      183  -0.625732914265        0.200000000000         11.3654880058     
      184  -0.625732914265        0.300000000000         11.3654880058     
      185  -0.625732914265        0.400000000000         11.3654880058     
      186  -0.584055345385       -0.450000000000         11.3677059534     
      187  -0.584055345385       -0.400000000000         11.3677059534     
      188  -0.584055345385       -0.350000000000         11.3677059534     
      189  -0.584055345385       -0.300000000000         11.3677059534     
      190  -0.584055345385       -0.250000000000         11.3677059534     
      191  -0.584055345385       -0.200000000000         11.3677059534     
      192  -0.584055345385       -0.150000000000         11.3677059534     
      193  -0.584055345385       -0.100000000000         11.3677059534     
      194  -0.584055345385       -0.500000000000E-001    11.3677059534     
      195  -0.584055345385         0.00000000000         11.3677059534     
      196  -0.584055345385        0.500000000000E-001    11.3677059534     
      197  -0.584055345385        0.100000000000         11.3677059534     
      198  -0.584055345385        0.150000000000         11.3677059534     
      199  -0.584055345385        0.200000000000         11.3677059534     
      200  -0.584055345385        0.250000000000         11.3677059534     

 
      201  -0.584055345385        0.300000000000         11.3677059534     
      202  -0.584055345385        0.350000000000         11.3677059534     
      203  -0.584055345385        0.400000000000         11.3677059534     
      204  -0.584055345385        0.450000000000         11.3677059534     
      205  -0.542369924356       -0.400000000000         11.3697710687     
      206  -0.542369924356       -0.300000000000         11.3697710687     
      207  -0.542369924356       -0.200000000000         11.3697710687     
      208  -0.542369924356       -0.100000000000         11.3697710687     
      209  -0.542369924356         0.00000000000         11.3697710687     
      210  -0.542369924356        0.100000000000         11.3697710687     
      211  -0.542369924356        0.200000000000         11.3697710687     
      212  -0.542369924356        0.300000000000         11.3697710687     
      213  -0.542369924356        0.400000000000         11.3697710687     
      214    0.00000000000       -0.500000000000         11.3827000000     
      215  -0.458977767193       -0.500000000000         11.3734426934     
      216  -0.417272152065       -0.500000000000         11.3750491533     
      217  -0.375560926967       -0.500000000000         11.3765026823     
      218  -0.333844652673       -0.500000000000         11.3778032606     
      219  -0.292123890029       -0.500000000000         11.3789508709     
      220  -0.250399199941       -0.500000000000         11.3799454977     

 
      221  -0.208671143374       -0.500000000000         11.3807871276     
      222  -0.166940281337       -0.500000000000         11.3814757493     
      223  -0.125207174885       -0.500000000000         11.3820113536     
      224  -0.834723851014E-001  -0.500000000000         11.3823939332     
      225  -0.417364730969E-001  -0.500000000000         11.3826234831     
      226    0.00000000000        0.500000000000         11.3827000000     
      227    0.00000000000       -0.450000000000         11.3827000000     
      228    0.00000000000       -0.400000000000         11.3827000000     
      229    0.00000000000       -0.350000000000         11.3827000000     
      230    0.00000000000       -0.300000000000         11.3827000000     
      231    0.00000000000       -0.250000000000         11.3827000000     
      232    0.00000000000       -0.200000000000         11.3827000000     
      233    0.00000000000       -0.150000000000         11.3827000000     
      234    0.00000000000       -0.100000000000         11.3827000000     
      235    0.00000000000       -0.500000000000E-001    11.3827000000     
      236    0.00000000000         0.00000000000         11.3827000000     
      237    0.00000000000        0.500000000000E-001    11.3827000000     
      238    0.00000000000        0.100000000000         11.3827000000     
      239    0.00000000000        0.150000000000         11.3827000000     
      240    0.00000000000        0.200000000000         11.3827000000     

 
      241    0.00000000000        0.250000000000         11.3827000000     
      242    0.00000000000        0.300000000000         11.3827000000     
      243    0.00000000000        0.350000000000         11.3827000000     
      244    0.00000000000        0.400000000000         11.3827000000     
      245    0.00000000000        0.450000000000         11.3827000000     
      246  -0.458977767193        0.500000000000         11.3734426934     
      247  -0.417272152065        0.500000000000         11.3750491533     
      248  -0.375560926967        0.500000000000         11.3765026823     
      249  -0.333844652673        0.500000000000         11.3778032606     
      250  -0.292123890029        0.500000000000         11.3789508709     
      251  -0.250399199941        0.500000000000         11.3799454977     
      252  -0.208671143374        0.500000000000         11.3807871276     
      253  -0.166940281337        0.500000000000         11.3814757493     
      254  -0.125207174885        0.500000000000         11.3820113536     
      255  -0.834723851014E-001   0.500000000000         11.3823939332     
      256  -0.417364730969E-001   0.500000000000         11.3826234831     
      257  -0.458977766855       -0.400000000000         11.3734426934     
      258  -0.458977766855       -0.300000000000         11.3734426934     
      259  -0.458977766855       -0.200000000000         11.3734426934     
      260  -0.458977766855       -0.100000000000         11.3734426934     

 
      261  -0.458977766855         0.00000000000         11.3734426934     
      262  -0.458977766855        0.100000000000         11.3734426934     
      263  -0.458977766855        0.200000000000         11.3734426934     
      264  -0.458977766855        0.300000000000         11.3734426934     
      265  -0.458977766855        0.400000000000         11.3734426934     
      266  -0.417272151526       -0.450000000000         11.3750491534     
      267  -0.417272151526       -0.400000000000         11.3750491534     
      268  -0.417272151526       -0.350000000000         11.3750491534     
      269  -0.417272151526       -0.300000000000         11.3750491534     
      270  -0.417272151526       -0.250000000000         11.3750491534     
      271  -0.417272151526       -0.200000000000         11.3750491534     
      272  -0.417272151526       -0.150000000000         11.3750491534     
      273  -0.417272151526       -0.100000000000         11.3750491534     
      274  -0.417272151526       -0.500000000000E-001    11.3750491534     
      275  -0.417272151526         0.00000000000         11.3750491534     
      276  -0.417272151526        0.500000000000E-001    11.3750491534     
      277  -0.417272151526        0.100000000000         11.3750491534     
      278  -0.417272151526        0.150000000000         11.3750491534     
      279  -0.417272151526        0.200000000000         11.3750491534     
      280  -0.417272151526        0.250000000000         11.3750491534     

 
      281  -0.417272151526        0.300000000000         11.3750491534     
      282  -0.417272151526        0.350000000000         11.3750491534     
      283  -0.417272151526        0.400000000000         11.3750491534     
      284  -0.417272151526        0.450000000000         11.3750491534     
      285  -0.375560926344       -0.400000000000         11.3765026823     
      286  -0.375560926344       -0.300000000000         11.3765026823     
      287  -0.375560926344       -0.200000000000         11.3765026823     
      288  -0.375560926344       -0.100000000000         11.3765026823     
      289  -0.375560926344         0.00000000000         11.3765026823     
      290  -0.375560926344        0.100000000000         11.3765026823     
      291  -0.375560926344        0.200000000000         11.3765026823     
      292  -0.375560926344        0.300000000000         11.3765026823     
      293  -0.375560926344        0.400000000000         11.3765026823     
      294  -0.333844652058       -0.450000000000         11.3778032607     
      295  -0.333844652058       -0.400000000000         11.3778032607     
      296  -0.333844652058       -0.350000000000         11.3778032607     
      297  -0.333844652058       -0.300000000000         11.3778032607     
      298  -0.333844652058       -0.250000000000         11.3778032607     
      299  -0.333844652058       -0.200000000000         11.3778032607     
      300  -0.333844652058       -0.150000000000         11.3778032607     

 
      301  -0.333844652058       -0.100000000000         11.3778032607     
      302  -0.333844652058       -0.500000000000E-001    11.3778032607     
      303  -0.333844652058         0.00000000000         11.3778032607     
      304  -0.333844652058        0.500000000000E-001    11.3778032607     
      305  -0.333844652058        0.100000000000         11.3778032607     
      306  -0.333844652058        0.150000000000         11.3778032607     
      307  -0.333844652058        0.200000000000         11.3778032607     
      308  -0.333844652058        0.250000000000         11.3778032607     
      309  -0.333844652058        0.300000000000         11.3778032607     
      310  -0.333844652058        0.350000000000         11.3778032607     
      311  -0.333844652058        0.400000000000         11.3778032607     
      312  -0.333844652058        0.450000000000         11.3778032607     
      313  -0.292123889490       -0.400000000000         11.3789508709     
      314  -0.292123889490       -0.300000000000         11.3789508709     
      315  -0.292123889490       -0.200000000000         11.3789508709     
      316  -0.292123889490       -0.100000000000         11.3789508709     
      317  -0.292123889490         0.00000000000         11.3789508709     
      318  -0.292123889490        0.100000000000         11.3789508709     
      319  -0.292123889490        0.200000000000         11.3789508709     
      320  -0.292123889490        0.300000000000         11.3789508709     

 
      321  -0.292123889490        0.400000000000         11.3789508709     
      322  -0.250399199525       -0.450000000000         11.3799454977     
      323  -0.250399199525       -0.400000000000         11.3799454977     
      324  -0.250399199525       -0.350000000000         11.3799454977     
      325  -0.250399199525       -0.300000000000         11.3799454977     
      326  -0.250399199525       -0.250000000000         11.3799454977     
      327  -0.250399199525       -0.200000000000         11.3799454977     
      328  -0.250399199525       -0.150000000000         11.3799454977     
      329  -0.250399199525       -0.100000000000         11.3799454977     
      330  -0.250399199525       -0.500000000000E-001    11.3799454977     
      331  -0.250399199525         0.00000000000         11.3799454977     
      332  -0.250399199525        0.500000000000E-001    11.3799454977     
      333  -0.250399199525        0.100000000000         11.3799454977     
      334  -0.250399199525        0.150000000000         11.3799454977     
      335  -0.250399199525        0.200000000000         11.3799454977     
      336  -0.250399199525        0.250000000000         11.3799454977     
      337  -0.250399199525        0.300000000000         11.3799454977     
      338  -0.250399199525        0.350000000000         11.3799454977     
      339  -0.250399199525        0.400000000000         11.3799454977     
      340  -0.250399199525        0.450000000000         11.3799454977     

 
      341  -0.208671143104       -0.400000000000         11.3807871276     
      342  -0.208671143104       -0.300000000000         11.3807871276     
      343  -0.208671143104       -0.200000000000         11.3807871276     
      344  -0.208671143104       -0.100000000000         11.3807871276     
      345  -0.208671143104         0.00000000000         11.3807871276     
      346  -0.208671143104        0.100000000000         11.3807871276     
      347  -0.208671143104        0.200000000000         11.3807871276     
      348  -0.208671143104        0.300000000000         11.3807871276     
      349  -0.208671143104        0.400000000000         11.3807871276     
      350  -0.166940281214       -0.450000000000         11.3814757493     
      351  -0.166940281214       -0.400000000000         11.3814757493     
      352  -0.166940281214       -0.350000000000         11.3814757493     
      353  -0.166940281214       -0.300000000000         11.3814757493     
      354  -0.166940281214       -0.250000000000         11.3814757493     
      355  -0.166940281214       -0.200000000000         11.3814757493     
      356  -0.166940281214       -0.150000000000         11.3814757493     
      357  -0.166940281214       -0.100000000000         11.3814757493     
      358  -0.166940281214       -0.500000000000E-001    11.3814757493     
      359  -0.166940281214         0.00000000000         11.3814757493     
      360  -0.166940281214        0.500000000000E-001    11.3814757493     

 
      361  -0.166940281214        0.100000000000         11.3814757493     
      362  -0.166940281214        0.150000000000         11.3814757493     
      363  -0.166940281214        0.200000000000         11.3814757493     
      364  -0.166940281214        0.250000000000         11.3814757493     
      365  -0.166940281214        0.300000000000         11.3814757493     
      366  -0.166940281214        0.350000000000         11.3814757493     
      367  -0.166940281214        0.400000000000         11.3814757493     
      368  -0.166940281214        0.450000000000         11.3814757493     
      369  -0.125207174885       -0.400000000000         11.3820113536     
      370  -0.125207174885       -0.300000000000         11.3820113536     
      371  -0.125207174885       -0.200000000000         11.3820113536     
      372  -0.125207174885       -0.100000000000         11.3820113536     
      373  -0.125207174885         0.00000000000         11.3820113536     
      374  -0.125207174885        0.100000000000         11.3820113536     
      375  -0.125207174885        0.200000000000         11.3820113536     
      376  -0.125207174885        0.300000000000         11.3820113536     
      377  -0.125207174885        0.400000000000         11.3820113536     
      378  -0.834723851784E-001  -0.450000000000         11.3823939332     
      379  -0.834723851784E-001  -0.400000000000         11.3823939332     
      380  -0.834723851784E-001  -0.350000000000         11.3823939332     

 
      381  -0.834723851784E-001  -0.300000000000         11.3823939332     
      382  -0.834723851784E-001  -0.250000000000         11.3823939332     
      383  -0.834723851784E-001  -0.200000000000         11.3823939332     
      384  -0.834723851784E-001  -0.150000000000         11.3823939332     
      385  -0.834723851784E-001  -0.100000000000         11.3823939332     
      386  -0.834723851784E-001  -0.500000000000E-001    11.3823939332     
      387  -0.834723851784E-001    0.00000000000         11.3823939332     
      388  -0.834723851784E-001   0.500000000000E-001    11.3823939332     
      389  -0.834723851784E-001   0.100000000000         11.3823939332     
      390  -0.834723851784E-001   0.150000000000         11.3823939332     
      391  -0.834723851784E-001   0.200000000000         11.3823939332     
      392  -0.834723851784E-001   0.250000000000         11.3823939332     
      393  -0.834723851784E-001   0.300000000000         11.3823939332     
      394  -0.834723851784E-001   0.350000000000         11.3823939332     
      395  -0.834723851784E-001   0.400000000000         11.3823939332     
      396  -0.834723851784E-001   0.450000000000         11.3823939332     
      397  -0.417364731816E-001  -0.400000000000         11.3826234831     
      398  -0.417364731816E-001  -0.300000000000         11.3826234831     
      399  -0.417364731816E-001  -0.200000000000         11.3826234831     
      400  -0.417364731816E-001  -0.100000000000         11.3826234831     

 
      401  -0.417364731816E-001    0.00000000000         11.3826234831     
      402  -0.417364731816E-001   0.100000000000         11.3826234831     
      403  -0.417364731816E-001   0.200000000000         11.3826234831     
      404  -0.417364731816E-001   0.300000000000         11.3826234831     
      405  -0.417364731816E-001   0.400000000000         11.3826234831     
      406   0.500677211656       -0.500000000000         11.3716833239     
      407   0.417364731920E-001  -0.500000000000         11.3826234831     
      408   0.834723852318E-001  -0.500000000000         11.3823939332     
      409   0.125207175017       -0.500000000000         11.3820113536     
      410   0.166940281456       -0.500000000000         11.3814757493     
      411   0.208671143478       -0.500000000000         11.3807871276     
      412   0.250399200040       -0.500000000000         11.3799454977     
      413   0.292123890133       -0.500000000000         11.3789508709     
      414   0.333844652791       -0.500000000000         11.3778032606     
      415   0.375560927098       -0.500000000000         11.3765026823     
      416   0.417272152195       -0.500000000000         11.3750491533     
      417   0.458977767288       -0.500000000000         11.3734426934     
      418   0.500677211656        0.500000000000         11.3716833239     
      419   0.500677211656       -0.450000000000         11.3716833239     
      420   0.500677211656       -0.400000000000         11.3716833239     

 
      421   0.500677211656       -0.350000000000         11.3716833239     
      422   0.500677211656       -0.300000000000         11.3716833239     
      423   0.500677211656       -0.250000000000         11.3716833239     
      424   0.500677211656       -0.200000000000         11.3716833239     
      425   0.500677211656       -0.150000000000         11.3716833239     
      426   0.500677211656       -0.100000000000         11.3716833239     
      427   0.500677211656       -0.500000000000E-001    11.3716833239     
      428   0.500677211656         0.00000000000         11.3716833239     
      429   0.500677211656        0.500000000000E-001    11.3716833239     
      430   0.500677211656        0.100000000000         11.3716833239     
      431   0.500677211656        0.150000000000         11.3716833239     
      432   0.500677211656        0.200000000000         11.3716833239     
      433   0.500677211656        0.250000000000         11.3716833239     
      434   0.500677211656        0.300000000000         11.3716833239     
      435   0.500677211656        0.350000000000         11.3716833239     
      436   0.500677211656        0.400000000000         11.3716833239     
      437   0.500677211656        0.450000000000         11.3716833239     
      438   0.417364731920E-001   0.500000000000         11.3826234831     
      439   0.834723852318E-001   0.500000000000         11.3823939332     
      440   0.125207175017        0.500000000000         11.3820113536     

 
      441   0.166940281456        0.500000000000         11.3814757493     
      442   0.208671143478        0.500000000000         11.3807871276     
      443   0.250399200040        0.500000000000         11.3799454977     
      444   0.292123890133        0.500000000000         11.3789508709     
      445   0.333844652791        0.500000000000         11.3778032606     
      446   0.375560927098        0.500000000000         11.3765026823     
      447   0.417272152195        0.500000000000         11.3750491533     
      448   0.458977767288        0.500000000000         11.3734426934     
      449   0.417364730170E-001  -0.400000000000         11.3826234831     
      450   0.417364730170E-001  -0.300000000000         11.3826234831     
      451   0.417364730170E-001  -0.200000000000         11.3826234831     
      452   0.417364730170E-001  -0.100000000000         11.3826234831     
      453   0.417364730170E-001    0.00000000000         11.3826234831     
      454   0.417364730170E-001   0.100000000000         11.3826234831     
      455   0.417364730170E-001   0.200000000000         11.3826234831     
      456   0.417364730170E-001   0.300000000000         11.3826234831     
      457   0.417364730170E-001   0.400000000000         11.3826234831     
      458   0.834723850728E-001  -0.450000000000         11.3823939332     
      459   0.834723850728E-001  -0.400000000000         11.3823939332     
      460   0.834723850728E-001  -0.350000000000         11.3823939332     

 
      461   0.834723850728E-001  -0.300000000000         11.3823939332     
      462   0.834723850728E-001  -0.250000000000         11.3823939332     
      463   0.834723850728E-001  -0.200000000000         11.3823939332     
      464   0.834723850728E-001  -0.150000000000         11.3823939332     
      465   0.834723850728E-001  -0.100000000000         11.3823939332     
      466   0.834723850728E-001  -0.500000000000E-001    11.3823939332     
      467   0.834723850728E-001    0.00000000000         11.3823939332     
      468   0.834723850728E-001   0.500000000000E-001    11.3823939332     
      469   0.834723850728E-001   0.100000000000         11.3823939332     
      470   0.834723850728E-001   0.150000000000         11.3823939332     
      471   0.834723850728E-001   0.200000000000         11.3823939332     
      472   0.834723850728E-001   0.250000000000         11.3823939332     
      473   0.834723850728E-001   0.300000000000         11.3823939332     
      474   0.834723850728E-001   0.350000000000         11.3823939332     
      475   0.834723850728E-001   0.400000000000         11.3823939332     
      476   0.834723850728E-001   0.450000000000         11.3823939332     
      477   0.125207175017       -0.400000000000         11.3820113536     
      478   0.125207175017       -0.300000000000         11.3820113536     
      479   0.125207175017       -0.200000000000         11.3820113536     
      480   0.125207175017       -0.100000000000         11.3820113536     

 
      481   0.125207175017         0.00000000000         11.3820113536     
      482   0.125207175017        0.100000000000         11.3820113536     
      483   0.125207175017        0.200000000000         11.3820113536     
      484   0.125207175017        0.300000000000         11.3820113536     
      485   0.125207175017        0.400000000000         11.3820113536     
      486   0.166940281710       -0.450000000000         11.3814757493     
      487   0.166940281710       -0.400000000000         11.3814757493     
      488   0.166940281710       -0.350000000000         11.3814757493     
      489   0.166940281710       -0.300000000000         11.3814757493     
      490   0.166940281710       -0.250000000000         11.3814757493     
      491   0.166940281710       -0.200000000000         11.3814757493     
      492   0.166940281710       -0.150000000000         11.3814757493     
      493   0.166940281710       -0.100000000000         11.3814757493     
      494   0.166940281710       -0.500000000000E-001    11.3814757493     
      495   0.166940281710         0.00000000000         11.3814757493     
      496   0.166940281710        0.500000000000E-001    11.3814757493     
      497   0.166940281710        0.100000000000         11.3814757493     
      498   0.166940281710        0.150000000000         11.3814757493     
      499   0.166940281710        0.200000000000         11.3814757493     
      500   0.166940281710        0.250000000000         11.3814757493     

 
      501   0.166940281710        0.300000000000         11.3814757493     
      502   0.166940281710        0.350000000000         11.3814757493     
      503   0.166940281710        0.400000000000         11.3814757493     
      504   0.166940281710        0.450000000000         11.3814757493     
      505   0.208671144034       -0.400000000000         11.3807871276     
      506   0.208671144034       -0.300000000000         11.3807871276     
      507   0.208671144034       -0.200000000000         11.3807871276     
      508   0.208671144034       -0.100000000000         11.3807871276     
      509   0.208671144034         0.00000000000         11.3807871276     
      510   0.208671144034        0.100000000000         11.3807871276     
      511   0.208671144034        0.200000000000         11.3807871276     
      512   0.208671144034        0.300000000000         11.3807871276     
      513   0.208671144034        0.400000000000         11.3807871276     
      514   0.250399200899       -0.450000000000         11.3799454977     
      515   0.250399200899       -0.400000000000         11.3799454977     
      516   0.250399200899       -0.350000000000         11.3799454977     
      517   0.250399200899       -0.300000000000         11.3799454977     
      518   0.250399200899       -0.250000000000         11.3799454977     
      519   0.250399200899       -0.200000000000         11.3799454977     
      520   0.250399200899       -0.150000000000         11.3799454977     

 
      521   0.250399200899       -0.100000000000         11.3799454977     
      522   0.250399200899       -0.500000000000E-001    11.3799454977     
      523   0.250399200899         0.00000000000         11.3799454977     
      524   0.250399200899        0.500000000000E-001    11.3799454977     
      525   0.250399200899        0.100000000000         11.3799454977     
      526   0.250399200899        0.150000000000         11.3799454977     
      527   0.250399200899        0.200000000000         11.3799454977     
      528   0.250399200899        0.250000000000         11.3799454977     
      529   0.250399200899        0.300000000000         11.3799454977     
      530   0.250399200899        0.350000000000         11.3799454977     
      531   0.250399200899        0.400000000000         11.3799454977     
      532   0.250399200899        0.450000000000         11.3799454977     
      533   0.292123891246       -0.400000000000         11.3789508709     
      534   0.292123891246       -0.300000000000         11.3789508709     
      535   0.292123891246       -0.200000000000         11.3789508709     
      536   0.292123891246       -0.100000000000         11.3789508709     
      537   0.292123891246         0.00000000000         11.3789508709     
      538   0.292123891246        0.100000000000         11.3789508709     
      539   0.292123891246        0.200000000000         11.3789508709     
      540   0.292123891246        0.300000000000         11.3789508709     

 
      541   0.292123891246        0.400000000000         11.3789508709     
      542   0.333844654063       -0.450000000000         11.3778032606     
      543   0.333844654063       -0.400000000000         11.3778032606     
      544   0.333844654063       -0.350000000000         11.3778032606     
      545   0.333844654063       -0.300000000000         11.3778032606     
      546   0.333844654063       -0.250000000000         11.3778032606     
      547   0.333844654063       -0.200000000000         11.3778032606     
      548   0.333844654063       -0.150000000000         11.3778032606     
      549   0.333844654063       -0.100000000000         11.3778032606     
      550   0.333844654063       -0.500000000000E-001    11.3778032606     
      551   0.333844654063         0.00000000000         11.3778032606     
      552   0.333844654063        0.500000000000E-001    11.3778032606     
      553   0.333844654063        0.100000000000         11.3778032606     
      554   0.333844654063        0.150000000000         11.3778032606     
      555   0.333844654063        0.200000000000         11.3778032606     
      556   0.333844654063        0.250000000000         11.3778032606     
      557   0.333844654063        0.300000000000         11.3778032606     
      558   0.333844654063        0.350000000000         11.3778032606     
      559   0.333844654063        0.400000000000         11.3778032606     
      560   0.333844654063        0.450000000000         11.3778032606     

 
      561   0.375560928386       -0.400000000000         11.3765026822     
      562   0.375560928386       -0.300000000000         11.3765026822     
      563   0.375560928386       -0.200000000000         11.3765026822     
      564   0.375560928386       -0.100000000000         11.3765026822     
      565   0.375560928386         0.00000000000         11.3765026822     
      566   0.375560928386        0.100000000000         11.3765026822     
      567   0.375560928386        0.200000000000         11.3765026822     
      568   0.375560928386        0.300000000000         11.3765026822     
      569   0.375560928386        0.400000000000         11.3765026822     
      570   0.417272153308       -0.450000000000         11.3750491533     
      571   0.417272153308       -0.400000000000         11.3750491533     
      572   0.417272153308       -0.350000000000         11.3750491533     
      573   0.417272153308       -0.300000000000         11.3750491533     
      574   0.417272153308       -0.250000000000         11.3750491533     
      575   0.417272153308       -0.200000000000         11.3750491533     
      576   0.417272153308       -0.150000000000         11.3750491533     
      577   0.417272153308       -0.100000000000         11.3750491533     
      578   0.417272153308       -0.500000000000E-001    11.3750491533     
      579   0.417272153308         0.00000000000         11.3750491533     
      580   0.417272153308        0.500000000000E-001    11.3750491533     

 
      581   0.417272153308        0.100000000000         11.3750491533     
      582   0.417272153308        0.150000000000         11.3750491533     
      583   0.417272153308        0.200000000000         11.3750491533     
      584   0.417272153308        0.250000000000         11.3750491533     
      585   0.417272153308        0.300000000000         11.3750491533     
      586   0.417272153308        0.350000000000         11.3750491533     
      587   0.417272153308        0.400000000000         11.3750491533     
      588   0.417272153308        0.450000000000         11.3750491533     
      589   0.458977767987       -0.400000000000         11.3734426933     
      590   0.458977767987       -0.300000000000         11.3734426933     
      591   0.458977767987       -0.200000000000         11.3734426933     
      592   0.458977767987       -0.100000000000         11.3734426933     
      593   0.458977767987         0.00000000000         11.3734426933     
      594   0.458977767987        0.100000000000         11.3734426933     
      595   0.458977767987        0.200000000000         11.3734426933     
      596   0.458977767987        0.300000000000         11.3734426933     
      597   0.458977767987        0.400000000000         11.3734426933     
      598    1.00038526860       -0.500000000000         11.3386546206     
      599   0.542369924801       -0.500000000000         11.3697710687     
      600   0.584055346062       -0.500000000000         11.3677059534     

 
      601   0.625732915015       -0.500000000000         11.3654880058     
      602   0.667402071339       -0.500000000000         11.3631172556     
      603   0.709062254824       -0.500000000000         11.3605937349     
      604   0.750712905375       -0.500000000000         11.3579174774     
      605   0.792353463025       -0.500000000000         11.3550885192     
      606   0.833983367939       -0.500000000000         11.3521068984     
      607   0.875602060422       -0.500000000000         11.3489726549     
      608   0.917208980928       -0.500000000000         11.3456858310     
      609   0.958803570064       -0.500000000000         11.3422464708     
      610    1.00038526860        0.500000000000         11.3386546206     
      611    1.00038526860       -0.450000000000         11.3386546206     
      612    1.00038526860       -0.400000000000         11.3386546206     
      613    1.00038526860       -0.350000000000         11.3386546206     
      614    1.00038526860       -0.300000000000         11.3386546206     
      615    1.00038526860       -0.250000000000         11.3386546206     
      616    1.00038526860       -0.200000000000         11.3386546206     
      617    1.00038526860       -0.150000000000         11.3386546206     
      618    1.00038526860       -0.100000000000         11.3386546206     
      619    1.00038526860       -0.500000000000E-001    11.3386546206     
      620    1.00038526860         0.00000000000         11.3386546206     

 
      621    1.00038526860        0.500000000000E-001    11.3386546206     
      622    1.00038526860        0.100000000000         11.3386546206     
      623    1.00038526860        0.150000000000         11.3386546206     
      624    1.00038526860        0.200000000000         11.3386546206     
      625    1.00038526860        0.250000000000         11.3386546206     
      626    1.00038526860        0.300000000000         11.3386546206     
      627    1.00038526860        0.350000000000         11.3386546206     
      628    1.00038526860        0.400000000000         11.3386546206     
      629    1.00038526860        0.450000000000         11.3386546206     
      630   0.542369924801        0.500000000000         11.3697710687     
      631   0.584055346062        0.500000000000         11.3677059534     
      632   0.625732915015        0.500000000000         11.3654880058     
      633   0.667402071339        0.500000000000         11.3631172556     
      634   0.709062254824        0.500000000000         11.3605937349     
      635   0.750712905375        0.500000000000         11.3579174774     
      636   0.792353463025        0.500000000000         11.3550885192     
      637   0.833983367939        0.500000000000         11.3521068984     
      638   0.875602060422        0.500000000000         11.3489726549     
      639   0.917208980928        0.500000000000         11.3456858310     
      640   0.958803570064        0.500000000000         11.3422464708     

 
      641   0.542369925486       -0.400000000000         11.3697710687     
      642   0.542369925486       -0.300000000000         11.3697710687     
      643   0.542369925486       -0.200000000000         11.3697710687     
      644   0.542369925486       -0.100000000000         11.3697710687     
      645   0.542369925486         0.00000000000         11.3697710687     
      646   0.542369925486        0.100000000000         11.3697710687     
      647   0.542369925486        0.200000000000         11.3697710687     
      648   0.542369925486        0.300000000000         11.3697710687     
      649   0.542369925486        0.400000000000         11.3697710687     
      650   0.584055347160       -0.450000000000         11.3677059533     
      651   0.584055347160       -0.400000000000         11.3677059533     
      652   0.584055347160       -0.350000000000         11.3677059533     
      653   0.584055347160       -0.300000000000         11.3677059533     
      654   0.584055347160       -0.250000000000         11.3677059533     
      655   0.584055347160       -0.200000000000         11.3677059533     
      656   0.584055347160       -0.150000000000         11.3677059533     
      657   0.584055347160       -0.100000000000         11.3677059533     
      658   0.584055347160       -0.500000000000E-001    11.3677059533     
      659   0.584055347160         0.00000000000         11.3677059533     
      660   0.584055347160        0.500000000000E-001    11.3677059533     

 
      661   0.584055347160        0.100000000000         11.3677059533     
      662   0.584055347160        0.150000000000         11.3677059533     
      663   0.584055347160        0.200000000000         11.3677059533     
      664   0.584055347160        0.250000000000         11.3677059533     
      665   0.584055347160        0.300000000000         11.3677059533     
      666   0.584055347160        0.350000000000         11.3677059533     
      667   0.584055347160        0.400000000000         11.3677059533     
      668   0.584055347160        0.450000000000         11.3677059533     
      669   0.625732916300       -0.400000000000         11.3654880057     
      670   0.625732916300       -0.300000000000         11.3654880057     
      671   0.625732916300       -0.200000000000         11.3654880057     
      672   0.625732916300       -0.100000000000         11.3654880057     
      673   0.625732916300         0.00000000000         11.3654880057     
      674   0.625732916300        0.100000000000         11.3654880057     
      675   0.625732916300        0.200000000000         11.3654880057     
      676   0.625732916300        0.300000000000         11.3654880057     
      677   0.625732916300        0.400000000000         11.3654880057     
      678   0.667402072629       -0.450000000000         11.3631172555     
      679   0.667402072629       -0.400000000000         11.3631172555     
      680   0.667402072629       -0.350000000000         11.3631172555     

 
      681   0.667402072629       -0.300000000000         11.3631172555     
      682   0.667402072629       -0.250000000000         11.3631172555     
      683   0.667402072629       -0.200000000000         11.3631172555     
      684   0.667402072629       -0.150000000000         11.3631172555     
      685   0.667402072629       -0.100000000000         11.3631172555     
      686   0.667402072629       -0.500000000000E-001    11.3631172555     
      687   0.667402072629         0.00000000000         11.3631172555     
      688   0.667402072629        0.500000000000E-001    11.3631172555     
      689   0.667402072629        0.100000000000         11.3631172555     
      690   0.667402072629        0.150000000000         11.3631172555     
      691   0.667402072629        0.200000000000         11.3631172555     
      692   0.667402072629        0.250000000000         11.3631172555     
      693   0.667402072629        0.300000000000         11.3631172555     
      694   0.667402072629        0.350000000000         11.3631172555     
      695   0.667402072629        0.400000000000         11.3631172555     
      696   0.667402072629        0.450000000000         11.3631172555     
      697   0.709062255978       -0.400000000000         11.3605937348     
      698   0.709062255978       -0.300000000000         11.3605937348     
      699   0.709062255978       -0.200000000000         11.3605937348     
      700   0.709062255978       -0.100000000000         11.3605937348     

 
      701   0.709062255978         0.00000000000         11.3605937348     
      702   0.709062255978        0.100000000000         11.3605937348     
      703   0.709062255978        0.200000000000         11.3605937348     
      704   0.709062255978        0.300000000000         11.3605937348     
      705   0.709062255978        0.400000000000         11.3605937348     
      706   0.750712906299       -0.450000000000         11.3579174774     
      707   0.750712906299       -0.400000000000         11.3579174774     
      708   0.750712906299       -0.350000000000         11.3579174774     
      709   0.750712906299       -0.300000000000         11.3579174774     
      710   0.750712906299       -0.250000000000         11.3579174774     
      711   0.750712906299       -0.200000000000         11.3579174774     
      712   0.750712906299       -0.150000000000         11.3579174774     
      713   0.750712906299       -0.100000000000         11.3579174774     
      714   0.750712906299       -0.500000000000E-001    11.3579174774     
      715   0.750712906299         0.00000000000         11.3579174774     
      716   0.750712906299        0.500000000000E-001    11.3579174774     
      717   0.750712906299        0.100000000000         11.3579174774     
      718   0.750712906299        0.150000000000         11.3579174774     
      719   0.750712906299        0.200000000000         11.3579174774     
      720   0.750712906299        0.250000000000         11.3579174774     

 
      721   0.750712906299        0.300000000000         11.3579174774     
      722   0.750712906299        0.350000000000         11.3579174774     
      723   0.750712906299        0.400000000000         11.3579174774     
      724   0.750712906299        0.450000000000         11.3579174774     
      725   0.792353463667       -0.400000000000         11.3550885192     
      726   0.792353463667       -0.300000000000         11.3550885192     
      727   0.792353463667       -0.200000000000         11.3550885192     
      728   0.792353463667       -0.100000000000         11.3550885192     
      729   0.792353463667         0.00000000000         11.3550885192     
      730   0.792353463667        0.100000000000         11.3550885192     
      731   0.792353463667        0.200000000000         11.3550885192     
      732   0.792353463667        0.300000000000         11.3550885192     
      733   0.792353463667        0.400000000000         11.3550885192     
      734   0.833983368292       -0.450000000000         11.3521068983     
      735   0.833983368292       -0.400000000000         11.3521068983     
      736   0.833983368292       -0.350000000000         11.3521068983     
      737   0.833983368292       -0.300000000000         11.3521068983     
      738   0.833983368292       -0.250000000000         11.3521068983     
      739   0.833983368292       -0.200000000000         11.3521068983     
      740   0.833983368292       -0.150000000000         11.3521068983     

 
      741   0.833983368292       -0.100000000000         11.3521068983     
      742   0.833983368292       -0.500000000000E-001    11.3521068983     
      743   0.833983368292         0.00000000000         11.3521068983     
      744   0.833983368292        0.500000000000E-001    11.3521068983     
      745   0.833983368292        0.100000000000         11.3521068983     
      746   0.833983368292        0.150000000000         11.3521068983     
      747   0.833983368292        0.200000000000         11.3521068983     
      748   0.833983368292        0.250000000000         11.3521068983     
      749   0.833983368292        0.300000000000         11.3521068983     
      750   0.833983368292        0.350000000000         11.3521068983     
      751   0.833983368292        0.400000000000         11.3521068983     
      752   0.833983368292        0.450000000000         11.3521068983     
      753   0.875602060523       -0.400000000000         11.3489726549     
      754   0.875602060523       -0.300000000000         11.3489726549     
      755   0.875602060523       -0.200000000000         11.3489726549     
      756   0.875602060523       -0.100000000000         11.3489726549     
      757   0.875602060523         0.00000000000         11.3489726549     
      758   0.875602060523        0.100000000000         11.3489726549     
      759   0.875602060523        0.200000000000         11.3489726549     
      760   0.875602060523        0.300000000000         11.3489726549     

 
      761   0.875602060523        0.400000000000         11.3489726549     
      762   0.917208980856       -0.450000000000         11.3456858310     
      763   0.917208980856       -0.400000000000         11.3456858310     
      764   0.917208980856       -0.350000000000         11.3456858310     
      765   0.917208980856       -0.300000000000         11.3456858310     
      766   0.917208980856       -0.250000000000         11.3456858310     
      767   0.917208980856       -0.200000000000         11.3456858310     
      768   0.917208980856       -0.150000000000         11.3456858310     
      769   0.917208980856       -0.100000000000         11.3456858310     
      770   0.917208980856       -0.500000000000E-001    11.3456858310     
      771   0.917208980856         0.00000000000         11.3456858310     
      772   0.917208980856        0.500000000000E-001    11.3456858310     
      773   0.917208980856        0.100000000000         11.3456858310     
      774   0.917208980856        0.150000000000         11.3456858310     
      775   0.917208980856        0.200000000000         11.3456858310     
      776   0.917208980856        0.250000000000         11.3456858310     
      777   0.917208980856        0.300000000000         11.3456858310     
      778   0.917208980856        0.350000000000         11.3456858310     
      779   0.917208980856        0.400000000000         11.3456858310     
      780   0.917208980856        0.450000000000         11.3456858310     

 
      781   0.958803569944       -0.400000000000         11.3422464708     
      782   0.958803569944       -0.300000000000         11.3422464708     
      783   0.958803569944       -0.200000000000         11.3422464708     
      784   0.958803569944       -0.100000000000         11.3422464708     
      785   0.958803569944         0.00000000000         11.3422464708     
      786   0.958803569944        0.100000000000         11.3422464708     
      787   0.958803569944        0.200000000000         11.3422464708     
      788   0.958803569944        0.300000000000         11.3422464708     
      789   0.958803569944        0.400000000000         11.3422464708     

