
 
        1   -1.00149960190       -0.500000000000         30.5225739339     
        2  -0.500817149332       -0.500000000000         30.5348932073     
        3  -0.959784495222       -0.500000000000         30.5239141449     
        4  -0.918067595878       -0.500000000000         30.5251973440     
        5  -0.876348981788       -0.500000000000         30.5264235288     
        6  -0.834628730873       -0.500000000000         30.5275926971     
        7  -0.792906921058       -0.500000000000         30.5287048467     
        8  -0.751183630269       -0.500000000000         30.5297599754     
        9  -0.709458936435       -0.500000000000         30.5307580813     
       10  -0.667732917491       -0.500000000000         30.5316991625     
       11  -0.626005651370       -0.500000000000         30.5325832174     
       12  -0.584277216010       -0.500000000000         30.5334102441     
       13  -0.542547689350       -0.500000000000         30.5341802412     
       14  -0.500817149332        0.500000000000         30.5348932073     
       15  -0.500817149332       -0.450000000000         30.5348932073     
       16  -0.500817149332       -0.400000000000         30.5348932073     
       17  -0.500817149332       -0.350000000000         30.5348932073     
       18  -0.500817149332       -0.300000000000         30.5348932073     
       19  -0.500817149332       -0.250000000000         30.5348932073     
       20  -0.500817149332       -0.200000000000         30.5348932073     

 
       21  -0.500817149332       -0.150000000000         30.5348932073     
       22  -0.500817149332       -0.100000000000         30.5348932073     
       23  -0.500817149332       -0.500000000000E-001    30.5348932073     
       24  -0.500817149332         0.00000000000         30.5348932073     
       25  -0.500817149332        0.500000000000E-001    30.5348932073     
       26  -0.500817149332        0.100000000000         30.5348932073     
       27  -0.500817149332        0.150000000000         30.5348932073     
       28  -0.500817149332        0.200000000000         30.5348932073     
       29  -0.500817149332        0.250000000000         30.5348932073     
       30  -0.500817149332        0.300000000000         30.5348932073     
       31  -0.500817149332        0.350000000000         30.5348932073     
       32  -0.500817149332        0.400000000000         30.5348932073     
       33  -0.500817149332        0.450000000000         30.5348932073     
       34   -1.00149960190        0.500000000000         30.5225739339     
       35  -0.959784495222        0.500000000000         30.5239141449     
       36  -0.918067595878        0.500000000000         30.5251973440     
       37  -0.876348981788        0.500000000000         30.5264235288     
       38  -0.834628730873        0.500000000000         30.5275926971     
       39  -0.792906921058        0.500000000000         30.5287048467     
       40  -0.751183630269        0.500000000000         30.5297599754     

 
       41  -0.709458936435        0.500000000000         30.5307580813     
       42  -0.667732917491        0.500000000000         30.5316991625     
       43  -0.626005651370        0.500000000000         30.5325832174     
       44  -0.584277216010        0.500000000000         30.5334102441     
       45  -0.542547689350        0.500000000000         30.5341802412     
       46   -1.00149960190       -0.450000000000         30.5225739339     
       47   -1.00149960190       -0.400000000000         30.5225739339     
       48   -1.00149960190       -0.350000000000         30.5225739339     
       49   -1.00149960190       -0.300000000000         30.5225739339     
       50   -1.00149960190       -0.250000000000         30.5225739339     
       51   -1.00149960190       -0.200000000000         30.5225739339     
       52   -1.00149960190       -0.150000000000         30.5225739339     
       53   -1.00149960190       -0.100000000000         30.5225739339     
       54   -1.00149960190       -0.500000000000E-001    30.5225739339     
       55   -1.00149960190         0.00000000000         30.5225739339     
       56   -1.00149960190        0.500000000000E-001    30.5225739339     
       57   -1.00149960190        0.100000000000         30.5225739339     
       58   -1.00149960190        0.150000000000         30.5225739339     
       59   -1.00149960190        0.200000000000         30.5225739339     
       60   -1.00149960190        0.250000000000         30.5225739339     

 
       61   -1.00149960190        0.300000000000         30.5225739339     
       62   -1.00149960190        0.350000000000         30.5225739339     
       63   -1.00149960190        0.400000000000         30.5225739339     
       64   -1.00149960190        0.450000000000         30.5225739339     
       65  -0.959784494769       -0.400000000000         30.5239141449     
       66  -0.959784494769       -0.300000000000         30.5239141449     
       67  -0.959784494769       -0.200000000000         30.5239141449     
       68  -0.959784494769       -0.100000000000         30.5239141449     
       69  -0.959784494769         0.00000000000         30.5239141449     
       70  -0.959784494769        0.100000000000         30.5239141449     
       71  -0.959784494769        0.200000000000         30.5239141449     
       72  -0.959784494769        0.300000000000         30.5239141449     
       73  -0.959784494769        0.400000000000         30.5239141449     
       74  -0.918067595395       -0.450000000000         30.5251973440     
       75  -0.918067595395       -0.400000000000         30.5251973440     
       76  -0.918067595395       -0.350000000000         30.5251973440     
       77  -0.918067595395       -0.300000000000         30.5251973440     
       78  -0.918067595395       -0.250000000000         30.5251973440     
       79  -0.918067595395       -0.200000000000         30.5251973440     
       80  -0.918067595395       -0.150000000000         30.5251973440     

 
       81  -0.918067595395       -0.100000000000         30.5251973440     
       82  -0.918067595395       -0.500000000000E-001    30.5251973440     
       83  -0.918067595395         0.00000000000         30.5251973440     
       84  -0.918067595395        0.500000000000E-001    30.5251973440     
       85  -0.918067595395        0.100000000000         30.5251973440     
       86  -0.918067595395        0.150000000000         30.5251973440     
       87  -0.918067595395        0.200000000000         30.5251973440     
       88  -0.918067595395        0.250000000000         30.5251973440     
       89  -0.918067595395        0.300000000000         30.5251973440     
       90  -0.918067595395        0.350000000000         30.5251973440     
       91  -0.918067595395        0.400000000000         30.5251973440     
       92  -0.918067595395        0.450000000000         30.5251973440     
       93  -0.876348981598       -0.400000000000         30.5264235288     
       94  -0.876348981598       -0.300000000000         30.5264235288     
       95  -0.876348981598       -0.200000000000         30.5264235288     
       96  -0.876348981598       -0.100000000000         30.5264235288     
       97  -0.876348981598         0.00000000000         30.5264235288     
       98  -0.876348981598        0.100000000000         30.5264235288     
       99  -0.876348981598        0.200000000000         30.5264235288     
      100  -0.876348981598        0.300000000000         30.5264235288     

 
      101  -0.876348981598        0.400000000000         30.5264235288     
      102  -0.834628731195       -0.450000000000         30.5275926971     
      103  -0.834628731195       -0.400000000000         30.5275926971     
      104  -0.834628731195       -0.350000000000         30.5275926971     
      105  -0.834628731195       -0.300000000000         30.5275926971     
      106  -0.834628731195       -0.250000000000         30.5275926971     
      107  -0.834628731195       -0.200000000000         30.5275926971     
      108  -0.834628731195       -0.150000000000         30.5275926971     
      109  -0.834628731195       -0.100000000000         30.5275926971     
      110  -0.834628731195       -0.500000000000E-001    30.5275926971     
      111  -0.834628731195         0.00000000000         30.5275926971     
      112  -0.834628731195        0.500000000000E-001    30.5275926971     
      113  -0.834628731195        0.100000000000         30.5275926971     
      114  -0.834628731195        0.150000000000         30.5275926971     
      115  -0.834628731195        0.200000000000         30.5275926971     
      116  -0.834628731195        0.250000000000         30.5275926971     
      117  -0.834628731195        0.300000000000         30.5275926971     
      118  -0.834628731195        0.350000000000         30.5275926971     
      119  -0.834628731195        0.400000000000         30.5275926971     
      120  -0.834628731195        0.450000000000         30.5275926971     

 
      121  -0.792906922007       -0.400000000000         30.5287048466     
      122  -0.792906922007       -0.300000000000         30.5287048466     
      123  -0.792906922007       -0.200000000000         30.5287048466     
      124  -0.792906922007       -0.100000000000         30.5287048466     
      125  -0.792906922007         0.00000000000         30.5287048466     
      126  -0.792906922007        0.100000000000         30.5287048466     
      127  -0.792906922007        0.200000000000         30.5287048466     
      128  -0.792906922007        0.300000000000         30.5287048466     
      129  -0.792906922007        0.400000000000         30.5287048466     
      130  -0.751183631860       -0.450000000000         30.5297599753     
      131  -0.751183631860       -0.400000000000         30.5297599753     
      132  -0.751183631860       -0.350000000000         30.5297599753     
      133  -0.751183631860       -0.300000000000         30.5297599753     
      134  -0.751183631860       -0.250000000000         30.5297599753     
      135  -0.751183631860       -0.200000000000         30.5297599753     
      136  -0.751183631860       -0.150000000000         30.5297599753     
      137  -0.751183631860       -0.100000000000         30.5297599753     
      138  -0.751183631860       -0.500000000000E-001    30.5297599753     
      139  -0.751183631860         0.00000000000         30.5297599753     
      140  -0.751183631860        0.500000000000E-001    30.5297599753     

 
      141  -0.751183631860        0.100000000000         30.5297599753     
      142  -0.751183631860        0.150000000000         30.5297599753     
      143  -0.751183631860        0.200000000000         30.5297599753     
      144  -0.751183631860        0.250000000000         30.5297599753     
      145  -0.751183631860        0.300000000000         30.5297599753     
      146  -0.751183631860        0.350000000000         30.5297599753     
      147  -0.751183631860        0.400000000000         30.5297599753     
      148  -0.751183631860        0.450000000000         30.5297599753     
      149  -0.709458938581       -0.400000000000         30.5307580812     
      150  -0.709458938581       -0.300000000000         30.5307580812     
      151  -0.709458938581       -0.200000000000         30.5307580812     
      152  -0.709458938581       -0.100000000000         30.5307580812     
      153  -0.709458938581         0.00000000000         30.5307580812     
      154  -0.709458938581        0.100000000000         30.5307580812     
      155  -0.709458938581        0.200000000000         30.5307580812     
      156  -0.709458938581        0.300000000000         30.5307580812     
      157  -0.709458938581        0.400000000000         30.5307580812     
      158  -0.667732919999       -0.450000000000         30.5316991625     
      159  -0.667732919999       -0.400000000000         30.5316991625     
      160  -0.667732919999       -0.350000000000         30.5316991625     

 
      161  -0.667732919999       -0.300000000000         30.5316991625     
      162  -0.667732919999       -0.250000000000         30.5316991625     
      163  -0.667732919999       -0.200000000000         30.5316991625     
      164  -0.667732919999       -0.150000000000         30.5316991625     
      165  -0.667732919999       -0.100000000000         30.5316991625     
      166  -0.667732919999       -0.500000000000E-001    30.5316991625     
      167  -0.667732919999         0.00000000000         30.5316991625     
      168  -0.667732919999        0.500000000000E-001    30.5316991625     
      169  -0.667732919999        0.100000000000         30.5316991625     
      170  -0.667732919999        0.150000000000         30.5316991625     
      171  -0.667732919999        0.200000000000         30.5316991625     
      172  -0.667732919999        0.250000000000         30.5316991625     
      173  -0.667732919999        0.300000000000         30.5316991625     
      174  -0.667732919999        0.350000000000         30.5316991625     
      175  -0.667732919999        0.400000000000         30.5316991625     
      176  -0.667732919999        0.450000000000         30.5316991625     
      177  -0.626005653947       -0.400000000000         30.5325832173     
      178  -0.626005653947       -0.300000000000         30.5325832173     
      179  -0.626005653947       -0.200000000000         30.5325832173     
      180  -0.626005653947       -0.100000000000         30.5325832173     

 
      181  -0.626005653947         0.00000000000         30.5325832173     
      182  -0.626005653947        0.100000000000         30.5325832173     
      183  -0.626005653947        0.200000000000         30.5325832173     
      184  -0.626005653947        0.300000000000         30.5325832173     
      185  -0.626005653947        0.400000000000         30.5325832173     
      186  -0.584277218260       -0.450000000000         30.5334102441     
      187  -0.584277218260       -0.400000000000         30.5334102441     
      188  -0.584277218260       -0.350000000000         30.5334102441     
      189  -0.584277218260       -0.300000000000         30.5334102441     
      190  -0.584277218260       -0.250000000000         30.5334102441     
      191  -0.584277218260       -0.200000000000         30.5334102441     
      192  -0.584277218260       -0.150000000000         30.5334102441     
      193  -0.584277218260       -0.100000000000         30.5334102441     
      194  -0.584277218260       -0.500000000000E-001    30.5334102441     
      195  -0.584277218260         0.00000000000         30.5334102441     
      196  -0.584277218260        0.500000000000E-001    30.5334102441     
      197  -0.584277218260        0.100000000000         30.5334102441     
      198  -0.584277218260        0.150000000000         30.5334102441     
      199  -0.584277218260        0.200000000000         30.5334102441     
      200  -0.584277218260        0.250000000000         30.5334102441     

 
      201  -0.584277218260        0.300000000000         30.5334102441     
      202  -0.584277218260        0.350000000000         30.5334102441     
      203  -0.584277218260        0.400000000000         30.5334102441     
      204  -0.584277218260        0.450000000000         30.5334102441     
      205  -0.542547690776       -0.400000000000         30.5341802412     
      206  -0.542547690776       -0.300000000000         30.5341802412     
      207  -0.542547690776       -0.200000000000         30.5341802412     
      208  -0.542547690776       -0.100000000000         30.5341802412     
      209  -0.542547690776         0.00000000000         30.5341802412     
      210  -0.542547690776        0.100000000000         30.5341802412     
      211  -0.542547690776        0.200000000000         30.5341802412     
      212  -0.542547690776        0.300000000000         30.5341802412     
      213  -0.542547690776        0.400000000000         30.5341802412     
      214    0.00000000000       -0.500000000000         30.5390000000     
      215  -0.459085673898       -0.500000000000         30.5355491410     
      216  -0.417353340994       -0.500000000000         30.5361480411     
      217  -0.375620228567       -0.500000000000         30.5366899065     
      218  -0.333886414566       -0.500000000000         30.5371747361     
      219  -0.292151976939       -0.500000000000         30.5376025291     
      220  -0.250416993637       -0.500000000000         30.5379732846     

 
      221  -0.208681542612       -0.500000000000         30.5382870020     
      222  -0.166945701816       -0.500000000000         30.5385436806     
      223  -0.125209549203       -0.500000000000         30.5387433201     
      224  -0.834731627257E-001  -0.500000000000         30.5388859199     
      225  -0.417366203399E-001  -0.500000000000         30.5389714800     
      226    0.00000000000        0.500000000000         30.5390000000     
      227    0.00000000000       -0.450000000000         30.5390000000     
      228    0.00000000000       -0.400000000000         30.5390000000     
      229    0.00000000000       -0.350000000000         30.5390000000     
      230    0.00000000000       -0.300000000000         30.5390000000     
      231    0.00000000000       -0.250000000000         30.5390000000     
      232    0.00000000000       -0.200000000000         30.5390000000     
      233    0.00000000000       -0.150000000000         30.5390000000     
      234    0.00000000000       -0.100000000000         30.5390000000     
      235    0.00000000000       -0.500000000000E-001    30.5390000000     
      236    0.00000000000         0.00000000000         30.5390000000     
      237    0.00000000000        0.500000000000E-001    30.5390000000     
      238    0.00000000000        0.100000000000         30.5390000000     
      239    0.00000000000        0.150000000000         30.5390000000     
      240    0.00000000000        0.200000000000         30.5390000000     

 
      241    0.00000000000        0.250000000000         30.5390000000     
      242    0.00000000000        0.300000000000         30.5390000000     
      243    0.00000000000        0.350000000000         30.5390000000     
      244    0.00000000000        0.400000000000         30.5390000000     
      245    0.00000000000        0.450000000000         30.5390000000     
      246  -0.459085673898        0.500000000000         30.5355491410     
      247  -0.417353340994        0.500000000000         30.5361480411     
      248  -0.375620228567        0.500000000000         30.5366899065     
      249  -0.333886414566        0.500000000000         30.5371747361     
      250  -0.292151976939        0.500000000000         30.5376025291     
      251  -0.250416993637        0.500000000000         30.5379732846     
      252  -0.208681542612        0.500000000000         30.5382870020     
      253  -0.166945701816        0.500000000000         30.5385436806     
      254  -0.125209549203        0.500000000000         30.5387433201     
      255  -0.834731627257E-001   0.500000000000         30.5388859199     
      256  -0.417366203399E-001   0.500000000000         30.5389714800     
      257  -0.459085675298       -0.400000000000         30.5355491410     
      258  -0.459085675298       -0.300000000000         30.5355491410     
      259  -0.459085675298       -0.200000000000         30.5355491410     
      260  -0.459085675298       -0.100000000000         30.5355491410     

 
      261  -0.459085675298         0.00000000000         30.5355491410     
      262  -0.459085675298        0.100000000000         30.5355491410     
      263  -0.459085675298        0.200000000000         30.5355491410     
      264  -0.459085675298        0.300000000000         30.5355491410     
      265  -0.459085675298        0.400000000000         30.5355491410     
      266  -0.417353343222       -0.450000000000         30.5361480411     
      267  -0.417353343222       -0.400000000000         30.5361480411     
      268  -0.417353343222       -0.350000000000         30.5361480411     
      269  -0.417353343222       -0.300000000000         30.5361480411     
      270  -0.417353343222       -0.250000000000         30.5361480411     
      271  -0.417353343222       -0.200000000000         30.5361480411     
      272  -0.417353343222       -0.150000000000         30.5361480411     
      273  -0.417353343222       -0.100000000000         30.5361480411     
      274  -0.417353343222       -0.500000000000E-001    30.5361480411     
      275  -0.417353343222         0.00000000000         30.5361480411     
      276  -0.417353343222        0.500000000000E-001    30.5361480411     
      277  -0.417353343222        0.100000000000         30.5361480411     
      278  -0.417353343222        0.150000000000         30.5361480411     
      279  -0.417353343222        0.200000000000         30.5361480411     
      280  -0.417353343222        0.250000000000         30.5361480411     

 
      281  -0.417353343222        0.300000000000         30.5361480411     
      282  -0.417353343222        0.350000000000         30.5361480411     
      283  -0.417353343222        0.400000000000         30.5361480411     
      284  -0.417353343222        0.450000000000         30.5361480411     
      285  -0.375620231146       -0.400000000000         30.5366899064     
      286  -0.375620231146       -0.300000000000         30.5366899064     
      287  -0.375620231146       -0.200000000000         30.5366899064     
      288  -0.375620231146       -0.100000000000         30.5366899064     
      289  -0.375620231146         0.00000000000         30.5366899064     
      290  -0.375620231146        0.100000000000         30.5366899064     
      291  -0.375620231146        0.200000000000         30.5366899064     
      292  -0.375620231146        0.300000000000         30.5366899064     
      293  -0.375620231146        0.400000000000         30.5366899064     
      294  -0.333886417112       -0.450000000000         30.5371747361     
      295  -0.333886417112       -0.400000000000         30.5371747361     
      296  -0.333886417112       -0.350000000000         30.5371747361     
      297  -0.333886417112       -0.300000000000         30.5371747361     
      298  -0.333886417112       -0.250000000000         30.5371747361     
      299  -0.333886417112       -0.200000000000         30.5371747361     
      300  -0.333886417112       -0.150000000000         30.5371747361     

 
      301  -0.333886417112       -0.100000000000         30.5371747361     
      302  -0.333886417112       -0.500000000000E-001    30.5371747361     
      303  -0.333886417112         0.00000000000         30.5371747361     
      304  -0.333886417112        0.500000000000E-001    30.5371747361     
      305  -0.333886417112        0.100000000000         30.5371747361     
      306  -0.333886417112        0.150000000000         30.5371747361     
      307  -0.333886417112        0.200000000000         30.5371747361     
      308  -0.333886417112        0.250000000000         30.5371747361     
      309  -0.333886417112        0.300000000000         30.5371747361     
      310  -0.333886417112        0.350000000000         30.5371747361     
      311  -0.333886417112        0.400000000000         30.5371747361     
      312  -0.333886417112        0.450000000000         30.5371747361     
      313  -0.292151979167       -0.400000000000         30.5376025290     
      314  -0.292151979167       -0.300000000000         30.5376025290     
      315  -0.292151979167       -0.200000000000         30.5376025290     
      316  -0.292151979167       -0.100000000000         30.5376025290     
      317  -0.292151979167         0.00000000000         30.5376025290     
      318  -0.292151979167        0.100000000000         30.5376025290     
      319  -0.292151979167        0.200000000000         30.5376025290     
      320  -0.292151979167        0.300000000000         30.5376025290     

 
      321  -0.292151979167        0.400000000000         30.5376025290     
      322  -0.250416995356       -0.450000000000         30.5379732846     
      323  -0.250416995356       -0.400000000000         30.5379732846     
      324  -0.250416995356       -0.350000000000         30.5379732846     
      325  -0.250416995356       -0.300000000000         30.5379732846     
      326  -0.250416995356       -0.250000000000         30.5379732846     
      327  -0.250416995356       -0.200000000000         30.5379732846     
      328  -0.250416995356       -0.150000000000         30.5379732846     
      329  -0.250416995356       -0.100000000000         30.5379732846     
      330  -0.250416995356       -0.500000000000E-001    30.5379732846     
      331  -0.250416995356         0.00000000000         30.5379732846     
      332  -0.250416995356        0.500000000000E-001    30.5379732846     
      333  -0.250416995356        0.100000000000         30.5379732846     
      334  -0.250416995356        0.150000000000         30.5379732846     
      335  -0.250416995356        0.200000000000         30.5379732846     
      336  -0.250416995356        0.250000000000         30.5379732846     
      337  -0.250416995356        0.300000000000         30.5379732846     
      338  -0.250416995356        0.350000000000         30.5379732846     
      339  -0.250416995356        0.400000000000         30.5379732846     
      340  -0.250416995356        0.450000000000         30.5379732846     

 
      341  -0.208681543726       -0.400000000000         30.5382870019     
      342  -0.208681543726       -0.300000000000         30.5382870019     
      343  -0.208681543726       -0.200000000000         30.5382870019     
      344  -0.208681543726       -0.100000000000         30.5382870019     
      345  -0.208681543726         0.00000000000         30.5382870019     
      346  -0.208681543726        0.100000000000         30.5382870019     
      347  -0.208681543726        0.200000000000         30.5382870019     
      348  -0.208681543726        0.300000000000         30.5382870019     
      349  -0.208681543726        0.400000000000         30.5382870019     
      350  -0.166945702325       -0.450000000000         30.5385436806     
      351  -0.166945702325       -0.400000000000         30.5385436806     
      352  -0.166945702325       -0.350000000000         30.5385436806     
      353  -0.166945702325       -0.300000000000         30.5385436806     
      354  -0.166945702325       -0.250000000000         30.5385436806     
      355  -0.166945702325       -0.200000000000         30.5385436806     
      356  -0.166945702325       -0.150000000000         30.5385436806     
      357  -0.166945702325       -0.100000000000         30.5385436806     
      358  -0.166945702325       -0.500000000000E-001    30.5385436806     
      359  -0.166945702325         0.00000000000         30.5385436806     
      360  -0.166945702325        0.500000000000E-001    30.5385436806     

 
      361  -0.166945702325        0.100000000000         30.5385436806     
      362  -0.166945702325        0.150000000000         30.5385436806     
      363  -0.166945702325        0.200000000000         30.5385436806     
      364  -0.166945702325        0.250000000000         30.5385436806     
      365  -0.166945702325        0.300000000000         30.5385436806     
      366  -0.166945702325        0.350000000000         30.5385436806     
      367  -0.166945702325        0.400000000000         30.5385436806     
      368  -0.166945702325        0.450000000000         30.5385436806     
      369  -0.125209549203       -0.400000000000         30.5387433201     
      370  -0.125209549203       -0.300000000000         30.5387433201     
      371  -0.125209549203       -0.200000000000         30.5387433201     
      372  -0.125209549203       -0.100000000000         30.5387433201     
      373  -0.125209549203         0.00000000000         30.5387433201     
      374  -0.125209549203        0.100000000000         30.5387433201     
      375  -0.125209549203        0.200000000000         30.5387433201     
      376  -0.125209549203        0.300000000000         30.5387433201     
      377  -0.125209549203        0.400000000000         30.5387433201     
      378  -0.834731624075E-001  -0.450000000000         30.5388859199     
      379  -0.834731624075E-001  -0.400000000000         30.5388859199     
      380  -0.834731624075E-001  -0.350000000000         30.5388859199     

 
      381  -0.834731624075E-001  -0.300000000000         30.5388859199     
      382  -0.834731624075E-001  -0.250000000000         30.5388859199     
      383  -0.834731624075E-001  -0.200000000000         30.5388859199     
      384  -0.834731624075E-001  -0.150000000000         30.5388859199     
      385  -0.834731624075E-001  -0.100000000000         30.5388859199     
      386  -0.834731624075E-001  -0.500000000000E-001    30.5388859199     
      387  -0.834731624075E-001    0.00000000000         30.5388859199     
      388  -0.834731624075E-001   0.500000000000E-001    30.5388859199     
      389  -0.834731624075E-001   0.100000000000         30.5388859199     
      390  -0.834731624075E-001   0.150000000000         30.5388859199     
      391  -0.834731624075E-001   0.200000000000         30.5388859199     
      392  -0.834731624075E-001   0.250000000000         30.5388859199     
      393  -0.834731624075E-001   0.300000000000         30.5388859199     
      394  -0.834731624075E-001   0.350000000000         30.5388859199     
      395  -0.834731624075E-001   0.400000000000         30.5388859199     
      396  -0.834731624075E-001   0.450000000000         30.5388859199     
      397  -0.417366199899E-001  -0.400000000000         30.5389714800     
      398  -0.417366199899E-001  -0.300000000000         30.5389714800     
      399  -0.417366199899E-001  -0.200000000000         30.5389714800     
      400  -0.417366199899E-001  -0.100000000000         30.5389714800     

 
      401  -0.417366199899E-001    0.00000000000         30.5389714800     
      402  -0.417366199899E-001   0.100000000000         30.5389714800     
      403  -0.417366199899E-001   0.200000000000         30.5389714800     
      404  -0.417366199899E-001   0.300000000000         30.5389714800     
      405  -0.417366199899E-001   0.400000000000         30.5389714800     
      406   0.500817149332       -0.500000000000         30.5348932073     
      407   0.417366203418E-001  -0.500000000000         30.5389714800     
      408   0.834731627283E-001  -0.500000000000         30.5388859199     
      409   0.125209549205       -0.500000000000         30.5387433201     
      410   0.166945701818       -0.500000000000         30.5385436806     
      411   0.208681542614       -0.500000000000         30.5382870019     
      412   0.250416993639       -0.500000000000         30.5379732846     
      413   0.292151976941       -0.500000000000         30.5376025291     
      414   0.333886414568       -0.500000000000         30.5371747361     
      415   0.375620228570       -0.500000000000         30.5366899065     
      416   0.417353340997       -0.500000000000         30.5361480411     
      417   0.459085673900       -0.500000000000         30.5355491410     
      418   0.500817149332        0.500000000000         30.5348932073     
      419   0.500817149332       -0.450000000000         30.5348932073     
      420   0.500817149332       -0.400000000000         30.5348932073     

 
      421   0.500817149332       -0.350000000000         30.5348932073     
      422   0.500817149332       -0.300000000000         30.5348932073     
      423   0.500817149332       -0.250000000000         30.5348932073     
      424   0.500817149332       -0.200000000000         30.5348932073     
      425   0.500817149332       -0.150000000000         30.5348932073     
      426   0.500817149332       -0.100000000000         30.5348932073     
      427   0.500817149332       -0.500000000000E-001    30.5348932073     
      428   0.500817149332         0.00000000000         30.5348932073     
      429   0.500817149332        0.500000000000E-001    30.5348932073     
      430   0.500817149332        0.100000000000         30.5348932073     
      431   0.500817149332        0.150000000000         30.5348932073     
      432   0.500817149332        0.200000000000         30.5348932073     
      433   0.500817149332        0.250000000000         30.5348932073     
      434   0.500817149332        0.300000000000         30.5348932073     
      435   0.500817149332        0.350000000000         30.5348932073     
      436   0.500817149332        0.400000000000         30.5348932073     
      437   0.500817149332        0.450000000000         30.5348932073     
      438   0.417366203418E-001   0.500000000000         30.5389714800     
      439   0.834731627283E-001   0.500000000000         30.5388859199     
      440   0.125209549205        0.500000000000         30.5387433201     

 
      441   0.166945701818        0.500000000000         30.5385436806     
      442   0.208681542614        0.500000000000         30.5382870019     
      443   0.250416993639        0.500000000000         30.5379732846     
      444   0.292151976941        0.500000000000         30.5376025291     
      445   0.333886414568        0.500000000000         30.5371747361     
      446   0.375620228570        0.500000000000         30.5366899065     
      447   0.417353340997        0.500000000000         30.5361480411     
      448   0.459085673900        0.500000000000         30.5355491410     
      449   0.417366205097E-001  -0.400000000000         30.5389714800     
      450   0.417366205097E-001  -0.300000000000         30.5389714800     
      451   0.417366205097E-001  -0.200000000000         30.5389714800     
      452   0.417366205097E-001  -0.100000000000         30.5389714800     
      453   0.417366205097E-001    0.00000000000         30.5389714800     
      454   0.417366205097E-001   0.100000000000         30.5389714800     
      455   0.417366205097E-001   0.200000000000         30.5389714800     
      456   0.417366205097E-001   0.300000000000         30.5389714800     
      457   0.417366205097E-001   0.400000000000         30.5389714800     
      458   0.834731628810E-001  -0.450000000000         30.5388859199     
      459   0.834731628810E-001  -0.400000000000         30.5388859199     
      460   0.834731628810E-001  -0.350000000000         30.5388859199     

 
      461   0.834731628810E-001  -0.300000000000         30.5388859199     
      462   0.834731628810E-001  -0.250000000000         30.5388859199     
      463   0.834731628810E-001  -0.200000000000         30.5388859199     
      464   0.834731628810E-001  -0.150000000000         30.5388859199     
      465   0.834731628810E-001  -0.100000000000         30.5388859199     
      466   0.834731628810E-001  -0.500000000000E-001    30.5388859199     
      467   0.834731628810E-001    0.00000000000         30.5388859199     
      468   0.834731628810E-001   0.500000000000E-001    30.5388859199     
      469   0.834731628810E-001   0.100000000000         30.5388859199     
      470   0.834731628810E-001   0.150000000000         30.5388859199     
      471   0.834731628810E-001   0.200000000000         30.5388859199     
      472   0.834731628810E-001   0.250000000000         30.5388859199     
      473   0.834731628810E-001   0.300000000000         30.5388859199     
      474   0.834731628810E-001   0.350000000000         30.5388859199     
      475   0.834731628810E-001   0.400000000000         30.5388859199     
      476   0.834731628810E-001   0.450000000000         30.5388859199     
      477   0.125209549205       -0.400000000000         30.5387433201     
      478   0.125209549205       -0.300000000000         30.5387433201     
      479   0.125209549205       -0.200000000000         30.5387433201     
      480   0.125209549205       -0.100000000000         30.5387433201     

 
      481   0.125209549205         0.00000000000         30.5387433201     
      482   0.125209549205        0.100000000000         30.5387433201     
      483   0.125209549205        0.200000000000         30.5387433201     
      484   0.125209549205        0.300000000000         30.5387433201     
      485   0.125209549205        0.400000000000         30.5387433201     
      486   0.166945701574       -0.450000000000         30.5385436806     
      487   0.166945701574       -0.400000000000         30.5385436806     
      488   0.166945701574       -0.350000000000         30.5385436806     
      489   0.166945701574       -0.300000000000         30.5385436806     
      490   0.166945701574       -0.250000000000         30.5385436806     
      491   0.166945701574       -0.200000000000         30.5385436806     
      492   0.166945701574       -0.150000000000         30.5385436806     
      493   0.166945701574       -0.100000000000         30.5385436806     
      494   0.166945701574       -0.500000000000E-001    30.5385436806     
      495   0.166945701574         0.00000000000         30.5385436806     
      496   0.166945701574        0.500000000000E-001    30.5385436806     
      497   0.166945701574        0.100000000000         30.5385436806     
      498   0.166945701574        0.150000000000         30.5385436806     
      499   0.166945701574        0.200000000000         30.5385436806     
      500   0.166945701574        0.250000000000         30.5385436806     

 
      501   0.166945701574        0.300000000000         30.5385436806     
      502   0.166945701574        0.350000000000         30.5385436806     
      503   0.166945701574        0.400000000000         30.5385436806     
      504   0.166945701574        0.450000000000         30.5385436806     
      505   0.208681542080       -0.400000000000         30.5382870020     
      506   0.208681542080       -0.300000000000         30.5382870020     
      507   0.208681542080       -0.200000000000         30.5382870020     
      508   0.208681542080       -0.100000000000         30.5382870020     
      509   0.208681542080         0.00000000000         30.5382870020     
      510   0.208681542080        0.100000000000         30.5382870020     
      511   0.208681542080        0.200000000000         30.5382870020     
      512   0.208681542080        0.300000000000         30.5382870020     
      513   0.208681542080        0.400000000000         30.5382870020     
      514   0.250416992815       -0.450000000000         30.5379732846     
      515   0.250416992815       -0.400000000000         30.5379732846     
      516   0.250416992815       -0.350000000000         30.5379732846     
      517   0.250416992815       -0.300000000000         30.5379732846     
      518   0.250416992815       -0.250000000000         30.5379732846     
      519   0.250416992815       -0.200000000000         30.5379732846     
      520   0.250416992815       -0.150000000000         30.5379732846     

 
      521   0.250416992815       -0.100000000000         30.5379732846     
      522   0.250416992815       -0.500000000000E-001    30.5379732846     
      523   0.250416992815         0.00000000000         30.5379732846     
      524   0.250416992815        0.500000000000E-001    30.5379732846     
      525   0.250416992815        0.100000000000         30.5379732846     
      526   0.250416992815        0.150000000000         30.5379732846     
      527   0.250416992815        0.200000000000         30.5379732846     
      528   0.250416992815        0.250000000000         30.5379732846     
      529   0.250416992815        0.300000000000         30.5379732846     
      530   0.250416992815        0.350000000000         30.5379732846     
      531   0.250416992815        0.400000000000         30.5379732846     
      532   0.250416992815        0.450000000000         30.5379732846     
      533   0.292151975873       -0.400000000000         30.5376025291     
      534   0.292151975873       -0.300000000000         30.5376025291     
      535   0.292151975873       -0.200000000000         30.5376025291     
      536   0.292151975873       -0.100000000000         30.5376025291     
      537   0.292151975873         0.00000000000         30.5376025291     
      538   0.292151975873        0.100000000000         30.5376025291     
      539   0.292151975873        0.200000000000         30.5376025291     
      540   0.292151975873        0.300000000000         30.5376025291     

 
      541   0.292151975873        0.400000000000         30.5376025291     
      542   0.333886413348       -0.450000000000         30.5371747361     
      543   0.333886413348       -0.400000000000         30.5371747361     
      544   0.333886413348       -0.350000000000         30.5371747361     
      545   0.333886413348       -0.300000000000         30.5371747361     
      546   0.333886413348       -0.250000000000         30.5371747361     
      547   0.333886413348       -0.200000000000         30.5371747361     
      548   0.333886413348       -0.150000000000         30.5371747361     
      549   0.333886413348       -0.100000000000         30.5371747361     
      550   0.333886413348       -0.500000000000E-001    30.5371747361     
      551   0.333886413348         0.00000000000         30.5371747361     
      552   0.333886413348        0.500000000000E-001    30.5371747361     
      553   0.333886413348        0.100000000000         30.5371747361     
      554   0.333886413348        0.150000000000         30.5371747361     
      555   0.333886413348        0.200000000000         30.5371747361     
      556   0.333886413348        0.250000000000         30.5371747361     
      557   0.333886413348        0.300000000000         30.5371747361     
      558   0.333886413348        0.350000000000         30.5371747361     
      559   0.333886413348        0.400000000000         30.5371747361     
      560   0.333886413348        0.450000000000         30.5371747361     

 
      561   0.375620227334       -0.400000000000         30.5366899065     
      562   0.375620227334       -0.300000000000         30.5366899065     
      563   0.375620227334       -0.200000000000         30.5366899065     
      564   0.375620227334       -0.100000000000         30.5366899065     
      565   0.375620227334         0.00000000000         30.5366899065     
      566   0.375620227334        0.100000000000         30.5366899065     
      567   0.375620227334        0.200000000000         30.5366899065     
      568   0.375620227334        0.300000000000         30.5366899065     
      569   0.375620227334        0.400000000000         30.5366899065     
      570   0.417353339928       -0.450000000000         30.5361480411     
      571   0.417353339928       -0.400000000000         30.5361480411     
      572   0.417353339928       -0.350000000000         30.5361480411     
      573   0.417353339928       -0.300000000000         30.5361480411     
      574   0.417353339928       -0.250000000000         30.5361480411     
      575   0.417353339928       -0.200000000000         30.5361480411     
      576   0.417353339928       -0.150000000000         30.5361480411     
      577   0.417353339928       -0.100000000000         30.5361480411     
      578   0.417353339928       -0.500000000000E-001    30.5361480411     
      579   0.417353339928         0.00000000000         30.5361480411     
      580   0.417353339928        0.500000000000E-001    30.5361480411     

 
      581   0.417353339928        0.100000000000         30.5361480411     
      582   0.417353339928        0.150000000000         30.5361480411     
      583   0.417353339928        0.200000000000         30.5361480411     
      584   0.417353339928        0.250000000000         30.5361480411     
      585   0.417353339928        0.300000000000         30.5361480411     
      586   0.417353339928        0.350000000000         30.5361480411     
      587   0.417353339928        0.400000000000         30.5361480411     
      588   0.417353339928        0.450000000000         30.5361480411     
      589   0.459085673228       -0.400000000000         30.5355491410     
      590   0.459085673228       -0.300000000000         30.5355491410     
      591   0.459085673228       -0.200000000000         30.5355491410     
      592   0.459085673228       -0.100000000000         30.5355491410     
      593   0.459085673228         0.00000000000         30.5355491410     
      594   0.459085673228        0.100000000000         30.5355491410     
      595   0.459085673228        0.200000000000         30.5355491410     
      596   0.459085673228        0.300000000000         30.5355491410     
      597   0.459085673228        0.400000000000         30.5355491410     
      598    1.00149960190       -0.500000000000         30.5225739339     
      599   0.542547689351       -0.500000000000         30.5341802412     
      600   0.584277216012       -0.500000000000         30.5334102441     

 
      601   0.626005651372       -0.500000000000         30.5325832173     
      602   0.667732917493       -0.500000000000         30.5316991625     
      603   0.709458936438       -0.500000000000         30.5307580813     
      604   0.751183630271       -0.500000000000         30.5297599754     
      605   0.792906921060       -0.500000000000         30.5287048467     
      606   0.834628730876       -0.500000000000         30.5275926971     
      607   0.876348981790       -0.500000000000         30.5264235288     
      608   0.918067595880       -0.500000000000         30.5251973440     
      609   0.959784495224       -0.500000000000         30.5239141449     
      610    1.00149960190        0.500000000000         30.5225739339     
      611    1.00149960190       -0.450000000000         30.5225739339     
      612    1.00149960190       -0.400000000000         30.5225739339     
      613    1.00149960190       -0.350000000000         30.5225739339     
      614    1.00149960190       -0.300000000000         30.5225739339     
      615    1.00149960190       -0.250000000000         30.5225739339     
      616    1.00149960190       -0.200000000000         30.5225739339     
      617    1.00149960190       -0.150000000000         30.5225739339     
      618    1.00149960190       -0.100000000000         30.5225739339     
      619    1.00149960190       -0.500000000000E-001    30.5225739339     
      620    1.00149960190         0.00000000000         30.5225739339     

 
      621    1.00149960190        0.500000000000E-001    30.5225739339     
      622    1.00149960190        0.100000000000         30.5225739339     
      623    1.00149960190        0.150000000000         30.5225739339     
      624    1.00149960190        0.200000000000         30.5225739339     
      625    1.00149960190        0.250000000000         30.5225739339     
      626    1.00149960190        0.300000000000         30.5225739339     
      627    1.00149960190        0.350000000000         30.5225739339     
      628    1.00149960190        0.400000000000         30.5225739339     
      629    1.00149960190        0.450000000000         30.5225739339     
      630   0.542547689351        0.500000000000         30.5341802412     
      631   0.584277216012        0.500000000000         30.5334102441     
      632   0.626005651372        0.500000000000         30.5325832173     
      633   0.667732917493        0.500000000000         30.5316991625     
      634   0.709458936438        0.500000000000         30.5307580813     
      635   0.751183630271        0.500000000000         30.5297599754     
      636   0.792906921060        0.500000000000         30.5287048467     
      637   0.834628730876        0.500000000000         30.5275926971     
      638   0.876348981790        0.500000000000         30.5264235288     
      639   0.918067595880        0.500000000000         30.5251973440     
      640   0.959784495224        0.500000000000         30.5239141449     

 
      641   0.542547688707       -0.400000000000         30.5341802413     
      642   0.542547688707       -0.300000000000         30.5341802413     
      643   0.542547688707       -0.200000000000         30.5341802413     
      644   0.542547688707       -0.100000000000         30.5341802413     
      645   0.542547688707         0.00000000000         30.5341802413     
      646   0.542547688707        0.100000000000         30.5341802413     
      647   0.542547688707        0.200000000000         30.5341802413     
      648   0.542547688707        0.300000000000         30.5341802413     
      649   0.542547688707        0.400000000000         30.5341802413     
      650   0.584277214968       -0.450000000000         30.5334102441     
      651   0.584277214968       -0.400000000000         30.5334102441     
      652   0.584277214968       -0.350000000000         30.5334102441     
      653   0.584277214968       -0.300000000000         30.5334102441     
      654   0.584277214968       -0.250000000000         30.5334102441     
      655   0.584277214968       -0.200000000000         30.5334102441     
      656   0.584277214968       -0.150000000000         30.5334102441     
      657   0.584277214968       -0.100000000000         30.5334102441     
      658   0.584277214968       -0.500000000000E-001    30.5334102441     
      659   0.584277214968         0.00000000000         30.5334102441     
      660   0.584277214968        0.500000000000E-001    30.5334102441     

 
      661   0.584277214968        0.100000000000         30.5334102441     
      662   0.584277214968        0.150000000000         30.5334102441     
      663   0.584277214968        0.200000000000         30.5334102441     
      664   0.584277214968        0.250000000000         30.5334102441     
      665   0.584277214968        0.300000000000         30.5334102441     
      666   0.584277214968        0.350000000000         30.5334102441     
      667   0.584277214968        0.400000000000         30.5334102441     
      668   0.584277214968        0.450000000000         30.5334102441     
      669   0.626005650136       -0.400000000000         30.5325832174     
      670   0.626005650136       -0.300000000000         30.5325832174     
      671   0.626005650136       -0.200000000000         30.5325832174     
      672   0.626005650136       -0.100000000000         30.5325832174     
      673   0.626005650136         0.00000000000         30.5325832174     
      674   0.626005650136        0.100000000000         30.5325832174     
      675   0.626005650136        0.200000000000         30.5325832174     
      676   0.626005650136        0.300000000000         30.5325832174     
      677   0.626005650136        0.400000000000         30.5325832174     
      678   0.667732916233       -0.450000000000         30.5316991626     
      679   0.667732916233       -0.400000000000         30.5316991626     
      680   0.667732916233       -0.350000000000         30.5316991626     

 
      681   0.667732916233       -0.300000000000         30.5316991626     
      682   0.667732916233       -0.250000000000         30.5316991626     
      683   0.667732916233       -0.200000000000         30.5316991626     
      684   0.667732916233       -0.150000000000         30.5316991626     
      685   0.667732916233       -0.100000000000         30.5316991626     
      686   0.667732916233       -0.500000000000E-001    30.5316991626     
      687   0.667732916233         0.00000000000         30.5316991626     
      688   0.667732916233        0.500000000000E-001    30.5316991626     
      689   0.667732916233        0.100000000000         30.5316991626     
      690   0.667732916233        0.150000000000         30.5316991626     
      691   0.667732916233        0.200000000000         30.5316991626     
      692   0.667732916233        0.250000000000         30.5316991626     
      693   0.667732916233        0.300000000000         30.5316991626     
      694   0.667732916233        0.350000000000         30.5316991626     
      695   0.667732916233        0.400000000000         30.5316991626     
      696   0.667732916233        0.450000000000         30.5316991626     
      697   0.709458935284       -0.400000000000         30.5307580813     
      698   0.709458935284       -0.300000000000         30.5307580813     
      699   0.709458935284       -0.200000000000         30.5307580813     
      700   0.709458935284       -0.100000000000         30.5307580813     

 
      701   0.709458935284         0.00000000000         30.5307580813     
      702   0.709458935284        0.100000000000         30.5307580813     
      703   0.709458935284        0.200000000000         30.5307580813     
      704   0.709458935284        0.300000000000         30.5307580813     
      705   0.709458935284        0.400000000000         30.5307580813     
      706   0.751183629315       -0.450000000000         30.5297599754     
      707   0.751183629315       -0.400000000000         30.5297599754     
      708   0.751183629315       -0.350000000000         30.5297599754     
      709   0.751183629315       -0.300000000000         30.5297599754     
      710   0.751183629315       -0.250000000000         30.5297599754     
      711   0.751183629315       -0.200000000000         30.5297599754     
      712   0.751183629315       -0.150000000000         30.5297599754     
      713   0.751183629315       -0.100000000000         30.5297599754     
      714   0.751183629315       -0.500000000000E-001    30.5297599754     
      715   0.751183629315         0.00000000000         30.5297599754     
      716   0.751183629315        0.500000000000E-001    30.5297599754     
      717   0.751183629315        0.100000000000         30.5297599754     
      718   0.751183629315        0.150000000000         30.5297599754     
      719   0.751183629315        0.200000000000         30.5297599754     
      720   0.751183629315        0.250000000000         30.5297599754     

 
      721   0.751183629315        0.300000000000         30.5297599754     
      722   0.751183629315        0.350000000000         30.5297599754     
      723   0.751183629315        0.400000000000         30.5297599754     
      724   0.751183629315        0.450000000000         30.5297599754     
      725   0.792906920355       -0.400000000000         30.5287048467     
      726   0.792906920355       -0.300000000000         30.5287048467     
      727   0.792906920355       -0.200000000000         30.5287048467     
      728   0.792906920355       -0.100000000000         30.5287048467     
      729   0.792906920355         0.00000000000         30.5287048467     
      730   0.792906920355        0.100000000000         30.5287048467     
      731   0.792906920355        0.200000000000         30.5287048467     
      732   0.792906920355        0.300000000000         30.5287048467     
      733   0.792906920355        0.400000000000         30.5287048467     
      734   0.834628730436       -0.450000000000         30.5275926971     
      735   0.834628730436       -0.400000000000         30.5275926971     
      736   0.834628730436       -0.350000000000         30.5275926971     
      737   0.834628730436       -0.300000000000         30.5275926971     
      738   0.834628730436       -0.250000000000         30.5275926971     
      739   0.834628730436       -0.200000000000         30.5275926971     
      740   0.834628730436       -0.150000000000         30.5275926971     

 
      741   0.834628730436       -0.100000000000         30.5275926971     
      742   0.834628730436       -0.500000000000E-001    30.5275926971     
      743   0.834628730436         0.00000000000         30.5275926971     
      744   0.834628730436        0.500000000000E-001    30.5275926971     
      745   0.834628730436        0.100000000000         30.5275926971     
      746   0.834628730436        0.150000000000         30.5275926971     
      747   0.834628730436        0.200000000000         30.5275926971     
      748   0.834628730436        0.250000000000         30.5275926971     
      749   0.834628730436        0.300000000000         30.5275926971     
      750   0.834628730436        0.350000000000         30.5275926971     
      751   0.834628730436        0.400000000000         30.5275926971     
      752   0.834628730436        0.450000000000         30.5275926971     
      753   0.876348981592       -0.400000000000         30.5264235288     
      754   0.876348981592       -0.300000000000         30.5264235288     
      755   0.876348981592       -0.200000000000         30.5264235288     
      756   0.876348981592       -0.100000000000         30.5264235288     
      757   0.876348981592         0.00000000000         30.5264235288     
      758   0.876348981592        0.100000000000         30.5264235288     
      759   0.876348981592        0.200000000000         30.5264235288     
      760   0.876348981592        0.300000000000         30.5264235288     

 
      761   0.876348981592        0.400000000000         30.5264235288     
      762   0.918067595862       -0.450000000000         30.5251973440     
      763   0.918067595862       -0.400000000000         30.5251973440     
      764   0.918067595862       -0.350000000000         30.5251973440     
      765   0.918067595862       -0.300000000000         30.5251973440     
      766   0.918067595862       -0.250000000000         30.5251973440     
      767   0.918067595862       -0.200000000000         30.5251973440     
      768   0.918067595862       -0.150000000000         30.5251973440     
      769   0.918067595862       -0.100000000000         30.5251973440     
      770   0.918067595862       -0.500000000000E-001    30.5251973440     
      771   0.918067595862         0.00000000000         30.5251973440     
      772   0.918067595862        0.500000000000E-001    30.5251973440     
      773   0.918067595862        0.100000000000         30.5251973440     
      774   0.918067595862        0.150000000000         30.5251973440     
      775   0.918067595862        0.200000000000         30.5251973440     
      776   0.918067595862        0.250000000000         30.5251973440     
      777   0.918067595862        0.300000000000         30.5251973440     
      778   0.918067595862        0.350000000000         30.5251973440     
      779   0.918067595862        0.400000000000         30.5251973440     
      780   0.918067595862        0.450000000000         30.5251973440     

 
      781   0.959784495284       -0.400000000000         30.5239141449     
      782   0.959784495284       -0.300000000000         30.5239141449     
      783   0.959784495284       -0.200000000000         30.5239141449     
      784   0.959784495284       -0.100000000000         30.5239141449     
      785   0.959784495284         0.00000000000         30.5239141449     
      786   0.959784495284        0.100000000000         30.5239141449     
      787   0.959784495284        0.200000000000         30.5239141449     
      788   0.959784495284        0.300000000000         30.5239141449     
      789   0.959784495284        0.400000000000         30.5239141449     

