
 
        1  -0.999445399616       -0.500000000000         12.0429993047     
        2  -0.500151258217       -0.500000000000         12.0740453900     
        3  -0.957891186456       -0.500000000000         12.0463757137     
        4  -0.916325572031       -0.500000000000         12.0496087408     
        5  -0.874749051065       -0.500000000000         12.0526983476     
        6  -0.833162118413       -0.500000000000         12.0556444973     
        7  -0.791565269060       -0.500000000000         12.0584471548     
        8  -0.749958998106       -0.500000000000         12.0611062868     
        9  -0.708343800771       -0.500000000000         12.0636218616     
       10  -0.666720172378       -0.500000000000         12.0659938493     
       11  -0.625088608357       -0.500000000000         12.0682222217     
       12  -0.583449604232       -0.500000000000         12.0703069522     
       13  -0.541803655618       -0.500000000000         12.0722480160     
       14  -0.500151258217        0.500000000000         12.0740453900     
       15  -0.500151258217       -0.450000000000         12.0740453900     
       16  -0.500151258217       -0.400000000000         12.0740453900     
       17  -0.500151258217       -0.350000000000         12.0740453900     
       18  -0.500151258217       -0.300000000000         12.0740453900     
       19  -0.500151258217       -0.250000000000         12.0740453900     
       20  -0.500151258217       -0.200000000000         12.0740453900     

 
       21  -0.500151258217       -0.150000000000         12.0740453900     
       22  -0.500151258217       -0.100000000000         12.0740453900     
       23  -0.500151258217       -0.500000000000E-001    12.0740453900     
       24  -0.500151258217         0.00000000000         12.0740453900     
       25  -0.500151258217        0.500000000000E-001    12.0740453900     
       26  -0.500151258217        0.100000000000         12.0740453900     
       27  -0.500151258217        0.150000000000         12.0740453900     
       28  -0.500151258217        0.200000000000         12.0740453900     
       29  -0.500151258217        0.250000000000         12.0740453900     
       30  -0.500151258217        0.300000000000         12.0740453900     
       31  -0.500151258217        0.350000000000         12.0740453900     
       32  -0.500151258217        0.400000000000         12.0740453900     
       33  -0.500151258217        0.450000000000         12.0740453900     
       34  -0.999445399616        0.500000000000         12.0429993047     
       35  -0.957891186456        0.500000000000         12.0463757137     
       36  -0.916325572031        0.500000000000         12.0496087408     
       37  -0.874749051065        0.500000000000         12.0526983476     
       38  -0.833162118413        0.500000000000         12.0556444973     
       39  -0.791565269060        0.500000000000         12.0584471548     
       40  -0.749958998106        0.500000000000         12.0611062868     

 
       41  -0.708343800771        0.500000000000         12.0636218616     
       42  -0.666720172378        0.500000000000         12.0659938493     
       43  -0.625088608357        0.500000000000         12.0682222217     
       44  -0.583449604232        0.500000000000         12.0703069522     
       45  -0.541803655618        0.500000000000         12.0722480160     
       46  -0.999445399616       -0.450000000000         12.0429993047     
       47  -0.999445399616       -0.400000000000         12.0429993047     
       48  -0.999445399616       -0.350000000000         12.0429993047     
       49  -0.999445399616       -0.300000000000         12.0429993047     
       50  -0.999445399616       -0.250000000000         12.0429993047     
       51  -0.999445399616       -0.200000000000         12.0429993047     
       52  -0.999445399616       -0.150000000000         12.0429993047     
       53  -0.999445399616       -0.100000000000         12.0429993047     
       54  -0.999445399616       -0.500000000000E-001    12.0429993047     
       55  -0.999445399616         0.00000000000         12.0429993047     
       56  -0.999445399616        0.500000000000E-001    12.0429993047     
       57  -0.999445399616        0.100000000000         12.0429993047     
       58  -0.999445399616        0.150000000000         12.0429993047     
       59  -0.999445399616        0.200000000000         12.0429993047     
       60  -0.999445399616        0.250000000000         12.0429993047     

 
       61  -0.999445399616        0.300000000000         12.0429993047     
       62  -0.999445399616        0.350000000000         12.0429993047     
       63  -0.999445399616        0.400000000000         12.0429993047     
       64  -0.999445399616        0.450000000000         12.0429993047     
       65  -0.957891186972       -0.400000000000         12.0463757136     
       66  -0.957891186972       -0.300000000000         12.0463757136     
       67  -0.957891186972       -0.200000000000         12.0463757136     
       68  -0.957891186972       -0.100000000000         12.0463757136     
       69  -0.957891186972         0.00000000000         12.0463757136     
       70  -0.957891186972        0.100000000000         12.0463757136     
       71  -0.957891186972        0.200000000000         12.0463757136     
       72  -0.957891186972        0.300000000000         12.0463757136     
       73  -0.957891186972        0.400000000000         12.0463757136     
       74  -0.916325572913       -0.450000000000         12.0496087407     
       75  -0.916325572913       -0.400000000000         12.0496087407     
       76  -0.916325572913       -0.350000000000         12.0496087407     
       77  -0.916325572913       -0.300000000000         12.0496087407     
       78  -0.916325572913       -0.250000000000         12.0496087407     
       79  -0.916325572913       -0.200000000000         12.0496087407     
       80  -0.916325572913       -0.150000000000         12.0496087407     

 
       81  -0.916325572913       -0.100000000000         12.0496087407     
       82  -0.916325572913       -0.500000000000E-001    12.0496087407     
       83  -0.916325572913         0.00000000000         12.0496087407     
       84  -0.916325572913        0.500000000000E-001    12.0496087407     
       85  -0.916325572913        0.100000000000         12.0496087407     
       86  -0.916325572913        0.150000000000         12.0496087407     
       87  -0.916325572913        0.200000000000         12.0496087407     
       88  -0.916325572913        0.250000000000         12.0496087407     
       89  -0.916325572913        0.300000000000         12.0496087407     
       90  -0.916325572913        0.350000000000         12.0496087407     
       91  -0.916325572913        0.400000000000         12.0496087407     
       92  -0.916325572913        0.450000000000         12.0496087407     
       93  -0.874749052180       -0.400000000000         12.0526983475     
       94  -0.874749052180       -0.300000000000         12.0526983475     
       95  -0.874749052180       -0.200000000000         12.0526983475     
       96  -0.874749052180       -0.100000000000         12.0526983475     
       97  -0.874749052180         0.00000000000         12.0526983475     
       98  -0.874749052180        0.100000000000         12.0526983475     
       99  -0.874749052180        0.200000000000         12.0526983475     
      100  -0.874749052180        0.300000000000         12.0526983475     

 
      101  -0.874749052180        0.400000000000         12.0526983475     
      102  -0.833162119647       -0.450000000000         12.0556444972     
      103  -0.833162119647       -0.400000000000         12.0556444972     
      104  -0.833162119647       -0.350000000000         12.0556444972     
      105  -0.833162119647       -0.300000000000         12.0556444972     
      106  -0.833162119647       -0.250000000000         12.0556444972     
      107  -0.833162119647       -0.200000000000         12.0556444972     
      108  -0.833162119647       -0.150000000000         12.0556444972     
      109  -0.833162119647       -0.100000000000         12.0556444972     
      110  -0.833162119647       -0.500000000000E-001    12.0556444972     
      111  -0.833162119647         0.00000000000         12.0556444972     
      112  -0.833162119647        0.500000000000E-001    12.0556444972     
      113  -0.833162119647        0.100000000000         12.0556444972     
      114  -0.833162119647        0.150000000000         12.0556444972     
      115  -0.833162119647        0.200000000000         12.0556444972     
      116  -0.833162119647        0.250000000000         12.0556444972     
      117  -0.833162119647        0.300000000000         12.0556444972     
      118  -0.833162119647        0.350000000000         12.0556444972     
      119  -0.833162119647        0.400000000000         12.0556444972     
      120  -0.833162119647        0.450000000000         12.0556444972     

 
      121  -0.791565270312       -0.400000000000         12.0584471547     
      122  -0.791565270312       -0.300000000000         12.0584471547     
      123  -0.791565270312       -0.200000000000         12.0584471547     
      124  -0.791565270312       -0.100000000000         12.0584471547     
      125  -0.791565270312         0.00000000000         12.0584471547     
      126  -0.791565270312        0.100000000000         12.0584471547     
      127  -0.791565270312        0.200000000000         12.0584471547     
      128  -0.791565270312        0.300000000000         12.0584471547     
      129  -0.791565270312        0.400000000000         12.0584471547     
      130  -0.749958999294       -0.450000000000         12.0611062867     
      131  -0.749958999294       -0.400000000000         12.0611062867     
      132  -0.749958999294       -0.350000000000         12.0611062867     
      133  -0.749958999294       -0.300000000000         12.0611062867     
      134  -0.749958999294       -0.250000000000         12.0611062867     
      135  -0.749958999294       -0.200000000000         12.0611062867     
      136  -0.749958999294       -0.150000000000         12.0611062867     
      137  -0.749958999294       -0.100000000000         12.0611062867     
      138  -0.749958999294       -0.500000000000E-001    12.0611062867     
      139  -0.749958999294         0.00000000000         12.0611062867     
      140  -0.749958999294        0.500000000000E-001    12.0611062867     

 
      141  -0.749958999294        0.100000000000         12.0611062867     
      142  -0.749958999294        0.150000000000         12.0611062867     
      143  -0.749958999294        0.200000000000         12.0611062867     
      144  -0.749958999294        0.250000000000         12.0611062867     
      145  -0.749958999294        0.300000000000         12.0611062867     
      146  -0.749958999294        0.350000000000         12.0611062867     
      147  -0.749958999294        0.400000000000         12.0611062867     
      148  -0.749958999294        0.450000000000         12.0611062867     
      149  -0.708343801828       -0.400000000000         12.0636218616     
      150  -0.708343801828       -0.300000000000         12.0636218616     
      151  -0.708343801828       -0.200000000000         12.0636218616     
      152  -0.708343801828       -0.100000000000         12.0636218616     
      153  -0.708343801828         0.00000000000         12.0636218616     
      154  -0.708343801828        0.100000000000         12.0636218616     
      155  -0.708343801828        0.200000000000         12.0636218616     
      156  -0.708343801828        0.300000000000         12.0636218616     
      157  -0.708343801828        0.400000000000         12.0636218616     
      158  -0.666720173256       -0.450000000000         12.0659938493     
      159  -0.666720173256       -0.400000000000         12.0659938493     
      160  -0.666720173256       -0.350000000000         12.0659938493     

 
      161  -0.666720173256       -0.300000000000         12.0659938493     
      162  -0.666720173256       -0.250000000000         12.0659938493     
      163  -0.666720173256       -0.200000000000         12.0659938493     
      164  -0.666720173256       -0.150000000000         12.0659938493     
      165  -0.666720173256       -0.100000000000         12.0659938493     
      166  -0.666720173256       -0.500000000000E-001    12.0659938493     
      167  -0.666720173256         0.00000000000         12.0659938493     
      168  -0.666720173256        0.500000000000E-001    12.0659938493     
      169  -0.666720173256        0.100000000000         12.0659938493     
      170  -0.666720173256        0.150000000000         12.0659938493     
      171  -0.666720173256        0.200000000000         12.0659938493     
      172  -0.666720173256        0.250000000000         12.0659938493     
      173  -0.666720173256        0.300000000000         12.0659938493     
      174  -0.666720173256        0.350000000000         12.0659938493     
      175  -0.666720173256        0.400000000000         12.0659938493     
      176  -0.666720173256        0.450000000000         12.0659938493     
      177  -0.625088609023       -0.400000000000         12.0682222216     
      178  -0.625088609023       -0.300000000000         12.0682222216     
      179  -0.625088609023       -0.200000000000         12.0682222216     
      180  -0.625088609023       -0.100000000000         12.0682222216     

 
      181  -0.625088609023         0.00000000000         12.0682222216     
      182  -0.625088609023        0.100000000000         12.0682222216     
      183  -0.625088609023        0.200000000000         12.0682222216     
      184  -0.625088609023        0.300000000000         12.0682222216     
      185  -0.625088609023        0.400000000000         12.0682222216     
      186  -0.583449604670       -0.450000000000         12.0703069521     
      187  -0.583449604670       -0.400000000000         12.0703069521     
      188  -0.583449604670       -0.350000000000         12.0703069521     
      189  -0.583449604670       -0.300000000000         12.0703069521     
      190  -0.583449604670       -0.250000000000         12.0703069521     
      191  -0.583449604670       -0.200000000000         12.0703069521     
      192  -0.583449604670       -0.150000000000         12.0703069521     
      193  -0.583449604670       -0.100000000000         12.0703069521     
      194  -0.583449604670       -0.500000000000E-001    12.0703069521     
      195  -0.583449604670         0.00000000000         12.0703069521     
      196  -0.583449604670        0.500000000000E-001    12.0703069521     
      197  -0.583449604670        0.100000000000         12.0703069521     
      198  -0.583449604670        0.150000000000         12.0703069521     
      199  -0.583449604670        0.200000000000         12.0703069521     
      200  -0.583449604670        0.250000000000         12.0703069521     

 
      201  -0.583449604670        0.300000000000         12.0703069521     
      202  -0.583449604670        0.350000000000         12.0703069521     
      203  -0.583449604670        0.400000000000         12.0703069521     
      204  -0.583449604670        0.450000000000         12.0703069521     
      205  -0.541803655828       -0.400000000000         12.0722480160     
      206  -0.541803655828       -0.300000000000         12.0722480160     
      207  -0.541803655828       -0.200000000000         12.0722480160     
      208  -0.541803655828       -0.100000000000         12.0722480160     
      209  -0.541803655828         0.00000000000         12.0722480160     
      210  -0.541803655828        0.100000000000         12.0722480160     
      211  -0.541803655828        0.200000000000         12.0722480160     
      212  -0.541803655828        0.300000000000         12.0722480160     
      213  -0.541803655828        0.400000000000         12.0722480160     
      214    0.00000000000       -0.500000000000         12.0844000000     
      215  -0.458492907697       -0.500000000000         12.0756990528     
      216  -0.416829099994       -0.500000000000         12.0772089847     
      217  -0.375160331000       -0.500000000000         12.0785751679     
      218  -0.333487096670       -0.500000000000         12.0797975859     
      219  -0.291809893014       -0.500000000000         12.0808762243     
      220  -0.250129216090       -0.500000000000         12.0818110702     

 
      221  -0.208445562002       -0.500000000000         12.0826021124     
      222  -0.166759426891       -0.500000000000         12.0832493417     
      223  -0.125071306927       -0.500000000000         12.0837527502     
      224  -0.833816983098E-001  -0.500000000000         12.0841123320     
      225  -0.416910972568E-001  -0.500000000000         12.0843280828     
      226    0.00000000000        0.500000000000         12.0844000000     
      227    0.00000000000       -0.450000000000         12.0844000000     
      228    0.00000000000       -0.400000000000         12.0844000000     
      229    0.00000000000       -0.350000000000         12.0844000000     
      230    0.00000000000       -0.300000000000         12.0844000000     
      231    0.00000000000       -0.250000000000         12.0844000000     
      232    0.00000000000       -0.200000000000         12.0844000000     
      233    0.00000000000       -0.150000000000         12.0844000000     
      234    0.00000000000       -0.100000000000         12.0844000000     
      235    0.00000000000       -0.500000000000E-001    12.0844000000     
      236    0.00000000000         0.00000000000         12.0844000000     
      237    0.00000000000        0.500000000000E-001    12.0844000000     
      238    0.00000000000        0.100000000000         12.0844000000     
      239    0.00000000000        0.150000000000         12.0844000000     
      240    0.00000000000        0.200000000000         12.0844000000     

 
      241    0.00000000000        0.250000000000         12.0844000000     
      242    0.00000000000        0.300000000000         12.0844000000     
      243    0.00000000000        0.350000000000         12.0844000000     
      244    0.00000000000        0.400000000000         12.0844000000     
      245    0.00000000000        0.450000000000         12.0844000000     
      246  -0.458492907697        0.500000000000         12.0756990528     
      247  -0.416829099994        0.500000000000         12.0772089847     
      248  -0.375160331000        0.500000000000         12.0785751679     
      249  -0.333487096670        0.500000000000         12.0797975859     
      250  -0.291809893014        0.500000000000         12.0808762243     
      251  -0.250129216090        0.500000000000         12.0818110702     
      252  -0.208445562002        0.500000000000         12.0826021124     
      253  -0.166759426891        0.500000000000         12.0832493417     
      254  -0.125071306927        0.500000000000         12.0837527502     
      255  -0.833816983098E-001   0.500000000000         12.0841123320     
      256  -0.416910972568E-001   0.500000000000         12.0843280828     
      257  -0.458492908060       -0.400000000000         12.0756990528     
      258  -0.458492908060       -0.300000000000         12.0756990528     
      259  -0.458492908060       -0.200000000000         12.0756990528     
      260  -0.458492908060       -0.100000000000         12.0756990528     

 
      261  -0.458492908060         0.00000000000         12.0756990528     
      262  -0.458492908060        0.100000000000         12.0756990528     
      263  -0.458492908060        0.200000000000         12.0756990528     
      264  -0.458492908060        0.300000000000         12.0756990528     
      265  -0.458492908060        0.400000000000         12.0756990528     
      266  -0.416829100570       -0.450000000000         12.0772089847     
      267  -0.416829100570       -0.400000000000         12.0772089847     
      268  -0.416829100570       -0.350000000000         12.0772089847     
      269  -0.416829100570       -0.300000000000         12.0772089847     
      270  -0.416829100570       -0.250000000000         12.0772089847     
      271  -0.416829100570       -0.200000000000         12.0772089847     
      272  -0.416829100570       -0.150000000000         12.0772089847     
      273  -0.416829100570       -0.100000000000         12.0772089847     
      274  -0.416829100570       -0.500000000000E-001    12.0772089847     
      275  -0.416829100570         0.00000000000         12.0772089847     
      276  -0.416829100570        0.500000000000E-001    12.0772089847     
      277  -0.416829100570        0.100000000000         12.0772089847     
      278  -0.416829100570        0.150000000000         12.0772089847     
      279  -0.416829100570        0.200000000000         12.0772089847     
      280  -0.416829100570        0.250000000000         12.0772089847     

 
      281  -0.416829100570        0.300000000000         12.0772089847     
      282  -0.416829100570        0.350000000000         12.0772089847     
      283  -0.416829100570        0.400000000000         12.0772089847     
      284  -0.416829100570        0.450000000000         12.0772089847     
      285  -0.375160331667       -0.400000000000         12.0785751679     
      286  -0.375160331667       -0.300000000000         12.0785751679     
      287  -0.375160331667       -0.200000000000         12.0785751679     
      288  -0.375160331667       -0.100000000000         12.0785751679     
      289  -0.375160331667         0.00000000000         12.0785751679     
      290  -0.375160331667        0.100000000000         12.0785751679     
      291  -0.375160331667        0.200000000000         12.0785751679     
      292  -0.375160331667        0.300000000000         12.0785751679     
      293  -0.375160331667        0.400000000000         12.0785751679     
      294  -0.333487097329       -0.450000000000         12.0797975859     
      295  -0.333487097329       -0.400000000000         12.0797975859     
      296  -0.333487097329       -0.350000000000         12.0797975859     
      297  -0.333487097329       -0.300000000000         12.0797975859     
      298  -0.333487097329       -0.250000000000         12.0797975859     
      299  -0.333487097329       -0.200000000000         12.0797975859     
      300  -0.333487097329       -0.150000000000         12.0797975859     

 
      301  -0.333487097329       -0.100000000000         12.0797975859     
      302  -0.333487097329       -0.500000000000E-001    12.0797975859     
      303  -0.333487097329         0.00000000000         12.0797975859     
      304  -0.333487097329        0.500000000000E-001    12.0797975859     
      305  -0.333487097329        0.100000000000         12.0797975859     
      306  -0.333487097329        0.150000000000         12.0797975859     
      307  -0.333487097329        0.200000000000         12.0797975859     
      308  -0.333487097329        0.250000000000         12.0797975859     
      309  -0.333487097329        0.300000000000         12.0797975859     
      310  -0.333487097329        0.350000000000         12.0797975859     
      311  -0.333487097329        0.400000000000         12.0797975859     
      312  -0.333487097329        0.450000000000         12.0797975859     
      313  -0.291809893590       -0.400000000000         12.0808762243     
      314  -0.291809893590       -0.300000000000         12.0808762243     
      315  -0.291809893590       -0.200000000000         12.0808762243     
      316  -0.291809893590       -0.100000000000         12.0808762243     
      317  -0.291809893590         0.00000000000         12.0808762243     
      318  -0.291809893590        0.100000000000         12.0808762243     
      319  -0.291809893590        0.200000000000         12.0808762243     
      320  -0.291809893590        0.300000000000         12.0808762243     

 
      321  -0.291809893590        0.400000000000         12.0808762243     
      322  -0.250129216535       -0.450000000000         12.0818110702     
      323  -0.250129216535       -0.400000000000         12.0818110702     
      324  -0.250129216535       -0.350000000000         12.0818110702     
      325  -0.250129216535       -0.300000000000         12.0818110702     
      326  -0.250129216535       -0.250000000000         12.0818110702     
      327  -0.250129216535       -0.200000000000         12.0818110702     
      328  -0.250129216535       -0.150000000000         12.0818110702     
      329  -0.250129216535       -0.100000000000         12.0818110702     
      330  -0.250129216535       -0.500000000000E-001    12.0818110702     
      331  -0.250129216535         0.00000000000         12.0818110702     
      332  -0.250129216535        0.500000000000E-001    12.0818110702     
      333  -0.250129216535        0.100000000000         12.0818110702     
      334  -0.250129216535        0.150000000000         12.0818110702     
      335  -0.250129216535        0.200000000000         12.0818110702     
      336  -0.250129216535        0.250000000000         12.0818110702     
      337  -0.250129216535        0.300000000000         12.0818110702     
      338  -0.250129216535        0.350000000000         12.0818110702     
      339  -0.250129216535        0.400000000000         12.0818110702     
      340  -0.250129216535        0.450000000000         12.0818110702     

 
      341  -0.208445562291       -0.400000000000         12.0826021124     
      342  -0.208445562291       -0.300000000000         12.0826021124     
      343  -0.208445562291       -0.200000000000         12.0826021124     
      344  -0.208445562291       -0.100000000000         12.0826021124     
      345  -0.208445562291         0.00000000000         12.0826021124     
      346  -0.208445562291        0.100000000000         12.0826021124     
      347  -0.208445562291        0.200000000000         12.0826021124     
      348  -0.208445562291        0.300000000000         12.0826021124     
      349  -0.208445562291        0.400000000000         12.0826021124     
      350  -0.166759427022       -0.450000000000         12.0832493417     
      351  -0.166759427022       -0.400000000000         12.0832493417     
      352  -0.166759427022       -0.350000000000         12.0832493417     
      353  -0.166759427022       -0.300000000000         12.0832493417     
      354  -0.166759427022       -0.250000000000         12.0832493417     
      355  -0.166759427022       -0.200000000000         12.0832493417     
      356  -0.166759427022       -0.150000000000         12.0832493417     
      357  -0.166759427022       -0.100000000000         12.0832493417     
      358  -0.166759427022       -0.500000000000E-001    12.0832493417     
      359  -0.166759427022         0.00000000000         12.0832493417     
      360  -0.166759427022        0.500000000000E-001    12.0832493417     

 
      361  -0.166759427022        0.100000000000         12.0832493417     
      362  -0.166759427022        0.150000000000         12.0832493417     
      363  -0.166759427022        0.200000000000         12.0832493417     
      364  -0.166759427022        0.250000000000         12.0832493417     
      365  -0.166759427022        0.300000000000         12.0832493417     
      366  -0.166759427022        0.350000000000         12.0832493417     
      367  -0.166759427022        0.400000000000         12.0832493417     
      368  -0.166759427022        0.450000000000         12.0832493417     
      369  -0.125071306927       -0.400000000000         12.0837527502     
      370  -0.125071306927       -0.300000000000         12.0837527502     
      371  -0.125071306927       -0.200000000000         12.0837527502     
      372  -0.125071306927       -0.100000000000         12.0837527502     
      373  -0.125071306927         0.00000000000         12.0837527502     
      374  -0.125071306927        0.100000000000         12.0837527502     
      375  -0.125071306927        0.200000000000         12.0837527502     
      376  -0.125071306927        0.300000000000         12.0837527502     
      377  -0.125071306927        0.400000000000         12.0837527502     
      378  -0.833816982274E-001  -0.450000000000         12.0841123320     
      379  -0.833816982274E-001  -0.400000000000         12.0841123320     
      380  -0.833816982274E-001  -0.350000000000         12.0841123320     

 
      381  -0.833816982274E-001  -0.300000000000         12.0841123320     
      382  -0.833816982274E-001  -0.250000000000         12.0841123320     
      383  -0.833816982274E-001  -0.200000000000         12.0841123320     
      384  -0.833816982274E-001  -0.150000000000         12.0841123320     
      385  -0.833816982274E-001  -0.100000000000         12.0841123320     
      386  -0.833816982274E-001  -0.500000000000E-001    12.0841123320     
      387  -0.833816982274E-001    0.00000000000         12.0841123320     
      388  -0.833816982274E-001   0.500000000000E-001    12.0841123320     
      389  -0.833816982274E-001   0.100000000000         12.0841123320     
      390  -0.833816982274E-001   0.150000000000         12.0841123320     
      391  -0.833816982274E-001   0.200000000000         12.0841123320     
      392  -0.833816982274E-001   0.250000000000         12.0841123320     
      393  -0.833816982274E-001   0.300000000000         12.0841123320     
      394  -0.833816982274E-001   0.350000000000         12.0841123320     
      395  -0.833816982274E-001   0.400000000000         12.0841123320     
      396  -0.833816982274E-001   0.450000000000         12.0841123320     
      397  -0.416910971662E-001  -0.400000000000         12.0843280828     
      398  -0.416910971662E-001  -0.300000000000         12.0843280828     
      399  -0.416910971662E-001  -0.200000000000         12.0843280828     
      400  -0.416910971662E-001  -0.100000000000         12.0843280828     

 
      401  -0.416910971662E-001    0.00000000000         12.0843280828     
      402  -0.416910971662E-001   0.100000000000         12.0843280828     
      403  -0.416910971662E-001   0.200000000000         12.0843280828     
      404  -0.416910971662E-001   0.300000000000         12.0843280828     
      405  -0.416910971662E-001   0.400000000000         12.0843280828     
      406   0.500151258217       -0.500000000000         12.0740453900     
      407   0.416910973313E-001  -0.500000000000         12.0843280828     
      408   0.833816984120E-001  -0.500000000000         12.0841123320     
      409   0.125071307030       -0.500000000000         12.0837527502     
      410   0.166759426983       -0.500000000000         12.0832493417     
      411   0.208445562084       -0.500000000000         12.0826021124     
      412   0.250129216168       -0.500000000000         12.0818110702     
      413   0.291809893096       -0.500000000000         12.0808762243     
      414   0.333487096763       -0.500000000000         12.0797975859     
      415   0.375160331103       -0.500000000000         12.0785751679     
      416   0.416829100097       -0.500000000000         12.0772089848     
      417   0.458492907772       -0.500000000000         12.0756990528     
      418   0.500151258217        0.500000000000         12.0740453900     
      419   0.500151258217       -0.450000000000         12.0740453900     
      420   0.500151258217       -0.400000000000         12.0740453900     

 
      421   0.500151258217       -0.350000000000         12.0740453900     
      422   0.500151258217       -0.300000000000         12.0740453900     
      423   0.500151258217       -0.250000000000         12.0740453900     
      424   0.500151258217       -0.200000000000         12.0740453900     
      425   0.500151258217       -0.150000000000         12.0740453900     
      426   0.500151258217       -0.100000000000         12.0740453900     
      427   0.500151258217       -0.500000000000E-001    12.0740453900     
      428   0.500151258217         0.00000000000         12.0740453900     
      429   0.500151258217        0.500000000000E-001    12.0740453900     
      430   0.500151258217        0.100000000000         12.0740453900     
      431   0.500151258217        0.150000000000         12.0740453900     
      432   0.500151258217        0.200000000000         12.0740453900     
      433   0.500151258217        0.250000000000         12.0740453900     
      434   0.500151258217        0.300000000000         12.0740453900     
      435   0.500151258217        0.350000000000         12.0740453900     
      436   0.500151258217        0.400000000000         12.0740453900     
      437   0.500151258217        0.450000000000         12.0740453900     
      438   0.416910973313E-001   0.500000000000         12.0843280828     
      439   0.833816984120E-001   0.500000000000         12.0841123320     
      440   0.125071307030        0.500000000000         12.0837527502     

 
      441   0.166759426983        0.500000000000         12.0832493417     
      442   0.208445562084        0.500000000000         12.0826021124     
      443   0.250129216168        0.500000000000         12.0818110702     
      444   0.291809893096        0.500000000000         12.0808762243     
      445   0.333487096763        0.500000000000         12.0797975859     
      446   0.375160331103        0.500000000000         12.0785751679     
      447   0.416829100097        0.500000000000         12.0772089848     
      448   0.458492907772        0.500000000000         12.0756990528     
      449   0.416910974996E-001  -0.400000000000         12.0843280828     
      450   0.416910974996E-001  -0.300000000000         12.0843280828     
      451   0.416910974996E-001  -0.200000000000         12.0843280828     
      452   0.416910974996E-001  -0.100000000000         12.0843280828     
      453   0.416910974996E-001    0.00000000000         12.0843280828     
      454   0.416910974996E-001   0.100000000000         12.0843280828     
      455   0.416910974996E-001   0.200000000000         12.0843280828     
      456   0.416910974996E-001   0.300000000000         12.0843280828     
      457   0.416910974996E-001   0.400000000000         12.0843280828     
      458   0.833816985650E-001  -0.450000000000         12.0841123320     
      459   0.833816985650E-001  -0.400000000000         12.0841123320     
      460   0.833816985650E-001  -0.350000000000         12.0841123320     

 
      461   0.833816985650E-001  -0.300000000000         12.0841123320     
      462   0.833816985650E-001  -0.250000000000         12.0841123320     
      463   0.833816985650E-001  -0.200000000000         12.0841123320     
      464   0.833816985650E-001  -0.150000000000         12.0841123320     
      465   0.833816985650E-001  -0.100000000000         12.0841123320     
      466   0.833816985650E-001  -0.500000000000E-001    12.0841123320     
      467   0.833816985650E-001    0.00000000000         12.0841123320     
      468   0.833816985650E-001   0.500000000000E-001    12.0841123320     
      469   0.833816985650E-001   0.100000000000         12.0841123320     
      470   0.833816985650E-001   0.150000000000         12.0841123320     
      471   0.833816985650E-001   0.200000000000         12.0841123320     
      472   0.833816985650E-001   0.250000000000         12.0841123320     
      473   0.833816985650E-001   0.300000000000         12.0841123320     
      474   0.833816985650E-001   0.350000000000         12.0841123320     
      475   0.833816985650E-001   0.400000000000         12.0841123320     
      476   0.833816985650E-001   0.450000000000         12.0841123320     
      477   0.125071307030       -0.400000000000         12.0837527502     
      478   0.125071307030       -0.300000000000         12.0837527502     
      479   0.125071307030       -0.200000000000         12.0837527502     
      480   0.125071307030       -0.100000000000         12.0837527502     

 
      481   0.125071307030         0.00000000000         12.0837527502     
      482   0.125071307030        0.100000000000         12.0837527502     
      483   0.125071307030        0.200000000000         12.0837527502     
      484   0.125071307030        0.300000000000         12.0837527502     
      485   0.125071307030        0.400000000000         12.0837527502     
      486   0.166759426738       -0.450000000000         12.0832493417     
      487   0.166759426738       -0.400000000000         12.0832493417     
      488   0.166759426738       -0.350000000000         12.0832493417     
      489   0.166759426738       -0.300000000000         12.0832493417     
      490   0.166759426738       -0.250000000000         12.0832493417     
      491   0.166759426738       -0.200000000000         12.0832493417     
      492   0.166759426738       -0.150000000000         12.0832493417     
      493   0.166759426738       -0.100000000000         12.0832493417     
      494   0.166759426738       -0.500000000000E-001    12.0832493417     
      495   0.166759426738         0.00000000000         12.0832493417     
      496   0.166759426738        0.500000000000E-001    12.0832493417     
      497   0.166759426738        0.100000000000         12.0832493417     
      498   0.166759426738        0.150000000000         12.0832493417     
      499   0.166759426738        0.200000000000         12.0832493417     
      500   0.166759426738        0.250000000000         12.0832493417     

 
      501   0.166759426738        0.300000000000         12.0832493417     
      502   0.166759426738        0.350000000000         12.0832493417     
      503   0.166759426738        0.400000000000         12.0832493417     
      504   0.166759426738        0.450000000000         12.0832493417     
      505   0.208445561549       -0.400000000000         12.0826021124     
      506   0.208445561549       -0.300000000000         12.0826021124     
      507   0.208445561549       -0.200000000000         12.0826021124     
      508   0.208445561549       -0.100000000000         12.0826021124     
      509   0.208445561549         0.00000000000         12.0826021124     
      510   0.208445561549        0.100000000000         12.0826021124     
      511   0.208445561549        0.200000000000         12.0826021124     
      512   0.208445561549        0.300000000000         12.0826021124     
      513   0.208445561549        0.400000000000         12.0826021124     
      514   0.250129215342       -0.450000000000         12.0818110702     
      515   0.250129215342       -0.400000000000         12.0818110702     
      516   0.250129215342       -0.350000000000         12.0818110702     
      517   0.250129215342       -0.300000000000         12.0818110702     
      518   0.250129215342       -0.250000000000         12.0818110702     
      519   0.250129215342       -0.200000000000         12.0818110702     
      520   0.250129215342       -0.150000000000         12.0818110702     

 
      521   0.250129215342       -0.100000000000         12.0818110702     
      522   0.250129215342       -0.500000000000E-001    12.0818110702     
      523   0.250129215342         0.00000000000         12.0818110702     
      524   0.250129215342        0.500000000000E-001    12.0818110702     
      525   0.250129215342        0.100000000000         12.0818110702     
      526   0.250129215342        0.150000000000         12.0818110702     
      527   0.250129215342        0.200000000000         12.0818110702     
      528   0.250129215342        0.250000000000         12.0818110702     
      529   0.250129215342        0.300000000000         12.0818110702     
      530   0.250129215342        0.350000000000         12.0818110702     
      531   0.250129215342        0.400000000000         12.0818110702     
      532   0.250129215342        0.450000000000         12.0818110702     
      533   0.291809892025       -0.400000000000         12.0808762243     
      534   0.291809892025       -0.300000000000         12.0808762243     
      535   0.291809892025       -0.200000000000         12.0808762243     
      536   0.291809892025       -0.100000000000         12.0808762243     
      537   0.291809892025         0.00000000000         12.0808762243     
      538   0.291809892025        0.100000000000         12.0808762243     
      539   0.291809892025        0.200000000000         12.0808762243     
      540   0.291809892025        0.300000000000         12.0808762243     

 
      541   0.291809892025        0.400000000000         12.0808762243     
      542   0.333487095539       -0.450000000000         12.0797975859     
      543   0.333487095539       -0.400000000000         12.0797975859     
      544   0.333487095539       -0.350000000000         12.0797975859     
      545   0.333487095539       -0.300000000000         12.0797975859     
      546   0.333487095539       -0.250000000000         12.0797975859     
      547   0.333487095539       -0.200000000000         12.0797975859     
      548   0.333487095539       -0.150000000000         12.0797975859     
      549   0.333487095539       -0.100000000000         12.0797975859     
      550   0.333487095539       -0.500000000000E-001    12.0797975859     
      551   0.333487095539         0.00000000000         12.0797975859     
      552   0.333487095539        0.500000000000E-001    12.0797975859     
      553   0.333487095539        0.100000000000         12.0797975859     
      554   0.333487095539        0.150000000000         12.0797975859     
      555   0.333487095539        0.200000000000         12.0797975859     
      556   0.333487095539        0.250000000000         12.0797975859     
      557   0.333487095539        0.300000000000         12.0797975859     
      558   0.333487095539        0.350000000000         12.0797975859     
      559   0.333487095539        0.400000000000         12.0797975859     
      560   0.333487095539        0.450000000000         12.0797975859     

 
      561   0.375160329864       -0.400000000000         12.0785751679     
      562   0.375160329864       -0.300000000000         12.0785751679     
      563   0.375160329864       -0.200000000000         12.0785751679     
      564   0.375160329864       -0.100000000000         12.0785751679     
      565   0.375160329864         0.00000000000         12.0785751679     
      566   0.375160329864        0.100000000000         12.0785751679     
      567   0.375160329864        0.200000000000         12.0785751679     
      568   0.375160329864        0.300000000000         12.0785751679     
      569   0.375160329864        0.400000000000         12.0785751679     
      570   0.416829099026       -0.450000000000         12.0772089848     
      571   0.416829099026       -0.400000000000         12.0772089848     
      572   0.416829099026       -0.350000000000         12.0772089848     
      573   0.416829099026       -0.300000000000         12.0772089848     
      574   0.416829099026       -0.250000000000         12.0772089848     
      575   0.416829099026       -0.200000000000         12.0772089848     
      576   0.416829099026       -0.150000000000         12.0772089848     
      577   0.416829099026       -0.100000000000         12.0772089848     
      578   0.416829099026       -0.500000000000E-001    12.0772089848     
      579   0.416829099026         0.00000000000         12.0772089848     
      580   0.416829099026        0.500000000000E-001    12.0772089848     

 
      581   0.416829099026        0.100000000000         12.0772089848     
      582   0.416829099026        0.150000000000         12.0772089848     
      583   0.416829099026        0.200000000000         12.0772089848     
      584   0.416829099026        0.250000000000         12.0772089848     
      585   0.416829099026        0.300000000000         12.0772089848     
      586   0.416829099026        0.350000000000         12.0772089848     
      587   0.416829099026        0.400000000000         12.0772089848     
      588   0.416829099026        0.450000000000         12.0772089848     
      589   0.458492907099       -0.400000000000         12.0756990528     
      590   0.458492907099       -0.300000000000         12.0756990528     
      591   0.458492907099       -0.200000000000         12.0756990528     
      592   0.458492907099       -0.100000000000         12.0756990528     
      593   0.458492907099         0.00000000000         12.0756990528     
      594   0.458492907099        0.100000000000         12.0756990528     
      595   0.458492907099        0.200000000000         12.0756990528     
      596   0.458492907099        0.300000000000         12.0756990528     
      597   0.458492907099        0.400000000000         12.0756990528     
      598   0.999445399616       -0.500000000000         12.0429993047     
      599   0.541803655692       -0.500000000000         12.0722480159     
      600   0.583449604333       -0.500000000000         12.0703069521     

 
      601   0.625088608459       -0.500000000000         12.0682222217     
      602   0.666720172470       -0.500000000000         12.0659938493     
      603   0.708343800852       -0.500000000000         12.0636218616     
      604   0.749958998184       -0.500000000000         12.0611062868     
      605   0.791565269142       -0.500000000000         12.0584471548     
      606   0.833162118507       -0.500000000000         12.0556444973     
      607   0.874749051169       -0.500000000000         12.0526983476     
      608   0.916325572135       -0.500000000000         12.0496087408     
      609   0.957891186532       -0.500000000000         12.0463757137     
      610   0.999445399616        0.500000000000         12.0429993047     
      611   0.999445399616       -0.450000000000         12.0429993047     
      612   0.999445399616       -0.400000000000         12.0429993047     
      613   0.999445399616       -0.350000000000         12.0429993047     
      614   0.999445399616       -0.300000000000         12.0429993047     
      615   0.999445399616       -0.250000000000         12.0429993047     
      616   0.999445399616       -0.200000000000         12.0429993047     
      617   0.999445399616       -0.150000000000         12.0429993047     
      618   0.999445399616       -0.100000000000         12.0429993047     
      619   0.999445399616       -0.500000000000E-001    12.0429993047     
      620   0.999445399616         0.00000000000         12.0429993047     

 
      621   0.999445399616        0.500000000000E-001    12.0429993047     
      622   0.999445399616        0.100000000000         12.0429993047     
      623   0.999445399616        0.150000000000         12.0429993047     
      624   0.999445399616        0.200000000000         12.0429993047     
      625   0.999445399616        0.250000000000         12.0429993047     
      626   0.999445399616        0.300000000000         12.0429993047     
      627   0.999445399616        0.350000000000         12.0429993047     
      628   0.999445399616        0.400000000000         12.0429993047     
      629   0.999445399616        0.450000000000         12.0429993047     
      630   0.541803655692        0.500000000000         12.0722480159     
      631   0.583449604333        0.500000000000         12.0703069521     
      632   0.625088608459        0.500000000000         12.0682222217     
      633   0.666720172470        0.500000000000         12.0659938493     
      634   0.708343800852        0.500000000000         12.0636218616     
      635   0.749958998184        0.500000000000         12.0611062868     
      636   0.791565269142        0.500000000000         12.0584471548     
      637   0.833162118507        0.500000000000         12.0556444973     
      638   0.874749051169        0.500000000000         12.0526983476     
      639   0.916325572135        0.500000000000         12.0496087408     
      640   0.957891186532        0.500000000000         12.0463757137     

 
      641   0.541803655134       -0.400000000000         12.0722480160     
      642   0.541803655134       -0.300000000000         12.0722480160     
      643   0.541803655134       -0.200000000000         12.0722480160     
      644   0.541803655134       -0.100000000000         12.0722480160     
      645   0.541803655134         0.00000000000         12.0722480160     
      646   0.541803655134        0.100000000000         12.0722480160     
      647   0.541803655134        0.200000000000         12.0722480160     
      648   0.541803655134        0.300000000000         12.0722480160     
      649   0.541803655134        0.400000000000         12.0722480160     
      650   0.583449603367       -0.450000000000         12.0703069522     
      651   0.583449603367       -0.400000000000         12.0703069522     
      652   0.583449603367       -0.350000000000         12.0703069522     
      653   0.583449603367       -0.300000000000         12.0703069522     
      654   0.583449603367       -0.250000000000         12.0703069522     
      655   0.583449603367       -0.200000000000         12.0703069522     
      656   0.583449603367       -0.150000000000         12.0703069522     
      657   0.583449603367       -0.100000000000         12.0703069522     
      658   0.583449603367       -0.500000000000E-001    12.0703069522     
      659   0.583449603367         0.00000000000         12.0703069522     
      660   0.583449603367        0.500000000000E-001    12.0703069522     

 
      661   0.583449603367        0.100000000000         12.0703069522     
      662   0.583449603367        0.150000000000         12.0703069522     
      663   0.583449603367        0.200000000000         12.0703069522     
      664   0.583449603367        0.250000000000         12.0703069522     
      665   0.583449603367        0.300000000000         12.0703069522     
      666   0.583449603367        0.350000000000         12.0703069522     
      667   0.583449603367        0.400000000000         12.0703069522     
      668   0.583449603367        0.450000000000         12.0703069522     
      669   0.625088607222       -0.400000000000         12.0682222217     
      670   0.625088607222       -0.300000000000         12.0682222217     
      671   0.625088607222       -0.200000000000         12.0682222217     
      672   0.625088607222       -0.100000000000         12.0682222217     
      673   0.625088607222         0.00000000000         12.0682222217     
      674   0.625088607222        0.100000000000         12.0682222217     
      675   0.625088607222        0.200000000000         12.0682222217     
      676   0.625088607222        0.300000000000         12.0682222217     
      677   0.625088607222        0.400000000000         12.0682222217     
      678   0.666720171082       -0.450000000000         12.0659938494     
      679   0.666720171082       -0.400000000000         12.0659938494     
      680   0.666720171082       -0.350000000000         12.0659938494     

 
      681   0.666720171082       -0.300000000000         12.0659938494     
      682   0.666720171082       -0.250000000000         12.0659938494     
      683   0.666720171082       -0.200000000000         12.0659938494     
      684   0.666720171082       -0.150000000000         12.0659938494     
      685   0.666720171082       -0.100000000000         12.0659938494     
      686   0.666720171082       -0.500000000000E-001    12.0659938494     
      687   0.666720171082         0.00000000000         12.0659938494     
      688   0.666720171082        0.500000000000E-001    12.0659938494     
      689   0.666720171082        0.100000000000         12.0659938494     
      690   0.666720171082        0.150000000000         12.0659938494     
      691   0.666720171082        0.200000000000         12.0659938494     
      692   0.666720171082        0.250000000000         12.0659938494     
      693   0.666720171082        0.300000000000         12.0659938494     
      694   0.666720171082        0.350000000000         12.0659938494     
      695   0.666720171082        0.400000000000         12.0659938494     
      696   0.666720171082        0.450000000000         12.0659938494     
      697   0.708343799419       -0.400000000000         12.0636218617     
      698   0.708343799419       -0.300000000000         12.0636218617     
      699   0.708343799419       -0.200000000000         12.0636218617     
      700   0.708343799419       -0.100000000000         12.0636218617     

 
      701   0.708343799419         0.00000000000         12.0636218617     
      702   0.708343799419        0.100000000000         12.0636218617     
      703   0.708343799419        0.200000000000         12.0636218617     
      704   0.708343799419        0.300000000000         12.0636218617     
      705   0.708343799419        0.400000000000         12.0636218617     
      706   0.749958996798       -0.450000000000         12.0611062869     
      707   0.749958996798       -0.400000000000         12.0611062869     
      708   0.749958996798       -0.350000000000         12.0611062869     
      709   0.749958996798       -0.300000000000         12.0611062869     
      710   0.749958996798       -0.250000000000         12.0611062869     
      711   0.749958996798       -0.200000000000         12.0611062869     
      712   0.749958996798       -0.150000000000         12.0611062869     
      713   0.749958996798       -0.100000000000         12.0611062869     
      714   0.749958996798       -0.500000000000E-001    12.0611062869     
      715   0.749958996798         0.00000000000         12.0611062869     
      716   0.749958996798        0.500000000000E-001    12.0611062869     
      717   0.749958996798        0.100000000000         12.0611062869     
      718   0.749958996798        0.150000000000         12.0611062869     
      719   0.749958996798        0.200000000000         12.0611062869     
      720   0.749958996798        0.250000000000         12.0611062869     

 
      721   0.749958996798        0.300000000000         12.0611062869     
      722   0.749958996798        0.350000000000         12.0611062869     
      723   0.749958996798        0.400000000000         12.0611062869     
      724   0.749958996798        0.450000000000         12.0611062869     
      725   0.791565267880       -0.400000000000         12.0584471549     
      726   0.791565267880       -0.300000000000         12.0584471549     
      727   0.791565267880       -0.200000000000         12.0584471549     
      728   0.791565267880       -0.100000000000         12.0584471549     
      729   0.791565267880         0.00000000000         12.0584471549     
      730   0.791565267880        0.100000000000         12.0584471549     
      731   0.791565267880        0.200000000000         12.0584471549     
      732   0.791565267880        0.300000000000         12.0584471549     
      733   0.791565267880        0.400000000000         12.0584471549     
      734   0.833162117431       -0.450000000000         12.0556444973     
      735   0.833162117431       -0.400000000000         12.0556444973     
      736   0.833162117431       -0.350000000000         12.0556444973     
      737   0.833162117431       -0.300000000000         12.0556444973     
      738   0.833162117431       -0.250000000000         12.0556444973     
      739   0.833162117431       -0.200000000000         12.0556444973     
      740   0.833162117431       -0.150000000000         12.0556444973     

 
      741   0.833162117431       -0.100000000000         12.0556444973     
      742   0.833162117431       -0.500000000000E-001    12.0556444973     
      743   0.833162117431         0.00000000000         12.0556444973     
      744   0.833162117431        0.500000000000E-001    12.0556444973     
      745   0.833162117431        0.100000000000         12.0556444973     
      746   0.833162117431        0.150000000000         12.0556444973     
      747   0.833162117431        0.200000000000         12.0556444973     
      748   0.833162117431        0.250000000000         12.0556444973     
      749   0.833162117431        0.300000000000         12.0556444973     
      750   0.833162117431        0.350000000000         12.0556444973     
      751   0.833162117431        0.400000000000         12.0556444973     
      752   0.833162117431        0.450000000000         12.0556444973     
      753   0.874749050327       -0.400000000000         12.0526983476     
      754   0.874749050327       -0.300000000000         12.0526983476     
      755   0.874749050327       -0.200000000000         12.0526983476     
      756   0.874749050327       -0.100000000000         12.0526983476     
      757   0.874749050327         0.00000000000         12.0526983476     
      758   0.874749050327        0.100000000000         12.0526983476     
      759   0.874749050327        0.200000000000         12.0526983476     
      760   0.874749050327        0.300000000000         12.0526983476     

 
      761   0.874749050327        0.400000000000         12.0526983476     
      762   0.916325571560       -0.450000000000         12.0496087408     
      763   0.916325571560       -0.400000000000         12.0496087408     
      764   0.916325571560       -0.350000000000         12.0496087408     
      765   0.916325571560       -0.300000000000         12.0496087408     
      766   0.916325571560       -0.250000000000         12.0496087408     
      767   0.916325571560       -0.200000000000         12.0496087408     
      768   0.916325571560       -0.150000000000         12.0496087408     
      769   0.916325571560       -0.100000000000         12.0496087408     
      770   0.916325571560       -0.500000000000E-001    12.0496087408     
      771   0.916325571560         0.00000000000         12.0496087408     
      772   0.916325571560        0.500000000000E-001    12.0496087408     
      773   0.916325571560        0.100000000000         12.0496087408     
      774   0.916325571560        0.150000000000         12.0496087408     
      775   0.916325571560        0.200000000000         12.0496087408     
      776   0.916325571560        0.250000000000         12.0496087408     
      777   0.916325571560        0.300000000000         12.0496087408     
      778   0.916325571560        0.350000000000         12.0496087408     
      779   0.916325571560        0.400000000000         12.0496087408     
      780   0.916325571560        0.450000000000         12.0496087408     

 
      781   0.957891186243       -0.400000000000         12.0463757137     
      782   0.957891186243       -0.300000000000         12.0463757137     
      783   0.957891186243       -0.200000000000         12.0463757137     
      784   0.957891186243       -0.100000000000         12.0463757137     
      785   0.957891186243         0.00000000000         12.0463757137     
      786   0.957891186243        0.100000000000         12.0463757137     
      787   0.957891186243        0.200000000000         12.0463757137     
      788   0.957891186243        0.300000000000         12.0463757137     
      789   0.957891186243        0.400000000000         12.0463757137     

