

 
        1   -1.00166879454       -0.500000000000         122.151993135     
        2  -0.500838606814       -0.500000000000         122.155073279     
        3  -0.959933472569       -0.500000000000         122.152328242     
        4  -0.918198038535       -0.500000000000         122.152649089     
        5  -0.876462497315       -0.500000000000         122.152955677     
        6  -0.834726853780       -0.500000000000         122.153248006     
        7  -0.792991112802       -0.500000000000         122.153526074     
        8  -0.751255279254       -0.500000000000         122.153789883     
        9  -0.709519358006       -0.500000000000         122.154039432     
       10  -0.667783353933       -0.500000000000         122.154274721     
       11  -0.626047271905       -0.500000000000         122.154495750     
       12  -0.584311116794       -0.500000000000         122.154702520     
       13  -0.542574893473       -0.500000000000         122.154895030     
       14  -0.500838606814        0.500000000000         122.155073279     
       15  -0.500838606814       -0.450000000000         122.155073279     
       16  -0.500838606814       -0.400000000000         122.155073279     
       17  -0.500838606814       -0.350000000000         122.155073279     
       18  -0.500838606814       -0.300000000000         122.155073279     
       19  -0.500838606814       -0.250000000000         122.155073279     
       20  -0.500838606814       -0.200000000000         122.155073279     

 
       21  -0.500838606814       -0.150000000000         122.155073279     
       22  -0.500838606814       -0.100000000000         122.155073279     
       23  -0.500838606814       -0.500000000000E-001    122.155073279     
       24  -0.500838606814         0.00000000000         122.155073279     
       25  -0.500838606814        0.500000000000E-001    122.155073279     
       26  -0.500838606814        0.100000000000         122.155073279     
       27  -0.500838606814        0.150000000000         122.155073279     
       28  -0.500838606814        0.200000000000         122.155073279     
       29  -0.500838606814        0.250000000000         122.155073279     
       30  -0.500838606814        0.300000000000         122.155073279     
       31  -0.500838606814        0.350000000000         122.155073279     
       32  -0.500838606814        0.400000000000         122.155073279     
       33  -0.500838606814        0.450000000000         122.155073279     
       34   -1.00166879454        0.500000000000         122.151993135     
       35  -0.959933472569        0.500000000000         122.152328242     
       36  -0.918198038535        0.500000000000         122.152649089     
       37  -0.876462497315        0.500000000000         122.152955677     
       38  -0.834726853780        0.500000000000         122.153248006     
       39  -0.792991112802        0.500000000000         122.153526074     
       40  -0.751255279254        0.500000000000         122.153789883     

 
       41  -0.709519358006        0.500000000000         122.154039432     
       42  -0.667783353933        0.500000000000         122.154274721     
       43  -0.626047271905        0.500000000000         122.154495750     
       44  -0.584311116794        0.500000000000         122.154702520     
       45  -0.542574893473        0.500000000000         122.154895030     
       46   -1.00166879454       -0.450000000000         122.151993135     
       47   -1.00166879454       -0.400000000000         122.151993135     
       48   -1.00166879454       -0.350000000000         122.151993135     
       49   -1.00166879454       -0.300000000000         122.151993135     
       50   -1.00166879454       -0.250000000000         122.151993135     
       51   -1.00166879454       -0.200000000000         122.151993135     
       52   -1.00166879454       -0.150000000000         122.151993135     
       53   -1.00166879454       -0.100000000000         122.151993135     
       54   -1.00166879454       -0.500000000000E-001    122.151993135     
       55   -1.00166879454         0.00000000000         122.151993135     
       56   -1.00166879454        0.500000000000E-001    122.151993135     
       57   -1.00166879454        0.100000000000         122.151993135     
       58   -1.00166879454        0.150000000000         122.151993135     
       59   -1.00166879454        0.200000000000         122.151993135     
       60   -1.00166879454        0.250000000000         122.151993135     

 
       61   -1.00166879454        0.300000000000         122.151993135     
       62   -1.00166879454        0.350000000000         122.151993135     
       63   -1.00166879454        0.400000000000         122.151993135     
       64   -1.00166879454        0.450000000000         122.151993135     
       65  -0.959933476510       -0.400000000000         122.152328242     
       66  -0.959933476510       -0.300000000000         122.152328242     
       67  -0.959933476510       -0.200000000000         122.152328242     
       68  -0.959933476510       -0.100000000000         122.152328242     
       69  -0.959933476510         0.00000000000         122.152328242     
       70  -0.959933476510        0.100000000000         122.152328242     
       71  -0.959933476510        0.200000000000         122.152328242     
       72  -0.959933476510        0.300000000000         122.152328242     
       73  -0.959933476510        0.400000000000         122.152328242     
       74  -0.918198045860       -0.450000000000         122.152649089     
       75  -0.918198045860       -0.400000000000         122.152649089     
       76  -0.918198045860       -0.350000000000         122.152649089     
       77  -0.918198045860       -0.300000000000         122.152649089     
       78  -0.918198045860       -0.250000000000         122.152649089     
       79  -0.918198045860       -0.200000000000         122.152649089     
       80  -0.918198045860       -0.150000000000         122.152649089     

 
       81  -0.918198045860       -0.100000000000         122.152649089     
       82  -0.918198045860       -0.500000000000E-001    122.152649089     
       83  -0.918198045860         0.00000000000         122.152649089     
       84  -0.918198045860        0.500000000000E-001    122.152649089     
       85  -0.918198045860        0.100000000000         122.152649089     
       86  -0.918198045860        0.150000000000         122.152649089     
       87  -0.918198045860        0.200000000000         122.152649089     
       88  -0.918198045860        0.250000000000         122.152649089     
       89  -0.918198045860        0.300000000000         122.152649089     
       90  -0.918198045860        0.350000000000         122.152649089     
       91  -0.918198045860        0.400000000000         122.152649089     
       92  -0.918198045860        0.450000000000         122.152649089     
       93  -0.876462507418       -0.400000000000         122.152955677     
       94  -0.876462507418       -0.300000000000         122.152955677     
       95  -0.876462507418       -0.200000000000         122.152955677     
       96  -0.876462507418       -0.100000000000         122.152955677     
       97  -0.876462507418         0.00000000000         122.152955677     
       98  -0.876462507418        0.100000000000         122.152955677     
       99  -0.876462507418        0.200000000000         122.152955677     
      100  -0.876462507418        0.300000000000         122.152955677     

 
      101  -0.876462507418        0.400000000000         122.152955677     
      102  -0.834726866008       -0.450000000000         122.153248005     
      103  -0.834726866008       -0.400000000000         122.153248005     
      104  -0.834726866008       -0.350000000000         122.153248005     
      105  -0.834726866008       -0.300000000000         122.153248005     
      106  -0.834726866008       -0.250000000000         122.153248005     
      107  -0.834726866008       -0.200000000000         122.153248005     
      108  -0.834726866008       -0.150000000000         122.153248005     
      109  -0.834726866008       -0.100000000000         122.153248005     
      110  -0.834726866008       -0.500000000000E-001    122.153248005     
      111  -0.834726866008         0.00000000000         122.153248005     
      112  -0.834726866008        0.500000000000E-001    122.153248005     
      113  -0.834726866008        0.100000000000         122.153248005     
      114  -0.834726866008        0.150000000000         122.153248005     
      115  -0.834726866008        0.200000000000         122.153248005     
      116  -0.834726866008        0.250000000000         122.153248005     
      117  -0.834726866008        0.300000000000         122.153248005     
      118  -0.834726866008        0.350000000000         122.153248005     
      119  -0.834726866008        0.400000000000         122.153248005     
      120  -0.834726866008        0.450000000000         122.153248005     

 
      121  -0.792991126454       -0.400000000000         122.153526074     
      122  -0.792991126454       -0.300000000000         122.153526074     
      123  -0.792991126454       -0.200000000000         122.153526074     
      124  -0.792991126454       -0.100000000000         122.153526074     
      125  -0.792991126454         0.00000000000         122.153526074     
      126  -0.792991126454        0.100000000000         122.153526074     
      127  -0.792991126454        0.200000000000         122.153526074     
      128  -0.792991126454        0.300000000000         122.153526074     
      129  -0.792991126454        0.400000000000         122.153526074     
      130  -0.751255293582       -0.450000000000         122.153789883     
      131  -0.751255293582       -0.400000000000         122.153789883     
      132  -0.751255293582       -0.350000000000         122.153789883     
      133  -0.751255293582       -0.300000000000         122.153789883     
      134  -0.751255293582       -0.250000000000         122.153789883     
      135  -0.751255293582       -0.200000000000         122.153789883     
      136  -0.751255293582       -0.150000000000         122.153789883     
      137  -0.751255293582       -0.100000000000         122.153789883     
      138  -0.751255293582       -0.500000000000E-001    122.153789883     
      139  -0.751255293582         0.00000000000         122.153789883     
      140  -0.751255293582        0.500000000000E-001    122.153789883     

 
      141  -0.751255293582        0.100000000000         122.153789883     
      142  -0.751255293582        0.150000000000         122.153789883     
      143  -0.751255293582        0.200000000000         122.153789883     
      144  -0.751255293582        0.250000000000         122.153789883     
      145  -0.751255293582        0.300000000000         122.153789883     
      146  -0.751255293582        0.350000000000         122.153789883     
      147  -0.751255293582        0.400000000000         122.153789883     
      148  -0.751255293582        0.450000000000         122.153789883     
      149  -0.709519372214       -0.400000000000         122.154039432     
      150  -0.709519372214       -0.300000000000         122.154039432     
      151  -0.709519372214       -0.200000000000         122.154039432     
      152  -0.709519372214       -0.100000000000         122.154039432     
      153  -0.709519372214         0.00000000000         122.154039432     
      154  -0.709519372214        0.100000000000         122.154039432     
      155  -0.709519372214        0.200000000000         122.154039432     
      156  -0.709519372214        0.300000000000         122.154039432     
      157  -0.709519372214        0.400000000000         122.154039432     
      158  -0.667783367177       -0.450000000000         122.154274721     
      159  -0.667783367177       -0.400000000000         122.154274721     
      160  -0.667783367177       -0.350000000000         122.154274721     

 
      161  -0.667783367177       -0.300000000000         122.154274721     
      162  -0.667783367177       -0.250000000000         122.154274721     
      163  -0.667783367177       -0.200000000000         122.154274721     
      164  -0.667783367177       -0.150000000000         122.154274721     
      165  -0.667783367177       -0.100000000000         122.154274721     
      166  -0.667783367177       -0.500000000000E-001    122.154274721     
      167  -0.667783367177         0.00000000000         122.154274721     
      168  -0.667783367177        0.500000000000E-001    122.154274721     
      169  -0.667783367177        0.100000000000         122.154274721     
      170  -0.667783367177        0.150000000000         122.154274721     
      171  -0.667783367177        0.200000000000         122.154274721     
      172  -0.667783367177        0.250000000000         122.154274721     
      173  -0.667783367177        0.300000000000         122.154274721     
      174  -0.667783367177        0.350000000000         122.154274721     
      175  -0.667783367177        0.400000000000         122.154274721     
      176  -0.667783367177        0.450000000000         122.154274721     
      177  -0.626047283294       -0.400000000000         122.154495750     
      178  -0.626047283294       -0.300000000000         122.154495750     
      179  -0.626047283294       -0.200000000000         122.154495750     
      180  -0.626047283294       -0.100000000000         122.154495750     

 
      181  -0.626047283294         0.00000000000         122.154495750     
      182  -0.626047283294        0.100000000000         122.154495750     
      183  -0.626047283294        0.200000000000         122.154495750     
      184  -0.626047283294        0.300000000000         122.154495750     
      185  -0.626047283294        0.400000000000         122.154495750     
      186  -0.584311125389       -0.450000000000         122.154702520     
      187  -0.584311125389       -0.400000000000         122.154702520     
      188  -0.584311125389       -0.350000000000         122.154702520     
      189  -0.584311125389       -0.300000000000         122.154702520     
      190  -0.584311125389       -0.250000000000         122.154702520     
      191  -0.584311125389       -0.200000000000         122.154702520     
      192  -0.584311125389       -0.150000000000         122.154702520     
      193  -0.584311125389       -0.100000000000         122.154702520     
      194  -0.584311125389       -0.500000000000E-001    122.154702520     
      195  -0.584311125389         0.00000000000         122.154702520     
      196  -0.584311125389        0.500000000000E-001    122.154702520     
      197  -0.584311125389        0.100000000000         122.154702520     
      198  -0.584311125389        0.150000000000         122.154702520     
      199  -0.584311125389        0.200000000000         122.154702520     
      200  -0.584311125389        0.250000000000         122.154702520     

 
      201  -0.584311125389        0.300000000000         122.154702520     
      202  -0.584311125389        0.350000000000         122.154702520     
      203  -0.584311125389        0.400000000000         122.154702520     
      204  -0.584311125389        0.450000000000         122.154702520     
      205  -0.542574898288       -0.400000000000         122.154895030     
      206  -0.542574898288       -0.300000000000         122.154895030     
      207  -0.542574898288       -0.200000000000         122.154895030     
      208  -0.542574898288       -0.100000000000         122.154895030     
      209  -0.542574898288         0.00000000000         122.154895030     
      210  -0.542574898288        0.100000000000         122.154895030     
      211  -0.542574898288        0.200000000000         122.154895030     
      212  -0.542574898288        0.300000000000         122.154895030     
      213  -0.542574898288        0.400000000000         122.154895030     
      214    0.00000000000       -0.500000000000         122.156100000     
      215  -0.459102261690       -0.500000000000         122.155237269     
      216  -0.417365862971       -0.500000000000         122.155386999     
      217  -0.375629415531       -0.500000000000         122.155522469     
      218  -0.333892924241       -0.500000000000         122.155643679     
      219  -0.292156393974       -0.500000000000         122.155750630     
      220  -0.250419829602       -0.500000000000         122.155843320     

 
      221  -0.208683235996       -0.500000000000         122.155921750     
      222  -0.166946618030       -0.500000000000         122.155985920     
      223  -0.125209980575       -0.500000000000         122.156035830     
      224  -0.834733285038E-001  -0.500000000000         122.156071480     
      225  -0.417366666880E-001  -0.500000000000         122.156092870     
      226    0.00000000000        0.500000000000         122.156100000     
      227    0.00000000000       -0.450000000000         122.156100000     
      228    0.00000000000       -0.400000000000         122.156100000     
      229    0.00000000000       -0.350000000000         122.156100000     
      230    0.00000000000       -0.300000000000         122.156100000     
      231    0.00000000000       -0.250000000000         122.156100000     
      232    0.00000000000       -0.200000000000         122.156100000     
      233    0.00000000000       -0.150000000000         122.156100000     
      234    0.00000000000       -0.100000000000         122.156100000     
      235    0.00000000000       -0.500000000000E-001    122.156100000     
      236    0.00000000000         0.00000000000         122.156100000     
      237    0.00000000000        0.500000000000E-001    122.156100000     
      238    0.00000000000        0.100000000000         122.156100000     
      239    0.00000000000        0.150000000000         122.156100000     
      240    0.00000000000        0.200000000000         122.156100000     

 
      241    0.00000000000        0.250000000000         122.156100000     
      242    0.00000000000        0.300000000000         122.156100000     
      243    0.00000000000        0.350000000000         122.156100000     
      244    0.00000000000        0.400000000000         122.156100000     
      245    0.00000000000        0.450000000000         122.156100000     
      246  -0.459102261690        0.500000000000         122.155237269     
      247  -0.417365862971        0.500000000000         122.155386999     
      248  -0.375629415531        0.500000000000         122.155522469     
      249  -0.333892924241        0.500000000000         122.155643679     
      250  -0.292156393974        0.500000000000         122.155750630     
      251  -0.250419829602        0.500000000000         122.155843320     
      252  -0.208683235996        0.500000000000         122.155921750     
      253  -0.166946618030        0.500000000000         122.155985920     
      254  -0.125209980575        0.500000000000         122.156035830     
      255  -0.834733285038E-001   0.500000000000         122.156071480     
      256  -0.417366666880E-001   0.500000000000         122.156092870     
      257  -0.459102269865       -0.400000000000         122.155237269     
      258  -0.459102269865       -0.300000000000         122.155237269     
      259  -0.459102269865       -0.200000000000         122.155237269     
      260  -0.459102269865       -0.100000000000         122.155237269     

 
      261  -0.459102269865         0.00000000000         122.155237269     
      262  -0.459102269865        0.100000000000         122.155237269     
      263  -0.459102269865        0.200000000000         122.155237269     
      264  -0.459102269865        0.300000000000         122.155237269     
      265  -0.459102269865        0.400000000000         122.155237269     
      266  -0.417365874564       -0.450000000000         122.155386999     
      267  -0.417365874564       -0.400000000000         122.155386999     
      268  -0.417365874564       -0.350000000000         122.155386999     
      269  -0.417365874564       -0.300000000000         122.155386999     
      270  -0.417365874564       -0.250000000000         122.155386999     
      271  -0.417365874564       -0.200000000000         122.155386999     
      272  -0.417365874564       -0.150000000000         122.155386999     
      273  -0.417365874564       -0.100000000000         122.155386999     
      274  -0.417365874564       -0.500000000000E-001    122.155386999     
      275  -0.417365874564         0.00000000000         122.155386999     
      276  -0.417365874564        0.500000000000E-001    122.155386999     
      277  -0.417365874564        0.100000000000         122.155386999     
      278  -0.417365874564        0.150000000000         122.155386999     
      279  -0.417365874564        0.200000000000         122.155386999     
      280  -0.417365874564        0.250000000000         122.155386999     

 
      281  -0.417365874564        0.300000000000         122.155386999     
      282  -0.417365874564        0.350000000000         122.155386999     
      283  -0.417365874564        0.400000000000         122.155386999     
      284  -0.417365874564        0.450000000000         122.155386999     
      285  -0.375629426765       -0.400000000000         122.155522469     
      286  -0.375629426765       -0.300000000000         122.155522469     
      287  -0.375629426765       -0.200000000000         122.155522469     
      288  -0.375629426765       -0.100000000000         122.155522469     
      289  -0.375629426765         0.00000000000         122.155522469     
      290  -0.375629426765        0.100000000000         122.155522469     
      291  -0.375629426765        0.200000000000         122.155522469     
      292  -0.375629426765        0.300000000000         122.155522469     
      293  -0.375629426765        0.400000000000         122.155522469     
      294  -0.333892932322       -0.450000000000         122.155643679     
      295  -0.333892932322       -0.400000000000         122.155643679     
      296  -0.333892932322       -0.350000000000         122.155643679     
      297  -0.333892932322       -0.300000000000         122.155643679     
      298  -0.333892932322       -0.250000000000         122.155643679     
      299  -0.333892932322       -0.200000000000         122.155643679     
      300  -0.333892932322       -0.150000000000         122.155643679     

 
      301  -0.333892932322       -0.100000000000         122.155643679     
      302  -0.333892932322       -0.500000000000E-001    122.155643679     
      303  -0.333892932322         0.00000000000         122.155643679     
      304  -0.333892932322        0.500000000000E-001    122.155643679     
      305  -0.333892932322        0.100000000000         122.155643679     
      306  -0.333892932322        0.150000000000         122.155643679     
      307  -0.333892932322        0.200000000000         122.155643679     
      308  -0.333892932322        0.250000000000         122.155643679     
      309  -0.333892932322        0.300000000000         122.155643679     
      310  -0.333892932322        0.350000000000         122.155643679     
      311  -0.333892932322        0.400000000000         122.155643679     
      312  -0.333892932322        0.450000000000         122.155643679     
      313  -0.292156397088       -0.400000000000         122.155750630     
      314  -0.292156397088       -0.300000000000         122.155750630     
      315  -0.292156397088       -0.200000000000         122.155750630     
      316  -0.292156397088       -0.100000000000         122.155750630     
      317  -0.292156397088         0.00000000000         122.155750630     
      318  -0.292156397088        0.100000000000         122.155750630     
      319  -0.292156397088        0.200000000000         122.155750630     
      320  -0.292156397088        0.300000000000         122.155750630     

 
      321  -0.292156397088        0.400000000000         122.155750630     
      322  -0.250419826916       -0.450000000000         122.155843320     
      323  -0.250419826916       -0.400000000000         122.155843320     
      324  -0.250419826916       -0.350000000000         122.155843320     
      325  -0.250419826916       -0.300000000000         122.155843320     
      326  -0.250419826916       -0.250000000000         122.155843320     
      327  -0.250419826916       -0.200000000000         122.155843320     
      328  -0.250419826916       -0.150000000000         122.155843320     
      329  -0.250419826916       -0.100000000000         122.155843320     
      330  -0.250419826916       -0.500000000000E-001    122.155843320     
      331  -0.250419826916         0.00000000000         122.155843320     
      332  -0.250419826916        0.500000000000E-001    122.155843320     
      333  -0.250419826916        0.100000000000         122.155843320     
      334  -0.250419826916        0.150000000000         122.155843320     
      335  -0.250419826916        0.200000000000         122.155843320     
      336  -0.250419826916        0.250000000000         122.155843320     
      337  -0.250419826916        0.300000000000         122.155843320     
      338  -0.250419826916        0.350000000000         122.155843320     
      339  -0.250419826916        0.400000000000         122.155843320     
      340  -0.250419826916        0.450000000000         122.155843320     

 
      341  -0.208683227661       -0.400000000000         122.155921750     
      342  -0.208683227661       -0.300000000000         122.155921750     
      343  -0.208683227661       -0.200000000000         122.155921750     
      344  -0.208683227661       -0.100000000000         122.155921750     
      345  -0.208683227661         0.00000000000         122.155921750     
      346  -0.208683227661        0.100000000000         122.155921750     
      347  -0.208683227661        0.200000000000         122.155921750     
      348  -0.208683227661        0.300000000000         122.155921750     
      349  -0.208683227661        0.400000000000         122.155921750     
      350  -0.166946605175       -0.450000000000         122.155985920     
      351  -0.166946605175       -0.400000000000         122.155985920     
      352  -0.166946605175       -0.350000000000         122.155985920     
      353  -0.166946605175       -0.300000000000         122.155985920     
      354  -0.166946605175       -0.250000000000         122.155985920     
      355  -0.166946605175       -0.200000000000         122.155985920     
      356  -0.166946605175       -0.150000000000         122.155985920     
      357  -0.166946605175       -0.100000000000         122.155985920     
      358  -0.166946605175       -0.500000000000E-001    122.155985920     
      359  -0.166946605175         0.00000000000         122.155985920     
      360  -0.166946605175        0.500000000000E-001    122.155985920     

 
      361  -0.166946605175        0.100000000000         122.155985920     
      362  -0.166946605175        0.150000000000         122.155985920     
      363  -0.166946605175        0.200000000000         122.155985920     
      364  -0.166946605175        0.250000000000         122.155985920     
      365  -0.166946605175        0.300000000000         122.155985920     
      366  -0.166946605175        0.350000000000         122.155985920     
      367  -0.166946605175        0.400000000000         122.155985920     
      368  -0.166946605175        0.450000000000         122.155985920     
      369  -0.125209965313       -0.400000000000         122.156035830     
      370  -0.125209965313       -0.300000000000         122.156035830     
      371  -0.125209965313       -0.200000000000         122.156035830     
      372  -0.125209965313       -0.100000000000         122.156035830     
      373  -0.125209965313         0.00000000000         122.156035830     
      374  -0.125209965313        0.100000000000         122.156035830     
      375  -0.125209965313        0.200000000000         122.156035830     
      376  -0.125209965313        0.300000000000         122.156035830     
      377  -0.125209965313        0.400000000000         122.156035830     
      378  -0.834733139269E-001  -0.450000000000         122.156071480     
      379  -0.834733139269E-001  -0.400000000000         122.156071480     
      380  -0.834733139269E-001  -0.350000000000         122.156071480     

 
      381  -0.834733139269E-001  -0.300000000000         122.156071480     
      382  -0.834733139269E-001  -0.250000000000         122.156071480     
      383  -0.834733139269E-001  -0.200000000000         122.156071480     
      384  -0.834733139269E-001  -0.150000000000         122.156071480     
      385  -0.834733139269E-001  -0.100000000000         122.156071480     
      386  -0.834733139269E-001  -0.500000000000E-001    122.156071480     
      387  -0.834733139269E-001    0.00000000000         122.156071480     
      388  -0.834733139269E-001   0.500000000000E-001    122.156071480     
      389  -0.834733139269E-001   0.100000000000         122.156071480     
      390  -0.834733139269E-001   0.150000000000         122.156071480     
      391  -0.834733139269E-001   0.200000000000         122.156071480     
      392  -0.834733139269E-001   0.250000000000         122.156071480     
      393  -0.834733139269E-001   0.300000000000         122.156071480     
      394  -0.834733139269E-001   0.350000000000         122.156071480     
      395  -0.834733139269E-001   0.400000000000         122.156071480     
      396  -0.834733139269E-001   0.450000000000         122.156071480     
      397  -0.417366568715E-001  -0.400000000000         122.156092870     
      398  -0.417366568715E-001  -0.300000000000         122.156092870     
      399  -0.417366568715E-001  -0.200000000000         122.156092870     
      400  -0.417366568715E-001  -0.100000000000         122.156092870     

 
      401  -0.417366568715E-001    0.00000000000         122.156092870     
      402  -0.417366568715E-001   0.100000000000         122.156092870     
      403  -0.417366568715E-001   0.200000000000         122.156092870     
      404  -0.417366568715E-001   0.300000000000         122.156092870     
      405  -0.417366568715E-001   0.400000000000         122.156092870     
      406   0.500838606814       -0.500000000000         122.155073279     
      407   0.417366666880E-001  -0.500000000000         122.156092870     
      408   0.834733285038E-001  -0.500000000000         122.156071480     
      409   0.125209980575       -0.500000000000         122.156035830     
      410   0.166946618030       -0.500000000000         122.155985920     
      411   0.208683235996       -0.500000000000         122.155921750     
      412   0.250419829602       -0.500000000000         122.155843320     
      413   0.292156393974       -0.500000000000         122.155750630     
      414   0.333892924241       -0.500000000000         122.155643679     
      415   0.375629415531       -0.500000000000         122.155522469     
      416   0.417365862971       -0.500000000000         122.155386999     
      417   0.459102261690       -0.500000000000         122.155237269     
      418   0.500838606814        0.500000000000         122.155073279     
      419   0.500838606814       -0.450000000000         122.155073279     
      420   0.500838606814       -0.400000000000         122.155073279     

 
      421   0.500838606814       -0.350000000000         122.155073279     
      422   0.500838606814       -0.300000000000         122.155073279     
      423   0.500838606814       -0.250000000000         122.155073279     
      424   0.500838606814       -0.200000000000         122.155073279     
      425   0.500838606814       -0.150000000000         122.155073279     
      426   0.500838606814       -0.100000000000         122.155073279     
      427   0.500838606814       -0.500000000000E-001    122.155073279     
      428   0.500838606814         0.00000000000         122.155073279     
      429   0.500838606814        0.500000000000E-001    122.155073279     
      430   0.500838606814        0.100000000000         122.155073279     
      431   0.500838606814        0.150000000000         122.155073279     
      432   0.500838606814        0.200000000000         122.155073279     
      433   0.500838606814        0.250000000000         122.155073279     
      434   0.500838606814        0.300000000000         122.155073279     
      435   0.500838606814        0.350000000000         122.155073279     
      436   0.500838606814        0.400000000000         122.155073279     
      437   0.500838606814        0.450000000000         122.155073279     
      438   0.417366666880E-001   0.500000000000         122.156092870     
      439   0.834733285038E-001   0.500000000000         122.156071480     
      440   0.125209980575        0.500000000000         122.156035830     

 
      441   0.166946618030        0.500000000000         122.155985920     
      442   0.208683235996        0.500000000000         122.155921750     
      443   0.250419829602        0.500000000000         122.155843320     
      444   0.292156393974        0.500000000000         122.155750630     
      445   0.333892924241        0.500000000000         122.155643679     
      446   0.375629415531        0.500000000000         122.155522469     
      447   0.417365862971        0.500000000000         122.155386999     
      448   0.459102261690        0.500000000000         122.155237269     
      449   0.417366755566E-001  -0.400000000000         122.156092870     
      450   0.417366755566E-001  -0.300000000000         122.156092870     
      451   0.417366755566E-001  -0.200000000000         122.156092870     
      452   0.417366755566E-001  -0.100000000000         122.156092870     
      453   0.417366755566E-001    0.00000000000         122.156092870     
      454   0.417366755566E-001   0.100000000000         122.156092870     
      455   0.417366755566E-001   0.200000000000         122.156092870     
      456   0.417366755566E-001   0.300000000000         122.156092870     
      457   0.417366755566E-001   0.400000000000         122.156092870     
      458   0.834733422360E-001  -0.450000000000         122.156071480     
      459   0.834733422360E-001  -0.400000000000         122.156071480     
      460   0.834733422360E-001  -0.350000000000         122.156071480     

 
      461   0.834733422360E-001  -0.300000000000         122.156071480     
      462   0.834733422360E-001  -0.250000000000         122.156071480     
      463   0.834733422360E-001  -0.200000000000         122.156071480     
      464   0.834733422360E-001  -0.150000000000         122.156071480     
      465   0.834733422360E-001  -0.100000000000         122.156071480     
      466   0.834733422360E-001  -0.500000000000E-001    122.156071480     
      467   0.834733422360E-001    0.00000000000         122.156071480     
      468   0.834733422360E-001   0.500000000000E-001    122.156071480     
      469   0.834733422360E-001   0.100000000000         122.156071480     
      470   0.834733422360E-001   0.150000000000         122.156071480     
      471   0.834733422360E-001   0.200000000000         122.156071480     
      472   0.834733422360E-001   0.250000000000         122.156071480     
      473   0.834733422360E-001   0.300000000000         122.156071480     
      474   0.834733422360E-001   0.350000000000         122.156071480     
      475   0.834733422360E-001   0.400000000000         122.156071480     
      476   0.834733422360E-001   0.450000000000         122.156071480     
      477   0.125209995884       -0.400000000000         122.156035830     
      478   0.125209995884       -0.300000000000         122.156035830     
      479   0.125209995884       -0.200000000000         122.156035830     
      480   0.125209995884       -0.100000000000         122.156035830     

 
      481   0.125209995884         0.00000000000         122.156035830     
      482   0.125209995884        0.100000000000         122.156035830     
      483   0.125209995884        0.200000000000         122.156035830     
      484   0.125209995884        0.300000000000         122.156035830     
      485   0.125209995884        0.400000000000         122.156035830     
      486   0.166946632346       -0.450000000000         122.155985920     
      487   0.166946632346       -0.400000000000         122.155985920     
      488   0.166946632346       -0.350000000000         122.155985920     
      489   0.166946632346       -0.300000000000         122.155985920     
      490   0.166946632346       -0.250000000000         122.155985920     
      491   0.166946632346       -0.200000000000         122.155985920     
      492   0.166946632346       -0.150000000000         122.155985920     
      493   0.166946632346       -0.100000000000         122.155985920     
      494   0.166946632346       -0.500000000000E-001    122.155985920     
      495   0.166946632346         0.00000000000         122.155985920     
      496   0.166946632346        0.500000000000E-001    122.155985920     
      497   0.166946632346        0.100000000000         122.155985920     
      498   0.166946632346        0.150000000000         122.155985920     
      499   0.166946632346        0.200000000000         122.155985920     
      500   0.166946632346        0.250000000000         122.155985920     

 
      501   0.166946632346        0.300000000000         122.155985920     
      502   0.166946632346        0.350000000000         122.155985920     
      503   0.166946632346        0.400000000000         122.155985920     
      504   0.166946632346        0.450000000000         122.155985920     
      505   0.208683247467       -0.400000000000         122.155921750     
      506   0.208683247467       -0.300000000000         122.155921750     
      507   0.208683247467       -0.200000000000         122.155921750     
      508   0.208683247467       -0.100000000000         122.155921750     
      509   0.208683247467         0.00000000000         122.155921750     
      510   0.208683247467        0.100000000000         122.155921750     
      511   0.208683247467        0.200000000000         122.155921750     
      512   0.208683247467        0.300000000000         122.155921750     
      513   0.208683247467        0.400000000000         122.155921750     
      514   0.250419837094       -0.450000000000         122.155843320     
      515   0.250419837094       -0.400000000000         122.155843320     
      516   0.250419837094       -0.350000000000         122.155843320     
      517   0.250419837094       -0.300000000000         122.155843320     
      518   0.250419837094       -0.250000000000         122.155843320     
      519   0.250419837094       -0.200000000000         122.155843320     
      520   0.250419837094       -0.150000000000         122.155843320     

 
      521   0.250419837094       -0.100000000000         122.155843320     
      522   0.250419837094       -0.500000000000E-001    122.155843320     
      523   0.250419837094         0.00000000000         122.155843320     
      524   0.250419837094        0.500000000000E-001    122.155843320     
      525   0.250419837094        0.100000000000         122.155843320     
      526   0.250419837094        0.150000000000         122.155843320     
      527   0.250419837094        0.200000000000         122.155843320     
      528   0.250419837094        0.250000000000         122.155843320     
      529   0.250419837094        0.300000000000         122.155843320     
      530   0.250419837094        0.350000000000         122.155843320     
      531   0.250419837094        0.400000000000         122.155843320     
      532   0.250419837094        0.450000000000         122.155843320     
      533   0.292156397071       -0.400000000000         122.155750630     
      534   0.292156397071       -0.300000000000         122.155750630     
      535   0.292156397071       -0.200000000000         122.155750630     
      536   0.292156397071       -0.100000000000         122.155750630     
      537   0.292156397071         0.00000000000         122.155750630     
      538   0.292156397071        0.100000000000         122.155750630     
      539   0.292156397071        0.200000000000         122.155750630     
      540   0.292156397071        0.300000000000         122.155750630     

 
      541   0.292156397071        0.400000000000         122.155750630     
      542   0.333892923245       -0.450000000000         122.155643679     
      543   0.333892923245       -0.400000000000         122.155643679     
      544   0.333892923245       -0.350000000000         122.155643679     
      545   0.333892923245       -0.300000000000         122.155643679     
      546   0.333892923245       -0.250000000000         122.155643679     
      547   0.333892923245       -0.200000000000         122.155643679     
      548   0.333892923245       -0.150000000000         122.155643679     
      549   0.333892923245       -0.100000000000         122.155643679     
      550   0.333892923245       -0.500000000000E-001    122.155643679     
      551   0.333892923245         0.00000000000         122.155643679     
      552   0.333892923245        0.500000000000E-001    122.155643679     
      553   0.333892923245        0.100000000000         122.155643679     
      554   0.333892923245        0.150000000000         122.155643679     
      555   0.333892923245        0.200000000000         122.155643679     
      556   0.333892923245        0.250000000000         122.155643679     
      557   0.333892923245        0.300000000000         122.155643679     
      558   0.333892923245        0.350000000000         122.155643679     
      559   0.333892923245        0.400000000000         122.155643679     
      560   0.333892923245        0.450000000000         122.155643679     

 
      561   0.375629411460       -0.400000000000         122.155522469     
      562   0.375629411460       -0.300000000000         122.155522469     
      563   0.375629411460       -0.200000000000         122.155522469     
      564   0.375629411460       -0.100000000000         122.155522469     
      565   0.375629411460         0.00000000000         122.155522469     
      566   0.375629411460        0.100000000000         122.155522469     
      567   0.375629411460        0.200000000000         122.155522469     
      568   0.375629411460        0.300000000000         122.155522469     
      569   0.375629411460        0.400000000000         122.155522469     
      570   0.417365857563       -0.450000000000         122.155386999     
      571   0.417365857563       -0.400000000000         122.155386999     
      572   0.417365857563       -0.350000000000         122.155386999     
      573   0.417365857563       -0.300000000000         122.155386999     
      574   0.417365857563       -0.250000000000         122.155386999     
      575   0.417365857563       -0.200000000000         122.155386999     
      576   0.417365857563       -0.150000000000         122.155386999     
      577   0.417365857563       -0.100000000000         122.155386999     
      578   0.417365857563       -0.500000000000E-001    122.155386999     
      579   0.417365857563         0.00000000000         122.155386999     
      580   0.417365857563        0.500000000000E-001    122.155386999     

 
      581   0.417365857563        0.100000000000         122.155386999     
      582   0.417365857563        0.150000000000         122.155386999     
      583   0.417365857563        0.200000000000         122.155386999     
      584   0.417365857563        0.250000000000         122.155386999     
      585   0.417365857563        0.300000000000         122.155386999     
      586   0.417365857563        0.350000000000         122.155386999     
      587   0.417365857563        0.400000000000         122.155386999     
      588   0.417365857563        0.450000000000         122.155386999     
      589   0.459102257400       -0.400000000000         122.155237269     
      590   0.459102257400       -0.300000000000         122.155237269     
      591   0.459102257400       -0.200000000000         122.155237269     
      592   0.459102257400       -0.100000000000         122.155237269     
      593   0.459102257400         0.00000000000         122.155237269     
      594   0.459102257400        0.100000000000         122.155237269     
      595   0.459102257400        0.200000000000         122.155237269     
      596   0.459102257400        0.300000000000         122.155237269     
      597   0.459102257400        0.400000000000         122.155237269     
      598    1.00166879454       -0.500000000000         122.151993135     
      599   0.542574893473       -0.500000000000         122.154895030     
      600   0.584311116794       -0.500000000000         122.154702520     

 
      601   0.626047271904       -0.500000000000         122.154495750     
      602   0.667783353933       -0.500000000000         122.154274721     
      603   0.709519358006       -0.500000000000         122.154039432     
      604   0.751255279254       -0.500000000000         122.153789883     
      605   0.792991112802       -0.500000000000         122.153526074     
      606   0.834726853780       -0.500000000000         122.153248006     
      607   0.876462497315       -0.500000000000         122.152955677     
      608   0.918198038536       -0.500000000000         122.152649090     
      609   0.959933472569       -0.500000000000         122.152328242     
      610    1.00166879454        0.500000000000         122.151993135     
      611    1.00166879454       -0.450000000000         122.151993135     
      612    1.00166879454       -0.400000000000         122.151993135     
      613    1.00166879454       -0.350000000000         122.151993135     
      614    1.00166879454       -0.300000000000         122.151993135     
      615    1.00166879454       -0.250000000000         122.151993135     
      616    1.00166879454       -0.200000000000         122.151993135     
      617    1.00166879454       -0.150000000000         122.151993135     
      618    1.00166879454       -0.100000000000         122.151993135     
      619    1.00166879454       -0.500000000000E-001    122.151993135     
      620    1.00166879454         0.00000000000         122.151993135     

 
      621    1.00166879454        0.500000000000E-001    122.151993135     
      622    1.00166879454        0.100000000000         122.151993135     
      623    1.00166879454        0.150000000000         122.151993135     
      624    1.00166879454        0.200000000000         122.151993135     
      625    1.00166879454        0.250000000000         122.151993135     
      626    1.00166879454        0.300000000000         122.151993135     
      627    1.00166879454        0.350000000000         122.151993135     
      628    1.00166879454        0.400000000000         122.151993135     
      629    1.00166879454        0.450000000000         122.151993135     
      630   0.542574893473        0.500000000000         122.154895030     
      631   0.584311116794        0.500000000000         122.154702520     
      632   0.626047271904        0.500000000000         122.154495750     
      633   0.667783353933        0.500000000000         122.154274721     
      634   0.709519358006        0.500000000000         122.154039432     
      635   0.751255279254        0.500000000000         122.153789883     
      636   0.792991112802        0.500000000000         122.153526074     
      637   0.834726853780        0.500000000000         122.153248006     
      638   0.876462497315        0.500000000000         122.152955677     
      639   0.918198038536        0.500000000000         122.152649090     
      640   0.959933472569        0.500000000000         122.152328242     

 
      641   0.542574894167       -0.400000000000         122.154895030     
      642   0.542574894167       -0.300000000000         122.154895030     
      643   0.542574894167       -0.200000000000         122.154895030     
      644   0.542574894167       -0.100000000000         122.154895030     
      645   0.542574894167         0.00000000000         122.154895030     
      646   0.542574894167        0.100000000000         122.154895030     
      647   0.542574894167        0.200000000000         122.154895030     
      648   0.542574894167        0.300000000000         122.154895030     
      649   0.542574894167        0.400000000000         122.154895030     
      650   0.584311116002       -0.450000000000         122.154702520     
      651   0.584311116002       -0.400000000000         122.154702520     
      652   0.584311116002       -0.350000000000         122.154702520     
      653   0.584311116002       -0.300000000000         122.154702520     
      654   0.584311116002       -0.250000000000         122.154702520     
      655   0.584311116002       -0.200000000000         122.154702520     
      656   0.584311116002       -0.150000000000         122.154702520     
      657   0.584311116002       -0.100000000000         122.154702520     
      658   0.584311116002       -0.500000000000E-001    122.154702520     
      659   0.584311116002         0.00000000000         122.154702520     
      660   0.584311116002        0.500000000000E-001    122.154702520     

 
      661   0.584311116002        0.100000000000         122.154702520     
      662   0.584311116002        0.150000000000         122.154702520     
      663   0.584311116002        0.200000000000         122.154702520     
      664   0.584311116002        0.250000000000         122.154702520     
      665   0.584311116002        0.300000000000         122.154702520     
      666   0.584311116002        0.350000000000         122.154702520     
      667   0.584311116002        0.400000000000         122.154702520     
      668   0.584311116002        0.450000000000         122.154702520     
      669   0.626047268065       -0.400000000000         122.154495750     
      670   0.626047268065       -0.300000000000         122.154495750     
      671   0.626047268065       -0.200000000000         122.154495750     
      672   0.626047268065       -0.100000000000         122.154495750     
      673   0.626047268065         0.00000000000         122.154495750     
      674   0.626047268065        0.100000000000         122.154495750     
      675   0.626047268065        0.200000000000         122.154495750     
      676   0.626047268065        0.300000000000         122.154495750     
      677   0.626047268065        0.400000000000         122.154495750     
      678   0.667783346097       -0.450000000000         122.154274721     
      679   0.667783346097       -0.400000000000         122.154274721     
      680   0.667783346097       -0.350000000000         122.154274721     

 
      681   0.667783346097       -0.300000000000         122.154274721     
      682   0.667783346097       -0.250000000000         122.154274721     
      683   0.667783346097       -0.200000000000         122.154274721     
      684   0.667783346097       -0.150000000000         122.154274721     
      685   0.667783346097       -0.100000000000         122.154274721     
      686   0.667783346097       -0.500000000000E-001    122.154274721     
      687   0.667783346097         0.00000000000         122.154274721     
      688   0.667783346097        0.500000000000E-001    122.154274721     
      689   0.667783346097        0.100000000000         122.154274721     
      690   0.667783346097        0.150000000000         122.154274721     
      691   0.667783346097        0.200000000000         122.154274721     
      692   0.667783346097        0.250000000000         122.154274721     
      693   0.667783346097        0.300000000000         122.154274721     
      694   0.667783346097        0.350000000000         122.154274721     
      695   0.667783346097        0.400000000000         122.154274721     
      696   0.667783346097        0.450000000000         122.154274721     
      697   0.709519345844       -0.400000000000         122.154039432     
      698   0.709519345844       -0.300000000000         122.154039432     
      699   0.709519345844       -0.200000000000         122.154039432     
      700   0.709519345844       -0.100000000000         122.154039432     

 
      701   0.709519345844         0.00000000000         122.154039432     
      702   0.709519345844        0.100000000000         122.154039432     
      703   0.709519345844        0.200000000000         122.154039432     
      704   0.709519345844        0.300000000000         122.154039432     
      705   0.709519345844        0.400000000000         122.154039432     
      706   0.751255263049       -0.450000000000         122.153789883     
      707   0.751255263049       -0.400000000000         122.153789883     
      708   0.751255263049       -0.350000000000         122.153789883     
      709   0.751255263049       -0.300000000000         122.153789883     
      710   0.751255263049       -0.250000000000         122.153789883     
      711   0.751255263049       -0.200000000000         122.153789883     
      712   0.751255263049       -0.150000000000         122.153789883     
      713   0.751255263049       -0.100000000000         122.153789883     
      714   0.751255263049       -0.500000000000E-001    122.153789883     
      715   0.751255263049         0.00000000000         122.153789883     
      716   0.751255263049        0.500000000000E-001    122.153789883     
      717   0.751255263049        0.100000000000         122.153789883     
      718   0.751255263049        0.150000000000         122.153789883     
      719   0.751255263049        0.200000000000         122.153789883     
      720   0.751255263049        0.250000000000         122.153789883     

 
      721   0.751255263049        0.300000000000         122.153789883     
      722   0.751255263049        0.350000000000         122.153789883     
      723   0.751255263049        0.400000000000         122.153789883     
      724   0.751255263049        0.450000000000         122.153789883     
      725   0.792991093455       -0.400000000000         122.153526074     
      726   0.792991093455       -0.300000000000         122.153526074     
      727   0.792991093455       -0.200000000000         122.153526074     
      728   0.792991093455       -0.100000000000         122.153526074     
      729   0.792991093455         0.00000000000         122.153526074     
      730   0.792991093455        0.100000000000         122.153526074     
      731   0.792991093455        0.200000000000         122.153526074     
      732   0.792991093455        0.300000000000         122.153526074     
      733   0.792991093455        0.400000000000         122.153526074     
      734   0.834726832807       -0.450000000000         122.153248006     
      735   0.834726832807       -0.400000000000         122.153248006     
      736   0.834726832807       -0.350000000000         122.153248006     
      737   0.834726832807       -0.300000000000         122.153248006     
      738   0.834726832807       -0.250000000000         122.153248006     
      739   0.834726832807       -0.200000000000         122.153248006     
      740   0.834726832807       -0.150000000000         122.153248006     

 
      741   0.834726832807       -0.100000000000         122.153248006     
      742   0.834726832807       -0.500000000000E-001    122.153248006     
      743   0.834726832807         0.00000000000         122.153248006     
      744   0.834726832807        0.500000000000E-001    122.153248006     
      745   0.834726832807        0.100000000000         122.153248006     
      746   0.834726832807        0.150000000000         122.153248006     
      747   0.834726832807        0.200000000000         122.153248006     
      748   0.834726832807        0.250000000000         122.153248006     
      749   0.834726832807        0.300000000000         122.153248006     
      750   0.834726832807        0.350000000000         122.153248006     
      751   0.834726832807        0.400000000000         122.153248006     
      752   0.834726832807        0.450000000000         122.153248006     
      753   0.876462476848       -0.400000000000         122.152955677     
      754   0.876462476848       -0.300000000000         122.152955677     
      755   0.876462476848       -0.200000000000         122.152955677     
      756   0.876462476848       -0.100000000000         122.152955677     
      757   0.876462476848         0.00000000000         122.152955677     
      758   0.876462476848        0.100000000000         122.152955677     
      759   0.876462476848        0.200000000000         122.152955677     
      760   0.876462476848        0.300000000000         122.152955677     

 
      761   0.876462476848        0.400000000000         122.152955677     
      762   0.918198021322       -0.450000000000         122.152649090     
      763   0.918198021322       -0.400000000000         122.152649090     
      764   0.918198021322       -0.350000000000         122.152649090     
      765   0.918198021322       -0.300000000000         122.152649090     
      766   0.918198021322       -0.250000000000         122.152649090     
      767   0.918198021322       -0.200000000000         122.152649090     
      768   0.918198021322       -0.150000000000         122.152649090     
      769   0.918198021322       -0.100000000000         122.152649090     
      770   0.918198021322       -0.500000000000E-001    122.152649090     
      771   0.918198021322         0.00000000000         122.152649090     
      772   0.918198021322        0.500000000000E-001    122.152649090     
      773   0.918198021322        0.100000000000         122.152649090     
      774   0.918198021322        0.150000000000         122.152649090     
      775   0.918198021322        0.200000000000         122.152649090     
      776   0.918198021322        0.250000000000         122.152649090     
      777   0.918198021322        0.300000000000         122.152649090     
      778   0.918198021322        0.350000000000         122.152649090     
      779   0.918198021322        0.400000000000         122.152649090     
      780   0.918198021322        0.450000000000         122.152649090     

 
      781   0.959933461972       -0.400000000000         122.152328242     
      782   0.959933461972       -0.300000000000         122.152328242     
      783   0.959933461972       -0.200000000000         122.152328242     
      784   0.959933461972       -0.100000000000         122.152328242     
      785   0.959933461972         0.00000000000         122.152328242     
      786   0.959933461972        0.100000000000         122.152328242     
      787   0.959933461972        0.200000000000         122.152328242     
      788   0.959933461972        0.300000000000         122.152328242     
      789   0.959933461972        0.400000000000         122.152328242     

