
 
        1   -1.00039701016       -0.500000000000         11.6174065084     
        2  -0.500660218673       -0.500000000000         11.6496466687     
        3  -0.958810057010       -0.500000000000         11.6209126765     
        4  -0.917210821131       -0.500000000000         11.6242699758     
        5  -0.875599835411       -0.500000000000         11.6274783633     
        6  -0.833977632895       -0.500000000000         11.6305377979     
        7  -0.792344746775       -0.500000000000         11.6334482404     
        8  -0.750701710382       -0.500000000000         11.6362096536     
        9  -0.709049057180       -0.500000000000         11.6388220020     
       10  -0.667387320757       -0.500000000000         11.6412852523     
       11  -0.625717034823       -0.500000000000         11.6435993727     
       12  -0.584038733197       -0.500000000000         11.6457643338     
       13  -0.542352949806       -0.500000000000         11.6477801077     
       14  -0.500660218673        0.500000000000         11.6496466687     
       15  -0.500660218673       -0.450000000000         11.6496466687     
       16  -0.500660218673       -0.400000000000         11.6496466687     
       17  -0.500660218673       -0.350000000000         11.6496466687     
       18  -0.500660218673       -0.300000000000         11.6496466687     
       19  -0.500660218673       -0.250000000000         11.6496466687     
       20  -0.500660218673       -0.200000000000         11.6496466687     

 
       21  -0.500660218673       -0.150000000000         11.6496466687     
       22  -0.500660218673       -0.100000000000         11.6496466687     
       23  -0.500660218673       -0.500000000000E-001    11.6496466687     
       24  -0.500660218673         0.00000000000         11.6496466687     
       25  -0.500660218673        0.500000000000E-001    11.6496466687     
       26  -0.500660218673        0.100000000000         11.6496466687     
       27  -0.500660218673        0.150000000000         11.6496466687     
       28  -0.500660218673        0.200000000000         11.6496466687     
       29  -0.500660218673        0.250000000000         11.6496466687     
       30  -0.500660218673        0.300000000000         11.6496466687     
       31  -0.500660218673        0.350000000000         11.6496466687     
       32  -0.500660218673        0.400000000000         11.6496466687     
       33  -0.500660218673        0.450000000000         11.6496466687     
       34   -1.00039701016        0.500000000000         11.6174065084     
       35  -0.958810057010        0.500000000000         11.6209126765     
       36  -0.917210821131        0.500000000000         11.6242699758     
       37  -0.875599835411        0.500000000000         11.6274783633     
       38  -0.833977632895        0.500000000000         11.6305377979     
       39  -0.792344746775        0.500000000000         11.6334482404     
       40  -0.750701710382        0.500000000000         11.6362096536     

 
       41  -0.709049057180        0.500000000000         11.6388220020     
       42  -0.667387320757        0.500000000000         11.6412852523     
       43  -0.625717034823        0.500000000000         11.6435993727     
       44  -0.584038733197        0.500000000000         11.6457643338     
       45  -0.542352949806        0.500000000000         11.6477801077     
       46   -1.00039701016       -0.450000000000         11.6174065084     
       47   -1.00039701016       -0.400000000000         11.6174065084     
       48   -1.00039701016       -0.350000000000         11.6174065084     
       49   -1.00039701016       -0.300000000000         11.6174065084     
       50   -1.00039701016       -0.250000000000         11.6174065084     
       51   -1.00039701016       -0.200000000000         11.6174065084     
       52   -1.00039701016       -0.150000000000         11.6174065084     
       53   -1.00039701016       -0.100000000000         11.6174065084     
       54   -1.00039701016       -0.500000000000E-001    11.6174065084     
       55   -1.00039701016         0.00000000000         11.6174065084     
       56   -1.00039701016        0.500000000000E-001    11.6174065084     
       57   -1.00039701016        0.100000000000         11.6174065084     
       58   -1.00039701016        0.150000000000         11.6174065084     
       59   -1.00039701016        0.200000000000         11.6174065084     
       60   -1.00039701016        0.250000000000         11.6174065084     

 
       61   -1.00039701016        0.300000000000         11.6174065084     
       62   -1.00039701016        0.350000000000         11.6174065084     
       63   -1.00039701016        0.400000000000         11.6174065084     
       64   -1.00039701016        0.450000000000         11.6174065084     
       65  -0.958810057250       -0.400000000000         11.6209126765     
       66  -0.958810057250       -0.300000000000         11.6209126765     
       67  -0.958810057250       -0.200000000000         11.6209126765     
       68  -0.958810057250       -0.100000000000         11.6209126765     
       69  -0.958810057250         0.00000000000         11.6209126765     
       70  -0.958810057250        0.100000000000         11.6209126765     
       71  -0.958810057250        0.200000000000         11.6209126765     
       72  -0.958810057250        0.300000000000         11.6209126765     
       73  -0.958810057250        0.400000000000         11.6209126765     
       74  -0.917210821590       -0.450000000000         11.6242699757     
       75  -0.917210821590       -0.400000000000         11.6242699757     
       76  -0.917210821590       -0.350000000000         11.6242699757     
       77  -0.917210821590       -0.300000000000         11.6242699757     
       78  -0.917210821590       -0.250000000000         11.6242699757     
       79  -0.917210821590       -0.200000000000         11.6242699757     
       80  -0.917210821590       -0.150000000000         11.6242699757     

 
       81  -0.917210821590       -0.100000000000         11.6242699757     
       82  -0.917210821590       -0.500000000000E-001    11.6242699757     
       83  -0.917210821590         0.00000000000         11.6242699757     
       84  -0.917210821590        0.500000000000E-001    11.6242699757     
       85  -0.917210821590        0.100000000000         11.6242699757     
       86  -0.917210821590        0.150000000000         11.6242699757     
       87  -0.917210821590        0.200000000000         11.6242699757     
       88  -0.917210821590        0.250000000000         11.6242699757     
       89  -0.917210821590        0.300000000000         11.6242699757     
       90  -0.917210821590        0.350000000000         11.6242699757     
       91  -0.917210821590        0.400000000000         11.6242699757     
       92  -0.917210821590        0.450000000000         11.6242699757     
       93  -0.875599836062       -0.400000000000         11.6274783632     
       94  -0.875599836062       -0.300000000000         11.6274783632     
       95  -0.875599836062       -0.200000000000         11.6274783632     
       96  -0.875599836062       -0.100000000000         11.6274783632     
       97  -0.875599836062         0.00000000000         11.6274783632     
       98  -0.875599836062        0.100000000000         11.6274783632     
       99  -0.875599836062        0.200000000000         11.6274783632     
      100  -0.875599836062        0.300000000000         11.6274783632     

 
      101  -0.875599836062        0.400000000000         11.6274783632     
      102  -0.833977633703       -0.450000000000         11.6305377978     
      103  -0.833977633703       -0.400000000000         11.6305377978     
      104  -0.833977633703       -0.350000000000         11.6305377978     
      105  -0.833977633703       -0.300000000000         11.6305377978     
      106  -0.833977633703       -0.250000000000         11.6305377978     
      107  -0.833977633703       -0.200000000000         11.6305377978     
      108  -0.833977633703       -0.150000000000         11.6305377978     
      109  -0.833977633703       -0.100000000000         11.6305377978     
      110  -0.833977633703       -0.500000000000E-001    11.6305377978     
      111  -0.833977633703         0.00000000000         11.6305377978     
      112  -0.833977633703        0.500000000000E-001    11.6305377978     
      113  -0.833977633703        0.100000000000         11.6305377978     
      114  -0.833977633703        0.150000000000         11.6305377978     
      115  -0.833977633703        0.200000000000         11.6305377978     
      116  -0.833977633703        0.250000000000         11.6305377978     
      117  -0.833977633703        0.300000000000         11.6305377978     
      118  -0.833977633703        0.350000000000         11.6305377978     
      119  -0.833977633703        0.400000000000         11.6305377978     
      120  -0.833977633703        0.450000000000         11.6305377978     

 
      121  -0.792344747700       -0.400000000000         11.6334482404     
      122  -0.792344747700       -0.300000000000         11.6334482404     
      123  -0.792344747700       -0.200000000000         11.6334482404     
      124  -0.792344747700       -0.100000000000         11.6334482404     
      125  -0.792344747700         0.00000000000         11.6334482404     
      126  -0.792344747700        0.100000000000         11.6334482404     
      127  -0.792344747700        0.200000000000         11.6334482404     
      128  -0.792344747700        0.300000000000         11.6334482404     
      129  -0.792344747700        0.400000000000         11.6334482404     
      130  -0.750701711375       -0.450000000000         11.6362096535     
      131  -0.750701711375       -0.400000000000         11.6362096535     
      132  -0.750701711375       -0.350000000000         11.6362096535     
      133  -0.750701711375       -0.300000000000         11.6362096535     
      134  -0.750701711375       -0.250000000000         11.6362096535     
      135  -0.750701711375       -0.200000000000         11.6362096535     
      136  -0.750701711375       -0.150000000000         11.6362096535     
      137  -0.750701711375       -0.100000000000         11.6362096535     
      138  -0.750701711375       -0.500000000000E-001    11.6362096535     
      139  -0.750701711375         0.00000000000         11.6362096535     
      140  -0.750701711375        0.500000000000E-001    11.6362096535     

 
      141  -0.750701711375        0.100000000000         11.6362096535     
      142  -0.750701711375        0.150000000000         11.6362096535     
      143  -0.750701711375        0.200000000000         11.6362096535     
      144  -0.750701711375        0.250000000000         11.6362096535     
      145  -0.750701711375        0.300000000000         11.6362096535     
      146  -0.750701711375        0.350000000000         11.6362096535     
      147  -0.750701711375        0.400000000000         11.6362096535     
      148  -0.750701711375        0.450000000000         11.6362096535     
      149  -0.709049058185       -0.400000000000         11.6388220020     
      150  -0.709049058185       -0.300000000000         11.6388220020     
      151  -0.709049058185       -0.200000000000         11.6388220020     
      152  -0.709049058185       -0.100000000000         11.6388220020     
      153  -0.709049058185         0.00000000000         11.6388220020     
      154  -0.709049058185        0.100000000000         11.6388220020     
      155  -0.709049058185        0.200000000000         11.6388220020     
      156  -0.709049058185        0.300000000000         11.6388220020     
      157  -0.709049058185        0.400000000000         11.6388220020     
      158  -0.667387321714       -0.450000000000         11.6412852522     
      159  -0.667387321714       -0.400000000000         11.6412852522     
      160  -0.667387321714       -0.350000000000         11.6412852522     

 
      161  -0.667387321714       -0.300000000000         11.6412852522     
      162  -0.667387321714       -0.250000000000         11.6412852522     
      163  -0.667387321714       -0.200000000000         11.6412852522     
      164  -0.667387321714       -0.150000000000         11.6412852522     
      165  -0.667387321714       -0.100000000000         11.6412852522     
      166  -0.667387321714       -0.500000000000E-001    11.6412852522     
      167  -0.667387321714         0.00000000000         11.6412852522     
      168  -0.667387321714        0.500000000000E-001    11.6412852522     
      169  -0.667387321714        0.100000000000         11.6412852522     
      170  -0.667387321714        0.150000000000         11.6412852522     
      171  -0.667387321714        0.200000000000         11.6412852522     
      172  -0.667387321714        0.250000000000         11.6412852522     
      173  -0.667387321714        0.300000000000         11.6412852522     
      174  -0.667387321714        0.350000000000         11.6412852522     
      175  -0.667387321714        0.400000000000         11.6412852522     
      176  -0.667387321714        0.450000000000         11.6412852522     
      177  -0.625717035661       -0.400000000000         11.6435993727     
      178  -0.625717035661       -0.300000000000         11.6435993727     
      179  -0.625717035661       -0.200000000000         11.6435993727     
      180  -0.625717035661       -0.100000000000         11.6435993727     

 
      181  -0.625717035661         0.00000000000         11.6435993727     
      182  -0.625717035661        0.100000000000         11.6435993727     
      183  -0.625717035661        0.200000000000         11.6435993727     
      184  -0.625717035661        0.300000000000         11.6435993727     
      185  -0.625717035661        0.400000000000         11.6435993727     
      186  -0.584038733841       -0.450000000000         11.6457643338     
      187  -0.584038733841       -0.400000000000         11.6457643338     
      188  -0.584038733841       -0.350000000000         11.6457643338     
      189  -0.584038733841       -0.300000000000         11.6457643338     
      190  -0.584038733841       -0.250000000000         11.6457643338     
      191  -0.584038733841       -0.200000000000         11.6457643338     
      192  -0.584038733841       -0.150000000000         11.6457643338     
      193  -0.584038733841       -0.100000000000         11.6457643338     
      194  -0.584038733841       -0.500000000000E-001    11.6457643338     
      195  -0.584038733841         0.00000000000         11.6457643338     
      196  -0.584038733841        0.500000000000E-001    11.6457643338     
      197  -0.584038733841        0.100000000000         11.6457643338     
      198  -0.584038733841        0.150000000000         11.6457643338     
      199  -0.584038733841        0.200000000000         11.6457643338     
      200  -0.584038733841        0.250000000000         11.6457643338     

 
      201  -0.584038733841        0.300000000000         11.6457643338     
      202  -0.584038733841        0.350000000000         11.6457643338     
      203  -0.584038733841        0.400000000000         11.6457643338     
      204  -0.584038733841        0.450000000000         11.6457643338     
      205  -0.542352950173       -0.400000000000         11.6477801077     
      206  -0.542352950173       -0.300000000000         11.6477801077     
      207  -0.542352950173       -0.200000000000         11.6477801077     
      208  -0.542352950173       -0.100000000000         11.6477801077     
      209  -0.542352950173         0.00000000000         11.6477801077     
      210  -0.542352950173        0.100000000000         11.6477801077     
      211  -0.542352950173        0.200000000000         11.6477801077     
      212  -0.542352950173        0.300000000000         11.6477801077     
      213  -0.542352950173        0.400000000000         11.6477801077     
      214    0.00000000000       -0.500000000000         11.6604000000     
      215  -0.458961073786       -0.500000000000         11.6513639928     
      216  -0.417256049441       -0.500000000000         11.6529320580     
      217  -0.375545679886       -0.500000000000         11.6543508443     
      218  -0.333830499439       -0.500000000000         11.6556203335     
      219  -0.292111042483       -0.500000000000         11.6567405092     
      220  -0.250387843458       -0.500000000000         11.6577113572     

 
      221  -0.208661436854       -0.500000000000         11.6585328650     
      222  -0.166932357206       -0.500000000000         11.6592050221     
      223  -0.125201139085       -0.500000000000         11.6597278199     
      224  -0.834683170910E-001  -0.500000000000         11.6601012517     
      225  -0.417344258494E-001  -0.500000000000         11.6603253127     
      226    0.00000000000        0.500000000000         11.6604000000     
      227    0.00000000000       -0.450000000000         11.6604000000     
      228    0.00000000000       -0.400000000000         11.6604000000     
      229    0.00000000000       -0.350000000000         11.6604000000     
      230    0.00000000000       -0.300000000000         11.6604000000     
      231    0.00000000000       -0.250000000000         11.6604000000     
      232    0.00000000000       -0.200000000000         11.6604000000     
      233    0.00000000000       -0.150000000000         11.6604000000     
      234    0.00000000000       -0.100000000000         11.6604000000     
      235    0.00000000000       -0.500000000000E-001    11.6604000000     
      236    0.00000000000         0.00000000000         11.6604000000     
      237    0.00000000000        0.500000000000E-001    11.6604000000     
      238    0.00000000000        0.100000000000         11.6604000000     
      239    0.00000000000        0.150000000000         11.6604000000     
      240    0.00000000000        0.200000000000         11.6604000000     

 
      241    0.00000000000        0.250000000000         11.6604000000     
      242    0.00000000000        0.300000000000         11.6604000000     
      243    0.00000000000        0.350000000000         11.6604000000     
      244    0.00000000000        0.400000000000         11.6604000000     
      245    0.00000000000        0.450000000000         11.6604000000     
      246  -0.458961073786        0.500000000000         11.6513639928     
      247  -0.417256049441        0.500000000000         11.6529320580     
      248  -0.375545679886        0.500000000000         11.6543508443     
      249  -0.333830499439        0.500000000000         11.6556203335     
      250  -0.292111042483        0.500000000000         11.6567405092     
      251  -0.250387843458        0.500000000000         11.6577113572     
      252  -0.208661436854        0.500000000000         11.6585328650     
      253  -0.166932357206        0.500000000000         11.6592050221     
      254  -0.125201139085        0.500000000000         11.6597278199     
      255  -0.834683170910E-001   0.500000000000         11.6601012517     
      256  -0.417344258494E-001   0.500000000000         11.6603253127     
      257  -0.458961074498       -0.400000000000         11.6513639928     
      258  -0.458961074498       -0.300000000000         11.6513639928     
      259  -0.458961074498       -0.200000000000         11.6513639928     
      260  -0.458961074498       -0.100000000000         11.6513639928     

 
      261  -0.458961074498         0.00000000000         11.6513639928     
      262  -0.458961074498        0.100000000000         11.6513639928     
      263  -0.458961074498        0.200000000000         11.6513639928     
      264  -0.458961074498        0.300000000000         11.6513639928     
      265  -0.458961074498        0.400000000000         11.6513639928     
      266  -0.417256050398       -0.450000000000         11.6529320580     
      267  -0.417256050398       -0.400000000000         11.6529320580     
      268  -0.417256050398       -0.350000000000         11.6529320580     
      269  -0.417256050398       -0.300000000000         11.6529320580     
      270  -0.417256050398       -0.250000000000         11.6529320580     
      271  -0.417256050398       -0.200000000000         11.6529320580     
      272  -0.417256050398       -0.150000000000         11.6529320580     
      273  -0.417256050398       -0.100000000000         11.6529320580     
      274  -0.417256050398       -0.500000000000E-001    11.6529320580     
      275  -0.417256050398         0.00000000000         11.6529320580     
      276  -0.417256050398        0.500000000000E-001    11.6529320580     
      277  -0.417256050398        0.100000000000         11.6529320580     
      278  -0.417256050398        0.150000000000         11.6529320580     
      279  -0.417256050398        0.200000000000         11.6529320580     
      280  -0.417256050398        0.250000000000         11.6529320580     

 
      281  -0.417256050398        0.300000000000         11.6529320580     
      282  -0.417256050398        0.350000000000         11.6529320580     
      283  -0.417256050398        0.400000000000         11.6529320580     
      284  -0.417256050398        0.450000000000         11.6529320580     
      285  -0.375545680721       -0.400000000000         11.6543508443     
      286  -0.375545680721       -0.300000000000         11.6543508443     
      287  -0.375545680721       -0.200000000000         11.6543508443     
      288  -0.375545680721       -0.100000000000         11.6543508443     
      289  -0.375545680721         0.00000000000         11.6543508443     
      290  -0.375545680721        0.100000000000         11.6543508443     
      291  -0.375545680721        0.200000000000         11.6543508443     
      292  -0.375545680721        0.300000000000         11.6543508443     
      293  -0.375545680721        0.400000000000         11.6543508443     
      294  -0.333830499886       -0.450000000000         11.6556203334     
      295  -0.333830499886       -0.400000000000         11.6556203334     
      296  -0.333830499886       -0.350000000000         11.6556203334     
      297  -0.333830499886       -0.300000000000         11.6556203334     
      298  -0.333830499886       -0.250000000000         11.6556203334     
      299  -0.333830499886       -0.200000000000         11.6556203334     
      300  -0.333830499886       -0.150000000000         11.6556203334     

 
      301  -0.333830499886       -0.100000000000         11.6556203334     
      302  -0.333830499886       -0.500000000000E-001    11.6556203334     
      303  -0.333830499886         0.00000000000         11.6556203334     
      304  -0.333830499886        0.500000000000E-001    11.6556203334     
      305  -0.333830499886        0.100000000000         11.6556203334     
      306  -0.333830499886        0.150000000000         11.6556203334     
      307  -0.333830499886        0.200000000000         11.6556203334     
      308  -0.333830499886        0.250000000000         11.6556203334     
      309  -0.333830499886        0.300000000000         11.6556203334     
      310  -0.333830499886        0.350000000000         11.6556203334     
      311  -0.333830499886        0.400000000000         11.6556203334     
      312  -0.333830499886        0.450000000000         11.6556203334     
      313  -0.292111042380       -0.400000000000         11.6567405092     
      314  -0.292111042380       -0.300000000000         11.6567405092     
      315  -0.292111042380       -0.200000000000         11.6567405092     
      316  -0.292111042380       -0.100000000000         11.6567405092     
      317  -0.292111042380         0.00000000000         11.6567405092     
      318  -0.292111042380        0.100000000000         11.6567405092     
      319  -0.292111042380        0.200000000000         11.6567405092     
      320  -0.292111042380        0.300000000000         11.6567405092     

 
      321  -0.292111042380        0.400000000000         11.6567405092     
      322  -0.250387842742       -0.450000000000         11.6577113572     
      323  -0.250387842742       -0.400000000000         11.6577113572     
      324  -0.250387842742       -0.350000000000         11.6577113572     
      325  -0.250387842742       -0.300000000000         11.6577113572     
      326  -0.250387842742       -0.250000000000         11.6577113572     
      327  -0.250387842742       -0.200000000000         11.6577113572     
      328  -0.250387842742       -0.150000000000         11.6577113572     
      329  -0.250387842742       -0.100000000000         11.6577113572     
      330  -0.250387842742       -0.500000000000E-001    11.6577113572     
      331  -0.250387842742         0.00000000000         11.6577113572     
      332  -0.250387842742        0.500000000000E-001    11.6577113572     
      333  -0.250387842742        0.100000000000         11.6577113572     
      334  -0.250387842742        0.150000000000         11.6577113572     
      335  -0.250387842742        0.200000000000         11.6577113572     
      336  -0.250387842742        0.250000000000         11.6577113572     
      337  -0.250387842742        0.300000000000         11.6577113572     
      338  -0.250387842742        0.350000000000         11.6577113572     
      339  -0.250387842742        0.400000000000         11.6577113572     
      340  -0.250387842742        0.450000000000         11.6577113572     

 
      341  -0.208661435566       -0.400000000000         11.6585328650     
      342  -0.208661435566       -0.300000000000         11.6585328650     
      343  -0.208661435566       -0.200000000000         11.6585328650     
      344  -0.208661435566       -0.100000000000         11.6585328650     
      345  -0.208661435566         0.00000000000         11.6585328650     
      346  -0.208661435566        0.100000000000         11.6585328650     
      347  -0.208661435566        0.200000000000         11.6585328650     
      348  -0.208661435566        0.300000000000         11.6585328650     
      349  -0.208661435566        0.400000000000         11.6585328650     
      350  -0.166932355486       -0.450000000000         11.6592050222     
      351  -0.166932355486       -0.400000000000         11.6592050222     
      352  -0.166932355486       -0.350000000000         11.6592050222     
      353  -0.166932355486       -0.300000000000         11.6592050222     
      354  -0.166932355486       -0.250000000000         11.6592050222     
      355  -0.166932355486       -0.200000000000         11.6592050222     
      356  -0.166932355486       -0.150000000000         11.6592050222     
      357  -0.166932355486       -0.100000000000         11.6592050222     
      358  -0.166932355486       -0.500000000000E-001    11.6592050222     
      359  -0.166932355486         0.00000000000         11.6592050222     
      360  -0.166932355486        0.500000000000E-001    11.6592050222     

 
      361  -0.166932355486        0.100000000000         11.6592050222     
      362  -0.166932355486        0.150000000000         11.6592050222     
      363  -0.166932355486        0.200000000000         11.6592050222     
      364  -0.166932355486        0.250000000000         11.6592050222     
      365  -0.166932355486        0.300000000000         11.6592050222     
      366  -0.166932355486        0.350000000000         11.6592050222     
      367  -0.166932355486        0.400000000000         11.6592050222     
      368  -0.166932355486        0.450000000000         11.6592050222     
      369  -0.125201137176       -0.400000000000         11.6597278199     
      370  -0.125201137176       -0.300000000000         11.6597278199     
      371  -0.125201137176       -0.200000000000         11.6597278199     
      372  -0.125201137176       -0.100000000000         11.6597278199     
      373  -0.125201137176         0.00000000000         11.6597278199     
      374  -0.125201137176        0.100000000000         11.6597278199     
      375  -0.125201137176        0.200000000000         11.6597278199     
      376  -0.125201137176        0.300000000000         11.6597278199     
      377  -0.125201137176        0.400000000000         11.6597278199     
      378  -0.834683153389E-001  -0.450000000000         11.6601012517     
      379  -0.834683153389E-001  -0.400000000000         11.6601012517     
      380  -0.834683153389E-001  -0.350000000000         11.6601012517     

 
      381  -0.834683153389E-001  -0.300000000000         11.6601012517     
      382  -0.834683153389E-001  -0.250000000000         11.6601012517     
      383  -0.834683153389E-001  -0.200000000000         11.6601012517     
      384  -0.834683153389E-001  -0.150000000000         11.6601012517     
      385  -0.834683153389E-001  -0.100000000000         11.6601012517     
      386  -0.834683153389E-001  -0.500000000000E-001    11.6601012517     
      387  -0.834683153389E-001    0.00000000000         11.6601012517     
      388  -0.834683153389E-001   0.500000000000E-001    11.6601012517     
      389  -0.834683153389E-001   0.100000000000         11.6601012517     
      390  -0.834683153389E-001   0.150000000000         11.6601012517     
      391  -0.834683153389E-001   0.200000000000         11.6601012517     
      392  -0.834683153389E-001   0.250000000000         11.6601012517     
      393  -0.834683153389E-001   0.300000000000         11.6601012517     
      394  -0.834683153389E-001   0.350000000000         11.6601012517     
      395  -0.834683153389E-001   0.400000000000         11.6601012517     
      396  -0.834683153389E-001   0.450000000000         11.6601012517     
      397  -0.417344246994E-001  -0.400000000000         11.6603253127     
      398  -0.417344246994E-001  -0.300000000000         11.6603253127     
      399  -0.417344246994E-001  -0.200000000000         11.6603253127     
      400  -0.417344246994E-001  -0.100000000000         11.6603253127     

 
      401  -0.417344246994E-001    0.00000000000         11.6603253127     
      402  -0.417344246994E-001   0.100000000000         11.6603253127     
      403  -0.417344246994E-001   0.200000000000         11.6603253127     
      404  -0.417344246994E-001   0.300000000000         11.6603253127     
      405  -0.417344246994E-001   0.400000000000         11.6603253127     
      406   0.500660218673       -0.500000000000         11.6496466687     
      407   0.417344259358E-001  -0.500000000000         11.6603253127     
      408   0.834683172096E-001  -0.500000000000         11.6601012517     
      409   0.125201139204       -0.500000000000         11.6597278199     
      410   0.166932357313       -0.500000000000         11.6592050221     
      411   0.208661436949       -0.500000000000         11.6585328650     
      412   0.250387843548       -0.500000000000         11.6577113572     
      413   0.292111042578       -0.500000000000         11.6567405092     
      414   0.333830499547       -0.500000000000         11.6556203335     
      415   0.375545680006       -0.500000000000         11.6543508443     
      416   0.417256049560       -0.500000000000         11.6529320580     
      417   0.458961073873       -0.500000000000         11.6513639928     
      418   0.500660218673        0.500000000000         11.6496466687     
      419   0.500660218673       -0.450000000000         11.6496466687     
      420   0.500660218673       -0.400000000000         11.6496466687     

 
      421   0.500660218673       -0.350000000000         11.6496466687     
      422   0.500660218673       -0.300000000000         11.6496466687     
      423   0.500660218673       -0.250000000000         11.6496466687     
      424   0.500660218673       -0.200000000000         11.6496466687     
      425   0.500660218673       -0.150000000000         11.6496466687     
      426   0.500660218673       -0.100000000000         11.6496466687     
      427   0.500660218673       -0.500000000000E-001    11.6496466687     
      428   0.500660218673         0.00000000000         11.6496466687     
      429   0.500660218673        0.500000000000E-001    11.6496466687     
      430   0.500660218673        0.100000000000         11.6496466687     
      431   0.500660218673        0.150000000000         11.6496466687     
      432   0.500660218673        0.200000000000         11.6496466687     
      433   0.500660218673        0.250000000000         11.6496466687     
      434   0.500660218673        0.300000000000         11.6496466687     
      435   0.500660218673        0.350000000000         11.6496466687     
      436   0.500660218673        0.400000000000         11.6496466687     
      437   0.500660218673        0.450000000000         11.6496466687     
      438   0.417344259358E-001   0.500000000000         11.6603253127     
      439   0.834683172096E-001   0.500000000000         11.6601012517     
      440   0.125201139204        0.500000000000         11.6597278199     

 
      441   0.166932357313        0.500000000000         11.6592050221     
      442   0.208661436949        0.500000000000         11.6585328650     
      443   0.250387843548        0.500000000000         11.6577113572     
      444   0.292111042578        0.500000000000         11.6567405092     
      445   0.333830499547        0.500000000000         11.6556203335     
      446   0.375545680006        0.500000000000         11.6543508443     
      447   0.417256049560        0.500000000000         11.6529320580     
      448   0.458961073873        0.500000000000         11.6513639928     
      449   0.417344271200E-001  -0.400000000000         11.6603253127     
      450   0.417344271200E-001  -0.300000000000         11.6603253127     
      451   0.417344271200E-001  -0.200000000000         11.6603253127     
      452   0.417344271200E-001  -0.100000000000         11.6603253127     
      453   0.417344271200E-001    0.00000000000         11.6603253127     
      454   0.417344271200E-001   0.100000000000         11.6603253127     
      455   0.417344271200E-001   0.200000000000         11.6603253127     
      456   0.417344271200E-001   0.300000000000         11.6603253127     
      457   0.417344271200E-001   0.400000000000         11.6603253127     
      458   0.834683189929E-001  -0.450000000000         11.6601012517     
      459   0.834683189929E-001  -0.400000000000         11.6601012517     
      460   0.834683189929E-001  -0.350000000000         11.6601012517     

 
      461   0.834683189929E-001  -0.300000000000         11.6601012517     
      462   0.834683189929E-001  -0.250000000000         11.6601012517     
      463   0.834683189929E-001  -0.200000000000         11.6601012517     
      464   0.834683189929E-001  -0.150000000000         11.6601012517     
      465   0.834683189929E-001  -0.100000000000         11.6601012517     
      466   0.834683189929E-001  -0.500000000000E-001    11.6601012517     
      467   0.834683189929E-001    0.00000000000         11.6601012517     
      468   0.834683189929E-001   0.500000000000E-001    11.6601012517     
      469   0.834683189929E-001   0.100000000000         11.6601012517     
      470   0.834683189929E-001   0.150000000000         11.6601012517     
      471   0.834683189929E-001   0.200000000000         11.6601012517     
      472   0.834683189929E-001   0.250000000000         11.6601012517     
      473   0.834683189929E-001   0.300000000000         11.6601012517     
      474   0.834683189929E-001   0.350000000000         11.6601012517     
      475   0.834683189929E-001   0.400000000000         11.6601012517     
      476   0.834683189929E-001   0.450000000000         11.6601012517     
      477   0.125201141112       -0.400000000000         11.6597278199     
      478   0.125201141112       -0.300000000000         11.6597278199     
      479   0.125201141112       -0.200000000000         11.6597278199     
      480   0.125201141112       -0.100000000000         11.6597278199     

 
      481   0.125201141112         0.00000000000         11.6597278199     
      482   0.125201141112        0.100000000000         11.6597278199     
      483   0.125201141112        0.200000000000         11.6597278199     
      484   0.125201141112        0.300000000000         11.6597278199     
      485   0.125201141112        0.400000000000         11.6597278199     
      486   0.166932358983       -0.450000000000         11.6592050221     
      487   0.166932358983       -0.400000000000         11.6592050221     
      488   0.166932358983       -0.350000000000         11.6592050221     
      489   0.166932358983       -0.300000000000         11.6592050221     
      490   0.166932358983       -0.250000000000         11.6592050221     
      491   0.166932358983       -0.200000000000         11.6592050221     
      492   0.166932358983       -0.150000000000         11.6592050221     
      493   0.166932358983       -0.100000000000         11.6592050221     
      494   0.166932358983       -0.500000000000E-001    11.6592050221     
      495   0.166932358983         0.00000000000         11.6592050221     
      496   0.166932358983        0.500000000000E-001    11.6592050221     
      497   0.166932358983        0.100000000000         11.6592050221     
      498   0.166932358983        0.150000000000         11.6592050221     
      499   0.166932358983        0.200000000000         11.6592050221     
      500   0.166932358983        0.250000000000         11.6592050221     

 
      501   0.166932358983        0.300000000000         11.6592050221     
      502   0.166932358983        0.350000000000         11.6592050221     
      503   0.166932358983        0.400000000000         11.6592050221     
      504   0.166932358983        0.450000000000         11.6592050221     
      505   0.208661438128       -0.400000000000         11.6585328650     
      506   0.208661438128       -0.300000000000         11.6585328650     
      507   0.208661438128       -0.200000000000         11.6585328650     
      508   0.208661438128       -0.100000000000         11.6585328650     
      509   0.208661438128         0.00000000000         11.6585328650     
      510   0.208661438128        0.100000000000         11.6585328650     
      511   0.208661438128        0.200000000000         11.6585328650     
      512   0.208661438128        0.300000000000         11.6585328650     
      513   0.208661438128        0.400000000000         11.6585328650     
      514   0.250387844095       -0.450000000000         11.6577113572     
      515   0.250387844095       -0.400000000000         11.6577113572     
      516   0.250387844095       -0.350000000000         11.6577113572     
      517   0.250387844095       -0.300000000000         11.6577113572     
      518   0.250387844095       -0.250000000000         11.6577113572     
      519   0.250387844095       -0.200000000000         11.6577113572     
      520   0.250387844095       -0.150000000000         11.6577113572     

 
      521   0.250387844095       -0.100000000000         11.6577113572     
      522   0.250387844095       -0.500000000000E-001    11.6577113572     
      523   0.250387844095         0.00000000000         11.6577113572     
      524   0.250387844095        0.500000000000E-001    11.6577113572     
      525   0.250387844095        0.100000000000         11.6577113572     
      526   0.250387844095        0.150000000000         11.6577113572     
      527   0.250387844095        0.200000000000         11.6577113572     
      528   0.250387844095        0.250000000000         11.6577113572     
      529   0.250387844095        0.300000000000         11.6577113572     
      530   0.250387844095        0.350000000000         11.6577113572     
      531   0.250387844095        0.400000000000         11.6577113572     
      532   0.250387844095        0.450000000000         11.6577113572     
      533   0.292111042463       -0.400000000000         11.6567405092     
      534   0.292111042463       -0.300000000000         11.6567405092     
      535   0.292111042463       -0.200000000000         11.6567405092     
      536   0.292111042463       -0.100000000000         11.6567405092     
      537   0.292111042463         0.00000000000         11.6567405092     
      538   0.292111042463        0.100000000000         11.6567405092     
      539   0.292111042463        0.200000000000         11.6567405092     
      540   0.292111042463        0.300000000000         11.6567405092     

 
      541   0.292111042463        0.400000000000         11.6567405092     
      542   0.333830498850       -0.450000000000         11.6556203335     
      543   0.333830498850       -0.400000000000         11.6556203335     
      544   0.333830498850       -0.350000000000         11.6556203335     
      545   0.333830498850       -0.300000000000         11.6556203335     
      546   0.333830498850       -0.250000000000         11.6556203335     
      547   0.333830498850       -0.200000000000         11.6556203335     
      548   0.333830498850       -0.150000000000         11.6556203335     
      549   0.333830498850       -0.100000000000         11.6556203335     
      550   0.333830498850       -0.500000000000E-001    11.6556203335     
      551   0.333830498850         0.00000000000         11.6556203335     
      552   0.333830498850        0.500000000000E-001    11.6556203335     
      553   0.333830498850        0.100000000000         11.6556203335     
      554   0.333830498850        0.150000000000         11.6556203335     
      555   0.333830498850        0.200000000000         11.6556203335     
      556   0.333830498850        0.250000000000         11.6556203335     
      557   0.333830498850        0.300000000000         11.6556203335     
      558   0.333830498850        0.350000000000         11.6556203335     
      559   0.333830498850        0.400000000000         11.6556203335     
      560   0.333830498850        0.450000000000         11.6556203335     

 
      561   0.375545678919       -0.400000000000         11.6543508443     
      562   0.375545678919       -0.300000000000         11.6543508443     
      563   0.375545678919       -0.200000000000         11.6543508443     
      564   0.375545678919       -0.100000000000         11.6543508443     
      565   0.375545678919         0.00000000000         11.6543508443     
      566   0.375545678919        0.100000000000         11.6543508443     
      567   0.375545678919        0.200000000000         11.6543508443     
      568   0.375545678919        0.300000000000         11.6543508443     
      569   0.375545678919        0.400000000000         11.6543508443     
      570   0.417256048385       -0.450000000000         11.6529320581     
      571   0.417256048385       -0.400000000000         11.6529320581     
      572   0.417256048385       -0.350000000000         11.6529320581     
      573   0.417256048385       -0.300000000000         11.6529320581     
      574   0.417256048385       -0.250000000000         11.6529320581     
      575   0.417256048385       -0.200000000000         11.6529320581     
      576   0.417256048385       -0.150000000000         11.6529320581     
      577   0.417256048385       -0.100000000000         11.6529320581     
      578   0.417256048385       -0.500000000000E-001    11.6529320581     
      579   0.417256048385         0.00000000000         11.6529320581     
      580   0.417256048385        0.500000000000E-001    11.6529320581     

 
      581   0.417256048385        0.100000000000         11.6529320581     
      582   0.417256048385        0.150000000000         11.6529320581     
      583   0.417256048385        0.200000000000         11.6529320581     
      584   0.417256048385        0.250000000000         11.6529320581     
      585   0.417256048385        0.300000000000         11.6529320581     
      586   0.417256048385        0.350000000000         11.6529320581     
      587   0.417256048385        0.400000000000         11.6529320581     
      588   0.417256048385        0.450000000000         11.6529320581     
      589   0.458961073023       -0.400000000000         11.6513639928     
      590   0.458961073023       -0.300000000000         11.6513639928     
      591   0.458961073023       -0.200000000000         11.6513639928     
      592   0.458961073023       -0.100000000000         11.6513639928     
      593   0.458961073023         0.00000000000         11.6513639928     
      594   0.458961073023        0.100000000000         11.6513639928     
      595   0.458961073023        0.200000000000         11.6513639928     
      596   0.458961073023        0.300000000000         11.6513639928     
      597   0.458961073023        0.400000000000         11.6513639928     
      598    1.00039701016       -0.500000000000         11.6174065084     
      599   0.542352949892       -0.500000000000         11.6477801077     
      600   0.584038733315       -0.500000000000         11.6457643338     

 
      601   0.625717034942       -0.500000000000         11.6435993727     
      602   0.667387320864       -0.500000000000         11.6412852522     
      603   0.709049057274       -0.500000000000         11.6388220020     
      604   0.750701710472       -0.500000000000         11.6362096536     
      605   0.792344746870       -0.500000000000         11.6334482404     
      606   0.833977633002       -0.500000000000         11.6305377979     
      607   0.875599835530       -0.500000000000         11.6274783632     
      608   0.917210821248       -0.500000000000         11.6242699757     
      609   0.958810057096       -0.500000000000         11.6209126765     
      610    1.00039701016        0.500000000000         11.6174065084     
      611    1.00039701016       -0.450000000000         11.6174065084     
      612    1.00039701016       -0.400000000000         11.6174065084     
      613    1.00039701016       -0.350000000000         11.6174065084     
      614    1.00039701016       -0.300000000000         11.6174065084     
      615    1.00039701016       -0.250000000000         11.6174065084     
      616    1.00039701016       -0.200000000000         11.6174065084     
      617    1.00039701016       -0.150000000000         11.6174065084     
      618    1.00039701016       -0.100000000000         11.6174065084     
      619    1.00039701016       -0.500000000000E-001    11.6174065084     
      620    1.00039701016         0.00000000000         11.6174065084     

 
      621    1.00039701016        0.500000000000E-001    11.6174065084     
      622    1.00039701016        0.100000000000         11.6174065084     
      623    1.00039701016        0.150000000000         11.6174065084     
      624    1.00039701016        0.200000000000         11.6174065084     
      625    1.00039701016        0.250000000000         11.6174065084     
      626    1.00039701016        0.300000000000         11.6174065084     
      627    1.00039701016        0.350000000000         11.6174065084     
      628    1.00039701016        0.400000000000         11.6174065084     
      629    1.00039701016        0.450000000000         11.6174065084     
      630   0.542352949892        0.500000000000         11.6477801077     
      631   0.584038733315        0.500000000000         11.6457643338     
      632   0.625717034942        0.500000000000         11.6435993727     
      633   0.667387320864        0.500000000000         11.6412852522     
      634   0.709049057274        0.500000000000         11.6388220020     
      635   0.750701710472        0.500000000000         11.6362096536     
      636   0.792344746870        0.500000000000         11.6334482404     
      637   0.833977633002        0.500000000000         11.6305377979     
      638   0.875599835530        0.500000000000         11.6274783632     
      639   0.917210821248        0.500000000000         11.6242699757     
      640   0.958810057096        0.500000000000         11.6209126765     

 
      641   0.542352948972       -0.400000000000         11.6477801078     
      642   0.542352948972       -0.300000000000         11.6477801078     
      643   0.542352948972       -0.200000000000         11.6477801078     
      644   0.542352948972       -0.100000000000         11.6477801078     
      645   0.542352948972         0.00000000000         11.6477801078     
      646   0.542352948972        0.100000000000         11.6477801078     
      647   0.542352948972        0.200000000000         11.6477801078     
      648   0.542352948972        0.300000000000         11.6477801078     
      649   0.542352948972        0.400000000000         11.6477801078     
      650   0.584038732084       -0.450000000000         11.6457643338     
      651   0.584038732084       -0.400000000000         11.6457643338     
      652   0.584038732084       -0.350000000000         11.6457643338     
      653   0.584038732084       -0.300000000000         11.6457643338     
      654   0.584038732084       -0.250000000000         11.6457643338     
      655   0.584038732084       -0.200000000000         11.6457643338     
      656   0.584038732084       -0.150000000000         11.6457643338     
      657   0.584038732084       -0.100000000000         11.6457643338     
      658   0.584038732084       -0.500000000000E-001    11.6457643338     
      659   0.584038732084         0.00000000000         11.6457643338     
      660   0.584038732084        0.500000000000E-001    11.6457643338     

 
      661   0.584038732084        0.100000000000         11.6457643338     
      662   0.584038732084        0.150000000000         11.6457643338     
      663   0.584038732084        0.200000000000         11.6457643338     
      664   0.584038732084        0.250000000000         11.6457643338     
      665   0.584038732084        0.300000000000         11.6457643338     
      666   0.584038732084        0.350000000000         11.6457643338     
      667   0.584038732084        0.400000000000         11.6457643338     
      668   0.584038732084        0.450000000000         11.6457643338     
      669   0.625717033876       -0.400000000000         11.6435993728     
      670   0.625717033876       -0.300000000000         11.6435993728     
      671   0.625717033876       -0.200000000000         11.6435993728     
      672   0.625717033876       -0.100000000000         11.6435993728     
      673   0.625717033876         0.00000000000         11.6435993728     
      674   0.625717033876        0.100000000000         11.6435993728     
      675   0.625717033876        0.200000000000         11.6435993728     
      676   0.625717033876        0.300000000000         11.6435993728     
      677   0.625717033876        0.400000000000         11.6435993728     
      678   0.667387320308       -0.450000000000         11.6412852523     
      679   0.667387320308       -0.400000000000         11.6412852523     
      680   0.667387320308       -0.350000000000         11.6412852523     

 
      681   0.667387320308       -0.300000000000         11.6412852523     
      682   0.667387320308       -0.250000000000         11.6412852523     
      683   0.667387320308       -0.200000000000         11.6412852523     
      684   0.667387320308       -0.150000000000         11.6412852523     
      685   0.667387320308       -0.100000000000         11.6412852523     
      686   0.667387320308       -0.500000000000E-001    11.6412852523     
      687   0.667387320308         0.00000000000         11.6412852523     
      688   0.667387320308        0.500000000000E-001    11.6412852523     
      689   0.667387320308        0.100000000000         11.6412852523     
      690   0.667387320308        0.150000000000         11.6412852523     
      691   0.667387320308        0.200000000000         11.6412852523     
      692   0.667387320308        0.250000000000         11.6412852523     
      693   0.667387320308        0.300000000000         11.6412852523     
      694   0.667387320308        0.350000000000         11.6412852523     
      695   0.667387320308        0.400000000000         11.6412852523     
      696   0.667387320308        0.450000000000         11.6412852523     
      697   0.709049057438       -0.400000000000         11.6388220020     
      698   0.709049057438       -0.300000000000         11.6388220020     
      699   0.709049057438       -0.200000000000         11.6388220020     
      700   0.709049057438       -0.100000000000         11.6388220020     

 
      701   0.709049057438         0.00000000000         11.6388220020     
      702   0.709049057438        0.100000000000         11.6388220020     
      703   0.709049057438        0.200000000000         11.6388220020     
      704   0.709049057438        0.300000000000         11.6388220020     
      705   0.709049057438        0.400000000000         11.6388220020     
      706   0.750701711434       -0.450000000000         11.6362096535     
      707   0.750701711434       -0.400000000000         11.6362096535     
      708   0.750701711434       -0.350000000000         11.6362096535     
      709   0.750701711434       -0.300000000000         11.6362096535     
      710   0.750701711434       -0.250000000000         11.6362096535     
      711   0.750701711434       -0.200000000000         11.6362096535     
      712   0.750701711434       -0.150000000000         11.6362096535     
      713   0.750701711434       -0.100000000000         11.6362096535     
      714   0.750701711434       -0.500000000000E-001    11.6362096535     
      715   0.750701711434         0.00000000000         11.6362096535     
      716   0.750701711434        0.500000000000E-001    11.6362096535     
      717   0.750701711434        0.100000000000         11.6362096535     
      718   0.750701711434        0.150000000000         11.6362096535     
      719   0.750701711434        0.200000000000         11.6362096535     
      720   0.750701711434        0.250000000000         11.6362096535     

 
      721   0.750701711434        0.300000000000         11.6362096535     
      722   0.750701711434        0.350000000000         11.6362096535     
      723   0.750701711434        0.400000000000         11.6362096535     
      724   0.750701711434        0.450000000000         11.6362096535     
      725   0.792344748576       -0.400000000000         11.6334482403     
      726   0.792344748576       -0.300000000000         11.6334482403     
      727   0.792344748576       -0.200000000000         11.6334482403     
      728   0.792344748576       -0.100000000000         11.6334482403     
      729   0.792344748576         0.00000000000         11.6334482403     
      730   0.792344748576        0.100000000000         11.6334482403     
      731   0.792344748576        0.200000000000         11.6334482403     
      732   0.792344748576        0.300000000000         11.6334482403     
      733   0.792344748576        0.400000000000         11.6334482403     
      734   0.833977635268       -0.450000000000         11.6305377977     
      735   0.833977635268       -0.400000000000         11.6305377977     
      736   0.833977635268       -0.350000000000         11.6305377977     
      737   0.833977635268       -0.300000000000         11.6305377977     
      738   0.833977635268       -0.250000000000         11.6305377977     
      739   0.833977635268       -0.200000000000         11.6305377977     
      740   0.833977635268       -0.150000000000         11.6305377977     

 
      741   0.833977635268       -0.100000000000         11.6305377977     
      742   0.833977635268       -0.500000000000E-001    11.6305377977     
      743   0.833977635268         0.00000000000         11.6305377977     
      744   0.833977635268        0.500000000000E-001    11.6305377977     
      745   0.833977635268        0.100000000000         11.6305377977     
      746   0.833977635268        0.150000000000         11.6305377977     
      747   0.833977635268        0.200000000000         11.6305377977     
      748   0.833977635268        0.250000000000         11.6305377977     
      749   0.833977635268        0.300000000000         11.6305377977     
      750   0.833977635268        0.350000000000         11.6305377977     
      751   0.833977635268        0.400000000000         11.6305377977     
      752   0.833977635268        0.450000000000         11.6305377977     
      753   0.875599838036       -0.400000000000         11.6274783631     
      754   0.875599838036       -0.300000000000         11.6274783631     
      755   0.875599838036       -0.200000000000         11.6274783631     
      756   0.875599838036       -0.100000000000         11.6274783631     
      757   0.875599838036         0.00000000000         11.6274783631     
      758   0.875599838036        0.100000000000         11.6274783631     
      759   0.875599838036        0.200000000000         11.6274783631     
      760   0.875599838036        0.300000000000         11.6274783631     

 
      761   0.875599838036        0.400000000000         11.6274783631     
      762   0.917210823545       -0.450000000000         11.6242699756     
      763   0.917210823545       -0.400000000000         11.6242699756     
      764   0.917210823545       -0.350000000000         11.6242699756     
      765   0.917210823545       -0.300000000000         11.6242699756     
      766   0.917210823545       -0.250000000000         11.6242699756     
      767   0.917210823545       -0.200000000000         11.6242699756     
      768   0.917210823545       -0.150000000000         11.6242699756     
      769   0.917210823545       -0.100000000000         11.6242699756     
      770   0.917210823545       -0.500000000000E-001    11.6242699756     
      771   0.917210823545         0.00000000000         11.6242699756     
      772   0.917210823545        0.500000000000E-001    11.6242699756     
      773   0.917210823545        0.100000000000         11.6242699756     
      774   0.917210823545        0.150000000000         11.6242699756     
      775   0.917210823545        0.200000000000         11.6242699756     
      776   0.917210823545        0.250000000000         11.6242699756     
      777   0.917210823545        0.300000000000         11.6242699756     
      778   0.917210823545        0.350000000000         11.6242699756     
      779   0.917210823545        0.400000000000         11.6242699756     
      780   0.917210823545        0.450000000000         11.6242699756     

 
      781   0.958810058601       -0.400000000000         11.6209126764     
      782   0.958810058601       -0.300000000000         11.6209126764     
      783   0.958810058601       -0.200000000000         11.6209126764     
      784   0.958810058601       -0.100000000000         11.6209126764     
      785   0.958810058601         0.00000000000         11.6209126764     
      786   0.958810058601        0.100000000000         11.6209126764     
      787   0.958810058601        0.200000000000         11.6209126764     
      788   0.958810058601        0.300000000000         11.6209126764     
      789   0.958810058601        0.400000000000         11.6209126764     

