
 

 
        1   -1.00006678728       -0.500000000000         10.1304569744     
        2  -0.500639205064       -0.500000000000         10.1673817906     
        3  -0.958523624503       -0.500000000000         10.1344720904     
        4  -0.916964348939       -0.500000000000         10.1383168461     
        5  -0.875389659251       -0.500000000000         10.1419911770     
        6  -0.833800254295       -0.500000000000         10.1454950212     
        7  -0.792196833176       -0.500000000000         10.1488283199     
        8  -0.750580095240       -0.500000000000         10.1519910171     
        9  -0.708950740062       -0.500000000000         10.1549830595     
       10  -0.667309467432       -0.500000000000         10.1578043969     
       11  -0.625656977346       -0.500000000000         10.1604549818     
       12  -0.583993969994       -0.500000000000         10.1629347697     
       13  -0.542321145744       -0.500000000000         10.1652437189     
       14  -0.500639205064        0.500000000000         10.1673817906     
       15  -0.500639205064       -0.450000000000         10.1673817906     
       16  -0.500639205064       -0.400000000000         10.1673817906     
       17  -0.500639205064       -0.350000000000         10.1673817906     
       18  -0.500639205064       -0.300000000000         10.1673817906     
       19  -0.500639205064       -0.250000000000         10.1673817906     
       20  -0.500639205064       -0.200000000000         10.1673817906     

 
       21  -0.500639205064       -0.150000000000         10.1673817906     
       22  -0.500639205064       -0.100000000000         10.1673817906     
       23  -0.500639205064       -0.500000000000E-001    10.1673817906     
       24  -0.500639205064         0.00000000000         10.1673817906     
       25  -0.500639205064        0.500000000000E-001    10.1673817906     
       26  -0.500639205064        0.100000000000         10.1673817906     
       27  -0.500639205064        0.150000000000         10.1673817906     
       28  -0.500639205064        0.200000000000         10.1673817906     
       29  -0.500639205064        0.250000000000         10.1673817906     
       30  -0.500639205064        0.300000000000         10.1673817906     
       31  -0.500639205064        0.350000000000         10.1673817906     
       32  -0.500639205064        0.400000000000         10.1673817906     
       33  -0.500639205064        0.450000000000         10.1673817906     
       34   -1.00006678728        0.500000000000         10.1304569744     
       35  -0.958523624503        0.500000000000         10.1344720904     
       36  -0.916964348939        0.500000000000         10.1383168461     
       37  -0.875389659251        0.500000000000         10.1419911770     
       38  -0.833800254295        0.500000000000         10.1454950212     
       39  -0.792196833176        0.500000000000         10.1488283199     
       40  -0.750580095240        0.500000000000         10.1519910171     

 
       41  -0.708950740062        0.500000000000         10.1549830595     
       42  -0.667309467432        0.500000000000         10.1578043969     
       43  -0.625656977346        0.500000000000         10.1604549818     
       44  -0.583993969994        0.500000000000         10.1629347697     
       45  -0.542321145744        0.500000000000         10.1652437189     
       46   -1.00006678728       -0.450000000000         10.1304569744     
       47   -1.00006678728       -0.400000000000         10.1304569744     
       48   -1.00006678728       -0.350000000000         10.1304569744     
       49   -1.00006678728       -0.300000000000         10.1304569744     
       50   -1.00006678728       -0.250000000000         10.1304569744     
       51   -1.00006678728       -0.200000000000         10.1304569744     
       52   -1.00006678728       -0.150000000000         10.1304569744     
       53   -1.00006678728       -0.100000000000         10.1304569744     
       54   -1.00006678728       -0.500000000000E-001    10.1304569744     
       55   -1.00006678728         0.00000000000         10.1304569744     
       56   -1.00006678728        0.500000000000E-001    10.1304569744     
       57   -1.00006678728        0.100000000000         10.1304569744     
       58   -1.00006678728        0.150000000000         10.1304569744     
       59   -1.00006678728        0.200000000000         10.1304569744     
       60   -1.00006678728        0.250000000000         10.1304569744     

 
       61   -1.00006678728        0.300000000000         10.1304569744     
       62   -1.00006678728        0.350000000000         10.1304569744     
       63   -1.00006678728        0.400000000000         10.1304569744     
       64   -1.00006678728        0.450000000000         10.1304569744     
       65  -0.958523624842       -0.400000000000         10.1344720904     
       66  -0.958523624842       -0.300000000000         10.1344720904     
       67  -0.958523624842       -0.200000000000         10.1344720904     
       68  -0.958523624842       -0.100000000000         10.1344720904     
       69  -0.958523624842         0.00000000000         10.1344720904     
       70  -0.958523624842        0.100000000000         10.1344720904     
       71  -0.958523624842        0.200000000000         10.1344720904     
       72  -0.958523624842        0.300000000000         10.1344720904     
       73  -0.958523624842        0.400000000000         10.1344720904     
       74  -0.916964349501       -0.450000000000         10.1383168461     
       75  -0.916964349501       -0.400000000000         10.1383168461     
       76  -0.916964349501       -0.350000000000         10.1383168461     
       77  -0.916964349501       -0.300000000000         10.1383168461     
       78  -0.916964349501       -0.250000000000         10.1383168461     
       79  -0.916964349501       -0.200000000000         10.1383168461     
       80  -0.916964349501       -0.150000000000         10.1383168461     

 
       81  -0.916964349501       -0.100000000000         10.1383168461     
       82  -0.916964349501       -0.500000000000E-001    10.1383168461     
       83  -0.916964349501         0.00000000000         10.1383168461     
       84  -0.916964349501        0.500000000000E-001    10.1383168461     
       85  -0.916964349501        0.100000000000         10.1383168461     
       86  -0.916964349501        0.150000000000         10.1383168461     
       87  -0.916964349501        0.200000000000         10.1383168461     
       88  -0.916964349501        0.250000000000         10.1383168461     
       89  -0.916964349501        0.300000000000         10.1383168461     
       90  -0.916964349501        0.350000000000         10.1383168461     
       91  -0.916964349501        0.400000000000         10.1383168461     
       92  -0.916964349501        0.450000000000         10.1383168461     
       93  -0.875389659938       -0.400000000000         10.1419911770     
       94  -0.875389659938       -0.300000000000         10.1419911770     
       95  -0.875389659938       -0.200000000000         10.1419911770     
       96  -0.875389659938       -0.100000000000         10.1419911770     
       97  -0.875389659938         0.00000000000         10.1419911770     
       98  -0.875389659938        0.100000000000         10.1419911770     
       99  -0.875389659938        0.200000000000         10.1419911770     
      100  -0.875389659938        0.300000000000         10.1419911770     

 
      101  -0.875389659938        0.400000000000         10.1419911770     
      102  -0.833800255022       -0.450000000000         10.1454950212     
      103  -0.833800255022       -0.400000000000         10.1454950212     
      104  -0.833800255022       -0.350000000000         10.1454950212     
      105  -0.833800255022       -0.300000000000         10.1454950212     
      106  -0.833800255022       -0.250000000000         10.1454950212     
      107  -0.833800255022       -0.200000000000         10.1454950212     
      108  -0.833800255022       -0.150000000000         10.1454950212     
      109  -0.833800255022       -0.100000000000         10.1454950212     
      110  -0.833800255022       -0.500000000000E-001    10.1454950212     
      111  -0.833800255022         0.00000000000         10.1454950212     
      112  -0.833800255022        0.500000000000E-001    10.1454950212     
      113  -0.833800255022        0.100000000000         10.1454950212     
      114  -0.833800255022        0.150000000000         10.1454950212     
      115  -0.833800255022        0.200000000000         10.1454950212     
      116  -0.833800255022        0.250000000000         10.1454950212     
      117  -0.833800255022        0.300000000000         10.1454950212     
      118  -0.833800255022        0.350000000000         10.1454950212     
      119  -0.833800255022        0.400000000000         10.1454950212     
      120  -0.833800255022        0.450000000000         10.1454950212     

 
      121  -0.792196833876       -0.400000000000         10.1488283199     
      122  -0.792196833876       -0.300000000000         10.1488283199     
      123  -0.792196833876       -0.200000000000         10.1488283199     
      124  -0.792196833876       -0.100000000000         10.1488283199     
      125  -0.792196833876         0.00000000000         10.1488283199     
      126  -0.792196833876        0.100000000000         10.1488283199     
      127  -0.792196833876        0.200000000000         10.1488283199     
      128  -0.792196833876        0.300000000000         10.1488283199     
      129  -0.792196833876        0.400000000000         10.1488283199     
      130  -0.750580095863       -0.450000000000         10.1519910170     
      131  -0.750580095863       -0.400000000000         10.1519910170     
      132  -0.750580095863       -0.350000000000         10.1519910170     
      133  -0.750580095863       -0.300000000000         10.1519910170     
      134  -0.750580095863       -0.250000000000         10.1519910170     
      135  -0.750580095863       -0.200000000000         10.1519910170     
      136  -0.750580095863       -0.150000000000         10.1519910170     
      137  -0.750580095863       -0.100000000000         10.1519910170     
      138  -0.750580095863       -0.500000000000E-001    10.1519910170     
      139  -0.750580095863         0.00000000000         10.1519910170     
      140  -0.750580095863        0.500000000000E-001    10.1519910170     

 
      141  -0.750580095863        0.100000000000         10.1519910170     
      142  -0.750580095863        0.150000000000         10.1519910170     
      143  -0.750580095863        0.200000000000         10.1519910170     
      144  -0.750580095863        0.250000000000         10.1519910170     
      145  -0.750580095863        0.300000000000         10.1519910170     
      146  -0.750580095863        0.350000000000         10.1519910170     
      147  -0.750580095863        0.400000000000         10.1519910170     
      148  -0.750580095863        0.450000000000         10.1519910170     
      149  -0.708950740573       -0.400000000000         10.1549830594     
      150  -0.708950740573       -0.300000000000         10.1549830594     
      151  -0.708950740573       -0.200000000000         10.1549830594     
      152  -0.708950740573       -0.100000000000         10.1549830594     
      153  -0.708950740573         0.00000000000         10.1549830594     
      154  -0.708950740573        0.100000000000         10.1549830594     
      155  -0.708950740573        0.200000000000         10.1549830594     
      156  -0.708950740573        0.300000000000         10.1549830594     
      157  -0.708950740573        0.400000000000         10.1549830594     
      158  -0.667309467812       -0.450000000000         10.1578043968     
      159  -0.667309467812       -0.400000000000         10.1578043968     
      160  -0.667309467812       -0.350000000000         10.1578043968     

 
      161  -0.667309467812       -0.300000000000         10.1578043968     
      162  -0.667309467812       -0.250000000000         10.1578043968     
      163  -0.667309467812       -0.200000000000         10.1578043968     
      164  -0.667309467812       -0.150000000000         10.1578043968     
      165  -0.667309467812       -0.100000000000         10.1578043968     
      166  -0.667309467812       -0.500000000000E-001    10.1578043968     
      167  -0.667309467812         0.00000000000         10.1578043968     
      168  -0.667309467812        0.500000000000E-001    10.1578043968     
      169  -0.667309467812        0.100000000000         10.1578043968     
      170  -0.667309467812        0.150000000000         10.1578043968     
      171  -0.667309467812        0.200000000000         10.1578043968     
      172  -0.667309467812        0.250000000000         10.1578043968     
      173  -0.667309467812        0.300000000000         10.1578043968     
      174  -0.667309467812        0.350000000000         10.1578043968     
      175  -0.667309467812        0.400000000000         10.1578043968     
      176  -0.667309467812        0.450000000000         10.1578043968     
      177  -0.625656977594       -0.400000000000         10.1604549818     
      178  -0.625656977594       -0.300000000000         10.1604549818     
      179  -0.625656977594       -0.200000000000         10.1604549818     
      180  -0.625656977594       -0.100000000000         10.1604549818     

 
      181  -0.625656977594         0.00000000000         10.1604549818     
      182  -0.625656977594        0.100000000000         10.1604549818     
      183  -0.625656977594        0.200000000000         10.1604549818     
      184  -0.625656977594        0.300000000000         10.1604549818     
      185  -0.625656977594        0.400000000000         10.1604549818     
      186  -0.583993970123       -0.450000000000         10.1629347697     
      187  -0.583993970123       -0.400000000000         10.1629347697     
      188  -0.583993970123       -0.350000000000         10.1629347697     
      189  -0.583993970123       -0.300000000000         10.1629347697     
      190  -0.583993970123       -0.250000000000         10.1629347697     
      191  -0.583993970123       -0.200000000000         10.1629347697     
      192  -0.583993970123       -0.150000000000         10.1629347697     
      193  -0.583993970123       -0.100000000000         10.1629347697     
      194  -0.583993970123       -0.500000000000E-001    10.1629347697     
      195  -0.583993970123         0.00000000000         10.1629347697     
      196  -0.583993970123        0.500000000000E-001    10.1629347697     
      197  -0.583993970123        0.100000000000         10.1629347697     
      198  -0.583993970123        0.150000000000         10.1629347697     
      199  -0.583993970123        0.200000000000         10.1629347697     
      200  -0.583993970123        0.250000000000         10.1629347697     

 
      201  -0.583993970123        0.300000000000         10.1629347697     
      202  -0.583993970123        0.350000000000         10.1629347697     
      203  -0.583993970123        0.400000000000         10.1629347697     
      204  -0.583993970123        0.450000000000         10.1629347697     
      205  -0.542321145785       -0.400000000000         10.1652437189     
      206  -0.542321145785       -0.300000000000         10.1652437189     
      207  -0.542321145785       -0.200000000000         10.1652437189     
      208  -0.542321145785       -0.100000000000         10.1652437189     
      209  -0.542321145785         0.00000000000         10.1652437189     
      210  -0.542321145785        0.100000000000         10.1652437189     
      211  -0.542321145785        0.200000000000         10.1652437189     
      212  -0.542321145785        0.300000000000         10.1652437189     
      213  -0.542321145785        0.400000000000         10.1652437189     
      214    0.00000000000       -0.500000000000         10.1797000000     
      215  -0.458948848647       -0.500000000000         10.1693489489     
      216  -0.417250777284       -0.500000000000         10.1711451606     
      217  -0.375545691971       -0.500000000000         10.1727703957     
      218  -0.333834293754       -0.500000000000         10.1742246267     
      219  -0.292117283790       -0.500000000000         10.1755078292     
      220  -0.250395363335       -0.500000000000         10.1766199817     

 
      221  -0.208669233731       -0.500000000000         10.1775610654     
      222  -0.166939596397       -0.500000000000         10.1783310646     
      223  -0.125207152812       -0.500000000000         10.1789299663     
      224  -0.834726045098E-001  -0.500000000000         10.1793577604     
      225  -0.417366530631E-001  -0.500000000000         10.1796144397     
      226    0.00000000000        0.500000000000         10.1797000000     
      227    0.00000000000       -0.450000000000         10.1797000000     
      228    0.00000000000       -0.400000000000         10.1797000000     
      229    0.00000000000       -0.350000000000         10.1797000000     
      230    0.00000000000       -0.300000000000         10.1797000000     
      231    0.00000000000       -0.250000000000         10.1797000000     
      232    0.00000000000       -0.200000000000         10.1797000000     
      233    0.00000000000       -0.150000000000         10.1797000000     
      234    0.00000000000       -0.100000000000         10.1797000000     
      235    0.00000000000       -0.500000000000E-001    10.1797000000     
      236    0.00000000000         0.00000000000         10.1797000000     
      237    0.00000000000        0.500000000000E-001    10.1797000000     
      238    0.00000000000        0.100000000000         10.1797000000     
      239    0.00000000000        0.150000000000         10.1797000000     
      240    0.00000000000        0.200000000000         10.1797000000     

 
      241    0.00000000000        0.250000000000         10.1797000000     
      242    0.00000000000        0.300000000000         10.1797000000     
      243    0.00000000000        0.350000000000         10.1797000000     
      244    0.00000000000        0.400000000000         10.1797000000     
      245    0.00000000000        0.450000000000         10.1797000000     
      246  -0.458948848647        0.500000000000         10.1693489489     
      247  -0.417250777284        0.500000000000         10.1711451606     
      248  -0.375545691971        0.500000000000         10.1727703957     
      249  -0.333834293754        0.500000000000         10.1742246267     
      250  -0.292117283790        0.500000000000         10.1755078292     
      251  -0.250395363335        0.500000000000         10.1766199817     
      252  -0.208669233731        0.500000000000         10.1775610654     
      253  -0.166939596397        0.500000000000         10.1783310646     
      254  -0.125207152812        0.500000000000         10.1789299663     
      255  -0.834726045098E-001   0.500000000000         10.1793577604     
      256  -0.417366530631E-001   0.500000000000         10.1796144397     
      257  -0.458948848779       -0.400000000000         10.1693489489     
      258  -0.458948848779       -0.300000000000         10.1693489489     
      259  -0.458948848779       -0.200000000000         10.1693489489     
      260  -0.458948848779       -0.100000000000         10.1693489489     

 
      261  -0.458948848779         0.00000000000         10.1693489489     
      262  -0.458948848779        0.100000000000         10.1693489489     
      263  -0.458948848779        0.200000000000         10.1693489489     
      264  -0.458948848779        0.300000000000         10.1693489489     
      265  -0.458948848779        0.400000000000         10.1693489489     
      266  -0.417250777493       -0.450000000000         10.1711451606     
      267  -0.417250777493       -0.400000000000         10.1711451606     
      268  -0.417250777493       -0.350000000000         10.1711451606     
      269  -0.417250777493       -0.300000000000         10.1711451606     
      270  -0.417250777493       -0.250000000000         10.1711451606     
      271  -0.417250777493       -0.200000000000         10.1711451606     
      272  -0.417250777493       -0.150000000000         10.1711451606     
      273  -0.417250777493       -0.100000000000         10.1711451606     
      274  -0.417250777493       -0.500000000000E-001    10.1711451606     
      275  -0.417250777493         0.00000000000         10.1711451606     
      276  -0.417250777493        0.500000000000E-001    10.1711451606     
      277  -0.417250777493        0.100000000000         10.1711451606     
      278  -0.417250777493        0.150000000000         10.1711451606     
      279  -0.417250777493        0.200000000000         10.1711451606     
      280  -0.417250777493        0.250000000000         10.1711451606     

 
      281  -0.417250777493        0.300000000000         10.1711451606     
      282  -0.417250777493        0.350000000000         10.1711451606     
      283  -0.417250777493        0.400000000000         10.1711451606     
      284  -0.417250777493        0.450000000000         10.1711451606     
      285  -0.375545692213       -0.400000000000         10.1727703957     
      286  -0.375545692213       -0.300000000000         10.1727703957     
      287  -0.375545692213       -0.200000000000         10.1727703957     
      288  -0.375545692213       -0.100000000000         10.1727703957     
      289  -0.375545692213         0.00000000000         10.1727703957     
      290  -0.375545692213        0.100000000000         10.1727703957     
      291  -0.375545692213        0.200000000000         10.1727703957     
      292  -0.375545692213        0.300000000000         10.1727703957     
      293  -0.375545692213        0.400000000000         10.1727703957     
      294  -0.333834293994       -0.450000000000         10.1742246267     
      295  -0.333834293994       -0.400000000000         10.1742246267     
      296  -0.333834293994       -0.350000000000         10.1742246267     
      297  -0.333834293994       -0.300000000000         10.1742246267     
      298  -0.333834293994       -0.250000000000         10.1742246267     
      299  -0.333834293994       -0.200000000000         10.1742246267     
      300  -0.333834293994       -0.150000000000         10.1742246267     

 
      301  -0.333834293994       -0.100000000000         10.1742246267     
      302  -0.333834293994       -0.500000000000E-001    10.1742246267     
      303  -0.333834293994         0.00000000000         10.1742246267     
      304  -0.333834293994        0.500000000000E-001    10.1742246267     
      305  -0.333834293994        0.100000000000         10.1742246267     
      306  -0.333834293994        0.150000000000         10.1742246267     
      307  -0.333834293994        0.200000000000         10.1742246267     
      308  -0.333834293994        0.250000000000         10.1742246267     
      309  -0.333834293994        0.300000000000         10.1742246267     
      310  -0.333834293994        0.350000000000         10.1742246267     
      311  -0.333834293994        0.400000000000         10.1742246267     
      312  -0.333834293994        0.450000000000         10.1742246267     
      313  -0.292117284000       -0.400000000000         10.1755078292     
      314  -0.292117284000       -0.300000000000         10.1755078292     
      315  -0.292117284000       -0.200000000000         10.1755078292     
      316  -0.292117284000       -0.100000000000         10.1755078292     
      317  -0.292117284000         0.00000000000         10.1755078292     
      318  -0.292117284000        0.100000000000         10.1755078292     
      319  -0.292117284000        0.200000000000         10.1755078292     
      320  -0.292117284000        0.300000000000         10.1755078292     

 
      321  -0.292117284000        0.400000000000         10.1755078292     
      322  -0.250395363497       -0.450000000000         10.1766199817     
      323  -0.250395363497       -0.400000000000         10.1766199817     
      324  -0.250395363497       -0.350000000000         10.1766199817     
      325  -0.250395363497       -0.300000000000         10.1766199817     
      326  -0.250395363497       -0.250000000000         10.1766199817     
      327  -0.250395363497       -0.200000000000         10.1766199817     
      328  -0.250395363497       -0.150000000000         10.1766199817     
      329  -0.250395363497       -0.100000000000         10.1766199817     
      330  -0.250395363497       -0.500000000000E-001    10.1766199817     
      331  -0.250395363497         0.00000000000         10.1766199817     
      332  -0.250395363497        0.500000000000E-001    10.1766199817     
      333  -0.250395363497        0.100000000000         10.1766199817     
      334  -0.250395363497        0.150000000000         10.1766199817     
      335  -0.250395363497        0.200000000000         10.1766199817     
      336  -0.250395363497        0.250000000000         10.1766199817     
      337  -0.250395363497        0.300000000000         10.1766199817     
      338  -0.250395363497        0.350000000000         10.1766199817     
      339  -0.250395363497        0.400000000000         10.1766199817     
      340  -0.250395363497        0.450000000000         10.1766199817     

 
      341  -0.208669233836       -0.400000000000         10.1775610654     
      342  -0.208669233836       -0.300000000000         10.1775610654     
      343  -0.208669233836       -0.200000000000         10.1775610654     
      344  -0.208669233836       -0.100000000000         10.1775610654     
      345  -0.208669233836         0.00000000000         10.1775610654     
      346  -0.208669233836        0.100000000000         10.1775610654     
      347  -0.208669233836        0.200000000000         10.1775610654     
      348  -0.208669233836        0.300000000000         10.1775610654     
      349  -0.208669233836        0.400000000000         10.1775610654     
      350  -0.166939596445       -0.450000000000         10.1783310646     
      351  -0.166939596445       -0.400000000000         10.1783310646     
      352  -0.166939596445       -0.350000000000         10.1783310646     
      353  -0.166939596445       -0.300000000000         10.1783310646     
      354  -0.166939596445       -0.250000000000         10.1783310646     
      355  -0.166939596445       -0.200000000000         10.1783310646     
      356  -0.166939596445       -0.150000000000         10.1783310646     
      357  -0.166939596445       -0.100000000000         10.1783310646     
      358  -0.166939596445       -0.500000000000E-001    10.1783310646     
      359  -0.166939596445         0.00000000000         10.1783310646     
      360  -0.166939596445        0.500000000000E-001    10.1783310646     

 
      361  -0.166939596445        0.100000000000         10.1783310646     
      362  -0.166939596445        0.150000000000         10.1783310646     
      363  -0.166939596445        0.200000000000         10.1783310646     
      364  -0.166939596445        0.250000000000         10.1783310646     
      365  -0.166939596445        0.300000000000         10.1783310646     
      366  -0.166939596445        0.350000000000         10.1783310646     
      367  -0.166939596445        0.400000000000         10.1783310646     
      368  -0.166939596445        0.450000000000         10.1783310646     
      369  -0.125207152812       -0.400000000000         10.1789299663     
      370  -0.125207152812       -0.300000000000         10.1789299663     
      371  -0.125207152812       -0.200000000000         10.1789299663     
      372  -0.125207152812       -0.100000000000         10.1789299663     
      373  -0.125207152812         0.00000000000         10.1789299663     
      374  -0.125207152812        0.100000000000         10.1789299663     
      375  -0.125207152812        0.200000000000         10.1789299663     
      376  -0.125207152812        0.300000000000         10.1789299663     
      377  -0.125207152812        0.400000000000         10.1789299663     
      378  -0.834726044799E-001  -0.450000000000         10.1793577604     
      379  -0.834726044799E-001  -0.400000000000         10.1793577604     
      380  -0.834726044799E-001  -0.350000000000         10.1793577604     

 
      381  -0.834726044799E-001  -0.300000000000         10.1793577604     
      382  -0.834726044799E-001  -0.250000000000         10.1793577604     
      383  -0.834726044799E-001  -0.200000000000         10.1793577604     
      384  -0.834726044799E-001  -0.150000000000         10.1793577604     
      385  -0.834726044799E-001  -0.100000000000         10.1793577604     
      386  -0.834726044799E-001  -0.500000000000E-001    10.1793577604     
      387  -0.834726044799E-001    0.00000000000         10.1793577604     
      388  -0.834726044799E-001   0.500000000000E-001    10.1793577604     
      389  -0.834726044799E-001   0.100000000000         10.1793577604     
      390  -0.834726044799E-001   0.150000000000         10.1793577604     
      391  -0.834726044799E-001   0.200000000000         10.1793577604     
      392  -0.834726044799E-001   0.250000000000         10.1793577604     
      393  -0.834726044799E-001   0.300000000000         10.1793577604     
      394  -0.834726044799E-001   0.350000000000         10.1793577604     
      395  -0.834726044799E-001   0.400000000000         10.1793577604     
      396  -0.834726044799E-001   0.450000000000         10.1793577604     
      397  -0.417366530301E-001  -0.400000000000         10.1796144397     
      398  -0.417366530301E-001  -0.300000000000         10.1796144397     
      399  -0.417366530301E-001  -0.200000000000         10.1796144397     
      400  -0.417366530301E-001  -0.100000000000         10.1796144397     

 
      401  -0.417366530301E-001    0.00000000000         10.1796144397     
      402  -0.417366530301E-001   0.100000000000         10.1796144397     
      403  -0.417366530301E-001   0.200000000000         10.1796144397     
      404  -0.417366530301E-001   0.300000000000         10.1796144397     
      405  -0.417366530301E-001   0.400000000000         10.1796144397     
      406   0.500639205064       -0.500000000000         10.1673817906     
      407   0.417366530676E-001  -0.500000000000         10.1796144397     
      408   0.834726045696E-001  -0.500000000000         10.1793577604     
      409   0.125207152873       -0.500000000000         10.1789299663     
      410   0.166939596437       -0.500000000000         10.1783310646     
      411   0.208669233751       -0.500000000000         10.1775610654     
      412   0.250395363346       -0.500000000000         10.1766199817     
      413   0.292117283809       -0.500000000000         10.1755078292     
      414   0.333834293794       -0.500000000000         10.1742246267     
      415   0.375545692032       -0.500000000000         10.1727703957     
      416   0.417250777344       -0.500000000000         10.1711451606     
      417   0.458948848651       -0.500000000000         10.1693489489     
      418   0.500639205064        0.500000000000         10.1673817906     
      419   0.500639205064       -0.450000000000         10.1673817906     
      420   0.500639205064       -0.400000000000         10.1673817906     

 
      421   0.500639205064       -0.350000000000         10.1673817906     
      422   0.500639205064       -0.300000000000         10.1673817906     
      423   0.500639205064       -0.250000000000         10.1673817906     
      424   0.500639205064       -0.200000000000         10.1673817906     
      425   0.500639205064       -0.150000000000         10.1673817906     
      426   0.500639205064       -0.100000000000         10.1673817906     
      427   0.500639205064       -0.500000000000E-001    10.1673817906     
      428   0.500639205064         0.00000000000         10.1673817906     
      429   0.500639205064        0.500000000000E-001    10.1673817906     
      430   0.500639205064        0.100000000000         10.1673817906     
      431   0.500639205064        0.150000000000         10.1673817906     
      432   0.500639205064        0.200000000000         10.1673817906     
      433   0.500639205064        0.250000000000         10.1673817906     
      434   0.500639205064        0.300000000000         10.1673817906     
      435   0.500639205064        0.350000000000         10.1673817906     
      436   0.500639205064        0.400000000000         10.1673817906     
      437   0.500639205064        0.450000000000         10.1673817906     
      438   0.417366530676E-001   0.500000000000         10.1796144397     
      439   0.834726045696E-001   0.500000000000         10.1793577604     
      440   0.125207152873        0.500000000000         10.1789299663     

 
      441   0.166939596437        0.500000000000         10.1783310646     
      442   0.208669233751        0.500000000000         10.1775610654     
      443   0.250395363346        0.500000000000         10.1766199817     
      444   0.292117283809        0.500000000000         10.1755078292     
      445   0.333834293794        0.500000000000         10.1742246267     
      446   0.375545692032        0.500000000000         10.1727703957     
      447   0.417250777344        0.500000000000         10.1711451606     
      448   0.458948848651        0.500000000000         10.1693489489     
      449   0.417366530354E-001  -0.400000000000         10.1796144397     
      450   0.417366530354E-001  -0.300000000000         10.1796144397     
      451   0.417366530354E-001  -0.200000000000         10.1796144397     
      452   0.417366530354E-001  -0.100000000000         10.1796144397     
      453   0.417366530354E-001    0.00000000000         10.1796144397     
      454   0.417366530354E-001   0.100000000000         10.1796144397     
      455   0.417366530354E-001   0.200000000000         10.1796144397     
      456   0.417366530354E-001   0.300000000000         10.1796144397     
      457   0.417366530354E-001   0.400000000000         10.1796144397     
      458   0.834726045404E-001  -0.450000000000         10.1793577604     
      459   0.834726045404E-001  -0.400000000000         10.1793577604     
      460   0.834726045404E-001  -0.350000000000         10.1793577604     

 
      461   0.834726045404E-001  -0.300000000000         10.1793577604     
      462   0.834726045404E-001  -0.250000000000         10.1793577604     
      463   0.834726045404E-001  -0.200000000000         10.1793577604     
      464   0.834726045404E-001  -0.150000000000         10.1793577604     
      465   0.834726045404E-001  -0.100000000000         10.1793577604     
      466   0.834726045404E-001  -0.500000000000E-001    10.1793577604     
      467   0.834726045404E-001    0.00000000000         10.1793577604     
      468   0.834726045404E-001   0.500000000000E-001    10.1793577604     
      469   0.834726045404E-001   0.100000000000         10.1793577604     
      470   0.834726045404E-001   0.150000000000         10.1793577604     
      471   0.834726045404E-001   0.200000000000         10.1793577604     
      472   0.834726045404E-001   0.250000000000         10.1793577604     
      473   0.834726045404E-001   0.300000000000         10.1793577604     
      474   0.834726045404E-001   0.350000000000         10.1793577604     
      475   0.834726045404E-001   0.400000000000         10.1793577604     
      476   0.834726045404E-001   0.450000000000         10.1793577604     
      477   0.125207152873       -0.400000000000         10.1789299663     
      478   0.125207152873       -0.300000000000         10.1789299663     
      479   0.125207152873       -0.200000000000         10.1789299663     
      480   0.125207152873       -0.100000000000         10.1789299663     

 
      481   0.125207152873         0.00000000000         10.1789299663     
      482   0.125207152873        0.100000000000         10.1789299663     
      483   0.125207152873        0.200000000000         10.1789299663     
      484   0.125207152873        0.300000000000         10.1789299663     
      485   0.125207152873        0.400000000000         10.1789299663     
      486   0.166939596484       -0.450000000000         10.1783310646     
      487   0.166939596484       -0.400000000000         10.1783310646     
      488   0.166939596484       -0.350000000000         10.1783310646     
      489   0.166939596484       -0.300000000000         10.1783310646     
      490   0.166939596484       -0.250000000000         10.1783310646     
      491   0.166939596484       -0.200000000000         10.1783310646     
      492   0.166939596484       -0.150000000000         10.1783310646     
      493   0.166939596484       -0.100000000000         10.1783310646     
      494   0.166939596484       -0.500000000000E-001    10.1783310646     
      495   0.166939596484         0.00000000000         10.1783310646     
      496   0.166939596484        0.500000000000E-001    10.1783310646     
      497   0.166939596484        0.100000000000         10.1783310646     
      498   0.166939596484        0.150000000000         10.1783310646     
      499   0.166939596484        0.200000000000         10.1783310646     
      500   0.166939596484        0.250000000000         10.1783310646     

 
      501   0.166939596484        0.300000000000         10.1783310646     
      502   0.166939596484        0.350000000000         10.1783310646     
      503   0.166939596484        0.400000000000         10.1783310646     
      504   0.166939596484        0.450000000000         10.1783310646     
      505   0.208669233853       -0.400000000000         10.1775610654     
      506   0.208669233853       -0.300000000000         10.1775610654     
      507   0.208669233853       -0.200000000000         10.1775610654     
      508   0.208669233853       -0.100000000000         10.1775610654     
      509   0.208669233853         0.00000000000         10.1775610654     
      510   0.208669233853        0.100000000000         10.1775610654     
      511   0.208669233853        0.200000000000         10.1775610654     
      512   0.208669233853        0.300000000000         10.1775610654     
      513   0.208669233853        0.400000000000         10.1775610654     
      514   0.250395363504       -0.450000000000         10.1766199817     
      515   0.250395363504       -0.400000000000         10.1766199817     
      516   0.250395363504       -0.350000000000         10.1766199817     
      517   0.250395363504       -0.300000000000         10.1766199817     
      518   0.250395363504       -0.250000000000         10.1766199817     
      519   0.250395363504       -0.200000000000         10.1766199817     
      520   0.250395363504       -0.150000000000         10.1766199817     

 
      521   0.250395363504       -0.100000000000         10.1766199817     
      522   0.250395363504       -0.500000000000E-001    10.1766199817     
      523   0.250395363504         0.00000000000         10.1766199817     
      524   0.250395363504        0.500000000000E-001    10.1766199817     
      525   0.250395363504        0.100000000000         10.1766199817     
      526   0.250395363504        0.150000000000         10.1766199817     
      527   0.250395363504        0.200000000000         10.1766199817     
      528   0.250395363504        0.250000000000         10.1766199817     
      529   0.250395363504        0.300000000000         10.1766199817     
      530   0.250395363504        0.350000000000         10.1766199817     
      531   0.250395363504        0.400000000000         10.1766199817     
      532   0.250395363504        0.450000000000         10.1766199817     
      533   0.292117284014       -0.400000000000         10.1755078292     
      534   0.292117284014       -0.300000000000         10.1755078292     
      535   0.292117284014       -0.200000000000         10.1755078292     
      536   0.292117284014       -0.100000000000         10.1755078292     
      537   0.292117284014         0.00000000000         10.1755078292     
      538   0.292117284014        0.100000000000         10.1755078292     
      539   0.292117284014        0.200000000000         10.1755078292     
      540   0.292117284014        0.300000000000         10.1755078292     

 
      541   0.292117284014        0.400000000000         10.1755078292     
      542   0.333834294028       -0.450000000000         10.1742246267     
      543   0.333834294028       -0.400000000000         10.1742246267     
      544   0.333834294028       -0.350000000000         10.1742246267     
      545   0.333834294028       -0.300000000000         10.1742246267     
      546   0.333834294028       -0.250000000000         10.1742246267     
      547   0.333834294028       -0.200000000000         10.1742246267     
      548   0.333834294028       -0.150000000000         10.1742246267     
      549   0.333834294028       -0.100000000000         10.1742246267     
      550   0.333834294028       -0.500000000000E-001    10.1742246267     
      551   0.333834294028         0.00000000000         10.1742246267     
      552   0.333834294028        0.500000000000E-001    10.1742246267     
      553   0.333834294028        0.100000000000         10.1742246267     
      554   0.333834294028        0.150000000000         10.1742246267     
      555   0.333834294028        0.200000000000         10.1742246267     
      556   0.333834294028        0.250000000000         10.1742246267     
      557   0.333834294028        0.300000000000         10.1742246267     
      558   0.333834294028        0.350000000000         10.1742246267     
      559   0.333834294028        0.400000000000         10.1742246267     
      560   0.333834294028        0.450000000000         10.1742246267     

 
      561   0.375545692269       -0.400000000000         10.1727703957     
      562   0.375545692269       -0.300000000000         10.1727703957     
      563   0.375545692269       -0.200000000000         10.1727703957     
      564   0.375545692269       -0.100000000000         10.1727703957     
      565   0.375545692269         0.00000000000         10.1727703957     
      566   0.375545692269        0.100000000000         10.1727703957     
      567   0.375545692269        0.200000000000         10.1727703957     
      568   0.375545692269        0.300000000000         10.1727703957     
      569   0.375545692269        0.400000000000         10.1727703957     
      570   0.417250777548       -0.450000000000         10.1711451606     
      571   0.417250777548       -0.400000000000         10.1711451606     
      572   0.417250777548       -0.350000000000         10.1711451606     
      573   0.417250777548       -0.300000000000         10.1711451606     
      574   0.417250777548       -0.250000000000         10.1711451606     
      575   0.417250777548       -0.200000000000         10.1711451606     
      576   0.417250777548       -0.150000000000         10.1711451606     
      577   0.417250777548       -0.100000000000         10.1711451606     
      578   0.417250777548       -0.500000000000E-001    10.1711451606     
      579   0.417250777548         0.00000000000         10.1711451606     
      580   0.417250777548        0.500000000000E-001    10.1711451606     

 
      581   0.417250777548        0.100000000000         10.1711451606     
      582   0.417250777548        0.150000000000         10.1711451606     
      583   0.417250777548        0.200000000000         10.1711451606     
      584   0.417250777548        0.250000000000         10.1711451606     
      585   0.417250777548        0.300000000000         10.1711451606     
      586   0.417250777548        0.350000000000         10.1711451606     
      587   0.417250777548        0.400000000000         10.1711451606     
      588   0.417250777548        0.450000000000         10.1711451606     
      589   0.458948848780       -0.400000000000         10.1693489489     
      590   0.458948848780       -0.300000000000         10.1693489489     
      591   0.458948848780       -0.200000000000         10.1693489489     
      592   0.458948848780       -0.100000000000         10.1693489489     
      593   0.458948848780         0.00000000000         10.1693489489     
      594   0.458948848780        0.100000000000         10.1693489489     
      595   0.458948848780        0.200000000000         10.1693489489     
      596   0.458948848780        0.300000000000         10.1693489489     
      597   0.458948848780        0.400000000000         10.1693489489     
      598    1.00006678728       -0.500000000000         10.1304569744     
      599   0.542321145748       -0.500000000000         10.1652437189     
      600   0.583993970053       -0.500000000000         10.1629347697     

 
      601   0.625656977408       -0.500000000000         10.1604549818     
      602   0.667309467472       -0.500000000000         10.1578043969     
      603   0.708950740081       -0.500000000000         10.1549830595     
      604   0.750580095250       -0.500000000000         10.1519910171     
      605   0.792196833195       -0.500000000000         10.1488283199     
      606   0.833800254335       -0.500000000000         10.1454950212     
      607   0.875389659313       -0.500000000000         10.1419911770     
      608   0.916964348998       -0.500000000000         10.1383168461     
      609   0.958523624507       -0.500000000000         10.1344720904     
      610    1.00006678728        0.500000000000         10.1304569744     
      611    1.00006678728       -0.450000000000         10.1304569744     
      612    1.00006678728       -0.400000000000         10.1304569744     
      613    1.00006678728       -0.350000000000         10.1304569744     
      614    1.00006678728       -0.300000000000         10.1304569744     
      615    1.00006678728       -0.250000000000         10.1304569744     
      616    1.00006678728       -0.200000000000         10.1304569744     
      617    1.00006678728       -0.150000000000         10.1304569744     
      618    1.00006678728       -0.100000000000         10.1304569744     
      619    1.00006678728       -0.500000000000E-001    10.1304569744     
      620    1.00006678728         0.00000000000         10.1304569744     

 
      621    1.00006678728        0.500000000000E-001    10.1304569744     
      622    1.00006678728        0.100000000000         10.1304569744     
      623    1.00006678728        0.150000000000         10.1304569744     
      624    1.00006678728        0.200000000000         10.1304569744     
      625    1.00006678728        0.250000000000         10.1304569744     
      626    1.00006678728        0.300000000000         10.1304569744     
      627    1.00006678728        0.350000000000         10.1304569744     
      628    1.00006678728        0.400000000000         10.1304569744     
      629    1.00006678728        0.450000000000         10.1304569744     
      630   0.542321145748        0.500000000000         10.1652437189     
      631   0.583993970053        0.500000000000         10.1629347697     
      632   0.625656977408        0.500000000000         10.1604549818     
      633   0.667309467472        0.500000000000         10.1578043969     
      634   0.708950740081        0.500000000000         10.1549830595     
      635   0.750580095250        0.500000000000         10.1519910171     
      636   0.792196833195        0.500000000000         10.1488283199     
      637   0.833800254335        0.500000000000         10.1454950212     
      638   0.875389659313        0.500000000000         10.1419911770     
      639   0.916964348998        0.500000000000         10.1383168461     
      640   0.958523624507        0.500000000000         10.1344720904     

 
      641   0.542321145777       -0.400000000000         10.1652437189     
      642   0.542321145777       -0.300000000000         10.1652437189     
      643   0.542321145777       -0.200000000000         10.1652437189     
      644   0.542321145777       -0.100000000000         10.1652437189     
      645   0.542321145777         0.00000000000         10.1652437189     
      646   0.542321145777        0.100000000000         10.1652437189     
      647   0.542321145777        0.200000000000         10.1652437189     
      648   0.542321145777        0.300000000000         10.1652437189     
      649   0.542321145777        0.400000000000         10.1652437189     
      650   0.583993970163       -0.450000000000         10.1629347697     
      651   0.583993970163       -0.400000000000         10.1629347697     
      652   0.583993970163       -0.350000000000         10.1629347697     
      653   0.583993970163       -0.300000000000         10.1629347697     
      654   0.583993970163       -0.250000000000         10.1629347697     
      655   0.583993970163       -0.200000000000         10.1629347697     
      656   0.583993970163       -0.150000000000         10.1629347697     
      657   0.583993970163       -0.100000000000         10.1629347697     
      658   0.583993970163       -0.500000000000E-001    10.1629347697     
      659   0.583993970163         0.00000000000         10.1629347697     
      660   0.583993970163        0.500000000000E-001    10.1629347697     

 
      661   0.583993970163        0.100000000000         10.1629347697     
      662   0.583993970163        0.150000000000         10.1629347697     
      663   0.583993970163        0.200000000000         10.1629347697     
      664   0.583993970163        0.250000000000         10.1629347697     
      665   0.583993970163        0.300000000000         10.1629347697     
      666   0.583993970163        0.350000000000         10.1629347697     
      667   0.583993970163        0.400000000000         10.1629347697     
      668   0.583993970163        0.450000000000         10.1629347697     
      669   0.625656977632       -0.400000000000         10.1604549818     
      670   0.625656977632       -0.300000000000         10.1604549818     
      671   0.625656977632       -0.200000000000         10.1604549818     
      672   0.625656977632       -0.100000000000         10.1604549818     
      673   0.625656977632         0.00000000000         10.1604549818     
      674   0.625656977632        0.100000000000         10.1604549818     
      675   0.625656977632        0.200000000000         10.1604549818     
      676   0.625656977632        0.300000000000         10.1604549818     
      677   0.625656977632        0.400000000000         10.1604549818     
      678   0.667309467830       -0.450000000000         10.1578043968     
      679   0.667309467830       -0.400000000000         10.1578043968     
      680   0.667309467830       -0.350000000000         10.1578043968     

 
      681   0.667309467830       -0.300000000000         10.1578043968     
      682   0.667309467830       -0.250000000000         10.1578043968     
      683   0.667309467830       -0.200000000000         10.1578043968     
      684   0.667309467830       -0.150000000000         10.1578043968     
      685   0.667309467830       -0.100000000000         10.1578043968     
      686   0.667309467830       -0.500000000000E-001    10.1578043968     
      687   0.667309467830         0.00000000000         10.1578043968     
      688   0.667309467830        0.500000000000E-001    10.1578043968     
      689   0.667309467830        0.100000000000         10.1578043968     
      690   0.667309467830        0.150000000000         10.1578043968     
      691   0.667309467830        0.200000000000         10.1578043968     
      692   0.667309467830        0.250000000000         10.1578043968     
      693   0.667309467830        0.300000000000         10.1578043968     
      694   0.667309467830        0.350000000000         10.1578043968     
      695   0.667309467830        0.400000000000         10.1578043968     
      696   0.667309467830        0.450000000000         10.1578043968     
      697   0.708950740572       -0.400000000000         10.1549830594     
      698   0.708950740572       -0.300000000000         10.1549830594     
      699   0.708950740572       -0.200000000000         10.1549830594     
      700   0.708950740572       -0.100000000000         10.1549830594     

 
      701   0.708950740572         0.00000000000         10.1549830594     
      702   0.708950740572        0.100000000000         10.1549830594     
      703   0.708950740572        0.200000000000         10.1549830594     
      704   0.708950740572        0.300000000000         10.1549830594     
      705   0.708950740572        0.400000000000         10.1549830594     
      706   0.750580095858       -0.450000000000         10.1519910170     
      707   0.750580095858       -0.400000000000         10.1519910170     
      708   0.750580095858       -0.350000000000         10.1519910170     
      709   0.750580095858       -0.300000000000         10.1519910170     
      710   0.750580095858       -0.250000000000         10.1519910170     
      711   0.750580095858       -0.200000000000         10.1519910170     
      712   0.750580095858       -0.150000000000         10.1519910170     
      713   0.750580095858       -0.100000000000         10.1519910170     
      714   0.750580095858       -0.500000000000E-001    10.1519910170     
      715   0.750580095858         0.00000000000         10.1519910170     
      716   0.750580095858        0.500000000000E-001    10.1519910170     
      717   0.750580095858        0.100000000000         10.1519910170     
      718   0.750580095858        0.150000000000         10.1519910170     
      719   0.750580095858        0.200000000000         10.1519910170     
      720   0.750580095858        0.250000000000         10.1519910170     

 
      721   0.750580095858        0.300000000000         10.1519910170     
      722   0.750580095858        0.350000000000         10.1519910170     
      723   0.750580095858        0.400000000000         10.1519910170     
      724   0.750580095858        0.450000000000         10.1519910170     
      725   0.792196833885       -0.400000000000         10.1488283199     
      726   0.792196833885       -0.300000000000         10.1488283199     
      727   0.792196833885       -0.200000000000         10.1488283199     
      728   0.792196833885       -0.100000000000         10.1488283199     
      729   0.792196833885         0.00000000000         10.1488283199     
      730   0.792196833885        0.100000000000         10.1488283199     
      731   0.792196833885        0.200000000000         10.1488283199     
      732   0.792196833885        0.300000000000         10.1488283199     
      733   0.792196833885        0.400000000000         10.1488283199     
      734   0.833800255058       -0.450000000000         10.1454950212     
      735   0.833800255058       -0.400000000000         10.1454950212     
      736   0.833800255058       -0.350000000000         10.1454950212     
      737   0.833800255058       -0.300000000000         10.1454950212     
      738   0.833800255058       -0.250000000000         10.1454950212     
      739   0.833800255058       -0.200000000000         10.1454950212     
      740   0.833800255058       -0.150000000000         10.1454950212     

 
      741   0.833800255058       -0.100000000000         10.1454950212     
      742   0.833800255058       -0.500000000000E-001    10.1454950212     
      743   0.833800255058         0.00000000000         10.1454950212     
      744   0.833800255058        0.500000000000E-001    10.1454950212     
      745   0.833800255058        0.100000000000         10.1454950212     
      746   0.833800255058        0.150000000000         10.1454950212     
      747   0.833800255058        0.200000000000         10.1454950212     
      748   0.833800255058        0.250000000000         10.1454950212     
      749   0.833800255058        0.300000000000         10.1454950212     
      750   0.833800255058        0.350000000000         10.1454950212     
      751   0.833800255058        0.400000000000         10.1454950212     
      752   0.833800255058        0.450000000000         10.1454950212     
      753   0.875389659999       -0.400000000000         10.1419911769     
      754   0.875389659999       -0.300000000000         10.1419911769     
      755   0.875389659999       -0.200000000000         10.1419911769     
      756   0.875389659999       -0.100000000000         10.1419911769     
      757   0.875389659999         0.00000000000         10.1419911769     
      758   0.875389659999        0.100000000000         10.1419911769     
      759   0.875389659999        0.200000000000         10.1419911769     
      760   0.875389659999        0.300000000000         10.1419911769     

 
      761   0.875389659999        0.400000000000         10.1419911769     
      762   0.916964349564       -0.450000000000         10.1383168461     
      763   0.916964349564       -0.400000000000         10.1383168461     
      764   0.916964349564       -0.350000000000         10.1383168461     
      765   0.916964349564       -0.300000000000         10.1383168461     
      766   0.916964349564       -0.250000000000         10.1383168461     
      767   0.916964349564       -0.200000000000         10.1383168461     
      768   0.916964349564       -0.150000000000         10.1383168461     
      769   0.916964349564       -0.100000000000         10.1383168461     
      770   0.916964349564       -0.500000000000E-001    10.1383168461     
      771   0.916964349564         0.00000000000         10.1383168461     
      772   0.916964349564        0.500000000000E-001    10.1383168461     
      773   0.916964349564        0.100000000000         10.1383168461     
      774   0.916964349564        0.150000000000         10.1383168461     
      775   0.916964349564        0.200000000000         10.1383168461     
      776   0.916964349564        0.250000000000         10.1383168461     
      777   0.916964349564        0.300000000000         10.1383168461     
      778   0.916964349564        0.350000000000         10.1383168461     
      779   0.916964349564        0.400000000000         10.1383168461     
      780   0.916964349564        0.450000000000         10.1383168461     

 
      781   0.958523624850       -0.400000000000         10.1344720904     
      782   0.958523624850       -0.300000000000         10.1344720904     
      783   0.958523624850       -0.200000000000         10.1344720904     
      784   0.958523624850       -0.100000000000         10.1344720904     
      785   0.958523624850         0.00000000000         10.1344720904     
      786   0.958523624850        0.100000000000         10.1344720904     
      787   0.958523624850        0.200000000000         10.1344720904     
      788   0.958523624850        0.300000000000         10.1344720904     
      789   0.958523624850        0.400000000000         10.1344720904     

