
 

 
        1  -0.999417402080       -0.500000000000         13.5360547896     
        2  -0.500048175957       -0.500000000000         13.5636855696     
        3  -0.957845786879       -0.500000000000         13.5390600065     
        4  -0.916265139197       -0.500000000000         13.5419375499     
        5  -0.874675851134       -0.500000000000         13.5446873927     
        6  -0.833078314872       -0.500000000000         13.5473095090     
        7  -0.791472922674       -0.500000000000         13.5498038740     
        8  -0.749860066875       -0.500000000000         13.5521704642     
        9  -0.708240139887       -0.500000000000         13.5544092573     
       10  -0.666613534184       -0.500000000000         13.5565202322     
       11  -0.624980642310       -0.500000000000         13.5585033690     
       12  -0.583341856865       -0.500000000000         13.5603586490     
       13  -0.541697570510       -0.500000000000         13.5620860546     
       14  -0.500048175957        0.500000000000         13.5636855696     
       15  -0.500048175957       -0.450000000000         13.5636855696     
       16  -0.500048175957       -0.400000000000         13.5636855696     
       17  -0.500048175957       -0.350000000000         13.5636855696     
       18  -0.500048175957       -0.300000000000         13.5636855696     
       19  -0.500048175957       -0.250000000000         13.5636855696     
       20  -0.500048175957       -0.200000000000         13.5636855696     

 
       21  -0.500048175957       -0.150000000000         13.5636855696     
       22  -0.500048175957       -0.100000000000         13.5636855696     
       23  -0.500048175957       -0.500000000000E-001    13.5636855696     
       24  -0.500048175957         0.00000000000         13.5636855696     
       25  -0.500048175957        0.500000000000E-001    13.5636855696     
       26  -0.500048175957        0.100000000000         13.5636855696     
       27  -0.500048175957        0.150000000000         13.5636855696     
       28  -0.500048175957        0.200000000000         13.5636855696     
       29  -0.500048175957        0.250000000000         13.5636855696     
       30  -0.500048175957        0.300000000000         13.5636855696     
       31  -0.500048175957        0.350000000000         13.5636855696     
       32  -0.500048175957        0.400000000000         13.5636855696     
       33  -0.500048175957        0.450000000000         13.5636855696     
       34  -0.999417402080        0.500000000000         13.5360547896     
       35  -0.957845786879        0.500000000000         13.5390600065     
       36  -0.916265139197        0.500000000000         13.5419375499     
       37  -0.874675851134        0.500000000000         13.5446873927     
       38  -0.833078314872        0.500000000000         13.5473095090     
       39  -0.791472922674        0.500000000000         13.5498038740     
       40  -0.749860066875        0.500000000000         13.5521704642     

 
       41  -0.708240139887        0.500000000000         13.5544092573     
       42  -0.666613534184        0.500000000000         13.5565202322     
       43  -0.624980642310        0.500000000000         13.5585033690     
       44  -0.583341856865        0.500000000000         13.5603586490     
       45  -0.541697570510        0.500000000000         13.5620860546     
       46  -0.999417402080       -0.450000000000         13.5360547896     
       47  -0.999417402080       -0.400000000000         13.5360547896     
       48  -0.999417402080       -0.350000000000         13.5360547896     
       49  -0.999417402080       -0.300000000000         13.5360547896     
       50  -0.999417402080       -0.250000000000         13.5360547896     
       51  -0.999417402080       -0.200000000000         13.5360547896     
       52  -0.999417402080       -0.150000000000         13.5360547896     
       53  -0.999417402080       -0.100000000000         13.5360547896     
       54  -0.999417402080       -0.500000000000E-001    13.5360547896     
       55  -0.999417402080         0.00000000000         13.5360547896     
       56  -0.999417402080        0.500000000000E-001    13.5360547896     
       57  -0.999417402080        0.100000000000         13.5360547896     
       58  -0.999417402080        0.150000000000         13.5360547896     
       59  -0.999417402080        0.200000000000         13.5360547896     
       60  -0.999417402080        0.250000000000         13.5360547896     

 
       61  -0.999417402080        0.300000000000         13.5360547896     
       62  -0.999417402080        0.350000000000         13.5360547896     
       63  -0.999417402080        0.400000000000         13.5360547896     
       64  -0.999417402080        0.450000000000         13.5360547896     
       65  -0.957845786755       -0.400000000000         13.5390600065     
       66  -0.957845786755       -0.300000000000         13.5390600065     
       67  -0.957845786755       -0.200000000000         13.5390600065     
       68  -0.957845786755       -0.100000000000         13.5390600065     
       69  -0.957845786755         0.00000000000         13.5390600065     
       70  -0.957845786755        0.100000000000         13.5390600065     
       71  -0.957845786755        0.200000000000         13.5390600065     
       72  -0.957845786755        0.300000000000         13.5390600065     
       73  -0.957845786755        0.400000000000         13.5390600065     
       74  -0.916265139002       -0.450000000000         13.5419375499     
       75  -0.916265139002       -0.400000000000         13.5419375499     
       76  -0.916265139002       -0.350000000000         13.5419375499     
       77  -0.916265139002       -0.300000000000         13.5419375499     
       78  -0.916265139002       -0.250000000000         13.5419375499     
       79  -0.916265139002       -0.200000000000         13.5419375499     
       80  -0.916265139002       -0.150000000000         13.5419375499     

 
       81  -0.916265139002       -0.100000000000         13.5419375499     
       82  -0.916265139002       -0.500000000000E-001    13.5419375499     
       83  -0.916265139002         0.00000000000         13.5419375499     
       84  -0.916265139002        0.500000000000E-001    13.5419375499     
       85  -0.916265139002        0.100000000000         13.5419375499     
       86  -0.916265139002        0.150000000000         13.5419375499     
       87  -0.916265139002        0.200000000000         13.5419375499     
       88  -0.916265139002        0.250000000000         13.5419375499     
       89  -0.916265139002        0.300000000000         13.5419375499     
       90  -0.916265139002        0.350000000000         13.5419375499     
       91  -0.916265139002        0.400000000000         13.5419375499     
       92  -0.916265139002        0.450000000000         13.5419375499     
       93  -0.874675850910       -0.400000000000         13.5446873927     
       94  -0.874675850910       -0.300000000000         13.5446873927     
       95  -0.874675850910       -0.200000000000         13.5446873927     
       96  -0.874675850910       -0.100000000000         13.5446873927     
       97  -0.874675850910         0.00000000000         13.5446873927     
       98  -0.874675850910        0.100000000000         13.5446873927     
       99  -0.874675850910        0.200000000000         13.5446873927     
      100  -0.874675850910        0.300000000000         13.5446873927     

 
      101  -0.874675850910        0.400000000000         13.5446873927     
      102  -0.833078314654       -0.450000000000         13.5473095090     
      103  -0.833078314654       -0.400000000000         13.5473095090     
      104  -0.833078314654       -0.350000000000         13.5473095090     
      105  -0.833078314654       -0.300000000000         13.5473095090     
      106  -0.833078314654       -0.250000000000         13.5473095090     
      107  -0.833078314654       -0.200000000000         13.5473095090     
      108  -0.833078314654       -0.150000000000         13.5473095090     
      109  -0.833078314654       -0.100000000000         13.5473095090     
      110  -0.833078314654       -0.500000000000E-001    13.5473095090     
      111  -0.833078314654         0.00000000000         13.5473095090     
      112  -0.833078314654        0.500000000000E-001    13.5473095090     
      113  -0.833078314654        0.100000000000         13.5473095090     
      114  -0.833078314654        0.150000000000         13.5473095090     
      115  -0.833078314654        0.200000000000         13.5473095090     
      116  -0.833078314654        0.250000000000         13.5473095090     
      117  -0.833078314654        0.300000000000         13.5473095090     
      118  -0.833078314654        0.350000000000         13.5473095090     
      119  -0.833078314654        0.400000000000         13.5473095090     
      120  -0.833078314654        0.450000000000         13.5473095090     

 
      121  -0.791472922487       -0.400000000000         13.5498038740     
      122  -0.791472922487       -0.300000000000         13.5498038740     
      123  -0.791472922487       -0.200000000000         13.5498038740     
      124  -0.791472922487       -0.100000000000         13.5498038740     
      125  -0.791472922487         0.00000000000         13.5498038740     
      126  -0.791472922487        0.100000000000         13.5498038740     
      127  -0.791472922487        0.200000000000         13.5498038740     
      128  -0.791472922487        0.300000000000         13.5498038740     
      129  -0.791472922487        0.400000000000         13.5498038740     
      130  -0.749860066737       -0.450000000000         13.5521704642     
      131  -0.749860066737       -0.400000000000         13.5521704642     
      132  -0.749860066737       -0.350000000000         13.5521704642     
      133  -0.749860066737       -0.300000000000         13.5521704642     
      134  -0.749860066737       -0.250000000000         13.5521704642     
      135  -0.749860066737       -0.200000000000         13.5521704642     
      136  -0.749860066737       -0.150000000000         13.5521704642     
      137  -0.749860066737       -0.100000000000         13.5521704642     
      138  -0.749860066737       -0.500000000000E-001    13.5521704642     
      139  -0.749860066737         0.00000000000         13.5521704642     
      140  -0.749860066737        0.500000000000E-001    13.5521704642     

 
      141  -0.749860066737        0.100000000000         13.5521704642     
      142  -0.749860066737        0.150000000000         13.5521704642     
      143  -0.749860066737        0.200000000000         13.5521704642     
      144  -0.749860066737        0.250000000000         13.5521704642     
      145  -0.749860066737        0.300000000000         13.5521704642     
      146  -0.749860066737        0.350000000000         13.5521704642     
      147  -0.749860066737        0.400000000000         13.5521704642     
      148  -0.749860066737        0.450000000000         13.5521704642     
      149  -0.708240139804       -0.400000000000         13.5544092573     
      150  -0.708240139804       -0.300000000000         13.5544092573     
      151  -0.708240139804       -0.200000000000         13.5544092573     
      152  -0.708240139804       -0.100000000000         13.5544092573     
      153  -0.708240139804         0.00000000000         13.5544092573     
      154  -0.708240139804        0.100000000000         13.5544092573     
      155  -0.708240139804        0.200000000000         13.5544092573     
      156  -0.708240139804        0.300000000000         13.5544092573     
      157  -0.708240139804        0.400000000000         13.5544092573     
      158  -0.666613534156       -0.450000000000         13.5565202322     
      159  -0.666613534156       -0.400000000000         13.5565202322     
      160  -0.666613534156       -0.350000000000         13.5565202322     

 
      161  -0.666613534156       -0.300000000000         13.5565202322     
      162  -0.666613534156       -0.250000000000         13.5565202322     
      163  -0.666613534156       -0.200000000000         13.5565202322     
      164  -0.666613534156       -0.150000000000         13.5565202322     
      165  -0.666613534156       -0.100000000000         13.5565202322     
      166  -0.666613534156       -0.500000000000E-001    13.5565202322     
      167  -0.666613534156         0.00000000000         13.5565202322     
      168  -0.666613534156        0.500000000000E-001    13.5565202322     
      169  -0.666613534156        0.100000000000         13.5565202322     
      170  -0.666613534156        0.150000000000         13.5565202322     
      171  -0.666613534156        0.200000000000         13.5565202322     
      172  -0.666613534156        0.250000000000         13.5565202322     
      173  -0.666613534156        0.300000000000         13.5565202322     
      174  -0.666613534156        0.350000000000         13.5565202322     
      175  -0.666613534156        0.400000000000         13.5565202322     
      176  -0.666613534156        0.450000000000         13.5565202322     
      177  -0.624980642326       -0.400000000000         13.5585033690     
      178  -0.624980642326       -0.300000000000         13.5585033690     
      179  -0.624980642326       -0.200000000000         13.5585033690     
      180  -0.624980642326       -0.100000000000         13.5585033690     

 
      181  -0.624980642326         0.00000000000         13.5585033690     
      182  -0.624980642326        0.100000000000         13.5585033690     
      183  -0.624980642326        0.200000000000         13.5585033690     
      184  -0.624980642326        0.300000000000         13.5585033690     
      185  -0.624980642326        0.400000000000         13.5585033690     
      186  -0.583341856907       -0.450000000000         13.5603586489     
      187  -0.583341856907       -0.400000000000         13.5603586489     
      188  -0.583341856907       -0.350000000000         13.5603586489     
      189  -0.583341856907       -0.300000000000         13.5603586489     
      190  -0.583341856907       -0.250000000000         13.5603586489     
      191  -0.583341856907       -0.200000000000         13.5603586489     
      192  -0.583341856907       -0.150000000000         13.5603586489     
      193  -0.583341856907       -0.100000000000         13.5603586489     
      194  -0.583341856907       -0.500000000000E-001    13.5603586489     
      195  -0.583341856907         0.00000000000         13.5603586489     
      196  -0.583341856907        0.500000000000E-001    13.5603586489     
      197  -0.583341856907        0.100000000000         13.5603586489     
      198  -0.583341856907        0.150000000000         13.5603586489     
      199  -0.583341856907        0.200000000000         13.5603586489     
      200  -0.583341856907        0.250000000000         13.5603586489     

 
      201  -0.583341856907        0.300000000000         13.5603586489     
      202  -0.583341856907        0.350000000000         13.5603586489     
      203  -0.583341856907        0.400000000000         13.5603586489     
      204  -0.583341856907        0.450000000000         13.5603586489     
      205  -0.541697570550       -0.400000000000         13.5620860546     
      206  -0.541697570550       -0.300000000000         13.5620860546     
      207  -0.541697570550       -0.200000000000         13.5620860546     
      208  -0.541697570550       -0.100000000000         13.5620860546     
      209  -0.541697570550         0.00000000000         13.5620860546     
      210  -0.541697570550        0.100000000000         13.5620860546     
      211  -0.541697570550        0.200000000000         13.5620860546     
      212  -0.541697570550        0.300000000000         13.5620860546     
      213  -0.541697570550        0.400000000000         13.5620860546     
      214    0.00000000000       -0.500000000000         13.5729000000     
      215  -0.458394065897       -0.500000000000         13.5651571790     
      216  -0.416735633191       -0.500000000000         13.5665008688     
      217  -0.375073270673       -0.500000000000         13.5677166263     
      218  -0.333407371212       -0.500000000000         13.5688044401     
      219  -0.291738327717       -0.500000000000         13.5697643000     
      220  -0.250066533125       -0.500000000000         13.5705961969     

 
      221  -0.208392380400       -0.500000000000         13.5713001229     
      222  -0.166716262530       -0.500000000000         13.5718760714     
      223  -0.125038572525       -0.500000000000         13.5723240370     
      224  -0.833597034090E-001  -0.500000000000         13.5726440155     
      225  -0.416800482186E-001  -0.500000000000         13.5728360037     
      226    0.00000000000        0.500000000000         13.5729000000     
      227    0.00000000000       -0.450000000000         13.5729000000     
      228    0.00000000000       -0.400000000000         13.5729000000     
      229    0.00000000000       -0.350000000000         13.5729000000     
      230    0.00000000000       -0.300000000000         13.5729000000     
      231    0.00000000000       -0.250000000000         13.5729000000     
      232    0.00000000000       -0.200000000000         13.5729000000     
      233    0.00000000000       -0.150000000000         13.5729000000     
      234    0.00000000000       -0.100000000000         13.5729000000     
      235    0.00000000000       -0.500000000000E-001    13.5729000000     
      236    0.00000000000         0.00000000000         13.5729000000     
      237    0.00000000000        0.500000000000E-001    13.5729000000     
      238    0.00000000000        0.100000000000         13.5729000000     
      239    0.00000000000        0.150000000000         13.5729000000     
      240    0.00000000000        0.200000000000         13.5729000000     

 
      241    0.00000000000        0.250000000000         13.5729000000     
      242    0.00000000000        0.300000000000         13.5729000000     
      243    0.00000000000        0.350000000000         13.5729000000     
      244    0.00000000000        0.400000000000         13.5729000000     
      245    0.00000000000        0.450000000000         13.5729000000     
      246  -0.458394065897        0.500000000000         13.5651571790     
      247  -0.416735633191        0.500000000000         13.5665008688     
      248  -0.375073270673        0.500000000000         13.5677166263     
      249  -0.333407371212        0.500000000000         13.5688044401     
      250  -0.291738327717        0.500000000000         13.5697643000     
      251  -0.250066533125        0.500000000000         13.5705961969     
      252  -0.208392380400        0.500000000000         13.5713001229     
      253  -0.166716262530        0.500000000000         13.5718760714     
      254  -0.125038572525        0.500000000000         13.5723240370     
      255  -0.833597034090E-001   0.500000000000         13.5726440155     
      256  -0.416800482186E-001   0.500000000000         13.5728360037     
      257  -0.458394065647       -0.400000000000         13.5651571790     
      258  -0.458394065647       -0.300000000000         13.5651571790     
      259  -0.458394065647       -0.200000000000         13.5651571790     
      260  -0.458394065647       -0.100000000000         13.5651571790     

 
      261  -0.458394065647         0.00000000000         13.5651571790     
      262  -0.458394065647        0.100000000000         13.5651571790     
      263  -0.458394065647        0.200000000000         13.5651571790     
      264  -0.458394065647        0.300000000000         13.5651571790     
      265  -0.458394065647        0.400000000000         13.5651571790     
      266  -0.416735632970       -0.450000000000         13.5665008688     
      267  -0.416735632970       -0.400000000000         13.5665008688     
      268  -0.416735632970       -0.350000000000         13.5665008688     
      269  -0.416735632970       -0.300000000000         13.5665008688     
      270  -0.416735632970       -0.250000000000         13.5665008688     
      271  -0.416735632970       -0.200000000000         13.5665008688     
      272  -0.416735632970       -0.150000000000         13.5665008688     
      273  -0.416735632970       -0.100000000000         13.5665008688     
      274  -0.416735632970       -0.500000000000E-001    13.5665008688     
      275  -0.416735632970         0.00000000000         13.5665008688     
      276  -0.416735632970        0.500000000000E-001    13.5665008688     
      277  -0.416735632970        0.100000000000         13.5665008688     
      278  -0.416735632970        0.150000000000         13.5665008688     
      279  -0.416735632970        0.200000000000         13.5665008688     
      280  -0.416735632970        0.250000000000         13.5665008688     

 
      281  -0.416735632970        0.300000000000         13.5665008688     
      282  -0.416735632970        0.350000000000         13.5665008688     
      283  -0.416735632970        0.400000000000         13.5665008688     
      284  -0.416735632970        0.450000000000         13.5665008688     
      285  -0.375073270689       -0.400000000000         13.5677166263     
      286  -0.375073270689       -0.300000000000         13.5677166263     
      287  -0.375073270689       -0.200000000000         13.5677166263     
      288  -0.375073270689       -0.100000000000         13.5677166263     
      289  -0.375073270689         0.00000000000         13.5677166263     
      290  -0.375073270689        0.100000000000         13.5677166263     
      291  -0.375073270689        0.200000000000         13.5677166263     
      292  -0.375073270689        0.300000000000         13.5677166263     
      293  -0.375073270689        0.400000000000         13.5677166263     
      294  -0.333407371605       -0.450000000000         13.5688044401     
      295  -0.333407371605       -0.400000000000         13.5688044401     
      296  -0.333407371605       -0.350000000000         13.5688044401     
      297  -0.333407371605       -0.300000000000         13.5688044401     
      298  -0.333407371605       -0.250000000000         13.5688044401     
      299  -0.333407371605       -0.200000000000         13.5688044401     
      300  -0.333407371605       -0.150000000000         13.5688044401     

 
      301  -0.333407371605       -0.100000000000         13.5688044401     
      302  -0.333407371605       -0.500000000000E-001    13.5688044401     
      303  -0.333407371605         0.00000000000         13.5688044401     
      304  -0.333407371605        0.500000000000E-001    13.5688044401     
      305  -0.333407371605        0.100000000000         13.5688044401     
      306  -0.333407371605        0.150000000000         13.5688044401     
      307  -0.333407371605        0.200000000000         13.5688044401     
      308  -0.333407371605        0.250000000000         13.5688044401     
      309  -0.333407371605        0.300000000000         13.5688044401     
      310  -0.333407371605        0.350000000000         13.5688044401     
      311  -0.333407371605        0.400000000000         13.5688044401     
      312  -0.333407371605        0.450000000000         13.5688044401     
      313  -0.291738328556       -0.400000000000         13.5697643000     
      314  -0.291738328556       -0.300000000000         13.5697643000     
      315  -0.291738328556       -0.200000000000         13.5697643000     
      316  -0.291738328556       -0.100000000000         13.5697643000     
      317  -0.291738328556         0.00000000000         13.5697643000     
      318  -0.291738328556        0.100000000000         13.5697643000     
      319  -0.291738328556        0.200000000000         13.5697643000     
      320  -0.291738328556        0.300000000000         13.5697643000     

 
      321  -0.291738328556        0.400000000000         13.5697643000     
      322  -0.250066534407       -0.450000000000         13.5705961969     
      323  -0.250066534407       -0.400000000000         13.5705961969     
      324  -0.250066534407       -0.350000000000         13.5705961969     
      325  -0.250066534407       -0.300000000000         13.5705961969     
      326  -0.250066534407       -0.250000000000         13.5705961969     
      327  -0.250066534407       -0.200000000000         13.5705961969     
      328  -0.250066534407       -0.150000000000         13.5705961969     
      329  -0.250066534407       -0.100000000000         13.5705961969     
      330  -0.250066534407       -0.500000000000E-001    13.5705961969     
      331  -0.250066534407         0.00000000000         13.5705961969     
      332  -0.250066534407        0.500000000000E-001    13.5705961969     
      333  -0.250066534407        0.100000000000         13.5705961969     
      334  -0.250066534407        0.150000000000         13.5705961969     
      335  -0.250066534407        0.200000000000         13.5705961969     
      336  -0.250066534407        0.250000000000         13.5705961969     
      337  -0.250066534407        0.300000000000         13.5705961969     
      338  -0.250066534407        0.350000000000         13.5705961969     
      339  -0.250066534407        0.400000000000         13.5705961969     
      340  -0.250066534407        0.450000000000         13.5705961969     

 
      341  -0.208392382056       -0.400000000000         13.5713001229     
      342  -0.208392382056       -0.300000000000         13.5713001229     
      343  -0.208392382056       -0.200000000000         13.5713001229     
      344  -0.208392382056       -0.100000000000         13.5713001229     
      345  -0.208392382056         0.00000000000         13.5713001229     
      346  -0.208392382056        0.100000000000         13.5713001229     
      347  -0.208392382056        0.200000000000         13.5713001229     
      348  -0.208392382056        0.300000000000         13.5713001229     
      349  -0.208392382056        0.400000000000         13.5713001229     
      350  -0.166716264418       -0.450000000000         13.5718760714     
      351  -0.166716264418       -0.400000000000         13.5718760714     
      352  -0.166716264418       -0.350000000000         13.5718760714     
      353  -0.166716264418       -0.300000000000         13.5718760714     
      354  -0.166716264418       -0.250000000000         13.5718760714     
      355  -0.166716264418       -0.200000000000         13.5718760714     
      356  -0.166716264418       -0.150000000000         13.5718760714     
      357  -0.166716264418       -0.100000000000         13.5718760714     
      358  -0.166716264418       -0.500000000000E-001    13.5718760714     
      359  -0.166716264418         0.00000000000         13.5718760714     
      360  -0.166716264418        0.500000000000E-001    13.5718760714     

 
      361  -0.166716264418        0.100000000000         13.5718760714     
      362  -0.166716264418        0.150000000000         13.5718760714     
      363  -0.166716264418        0.200000000000         13.5718760714     
      364  -0.166716264418        0.250000000000         13.5718760714     
      365  -0.166716264418        0.300000000000         13.5718760714     
      366  -0.166716264418        0.350000000000         13.5718760714     
      367  -0.166716264418        0.400000000000         13.5718760714     
      368  -0.166716264418        0.450000000000         13.5718760714     
      369  -0.125038574433       -0.400000000000         13.5723240370     
      370  -0.125038574433       -0.300000000000         13.5723240370     
      371  -0.125038574433       -0.200000000000         13.5723240370     
      372  -0.125038574433       -0.100000000000         13.5723240370     
      373  -0.125038574433         0.00000000000         13.5723240370     
      374  -0.125038574433        0.100000000000         13.5723240370     
      375  -0.125038574433        0.200000000000         13.5723240370     
      376  -0.125038574433        0.300000000000         13.5723240370     
      377  -0.125038574433        0.400000000000         13.5723240370     
      378  -0.833597050561E-001  -0.450000000000         13.5726440154     
      379  -0.833597050561E-001  -0.400000000000         13.5726440154     
      380  -0.833597050561E-001  -0.350000000000         13.5726440154     

 
      381  -0.833597050561E-001  -0.300000000000         13.5726440154     
      382  -0.833597050561E-001  -0.250000000000         13.5726440154     
      383  -0.833597050561E-001  -0.200000000000         13.5726440154     
      384  -0.833597050561E-001  -0.150000000000         13.5726440154     
      385  -0.833597050561E-001  -0.100000000000         13.5726440154     
      386  -0.833597050561E-001  -0.500000000000E-001    13.5726440154     
      387  -0.833597050561E-001    0.00000000000         13.5726440154     
      388  -0.833597050561E-001   0.500000000000E-001    13.5726440154     
      389  -0.833597050561E-001   0.100000000000         13.5726440154     
      390  -0.833597050561E-001   0.150000000000         13.5726440154     
      391  -0.833597050561E-001   0.200000000000         13.5726440154     
      392  -0.833597050561E-001   0.250000000000         13.5726440154     
      393  -0.833597050561E-001   0.300000000000         13.5726440154     
      394  -0.833597050561E-001   0.350000000000         13.5726440154     
      395  -0.833597050561E-001   0.400000000000         13.5726440154     
      396  -0.833597050561E-001   0.450000000000         13.5726440154     
      397  -0.416800492530E-001  -0.400000000000         13.5728360037     
      398  -0.416800492530E-001  -0.300000000000         13.5728360037     
      399  -0.416800492530E-001  -0.200000000000         13.5728360037     
      400  -0.416800492530E-001  -0.100000000000         13.5728360037     

 
      401  -0.416800492530E-001    0.00000000000         13.5728360037     
      402  -0.416800492530E-001   0.100000000000         13.5728360037     
      403  -0.416800492530E-001   0.200000000000         13.5728360037     
      404  -0.416800492530E-001   0.300000000000         13.5728360037     
      405  -0.416800492530E-001   0.400000000000         13.5728360037     
      406   0.500048175957       -0.500000000000         13.5636855696     
      407   0.416800482653E-001  -0.500000000000         13.5728360037     
      408   0.833597034730E-001  -0.500000000000         13.5726440154     
      409   0.125038572590       -0.500000000000         13.5723240370     
      410   0.166716262588       -0.500000000000         13.5718760714     
      411   0.208392380451       -0.500000000000         13.5713001229     
      412   0.250066533174       -0.500000000000         13.5705961969     
      413   0.291738327769       -0.500000000000         13.5697643000     
      414   0.333407371271       -0.500000000000         13.5688044402     
      415   0.375073270738       -0.500000000000         13.5677166263     
      416   0.416735633256       -0.500000000000         13.5665008688     
      417   0.458394065944       -0.500000000000         13.5651571790     
      418   0.500048175957        0.500000000000         13.5636855696     
      419   0.500048175957       -0.450000000000         13.5636855696     
      420   0.500048175957       -0.400000000000         13.5636855696     

 
      421   0.500048175957       -0.350000000000         13.5636855696     
      422   0.500048175957       -0.300000000000         13.5636855696     
      423   0.500048175957       -0.250000000000         13.5636855696     
      424   0.500048175957       -0.200000000000         13.5636855696     
      425   0.500048175957       -0.150000000000         13.5636855696     
      426   0.500048175957       -0.100000000000         13.5636855696     
      427   0.500048175957       -0.500000000000E-001    13.5636855696     
      428   0.500048175957         0.00000000000         13.5636855696     
      429   0.500048175957        0.500000000000E-001    13.5636855696     
      430   0.500048175957        0.100000000000         13.5636855696     
      431   0.500048175957        0.150000000000         13.5636855696     
      432   0.500048175957        0.200000000000         13.5636855696     
      433   0.500048175957        0.250000000000         13.5636855696     
      434   0.500048175957        0.300000000000         13.5636855696     
      435   0.500048175957        0.350000000000         13.5636855696     
      436   0.500048175957        0.400000000000         13.5636855696     
      437   0.500048175957        0.450000000000         13.5636855696     
      438   0.416800482653E-001   0.500000000000         13.5728360037     
      439   0.833597034730E-001   0.500000000000         13.5726440154     
      440   0.125038572590        0.500000000000         13.5723240370     

 
      441   0.166716262588        0.500000000000         13.5718760714     
      442   0.208392380451        0.500000000000         13.5713001229     
      443   0.250066533174        0.500000000000         13.5705961969     
      444   0.291738327769        0.500000000000         13.5697643000     
      445   0.333407371271        0.500000000000         13.5688044402     
      446   0.375073270738        0.500000000000         13.5677166263     
      447   0.416735633256        0.500000000000         13.5665008688     
      448   0.458394065944        0.500000000000         13.5651571790     
      449   0.416800474873E-001  -0.400000000000         13.5728360037     
      450   0.416800474873E-001  -0.300000000000         13.5728360037     
      451   0.416800474873E-001  -0.200000000000         13.5728360037     
      452   0.416800474873E-001  -0.100000000000         13.5728360037     
      453   0.416800474873E-001    0.00000000000         13.5728360037     
      454   0.416800474873E-001   0.100000000000         13.5728360037     
      455   0.416800474873E-001   0.200000000000         13.5728360037     
      456   0.416800474873E-001   0.300000000000         13.5728360037     
      457   0.416800474873E-001   0.400000000000         13.5728360037     
      458   0.833597020591E-001  -0.450000000000         13.5726440155     
      459   0.833597020591E-001  -0.400000000000         13.5726440155     
      460   0.833597020591E-001  -0.350000000000         13.5726440155     

 
      461   0.833597020591E-001  -0.300000000000         13.5726440155     
      462   0.833597020591E-001  -0.250000000000         13.5726440155     
      463   0.833597020591E-001  -0.200000000000         13.5726440155     
      464   0.833597020591E-001  -0.150000000000         13.5726440155     
      465   0.833597020591E-001  -0.100000000000         13.5726440155     
      466   0.833597020591E-001  -0.500000000000E-001    13.5726440155     
      467   0.833597020591E-001    0.00000000000         13.5726440155     
      468   0.833597020591E-001   0.500000000000E-001    13.5726440155     
      469   0.833597020591E-001   0.100000000000         13.5726440155     
      470   0.833597020591E-001   0.150000000000         13.5726440155     
      471   0.833597020591E-001   0.200000000000         13.5726440155     
      472   0.833597020591E-001   0.250000000000         13.5726440155     
      473   0.833597020591E-001   0.300000000000         13.5726440155     
      474   0.833597020591E-001   0.350000000000         13.5726440155     
      475   0.833597020591E-001   0.400000000000         13.5726440155     
      476   0.833597020591E-001   0.450000000000         13.5726440155     
      477   0.125038570682       -0.400000000000         13.5723240370     
      478   0.125038570682       -0.300000000000         13.5723240370     
      479   0.125038570682       -0.200000000000         13.5723240370     
      480   0.125038570682       -0.100000000000         13.5723240370     

 
      481   0.125038570682         0.00000000000         13.5723240370     
      482   0.125038570682        0.100000000000         13.5723240370     
      483   0.125038570682        0.200000000000         13.5723240370     
      484   0.125038570682        0.300000000000         13.5723240370     
      485   0.125038570682        0.400000000000         13.5723240370     
      486   0.166716260328       -0.450000000000         13.5718760714     
      487   0.166716260328       -0.400000000000         13.5718760714     
      488   0.166716260328       -0.350000000000         13.5718760714     
      489   0.166716260328       -0.300000000000         13.5718760714     
      490   0.166716260328       -0.250000000000         13.5718760714     
      491   0.166716260328       -0.200000000000         13.5718760714     
      492   0.166716260328       -0.150000000000         13.5718760714     
      493   0.166716260328       -0.100000000000         13.5718760714     
      494   0.166716260328       -0.500000000000E-001    13.5718760714     
      495   0.166716260328         0.00000000000         13.5718760714     
      496   0.166716260328        0.500000000000E-001    13.5718760714     
      497   0.166716260328        0.100000000000         13.5718760714     
      498   0.166716260328        0.150000000000         13.5718760714     
      499   0.166716260328        0.200000000000         13.5718760714     
      500   0.166716260328        0.250000000000         13.5718760714     

 
      501   0.166716260328        0.300000000000         13.5718760714     
      502   0.166716260328        0.350000000000         13.5718760714     
      503   0.166716260328        0.400000000000         13.5718760714     
      504   0.166716260328        0.450000000000         13.5718760714     
      505   0.208392377979       -0.400000000000         13.5713001229     
      506   0.208392377979       -0.300000000000         13.5713001229     
      507   0.208392377979       -0.200000000000         13.5713001229     
      508   0.208392377979       -0.100000000000         13.5713001229     
      509   0.208392377979         0.00000000000         13.5713001229     
      510   0.208392377979        0.100000000000         13.5713001229     
      511   0.208392377979        0.200000000000         13.5713001229     
      512   0.208392377979        0.300000000000         13.5713001229     
      513   0.208392377979        0.400000000000         13.5713001229     
      514   0.250066530632       -0.450000000000         13.5705961969     
      515   0.250066530632       -0.400000000000         13.5705961969     
      516   0.250066530632       -0.350000000000         13.5705961969     
      517   0.250066530632       -0.300000000000         13.5705961969     
      518   0.250066530632       -0.250000000000         13.5705961969     
      519   0.250066530632       -0.200000000000         13.5705961969     
      520   0.250066530632       -0.150000000000         13.5705961969     

 
      521   0.250066530632       -0.100000000000         13.5705961969     
      522   0.250066530632       -0.500000000000E-001    13.5705961969     
      523   0.250066530632         0.00000000000         13.5705961969     
      524   0.250066530632        0.500000000000E-001    13.5705961969     
      525   0.250066530632        0.100000000000         13.5705961969     
      526   0.250066530632        0.150000000000         13.5705961969     
      527   0.250066530632        0.200000000000         13.5705961969     
      528   0.250066530632        0.250000000000         13.5705961969     
      529   0.250066530632        0.300000000000         13.5705961969     
      530   0.250066530632        0.350000000000         13.5705961969     
      531   0.250066530632        0.400000000000         13.5705961969     
      532   0.250066530632        0.450000000000         13.5705961969     
      533   0.291738325299       -0.400000000000         13.5697643001     
      534   0.291738325299       -0.300000000000         13.5697643001     
      535   0.291738325299       -0.200000000000         13.5697643001     
      536   0.291738325299       -0.100000000000         13.5697643001     
      537   0.291738325299         0.00000000000         13.5697643001     
      538   0.291738325299        0.100000000000         13.5697643001     
      539   0.291738325299        0.200000000000         13.5697643001     
      540   0.291738325299        0.300000000000         13.5697643001     

 
      541   0.291738325299        0.400000000000         13.5697643001     
      542   0.333407369014       -0.450000000000         13.5688044402     
      543   0.333407369014       -0.400000000000         13.5688044402     
      544   0.333407369014       -0.350000000000         13.5688044402     
      545   0.333407369014       -0.300000000000         13.5688044402     
      546   0.333407369014       -0.250000000000         13.5688044402     
      547   0.333407369014       -0.200000000000         13.5688044402     
      548   0.333407369014       -0.150000000000         13.5688044402     
      549   0.333407369014       -0.100000000000         13.5688044402     
      550   0.333407369014       -0.500000000000E-001    13.5688044402     
      551   0.333407369014         0.00000000000         13.5688044402     
      552   0.333407369014        0.500000000000E-001    13.5688044402     
      553   0.333407369014        0.100000000000         13.5688044402     
      554   0.333407369014        0.150000000000         13.5688044402     
      555   0.333407369014        0.200000000000         13.5688044402     
      556   0.333407369014        0.250000000000         13.5688044402     
      557   0.333407369014        0.300000000000         13.5688044402     
      558   0.333407369014        0.350000000000         13.5688044402     
      559   0.333407369014        0.400000000000         13.5688044402     
      560   0.333407369014        0.450000000000         13.5688044402     

 
      561   0.375073268834       -0.400000000000         13.5677166264     
      562   0.375073268834       -0.300000000000         13.5677166264     
      563   0.375073268834       -0.200000000000         13.5677166264     
      564   0.375073268834       -0.100000000000         13.5677166264     
      565   0.375073268834         0.00000000000         13.5677166264     
      566   0.375073268834        0.100000000000         13.5677166264     
      567   0.375073268834        0.200000000000         13.5677166264     
      568   0.375073268834        0.300000000000         13.5677166264     
      569   0.375073268834        0.400000000000         13.5677166264     
      570   0.416735631846       -0.450000000000         13.5665008688     
      571   0.416735631846       -0.400000000000         13.5665008688     
      572   0.416735631846       -0.350000000000         13.5665008688     
      573   0.416735631846       -0.300000000000         13.5665008688     
      574   0.416735631846       -0.250000000000         13.5665008688     
      575   0.416735631846       -0.200000000000         13.5665008688     
      576   0.416735631846       -0.150000000000         13.5665008688     
      577   0.416735631846       -0.100000000000         13.5665008688     
      578   0.416735631846       -0.500000000000E-001    13.5665008688     
      579   0.416735631846         0.00000000000         13.5665008688     
      580   0.416735631846        0.500000000000E-001    13.5665008688     

 
      581   0.416735631846        0.100000000000         13.5665008688     
      582   0.416735631846        0.150000000000         13.5665008688     
      583   0.416735631846        0.200000000000         13.5665008688     
      584   0.416735631846        0.250000000000         13.5665008688     
      585   0.416735631846        0.300000000000         13.5665008688     
      586   0.416735631846        0.350000000000         13.5665008688     
      587   0.416735631846        0.400000000000         13.5665008688     
      588   0.416735631846        0.450000000000         13.5665008688     
      589   0.458394065169       -0.400000000000         13.5651571790     
      590   0.458394065169       -0.300000000000         13.5651571790     
      591   0.458394065169       -0.200000000000         13.5651571790     
      592   0.458394065169       -0.100000000000         13.5651571790     
      593   0.458394065169         0.00000000000         13.5651571790     
      594   0.458394065169        0.100000000000         13.5651571790     
      595   0.458394065169        0.200000000000         13.5651571790     
      596   0.458394065169        0.300000000000         13.5651571790     
      597   0.458394065169        0.400000000000         13.5651571790     
      598   0.999417402080       -0.500000000000         13.5360547896     
      599   0.541697570557       -0.500000000000         13.5620860546     
      600   0.583341856929       -0.500000000000         13.5603586489     

 
      601   0.624980642374       -0.500000000000         13.5585033690     
      602   0.666613534242       -0.500000000000         13.5565202322     
      603   0.708240139938       -0.500000000000         13.5544092573     
      604   0.749860066924       -0.500000000000         13.5521704642     
      605   0.791472922725       -0.500000000000         13.5498038739     
      606   0.833078314930       -0.500000000000         13.5473095089     
      607   0.874675851198       -0.500000000000         13.5446873927     
      608   0.916265139260       -0.500000000000         13.5419375499     
      609   0.957845786925       -0.500000000000         13.5390600065     
      610   0.999417402080        0.500000000000         13.5360547896     
      611   0.999417402080       -0.450000000000         13.5360547896     
      612   0.999417402080       -0.400000000000         13.5360547896     
      613   0.999417402080       -0.350000000000         13.5360547896     
      614   0.999417402080       -0.300000000000         13.5360547896     
      615   0.999417402080       -0.250000000000         13.5360547896     
      616   0.999417402080       -0.200000000000         13.5360547896     
      617   0.999417402080       -0.150000000000         13.5360547896     
      618   0.999417402080       -0.100000000000         13.5360547896     
      619   0.999417402080       -0.500000000000E-001    13.5360547896     
      620   0.999417402080         0.00000000000         13.5360547896     

 
      621   0.999417402080        0.500000000000E-001    13.5360547896     
      622   0.999417402080        0.100000000000         13.5360547896     
      623   0.999417402080        0.150000000000         13.5360547896     
      624   0.999417402080        0.200000000000         13.5360547896     
      625   0.999417402080        0.250000000000         13.5360547896     
      626   0.999417402080        0.300000000000         13.5360547896     
      627   0.999417402080        0.350000000000         13.5360547896     
      628   0.999417402080        0.400000000000         13.5360547896     
      629   0.999417402080        0.450000000000         13.5360547896     
      630   0.541697570557        0.500000000000         13.5620860546     
      631   0.583341856929        0.500000000000         13.5603586489     
      632   0.624980642374        0.500000000000         13.5585033690     
      633   0.666613534242        0.500000000000         13.5565202322     
      634   0.708240139938        0.500000000000         13.5544092573     
      635   0.749860066924        0.500000000000         13.5521704642     
      636   0.791472922725        0.500000000000         13.5498038739     
      637   0.833078314930        0.500000000000         13.5473095089     
      638   0.874675851198        0.500000000000         13.5446873927     
      639   0.916265139260        0.500000000000         13.5419375499     
      640   0.957845786925        0.500000000000         13.5390600065     

 
      641   0.541697569299       -0.400000000000         13.5620860546     
      642   0.541697569299       -0.300000000000         13.5620860546     
      643   0.541697569299       -0.200000000000         13.5620860546     
      644   0.541697569299       -0.100000000000         13.5620860546     
      645   0.541697569299         0.00000000000         13.5620860546     
      646   0.541697569299        0.100000000000         13.5620860546     
      647   0.541697569299        0.200000000000         13.5620860546     
      648   0.541697569299        0.300000000000         13.5620860546     
      649   0.541697569299        0.400000000000         13.5620860546     
      650   0.583341855085       -0.450000000000         13.5603586490     
      651   0.583341855085       -0.400000000000         13.5603586490     
      652   0.583341855085       -0.350000000000         13.5603586490     
      653   0.583341855085       -0.300000000000         13.5603586490     
      654   0.583341855085       -0.250000000000         13.5603586490     
      655   0.583341855085       -0.200000000000         13.5603586490     
      656   0.583341855085       -0.150000000000         13.5603586490     
      657   0.583341855085       -0.100000000000         13.5603586490     
      658   0.583341855085       -0.500000000000E-001    13.5603586490     
      659   0.583341855085         0.00000000000         13.5603586490     
      660   0.583341855085        0.500000000000E-001    13.5603586490     

 
      661   0.583341855085        0.100000000000         13.5603586490     
      662   0.583341855085        0.150000000000         13.5603586490     
      663   0.583341855085        0.200000000000         13.5603586490     
      664   0.583341855085        0.250000000000         13.5603586490     
      665   0.583341855085        0.300000000000         13.5603586490     
      666   0.583341855085        0.350000000000         13.5603586490     
      667   0.583341855085        0.400000000000         13.5603586490     
      668   0.583341855085        0.450000000000         13.5603586490     
      669   0.624980640481       -0.400000000000         13.5585033691     
      670   0.624980640481       -0.300000000000         13.5585033691     
      671   0.624980640481       -0.200000000000         13.5585033691     
      672   0.624980640481       -0.100000000000         13.5585033691     
      673   0.624980640481         0.00000000000         13.5585033691     
      674   0.624980640481        0.100000000000         13.5585033691     
      675   0.624980640481        0.200000000000         13.5585033691     
      676   0.624980640481        0.300000000000         13.5585033691     
      677   0.624980640481        0.400000000000         13.5585033691     
      678   0.666613532705       -0.450000000000         13.5565202323     
      679   0.666613532705       -0.400000000000         13.5565202323     
      680   0.666613532705       -0.350000000000         13.5565202323     

 
      681   0.666613532705       -0.300000000000         13.5565202323     
      682   0.666613532705       -0.250000000000         13.5565202323     
      683   0.666613532705       -0.200000000000         13.5565202323     
      684   0.666613532705       -0.150000000000         13.5565202323     
      685   0.666613532705       -0.100000000000         13.5565202323     
      686   0.666613532705       -0.500000000000E-001    13.5565202323     
      687   0.666613532705         0.00000000000         13.5565202323     
      688   0.666613532705        0.500000000000E-001    13.5565202323     
      689   0.666613532705        0.100000000000         13.5565202323     
      690   0.666613532705        0.150000000000         13.5565202323     
      691   0.666613532705        0.200000000000         13.5565202323     
      692   0.666613532705        0.250000000000         13.5565202323     
      693   0.666613532705        0.300000000000         13.5565202323     
      694   0.666613532705        0.350000000000         13.5565202323     
      695   0.666613532705        0.400000000000         13.5565202323     
      696   0.666613532705        0.450000000000         13.5565202323     
      697   0.708240139030       -0.400000000000         13.5544092573     
      698   0.708240139030       -0.300000000000         13.5544092573     
      699   0.708240139030       -0.200000000000         13.5544092573     
      700   0.708240139030       -0.100000000000         13.5544092573     

 
      701   0.708240139030         0.00000000000         13.5544092573     
      702   0.708240139030        0.100000000000         13.5544092573     
      703   0.708240139030        0.200000000000         13.5544092573     
      704   0.708240139030        0.300000000000         13.5544092573     
      705   0.708240139030        0.400000000000         13.5544092573     
      706   0.749860066786       -0.450000000000         13.5521704642     
      707   0.749860066786       -0.400000000000         13.5521704642     
      708   0.749860066786       -0.350000000000         13.5521704642     
      709   0.749860066786       -0.300000000000         13.5521704642     
      710   0.749860066786       -0.250000000000         13.5521704642     
      711   0.749860066786       -0.200000000000         13.5521704642     
      712   0.749860066786       -0.150000000000         13.5521704642     
      713   0.749860066786       -0.100000000000         13.5521704642     
      714   0.749860066786       -0.500000000000E-001    13.5521704642     
      715   0.749860066786         0.00000000000         13.5521704642     
      716   0.749860066786        0.500000000000E-001    13.5521704642     
      717   0.749860066786        0.100000000000         13.5521704642     
      718   0.749860066786        0.150000000000         13.5521704642     
      719   0.749860066786        0.200000000000         13.5521704642     
      720   0.749860066786        0.250000000000         13.5521704642     

 
      721   0.749860066786        0.300000000000         13.5521704642     
      722   0.749860066786        0.350000000000         13.5521704642     
      723   0.749860066786        0.400000000000         13.5521704642     
      724   0.749860066786        0.450000000000         13.5521704642     
      725   0.791472923363       -0.400000000000         13.5498038739     
      726   0.791472923363       -0.300000000000         13.5498038739     
      727   0.791472923363       -0.200000000000         13.5498038739     
      728   0.791472923363       -0.100000000000         13.5498038739     
      729   0.791472923363         0.00000000000         13.5498038739     
      730   0.791472923363        0.100000000000         13.5498038739     
      731   0.791472923363        0.200000000000         13.5498038739     
      732   0.791472923363        0.300000000000         13.5498038739     
      733   0.791472923363        0.400000000000         13.5498038739     
      734   0.833078316220       -0.450000000000         13.5473095089     
      735   0.833078316220       -0.400000000000         13.5473095089     
      736   0.833078316220       -0.350000000000         13.5473095089     
      737   0.833078316220       -0.300000000000         13.5473095089     
      738   0.833078316220       -0.250000000000         13.5473095089     
      739   0.833078316220       -0.200000000000         13.5473095089     
      740   0.833078316220       -0.150000000000         13.5473095089     

 
      741   0.833078316220       -0.100000000000         13.5473095089     
      742   0.833078316220       -0.500000000000E-001    13.5473095089     
      743   0.833078316220         0.00000000000         13.5473095089     
      744   0.833078316220        0.500000000000E-001    13.5473095089     
      745   0.833078316220        0.100000000000         13.5473095089     
      746   0.833078316220        0.150000000000         13.5473095089     
      747   0.833078316220        0.200000000000         13.5473095089     
      748   0.833078316220        0.250000000000         13.5473095089     
      749   0.833078316220        0.300000000000         13.5473095089     
      750   0.833078316220        0.350000000000         13.5473095089     
      751   0.833078316220        0.400000000000         13.5473095089     
      752   0.833078316220        0.450000000000         13.5473095089     
      753   0.874675852883       -0.400000000000         13.5446873926     
      754   0.874675852883       -0.300000000000         13.5446873926     
      755   0.874675852883       -0.200000000000         13.5446873926     
      756   0.874675852883       -0.100000000000         13.5446873926     
      757   0.874675852883         0.00000000000         13.5446873926     
      758   0.874675852883        0.100000000000         13.5446873926     
      759   0.874675852883        0.200000000000         13.5446873926     
      760   0.874675852883        0.300000000000         13.5446873926     

 
      761   0.874675852883        0.400000000000         13.5446873926     
      762   0.916265140950       -0.450000000000         13.5419375498     
      763   0.916265140950       -0.400000000000         13.5419375498     
      764   0.916265140950       -0.350000000000         13.5419375498     
      765   0.916265140950       -0.300000000000         13.5419375498     
      766   0.916265140950       -0.250000000000         13.5419375498     
      767   0.916265140950       -0.200000000000         13.5419375498     
      768   0.916265140950       -0.150000000000         13.5419375498     
      769   0.916265140950       -0.100000000000         13.5419375498     
      770   0.916265140950       -0.500000000000E-001    13.5419375498     
      771   0.916265140950         0.00000000000         13.5419375498     
      772   0.916265140950        0.500000000000E-001    13.5419375498     
      773   0.916265140950        0.100000000000         13.5419375498     
      774   0.916265140950        0.150000000000         13.5419375498     
      775   0.916265140950        0.200000000000         13.5419375498     
      776   0.916265140950        0.250000000000         13.5419375498     
      777   0.916265140950        0.300000000000         13.5419375498     
      778   0.916265140950        0.350000000000         13.5419375498     
      779   0.916265140950        0.400000000000         13.5419375498     
      780   0.916265140950        0.450000000000         13.5419375498     

 
      781   0.957845788097       -0.400000000000         13.5390600064     
      782   0.957845788097       -0.300000000000         13.5390600064     
      783   0.957845788097       -0.200000000000         13.5390600064     
      784   0.957845788097       -0.100000000000         13.5390600064     
      785   0.957845788097         0.00000000000         13.5390600064     
      786   0.957845788097        0.100000000000         13.5390600064     
      787   0.957845788097        0.200000000000         13.5390600064     
      788   0.957845788097        0.300000000000         13.5390600064     
      789   0.957845788097        0.400000000000         13.5390600064     

