
 
        1  -0.998957514616       -0.500000000000         24.4107684706     
        2  -0.499583217143       -0.500000000000         24.4260915836     
        3  -0.949035439053       -0.500000000000         24.4127602941     
        4  -0.899109394604       -0.500000000000         24.4146500228     
        5  -0.849179590059       -0.500000000000         24.4164376489     
        6  -0.799246234226       -0.500000000000         24.4181231649     
        7  -0.749309535925       -0.500000000000         24.4197065637     
        8  -0.699369703994       -0.500000000000         24.4211878388     
        9  -0.649426947282       -0.500000000000         24.4225669838     
       10  -0.599481474652       -0.500000000000         24.4238439931     
       11  -0.549533494977       -0.500000000000         24.4250188614     
       12  -0.499583217143        0.500000000000         24.4260915836     
       13  -0.499583217143       -0.450000000000         24.4260915836     
       14  -0.499583217143       -0.400000000000         24.4260915836     
       15  -0.499583217143       -0.350000000000         24.4260915836     
       16  -0.499583217143       -0.300000000000         24.4260915836     
       17  -0.499583217143       -0.250000000000         24.4260915836     
       18  -0.499583217143       -0.200000000000         24.4260915836     
       19  -0.499583217143       -0.150000000000         24.4260915836     
       20  -0.499583217143       -0.100000000000         24.4260915836     

 
       21  -0.499583217143       -0.500000000000E-001    24.4260915836     
       22  -0.499583217143         0.00000000000         24.4260915836     
       23  -0.499583217143        0.500000000000E-001    24.4260915836     
       24  -0.499583217143        0.100000000000         24.4260915836     
       25  -0.499583217143        0.150000000000         24.4260915836     
       26  -0.499583217143        0.200000000000         24.4260915836     
       27  -0.499583217143        0.250000000000         24.4260915836     
       28  -0.499583217143        0.300000000000         24.4260915836     
       29  -0.499583217143        0.350000000000         24.4260915836     
       30  -0.499583217143        0.400000000000         24.4260915836     
       31  -0.499583217143        0.450000000000         24.4260915836     
       32  -0.998957514616        0.500000000000         24.4107684706     
       33  -0.949035439053        0.500000000000         24.4127602941     
       34  -0.899109394604        0.500000000000         24.4146500228     
       35  -0.849179590059        0.500000000000         24.4164376489     
       36  -0.799246234226        0.500000000000         24.4181231649     
       37  -0.749309535925        0.500000000000         24.4197065637     
       38  -0.699369703994        0.500000000000         24.4211878388     
       39  -0.649426947282        0.500000000000         24.4225669838     
       40  -0.599481474652        0.500000000000         24.4238439931     

 
       41  -0.549533494977        0.500000000000         24.4250188614     
       42  -0.998957514616       -0.450000000000         24.4107684706     
       43  -0.998957514616       -0.400000000000         24.4107684706     
       44  -0.998957514616       -0.350000000000         24.4107684706     
       45  -0.998957514616       -0.300000000000         24.4107684706     
       46  -0.998957514616       -0.250000000000         24.4107684706     
       47  -0.998957514616       -0.200000000000         24.4107684706     
       48  -0.998957514616       -0.150000000000         24.4107684706     
       49  -0.998957514616       -0.100000000000         24.4107684706     
       50  -0.998957514616       -0.500000000000E-001    24.4107684706     
       51  -0.998957514616         0.00000000000         24.4107684706     
       52  -0.998957514616        0.500000000000E-001    24.4107684706     
       53  -0.998957514616        0.100000000000         24.4107684706     
       54  -0.998957514616        0.150000000000         24.4107684706     
       55  -0.998957514616        0.200000000000         24.4107684706     
       56  -0.998957514616        0.250000000000         24.4107684706     
       57  -0.998957514616        0.300000000000         24.4107684706     
       58  -0.998957514616        0.350000000000         24.4107684706     
       59  -0.998957514616        0.400000000000         24.4107684706     
       60  -0.998957514616        0.450000000000         24.4107684706     

 
       61  -0.949035440324       -0.400000000000         24.4127602940     
       62  -0.949035440324       -0.300000000000         24.4127602940     
       63  -0.949035440324       -0.200000000000         24.4127602940     
       64  -0.949035440324       -0.100000000000         24.4127602940     
       65  -0.949035440324         0.00000000000         24.4127602940     
       66  -0.949035440324        0.100000000000         24.4127602940     
       67  -0.949035440324        0.200000000000         24.4127602940     
       68  -0.949035440324        0.300000000000         24.4127602940     
       69  -0.949035440324        0.400000000000         24.4127602940     
       70  -0.899109396398       -0.450000000000         24.4146500227     
       71  -0.899109396398       -0.400000000000         24.4146500227     
       72  -0.899109396398       -0.350000000000         24.4146500227     
       73  -0.899109396398       -0.300000000000         24.4146500227     
       74  -0.899109396398       -0.250000000000         24.4146500227     
       75  -0.899109396398       -0.200000000000         24.4146500227     
       76  -0.899109396398       -0.150000000000         24.4146500227     
       77  -0.899109396398       -0.100000000000         24.4146500227     
       78  -0.899109396398       -0.500000000000E-001    24.4146500227     
       79  -0.899109396398         0.00000000000         24.4146500227     
       80  -0.899109396398        0.500000000000E-001    24.4146500227     

 
       81  -0.899109396398        0.100000000000         24.4146500227     
       82  -0.899109396398        0.150000000000         24.4146500227     
       83  -0.899109396398        0.200000000000         24.4146500227     
       84  -0.899109396398        0.250000000000         24.4146500227     
       85  -0.899109396398        0.300000000000         24.4146500227     
       86  -0.899109396398        0.350000000000         24.4146500227     
       87  -0.899109396398        0.400000000000         24.4146500227     
       88  -0.899109396398        0.450000000000         24.4146500227     
       89  -0.849179591803       -0.400000000000         24.4164376489     
       90  -0.849179591803       -0.300000000000         24.4164376489     
       91  -0.849179591803       -0.200000000000         24.4164376489     
       92  -0.849179591803       -0.100000000000         24.4164376489     
       93  -0.849179591803         0.00000000000         24.4164376489     
       94  -0.849179591803        0.100000000000         24.4164376489     
       95  -0.849179591803        0.200000000000         24.4164376489     
       96  -0.849179591803        0.300000000000         24.4164376489     
       97  -0.849179591803        0.400000000000         24.4164376489     
       98  -0.799246235521       -0.450000000000         24.4181231649     
       99  -0.799246235521       -0.400000000000         24.4181231649     
      100  -0.799246235521       -0.350000000000         24.4181231649     

 
      101  -0.799246235521       -0.300000000000         24.4181231649     
      102  -0.799246235521       -0.250000000000         24.4181231649     
      103  -0.799246235521       -0.200000000000         24.4181231649     
      104  -0.799246235521       -0.150000000000         24.4181231649     
      105  -0.799246235521       -0.100000000000         24.4181231649     
      106  -0.799246235521       -0.500000000000E-001    24.4181231649     
      107  -0.799246235521         0.00000000000         24.4181231649     
      108  -0.799246235521        0.500000000000E-001    24.4181231649     
      109  -0.799246235521        0.100000000000         24.4181231649     
      110  -0.799246235521        0.150000000000         24.4181231649     
      111  -0.799246235521        0.200000000000         24.4181231649     
      112  -0.799246235521        0.250000000000         24.4181231649     
      113  -0.799246235521        0.300000000000         24.4181231649     
      114  -0.799246235521        0.350000000000         24.4181231649     
      115  -0.799246235521        0.400000000000         24.4181231649     
      116  -0.799246235521        0.450000000000         24.4181231649     
      117  -0.749309536546       -0.400000000000         24.4197065637     
      118  -0.749309536546       -0.300000000000         24.4197065637     
      119  -0.749309536546       -0.200000000000         24.4197065637     
      120  -0.749309536546       -0.100000000000         24.4197065637     

 
      121  -0.749309536546         0.00000000000         24.4197065637     
      122  -0.749309536546        0.100000000000         24.4197065637     
      123  -0.749309536546        0.200000000000         24.4197065637     
      124  -0.749309536546        0.300000000000         24.4197065637     
      125  -0.749309536546        0.400000000000         24.4197065637     
      126  -0.699369703892       -0.450000000000         24.4211878388     
      127  -0.699369703892       -0.400000000000         24.4211878388     
      128  -0.699369703892       -0.350000000000         24.4211878388     
      129  -0.699369703892       -0.300000000000         24.4211878388     
      130  -0.699369703892       -0.250000000000         24.4211878388     
      131  -0.699369703892       -0.200000000000         24.4211878388     
      132  -0.699369703892       -0.150000000000         24.4211878388     
      133  -0.699369703892       -0.100000000000         24.4211878388     
      134  -0.699369703892       -0.500000000000E-001    24.4211878388     
      135  -0.699369703892         0.00000000000         24.4211878388     
      136  -0.699369703892        0.500000000000E-001    24.4211878388     
      137  -0.699369703892        0.100000000000         24.4211878388     
      138  -0.699369703892        0.150000000000         24.4211878388     
      139  -0.699369703892        0.200000000000         24.4211878388     
      140  -0.699369703892        0.250000000000         24.4211878388     

 
      141  -0.699369703892        0.300000000000         24.4211878388     
      142  -0.699369703892        0.350000000000         24.4211878388     
      143  -0.699369703892        0.400000000000         24.4211878388     
      144  -0.699369703892        0.450000000000         24.4211878388     
      145  -0.649426946582       -0.400000000000         24.4225669839     
      146  -0.649426946582       -0.300000000000         24.4225669839     
      147  -0.649426946582       -0.200000000000         24.4225669839     
      148  -0.649426946582       -0.100000000000         24.4225669839     
      149  -0.649426946582         0.00000000000         24.4225669839     
      150  -0.649426946582        0.100000000000         24.4225669839     
      151  -0.649426946582        0.200000000000         24.4225669839     
      152  -0.649426946582        0.300000000000         24.4225669839     
      153  -0.649426946582        0.400000000000         24.4225669839     
      154  -0.599481473652       -0.450000000000         24.4238439932     
      155  -0.599481473652       -0.400000000000         24.4238439932     
      156  -0.599481473652       -0.350000000000         24.4238439932     
      157  -0.599481473652       -0.300000000000         24.4238439932     
      158  -0.599481473652       -0.250000000000         24.4238439932     
      159  -0.599481473652       -0.200000000000         24.4238439932     
      160  -0.599481473652       -0.150000000000         24.4238439932     

 
      161  -0.599481473652       -0.100000000000         24.4238439932     
      162  -0.599481473652       -0.500000000000E-001    24.4238439932     
      163  -0.599481473652         0.00000000000         24.4238439932     
      164  -0.599481473652        0.500000000000E-001    24.4238439932     
      165  -0.599481473652        0.100000000000         24.4238439932     
      166  -0.599481473652        0.150000000000         24.4238439932     
      167  -0.599481473652        0.200000000000         24.4238439932     
      168  -0.599481473652        0.250000000000         24.4238439932     
      169  -0.599481473652        0.300000000000         24.4238439932     
      170  -0.599481473652        0.350000000000         24.4238439932     
      171  -0.599481473652        0.400000000000         24.4238439932     
      172  -0.599481473652        0.450000000000         24.4238439932     
      173  -0.549533494153       -0.400000000000         24.4250188614     
      174  -0.549533494153       -0.300000000000         24.4250188614     
      175  -0.549533494153       -0.200000000000         24.4250188614     
      176  -0.549533494153       -0.100000000000         24.4250188614     
      177  -0.549533494153         0.00000000000         24.4250188614     
      178  -0.549533494153        0.100000000000         24.4250188614     
      179  -0.549533494153        0.200000000000         24.4250188614     
      180  -0.549533494153        0.300000000000         24.4250188614     

 
      181  -0.549533494153        0.400000000000         24.4250188614     
      182    0.00000000000       -0.500000000000         24.4312000000     
      183  -0.449630850033       -0.500000000000         24.4270621553     
      184  -0.399676602559       -0.500000000000         24.4279305725     
      185  -0.349720683629       -0.500000000000         24.4286968315     
      186  -0.299763302159       -0.500000000000         24.4293609291     
      187  -0.249804667072       -0.500000000000         24.4299228625     
      188  -0.199844987295       -0.500000000000         24.4303826294     
      189  -0.149884471761       -0.500000000000         24.4307402279     
      190  -0.999233294077E-001  -0.500000000000         24.4309956565     
      191  -0.499617691734E-001  -0.500000000000         24.4311489141     
      192    0.00000000000        0.500000000000         24.4312000000     
      193    0.00000000000       -0.450000000000         24.4312000000     
      194    0.00000000000       -0.400000000000         24.4312000000     
      195    0.00000000000       -0.350000000000         24.4312000000     
      196    0.00000000000       -0.300000000000         24.4312000000     
      197    0.00000000000       -0.250000000000         24.4312000000     
      198    0.00000000000       -0.200000000000         24.4312000000     
      199    0.00000000000       -0.150000000000         24.4312000000     
      200    0.00000000000       -0.100000000000         24.4312000000     

 
      201    0.00000000000       -0.500000000000E-001    24.4312000000     
      202    0.00000000000         0.00000000000         24.4312000000     
      203    0.00000000000        0.500000000000E-001    24.4312000000     
      204    0.00000000000        0.100000000000         24.4312000000     
      205    0.00000000000        0.150000000000         24.4312000000     
      206    0.00000000000        0.200000000000         24.4312000000     
      207    0.00000000000        0.250000000000         24.4312000000     
      208    0.00000000000        0.300000000000         24.4312000000     
      209    0.00000000000        0.350000000000         24.4312000000     
      210    0.00000000000        0.400000000000         24.4312000000     
      211    0.00000000000        0.450000000000         24.4312000000     
      212  -0.449630850033        0.500000000000         24.4270621553     
      213  -0.399676602559        0.500000000000         24.4279305725     
      214  -0.349720683629        0.500000000000         24.4286968315     
      215  -0.299763302159        0.500000000000         24.4293609291     
      216  -0.249804667072        0.500000000000         24.4299228625     
      217  -0.199844987295        0.500000000000         24.4303826294     
      218  -0.149884471761        0.500000000000         24.4307402279     
      219  -0.999233294077E-001   0.500000000000         24.4309956565     
      220  -0.499617691734E-001   0.500000000000         24.4311489141     

 
      221  -0.449630849473       -0.400000000000         24.4270621553     
      222  -0.449630849473       -0.300000000000         24.4270621553     
      223  -0.449630849473       -0.200000000000         24.4270621553     
      224  -0.449630849473       -0.100000000000         24.4270621553     
      225  -0.449630849473         0.00000000000         24.4270621553     
      226  -0.449630849473        0.100000000000         24.4270621553     
      227  -0.449630849473        0.200000000000         24.4270621553     
      228  -0.449630849473        0.300000000000         24.4270621553     
      229  -0.449630849473        0.400000000000         24.4270621553     
      230  -0.399676601716       -0.450000000000         24.4279305725     
      231  -0.399676601716       -0.400000000000         24.4279305725     
      232  -0.399676601716       -0.350000000000         24.4279305725     
      233  -0.399676601716       -0.300000000000         24.4279305725     
      234  -0.399676601716       -0.250000000000         24.4279305725     
      235  -0.399676601716       -0.200000000000         24.4279305725     
      236  -0.399676601716       -0.150000000000         24.4279305725     
      237  -0.399676601716       -0.100000000000         24.4279305725     
      238  -0.399676601716       -0.500000000000E-001    24.4279305725     
      239  -0.399676601716         0.00000000000         24.4279305725     
      240  -0.399676601716        0.500000000000E-001    24.4279305725     

 
      241  -0.399676601716        0.100000000000         24.4279305725     
      242  -0.399676601716        0.150000000000         24.4279305725     
      243  -0.399676601716        0.200000000000         24.4279305725     
      244  -0.399676601716        0.250000000000         24.4279305725     
      245  -0.399676601716        0.300000000000         24.4279305725     
      246  -0.399676601716        0.350000000000         24.4279305725     
      247  -0.399676601716        0.400000000000         24.4279305725     
      248  -0.399676601716        0.450000000000         24.4279305725     
      249  -0.349720682723       -0.400000000000         24.4286968315     
      250  -0.349720682723       -0.300000000000         24.4286968315     
      251  -0.349720682723       -0.200000000000         24.4286968315     
      252  -0.349720682723       -0.100000000000         24.4286968315     
      253  -0.349720682723         0.00000000000         24.4286968315     
      254  -0.349720682723        0.100000000000         24.4286968315     
      255  -0.349720682723        0.200000000000         24.4286968315     
      256  -0.349720682723        0.300000000000         24.4286968315     
      257  -0.349720682723        0.400000000000         24.4286968315     
      258  -0.299763301354       -0.450000000000         24.4293609291     
      259  -0.299763301354       -0.400000000000         24.4293609291     
      260  -0.299763301354       -0.350000000000         24.4293609291     

 
      261  -0.299763301354       -0.300000000000         24.4293609291     
      262  -0.299763301354       -0.250000000000         24.4293609291     
      263  -0.299763301354       -0.200000000000         24.4293609291     
      264  -0.299763301354       -0.150000000000         24.4293609291     
      265  -0.299763301354       -0.100000000000         24.4293609291     
      266  -0.299763301354       -0.500000000000E-001    24.4293609291     
      267  -0.299763301354         0.00000000000         24.4293609291     
      268  -0.299763301354        0.500000000000E-001    24.4293609291     
      269  -0.299763301354        0.100000000000         24.4293609291     
      270  -0.299763301354        0.150000000000         24.4293609291     
      271  -0.299763301354        0.200000000000         24.4293609291     
      272  -0.299763301354        0.250000000000         24.4293609291     
      273  -0.299763301354        0.300000000000         24.4293609291     
      274  -0.299763301354        0.350000000000         24.4293609291     
      275  -0.299763301354        0.400000000000         24.4293609291     
      276  -0.299763301354        0.450000000000         24.4293609291     
      277  -0.249804666473       -0.400000000000         24.4299228625     
      278  -0.249804666473       -0.300000000000         24.4299228625     
      279  -0.249804666473       -0.200000000000         24.4299228625     
      280  -0.249804666473       -0.100000000000         24.4299228625     

 
      281  -0.249804666473         0.00000000000         24.4299228625     
      282  -0.249804666473        0.100000000000         24.4299228625     
      283  -0.249804666473        0.200000000000         24.4299228625     
      284  -0.249804666473        0.300000000000         24.4299228625     
      285  -0.249804666473        0.400000000000         24.4299228625     
      286  -0.199844986950       -0.450000000000         24.4303826295     
      287  -0.199844986950       -0.400000000000         24.4303826295     
      288  -0.199844986950       -0.350000000000         24.4303826295     
      289  -0.199844986950       -0.300000000000         24.4303826295     
      290  -0.199844986950       -0.250000000000         24.4303826295     
      291  -0.199844986950       -0.200000000000         24.4303826295     
      292  -0.199844986950       -0.150000000000         24.4303826295     
      293  -0.199844986950       -0.100000000000         24.4303826295     
      294  -0.199844986950       -0.500000000000E-001    24.4303826295     
      295  -0.199844986950         0.00000000000         24.4303826295     
      296  -0.199844986950        0.500000000000E-001    24.4303826295     
      297  -0.199844986950        0.100000000000         24.4303826295     
      298  -0.199844986950        0.150000000000         24.4303826295     
      299  -0.199844986950        0.200000000000         24.4303826295     
      300  -0.199844986950        0.250000000000         24.4303826295     

 
      301  -0.199844986950        0.300000000000         24.4303826295     
      302  -0.199844986950        0.350000000000         24.4303826295     
      303  -0.199844986950        0.400000000000         24.4303826295     
      304  -0.199844986950        0.450000000000         24.4303826295     
      305  -0.149884471661       -0.400000000000         24.4307402279     
      306  -0.149884471661       -0.300000000000         24.4307402279     
      307  -0.149884471661       -0.200000000000         24.4307402279     
      308  -0.149884471661       -0.100000000000         24.4307402279     
      309  -0.149884471661         0.00000000000         24.4307402279     
      310  -0.149884471661        0.100000000000         24.4307402279     
      311  -0.149884471661        0.200000000000         24.4307402279     
      312  -0.149884471661        0.300000000000         24.4307402279     
      313  -0.149884471661        0.400000000000         24.4307402279     
      314  -0.999233294842E-001  -0.450000000000         24.4309956565     
      315  -0.999233294842E-001  -0.400000000000         24.4309956565     
      316  -0.999233294842E-001  -0.350000000000         24.4309956565     
      317  -0.999233294842E-001  -0.300000000000         24.4309956565     
      318  -0.999233294842E-001  -0.250000000000         24.4309956565     
      319  -0.999233294842E-001  -0.200000000000         24.4309956565     
      320  -0.999233294842E-001  -0.150000000000         24.4309956565     

 
      321  -0.999233294842E-001  -0.100000000000         24.4309956565     
      322  -0.999233294842E-001  -0.500000000000E-001    24.4309956565     
      323  -0.999233294842E-001    0.00000000000         24.4309956565     
      324  -0.999233294842E-001   0.500000000000E-001    24.4309956565     
      325  -0.999233294842E-001   0.100000000000         24.4309956565     
      326  -0.999233294842E-001   0.150000000000         24.4309956565     
      327  -0.999233294842E-001   0.200000000000         24.4309956565     
      328  -0.999233294842E-001   0.250000000000         24.4309956565     
      329  -0.999233294842E-001   0.300000000000         24.4309956565     
      330  -0.999233294842E-001   0.350000000000         24.4309956565     
      331  -0.999233294842E-001   0.400000000000         24.4309956565     
      332  -0.999233294842E-001   0.450000000000         24.4309956565     
      333  -0.499617693026E-001  -0.400000000000         24.4311489141     
      334  -0.499617693026E-001  -0.300000000000         24.4311489141     
      335  -0.499617693026E-001  -0.200000000000         24.4311489141     
      336  -0.499617693026E-001  -0.100000000000         24.4311489141     
      337  -0.499617693026E-001    0.00000000000         24.4311489141     
      338  -0.499617693026E-001   0.100000000000         24.4311489141     
      339  -0.499617693026E-001   0.200000000000         24.4311489141     
      340  -0.499617693026E-001   0.300000000000         24.4311489141     

 
      341  -0.499617693026E-001   0.400000000000         24.4311489141     
      342   0.499583217143       -0.500000000000         24.4260915836     
      343   0.499617691793E-001  -0.500000000000         24.4311489141     
      344   0.999233294151E-001  -0.500000000000         24.4309956565     
      345   0.149884471768       -0.500000000000         24.4307402279     
      346   0.199844987301       -0.500000000000         24.4303826294     
      347   0.249804667077       -0.500000000000         24.4299228625     
      348   0.299763302165       -0.500000000000         24.4293609291     
      349   0.349720683636       -0.500000000000         24.4286968315     
      350   0.399676602567       -0.500000000000         24.4279305725     
      351   0.449630850039       -0.500000000000         24.4270621553     
      352   0.499583217143        0.500000000000         24.4260915836     
      353   0.499583217143       -0.450000000000         24.4260915836     
      354   0.499583217143       -0.400000000000         24.4260915836     
      355   0.499583217143       -0.350000000000         24.4260915836     
      356   0.499583217143       -0.300000000000         24.4260915836     
      357   0.499583217143       -0.250000000000         24.4260915836     
      358   0.499583217143       -0.200000000000         24.4260915836     
      359   0.499583217143       -0.150000000000         24.4260915836     
      360   0.499583217143       -0.100000000000         24.4260915836     

 
      361   0.499583217143       -0.500000000000E-001    24.4260915836     
      362   0.499583217143         0.00000000000         24.4260915836     
      363   0.499583217143        0.500000000000E-001    24.4260915836     
      364   0.499583217143        0.100000000000         24.4260915836     
      365   0.499583217143        0.150000000000         24.4260915836     
      366   0.499583217143        0.200000000000         24.4260915836     
      367   0.499583217143        0.250000000000         24.4260915836     
      368   0.499583217143        0.300000000000         24.4260915836     
      369   0.499583217143        0.350000000000         24.4260915836     
      370   0.499583217143        0.400000000000         24.4260915836     
      371   0.499583217143        0.450000000000         24.4260915836     
      372   0.499617691793E-001   0.500000000000         24.4311489141     
      373   0.999233294151E-001   0.500000000000         24.4309956565     
      374   0.149884471768        0.500000000000         24.4307402279     
      375   0.199844987301        0.500000000000         24.4303826294     
      376   0.249804667077        0.500000000000         24.4299228625     
      377   0.299763302165        0.500000000000         24.4293609291     
      378   0.349720683636        0.500000000000         24.4286968315     
      379   0.399676602567        0.500000000000         24.4279305725     
      380   0.449630850039        0.500000000000         24.4270621553     

 
      381   0.499617693085E-001  -0.400000000000         24.4311489141     
      382   0.499617693085E-001  -0.300000000000         24.4311489141     
      383   0.499617693085E-001  -0.200000000000         24.4311489141     
      384   0.499617693085E-001  -0.100000000000         24.4311489141     
      385   0.499617693085E-001    0.00000000000         24.4311489141     
      386   0.499617693085E-001   0.100000000000         24.4311489141     
      387   0.499617693085E-001   0.200000000000         24.4311489141     
      388   0.499617693085E-001   0.300000000000         24.4311489141     
      389   0.499617693085E-001   0.400000000000         24.4311489141     
      390   0.999233294918E-001  -0.450000000000         24.4309956565     
      391   0.999233294918E-001  -0.400000000000         24.4309956565     
      392   0.999233294918E-001  -0.350000000000         24.4309956565     
      393   0.999233294918E-001  -0.300000000000         24.4309956565     
      394   0.999233294918E-001  -0.250000000000         24.4309956565     
      395   0.999233294918E-001  -0.200000000000         24.4309956565     
      396   0.999233294918E-001  -0.150000000000         24.4309956565     
      397   0.999233294918E-001  -0.100000000000         24.4309956565     
      398   0.999233294918E-001  -0.500000000000E-001    24.4309956565     
      399   0.999233294918E-001    0.00000000000         24.4309956565     
      400   0.999233294918E-001   0.500000000000E-001    24.4309956565     

 
      401   0.999233294918E-001   0.100000000000         24.4309956565     
      402   0.999233294918E-001   0.150000000000         24.4309956565     
      403   0.999233294918E-001   0.200000000000         24.4309956565     
      404   0.999233294918E-001   0.250000000000         24.4309956565     
      405   0.999233294918E-001   0.300000000000         24.4309956565     
      406   0.999233294918E-001   0.350000000000         24.4309956565     
      407   0.999233294918E-001   0.400000000000         24.4309956565     
      408   0.999233294918E-001   0.450000000000         24.4309956565     
      409   0.149884471668       -0.400000000000         24.4307402279     
      410   0.149884471668       -0.300000000000         24.4307402279     
      411   0.149884471668       -0.200000000000         24.4307402279     
      412   0.149884471668       -0.100000000000         24.4307402279     
      413   0.149884471668         0.00000000000         24.4307402279     
      414   0.149884471668        0.100000000000         24.4307402279     
      415   0.149884471668        0.200000000000         24.4307402279     
      416   0.149884471668        0.300000000000         24.4307402279     
      417   0.149884471668        0.400000000000         24.4307402279     
      418   0.199844986957       -0.450000000000         24.4303826295     
      419   0.199844986957       -0.400000000000         24.4303826295     
      420   0.199844986957       -0.350000000000         24.4303826295     

 
      421   0.199844986957       -0.300000000000         24.4303826295     
      422   0.199844986957       -0.250000000000         24.4303826295     
      423   0.199844986957       -0.200000000000         24.4303826295     
      424   0.199844986957       -0.150000000000         24.4303826295     
      425   0.199844986957       -0.100000000000         24.4303826295     
      426   0.199844986957       -0.500000000000E-001    24.4303826295     
      427   0.199844986957         0.00000000000         24.4303826295     
      428   0.199844986957        0.500000000000E-001    24.4303826295     
      429   0.199844986957        0.100000000000         24.4303826295     
      430   0.199844986957        0.150000000000         24.4303826295     
      431   0.199844986957        0.200000000000         24.4303826295     
      432   0.199844986957        0.250000000000         24.4303826295     
      433   0.199844986957        0.300000000000         24.4303826295     
      434   0.199844986957        0.350000000000         24.4303826295     
      435   0.199844986957        0.400000000000         24.4303826295     
      436   0.199844986957        0.450000000000         24.4303826295     
      437   0.249804666480       -0.400000000000         24.4299228625     
      438   0.249804666480       -0.300000000000         24.4299228625     
      439   0.249804666480       -0.200000000000         24.4299228625     
      440   0.249804666480       -0.100000000000         24.4299228625     

 
      441   0.249804666480         0.00000000000         24.4299228625     
      442   0.249804666480        0.100000000000         24.4299228625     
      443   0.249804666480        0.200000000000         24.4299228625     
      444   0.249804666480        0.300000000000         24.4299228625     
      445   0.249804666480        0.400000000000         24.4299228625     
      446   0.299763301362       -0.450000000000         24.4293609291     
      447   0.299763301362       -0.400000000000         24.4293609291     
      448   0.299763301362       -0.350000000000         24.4293609291     
      449   0.299763301362       -0.300000000000         24.4293609291     
      450   0.299763301362       -0.250000000000         24.4293609291     
      451   0.299763301362       -0.200000000000         24.4293609291     
      452   0.299763301362       -0.150000000000         24.4293609291     
      453   0.299763301362       -0.100000000000         24.4293609291     
      454   0.299763301362       -0.500000000000E-001    24.4293609291     
      455   0.299763301362         0.00000000000         24.4293609291     
      456   0.299763301362        0.500000000000E-001    24.4293609291     
      457   0.299763301362        0.100000000000         24.4293609291     
      458   0.299763301362        0.150000000000         24.4293609291     
      459   0.299763301362        0.200000000000         24.4293609291     
      460   0.299763301362        0.250000000000         24.4293609291     

 
      461   0.299763301362        0.300000000000         24.4293609291     
      462   0.299763301362        0.350000000000         24.4293609291     
      463   0.299763301362        0.400000000000         24.4293609291     
      464   0.299763301362        0.450000000000         24.4293609291     
      465   0.349720682732       -0.400000000000         24.4286968315     
      466   0.349720682732       -0.300000000000         24.4286968315     
      467   0.349720682732       -0.200000000000         24.4286968315     
      468   0.349720682732       -0.100000000000         24.4286968315     
      469   0.349720682732         0.00000000000         24.4286968315     
      470   0.349720682732        0.100000000000         24.4286968315     
      471   0.349720682732        0.200000000000         24.4286968315     
      472   0.349720682732        0.300000000000         24.4286968315     
      473   0.349720682732        0.400000000000         24.4286968315     
      474   0.399676601725       -0.450000000000         24.4279305725     
      475   0.399676601725       -0.400000000000         24.4279305725     
      476   0.399676601725       -0.350000000000         24.4279305725     
      477   0.399676601725       -0.300000000000         24.4279305725     
      478   0.399676601725       -0.250000000000         24.4279305725     
      479   0.399676601725       -0.200000000000         24.4279305725     
      480   0.399676601725       -0.150000000000         24.4279305725     

 
      481   0.399676601725       -0.100000000000         24.4279305725     
      482   0.399676601725       -0.500000000000E-001    24.4279305725     
      483   0.399676601725         0.00000000000         24.4279305725     
      484   0.399676601725        0.500000000000E-001    24.4279305725     
      485   0.399676601725        0.100000000000         24.4279305725     
      486   0.399676601725        0.150000000000         24.4279305725     
      487   0.399676601725        0.200000000000         24.4279305725     
      488   0.399676601725        0.250000000000         24.4279305725     
      489   0.399676601725        0.300000000000         24.4279305725     
      490   0.399676601725        0.350000000000         24.4279305725     
      491   0.399676601725        0.400000000000         24.4279305725     
      492   0.399676601725        0.450000000000         24.4279305725     
      493   0.449630849480       -0.400000000000         24.4270621553     
      494   0.449630849480       -0.300000000000         24.4270621553     
      495   0.449630849480       -0.200000000000         24.4270621553     
      496   0.449630849480       -0.100000000000         24.4270621553     
      497   0.449630849480         0.00000000000         24.4270621553     
      498   0.449630849480        0.100000000000         24.4270621553     
      499   0.449630849480        0.200000000000         24.4270621553     
      500   0.449630849480        0.300000000000         24.4270621553     

 
      501   0.449630849480        0.400000000000         24.4270621553     
      502   0.998957514616       -0.500000000000         24.4107684706     
      503   0.549533494983       -0.500000000000         24.4250188614     
      504   0.599481474659       -0.500000000000         24.4238439931     
      505   0.649426947289       -0.500000000000         24.4225669838     
      506   0.699369704000       -0.500000000000         24.4211878388     
      507   0.749309535931       -0.500000000000         24.4197065637     
      508   0.799246234232       -0.500000000000         24.4181231649     
      509   0.849179590066       -0.500000000000         24.4164376489     
      510   0.899109394611       -0.500000000000         24.4146500228     
      511   0.949035439059       -0.500000000000         24.4127602941     
      512   0.998957514616        0.500000000000         24.4107684706     
      513   0.998957514616       -0.450000000000         24.4107684706     
      514   0.998957514616       -0.400000000000         24.4107684706     
      515   0.998957514616       -0.350000000000         24.4107684706     
      516   0.998957514616       -0.300000000000         24.4107684706     
      517   0.998957514616       -0.250000000000         24.4107684706     
      518   0.998957514616       -0.200000000000         24.4107684706     
      519   0.998957514616       -0.150000000000         24.4107684706     
      520   0.998957514616       -0.100000000000         24.4107684706     

 
      521   0.998957514616       -0.500000000000E-001    24.4107684706     
      522   0.998957514616         0.00000000000         24.4107684706     
      523   0.998957514616        0.500000000000E-001    24.4107684706     
      524   0.998957514616        0.100000000000         24.4107684706     
      525   0.998957514616        0.150000000000         24.4107684706     
      526   0.998957514616        0.200000000000         24.4107684706     
      527   0.998957514616        0.250000000000         24.4107684706     
      528   0.998957514616        0.300000000000         24.4107684706     
      529   0.998957514616        0.350000000000         24.4107684706     
      530   0.998957514616        0.400000000000         24.4107684706     
      531   0.998957514616        0.450000000000         24.4107684706     
      532   0.549533494983        0.500000000000         24.4250188614     
      533   0.599481474659        0.500000000000         24.4238439931     
      534   0.649426947289        0.500000000000         24.4225669838     
      535   0.699369704000        0.500000000000         24.4211878388     
      536   0.749309535931        0.500000000000         24.4197065637     
      537   0.799246234232        0.500000000000         24.4181231649     
      538   0.849179590066        0.500000000000         24.4164376489     
      539   0.899109394611        0.500000000000         24.4146500228     
      540   0.949035439059        0.500000000000         24.4127602941     

 
      541   0.549533494164       -0.400000000000         24.4250188614     
      542   0.549533494164       -0.300000000000         24.4250188614     
      543   0.549533494164       -0.200000000000         24.4250188614     
      544   0.549533494164       -0.100000000000         24.4250188614     
      545   0.549533494164         0.00000000000         24.4250188614     
      546   0.549533494164        0.100000000000         24.4250188614     
      547   0.549533494164        0.200000000000         24.4250188614     
      548   0.549533494164        0.300000000000         24.4250188614     
      549   0.549533494164        0.400000000000         24.4250188614     
      550   0.599481473665       -0.450000000000         24.4238439932     
      551   0.599481473665       -0.400000000000         24.4238439932     
      552   0.599481473665       -0.350000000000         24.4238439932     
      553   0.599481473665       -0.300000000000         24.4238439932     
      554   0.599481473665       -0.250000000000         24.4238439932     
      555   0.599481473665       -0.200000000000         24.4238439932     
      556   0.599481473665       -0.150000000000         24.4238439932     
      557   0.599481473665       -0.100000000000         24.4238439932     
      558   0.599481473665       -0.500000000000E-001    24.4238439932     
      559   0.599481473665         0.00000000000         24.4238439932     
      560   0.599481473665        0.500000000000E-001    24.4238439932     

 
      561   0.599481473665        0.100000000000         24.4238439932     
      562   0.599481473665        0.150000000000         24.4238439932     
      563   0.599481473665        0.200000000000         24.4238439932     
      564   0.599481473665        0.250000000000         24.4238439932     
      565   0.599481473665        0.300000000000         24.4238439932     
      566   0.599481473665        0.350000000000         24.4238439932     
      567   0.599481473665        0.400000000000         24.4238439932     
      568   0.599481473665        0.450000000000         24.4238439932     
      569   0.649426946590       -0.400000000000         24.4225669839     
      570   0.649426946590       -0.300000000000         24.4225669839     
      571   0.649426946590       -0.200000000000         24.4225669839     
      572   0.649426946590       -0.100000000000         24.4225669839     
      573   0.649426946590         0.00000000000         24.4225669839     
      574   0.649426946590        0.100000000000         24.4225669839     
      575   0.649426946590        0.200000000000         24.4225669839     
      576   0.649426946590        0.300000000000         24.4225669839     
      577   0.649426946590        0.400000000000         24.4225669839     
      578   0.699369703893       -0.450000000000         24.4211878388     
      579   0.699369703893       -0.400000000000         24.4211878388     
      580   0.699369703893       -0.350000000000         24.4211878388     

 
      581   0.699369703893       -0.300000000000         24.4211878388     
      582   0.699369703893       -0.250000000000         24.4211878388     
      583   0.699369703893       -0.200000000000         24.4211878388     
      584   0.699369703893       -0.150000000000         24.4211878388     
      585   0.699369703893       -0.100000000000         24.4211878388     
      586   0.699369703893       -0.500000000000E-001    24.4211878388     
      587   0.699369703893         0.00000000000         24.4211878388     
      588   0.699369703893        0.500000000000E-001    24.4211878388     
      589   0.699369703893        0.100000000000         24.4211878388     
      590   0.699369703893        0.150000000000         24.4211878388     
      591   0.699369703893        0.200000000000         24.4211878388     
      592   0.699369703893        0.250000000000         24.4211878388     
      593   0.699369703893        0.300000000000         24.4211878388     
      594   0.699369703893        0.350000000000         24.4211878388     
      595   0.699369703893        0.400000000000         24.4211878388     
      596   0.699369703893        0.450000000000         24.4211878388     
      597   0.749309536541       -0.400000000000         24.4197065637     
      598   0.749309536541       -0.300000000000         24.4197065637     
      599   0.749309536541       -0.200000000000         24.4197065637     
      600   0.749309536541       -0.100000000000         24.4197065637     

 
      601   0.749309536541         0.00000000000         24.4197065637     
      602   0.749309536541        0.100000000000         24.4197065637     
      603   0.749309536541        0.200000000000         24.4197065637     
      604   0.749309536541        0.300000000000         24.4197065637     
      605   0.749309536541        0.400000000000         24.4197065637     
      606   0.799246235510       -0.450000000000         24.4181231649     
      607   0.799246235510       -0.400000000000         24.4181231649     
      608   0.799246235510       -0.350000000000         24.4181231649     
      609   0.799246235510       -0.300000000000         24.4181231649     
      610   0.799246235510       -0.250000000000         24.4181231649     
      611   0.799246235510       -0.200000000000         24.4181231649     
      612   0.799246235510       -0.150000000000         24.4181231649     
      613   0.799246235510       -0.100000000000         24.4181231649     
      614   0.799246235510       -0.500000000000E-001    24.4181231649     
      615   0.799246235510         0.00000000000         24.4181231649     
      616   0.799246235510        0.500000000000E-001    24.4181231649     
      617   0.799246235510        0.100000000000         24.4181231649     
      618   0.799246235510        0.150000000000         24.4181231649     
      619   0.799246235510        0.200000000000         24.4181231649     
      620   0.799246235510        0.250000000000         24.4181231649     

 
      621   0.799246235510        0.300000000000         24.4181231649     
      622   0.799246235510        0.350000000000         24.4181231649     
      623   0.799246235510        0.400000000000         24.4181231649     
      624   0.799246235510        0.450000000000         24.4181231649     
      625   0.849179591791       -0.400000000000         24.4164376489     
      626   0.849179591791       -0.300000000000         24.4164376489     
      627   0.849179591791       -0.200000000000         24.4164376489     
      628   0.849179591791       -0.100000000000         24.4164376489     
      629   0.849179591791         0.00000000000         24.4164376489     
      630   0.849179591791        0.100000000000         24.4164376489     
      631   0.849179591791        0.200000000000         24.4164376489     
      632   0.849179591791        0.300000000000         24.4164376489     
      633   0.849179591791        0.400000000000         24.4164376489     
      634   0.899109396387       -0.450000000000         24.4146500227     
      635   0.899109396387       -0.400000000000         24.4146500227     
      636   0.899109396387       -0.350000000000         24.4146500227     
      637   0.899109396387       -0.300000000000         24.4146500227     
      638   0.899109396387       -0.250000000000         24.4146500227     
      639   0.899109396387       -0.200000000000         24.4146500227     
      640   0.899109396387       -0.150000000000         24.4146500227     

 
      641   0.899109396387       -0.100000000000         24.4146500227     
      642   0.899109396387       -0.500000000000E-001    24.4146500227     
      643   0.899109396387         0.00000000000         24.4146500227     
      644   0.899109396387        0.500000000000E-001    24.4146500227     
      645   0.899109396387        0.100000000000         24.4146500227     
      646   0.899109396387        0.150000000000         24.4146500227     
      647   0.899109396387        0.200000000000         24.4146500227     
      648   0.899109396387        0.250000000000         24.4146500227     
      649   0.899109396387        0.300000000000         24.4146500227     
      650   0.899109396387        0.350000000000         24.4146500227     
      651   0.899109396387        0.400000000000         24.4146500227     
      652   0.899109396387        0.450000000000         24.4146500227     
      653   0.949035440317       -0.400000000000         24.4127602940     
      654   0.949035440317       -0.300000000000         24.4127602940     
      655   0.949035440317       -0.200000000000         24.4127602940     
      656   0.949035440317       -0.100000000000         24.4127602940     
      657   0.949035440317         0.00000000000         24.4127602940     
      658   0.949035440317        0.100000000000         24.4127602940     
      659   0.949035440317        0.200000000000         24.4127602940     
      660   0.949035440317        0.300000000000         24.4127602940     

 
      661   0.949035440317        0.400000000000         24.4127602940     

