
 

 
        1   -1.00034397322       -0.500000000000         8.66786692879     
        2  -0.500998532693       -0.500000000000         8.71100485766     
        3  -0.958835254821       -0.500000000000         8.67255672302     
        4  -0.917304559762       -0.500000000000         8.67704774129     
        5  -0.875752840026       -0.500000000000         8.68133988064     
        6  -0.834181047956       -0.500000000000         8.68543304270     
        7  -0.792590136362       -0.500000000000         8.68932713366     
        8  -0.750981058501       -0.500000000000         8.69302206426     
        9  -0.709354768053       -0.500000000000         8.69651774982     
       10  -0.667712219103       -0.500000000000         8.69981411022     
       11  -0.626054366115       -0.500000000000         8.70291106989     
       12  -0.584382163913       -0.500000000000         8.70580855787     
       13  -0.542696567605       -0.500000000000         8.70850650774     
       14  -0.500998532693        0.500000000000         8.71100485766     
       15  -0.500998532693       -0.450000000000         8.71100485766     
       16  -0.500998532693       -0.400000000000         8.71100485766     
       17  -0.500998532693       -0.350000000000         8.71100485766     
       18  -0.500998532693       -0.300000000000         8.71100485766     
       19  -0.500998532693       -0.250000000000         8.71100485766     
       20  -0.500998532693       -0.200000000000         8.71100485766     

 
       21  -0.500998532693       -0.150000000000         8.71100485766     
       22  -0.500998532693       -0.100000000000         8.71100485766     
       23  -0.500998532693       -0.500000000000E-001    8.71100485766     
       24  -0.500998532693         0.00000000000         8.71100485766     
       25  -0.500998532693        0.500000000000E-001    8.71100485766     
       26  -0.500998532693        0.100000000000         8.71100485766     
       27  -0.500998532693        0.150000000000         8.71100485766     
       28  -0.500998532693        0.200000000000         8.71100485766     
       29  -0.500998532693        0.250000000000         8.71100485766     
       30  -0.500998532693        0.300000000000         8.71100485766     
       31  -0.500998532693        0.350000000000         8.71100485766     
       32  -0.500998532693        0.400000000000         8.71100485766     
       33  -0.500998532693        0.450000000000         8.71100485766     
       34   -1.00034397322        0.500000000000         8.66786692879     
       35  -0.958835254821        0.500000000000         8.67255672302     
       36  -0.917304559762        0.500000000000         8.67704774129     
       37  -0.875752840026        0.500000000000         8.68133988064     
       38  -0.834181047956        0.500000000000         8.68543304270     
       39  -0.792590136362        0.500000000000         8.68932713366     
       40  -0.750981058501        0.500000000000         8.69302206426     

 
       41  -0.709354768053        0.500000000000         8.69651774982     
       42  -0.667712219103        0.500000000000         8.69981411022     
       43  -0.626054366115        0.500000000000         8.70291106989     
       44  -0.584382163913        0.500000000000         8.70580855787     
       45  -0.542696567605        0.500000000000         8.70850650774     
       46   -1.00034397322       -0.450000000000         8.66786692879     
       47   -1.00034397322       -0.400000000000         8.66786692879     
       48   -1.00034397322       -0.350000000000         8.66786692879     
       49   -1.00034397322       -0.300000000000         8.66786692879     
       50   -1.00034397322       -0.250000000000         8.66786692879     
       51   -1.00034397322       -0.200000000000         8.66786692879     
       52   -1.00034397322       -0.150000000000         8.66786692879     
       53   -1.00034397322       -0.100000000000         8.66786692879     
       54   -1.00034397322       -0.500000000000E-001    8.66786692879     
       55   -1.00034397322         0.00000000000         8.66786692879     
       56   -1.00034397322        0.500000000000E-001    8.66786692879     
       57   -1.00034397322        0.100000000000         8.66786692879     
       58   -1.00034397322        0.150000000000         8.66786692879     
       59   -1.00034397322        0.200000000000         8.66786692879     
       60   -1.00034397322        0.250000000000         8.66786692879     

 
       61   -1.00034397322        0.300000000000         8.66786692879     
       62   -1.00034397322        0.350000000000         8.66786692879     
       63   -1.00034397322        0.400000000000         8.66786692879     
       64   -1.00034397322        0.450000000000         8.66786692879     
       65  -0.958835255215       -0.400000000000         8.67255672298     
       66  -0.958835255215       -0.300000000000         8.67255672298     
       67  -0.958835255215       -0.200000000000         8.67255672298     
       68  -0.958835255215       -0.100000000000         8.67255672298     
       69  -0.958835255215         0.00000000000         8.67255672298     
       70  -0.958835255215        0.100000000000         8.67255672298     
       71  -0.958835255215        0.200000000000         8.67255672298     
       72  -0.958835255215        0.300000000000         8.67255672298     
       73  -0.958835255215        0.400000000000         8.67255672298     
       74  -0.917304560279       -0.450000000000         8.67704774124     
       75  -0.917304560279       -0.400000000000         8.67704774124     
       76  -0.917304560279       -0.350000000000         8.67704774124     
       77  -0.917304560279       -0.300000000000         8.67704774124     
       78  -0.917304560279       -0.250000000000         8.67704774124     
       79  -0.917304560279       -0.200000000000         8.67704774124     
       80  -0.917304560279       -0.150000000000         8.67704774124     

 
       81  -0.917304560279       -0.100000000000         8.67704774124     
       82  -0.917304560279       -0.500000000000E-001    8.67704774124     
       83  -0.917304560279         0.00000000000         8.67704774124     
       84  -0.917304560279        0.500000000000E-001    8.67704774124     
       85  -0.917304560279        0.100000000000         8.67704774124     
       86  -0.917304560279        0.150000000000         8.67704774124     
       87  -0.917304560279        0.200000000000         8.67704774124     
       88  -0.917304560279        0.250000000000         8.67704774124     
       89  -0.917304560279        0.300000000000         8.67704774124     
       90  -0.917304560279        0.350000000000         8.67704774124     
       91  -0.917304560279        0.400000000000         8.67704774124     
       92  -0.917304560279        0.450000000000         8.67704774124     
       93  -0.875752840457       -0.400000000000         8.68133988060     
       94  -0.875752840457       -0.300000000000         8.68133988060     
       95  -0.875752840457       -0.200000000000         8.68133988060     
       96  -0.875752840457       -0.100000000000         8.68133988060     
       97  -0.875752840457         0.00000000000         8.68133988060     
       98  -0.875752840457        0.100000000000         8.68133988060     
       99  -0.875752840457        0.200000000000         8.68133988060     
      100  -0.875752840457        0.300000000000         8.68133988060     

 
      101  -0.875752840457        0.400000000000         8.68133988060     
      102  -0.834181048150       -0.450000000000         8.68543304268     
      103  -0.834181048150       -0.400000000000         8.68543304268     
      104  -0.834181048150       -0.350000000000         8.68543304268     
      105  -0.834181048150       -0.300000000000         8.68543304268     
      106  -0.834181048150       -0.250000000000         8.68543304268     
      107  -0.834181048150       -0.200000000000         8.68543304268     
      108  -0.834181048150       -0.150000000000         8.68543304268     
      109  -0.834181048150       -0.100000000000         8.68543304268     
      110  -0.834181048150       -0.500000000000E-001    8.68543304268     
      111  -0.834181048150         0.00000000000         8.68543304268     
      112  -0.834181048150        0.500000000000E-001    8.68543304268     
      113  -0.834181048150        0.100000000000         8.68543304268     
      114  -0.834181048150        0.150000000000         8.68543304268     
      115  -0.834181048150        0.200000000000         8.68543304268     
      116  -0.834181048150        0.250000000000         8.68543304268     
      117  -0.834181048150        0.300000000000         8.68543304268     
      118  -0.834181048150        0.350000000000         8.68543304268     
      119  -0.834181048150        0.400000000000         8.68543304268     
      120  -0.834181048150        0.450000000000         8.68543304268     

 
      121  -0.792590136226       -0.400000000000         8.68932713367     
      122  -0.792590136226       -0.300000000000         8.68932713367     
      123  -0.792590136226       -0.200000000000         8.68932713367     
      124  -0.792590136226       -0.100000000000         8.68932713367     
      125  -0.792590136226         0.00000000000         8.68932713367     
      126  -0.792590136226        0.100000000000         8.68932713367     
      127  -0.792590136226        0.200000000000         8.68932713367     
      128  -0.792590136226        0.300000000000         8.68932713367     
      129  -0.792590136226        0.400000000000         8.68932713367     
      130  -0.750981058004       -0.450000000000         8.69302206431     
      131  -0.750981058004       -0.400000000000         8.69302206431     
      132  -0.750981058004       -0.350000000000         8.69302206431     
      133  -0.750981058004       -0.300000000000         8.69302206431     
      134  -0.750981058004       -0.250000000000         8.69302206431     
      135  -0.750981058004       -0.200000000000         8.69302206431     
      136  -0.750981058004       -0.150000000000         8.69302206431     
      137  -0.750981058004       -0.100000000000         8.69302206431     
      138  -0.750981058004       -0.500000000000E-001    8.69302206431     
      139  -0.750981058004         0.00000000000         8.69302206431     
      140  -0.750981058004        0.500000000000E-001    8.69302206431     

 
      141  -0.750981058004        0.100000000000         8.69302206431     
      142  -0.750981058004        0.150000000000         8.69302206431     
      143  -0.750981058004        0.200000000000         8.69302206431     
      144  -0.750981058004        0.250000000000         8.69302206431     
      145  -0.750981058004        0.300000000000         8.69302206431     
      146  -0.750981058004        0.350000000000         8.69302206431     
      147  -0.750981058004        0.400000000000         8.69302206431     
      148  -0.750981058004        0.450000000000         8.69302206431     
      149  -0.709354767222       -0.400000000000         8.69651774989     
      150  -0.709354767222       -0.300000000000         8.69651774989     
      151  -0.709354767222       -0.200000000000         8.69651774989     
      152  -0.709354767222       -0.100000000000         8.69651774989     
      153  -0.709354767222         0.00000000000         8.69651774989     
      154  -0.709354767222        0.100000000000         8.69651774989     
      155  -0.709354767222        0.200000000000         8.69651774989     
      156  -0.709354767222        0.300000000000         8.69651774989     
      157  -0.709354767222        0.400000000000         8.69651774989     
      158  -0.667712218025       -0.450000000000         8.69981411031     
      159  -0.667712218025       -0.400000000000         8.69981411031     
      160  -0.667712218025       -0.350000000000         8.69981411031     

 
      161  -0.667712218025       -0.300000000000         8.69981411031     
      162  -0.667712218025       -0.250000000000         8.69981411031     
      163  -0.667712218025       -0.200000000000         8.69981411031     
      164  -0.667712218025       -0.150000000000         8.69981411031     
      165  -0.667712218025       -0.100000000000         8.69981411031     
      166  -0.667712218025       -0.500000000000E-001    8.69981411031     
      167  -0.667712218025         0.00000000000         8.69981411031     
      168  -0.667712218025        0.500000000000E-001    8.69981411031     
      169  -0.667712218025        0.100000000000         8.69981411031     
      170  -0.667712218025        0.150000000000         8.69981411031     
      171  -0.667712218025        0.200000000000         8.69981411031     
      172  -0.667712218025        0.250000000000         8.69981411031     
      173  -0.667712218025        0.300000000000         8.69981411031     
      174  -0.667712218025        0.350000000000         8.69981411031     
      175  -0.667712218025        0.400000000000         8.69981411031     
      176  -0.667712218025        0.450000000000         8.69981411031     
      177  -0.626054364937       -0.400000000000         8.70291106999     
      178  -0.626054364937       -0.300000000000         8.70291106999     
      179  -0.626054364937       -0.200000000000         8.70291106999     
      180  -0.626054364937       -0.100000000000         8.70291106999     

 
      181  -0.626054364937         0.00000000000         8.70291106999     
      182  -0.626054364937        0.100000000000         8.70291106999     
      183  -0.626054364937        0.200000000000         8.70291106999     
      184  -0.626054364937        0.300000000000         8.70291106999     
      185  -0.626054364937        0.400000000000         8.70291106999     
      186  -0.584382162842       -0.450000000000         8.70580855795     
      187  -0.584382162842       -0.400000000000         8.70580855795     
      188  -0.584382162842       -0.350000000000         8.70580855795     
      189  -0.584382162842       -0.300000000000         8.70580855795     
      190  -0.584382162842       -0.250000000000         8.70580855795     
      191  -0.584382162842       -0.200000000000         8.70580855795     
      192  -0.584382162842       -0.150000000000         8.70580855795     
      193  -0.584382162842       -0.100000000000         8.70580855795     
      194  -0.584382162842       -0.500000000000E-001    8.70580855795     
      195  -0.584382162842         0.00000000000         8.70580855795     
      196  -0.584382162842        0.500000000000E-001    8.70580855795     
      197  -0.584382162842        0.100000000000         8.70580855795     
      198  -0.584382162842        0.150000000000         8.70580855795     
      199  -0.584382162842        0.200000000000         8.70580855795     
      200  -0.584382162842        0.250000000000         8.70580855795     

 
      201  -0.584382162842        0.300000000000         8.70580855795     
      202  -0.584382162842        0.350000000000         8.70580855795     
      203  -0.584382162842        0.400000000000         8.70580855795     
      204  -0.584382162842        0.450000000000         8.70580855795     
      205  -0.542696566906       -0.400000000000         8.70850650779     
      206  -0.542696566906       -0.300000000000         8.70850650779     
      207  -0.542696566906       -0.200000000000         8.70850650779     
      208  -0.542696566906       -0.100000000000         8.70850650779     
      209  -0.542696566906         0.00000000000         8.70850650779     
      210  -0.542696566906        0.100000000000         8.70850650779     
      211  -0.542696566906        0.200000000000         8.70850650779     
      212  -0.542696566906        0.300000000000         8.70850650779     
      213  -0.542696566906        0.400000000000         8.70850650779     
      214    0.00000000000       -0.500000000000         8.72540000000     
      215  -0.459289014776       -0.500000000000         8.71330355038     
      216  -0.417568969853       -0.500000000000         8.71540253320     
      217  -0.375839354250       -0.500000000000         8.71730175800     
      218  -0.334101124387       -0.500000000000         8.71900118126     
      219  -0.292355236888       -0.500000000000         8.72050076404     
      220  -0.250602648561       -0.500000000000         8.72180047195     

 
      221  -0.208844316378       -0.500000000000         8.72290027522     
      222  -0.167081197448       -0.500000000000         8.72380014864     
      223  -0.125314249000       -0.500000000000         8.72450007158     
      224  -0.835444283571E-001  -0.500000000000         8.72500002799     
      225  -0.417726928651E-001  -0.500000000000         8.72530000642     
      226    0.00000000000        0.500000000000         8.72540000000     
      227    0.00000000000       -0.450000000000         8.72540000000     
      228    0.00000000000       -0.400000000000         8.72540000000     
      229    0.00000000000       -0.350000000000         8.72540000000     
      230    0.00000000000       -0.300000000000         8.72540000000     
      231    0.00000000000       -0.250000000000         8.72540000000     
      232    0.00000000000       -0.200000000000         8.72540000000     
      233    0.00000000000       -0.150000000000         8.72540000000     
      234    0.00000000000       -0.100000000000         8.72540000000     
      235    0.00000000000       -0.500000000000E-001    8.72540000000     
      236    0.00000000000         0.00000000000         8.72540000000     
      237    0.00000000000        0.500000000000E-001    8.72540000000     
      238    0.00000000000        0.100000000000         8.72540000000     
      239    0.00000000000        0.150000000000         8.72540000000     
      240    0.00000000000        0.200000000000         8.72540000000     

 
      241    0.00000000000        0.250000000000         8.72540000000     
      242    0.00000000000        0.300000000000         8.72540000000     
      243    0.00000000000        0.350000000000         8.72540000000     
      244    0.00000000000        0.400000000000         8.72540000000     
      245    0.00000000000        0.450000000000         8.72540000000     
      246  -0.459289014776        0.500000000000         8.71330355038     
      247  -0.417568969853        0.500000000000         8.71540253320     
      248  -0.375839354250        0.500000000000         8.71730175800     
      249  -0.334101124387        0.500000000000         8.71900118126     
      250  -0.292355236888        0.500000000000         8.72050076404     
      251  -0.250602648561        0.500000000000         8.72180047195     
      252  -0.208844316378        0.500000000000         8.72290027522     
      253  -0.167081197448        0.500000000000         8.72380014864     
      254  -0.125314249000        0.500000000000         8.72450007158     
      255  -0.835444283571E-001   0.500000000000         8.72500002799     
      256  -0.417726928651E-001   0.500000000000         8.72530000642     
      257  -0.459289014130       -0.400000000000         8.71330355040     
      258  -0.459289014130       -0.300000000000         8.71330355040     
      259  -0.459289014130       -0.200000000000         8.71330355040     
      260  -0.459289014130       -0.100000000000         8.71330355040     

 
      261  -0.459289014130         0.00000000000         8.71330355040     
      262  -0.459289014130        0.100000000000         8.71330355040     
      263  -0.459289014130        0.200000000000         8.71330355040     
      264  -0.459289014130        0.300000000000         8.71330355040     
      265  -0.459289014130        0.400000000000         8.71330355040     
      266  -0.417568968826       -0.450000000000         8.71540253323     
      267  -0.417568968826       -0.400000000000         8.71540253323     
      268  -0.417568968826       -0.350000000000         8.71540253323     
      269  -0.417568968826       -0.300000000000         8.71540253323     
      270  -0.417568968826       -0.250000000000         8.71540253323     
      271  -0.417568968826       -0.200000000000         8.71540253323     
      272  -0.417568968826       -0.150000000000         8.71540253323     
      273  -0.417568968826       -0.100000000000         8.71540253323     
      274  -0.417568968826       -0.500000000000E-001    8.71540253323     
      275  -0.417568968826         0.00000000000         8.71540253323     
      276  -0.417568968826        0.500000000000E-001    8.71540253323     
      277  -0.417568968826        0.100000000000         8.71540253323     
      278  -0.417568968826        0.150000000000         8.71540253323     
      279  -0.417568968826        0.200000000000         8.71540253323     
      280  -0.417568968826        0.250000000000         8.71540253323     

 
      281  -0.417568968826        0.300000000000         8.71540253323     
      282  -0.417568968826        0.350000000000         8.71540253323     
      283  -0.417568968826        0.400000000000         8.71540253323     
      284  -0.417568968826        0.450000000000         8.71540253323     
      285  -0.375839353062       -0.400000000000         8.71730175804     
      286  -0.375839353062       -0.300000000000         8.71730175804     
      287  -0.375839353062       -0.200000000000         8.71730175804     
      288  -0.375839353062       -0.100000000000         8.71730175804     
      289  -0.375839353062         0.00000000000         8.71730175804     
      290  -0.375839353062        0.100000000000         8.71730175804     
      291  -0.375839353062        0.200000000000         8.71730175804     
      292  -0.375839353062        0.300000000000         8.71730175804     
      293  -0.375839353062        0.400000000000         8.71730175804     
      294  -0.334101123213       -0.450000000000         8.71900118130     
      295  -0.334101123213       -0.400000000000         8.71900118130     
      296  -0.334101123213       -0.350000000000         8.71900118130     
      297  -0.334101123213       -0.300000000000         8.71900118130     
      298  -0.334101123213       -0.250000000000         8.71900118130     
      299  -0.334101123213       -0.200000000000         8.71900118130     
      300  -0.334101123213       -0.150000000000         8.71900118130     

 
      301  -0.334101123213       -0.100000000000         8.71900118130     
      302  -0.334101123213       -0.500000000000E-001    8.71900118130     
      303  -0.334101123213         0.00000000000         8.71900118130     
      304  -0.334101123213        0.500000000000E-001    8.71900118130     
      305  -0.334101123213        0.100000000000         8.71900118130     
      306  -0.334101123213        0.150000000000         8.71900118130     
      307  -0.334101123213        0.200000000000         8.71900118130     
      308  -0.334101123213        0.250000000000         8.71900118130     
      309  -0.334101123213        0.300000000000         8.71900118130     
      310  -0.334101123213        0.350000000000         8.71900118130     
      311  -0.334101123213        0.400000000000         8.71900118130     
      312  -0.334101123213        0.450000000000         8.71900118130     
      313  -0.292355235860       -0.400000000000         8.72050076406     
      314  -0.292355235860       -0.300000000000         8.72050076406     
      315  -0.292355235860       -0.200000000000         8.72050076406     
      316  -0.292355235860       -0.100000000000         8.72050076406     
      317  -0.292355235860         0.00000000000         8.72050076406     
      318  -0.292355235860        0.100000000000         8.72050076406     
      319  -0.292355235860        0.200000000000         8.72050076406     
      320  -0.292355235860        0.300000000000         8.72050076406     

 
      321  -0.292355235860        0.400000000000         8.72050076406     
      322  -0.250602647769       -0.450000000000         8.72180047197     
      323  -0.250602647769       -0.400000000000         8.72180047197     
      324  -0.250602647769       -0.350000000000         8.72180047197     
      325  -0.250602647769       -0.300000000000         8.72180047197     
      326  -0.250602647769       -0.250000000000         8.72180047197     
      327  -0.250602647769       -0.200000000000         8.72180047197     
      328  -0.250602647769       -0.150000000000         8.72180047197     
      329  -0.250602647769       -0.100000000000         8.72180047197     
      330  -0.250602647769       -0.500000000000E-001    8.72180047197     
      331  -0.250602647769         0.00000000000         8.72180047197     
      332  -0.250602647769        0.500000000000E-001    8.72180047197     
      333  -0.250602647769        0.100000000000         8.72180047197     
      334  -0.250602647769        0.150000000000         8.72180047197     
      335  -0.250602647769        0.200000000000         8.72180047197     
      336  -0.250602647769        0.250000000000         8.72180047197     
      337  -0.250602647769        0.300000000000         8.72180047197     
      338  -0.250602647769        0.350000000000         8.72180047197     
      339  -0.250602647769        0.400000000000         8.72180047197     
      340  -0.250602647769        0.450000000000         8.72180047197     

 
      341  -0.208844315864       -0.400000000000         8.72290027524     
      342  -0.208844315864       -0.300000000000         8.72290027524     
      343  -0.208844315864       -0.200000000000         8.72290027524     
      344  -0.208844315864       -0.100000000000         8.72290027524     
      345  -0.208844315864         0.00000000000         8.72290027524     
      346  -0.208844315864        0.100000000000         8.72290027524     
      347  -0.208844315864        0.200000000000         8.72290027524     
      348  -0.208844315864        0.300000000000         8.72290027524     
      349  -0.208844315864        0.400000000000         8.72290027524     
      350  -0.167081197213       -0.450000000000         8.72380014865     
      351  -0.167081197213       -0.400000000000         8.72380014865     
      352  -0.167081197213       -0.350000000000         8.72380014865     
      353  -0.167081197213       -0.300000000000         8.72380014865     
      354  -0.167081197213       -0.250000000000         8.72380014865     
      355  -0.167081197213       -0.200000000000         8.72380014865     
      356  -0.167081197213       -0.150000000000         8.72380014865     
      357  -0.167081197213       -0.100000000000         8.72380014865     
      358  -0.167081197213       -0.500000000000E-001    8.72380014865     
      359  -0.167081197213         0.00000000000         8.72380014865     
      360  -0.167081197213        0.500000000000E-001    8.72380014865     

 
      361  -0.167081197213        0.100000000000         8.72380014865     
      362  -0.167081197213        0.150000000000         8.72380014865     
      363  -0.167081197213        0.200000000000         8.72380014865     
      364  -0.167081197213        0.250000000000         8.72380014865     
      365  -0.167081197213        0.300000000000         8.72380014865     
      366  -0.167081197213        0.350000000000         8.72380014865     
      367  -0.167081197213        0.400000000000         8.72380014865     
      368  -0.167081197213        0.450000000000         8.72380014865     
      369  -0.125314249000       -0.400000000000         8.72450007158     
      370  -0.125314249000       -0.300000000000         8.72450007158     
      371  -0.125314249000       -0.200000000000         8.72450007158     
      372  -0.125314249000       -0.100000000000         8.72450007158     
      373  -0.125314249000         0.00000000000         8.72450007158     
      374  -0.125314249000        0.100000000000         8.72450007158     
      375  -0.125314249000        0.200000000000         8.72450007158     
      376  -0.125314249000        0.300000000000         8.72450007158     
      377  -0.125314249000        0.400000000000         8.72450007158     
      378  -0.835444285039E-001  -0.450000000000         8.72500002799     
      379  -0.835444285039E-001  -0.400000000000         8.72500002799     
      380  -0.835444285039E-001  -0.350000000000         8.72500002799     

 
      381  -0.835444285039E-001  -0.300000000000         8.72500002799     
      382  -0.835444285039E-001  -0.250000000000         8.72500002799     
      383  -0.835444285039E-001  -0.200000000000         8.72500002799     
      384  -0.835444285039E-001  -0.150000000000         8.72500002799     
      385  -0.835444285039E-001  -0.100000000000         8.72500002799     
      386  -0.835444285039E-001  -0.500000000000E-001    8.72500002799     
      387  -0.835444285039E-001    0.00000000000         8.72500002799     
      388  -0.835444285039E-001   0.500000000000E-001    8.72500002799     
      389  -0.835444285039E-001   0.100000000000         8.72500002799     
      390  -0.835444285039E-001   0.150000000000         8.72500002799     
      391  -0.835444285039E-001   0.200000000000         8.72500002799     
      392  -0.835444285039E-001   0.250000000000         8.72500002799     
      393  -0.835444285039E-001   0.300000000000         8.72500002799     
      394  -0.835444285039E-001   0.350000000000         8.72500002799     
      395  -0.835444285039E-001   0.400000000000         8.72500002799     
      396  -0.835444285039E-001   0.450000000000         8.72500002799     
      397  -0.417726930266E-001  -0.400000000000         8.72530000642     
      398  -0.417726930266E-001  -0.300000000000         8.72530000642     
      399  -0.417726930266E-001  -0.200000000000         8.72530000642     
      400  -0.417726930266E-001  -0.100000000000         8.72530000642     

 
      401  -0.417726930266E-001    0.00000000000         8.72530000642     
      402  -0.417726930266E-001   0.100000000000         8.72530000642     
      403  -0.417726930266E-001   0.200000000000         8.72530000642     
      404  -0.417726930266E-001   0.300000000000         8.72530000642     
      405  -0.417726930266E-001   0.400000000000         8.72530000642     
      406   0.500998532693       -0.500000000000         8.71100485766     
      407   0.417726929268E-001  -0.500000000000         8.72530000642     
      408   0.835444284683E-001  -0.500000000000         8.72500002799     
      409   0.125314249114       -0.500000000000         8.72450007157     
      410   0.167081197524       -0.500000000000         8.72380014864     
      411   0.208844316414       -0.500000000000         8.72290027522     
      412   0.250602648581       -0.500000000000         8.72180047195     
      413   0.292355236924       -0.500000000000         8.72050076403     
      414   0.334101124463       -0.500000000000         8.71900118126     
      415   0.375839354365       -0.500000000000         8.71730175799     
      416   0.417568969964       -0.500000000000         8.71540253319     
      417   0.459289014837       -0.500000000000         8.71330355038     
      418   0.500998532693        0.500000000000         8.71100485766     
      419   0.500998532693       -0.450000000000         8.71100485766     
      420   0.500998532693       -0.400000000000         8.71100485766     

 
      421   0.500998532693       -0.350000000000         8.71100485766     
      422   0.500998532693       -0.300000000000         8.71100485766     
      423   0.500998532693       -0.250000000000         8.71100485766     
      424   0.500998532693       -0.200000000000         8.71100485766     
      425   0.500998532693       -0.150000000000         8.71100485766     
      426   0.500998532693       -0.100000000000         8.71100485766     
      427   0.500998532693       -0.500000000000E-001    8.71100485766     
      428   0.500998532693         0.00000000000         8.71100485766     
      429   0.500998532693        0.500000000000E-001    8.71100485766     
      430   0.500998532693        0.100000000000         8.71100485766     
      431   0.500998532693        0.150000000000         8.71100485766     
      432   0.500998532693        0.200000000000         8.71100485766     
      433   0.500998532693        0.250000000000         8.71100485766     
      434   0.500998532693        0.300000000000         8.71100485766     
      435   0.500998532693        0.350000000000         8.71100485766     
      436   0.500998532693        0.400000000000         8.71100485766     
      437   0.500998532693        0.450000000000         8.71100485766     
      438   0.417726929268E-001   0.500000000000         8.72530000642     
      439   0.835444284683E-001   0.500000000000         8.72500002799     
      440   0.125314249114        0.500000000000         8.72450007157     

 
      441   0.167081197524        0.500000000000         8.72380014864     
      442   0.208844316414        0.500000000000         8.72290027522     
      443   0.250602648581        0.500000000000         8.72180047195     
      444   0.292355236924        0.500000000000         8.72050076403     
      445   0.334101124463        0.500000000000         8.71900118126     
      446   0.375839354365        0.500000000000         8.71730175799     
      447   0.417568969964        0.500000000000         8.71540253319     
      448   0.459289014837        0.500000000000         8.71330355038     
      449   0.417726930874E-001  -0.400000000000         8.72530000642     
      450   0.417726930874E-001  -0.300000000000         8.72530000642     
      451   0.417726930874E-001  -0.200000000000         8.72530000642     
      452   0.417726930874E-001  -0.100000000000         8.72530000642     
      453   0.417726930874E-001    0.00000000000         8.72530000642     
      454   0.417726930874E-001   0.100000000000         8.72530000642     
      455   0.417726930874E-001   0.200000000000         8.72530000642     
      456   0.417726930874E-001   0.300000000000         8.72530000642     
      457   0.417726930874E-001   0.400000000000         8.72530000642     
      458   0.835444286143E-001  -0.450000000000         8.72500002799     
      459   0.835444286143E-001  -0.400000000000         8.72500002799     
      460   0.835444286143E-001  -0.350000000000         8.72500002799     

 
      461   0.835444286143E-001  -0.300000000000         8.72500002799     
      462   0.835444286143E-001  -0.250000000000         8.72500002799     
      463   0.835444286143E-001  -0.200000000000         8.72500002799     
      464   0.835444286143E-001  -0.150000000000         8.72500002799     
      465   0.835444286143E-001  -0.100000000000         8.72500002799     
      466   0.835444286143E-001  -0.500000000000E-001    8.72500002799     
      467   0.835444286143E-001    0.00000000000         8.72500002799     
      468   0.835444286143E-001   0.500000000000E-001    8.72500002799     
      469   0.835444286143E-001   0.100000000000         8.72500002799     
      470   0.835444286143E-001   0.150000000000         8.72500002799     
      471   0.835444286143E-001   0.200000000000         8.72500002799     
      472   0.835444286143E-001   0.250000000000         8.72500002799     
      473   0.835444286143E-001   0.300000000000         8.72500002799     
      474   0.835444286143E-001   0.350000000000         8.72500002799     
      475   0.835444286143E-001   0.400000000000         8.72500002799     
      476   0.835444286143E-001   0.450000000000         8.72500002799     
      477   0.125314249114       -0.400000000000         8.72450007158     
      478   0.125314249114       -0.300000000000         8.72450007158     
      479   0.125314249114       -0.200000000000         8.72450007158     
      480   0.125314249114       -0.100000000000         8.72450007158     

 
      481   0.125314249114         0.00000000000         8.72450007158     
      482   0.125314249114        0.100000000000         8.72450007158     
      483   0.125314249114        0.200000000000         8.72450007158     
      484   0.125314249114        0.300000000000         8.72450007158     
      485   0.125314249114        0.400000000000         8.72450007158     
      486   0.167081197290       -0.450000000000         8.72380014865     
      487   0.167081197290       -0.400000000000         8.72380014865     
      488   0.167081197290       -0.350000000000         8.72380014865     
      489   0.167081197290       -0.300000000000         8.72380014865     
      490   0.167081197290       -0.250000000000         8.72380014865     
      491   0.167081197290       -0.200000000000         8.72380014865     
      492   0.167081197290       -0.150000000000         8.72380014865     
      493   0.167081197290       -0.100000000000         8.72380014865     
      494   0.167081197290       -0.500000000000E-001    8.72380014865     
      495   0.167081197290         0.00000000000         8.72380014865     
      496   0.167081197290        0.500000000000E-001    8.72380014865     
      497   0.167081197290        0.100000000000         8.72380014865     
      498   0.167081197290        0.150000000000         8.72380014865     
      499   0.167081197290        0.200000000000         8.72380014865     
      500   0.167081197290        0.250000000000         8.72380014865     

 
      501   0.167081197290        0.300000000000         8.72380014865     
      502   0.167081197290        0.350000000000         8.72380014865     
      503   0.167081197290        0.400000000000         8.72380014865     
      504   0.167081197290        0.450000000000         8.72380014865     
      505   0.208844315903       -0.400000000000         8.72290027524     
      506   0.208844315903       -0.300000000000         8.72290027524     
      507   0.208844315903       -0.200000000000         8.72290027524     
      508   0.208844315903       -0.100000000000         8.72290027524     
      509   0.208844315903         0.00000000000         8.72290027524     
      510   0.208844315903        0.100000000000         8.72290027524     
      511   0.208844315903        0.200000000000         8.72290027524     
      512   0.208844315903        0.300000000000         8.72290027524     
      513   0.208844315903        0.400000000000         8.72290027524     
      514   0.250602647793       -0.450000000000         8.72180047197     
      515   0.250602647793       -0.400000000000         8.72180047197     
      516   0.250602647793       -0.350000000000         8.72180047197     
      517   0.250602647793       -0.300000000000         8.72180047197     
      518   0.250602647793       -0.250000000000         8.72180047197     
      519   0.250602647793       -0.200000000000         8.72180047197     
      520   0.250602647793       -0.150000000000         8.72180047197     

 
      521   0.250602647793       -0.100000000000         8.72180047197     
      522   0.250602647793       -0.500000000000E-001    8.72180047197     
      523   0.250602647793         0.00000000000         8.72180047197     
      524   0.250602647793        0.500000000000E-001    8.72180047197     
      525   0.250602647793        0.100000000000         8.72180047197     
      526   0.250602647793        0.150000000000         8.72180047197     
      527   0.250602647793        0.200000000000         8.72180047197     
      528   0.250602647793        0.250000000000         8.72180047197     
      529   0.250602647793        0.300000000000         8.72180047197     
      530   0.250602647793        0.350000000000         8.72180047197     
      531   0.250602647793        0.400000000000         8.72180047197     
      532   0.250602647793        0.450000000000         8.72180047197     
      533   0.292355235902       -0.400000000000         8.72050076406     
      534   0.292355235902       -0.300000000000         8.72050076406     
      535   0.292355235902       -0.200000000000         8.72050076406     
      536   0.292355235902       -0.100000000000         8.72050076406     
      537   0.292355235902         0.00000000000         8.72050076406     
      538   0.292355235902        0.100000000000         8.72050076406     
      539   0.292355235902        0.200000000000         8.72050076406     
      540   0.292355235902        0.300000000000         8.72050076406     

 
      541   0.292355235902        0.400000000000         8.72050076406     
      542   0.334101123295       -0.450000000000         8.71900118129     
      543   0.334101123295       -0.400000000000         8.71900118129     
      544   0.334101123295       -0.350000000000         8.71900118129     
      545   0.334101123295       -0.300000000000         8.71900118129     
      546   0.334101123295       -0.250000000000         8.71900118129     
      547   0.334101123295       -0.200000000000         8.71900118129     
      548   0.334101123295       -0.150000000000         8.71900118129     
      549   0.334101123295       -0.100000000000         8.71900118129     
      550   0.334101123295       -0.500000000000E-001    8.71900118129     
      551   0.334101123295         0.00000000000         8.71900118129     
      552   0.334101123295        0.500000000000E-001    8.71900118129     
      553   0.334101123295        0.100000000000         8.71900118129     
      554   0.334101123295        0.150000000000         8.71900118129     
      555   0.334101123295        0.200000000000         8.71900118129     
      556   0.334101123295        0.250000000000         8.71900118129     
      557   0.334101123295        0.300000000000         8.71900118129     
      558   0.334101123295        0.350000000000         8.71900118129     
      559   0.334101123295        0.400000000000         8.71900118129     
      560   0.334101123295        0.450000000000         8.71900118129     

 
      561   0.375839353183       -0.400000000000         8.71730175803     
      562   0.375839353183       -0.300000000000         8.71730175803     
      563   0.375839353183       -0.200000000000         8.71730175803     
      564   0.375839353183       -0.100000000000         8.71730175803     
      565   0.375839353183         0.00000000000         8.71730175803     
      566   0.375839353183        0.100000000000         8.71730175803     
      567   0.375839353183        0.200000000000         8.71730175803     
      568   0.375839353183        0.300000000000         8.71730175803     
      569   0.375839353183        0.400000000000         8.71730175803     
      570   0.417568968943       -0.450000000000         8.71540253323     
      571   0.417568968943       -0.400000000000         8.71540253323     
      572   0.417568968943       -0.350000000000         8.71540253323     
      573   0.417568968943       -0.300000000000         8.71540253323     
      574   0.417568968943       -0.250000000000         8.71540253323     
      575   0.417568968943       -0.200000000000         8.71540253323     
      576   0.417568968943       -0.150000000000         8.71540253323     
      577   0.417568968943       -0.100000000000         8.71540253323     
      578   0.417568968943       -0.500000000000E-001    8.71540253323     
      579   0.417568968943         0.00000000000         8.71540253323     
      580   0.417568968943        0.500000000000E-001    8.71540253323     

 
      581   0.417568968943        0.100000000000         8.71540253323     
      582   0.417568968943        0.150000000000         8.71540253323     
      583   0.417568968943        0.200000000000         8.71540253323     
      584   0.417568968943        0.250000000000         8.71540253323     
      585   0.417568968943        0.300000000000         8.71540253323     
      586   0.417568968943        0.350000000000         8.71540253323     
      587   0.417568968943        0.400000000000         8.71540253323     
      588   0.417568968943        0.450000000000         8.71540253323     
      589   0.459289014196       -0.400000000000         8.71330355040     
      590   0.459289014196       -0.300000000000         8.71330355040     
      591   0.459289014196       -0.200000000000         8.71330355040     
      592   0.459289014196       -0.100000000000         8.71330355040     
      593   0.459289014196         0.00000000000         8.71330355040     
      594   0.459289014196        0.100000000000         8.71330355040     
      595   0.459289014196        0.200000000000         8.71330355040     
      596   0.459289014196        0.300000000000         8.71330355040     
      597   0.459289014196        0.400000000000         8.71330355040     
      598    1.00034397322       -0.500000000000         8.66786692879     
      599   0.542696567667       -0.500000000000         8.70850650773     
      600   0.584382164024       -0.500000000000         8.70580855786     

 
      601   0.626054366229       -0.500000000000         8.70291106988     
      602   0.667712219178       -0.500000000000         8.69981411020     
      603   0.709354768089       -0.500000000000         8.69651774981     
      604   0.750981058521       -0.500000000000         8.69302206426     
      605   0.792590136399       -0.500000000000         8.68932713366     
      606   0.834181048033       -0.500000000000         8.68543304271     
      607   0.875752840142       -0.500000000000         8.68133988065     
      608   0.917304559874       -0.500000000000         8.67704774130     
      609   0.958835254885       -0.500000000000         8.67255672303     
      610    1.00034397322        0.500000000000         8.66786692879     
      611    1.00034397322       -0.450000000000         8.66786692879     
      612    1.00034397322       -0.400000000000         8.66786692879     
      613    1.00034397322       -0.350000000000         8.66786692879     
      614    1.00034397322       -0.300000000000         8.66786692879     
      615    1.00034397322       -0.250000000000         8.66786692879     
      616    1.00034397322       -0.200000000000         8.66786692879     
      617    1.00034397322       -0.150000000000         8.66786692879     
      618    1.00034397322       -0.100000000000         8.66786692879     
      619    1.00034397322       -0.500000000000E-001    8.66786692879     
      620    1.00034397322         0.00000000000         8.66786692879     

 
      621    1.00034397322        0.500000000000E-001    8.66786692879     
      622    1.00034397322        0.100000000000         8.66786692879     
      623    1.00034397322        0.150000000000         8.66786692879     
      624    1.00034397322        0.200000000000         8.66786692879     
      625    1.00034397322        0.250000000000         8.66786692879     
      626    1.00034397322        0.300000000000         8.66786692879     
      627    1.00034397322        0.350000000000         8.66786692879     
      628    1.00034397322        0.400000000000         8.66786692879     
      629    1.00034397322        0.450000000000         8.66786692879     
      630   0.542696567667        0.500000000000         8.70850650773     
      631   0.584382164024        0.500000000000         8.70580855786     
      632   0.626054366229        0.500000000000         8.70291106988     
      633   0.667712219178        0.500000000000         8.69981411020     
      634   0.709354768089        0.500000000000         8.69651774981     
      635   0.750981058521        0.500000000000         8.69302206426     
      636   0.792590136399        0.500000000000         8.68932713366     
      637   0.834181048033        0.500000000000         8.68543304271     
      638   0.875752840142        0.500000000000         8.68133988065     
      639   0.917304559874        0.500000000000         8.67704774130     
      640   0.958835254885        0.500000000000         8.67255672303     

 
      641   0.542696567229       -0.400000000000         8.70850650777     
      642   0.542696567229       -0.300000000000         8.70850650777     
      643   0.542696567229       -0.200000000000         8.70850650777     
      644   0.542696567229       -0.100000000000         8.70850650777     
      645   0.542696567229         0.00000000000         8.70850650777     
      646   0.542696567229        0.100000000000         8.70850650777     
      647   0.542696567229        0.200000000000         8.70850650777     
      648   0.542696567229        0.300000000000         8.70850650777     
      649   0.542696567229        0.400000000000         8.70850650777     
      650   0.584382163192       -0.450000000000         8.70580855793     
      651   0.584382163192       -0.400000000000         8.70580855793     
      652   0.584382163192       -0.350000000000         8.70580855793     
      653   0.584382163192       -0.300000000000         8.70580855793     
      654   0.584382163192       -0.250000000000         8.70580855793     
      655   0.584382163192       -0.200000000000         8.70580855793     
      656   0.584382163192       -0.150000000000         8.70580855793     
      657   0.584382163192       -0.100000000000         8.70580855793     
      658   0.584382163192       -0.500000000000E-001    8.70580855793     
      659   0.584382163192         0.00000000000         8.70580855793     
      660   0.584382163192        0.500000000000E-001    8.70580855793     

 
      661   0.584382163192        0.100000000000         8.70580855793     
      662   0.584382163192        0.150000000000         8.70580855793     
      663   0.584382163192        0.200000000000         8.70580855793     
      664   0.584382163192        0.250000000000         8.70580855793     
      665   0.584382163192        0.300000000000         8.70580855793     
      666   0.584382163192        0.350000000000         8.70580855793     
      667   0.584382163192        0.400000000000         8.70580855793     
      668   0.584382163192        0.450000000000         8.70580855793     
      669   0.626054365058       -0.400000000000         8.70291106998     
      670   0.626054365058       -0.300000000000         8.70291106998     
      671   0.626054365058       -0.200000000000         8.70291106998     
      672   0.626054365058       -0.100000000000         8.70291106998     
      673   0.626054365058         0.00000000000         8.70291106998     
      674   0.626054365058        0.100000000000         8.70291106998     
      675   0.626054365058        0.200000000000         8.70291106998     
      676   0.626054365058        0.300000000000         8.70291106998     
      677   0.626054365058        0.400000000000         8.70291106998     
      678   0.667712217734       -0.450000000000         8.69981411033     
      679   0.667712217734       -0.400000000000         8.69981411033     
      680   0.667712217734       -0.350000000000         8.69981411033     

 
      681   0.667712217734       -0.300000000000         8.69981411033     
      682   0.667712217734       -0.250000000000         8.69981411033     
      683   0.667712217734       -0.200000000000         8.69981411033     
      684   0.667712217734       -0.150000000000         8.69981411033     
      685   0.667712217734       -0.100000000000         8.69981411033     
      686   0.667712217734       -0.500000000000E-001    8.69981411033     
      687   0.667712217734         0.00000000000         8.69981411033     
      688   0.667712217734        0.500000000000E-001    8.69981411033     
      689   0.667712217734        0.100000000000         8.69981411033     
      690   0.667712217734        0.150000000000         8.69981411033     
      691   0.667712217734        0.200000000000         8.69981411033     
      692   0.667712217734        0.250000000000         8.69981411033     
      693   0.667712217734        0.300000000000         8.69981411033     
      694   0.667712217734        0.350000000000         8.69981411033     
      695   0.667712217734        0.400000000000         8.69981411033     
      696   0.667712217734        0.450000000000         8.69981411033     
      697   0.709354766447       -0.400000000000         8.69651774996     
      698   0.709354766447       -0.300000000000         8.69651774996     
      699   0.709354766447       -0.200000000000         8.69651774996     
      700   0.709354766447       -0.100000000000         8.69651774996     

 
      701   0.709354766447         0.00000000000         8.69651774996     
      702   0.709354766447        0.100000000000         8.69651774996     
      703   0.709354766447        0.200000000000         8.69651774996     
      704   0.709354766447        0.300000000000         8.69651774996     
      705   0.709354766447        0.400000000000         8.69651774996     
      706   0.750981056769       -0.450000000000         8.69302206441     
      707   0.750981056769       -0.400000000000         8.69302206441     
      708   0.750981056769       -0.350000000000         8.69302206441     
      709   0.750981056769       -0.300000000000         8.69302206441     
      710   0.750981056769       -0.250000000000         8.69302206441     
      711   0.750981056769       -0.200000000000         8.69302206441     
      712   0.750981056769       -0.150000000000         8.69302206441     
      713   0.750981056769       -0.100000000000         8.69302206441     
      714   0.750981056769       -0.500000000000E-001    8.69302206441     
      715   0.750981056769         0.00000000000         8.69302206441     
      716   0.750981056769        0.500000000000E-001    8.69302206441     
      717   0.750981056769        0.100000000000         8.69302206441     
      718   0.750981056769        0.150000000000         8.69302206441     
      719   0.750981056769        0.200000000000         8.69302206441     
      720   0.750981056769        0.250000000000         8.69302206441     

 
      721   0.750981056769        0.300000000000         8.69302206441     
      722   0.750981056769        0.350000000000         8.69302206441     
      723   0.750981056769        0.400000000000         8.69302206441     
      724   0.750981056769        0.450000000000         8.69302206441     
      725   0.792590134634       -0.400000000000         8.68932713382     
      726   0.792590134634       -0.300000000000         8.68932713382     
      727   0.792590134634       -0.200000000000         8.68932713382     
      728   0.792590134634       -0.100000000000         8.68932713382     
      729   0.792590134634         0.00000000000         8.68932713382     
      730   0.792590134634        0.100000000000         8.68932713382     
      731   0.792590134634        0.200000000000         8.68932713382     
      732   0.792590134634        0.300000000000         8.68932713382     
      733   0.792590134634        0.400000000000         8.68932713382     
      734   0.834181046362       -0.450000000000         8.68543304285     
      735   0.834181046362       -0.400000000000         8.68543304285     
      736   0.834181046362       -0.350000000000         8.68543304285     
      737   0.834181046362       -0.300000000000         8.68543304285     
      738   0.834181046362       -0.250000000000         8.68543304285     
      739   0.834181046362       -0.200000000000         8.68543304285     
      740   0.834181046362       -0.150000000000         8.68543304285     

 
      741   0.834181046362       -0.100000000000         8.68543304285     
      742   0.834181046362       -0.500000000000E-001    8.68543304285     
      743   0.834181046362         0.00000000000         8.68543304285     
      744   0.834181046362        0.500000000000E-001    8.68543304285     
      745   0.834181046362        0.100000000000         8.68543304285     
      746   0.834181046362        0.150000000000         8.68543304285     
      747   0.834181046362        0.200000000000         8.68543304285     
      748   0.834181046362        0.250000000000         8.68543304285     
      749   0.834181046362        0.300000000000         8.68543304285     
      750   0.834181046362        0.350000000000         8.68543304285     
      751   0.834181046362        0.400000000000         8.68543304285     
      752   0.834181046362        0.450000000000         8.68543304285     
      753   0.875752838685       -0.400000000000         8.68133988078     
      754   0.875752838685       -0.300000000000         8.68133988078     
      755   0.875752838685       -0.200000000000         8.68133988078     
      756   0.875752838685       -0.100000000000         8.68133988078     
      757   0.875752838685         0.00000000000         8.68133988078     
      758   0.875752838685        0.100000000000         8.68133988078     
      759   0.875752838685        0.200000000000         8.68133988078     
      760   0.875752838685        0.300000000000         8.68133988078     

 
      761   0.875752838685        0.400000000000         8.68133988078     
      762   0.917304558760       -0.450000000000         8.67704774140     
      763   0.917304558760       -0.400000000000         8.67704774140     
      764   0.917304558760       -0.350000000000         8.67704774140     
      765   0.917304558760       -0.300000000000         8.67704774140     
      766   0.917304558760       -0.250000000000         8.67704774140     
      767   0.917304558760       -0.200000000000         8.67704774140     
      768   0.917304558760       -0.150000000000         8.67704774140     
      769   0.917304558760       -0.100000000000         8.67704774140     
      770   0.917304558760       -0.500000000000E-001    8.67704774140     
      771   0.917304558760         0.00000000000         8.67704774140     
      772   0.917304558760        0.500000000000E-001    8.67704774140     
      773   0.917304558760        0.100000000000         8.67704774140     
      774   0.917304558760        0.150000000000         8.67704774140     
      775   0.917304558760        0.200000000000         8.67704774140     
      776   0.917304558760        0.250000000000         8.67704774140     
      777   0.917304558760        0.300000000000         8.67704774140     
      778   0.917304558760        0.350000000000         8.67704774140     
      779   0.917304558760        0.400000000000         8.67704774140     
      780   0.917304558760        0.450000000000         8.67704774140     

 
      781   0.958835254252       -0.400000000000         8.67255672309     
      782   0.958835254252       -0.300000000000         8.67255672309     
      783   0.958835254252       -0.200000000000         8.67255672309     
      784   0.958835254252       -0.100000000000         8.67255672309     
      785   0.958835254252         0.00000000000         8.67255672309     
      786   0.958835254252        0.100000000000         8.67255672309     
      787   0.958835254252        0.200000000000         8.67255672309     
      788   0.958835254252        0.300000000000         8.67255672309     
      789   0.958835254252        0.400000000000         8.67255672309     

