
 

 
        1   -1.00032830612       -0.500000000000         7.56898370457     
        2  -0.501245574736       -0.500000000000         7.61832815740     
        3  -0.958873334673       -0.500000000000         7.57434703245     
        4  -0.917389620471       -0.500000000000         7.57948331512     
        5  -0.875878407009       -0.500000000000         7.58439239861     
        6  -0.834340938642       -0.500000000000         7.58907413576     
        7  -0.792778460447       -0.500000000000         7.59352838624     
        8  -0.751192218260       -0.500000000000         7.59775501653     
        9  -0.709583458645       -0.500000000000         7.60175389994     
       10  -0.667953428857       -0.500000000000         7.60552491659     
       11  -0.626303376800       -0.500000000000         7.60906795346     
       12  -0.584634550992       -0.500000000000         7.61238290431     
       13  -0.542948200439       -0.500000000000         7.61546966980     
       14  -0.501245574736        0.500000000000         7.61832815740     
       15  -0.501245574736       -0.450000000000         7.61832815740     
       16  -0.501245574736       -0.400000000000         7.61832815740     
       17  -0.501245574736       -0.350000000000         7.61832815740     
       18  -0.501245574736       -0.300000000000         7.61832815740     
       19  -0.501245574736       -0.250000000000         7.61832815740     
       20  -0.501245574736       -0.200000000000         7.61832815740     

 
       21  -0.501245574736       -0.150000000000         7.61832815740     
       22  -0.501245574736       -0.100000000000         7.61832815740     
       23  -0.501245574736       -0.500000000000E-001    7.61832815740     
       24  -0.501245574736         0.00000000000         7.61832815740     
       25  -0.501245574736        0.500000000000E-001    7.61832815740     
       26  -0.501245574736        0.100000000000         7.61832815740     
       27  -0.501245574736        0.150000000000         7.61832815740     
       28  -0.501245574736        0.200000000000         7.61832815740     
       29  -0.501245574736        0.250000000000         7.61832815740     
       30  -0.501245574736        0.300000000000         7.61832815740     
       31  -0.501245574736        0.350000000000         7.61832815740     
       32  -0.501245574736        0.400000000000         7.61832815740     
       33  -0.501245574736        0.450000000000         7.61832815740     
       34   -1.00032830612        0.500000000000         7.56898370457     
       35  -0.958873334673        0.500000000000         7.57434703245     
       36  -0.917389620471        0.500000000000         7.57948331512     
       37  -0.875878407009        0.500000000000         7.58439239861     
       38  -0.834340938642        0.500000000000         7.58907413576     
       39  -0.792778460447        0.500000000000         7.59352838624     
       40  -0.751192218260        0.500000000000         7.59775501653     

 
       41  -0.709583458645        0.500000000000         7.60175389994     
       42  -0.667953428857        0.500000000000         7.60552491659     
       43  -0.626303376800        0.500000000000         7.60906795346     
       44  -0.584634550992        0.500000000000         7.61238290431     
       45  -0.542948200439        0.500000000000         7.61546966980     
       46   -1.00032830612       -0.450000000000         7.56898370457     
       47   -1.00032830612       -0.400000000000         7.56898370457     
       48   -1.00032830612       -0.350000000000         7.56898370457     
       49   -1.00032830612       -0.300000000000         7.56898370457     
       50   -1.00032830612       -0.250000000000         7.56898370457     
       51   -1.00032830612       -0.200000000000         7.56898370457     
       52   -1.00032830612       -0.150000000000         7.56898370457     
       53   -1.00032830612       -0.100000000000         7.56898370457     
       54   -1.00032830612       -0.500000000000E-001    7.56898370457     
       55   -1.00032830612         0.00000000000         7.56898370457     
       56   -1.00032830612        0.500000000000E-001    7.56898370457     
       57   -1.00032830612        0.100000000000         7.56898370457     
       58   -1.00032830612        0.150000000000         7.56898370457     
       59   -1.00032830612        0.200000000000         7.56898370457     
       60   -1.00032830612        0.250000000000         7.56898370457     

 
       61   -1.00032830612        0.300000000000         7.56898370457     
       62   -1.00032830612        0.350000000000         7.56898370457     
       63   -1.00032830612        0.400000000000         7.56898370457     
       64   -1.00032830612        0.450000000000         7.56898370457     
       65  -0.958873334637       -0.400000000000         7.57434703246     
       66  -0.958873334637       -0.300000000000         7.57434703246     
       67  -0.958873334637       -0.200000000000         7.57434703246     
       68  -0.958873334637       -0.100000000000         7.57434703246     
       69  -0.958873334637         0.00000000000         7.57434703246     
       70  -0.958873334637        0.100000000000         7.57434703246     
       71  -0.958873334637        0.200000000000         7.57434703246     
       72  -0.958873334637        0.300000000000         7.57434703246     
       73  -0.958873334637        0.400000000000         7.57434703246     
       74  -0.917389620462       -0.450000000000         7.57948331513     
       75  -0.917389620462       -0.400000000000         7.57948331513     
       76  -0.917389620462       -0.350000000000         7.57948331513     
       77  -0.917389620462       -0.300000000000         7.57948331513     
       78  -0.917389620462       -0.250000000000         7.57948331513     
       79  -0.917389620462       -0.200000000000         7.57948331513     
       80  -0.917389620462       -0.150000000000         7.57948331513     

 
       81  -0.917389620462       -0.100000000000         7.57948331513     
       82  -0.917389620462       -0.500000000000E-001    7.57948331513     
       83  -0.917389620462         0.00000000000         7.57948331513     
       84  -0.917389620462        0.500000000000E-001    7.57948331513     
       85  -0.917389620462        0.100000000000         7.57948331513     
       86  -0.917389620462        0.150000000000         7.57948331513     
       87  -0.917389620462        0.200000000000         7.57948331513     
       88  -0.917389620462        0.250000000000         7.57948331513     
       89  -0.917389620462        0.300000000000         7.57948331513     
       90  -0.917389620462        0.350000000000         7.57948331513     
       91  -0.917389620462        0.400000000000         7.57948331513     
       92  -0.917389620462        0.450000000000         7.57948331513     
       93  -0.875878407072       -0.400000000000         7.58439239861     
       94  -0.875878407072       -0.300000000000         7.58439239861     
       95  -0.875878407072       -0.200000000000         7.58439239861     
       96  -0.875878407072       -0.100000000000         7.58439239861     
       97  -0.875878407072         0.00000000000         7.58439239861     
       98  -0.875878407072        0.100000000000         7.58439239861     
       99  -0.875878407072        0.200000000000         7.58439239861     
      100  -0.875878407072        0.300000000000         7.58439239861     

 
      101  -0.875878407072        0.400000000000         7.58439239861     
      102  -0.834340938807       -0.450000000000         7.58907413575     
      103  -0.834340938807       -0.400000000000         7.58907413575     
      104  -0.834340938807       -0.350000000000         7.58907413575     
      105  -0.834340938807       -0.300000000000         7.58907413575     
      106  -0.834340938807       -0.250000000000         7.58907413575     
      107  -0.834340938807       -0.200000000000         7.58907413575     
      108  -0.834340938807       -0.150000000000         7.58907413575     
      109  -0.834340938807       -0.100000000000         7.58907413575     
      110  -0.834340938807       -0.500000000000E-001    7.58907413575     
      111  -0.834340938807         0.00000000000         7.58907413575     
      112  -0.834340938807        0.500000000000E-001    7.58907413575     
      113  -0.834340938807        0.100000000000         7.58907413575     
      114  -0.834340938807        0.150000000000         7.58907413575     
      115  -0.834340938807        0.200000000000         7.58907413575     
      116  -0.834340938807        0.250000000000         7.58907413575     
      117  -0.834340938807        0.300000000000         7.58907413575     
      118  -0.834340938807        0.350000000000         7.58907413575     
      119  -0.834340938807        0.400000000000         7.58907413575     
      120  -0.834340938807        0.450000000000         7.58907413575     

 
      121  -0.792778460724       -0.400000000000         7.59352838621     
      122  -0.792778460724       -0.300000000000         7.59352838621     
      123  -0.792778460724       -0.200000000000         7.59352838621     
      124  -0.792778460724       -0.100000000000         7.59352838621     
      125  -0.792778460724         0.00000000000         7.59352838621     
      126  -0.792778460724        0.100000000000         7.59352838621     
      127  -0.792778460724        0.200000000000         7.59352838621     
      128  -0.792778460724        0.300000000000         7.59352838621     
      129  -0.792778460724        0.400000000000         7.59352838621     
      130  -0.751192218646       -0.450000000000         7.59775501649     
      131  -0.751192218646       -0.400000000000         7.59775501649     
      132  -0.751192218646       -0.350000000000         7.59775501649     
      133  -0.751192218646       -0.300000000000         7.59775501649     
      134  -0.751192218646       -0.250000000000         7.59775501649     
      135  -0.751192218646       -0.200000000000         7.59775501649     
      136  -0.751192218646       -0.150000000000         7.59775501649     
      137  -0.751192218646       -0.100000000000         7.59775501649     
      138  -0.751192218646       -0.500000000000E-001    7.59775501649     
      139  -0.751192218646         0.00000000000         7.59775501649     
      140  -0.751192218646        0.500000000000E-001    7.59775501649     

 
      141  -0.751192218646        0.100000000000         7.59775501649     
      142  -0.751192218646        0.150000000000         7.59775501649     
      143  -0.751192218646        0.200000000000         7.59775501649     
      144  -0.751192218646        0.250000000000         7.59775501649     
      145  -0.751192218646        0.300000000000         7.59775501649     
      146  -0.751192218646        0.350000000000         7.59775501649     
      147  -0.751192218646        0.400000000000         7.59775501649     
      148  -0.751192218646        0.450000000000         7.59775501649     
      149  -0.709583459120       -0.400000000000         7.60175389989     
      150  -0.709583459120       -0.300000000000         7.60175389989     
      151  -0.709583459120       -0.200000000000         7.60175389989     
      152  -0.709583459120       -0.100000000000         7.60175389989     
      153  -0.709583459120         0.00000000000         7.60175389989     
      154  -0.709583459120        0.100000000000         7.60175389989     
      155  -0.709583459120        0.200000000000         7.60175389989     
      156  -0.709583459120        0.300000000000         7.60175389989     
      157  -0.709583459120        0.400000000000         7.60175389989     
      158  -0.667953429380       -0.450000000000         7.60552491654     
      159  -0.667953429380       -0.400000000000         7.60552491654     
      160  -0.667953429380       -0.350000000000         7.60552491654     

 
      161  -0.667953429380       -0.300000000000         7.60552491654     
      162  -0.667953429380       -0.250000000000         7.60552491654     
      163  -0.667953429380       -0.200000000000         7.60552491654     
      164  -0.667953429380       -0.150000000000         7.60552491654     
      165  -0.667953429380       -0.100000000000         7.60552491654     
      166  -0.667953429380       -0.500000000000E-001    7.60552491654     
      167  -0.667953429380         0.00000000000         7.60552491654     
      168  -0.667953429380        0.500000000000E-001    7.60552491654     
      169  -0.667953429380        0.100000000000         7.60552491654     
      170  -0.667953429380        0.150000000000         7.60552491654     
      171  -0.667953429380        0.200000000000         7.60552491654     
      172  -0.667953429380        0.250000000000         7.60552491654     
      173  -0.667953429380        0.300000000000         7.60552491654     
      174  -0.667953429380        0.350000000000         7.60552491654     
      175  -0.667953429380        0.400000000000         7.60552491654     
      176  -0.667953429380        0.450000000000         7.60552491654     
      177  -0.626303377317       -0.400000000000         7.60906795341     
      178  -0.626303377317       -0.300000000000         7.60906795341     
      179  -0.626303377317       -0.200000000000         7.60906795341     
      180  -0.626303377317       -0.100000000000         7.60906795341     

 
      181  -0.626303377317         0.00000000000         7.60906795341     
      182  -0.626303377317        0.100000000000         7.60906795341     
      183  -0.626303377317        0.200000000000         7.60906795341     
      184  -0.626303377317        0.300000000000         7.60906795341     
      185  -0.626303377317        0.400000000000         7.60906795341     
      186  -0.584634551431       -0.450000000000         7.61238290427     
      187  -0.584634551431       -0.400000000000         7.61238290427     
      188  -0.584634551431       -0.350000000000         7.61238290427     
      189  -0.584634551431       -0.300000000000         7.61238290427     
      190  -0.584634551431       -0.250000000000         7.61238290427     
      191  -0.584634551431       -0.200000000000         7.61238290427     
      192  -0.584634551431       -0.150000000000         7.61238290427     
      193  -0.584634551431       -0.100000000000         7.61238290427     
      194  -0.584634551431       -0.500000000000E-001    7.61238290427     
      195  -0.584634551431         0.00000000000         7.61238290427     
      196  -0.584634551431        0.500000000000E-001    7.61238290427     
      197  -0.584634551431        0.100000000000         7.61238290427     
      198  -0.584634551431        0.150000000000         7.61238290427     
      199  -0.584634551431        0.200000000000         7.61238290427     
      200  -0.584634551431        0.250000000000         7.61238290427     

 
      201  -0.584634551431        0.300000000000         7.61238290427     
      202  -0.584634551431        0.350000000000         7.61238290427     
      203  -0.584634551431        0.400000000000         7.61238290427     
      204  -0.584634551431        0.450000000000         7.61238290427     
      205  -0.542948200712       -0.400000000000         7.61546966978     
      206  -0.542948200712       -0.300000000000         7.61546966978     
      207  -0.542948200712       -0.200000000000         7.61546966978     
      208  -0.542948200712       -0.100000000000         7.61546966978     
      209  -0.542948200712         0.00000000000         7.61546966978     
      210  -0.542948200712        0.100000000000         7.61546966978     
      211  -0.542948200712        0.200000000000         7.61546966978     
      212  -0.542948200712        0.300000000000         7.61546966978     
      213  -0.542948200712        0.400000000000         7.61546966978     
      214    0.00000000000       -0.500000000000         7.63480000000     
      215  -0.459527923900       -0.500000000000         7.62095828142     
      216  -0.417796498462       -0.500000000000         7.62335996302     
      217  -0.376052549341       -0.500000000000         7.62553313022     
      218  -0.334297327872       -0.500000000000         7.62747771787     
      219  -0.292532085657       -0.500000000000         7.62919366767     
      220  -0.250758074609       -0.500000000000         7.63068092820     

 
      221  -0.208976546923       -0.500000000000         7.63193945487     
      222  -0.167188755031       -0.500000000000         7.63296920995     
      223  -0.125395951566       -0.500000000000         7.63377016259     
      224  -0.835993893264E-001  -0.500000000000         7.63434228876     
      225  -0.418003211466E-001  -0.500000000000         7.63468557133     
      226    0.00000000000        0.500000000000         7.63480000000     
      227    0.00000000000       -0.450000000000         7.63480000000     
      228    0.00000000000       -0.400000000000         7.63480000000     
      229    0.00000000000       -0.350000000000         7.63480000000     
      230    0.00000000000       -0.300000000000         7.63480000000     
      231    0.00000000000       -0.250000000000         7.63480000000     
      232    0.00000000000       -0.200000000000         7.63480000000     
      233    0.00000000000       -0.150000000000         7.63480000000     
      234    0.00000000000       -0.100000000000         7.63480000000     
      235    0.00000000000       -0.500000000000E-001    7.63480000000     
      236    0.00000000000         0.00000000000         7.63480000000     
      237    0.00000000000        0.500000000000E-001    7.63480000000     
      238    0.00000000000        0.100000000000         7.63480000000     
      239    0.00000000000        0.150000000000         7.63480000000     
      240    0.00000000000        0.200000000000         7.63480000000     

 
      241    0.00000000000        0.250000000000         7.63480000000     
      242    0.00000000000        0.300000000000         7.63480000000     
      243    0.00000000000        0.350000000000         7.63480000000     
      244    0.00000000000        0.400000000000         7.63480000000     
      245    0.00000000000        0.450000000000         7.63480000000     
      246  -0.459527923900        0.500000000000         7.62095828142     
      247  -0.417796498462        0.500000000000         7.62335996302     
      248  -0.376052549341        0.500000000000         7.62553313022     
      249  -0.334297327872        0.500000000000         7.62747771787     
      250  -0.292532085657        0.500000000000         7.62919366767     
      251  -0.250758074609        0.500000000000         7.63068092820     
      252  -0.208976546923        0.500000000000         7.63193945487     
      253  -0.167188755031        0.500000000000         7.63296920995     
      254  -0.125395951566        0.500000000000         7.63377016259     
      255  -0.835993893264E-001   0.500000000000         7.63434228876     
      256  -0.418003211466E-001   0.500000000000         7.63468557133     
      257  -0.459527924320       -0.400000000000         7.62095828140     
      258  -0.459527924320       -0.300000000000         7.62095828140     
      259  -0.459527924320       -0.200000000000         7.62095828140     
      260  -0.459527924320       -0.100000000000         7.62095828140     

 
      261  -0.459527924320         0.00000000000         7.62095828140     
      262  -0.459527924320        0.100000000000         7.62095828140     
      263  -0.459527924320        0.200000000000         7.62095828140     
      264  -0.459527924320        0.300000000000         7.62095828140     
      265  -0.459527924320        0.400000000000         7.62095828140     
      266  -0.417796499041       -0.450000000000         7.62335996299     
      267  -0.417796499041       -0.400000000000         7.62335996299     
      268  -0.417796499041       -0.350000000000         7.62335996299     
      269  -0.417796499041       -0.300000000000         7.62335996299     
      270  -0.417796499041       -0.250000000000         7.62335996299     
      271  -0.417796499041       -0.200000000000         7.62335996299     
      272  -0.417796499041       -0.150000000000         7.62335996299     
      273  -0.417796499041       -0.100000000000         7.62335996299     
      274  -0.417796499041       -0.500000000000E-001    7.62335996299     
      275  -0.417796499041         0.00000000000         7.62335996299     
      276  -0.417796499041        0.500000000000E-001    7.62335996299     
      277  -0.417796499041        0.100000000000         7.62335996299     
      278  -0.417796499041        0.150000000000         7.62335996299     
      279  -0.417796499041        0.200000000000         7.62335996299     
      280  -0.417796499041        0.250000000000         7.62335996299     

 
      281  -0.417796499041        0.300000000000         7.62335996299     
      282  -0.417796499041        0.350000000000         7.62335996299     
      283  -0.417796499041        0.400000000000         7.62335996299     
      284  -0.417796499041        0.450000000000         7.62335996299     
      285  -0.376052549876       -0.400000000000         7.62553313020     
      286  -0.376052549876       -0.300000000000         7.62553313020     
      287  -0.376052549876       -0.200000000000         7.62553313020     
      288  -0.376052549876       -0.100000000000         7.62553313020     
      289  -0.376052549876         0.00000000000         7.62553313020     
      290  -0.376052549876        0.100000000000         7.62553313020     
      291  -0.376052549876        0.200000000000         7.62553313020     
      292  -0.376052549876        0.300000000000         7.62553313020     
      293  -0.376052549876        0.400000000000         7.62553313020     
      294  -0.334297328212       -0.450000000000         7.62747771785     
      295  -0.334297328212       -0.400000000000         7.62747771785     
      296  -0.334297328212       -0.350000000000         7.62747771785     
      297  -0.334297328212       -0.300000000000         7.62747771785     
      298  -0.334297328212       -0.250000000000         7.62747771785     
      299  -0.334297328212       -0.200000000000         7.62747771785     
      300  -0.334297328212       -0.150000000000         7.62747771785     

 
      301  -0.334297328212       -0.100000000000         7.62747771785     
      302  -0.334297328212       -0.500000000000E-001    7.62747771785     
      303  -0.334297328212         0.00000000000         7.62747771785     
      304  -0.334297328212        0.500000000000E-001    7.62747771785     
      305  -0.334297328212        0.100000000000         7.62747771785     
      306  -0.334297328212        0.150000000000         7.62747771785     
      307  -0.334297328212        0.200000000000         7.62747771785     
      308  -0.334297328212        0.250000000000         7.62747771785     
      309  -0.334297328212        0.300000000000         7.62747771785     
      310  -0.334297328212        0.350000000000         7.62747771785     
      311  -0.334297328212        0.400000000000         7.62747771785     
      312  -0.334297328212        0.450000000000         7.62747771785     
      313  -0.292532085707       -0.400000000000         7.62919366767     
      314  -0.292532085707       -0.300000000000         7.62919366767     
      315  -0.292532085707       -0.200000000000         7.62919366767     
      316  -0.292532085707       -0.100000000000         7.62919366767     
      317  -0.292532085707         0.00000000000         7.62919366767     
      318  -0.292532085707        0.100000000000         7.62919366767     
      319  -0.292532085707        0.200000000000         7.62919366767     
      320  -0.292532085707        0.300000000000         7.62919366767     

 
      321  -0.292532085707        0.400000000000         7.62919366767     
      322  -0.250758074330       -0.450000000000         7.63068092821     
      323  -0.250758074330       -0.400000000000         7.63068092821     
      324  -0.250758074330       -0.350000000000         7.63068092821     
      325  -0.250758074330       -0.300000000000         7.63068092821     
      326  -0.250758074330       -0.250000000000         7.63068092821     
      327  -0.250758074330       -0.200000000000         7.63068092821     
      328  -0.250758074330       -0.150000000000         7.63068092821     
      329  -0.250758074330       -0.100000000000         7.63068092821     
      330  -0.250758074330       -0.500000000000E-001    7.63068092821     
      331  -0.250758074330         0.00000000000         7.63068092821     
      332  -0.250758074330        0.500000000000E-001    7.63068092821     
      333  -0.250758074330        0.100000000000         7.63068092821     
      334  -0.250758074330        0.150000000000         7.63068092821     
      335  -0.250758074330        0.200000000000         7.63068092821     
      336  -0.250758074330        0.250000000000         7.63068092821     
      337  -0.250758074330        0.300000000000         7.63068092821     
      338  -0.250758074330        0.350000000000         7.63068092821     
      339  -0.250758074330        0.400000000000         7.63068092821     
      340  -0.250758074330        0.450000000000         7.63068092821     

 
      341  -0.208976546330       -0.400000000000         7.63193945489     
      342  -0.208976546330       -0.300000000000         7.63193945489     
      343  -0.208976546330       -0.200000000000         7.63193945489     
      344  -0.208976546330       -0.100000000000         7.63193945489     
      345  -0.208976546330         0.00000000000         7.63193945489     
      346  -0.208976546330        0.100000000000         7.63193945489     
      347  -0.208976546330        0.200000000000         7.63193945489     
      348  -0.208976546330        0.300000000000         7.63193945489     
      349  -0.208976546330        0.400000000000         7.63193945489     
      350  -0.167188754194       -0.450000000000         7.63296920998     
      351  -0.167188754194       -0.400000000000         7.63296920998     
      352  -0.167188754194       -0.350000000000         7.63296920998     
      353  -0.167188754194       -0.300000000000         7.63296920998     
      354  -0.167188754194       -0.250000000000         7.63296920998     
      355  -0.167188754194       -0.200000000000         7.63296920998     
      356  -0.167188754194       -0.150000000000         7.63296920998     
      357  -0.167188754194       -0.100000000000         7.63296920998     
      358  -0.167188754194       -0.500000000000E-001    7.63296920998     
      359  -0.167188754194         0.00000000000         7.63296920998     
      360  -0.167188754194        0.500000000000E-001    7.63296920998     

 
      361  -0.167188754194        0.100000000000         7.63296920998     
      362  -0.167188754194        0.150000000000         7.63296920998     
      363  -0.167188754194        0.200000000000         7.63296920998     
      364  -0.167188754194        0.250000000000         7.63296920998     
      365  -0.167188754194        0.300000000000         7.63296920998     
      366  -0.167188754194        0.350000000000         7.63296920998     
      367  -0.167188754194        0.400000000000         7.63296920998     
      368  -0.167188754194        0.450000000000         7.63296920998     
      369  -0.125395950612       -0.400000000000         7.63377016261     
      370  -0.125395950612       -0.300000000000         7.63377016261     
      371  -0.125395950612       -0.200000000000         7.63377016261     
      372  -0.125395950612       -0.100000000000         7.63377016261     
      373  -0.125395950612         0.00000000000         7.63377016261     
      374  -0.125395950612        0.100000000000         7.63377016261     
      375  -0.125395950612        0.200000000000         7.63377016261     
      376  -0.125395950612        0.300000000000         7.63377016261     
      377  -0.125395950612        0.400000000000         7.63377016261     
      378  -0.835993884359E-001  -0.450000000000         7.63434228878     
      379  -0.835993884359E-001  -0.400000000000         7.63434228878     
      380  -0.835993884359E-001  -0.350000000000         7.63434228878     

 
      381  -0.835993884359E-001  -0.300000000000         7.63434228878     
      382  -0.835993884359E-001  -0.250000000000         7.63434228878     
      383  -0.835993884359E-001  -0.200000000000         7.63434228878     
      384  -0.835993884359E-001  -0.150000000000         7.63434228878     
      385  -0.835993884359E-001  -0.100000000000         7.63434228878     
      386  -0.835993884359E-001  -0.500000000000E-001    7.63434228878     
      387  -0.835993884359E-001    0.00000000000         7.63434228878     
      388  -0.835993884359E-001   0.500000000000E-001    7.63434228878     
      389  -0.835993884359E-001   0.100000000000         7.63434228878     
      390  -0.835993884359E-001   0.150000000000         7.63434228878     
      391  -0.835993884359E-001   0.200000000000         7.63434228878     
      392  -0.835993884359E-001   0.250000000000         7.63434228878     
      393  -0.835993884359E-001   0.300000000000         7.63434228878     
      394  -0.835993884359E-001   0.350000000000         7.63434228878     
      395  -0.835993884359E-001   0.400000000000         7.63434228878     
      396  -0.835993884359E-001   0.450000000000         7.63434228878     
      397  -0.418003205557E-001  -0.400000000000         7.63468557134     
      398  -0.418003205557E-001  -0.300000000000         7.63468557134     
      399  -0.418003205557E-001  -0.200000000000         7.63468557134     
      400  -0.418003205557E-001  -0.100000000000         7.63468557134     

 
      401  -0.418003205557E-001    0.00000000000         7.63468557134     
      402  -0.418003205557E-001   0.100000000000         7.63468557134     
      403  -0.418003205557E-001   0.200000000000         7.63468557134     
      404  -0.418003205557E-001   0.300000000000         7.63468557134     
      405  -0.418003205557E-001   0.400000000000         7.63468557134     
      406   0.501245574736       -0.500000000000         7.61832815740     
      407   0.418003211675E-001  -0.500000000000         7.63468557134     
      408   0.835993893474E-001  -0.500000000000         7.63434228878     
      409   0.125395951592       -0.500000000000         7.63377016261     
      410   0.167188754991       -0.500000000000         7.63296920997     
      411   0.208976546815       -0.500000000000         7.63193945488     
      412   0.250758074473       -0.500000000000         7.63068092821     
      413   0.292532085548       -0.500000000000         7.62919366767     
      414   0.334297327832       -0.500000000000         7.62747771786     
      415   0.376052549367       -0.500000000000         7.62553313021     
      416   0.417796498482       -0.500000000000         7.62335996302     
      417   0.459527923920       -0.500000000000         7.62095828141     
      418   0.501245574736        0.500000000000         7.61832815740     
      419   0.501245574736       -0.450000000000         7.61832815740     
      420   0.501245574736       -0.400000000000         7.61832815740     

 
      421   0.501245574736       -0.350000000000         7.61832815740     
      422   0.501245574736       -0.300000000000         7.61832815740     
      423   0.501245574736       -0.250000000000         7.61832815740     
      424   0.501245574736       -0.200000000000         7.61832815740     
      425   0.501245574736       -0.150000000000         7.61832815740     
      426   0.501245574736       -0.100000000000         7.61832815740     
      427   0.501245574736       -0.500000000000E-001    7.61832815740     
      428   0.501245574736         0.00000000000         7.61832815740     
      429   0.501245574736        0.500000000000E-001    7.61832815740     
      430   0.501245574736        0.100000000000         7.61832815740     
      431   0.501245574736        0.150000000000         7.61832815740     
      432   0.501245574736        0.200000000000         7.61832815740     
      433   0.501245574736        0.250000000000         7.61832815740     
      434   0.501245574736        0.300000000000         7.61832815740     
      435   0.501245574736        0.350000000000         7.61832815740     
      436   0.501245574736        0.400000000000         7.61832815740     
      437   0.501245574736        0.450000000000         7.61832815740     
      438   0.418003211675E-001   0.500000000000         7.63468557134     
      439   0.835993893474E-001   0.500000000000         7.63434228878     
      440   0.125395951592        0.500000000000         7.63377016261     

 
      441   0.167188754991        0.500000000000         7.63296920997     
      442   0.208976546815        0.500000000000         7.63193945488     
      443   0.250758074473        0.500000000000         7.63068092821     
      444   0.292532085548        0.500000000000         7.62919366767     
      445   0.334297327832        0.500000000000         7.62747771786     
      446   0.376052549367        0.500000000000         7.62553313021     
      447   0.417796498482        0.500000000000         7.62335996302     
      448   0.459527923920        0.500000000000         7.62095828141     
      449   0.418003216152E-001  -0.400000000000         7.63468557133     
      450   0.418003216152E-001  -0.300000000000         7.63468557133     
      451   0.418003216152E-001  -0.200000000000         7.63468557133     
      452   0.418003216152E-001  -0.100000000000         7.63468557133     
      453   0.418003216152E-001    0.00000000000         7.63468557133     
      454   0.418003216152E-001   0.100000000000         7.63468557133     
      455   0.418003216152E-001   0.200000000000         7.63468557133     
      456   0.418003216152E-001   0.300000000000         7.63468557133     
      457   0.418003216152E-001   0.400000000000         7.63468557133     
      458   0.835993901077E-001  -0.450000000000         7.63434228876     
      459   0.835993901077E-001  -0.400000000000         7.63434228876     
      460   0.835993901077E-001  -0.350000000000         7.63434228876     

 
      461   0.835993901077E-001  -0.300000000000         7.63434228876     
      462   0.835993901077E-001  -0.250000000000         7.63434228876     
      463   0.835993901077E-001  -0.200000000000         7.63434228876     
      464   0.835993901077E-001  -0.150000000000         7.63434228876     
      465   0.835993901077E-001  -0.100000000000         7.63434228876     
      466   0.835993901077E-001  -0.500000000000E-001    7.63434228876     
      467   0.835993901077E-001    0.00000000000         7.63434228876     
      468   0.835993901077E-001   0.500000000000E-001    7.63434228876     
      469   0.835993901077E-001   0.100000000000         7.63434228876     
      470   0.835993901077E-001   0.150000000000         7.63434228876     
      471   0.835993901077E-001   0.200000000000         7.63434228876     
      472   0.835993901077E-001   0.250000000000         7.63434228876     
      473   0.835993901077E-001   0.300000000000         7.63434228876     
      474   0.835993901077E-001   0.350000000000         7.63434228876     
      475   0.835993901077E-001   0.400000000000         7.63434228876     
      476   0.835993901077E-001   0.450000000000         7.63434228876     
      477   0.125395952546       -0.400000000000         7.63377016258     
      478   0.125395952546       -0.300000000000         7.63377016258     
      479   0.125395952546       -0.200000000000         7.63377016258     
      480   0.125395952546       -0.100000000000         7.63377016258     

 
      481   0.125395952546         0.00000000000         7.63377016258     
      482   0.125395952546        0.100000000000         7.63377016258     
      483   0.125395952546        0.200000000000         7.63377016258     
      484   0.125395952546        0.300000000000         7.63377016258     
      485   0.125395952546        0.400000000000         7.63377016258     
      486   0.167188756035       -0.450000000000         7.63296920994     
      487   0.167188756035       -0.400000000000         7.63296920994     
      488   0.167188756035       -0.350000000000         7.63296920994     
      489   0.167188756035       -0.300000000000         7.63296920994     
      490   0.167188756035       -0.250000000000         7.63296920994     
      491   0.167188756035       -0.200000000000         7.63296920994     
      492   0.167188756035       -0.150000000000         7.63296920994     
      493   0.167188756035       -0.100000000000         7.63296920994     
      494   0.167188756035       -0.500000000000E-001    7.63296920994     
      495   0.167188756035         0.00000000000         7.63296920994     
      496   0.167188756035        0.500000000000E-001    7.63296920994     
      497   0.167188756035        0.100000000000         7.63296920994     
      498   0.167188756035        0.150000000000         7.63296920994     
      499   0.167188756035        0.200000000000         7.63296920994     
      500   0.167188756035        0.250000000000         7.63296920994     

 
      501   0.167188756035        0.300000000000         7.63296920994     
      502   0.167188756035        0.350000000000         7.63296920994     
      503   0.167188756035        0.400000000000         7.63296920994     
      504   0.167188756035        0.450000000000         7.63296920994     
      505   0.208976547864       -0.400000000000         7.63193945485     
      506   0.208976547864       -0.300000000000         7.63193945485     
      507   0.208976547864       -0.200000000000         7.63193945485     
      508   0.208976547864       -0.100000000000         7.63193945485     
      509   0.208976547864         0.00000000000         7.63193945485     
      510   0.208976547864        0.100000000000         7.63193945485     
      511   0.208976547864        0.200000000000         7.63193945485     
      512   0.208976547864        0.300000000000         7.63193945485     
      513   0.208976547864        0.400000000000         7.63193945485     
      514   0.250758075455       -0.450000000000         7.63068092817     
      515   0.250758075455       -0.400000000000         7.63068092817     
      516   0.250758075455       -0.350000000000         7.63068092817     
      517   0.250758075455       -0.300000000000         7.63068092817     
      518   0.250758075455       -0.250000000000         7.63068092817     
      519   0.250758075455       -0.200000000000         7.63068092817     
      520   0.250758075455       -0.150000000000         7.63068092817     

 
      521   0.250758075455       -0.100000000000         7.63068092817     
      522   0.250758075455       -0.500000000000E-001    7.63068092817     
      523   0.250758075455         0.00000000000         7.63068092817     
      524   0.250758075455        0.500000000000E-001    7.63068092817     
      525   0.250758075455        0.100000000000         7.63068092817     
      526   0.250758075455        0.150000000000         7.63068092817     
      527   0.250758075455        0.200000000000         7.63068092817     
      528   0.250758075455        0.250000000000         7.63068092817     
      529   0.250758075455        0.300000000000         7.63068092817     
      530   0.250758075455        0.350000000000         7.63068092817     
      531   0.250758075455        0.400000000000         7.63068092817     
      532   0.250758075455        0.450000000000         7.63068092817     
      533   0.292532086409       -0.400000000000         7.62919366764     
      534   0.292532086409       -0.300000000000         7.62919366764     
      535   0.292532086409       -0.200000000000         7.62919366764     
      536   0.292532086409       -0.100000000000         7.62919366764     
      537   0.292532086409         0.00000000000         7.62919366764     
      538   0.292532086409        0.100000000000         7.62919366764     
      539   0.292532086409        0.200000000000         7.62919366764     
      540   0.292532086409        0.300000000000         7.62919366764     

 
      541   0.292532086409        0.400000000000         7.62919366764     
      542   0.334297328533       -0.450000000000         7.62747771784     
      543   0.334297328533       -0.400000000000         7.62747771784     
      544   0.334297328533       -0.350000000000         7.62747771784     
      545   0.334297328533       -0.300000000000         7.62747771784     
      546   0.334297328533       -0.250000000000         7.62747771784     
      547   0.334297328533       -0.200000000000         7.62747771784     
      548   0.334297328533       -0.150000000000         7.62747771784     
      549   0.334297328533       -0.100000000000         7.62747771784     
      550   0.334297328533       -0.500000000000E-001    7.62747771784     
      551   0.334297328533         0.00000000000         7.62747771784     
      552   0.334297328533        0.500000000000E-001    7.62747771784     
      553   0.334297328533        0.100000000000         7.62747771784     
      554   0.334297328533        0.150000000000         7.62747771784     
      555   0.334297328533        0.200000000000         7.62747771784     
      556   0.334297328533        0.250000000000         7.62747771784     
      557   0.334297328533        0.300000000000         7.62747771784     
      558   0.334297328533        0.350000000000         7.62747771784     
      559   0.334297328533        0.400000000000         7.62747771784     
      560   0.334297328533        0.450000000000         7.62747771784     

 
      561   0.376052549886       -0.400000000000         7.62553313020     
      562   0.376052549886       -0.300000000000         7.62553313020     
      563   0.376052549886       -0.200000000000         7.62553313020     
      564   0.376052549886       -0.100000000000         7.62553313020     
      565   0.376052549886         0.00000000000         7.62553313020     
      566   0.376052549886        0.100000000000         7.62553313020     
      567   0.376052549886        0.200000000000         7.62553313020     
      568   0.376052549886        0.300000000000         7.62553313020     
      569   0.376052549886        0.400000000000         7.62553313020     
      570   0.417796498813       -0.450000000000         7.62335996301     
      571   0.417796498813       -0.400000000000         7.62335996301     
      572   0.417796498813       -0.350000000000         7.62335996301     
      573   0.417796498813       -0.300000000000         7.62335996301     
      574   0.417796498813       -0.250000000000         7.62335996301     
      575   0.417796498813       -0.200000000000         7.62335996301     
      576   0.417796498813       -0.150000000000         7.62335996301     
      577   0.417796498813       -0.100000000000         7.62335996301     
      578   0.417796498813       -0.500000000000E-001    7.62335996301     
      579   0.417796498813         0.00000000000         7.62335996301     
      580   0.417796498813        0.500000000000E-001    7.62335996301     

 
      581   0.417796498813        0.100000000000         7.62335996301     
      582   0.417796498813        0.150000000000         7.62335996301     
      583   0.417796498813        0.200000000000         7.62335996301     
      584   0.417796498813        0.250000000000         7.62335996301     
      585   0.417796498813        0.300000000000         7.62335996301     
      586   0.417796498813        0.350000000000         7.62335996301     
      587   0.417796498813        0.400000000000         7.62335996301     
      588   0.417796498813        0.450000000000         7.62335996301     
      589   0.459527924073       -0.400000000000         7.62095828141     
      590   0.459527924073       -0.300000000000         7.62095828141     
      591   0.459527924073       -0.200000000000         7.62095828141     
      592   0.459527924073       -0.100000000000         7.62095828141     
      593   0.459527924073         0.00000000000         7.62095828141     
      594   0.459527924073        0.100000000000         7.62095828141     
      595   0.459527924073        0.200000000000         7.62095828141     
      596   0.459527924073        0.300000000000         7.62095828141     
      597   0.459527924073        0.400000000000         7.62095828141     
      598    1.00032830612       -0.500000000000         7.56898370457     
      599   0.542948200459       -0.500000000000         7.61546966979     
      600   0.584634551012       -0.500000000000         7.61238290430     

 
      601   0.626303376825       -0.500000000000         7.60906795344     
      602   0.667953428817       -0.500000000000         7.60552491659     
      603   0.709583458538       -0.500000000000         7.60175389995     
      604   0.751192218125       -0.500000000000         7.59775501655     
      605   0.792778460339       -0.500000000000         7.59352838625     
      606   0.834340938603       -0.500000000000         7.58907413577     
      607   0.875878407035       -0.500000000000         7.58439239861     
      608   0.917389620492       -0.500000000000         7.57948331512     
      609   0.958873334694       -0.500000000000         7.57434703245     
      610    1.00032830612        0.500000000000         7.56898370457     
      611    1.00032830612       -0.450000000000         7.56898370457     
      612    1.00032830612       -0.400000000000         7.56898370457     
      613    1.00032830612       -0.350000000000         7.56898370457     
      614    1.00032830612       -0.300000000000         7.56898370457     
      615    1.00032830612       -0.250000000000         7.56898370457     
      616    1.00032830612       -0.200000000000         7.56898370457     
      617    1.00032830612       -0.150000000000         7.56898370457     
      618    1.00032830612       -0.100000000000         7.56898370457     
      619    1.00032830612       -0.500000000000E-001    7.56898370457     
      620    1.00032830612         0.00000000000         7.56898370457     

 
      621    1.00032830612        0.500000000000E-001    7.56898370457     
      622    1.00032830612        0.100000000000         7.56898370457     
      623    1.00032830612        0.150000000000         7.56898370457     
      624    1.00032830612        0.200000000000         7.56898370457     
      625    1.00032830612        0.250000000000         7.56898370457     
      626    1.00032830612        0.300000000000         7.56898370457     
      627    1.00032830612        0.350000000000         7.56898370457     
      628    1.00032830612        0.400000000000         7.56898370457     
      629    1.00032830612        0.450000000000         7.56898370457     
      630   0.542948200459        0.500000000000         7.61546966979     
      631   0.584634551012        0.500000000000         7.61238290430     
      632   0.626303376825        0.500000000000         7.60906795344     
      633   0.667953428817        0.500000000000         7.60552491659     
      634   0.709583458538        0.500000000000         7.60175389995     
      635   0.751192218125        0.500000000000         7.59775501655     
      636   0.792778460339        0.500000000000         7.59352838625     
      637   0.834340938603        0.500000000000         7.58907413577     
      638   0.875878407035        0.500000000000         7.58439239861     
      639   0.917389620492        0.500000000000         7.57948331512     
      640   0.958873334694        0.500000000000         7.57434703245     

 
      641   0.542948200212       -0.400000000000         7.61546966982     
      642   0.542948200212       -0.300000000000         7.61546966982     
      643   0.542948200212       -0.200000000000         7.61546966982     
      644   0.542948200212       -0.100000000000         7.61546966982     
      645   0.542948200212         0.00000000000         7.61546966982     
      646   0.542948200212        0.100000000000         7.61546966982     
      647   0.542948200212        0.200000000000         7.61546966982     
      648   0.542948200212        0.300000000000         7.61546966982     
      649   0.542948200212        0.400000000000         7.61546966982     
      650   0.584634550628       -0.450000000000         7.61238290433     
      651   0.584634550628       -0.400000000000         7.61238290433     
      652   0.584634550628       -0.350000000000         7.61238290433     
      653   0.584634550628       -0.300000000000         7.61238290433     
      654   0.584634550628       -0.250000000000         7.61238290433     
      655   0.584634550628       -0.200000000000         7.61238290433     
      656   0.584634550628       -0.150000000000         7.61238290433     
      657   0.584634550628       -0.100000000000         7.61238290433     
      658   0.584634550628       -0.500000000000E-001    7.61238290433     
      659   0.584634550628         0.00000000000         7.61238290433     
      660   0.584634550628        0.500000000000E-001    7.61238290433     

 
      661   0.584634550628        0.100000000000         7.61238290433     
      662   0.584634550628        0.150000000000         7.61238290433     
      663   0.584634550628        0.200000000000         7.61238290433     
      664   0.584634550628        0.250000000000         7.61238290433     
      665   0.584634550628        0.300000000000         7.61238290433     
      666   0.584634550628        0.350000000000         7.61238290433     
      667   0.584634550628        0.400000000000         7.61238290433     
      668   0.584634550628        0.450000000000         7.61238290433     
      669   0.626303376394       -0.400000000000         7.60906795348     
      670   0.626303376394       -0.300000000000         7.60906795348     
      671   0.626303376394       -0.200000000000         7.60906795348     
      672   0.626303376394       -0.100000000000         7.60906795348     
      673   0.626303376394         0.00000000000         7.60906795348     
      674   0.626303376394        0.100000000000         7.60906795348     
      675   0.626303376394        0.200000000000         7.60906795348     
      676   0.626303376394        0.300000000000         7.60906795348     
      677   0.626303376394        0.400000000000         7.60906795348     
      678   0.667953428410       -0.450000000000         7.60552491663     
      679   0.667953428410       -0.400000000000         7.60552491663     
      680   0.667953428410       -0.350000000000         7.60552491663     

 
      681   0.667953428410       -0.300000000000         7.60552491663     
      682   0.667953428410       -0.250000000000         7.60552491663     
      683   0.667953428410       -0.200000000000         7.60552491663     
      684   0.667953428410       -0.150000000000         7.60552491663     
      685   0.667953428410       -0.100000000000         7.60552491663     
      686   0.667953428410       -0.500000000000E-001    7.60552491663     
      687   0.667953428410         0.00000000000         7.60552491663     
      688   0.667953428410        0.500000000000E-001    7.60552491663     
      689   0.667953428410        0.100000000000         7.60552491663     
      690   0.667953428410        0.150000000000         7.60552491663     
      691   0.667953428410        0.200000000000         7.60552491663     
      692   0.667953428410        0.250000000000         7.60552491663     
      693   0.667953428410        0.300000000000         7.60552491663     
      694   0.667953428410        0.350000000000         7.60552491663     
      695   0.667953428410        0.400000000000         7.60552491663     
      696   0.667953428410        0.450000000000         7.60552491663     
      697   0.709583458206       -0.400000000000         7.60175389998     
      698   0.709583458206       -0.300000000000         7.60175389998     
      699   0.709583458206       -0.200000000000         7.60175389998     
      700   0.709583458206       -0.100000000000         7.60175389998     

 
      701   0.709583458206         0.00000000000         7.60175389998     
      702   0.709583458206        0.100000000000         7.60175389998     
      703   0.709583458206        0.200000000000         7.60175389998     
      704   0.709583458206        0.300000000000         7.60175389998     
      705   0.709583458206        0.400000000000         7.60175389998     
      706   0.751192217900       -0.450000000000         7.59775501657     
      707   0.751192217900       -0.400000000000         7.59775501657     
      708   0.751192217900       -0.350000000000         7.59775501657     
      709   0.751192217900       -0.300000000000         7.59775501657     
      710   0.751192217900       -0.250000000000         7.59775501657     
      711   0.751192217900       -0.200000000000         7.59775501657     
      712   0.751192217900       -0.150000000000         7.59775501657     
      713   0.751192217900       -0.100000000000         7.59775501657     
      714   0.751192217900       -0.500000000000E-001    7.59775501657     
      715   0.751192217900         0.00000000000         7.59775501657     
      716   0.751192217900        0.500000000000E-001    7.59775501657     
      717   0.751192217900        0.100000000000         7.59775501657     
      718   0.751192217900        0.150000000000         7.59775501657     
      719   0.751192217900        0.200000000000         7.59775501657     
      720   0.751192217900        0.250000000000         7.59775501657     

 
      721   0.751192217900        0.300000000000         7.59775501657     
      722   0.751192217900        0.350000000000         7.59775501657     
      723   0.751192217900        0.400000000000         7.59775501657     
      724   0.751192217900        0.450000000000         7.59775501657     
      725   0.792778460235       -0.400000000000         7.59352838626     
      726   0.792778460235       -0.300000000000         7.59352838626     
      727   0.792778460235       -0.200000000000         7.59352838626     
      728   0.792778460235       -0.100000000000         7.59352838626     
      729   0.792778460235         0.00000000000         7.59352838626     
      730   0.792778460235        0.100000000000         7.59352838626     
      731   0.792778460235        0.200000000000         7.59352838626     
      732   0.792778460235        0.300000000000         7.59352838626     
      733   0.792778460235        0.400000000000         7.59352838626     
      734   0.834340938610       -0.450000000000         7.58907413577     
      735   0.834340938610       -0.400000000000         7.58907413577     
      736   0.834340938610       -0.350000000000         7.58907413577     
      737   0.834340938610       -0.300000000000         7.58907413577     
      738   0.834340938610       -0.250000000000         7.58907413577     
      739   0.834340938610       -0.200000000000         7.58907413577     
      740   0.834340938610       -0.150000000000         7.58907413577     

 
      741   0.834340938610       -0.100000000000         7.58907413577     
      742   0.834340938610       -0.500000000000E-001    7.58907413577     
      743   0.834340938610         0.00000000000         7.58907413577     
      744   0.834340938610        0.500000000000E-001    7.58907413577     
      745   0.834340938610        0.100000000000         7.58907413577     
      746   0.834340938610        0.150000000000         7.58907413577     
      747   0.834340938610        0.200000000000         7.58907413577     
      748   0.834340938610        0.250000000000         7.58907413577     
      749   0.834340938610        0.300000000000         7.58907413577     
      750   0.834340938610        0.350000000000         7.58907413577     
      751   0.834340938610        0.400000000000         7.58907413577     
      752   0.834340938610        0.450000000000         7.58907413577     
      753   0.875878407129       -0.400000000000         7.58439239860     
      754   0.875878407129       -0.300000000000         7.58439239860     
      755   0.875878407129       -0.200000000000         7.58439239860     
      756   0.875878407129       -0.100000000000         7.58439239860     
      757   0.875878407129         0.00000000000         7.58439239860     
      758   0.875878407129        0.100000000000         7.58439239860     
      759   0.875878407129        0.200000000000         7.58439239860     
      760   0.875878407129        0.300000000000         7.58439239860     

 
      761   0.875878407129        0.400000000000         7.58439239860     
      762   0.917389620626       -0.450000000000         7.57948331511     
      763   0.917389620626       -0.400000000000         7.57948331511     
      764   0.917389620626       -0.350000000000         7.57948331511     
      765   0.917389620626       -0.300000000000         7.57948331511     
      766   0.917389620626       -0.250000000000         7.57948331511     
      767   0.917389620626       -0.200000000000         7.57948331511     
      768   0.917389620626       -0.150000000000         7.57948331511     
      769   0.917389620626       -0.100000000000         7.57948331511     
      770   0.917389620626       -0.500000000000E-001    7.57948331511     
      771   0.917389620626         0.00000000000         7.57948331511     
      772   0.917389620626        0.500000000000E-001    7.57948331511     
      773   0.917389620626        0.100000000000         7.57948331511     
      774   0.917389620626        0.150000000000         7.57948331511     
      775   0.917389620626        0.200000000000         7.57948331511     
      776   0.917389620626        0.250000000000         7.57948331511     
      777   0.917389620626        0.300000000000         7.57948331511     
      778   0.917389620626        0.350000000000         7.57948331511     
      779   0.917389620626        0.400000000000         7.57948331511     
      780   0.917389620626        0.450000000000         7.57948331511     

 
      781   0.958873334803       -0.400000000000         7.57434703244     
      782   0.958873334803       -0.300000000000         7.57434703244     
      783   0.958873334803       -0.200000000000         7.57434703244     
      784   0.958873334803       -0.100000000000         7.57434703244     
      785   0.958873334803         0.00000000000         7.57434703244     
      786   0.958873334803        0.100000000000         7.57434703244     
      787   0.958873334803        0.200000000000         7.57434703244     
      788   0.958873334803        0.300000000000         7.57434703244     
      789   0.958873334803        0.400000000000         7.57434703244     

