

 
        1   -1.00032228766       -0.500000000000         11.0599548521     
        2  -0.500670241668       -0.500000000000         11.0938079720     
        3  -0.958748323729       -0.500000000000         11.0636362766     
        4  -0.917160817407       -0.500000000000         11.0671614267     
        5  -0.875560356158       -0.500000000000         11.0705302526     
        6  -0.833947527580       -0.500000000000         11.0737427066     
        7  -0.792322919450       -0.500000000000         11.0767987434     
        8  -0.750687119712       -0.500000000000         11.0796983198     
        9  -0.709040716472       -0.500000000000         11.0824413949     
       10  -0.667384297991       -0.500000000000         11.0850279300     
       11  -0.625718452672       -0.500000000000         11.0874578885     
       12  -0.584043769055       -0.500000000000         11.0897312360     
       13  -0.542360835808       -0.500000000000         11.0918479405     
       14  -0.500670241668        0.500000000000         11.0938079720     
       15  -0.500670241668       -0.450000000000         11.0938079720     
       16  -0.500670241668       -0.400000000000         11.0938079720     
       17  -0.500670241668       -0.350000000000         11.0938079720     
       18  -0.500670241668       -0.300000000000         11.0938079720     
       19  -0.500670241668       -0.250000000000         11.0938079720     
       20  -0.500670241668       -0.200000000000         11.0938079720     
 
       21  -0.500670241668       -0.150000000000         11.0938079720     
       22  -0.500670241668       -0.100000000000         11.0938079720     
       23  -0.500670241668       -0.500000000000E-001    11.0938079720     
       24  -0.500670241668         0.00000000000         11.0938079720     
       25  -0.500670241668        0.500000000000E-001    11.0938079720     
       26  -0.500670241668        0.100000000000         11.0938079720     
       27  -0.500670241668        0.150000000000         11.0938079720     
       28  -0.500670241668        0.200000000000         11.0938079720     
       29  -0.500670241668        0.250000000000         11.0938079720     
       30  -0.500670241668        0.300000000000         11.0938079720     
       31  -0.500670241668        0.350000000000         11.0938079720     
       32  -0.500670241668        0.400000000000         11.0938079720     
       33  -0.500670241668        0.450000000000         11.0938079720     
       34   -1.00032228766        0.500000000000         11.0599548521     
       35  -0.958748323729        0.500000000000         11.0636362766     
       36  -0.917160817407        0.500000000000         11.0671614267     
       37  -0.875560356158        0.500000000000         11.0705302526     
       38  -0.833947527580        0.500000000000         11.0737427066     
       39  -0.792322919450        0.500000000000         11.0767987434     
       40  -0.750687119712        0.500000000000         11.0796983198     
 
       41  -0.709040716472        0.500000000000         11.0824413949     
       42  -0.667384297991        0.500000000000         11.0850279300     
       43  -0.625718452672        0.500000000000         11.0874578885     
       44  -0.584043769055        0.500000000000         11.0897312360     
       45  -0.542360835808        0.500000000000         11.0918479405     
       46   -1.00032228766       -0.450000000000         11.0599548521     
       47   -1.00032228766       -0.400000000000         11.0599548521     
       48   -1.00032228766       -0.350000000000         11.0599548521     
       49   -1.00032228766       -0.300000000000         11.0599548521     
       50   -1.00032228766       -0.250000000000         11.0599548521     
       51   -1.00032228766       -0.200000000000         11.0599548521     
       52   -1.00032228766       -0.150000000000         11.0599548521     
       53   -1.00032228766       -0.100000000000         11.0599548521     
       54   -1.00032228766       -0.500000000000E-001    11.0599548521     
       55   -1.00032228766         0.00000000000         11.0599548521     
       56   -1.00032228766        0.500000000000E-001    11.0599548521     
       57   -1.00032228766        0.100000000000         11.0599548521     
       58   -1.00032228766        0.150000000000         11.0599548521     
       59   -1.00032228766        0.200000000000         11.0599548521     
       60   -1.00032228766        0.250000000000         11.0599548521     
 
       61   -1.00032228766        0.300000000000         11.0599548521     
       62   -1.00032228766        0.350000000000         11.0599548521     
       63   -1.00032228766        0.400000000000         11.0599548521     
       64   -1.00032228766        0.450000000000         11.0599548521     
       65  -0.958748323339       -0.400000000000         11.0636362767     
       66  -0.958748323339       -0.300000000000         11.0636362767     
       67  -0.958748323339       -0.200000000000         11.0636362767     
       68  -0.958748323339       -0.100000000000         11.0636362767     
       69  -0.958748323339         0.00000000000         11.0636362767     
       70  -0.958748323339        0.100000000000         11.0636362767     
       71  -0.958748323339        0.200000000000         11.0636362767     
       72  -0.958748323339        0.300000000000         11.0636362767     
       73  -0.958748323339        0.400000000000         11.0636362767     
       74  -0.917160816967       -0.450000000000         11.0671614267     
       75  -0.917160816967       -0.400000000000         11.0671614267     
       76  -0.917160816967       -0.350000000000         11.0671614267     
       77  -0.917160816967       -0.300000000000         11.0671614267     
       78  -0.917160816967       -0.250000000000         11.0671614267     
       79  -0.917160816967       -0.200000000000         11.0671614267     
       80  -0.917160816967       -0.150000000000         11.0671614267     
 
       81  -0.917160816967       -0.100000000000         11.0671614267     
       82  -0.917160816967       -0.500000000000E-001    11.0671614267     
       83  -0.917160816967         0.00000000000         11.0671614267     
       84  -0.917160816967        0.500000000000E-001    11.0671614267     
       85  -0.917160816967        0.100000000000         11.0671614267     
       86  -0.917160816967        0.150000000000         11.0671614267     
       87  -0.917160816967        0.200000000000         11.0671614267     
       88  -0.917160816967        0.250000000000         11.0671614267     
       89  -0.917160816967        0.300000000000         11.0671614267     
       90  -0.917160816967        0.350000000000         11.0671614267     
       91  -0.917160816967        0.400000000000         11.0671614267     
       92  -0.917160816967        0.450000000000         11.0671614267     
       93  -0.875560355929       -0.400000000000         11.0705302526     
       94  -0.875560355929       -0.300000000000         11.0705302526     
       95  -0.875560355929       -0.200000000000         11.0705302526     
       96  -0.875560355929       -0.100000000000         11.0705302526     
       97  -0.875560355929         0.00000000000         11.0705302526     
       98  -0.875560355929        0.100000000000         11.0705302526     
       99  -0.875560355929        0.200000000000         11.0705302526     
      100  -0.875560355929        0.300000000000         11.0705302526     
 
      101  -0.875560355929        0.400000000000         11.0705302526     
      102  -0.833947527741       -0.450000000000         11.0737427066     
      103  -0.833947527741       -0.400000000000         11.0737427066     
      104  -0.833947527741       -0.350000000000         11.0737427066     
      105  -0.833947527741       -0.300000000000         11.0737427066     
      106  -0.833947527741       -0.250000000000         11.0737427066     
      107  -0.833947527741       -0.200000000000         11.0737427066     
      108  -0.833947527741       -0.150000000000         11.0737427066     
      109  -0.833947527741       -0.100000000000         11.0737427066     
      110  -0.833947527741       -0.500000000000E-001    11.0737427066     
      111  -0.833947527741         0.00000000000         11.0737427066     
      112  -0.833947527741        0.500000000000E-001    11.0737427066     
      113  -0.833947527741        0.100000000000         11.0737427066     
      114  -0.833947527741        0.150000000000         11.0737427066     
      115  -0.833947527741        0.200000000000         11.0737427066     
      116  -0.833947527741        0.250000000000         11.0737427066     
      117  -0.833947527741        0.300000000000         11.0737427066     
      118  -0.833947527741        0.350000000000         11.0737427066     
      119  -0.833947527741        0.400000000000         11.0737427066     
      120  -0.833947527741        0.450000000000         11.0737427066     
 
      121  -0.792322920098       -0.400000000000         11.0767987433     
      122  -0.792322920098       -0.300000000000         11.0767987433     
      123  -0.792322920098       -0.200000000000         11.0767987433     
      124  -0.792322920098       -0.100000000000         11.0767987433     
      125  -0.792322920098         0.00000000000         11.0767987433     
      126  -0.792322920098        0.100000000000         11.0767987433     
      127  -0.792322920098        0.200000000000         11.0767987433     
      128  -0.792322920098        0.300000000000         11.0767987433     
      129  -0.792322920098        0.400000000000         11.0767987433     
      130  -0.750687120865       -0.450000000000         11.0796983197     
      131  -0.750687120865       -0.400000000000         11.0796983197     
      132  -0.750687120865       -0.350000000000         11.0796983197     
      133  -0.750687120865       -0.300000000000         11.0796983197     
      134  -0.750687120865       -0.250000000000         11.0796983197     
      135  -0.750687120865       -0.200000000000         11.0796983197     
      136  -0.750687120865       -0.150000000000         11.0796983197     
      137  -0.750687120865       -0.100000000000         11.0796983197     
      138  -0.750687120865       -0.500000000000E-001    11.0796983197     
      139  -0.750687120865         0.00000000000         11.0796983197     
      140  -0.750687120865        0.500000000000E-001    11.0796983197     
 
      141  -0.750687120865        0.100000000000         11.0796983197     
      142  -0.750687120865        0.150000000000         11.0796983197     
      143  -0.750687120865        0.200000000000         11.0796983197     
      144  -0.750687120865        0.250000000000         11.0796983197     
      145  -0.750687120865        0.300000000000         11.0796983197     
      146  -0.750687120865        0.350000000000         11.0796983197     
      147  -0.750687120865        0.400000000000         11.0796983197     
      148  -0.750687120865        0.450000000000         11.0796983197     
      149  -0.709040718066       -0.400000000000         11.0824413948     
      150  -0.709040718066       -0.300000000000         11.0824413948     
      151  -0.709040718066       -0.200000000000         11.0824413948     
      152  -0.709040718066       -0.100000000000         11.0824413948     
      153  -0.709040718066         0.00000000000         11.0824413948     
      154  -0.709040718066        0.100000000000         11.0824413948     
      155  -0.709040718066        0.200000000000         11.0824413948     
      156  -0.709040718066        0.300000000000         11.0824413948     
      157  -0.709040718066        0.400000000000         11.0824413948     
      158  -0.667384299881       -0.450000000000         11.0850279299     
      159  -0.667384299881       -0.400000000000         11.0850279299     
      160  -0.667384299881       -0.350000000000         11.0850279299     
 
      161  -0.667384299881       -0.300000000000         11.0850279299     
      162  -0.667384299881       -0.250000000000         11.0850279299     
      163  -0.667384299881       -0.200000000000         11.0850279299     
      164  -0.667384299881       -0.150000000000         11.0850279299     
      165  -0.667384299881       -0.100000000000         11.0850279299     
      166  -0.667384299881       -0.500000000000E-001    11.0850279299     
      167  -0.667384299881         0.00000000000         11.0850279299     
      168  -0.667384299881        0.500000000000E-001    11.0850279299     
      169  -0.667384299881        0.100000000000         11.0850279299     
      170  -0.667384299881        0.150000000000         11.0850279299     
      171  -0.667384299881        0.200000000000         11.0850279299     
      172  -0.667384299881        0.250000000000         11.0850279299     
      173  -0.667384299881        0.300000000000         11.0850279299     
      174  -0.667384299881        0.350000000000         11.0850279299     
      175  -0.667384299881        0.400000000000         11.0850279299     
      176  -0.667384299881        0.450000000000         11.0850279299     
      177  -0.625718454631       -0.400000000000         11.0874578883     
      178  -0.625718454631       -0.300000000000         11.0874578883     
      179  -0.625718454631       -0.200000000000         11.0874578883     
      180  -0.625718454631       -0.100000000000         11.0874578883     
 
      181  -0.625718454631         0.00000000000         11.0874578883     
      182  -0.625718454631        0.100000000000         11.0874578883     
      183  -0.625718454631        0.200000000000         11.0874578883     
      184  -0.625718454631        0.300000000000         11.0874578883     
      185  -0.625718454631        0.400000000000         11.0874578883     
      186  -0.584043770776       -0.450000000000         11.0897312359     
      187  -0.584043770776       -0.400000000000         11.0897312359     
      188  -0.584043770776       -0.350000000000         11.0897312359     
      189  -0.584043770776       -0.300000000000         11.0897312359     
      190  -0.584043770776       -0.250000000000         11.0897312359     
      191  -0.584043770776       -0.200000000000         11.0897312359     
      192  -0.584043770776       -0.150000000000         11.0897312359     
      193  -0.584043770776       -0.100000000000         11.0897312359     
      194  -0.584043770776       -0.500000000000E-001    11.0897312359     
      195  -0.584043770776         0.00000000000         11.0897312359     
      196  -0.584043770776        0.500000000000E-001    11.0897312359     
      197  -0.584043770776        0.100000000000         11.0897312359     
      198  -0.584043770776        0.150000000000         11.0897312359     
      199  -0.584043770776        0.200000000000         11.0897312359     
      200  -0.584043770776        0.250000000000         11.0897312359     
 
      201  -0.584043770776        0.300000000000         11.0897312359     
      202  -0.584043770776        0.350000000000         11.0897312359     
      203  -0.584043770776        0.400000000000         11.0897312359     
      204  -0.584043770776        0.450000000000         11.0897312359     
      205  -0.542360836904       -0.400000000000         11.0918479404     
      206  -0.542360836904       -0.300000000000         11.0918479404     
      207  -0.542360836904       -0.200000000000         11.0918479404     
      208  -0.542360836904       -0.100000000000         11.0918479404     
      209  -0.542360836904         0.00000000000         11.0918479404     
      210  -0.542360836904        0.100000000000         11.0918479404     
      211  -0.542360836904        0.200000000000         11.0918479404     
      212  -0.542360836904        0.300000000000         11.0918479404     
      213  -0.542360836904        0.400000000000         11.0918479404     
      214    0.00000000000       -0.500000000000         11.1051000000     
      215  -0.458972575532       -0.500000000000         11.0956113029     
      216  -0.417268426365       -0.500000000000         11.0972579077     
      217  -0.375558383278       -0.500000000000         11.0987477632     
      218  -0.333843035417       -0.500000000000         11.1000808482     
      219  -0.292122972005       -0.500000000000         11.1012571441     
      220  -0.250398782336       -0.500000000000         11.1022766341     
 
      221  -0.208671055765       -0.500000000000         11.1031393038     
      222  -0.166940381699       -0.500000000000         11.1038451412     
      223  -0.125207349593       -0.500000000000         11.1043941361     
      224  -0.834725489343E-001  -0.500000000000         11.1047862808     
      225  -0.417365692413E-001  -0.500000000000         11.1050215699     
      226    0.00000000000        0.500000000000         11.1051000000     
      227    0.00000000000       -0.450000000000         11.1051000000     
      228    0.00000000000       -0.400000000000         11.1051000000     
      229    0.00000000000       -0.350000000000         11.1051000000     
      230    0.00000000000       -0.300000000000         11.1051000000     
      231    0.00000000000       -0.250000000000         11.1051000000     
      232    0.00000000000       -0.200000000000         11.1051000000     
      233    0.00000000000       -0.150000000000         11.1051000000     
      234    0.00000000000       -0.100000000000         11.1051000000     
      235    0.00000000000       -0.500000000000E-001    11.1051000000     
      236    0.00000000000         0.00000000000         11.1051000000     
      237    0.00000000000        0.500000000000E-001    11.1051000000     
      238    0.00000000000        0.100000000000         11.1051000000     
      239    0.00000000000        0.150000000000         11.1051000000     
      240    0.00000000000        0.200000000000         11.1051000000     
 
      241    0.00000000000        0.250000000000         11.1051000000     
      242    0.00000000000        0.300000000000         11.1051000000     
      243    0.00000000000        0.350000000000         11.1051000000     
      244    0.00000000000        0.400000000000         11.1051000000     
      245    0.00000000000        0.450000000000         11.1051000000     
      246  -0.458972575532        0.500000000000         11.0956113029     
      247  -0.417268426365        0.500000000000         11.0972579077     
      248  -0.375558383278        0.500000000000         11.0987477632     
      249  -0.333843035417        0.500000000000         11.1000808482     
      250  -0.292122972005        0.500000000000         11.1012571441     
      251  -0.250398782336        0.500000000000         11.1022766341     
      252  -0.208671055765        0.500000000000         11.1031393038     
      253  -0.166940381699        0.500000000000         11.1038451412     
      254  -0.125207349593        0.500000000000         11.1043941361     
      255  -0.834725489343E-001   0.500000000000         11.1047862808     
      256  -0.417365692413E-001   0.500000000000         11.1050215699     
      257  -0.458972576860       -0.400000000000         11.0956113028     
      258  -0.458972576860       -0.300000000000         11.0956113028     
      259  -0.458972576860       -0.200000000000         11.0956113028     
      260  -0.458972576860       -0.100000000000         11.0956113028     
 
      261  -0.458972576860         0.00000000000         11.0956113028     
      262  -0.458972576860        0.100000000000         11.0956113028     
      263  -0.458972576860        0.200000000000         11.0956113028     
      264  -0.458972576860        0.300000000000         11.0956113028     
      265  -0.458972576860        0.400000000000         11.0956113028     
      266  -0.417268428301       -0.450000000000         11.0972579076     
      267  -0.417268428301       -0.400000000000         11.0972579076     
      268  -0.417268428301       -0.350000000000         11.0972579076     
      269  -0.417268428301       -0.300000000000         11.0972579076     
      270  -0.417268428301       -0.250000000000         11.0972579076     
      271  -0.417268428301       -0.200000000000         11.0972579076     
      272  -0.417268428301       -0.150000000000         11.0972579076     
      273  -0.417268428301       -0.100000000000         11.0972579076     
      274  -0.417268428301       -0.500000000000E-001    11.0972579076     
      275  -0.417268428301         0.00000000000         11.0972579076     
      276  -0.417268428301        0.500000000000E-001    11.0972579076     
      277  -0.417268428301        0.100000000000         11.0972579076     
      278  -0.417268428301        0.150000000000         11.0972579076     
      279  -0.417268428301        0.200000000000         11.0972579076     
      280  -0.417268428301        0.250000000000         11.0972579076     
 
      281  -0.417268428301        0.300000000000         11.0972579076     
      282  -0.417268428301        0.350000000000         11.0972579076     
      283  -0.417268428301        0.400000000000         11.0972579076     
      284  -0.417268428301        0.450000000000         11.0972579076     
      285  -0.375558385246       -0.400000000000         11.0987477631     
      286  -0.375558385246       -0.300000000000         11.0987477631     
      287  -0.375558385246       -0.200000000000         11.0987477631     
      288  -0.375558385246       -0.100000000000         11.0987477631     
      289  -0.375558385246         0.00000000000         11.0987477631     
      290  -0.375558385246        0.100000000000         11.0987477631     
      291  -0.375558385246        0.200000000000         11.0987477631     
      292  -0.375558385246        0.300000000000         11.0987477631     
      293  -0.375558385246        0.400000000000         11.0987477631     
      294  -0.333843036984       -0.450000000000         11.1000808482     
      295  -0.333843036984       -0.400000000000         11.1000808482     
      296  -0.333843036984       -0.350000000000         11.1000808482     
      297  -0.333843036984       -0.300000000000         11.1000808482     
      298  -0.333843036984       -0.250000000000         11.1000808482     
      299  -0.333843036984       -0.200000000000         11.1000808482     
      300  -0.333843036984       -0.150000000000         11.1000808482     
 
      301  -0.333843036984       -0.100000000000         11.1000808482     
      302  -0.333843036984       -0.500000000000E-001    11.1000808482     
      303  -0.333843036984         0.00000000000         11.1000808482     
      304  -0.333843036984        0.500000000000E-001    11.1000808482     
      305  -0.333843036984        0.100000000000         11.1000808482     
      306  -0.333843036984        0.150000000000         11.1000808482     
      307  -0.333843036984        0.200000000000         11.1000808482     
      308  -0.333843036984        0.250000000000         11.1000808482     
      309  -0.333843036984        0.300000000000         11.1000808482     
      310  -0.333843036984        0.350000000000         11.1000808482     
      311  -0.333843036984        0.400000000000         11.1000808482     
      312  -0.333843036984        0.450000000000         11.1000808482     
      313  -0.292122972882       -0.400000000000         11.1012571441     
      314  -0.292122972882       -0.300000000000         11.1012571441     
      315  -0.292122972882       -0.200000000000         11.1012571441     
      316  -0.292122972882       -0.100000000000         11.1012571441     
      317  -0.292122972882         0.00000000000         11.1012571441     
      318  -0.292122972882        0.100000000000         11.1012571441     
      319  -0.292122972882        0.200000000000         11.1012571441     
      320  -0.292122972882        0.300000000000         11.1012571441     
 
      321  -0.292122972882        0.400000000000         11.1012571441     
      322  -0.250398782376       -0.450000000000         11.1022766341     
      323  -0.250398782376       -0.400000000000         11.1022766341     
      324  -0.250398782376       -0.350000000000         11.1022766341     
      325  -0.250398782376       -0.300000000000         11.1022766341     
      326  -0.250398782376       -0.250000000000         11.1022766341     
      327  -0.250398782376       -0.200000000000         11.1022766341     
      328  -0.250398782376       -0.150000000000         11.1022766341     
      329  -0.250398782376       -0.100000000000         11.1022766341     
      330  -0.250398782376       -0.500000000000E-001    11.1022766341     
      331  -0.250398782376         0.00000000000         11.1022766341     
      332  -0.250398782376        0.500000000000E-001    11.1022766341     
      333  -0.250398782376        0.100000000000         11.1022766341     
      334  -0.250398782376        0.150000000000         11.1022766341     
      335  -0.250398782376        0.200000000000         11.1022766341     
      336  -0.250398782376        0.250000000000         11.1022766341     
      337  -0.250398782376        0.300000000000         11.1022766341     
      338  -0.250398782376        0.350000000000         11.1022766341     
      339  -0.250398782376        0.400000000000         11.1022766341     
      340  -0.250398782376        0.450000000000         11.1022766341     
 
      341  -0.208671054966       -0.400000000000         11.1031393039     
      342  -0.208671054966       -0.300000000000         11.1031393039     
      343  -0.208671054966       -0.200000000000         11.1031393039     
      344  -0.208671054966       -0.100000000000         11.1031393039     
      345  -0.208671054966         0.00000000000         11.1031393039     
      346  -0.208671054966        0.100000000000         11.1031393039     
      347  -0.208671054966        0.200000000000         11.1031393039     
      348  -0.208671054966        0.300000000000         11.1031393039     
      349  -0.208671054966        0.400000000000         11.1031393039     
      350  -0.166940380204       -0.450000000000         11.1038451412     
      351  -0.166940380204       -0.400000000000         11.1038451412     
      352  -0.166940380204       -0.350000000000         11.1038451412     
      353  -0.166940380204       -0.300000000000         11.1038451412     
      354  -0.166940380204       -0.250000000000         11.1038451412     
      355  -0.166940380204       -0.200000000000         11.1038451412     
      356  -0.166940380204       -0.150000000000         11.1038451412     
      357  -0.166940380204       -0.100000000000         11.1038451412     
      358  -0.166940380204       -0.500000000000E-001    11.1038451412     
      359  -0.166940380204         0.00000000000         11.1038451412     
      360  -0.166940380204        0.500000000000E-001    11.1038451412     
 
      361  -0.166940380204        0.100000000000         11.1038451412     
      362  -0.166940380204        0.150000000000         11.1038451412     
      363  -0.166940380204        0.200000000000         11.1038451412     
      364  -0.166940380204        0.250000000000         11.1038451412     
      365  -0.166940380204        0.300000000000         11.1038451412     
      366  -0.166940380204        0.350000000000         11.1038451412     
      367  -0.166940380204        0.400000000000         11.1038451412     
      368  -0.166940380204        0.450000000000         11.1038451412     
      369  -0.125207347685       -0.400000000000         11.1043941361     
      370  -0.125207347685       -0.300000000000         11.1043941361     
      371  -0.125207347685       -0.200000000000         11.1043941361     
      372  -0.125207347685       -0.100000000000         11.1043941361     
      373  -0.125207347685         0.00000000000         11.1043941361     
      374  -0.125207347685        0.100000000000         11.1043941361     
      375  -0.125207347685        0.200000000000         11.1043941361     
      376  -0.125207347685        0.300000000000         11.1043941361     
      377  -0.125207347685        0.400000000000         11.1043941361     
      378  -0.834725470423E-001  -0.450000000000         11.1047862809     
      379  -0.834725470423E-001  -0.400000000000         11.1047862809     
      380  -0.834725470423E-001  -0.350000000000         11.1047862809     
 
      381  -0.834725470423E-001  -0.300000000000         11.1047862809     
      382  -0.834725470423E-001  -0.250000000000         11.1047862809     
      383  -0.834725470423E-001  -0.200000000000         11.1047862809     
      384  -0.834725470423E-001  -0.150000000000         11.1047862809     
      385  -0.834725470423E-001  -0.100000000000         11.1047862809     
      386  -0.834725470423E-001  -0.500000000000E-001    11.1047862809     
      387  -0.834725470423E-001    0.00000000000         11.1047862809     
      388  -0.834725470423E-001   0.500000000000E-001    11.1047862809     
      389  -0.834725470423E-001   0.100000000000         11.1047862809     
      390  -0.834725470423E-001   0.150000000000         11.1047862809     
      391  -0.834725470423E-001   0.200000000000         11.1047862809     
      392  -0.834725470423E-001   0.250000000000         11.1047862809     
      393  -0.834725470423E-001   0.300000000000         11.1047862809     
      394  -0.834725470423E-001   0.350000000000         11.1047862809     
      395  -0.834725470423E-001   0.400000000000         11.1047862809     
      396  -0.834725470423E-001   0.450000000000         11.1047862809     
      397  -0.417365679375E-001  -0.400000000000         11.1050215699     
      398  -0.417365679375E-001  -0.300000000000         11.1050215699     
      399  -0.417365679375E-001  -0.200000000000         11.1050215699     
      400  -0.417365679375E-001  -0.100000000000         11.1050215699     
 
      401  -0.417365679375E-001    0.00000000000         11.1050215699     
      402  -0.417365679375E-001   0.100000000000         11.1050215699     
      403  -0.417365679375E-001   0.200000000000         11.1050215699     
      404  -0.417365679375E-001   0.300000000000         11.1050215699     
      405  -0.417365679375E-001   0.400000000000         11.1050215699     
      406   0.500670241668       -0.500000000000         11.0938079720     
      407   0.417365692445E-001  -0.500000000000         11.1050215700     
      408   0.834725489767E-001  -0.500000000000         11.1047862809     
      409   0.125207349636       -0.500000000000         11.1043941361     
      410   0.166940381728       -0.500000000000         11.1038451412     
      411   0.208671055778       -0.500000000000         11.1031393038     
      412   0.250398782343       -0.500000000000         11.1022766341     
      413   0.292122972019       -0.500000000000         11.1012571441     
      414   0.333843035446       -0.500000000000         11.1000808482     
      415   0.375558383322       -0.500000000000         11.0987477632     
      416   0.417268426408       -0.500000000000         11.0972579077     
      417   0.458972575536       -0.500000000000         11.0956113029     
      418   0.500670241668        0.500000000000         11.0938079720     
      419   0.500670241668       -0.450000000000         11.0938079720     
      420   0.500670241668       -0.400000000000         11.0938079720     
 
      421   0.500670241668       -0.350000000000         11.0938079720     
      422   0.500670241668       -0.300000000000         11.0938079720     
      423   0.500670241668       -0.250000000000         11.0938079720     
      424   0.500670241668       -0.200000000000         11.0938079720     
      425   0.500670241668       -0.150000000000         11.0938079720     
      426   0.500670241668       -0.100000000000         11.0938079720     
      427   0.500670241668       -0.500000000000E-001    11.0938079720     
      428   0.500670241668         0.00000000000         11.0938079720     
      429   0.500670241668        0.500000000000E-001    11.0938079720     
      430   0.500670241668        0.100000000000         11.0938079720     
      431   0.500670241668        0.150000000000         11.0938079720     
      432   0.500670241668        0.200000000000         11.0938079720     
      433   0.500670241668        0.250000000000         11.0938079720     
      434   0.500670241668        0.300000000000         11.0938079720     
      435   0.500670241668        0.350000000000         11.0938079720     
      436   0.500670241668        0.400000000000         11.0938079720     
      437   0.500670241668        0.450000000000         11.0938079720     
      438   0.417365692445E-001   0.500000000000         11.1050215700     
      439   0.834725489767E-001   0.500000000000         11.1047862809     
      440   0.125207349636        0.500000000000         11.1043941361     
 
      441   0.166940381728        0.500000000000         11.1038451412     
      442   0.208671055778        0.500000000000         11.1031393038     
      443   0.250398782343        0.500000000000         11.1022766341     
      444   0.292122972019        0.500000000000         11.1012571441     
      445   0.333843035446        0.500000000000         11.1000808482     
      446   0.375558383322        0.500000000000         11.0987477632     
      447   0.417268426408        0.500000000000         11.0972579077     
      448   0.458972575536        0.500000000000         11.0956113029     
      449   0.417365702756E-001  -0.400000000000         11.1050215699     
      450   0.417365702756E-001  -0.300000000000         11.1050215699     
      451   0.417365702756E-001  -0.200000000000         11.1050215699     
      452   0.417365702756E-001  -0.100000000000         11.1050215699     
      453   0.417365702756E-001    0.00000000000         11.1050215699     
      454   0.417365702756E-001   0.100000000000         11.1050215699     
      455   0.417365702756E-001   0.200000000000         11.1050215699     
      456   0.417365702756E-001   0.300000000000         11.1050215699     
      457   0.417365702756E-001   0.400000000000         11.1050215699     
      458   0.834725506207E-001  -0.450000000000         11.1047862808     
      459   0.834725506207E-001  -0.400000000000         11.1047862808     
      460   0.834725506207E-001  -0.350000000000         11.1047862808     
 
      461   0.834725506207E-001  -0.300000000000         11.1047862808     
      462   0.834725506207E-001  -0.250000000000         11.1047862808     
      463   0.834725506207E-001  -0.200000000000         11.1047862808     
      464   0.834725506207E-001  -0.150000000000         11.1047862808     
      465   0.834725506207E-001  -0.100000000000         11.1047862808     
      466   0.834725506207E-001  -0.500000000000E-001    11.1047862808     
      467   0.834725506207E-001    0.00000000000         11.1047862808     
      468   0.834725506207E-001   0.500000000000E-001    11.1047862808     
      469   0.834725506207E-001   0.100000000000         11.1047862808     
      470   0.834725506207E-001   0.150000000000         11.1047862808     
      471   0.834725506207E-001   0.200000000000         11.1047862808     
      472   0.834725506207E-001   0.250000000000         11.1047862808     
      473   0.834725506207E-001   0.300000000000         11.1047862808     
      474   0.834725506207E-001   0.350000000000         11.1047862808     
      475   0.834725506207E-001   0.400000000000         11.1047862808     
      476   0.834725506207E-001   0.450000000000         11.1047862808     
      477   0.125207351544       -0.400000000000         11.1043941361     
      478   0.125207351544       -0.300000000000         11.1043941361     
      479   0.125207351544       -0.200000000000         11.1043941361     
      480   0.125207351544       -0.100000000000         11.1043941361     
 
      481   0.125207351544         0.00000000000         11.1043941361     
      482   0.125207351544        0.100000000000         11.1043941361     
      483   0.125207351544        0.200000000000         11.1043941361     
      484   0.125207351544        0.300000000000         11.1043941361     
      485   0.125207351544        0.400000000000         11.1043941361     
      486   0.166940383621       -0.450000000000         11.1038451411     
      487   0.166940383621       -0.400000000000         11.1038451411     
      488   0.166940383621       -0.350000000000         11.1038451411     
      489   0.166940383621       -0.300000000000         11.1038451411     
      490   0.166940383621       -0.250000000000         11.1038451411     
      491   0.166940383621       -0.200000000000         11.1038451411     
      492   0.166940383621       -0.150000000000         11.1038451411     
      493   0.166940383621       -0.100000000000         11.1038451411     
      494   0.166940383621       -0.500000000000E-001    11.1038451411     
      495   0.166940383621         0.00000000000         11.1038451411     
      496   0.166940383621        0.500000000000E-001    11.1038451411     
      497   0.166940383621        0.100000000000         11.1038451411     
      498   0.166940383621        0.150000000000         11.1038451411     
      499   0.166940383621        0.200000000000         11.1038451411     
      500   0.166940383621        0.250000000000         11.1038451411     
 
      501   0.166940383621        0.300000000000         11.1038451411     
      502   0.166940383621        0.350000000000         11.1038451411     
      503   0.166940383621        0.400000000000         11.1038451411     
      504   0.166940383621        0.450000000000         11.1038451411     
      505   0.208671057445       -0.400000000000         11.1031393038     
      506   0.208671057445       -0.300000000000         11.1031393038     
      507   0.208671057445       -0.200000000000         11.1031393038     
      508   0.208671057445       -0.100000000000         11.1031393038     
      509   0.208671057445         0.00000000000         11.1031393038     
      510   0.208671057445        0.100000000000         11.1031393038     
      511   0.208671057445        0.200000000000         11.1031393038     
      512   0.208671057445        0.300000000000         11.1031393038     
      513   0.208671057445        0.400000000000         11.1031393038     
      514   0.250398783643       -0.450000000000         11.1022766341     
      515   0.250398783643       -0.400000000000         11.1022766341     
      516   0.250398783643       -0.350000000000         11.1022766341     
      517   0.250398783643       -0.300000000000         11.1022766341     
      518   0.250398783643       -0.250000000000         11.1022766341     
      519   0.250398783643       -0.200000000000         11.1022766341     
      520   0.250398783643       -0.150000000000         11.1022766341     
 
      521   0.250398783643       -0.100000000000         11.1022766341     
      522   0.250398783643       -0.500000000000E-001    11.1022766341     
      523   0.250398783643         0.00000000000         11.1022766341     
      524   0.250398783643        0.500000000000E-001    11.1022766341     
      525   0.250398783643        0.100000000000         11.1022766341     
      526   0.250398783643        0.150000000000         11.1022766341     
      527   0.250398783643        0.200000000000         11.1022766341     
      528   0.250398783643        0.250000000000         11.1022766341     
      529   0.250398783643        0.300000000000         11.1022766341     
      530   0.250398783643        0.350000000000         11.1022766341     
      531   0.250398783643        0.400000000000         11.1022766341     
      532   0.250398783643        0.450000000000         11.1022766341     
      533   0.292122972878       -0.400000000000         11.1012571441     
      534   0.292122972878       -0.300000000000         11.1012571441     
      535   0.292122972878       -0.200000000000         11.1012571441     
      536   0.292122972878       -0.100000000000         11.1012571441     
      537   0.292122972878         0.00000000000         11.1012571441     
      538   0.292122972878        0.100000000000         11.1012571441     
      539   0.292122972878        0.200000000000         11.1012571441     
      540   0.292122972878        0.300000000000         11.1012571441     
 
      541   0.292122972878        0.400000000000         11.1012571441     
      542   0.333843035863       -0.450000000000         11.1000808482     
      543   0.333843035863       -0.400000000000         11.1000808482     
      544   0.333843035863       -0.350000000000         11.1000808482     
      545   0.333843035863       -0.300000000000         11.1000808482     
      546   0.333843035863       -0.250000000000         11.1000808482     
      547   0.333843035863       -0.200000000000         11.1000808482     
      548   0.333843035863       -0.150000000000         11.1000808482     
      549   0.333843035863       -0.100000000000         11.1000808482     
      550   0.333843035863       -0.500000000000E-001    11.1000808482     
      551   0.333843035863         0.00000000000         11.1000808482     
      552   0.333843035863        0.500000000000E-001    11.1000808482     
      553   0.333843035863        0.100000000000         11.1000808482     
      554   0.333843035863        0.150000000000         11.1000808482     
      555   0.333843035863        0.200000000000         11.1000808482     
      556   0.333843035863        0.250000000000         11.1000808482     
      557   0.333843035863        0.300000000000         11.1000808482     
      558   0.333843035863        0.350000000000         11.1000808482     
      559   0.333843035863        0.400000000000         11.1000808482     
      560   0.333843035863        0.450000000000         11.1000808482     
 
      561   0.375558383363       -0.400000000000         11.0987477632     
      562   0.375558383363       -0.300000000000         11.0987477632     
      563   0.375558383363       -0.200000000000         11.0987477632     
      564   0.375558383363       -0.100000000000         11.0987477632     
      565   0.375558383363         0.00000000000         11.0987477632     
      566   0.375558383363        0.100000000000         11.0987477632     
      567   0.375558383363        0.200000000000         11.0987477632     
      568   0.375558383363        0.300000000000         11.0987477632     
      569   0.375558383363        0.400000000000         11.0987477632     
      570   0.417268426207       -0.450000000000         11.0972579077     
      571   0.417268426207       -0.400000000000         11.0972579077     
      572   0.417268426207       -0.350000000000         11.0972579077     
      573   0.417268426207       -0.300000000000         11.0972579077     
      574   0.417268426207       -0.250000000000         11.0972579077     
      575   0.417268426207       -0.200000000000         11.0972579077     
      576   0.417268426207       -0.150000000000         11.0972579077     
      577   0.417268426207       -0.100000000000         11.0972579077     
      578   0.417268426207       -0.500000000000E-001    11.0972579077     
      579   0.417268426207         0.00000000000         11.0972579077     
      580   0.417268426207        0.500000000000E-001    11.0972579077     
 
      581   0.417268426207        0.100000000000         11.0972579077     
      582   0.417268426207        0.150000000000         11.0972579077     
      583   0.417268426207        0.200000000000         11.0972579077     
      584   0.417268426207        0.250000000000         11.0972579077     
      585   0.417268426207        0.300000000000         11.0972579077     
      586   0.417268426207        0.350000000000         11.0972579077     
      587   0.417268426207        0.400000000000         11.0972579077     
      588   0.417268426207        0.450000000000         11.0972579077     
      589   0.458972575299       -0.400000000000         11.0956113029     
      590   0.458972575299       -0.300000000000         11.0956113029     
      591   0.458972575299       -0.200000000000         11.0956113029     
      592   0.458972575299       -0.100000000000         11.0956113029     
      593   0.458972575299         0.00000000000         11.0956113029     
      594   0.458972575299        0.100000000000         11.0956113029     
      595   0.458972575299        0.200000000000         11.0956113029     
      596   0.458972575299        0.300000000000         11.0956113029     
      597   0.458972575299        0.400000000000         11.0956113029     
      598    1.00032228766       -0.500000000000         11.0599548521     
      599   0.542360835810       -0.500000000000         11.0918479404     
      600   0.584043769095       -0.500000000000         11.0897312359     
 
      601   0.625718452714       -0.500000000000         11.0874578884     
      602   0.667384298019       -0.500000000000         11.0850279300     
      603   0.709040716486       -0.500000000000         11.0824413949     
      604   0.750687119719       -0.500000000000         11.0796983198     
      605   0.792322919464       -0.500000000000         11.0767987434     
      606   0.833947527610       -0.500000000000         11.0737427066     
      607   0.875560356202       -0.500000000000         11.0705302526     
      608   0.917160817449       -0.500000000000         11.0671614267     
      609   0.958748323732       -0.500000000000         11.0636362766     
      610    1.00032228766        0.500000000000         11.0599548521     
      611    1.00032228766       -0.450000000000         11.0599548521     
      612    1.00032228766       -0.400000000000         11.0599548521     
      613    1.00032228766       -0.350000000000         11.0599548521     
      614    1.00032228766       -0.300000000000         11.0599548521     
      615    1.00032228766       -0.250000000000         11.0599548521     
      616    1.00032228766       -0.200000000000         11.0599548521     
      617    1.00032228766       -0.150000000000         11.0599548521     
      618    1.00032228766       -0.100000000000         11.0599548521     
      619    1.00032228766       -0.500000000000E-001    11.0599548521     
      620    1.00032228766         0.00000000000         11.0599548521     
 
      621    1.00032228766        0.500000000000E-001    11.0599548521     
      622    1.00032228766        0.100000000000         11.0599548521     
      623    1.00032228766        0.150000000000         11.0599548521     
      624    1.00032228766        0.200000000000         11.0599548521     
      625    1.00032228766        0.250000000000         11.0599548521     
      626    1.00032228766        0.300000000000         11.0599548521     
      627    1.00032228766        0.350000000000         11.0599548521     
      628    1.00032228766        0.400000000000         11.0599548521     
      629    1.00032228766        0.450000000000         11.0599548521     
      630   0.542360835810        0.500000000000         11.0918479404     
      631   0.584043769095        0.500000000000         11.0897312359     
      632   0.625718452714        0.500000000000         11.0874578884     
      633   0.667384298019        0.500000000000         11.0850279300     
      634   0.709040716486        0.500000000000         11.0824413949     
      635   0.750687119719        0.500000000000         11.0796983198     
      636   0.792322919464        0.500000000000         11.0767987434     
      637   0.833947527610        0.500000000000         11.0737427066     
      638   0.875560356202        0.500000000000         11.0705302526     
      639   0.917160817449        0.500000000000         11.0671614267     
      640   0.958748323732        0.500000000000         11.0636362766     
 
      641   0.542360834829       -0.400000000000         11.0918479405     
      642   0.542360834829       -0.300000000000         11.0918479405     
      643   0.542360834829       -0.200000000000         11.0918479405     
      644   0.542360834829       -0.100000000000         11.0918479405     
      645   0.542360834829         0.00000000000         11.0918479405     
      646   0.542360834829        0.100000000000         11.0918479405     
      647   0.542360834829        0.200000000000         11.0918479405     
      648   0.542360834829        0.300000000000         11.0918479405     
      649   0.542360834829        0.400000000000         11.0918479405     
      650   0.584043767518       -0.450000000000         11.0897312360     
      651   0.584043767518       -0.400000000000         11.0897312360     
      652   0.584043767518       -0.350000000000         11.0897312360     
      653   0.584043767518       -0.300000000000         11.0897312360     
      654   0.584043767518       -0.250000000000         11.0897312360     
      655   0.584043767518       -0.200000000000         11.0897312360     
      656   0.584043767518       -0.150000000000         11.0897312360     
      657   0.584043767518       -0.100000000000         11.0897312360     
      658   0.584043767518       -0.500000000000E-001    11.0897312360     
      659   0.584043767518         0.00000000000         11.0897312360     
      660   0.584043767518        0.500000000000E-001    11.0897312360     
 
      661   0.584043767518        0.100000000000         11.0897312360     
      662   0.584043767518        0.150000000000         11.0897312360     
      663   0.584043767518        0.200000000000         11.0897312360     
      664   0.584043767518        0.250000000000         11.0897312360     
      665   0.584043767518        0.300000000000         11.0897312360     
      666   0.584043767518        0.350000000000         11.0897312360     
      667   0.584043767518        0.400000000000         11.0897312360     
      668   0.584043767518        0.450000000000         11.0897312360     
      669   0.625718450862       -0.400000000000         11.0874578885     
      670   0.625718450862       -0.300000000000         11.0874578885     
      671   0.625718450862       -0.200000000000         11.0874578885     
      672   0.625718450862       -0.100000000000         11.0874578885     
      673   0.625718450862         0.00000000000         11.0874578885     
      674   0.625718450862        0.100000000000         11.0874578885     
      675   0.625718450862        0.200000000000         11.0874578885     
      676   0.625718450862        0.300000000000         11.0874578885     
      677   0.625718450862        0.400000000000         11.0874578885     
      678   0.667384296153       -0.450000000000         11.0850279301     
      679   0.667384296153       -0.400000000000         11.0850279301     
      680   0.667384296153       -0.350000000000         11.0850279301     
 
      681   0.667384296153       -0.300000000000         11.0850279301     
      682   0.667384296153       -0.250000000000         11.0850279301     
      683   0.667384296153       -0.200000000000         11.0850279301     
      684   0.667384296153       -0.150000000000         11.0850279301     
      685   0.667384296153       -0.100000000000         11.0850279301     
      686   0.667384296153       -0.500000000000E-001    11.0850279301     
      687   0.667384296153         0.00000000000         11.0850279301     
      688   0.667384296153        0.500000000000E-001    11.0850279301     
      689   0.667384296153        0.100000000000         11.0850279301     
      690   0.667384296153        0.150000000000         11.0850279301     
      691   0.667384296153        0.200000000000         11.0850279301     
      692   0.667384296153        0.250000000000         11.0850279301     
      693   0.667384296153        0.300000000000         11.0850279301     
      694   0.667384296153        0.350000000000         11.0850279301     
      695   0.667384296153        0.400000000000         11.0850279301     
      696   0.667384296153        0.450000000000         11.0850279301     
      697   0.709040714805       -0.400000000000         11.0824413950     
      698   0.709040714805       -0.300000000000         11.0824413950     
      699   0.709040714805       -0.200000000000         11.0824413950     
      700   0.709040714805       -0.100000000000         11.0824413950     
 
      701   0.709040714805         0.00000000000         11.0824413950     
      702   0.709040714805        0.100000000000         11.0824413950     
      703   0.709040714805        0.200000000000         11.0824413950     
      704   0.709040714805        0.300000000000         11.0824413950     
      705   0.709040714805        0.400000000000         11.0824413950     
      706   0.750687118361       -0.450000000000         11.0796983199     
      707   0.750687118361       -0.400000000000         11.0796983199     
      708   0.750687118361       -0.350000000000         11.0796983199     
      709   0.750687118361       -0.300000000000         11.0796983199     
      710   0.750687118361       -0.250000000000         11.0796983199     
      711   0.750687118361       -0.200000000000         11.0796983199     
      712   0.750687118361       -0.150000000000         11.0796983199     
      713   0.750687118361       -0.100000000000         11.0796983199     
      714   0.750687118361       -0.500000000000E-001    11.0796983199     
      715   0.750687118361         0.00000000000         11.0796983199     
      716   0.750687118361        0.500000000000E-001    11.0796983199     
      717   0.750687118361        0.100000000000         11.0796983199     
      718   0.750687118361        0.150000000000         11.0796983199     
      719   0.750687118361        0.200000000000         11.0796983199     
      720   0.750687118361        0.250000000000         11.0796983199     
 
      721   0.750687118361        0.300000000000         11.0796983199     
      722   0.750687118361        0.350000000000         11.0796983199     
      723   0.750687118361        0.400000000000         11.0796983199     
      724   0.750687118361        0.450000000000         11.0796983199     
      725   0.792322918503       -0.400000000000         11.0767987435     
      726   0.792322918503       -0.300000000000         11.0767987435     
      727   0.792322918503       -0.200000000000         11.0767987435     
      728   0.792322918503       -0.100000000000         11.0767987435     
      729   0.792322918503         0.00000000000         11.0767987435     
      730   0.792322918503        0.100000000000         11.0767987435     
      731   0.792322918503        0.200000000000         11.0767987435     
      732   0.792322918503        0.300000000000         11.0767987435     
      733   0.792322918503        0.400000000000         11.0767987435     
      734   0.833947527060       -0.450000000000         11.0737427066     
      735   0.833947527060       -0.400000000000         11.0737427066     
      736   0.833947527060       -0.350000000000         11.0737427066     
      737   0.833947527060       -0.300000000000         11.0737427066     
      738   0.833947527060       -0.250000000000         11.0737427066     
      739   0.833947527060       -0.200000000000         11.0737427066     
      740   0.833947527060       -0.150000000000         11.0737427066     
 
      741   0.833947527060       -0.100000000000         11.0737427066     
      742   0.833947527060       -0.500000000000E-001    11.0737427066     
      743   0.833947527060         0.00000000000         11.0737427066     
      744   0.833947527060        0.500000000000E-001    11.0737427066     
      745   0.833947527060        0.100000000000         11.0737427066     
      746   0.833947527060        0.150000000000         11.0737427066     
      747   0.833947527060        0.200000000000         11.0737427066     
      748   0.833947527060        0.250000000000         11.0737427066     
      749   0.833947527060        0.300000000000         11.0737427066     
      750   0.833947527060        0.350000000000         11.0737427066     
      751   0.833947527060        0.400000000000         11.0737427066     
      752   0.833947527060        0.450000000000         11.0737427066     
      753   0.875560356015       -0.400000000000         11.0705302526     
      754   0.875560356015       -0.300000000000         11.0705302526     
      755   0.875560356015       -0.200000000000         11.0705302526     
      756   0.875560356015       -0.100000000000         11.0705302526     
      757   0.875560356015         0.00000000000         11.0705302526     
      758   0.875560356015        0.100000000000         11.0705302526     
      759   0.875560356015        0.200000000000         11.0705302526     
      760   0.875560356015        0.300000000000         11.0705302526     
 
      761   0.875560356015        0.400000000000         11.0705302526     
      762   0.917160817517       -0.450000000000         11.0671614267     
      763   0.917160817517       -0.400000000000         11.0671614267     
      764   0.917160817517       -0.350000000000         11.0671614267     
      765   0.917160817517       -0.300000000000         11.0671614267     
      766   0.917160817517       -0.250000000000         11.0671614267     
      767   0.917160817517       -0.200000000000         11.0671614267     
      768   0.917160817517       -0.150000000000         11.0671614267     
      769   0.917160817517       -0.100000000000         11.0671614267     
      770   0.917160817517       -0.500000000000E-001    11.0671614267     
      771   0.917160817517         0.00000000000         11.0671614267     
      772   0.917160817517        0.500000000000E-001    11.0671614267     
      773   0.917160817517        0.100000000000         11.0671614267     
      774   0.917160817517        0.150000000000         11.0671614267     
      775   0.917160817517        0.200000000000         11.0671614267     
      776   0.917160817517        0.250000000000         11.0671614267     
      777   0.917160817517        0.300000000000         11.0671614267     
      778   0.917160817517        0.350000000000         11.0671614267     
      779   0.917160817517        0.400000000000         11.0671614267     
      780   0.917160817517        0.450000000000         11.0671614267     
 
      781   0.958748323882       -0.400000000000         11.0636362766     
      782   0.958748323882       -0.300000000000         11.0636362766     
      783   0.958748323882       -0.200000000000         11.0636362766     
      784   0.958748323882       -0.100000000000         11.0636362766     
      785   0.958748323882         0.00000000000         11.0636362766     
      786   0.958748323882        0.100000000000         11.0636362766     
      787   0.958748323882        0.200000000000         11.0636362766     
      788   0.958748323882        0.300000000000         11.0636362766     
      789   0.958748323882        0.400000000000         11.0636362766     

