
 
 
       1   1   1   1   0   1      1     4    38    25     3    37    33    24
       2   1   1   1   0   1      4     6    51    38     5    50    46    37
       3   1   1   1   0   1      6     2    10    51     7     9    59    50
       4   1   1   1   0   1     25    38    40    27    33    39    34    26
       5   1   1   1   0   1     38    51    53    40    46    52    47    39
       6   1   1   1   0   1     51    10    12    53    59    11    60    52
       7   1   1   1   0   1     27    40    42    29    34    41    35    28
       8   1   1   1   0   1     40    53    55    42    47    54    48    41
       9   1   1   1   0   1     53    12    14    55    60    13    61    54
      10   1   1   1   0   1     29    42    44    31    35    43    36    30
      11   1   1   1   0   1     42    55    57    44    48    56    49    43
      12   1   1   1   0   1     55    14    16    57    61    15    62    56
      13   1   1   1   0   1     31    44    20    18    36    45    19    32
      14   1   1   1   0   1     44    57    22    20    49    58    21    45
      15   1   1   1   0   1     57    16     8    22    62    17    23    58
      16   1   1   1   0   1      2    65    89    10    64    88    84     9
      17   1   1   1   0   1     65    67   102    89    66   101    97    88
      18   1   1   1   0   1     67    63    71   102    68    70   110   101
      19   1   1   1   0   1     10    89    91    12    84    90    85    11
      20   1   1   1   0   1     89   102   104    91    97   103    98    90
 
 
 
      21   1   1   1   0   1    102    71    73   104   110    72   111   103
      22   1   1   1   0   1     12    91    93    14    85    92    86    13
      23   1   1   1   0   1     91   104   106    93    98   105    99    92
      24   1   1   1   0   1    104    73    75   106   111    74   112   105
      25   1   1   1   0   1     14    93    95    16    86    94    87    15
      26   1   1   1   0   1     93   106   108    95    99   107   100    94
      27   1   1   1   0   1    106    75    77   108   112    76   113   107
      28   1   1   1   0   1     16    95    80     8    87    96    79    17
      29   1   1   1   0   1     95   108    82    80   100   109    81    96
      30   1   1   1   0   1    108    77    69    82   113    78    83   109
      31   1   1   1   0   1     63   116   140    71   115   139   135    70
      32   1   1   1   0   1    116   118   153   140   117   152   148   139
      33   1   1   1   0   1    118   114   122   153   119   121   161   152
      34   1   1   1   0   1     71   140   142    73   135   141   136    72
      35   1   1   1   0   1    140   153   155   142   148   154   149   141
      36   1   1   1   0   1    153   122   124   155   161   123   162   154
      37   1   1   1   0   1     73   142   144    75   136   143   137    74
      38   1   1   1   0   1    142   155   157   144   149   156   150   143
      39   1   1   1   0   1    155   124   126   157   162   125   163   156
      40   1   1   1   0   1     75   144   146    77   137   145   138    76
 
 
 
      41   1   1   1   0   1    144   157   159   146   150   158   151   145
      42   1   1   1   0   1    157   126   128   159   163   127   164   158
      43   1   1   1   0   1     77   146   131    69   138   147   130    78
      44   1   1   1   0   1    146   159   133   131   151   160   132   147
      45   1   1   1   0   1    159   128   120   133   164   129   134   160
      46   1   1   1   0   1    114   167   191   122   166   190   186   121
      47   1   1   1   0   1    167   169   204   191   168   203   199   190
      48   1   1   1   0   1    169   165   173   204   170   172   212   203
      49   1   1   1   0   1    122   191   193   124   186   192   187   123
      50   1   1   1   0   1    191   204   206   193   199   205   200   192
      51   1   1   1   0   1    204   173   175   206   212   174   213   205
      52   1   1   1   0   1    124   193   195   126   187   194   188   125
      53   1   1   1   0   1    193   206   208   195   200   207   201   194
      54   1   1   1   0   1    206   175   177   208   213   176   214   207
      55   1   1   1   0   1    126   195   197   128   188   196   189   127
      56   1   1   1   0   1    195   208   210   197   201   209   202   196
      57   1   1   1   0   1    208   177   179   210   214   178   215   209
      58   1   1   1   0   1    128   197   182   120   189   198   181   129
      59   1   1   1   0   1    197   210   184   182   202   211   183   198
      60   1   1   1   0   1    210   179   171   184   215   180   185   211

