
 
        1   -1.00055702885       -0.500000000000         12.1745541599     
        2  -0.500699293232       -0.500000000000         12.2053342264     
        3  -0.917341529393       -0.500000000000         12.1811070055     
        4  -0.834083195360       -0.500000000000         12.1870910632     
        5  -0.750785914427       -0.500000000000         12.1925060537     
        6  -0.667453576068       -0.500000000000         12.1973517242     
        7  -0.584090071464       -0.500000000000         12.2016278483     
        8  -0.500699293232        0.500000000000         12.2053342264     
        9  -0.500699293232       -0.400000000000         12.2053342264     
       10  -0.500699293232       -0.300000000000         12.2053342264     
       11  -0.500699293232       -0.200000000000         12.2053342264     
       12  -0.500699293232       -0.100000000000         12.2053342264     
       13  -0.500699293232         0.00000000000         12.2053342264     
       14  -0.500699293232        0.100000000000         12.2053342264     
       15  -0.500699293232        0.200000000000         12.2053342264     
       16  -0.500699293232        0.300000000000         12.2053342264     
       17  -0.500699293232        0.400000000000         12.2053342264     
       18   -1.00055702885        0.500000000000         12.1745541599     
       19  -0.917341529393        0.500000000000         12.1811070055     
       20  -0.834083195360        0.500000000000         12.1870910632     

 
       21  -0.750785914427        0.500000000000         12.1925060537     
       22  -0.667453576068        0.500000000000         12.1973517242     
       23  -0.584090071464        0.500000000000         12.2016278483     
       24   -1.00055702885       -0.400000000000         12.1745541599     
       25   -1.00055702885       -0.300000000000         12.1745541599     
       26   -1.00055702885       -0.200000000000         12.1745541599     
       27   -1.00055702885       -0.100000000000         12.1745541599     
       28   -1.00055702885         0.00000000000         12.1745541599     
       29   -1.00055702885        0.100000000000         12.1745541599     
       30   -1.00055702885        0.200000000000         12.1745541599     
       31   -1.00055702885        0.300000000000         12.1745541599     
       32   -1.00055702885        0.400000000000         12.1745541599     
       33  -0.917341529795       -0.300000000000         12.1811070054     
       34  -0.917341529795       -0.100000000000         12.1811070054     
       35  -0.917341529795        0.100000000000         12.1811070054     
       36  -0.917341529795        0.300000000000         12.1811070054     
       37  -0.834083195076       -0.400000000000         12.1870910632     
       38  -0.834083195076       -0.300000000000         12.1870910632     
       39  -0.834083195076       -0.200000000000         12.1870910632     
       40  -0.834083195076       -0.100000000000         12.1870910632     

 
       41  -0.834083195076         0.00000000000         12.1870910632     
       42  -0.834083195076        0.100000000000         12.1870910632     
       43  -0.834083195076        0.200000000000         12.1870910632     
       44  -0.834083195076        0.300000000000         12.1870910632     
       45  -0.834083195076        0.400000000000         12.1870910632     
       46  -0.750785913063       -0.300000000000         12.1925060538     
       47  -0.750785913063       -0.100000000000         12.1925060538     
       48  -0.750785913063        0.100000000000         12.1925060538     
       49  -0.750785913063        0.300000000000         12.1925060538     
       50  -0.667453573928       -0.400000000000         12.1973517243     
       51  -0.667453573928       -0.300000000000         12.1973517243     
       52  -0.667453573928       -0.200000000000         12.1973517243     
       53  -0.667453573928       -0.100000000000         12.1973517243     
       54  -0.667453573928         0.00000000000         12.1973517243     
       55  -0.667453573928        0.100000000000         12.1973517243     
       56  -0.667453573928        0.200000000000         12.1973517243     
       57  -0.667453573928        0.300000000000         12.1973517243     
       58  -0.667453573928        0.400000000000         12.1973517243     
       59  -0.584090069546       -0.300000000000         12.2016278484     
       60  -0.584090069546       -0.100000000000         12.2016278484     

 
       61  -0.584090069546        0.100000000000         12.2016278484     
       62  -0.584090069546        0.300000000000         12.2016278484     
       63    0.00000000000       -0.500000000000         12.2156000000     
       64  -0.417285135202       -0.500000000000         12.2084706854     
       65  -0.333851492360       -0.500000000000         12.2110370789     
       66  -0.250402260569       -0.500000000000         12.2130332869     
       67  -0.166941336398       -0.500000000000         12.2144592164     
       68  -0.834726170326E-001  -0.500000000000         12.2153148008     
       69    0.00000000000        0.500000000000         12.2156000000     
       70    0.00000000000       -0.400000000000         12.2156000000     
       71    0.00000000000       -0.300000000000         12.2156000000     
       72    0.00000000000       -0.200000000000         12.2156000000     
       73    0.00000000000       -0.100000000000         12.2156000000     
       74    0.00000000000         0.00000000000         12.2156000000     
       75    0.00000000000        0.100000000000         12.2156000000     
       76    0.00000000000        0.200000000000         12.2156000000     
       77    0.00000000000        0.300000000000         12.2156000000     
       78    0.00000000000        0.400000000000         12.2156000000     
       79  -0.417285135202        0.500000000000         12.2084706854     
       80  -0.333851492360        0.500000000000         12.2110370789     

 
       81  -0.250402260569        0.500000000000         12.2130332869     
       82  -0.166941336398        0.500000000000         12.2144592164     
       83  -0.834726170326E-001   0.500000000000         12.2153148008     
       84  -0.417285133300       -0.300000000000         12.2084706854     
       85  -0.417285133300       -0.100000000000         12.2084706854     
       86  -0.417285133300        0.100000000000         12.2084706854     
       87  -0.417285133300        0.300000000000         12.2084706854     
       88  -0.333851490186       -0.400000000000         12.2110370789     
       89  -0.333851490186       -0.300000000000         12.2110370789     
       90  -0.333851490186       -0.200000000000         12.2110370789     
       91  -0.333851490186       -0.100000000000         12.2110370789     
       92  -0.333851490186         0.00000000000         12.2110370789     
       93  -0.333851490186        0.100000000000         12.2110370789     
       94  -0.333851490186        0.200000000000         12.2110370789     
       95  -0.333851490186        0.300000000000         12.2110370789     
       96  -0.333851490186        0.400000000000         12.2110370789     
       97  -0.250402259101       -0.300000000000         12.2130332870     
       98  -0.250402259101       -0.100000000000         12.2130332870     
       99  -0.250402259101        0.100000000000         12.2130332870     
      100  -0.250402259101        0.300000000000         12.2130332870     

 
      101  -0.166941335963       -0.400000000000         12.2144592165     
      102  -0.166941335963       -0.300000000000         12.2144592165     
      103  -0.166941335963       -0.200000000000         12.2144592165     
      104  -0.166941335963       -0.100000000000         12.2144592165     
      105  -0.166941335963         0.00000000000         12.2144592165     
      106  -0.166941335963        0.100000000000         12.2144592165     
      107  -0.166941335963        0.200000000000         12.2144592165     
      108  -0.166941335963        0.300000000000         12.2144592165     
      109  -0.166941335963        0.400000000000         12.2144592165     
      110  -0.834726173044E-001  -0.300000000000         12.2153148008     
      111  -0.834726173044E-001  -0.100000000000         12.2153148008     
      112  -0.834726173044E-001   0.100000000000         12.2153148008     
      113  -0.834726173044E-001   0.300000000000         12.2153148008     
      114   0.500699293232       -0.500000000000         12.2053342264     
      115   0.834726170452E-001  -0.500000000000         12.2153148008     
      116   0.166941336388       -0.500000000000         12.2144592165     
      117   0.250402260528       -0.500000000000         12.2130332869     
      118   0.333851492349       -0.500000000000         12.2110370788     
      119   0.417285135214       -0.500000000000         12.2084706854     
      120   0.500699293232        0.500000000000         12.2053342264     

 
      121   0.500699293232       -0.400000000000         12.2053342264     
      122   0.500699293232       -0.300000000000         12.2053342264     
      123   0.500699293232       -0.200000000000         12.2053342264     
      124   0.500699293232       -0.100000000000         12.2053342264     
      125   0.500699293232         0.00000000000         12.2053342264     
      126   0.500699293232        0.100000000000         12.2053342264     
      127   0.500699293232        0.200000000000         12.2053342264     
      128   0.500699293232        0.300000000000         12.2053342264     
      129   0.500699293232        0.400000000000         12.2053342264     
      130   0.834726170452E-001   0.500000000000         12.2153148008     
      131   0.166941336388        0.500000000000         12.2144592165     
      132   0.250402260528        0.500000000000         12.2130332869     
      133   0.333851492349        0.500000000000         12.2110370788     
      134   0.417285135214        0.500000000000         12.2084706854     
      135   0.834726168474E-001  -0.300000000000         12.2153148008     
      136   0.834726168474E-001  -0.100000000000         12.2153148008     
      137   0.834726168474E-001   0.100000000000         12.2153148008     
      138   0.834726168474E-001   0.300000000000         12.2153148008     
      139   0.166941336704       -0.400000000000         12.2144592164     
      140   0.166941336704       -0.300000000000         12.2144592164     

 
      141   0.166941336704       -0.200000000000         12.2144592164     
      142   0.166941336704       -0.100000000000         12.2144592164     
      143   0.166941336704         0.00000000000         12.2144592164     
      144   0.166941336704        0.100000000000         12.2144592164     
      145   0.166941336704        0.200000000000         12.2144592164     
      146   0.166941336704        0.300000000000         12.2144592164     
      147   0.166941336704        0.400000000000         12.2144592164     
      148   0.250402261596       -0.300000000000         12.2130332869     
      149   0.250402261596       -0.100000000000         12.2130332869     
      150   0.250402261596        0.100000000000         12.2130332869     
      151   0.250402261596        0.300000000000         12.2130332869     
      152   0.333851493931       -0.400000000000         12.2110370788     
      153   0.333851493931       -0.300000000000         12.2110370788     
      154   0.333851493931       -0.200000000000         12.2110370788     
      155   0.333851493931       -0.100000000000         12.2110370788     
      156   0.333851493931         0.00000000000         12.2110370788     
      157   0.333851493931        0.100000000000         12.2110370788     
      158   0.333851493931        0.200000000000         12.2110370788     
      159   0.333851493931        0.300000000000         12.2110370788     
      160   0.333851493931        0.400000000000         12.2110370788     

 
      161   0.417285136598       -0.300000000000         12.2084706853     
      162   0.417285136598       -0.100000000000         12.2084706853     
      163   0.417285136598        0.100000000000         12.2084706853     
      164   0.417285136598        0.300000000000         12.2084706853     
      165    1.00055702885       -0.500000000000         12.1745541599     
      166   0.584090071478       -0.500000000000         12.2016278483     
      167   0.667453576058       -0.500000000000         12.1973517242     
      168   0.750785914386       -0.500000000000         12.1925060537     
      169   0.834083195350       -0.500000000000         12.1870910632     
      170   0.917341529406       -0.500000000000         12.1811070055     
      171    1.00055702885        0.500000000000         12.1745541599     
      172    1.00055702885       -0.400000000000         12.1745541599     
      173    1.00055702885       -0.300000000000         12.1745541599     
      174    1.00055702885       -0.200000000000         12.1745541599     
      175    1.00055702885       -0.100000000000         12.1745541599     
      176    1.00055702885         0.00000000000         12.1745541599     
      177    1.00055702885        0.100000000000         12.1745541599     
      178    1.00055702885        0.200000000000         12.1745541599     
      179    1.00055702885        0.300000000000         12.1745541599     
      180    1.00055702885        0.400000000000         12.1745541599     

 
      181   0.584090071478        0.500000000000         12.2016278483     
      182   0.667453576058        0.500000000000         12.1973517242     
      183   0.750785914386        0.500000000000         12.1925060537     
      184   0.834083195350        0.500000000000         12.1870910632     
      185   0.917341529406        0.500000000000         12.1811070055     
      186   0.584090071199       -0.300000000000         12.2016278483     
      187   0.584090071199       -0.100000000000         12.2016278483     
      188   0.584090071199        0.100000000000         12.2016278483     
      189   0.584090071199        0.300000000000         12.2016278483     
      190   0.667453575784       -0.400000000000         12.1973517242     
      191   0.667453575784       -0.300000000000         12.1973517242     
      192   0.667453575784       -0.200000000000         12.1973517242     
      193   0.667453575784       -0.100000000000         12.1973517242     
      194   0.667453575784         0.00000000000         12.1973517242     
      195   0.667453575784        0.100000000000         12.1973517242     
      196   0.667453575784        0.200000000000         12.1973517242     
      197   0.667453575784        0.300000000000         12.1973517242     
      198   0.667453575784        0.400000000000         12.1973517242     
      199   0.750785914272       -0.300000000000         12.1925060538     
      200   0.750785914272       -0.100000000000         12.1925060538     

 
      201   0.750785914272        0.100000000000         12.1925060538     
      202   0.750785914272        0.300000000000         12.1925060538     
      203   0.834083195421       -0.400000000000         12.1870910632     
      204   0.834083195421       -0.300000000000         12.1870910632     
      205   0.834083195421       -0.200000000000         12.1870910632     
      206   0.834083195421       -0.100000000000         12.1870910632     
      207   0.834083195421         0.00000000000         12.1870910632     
      208   0.834083195421        0.100000000000         12.1870910632     
      209   0.834083195421        0.200000000000         12.1870910632     
      210   0.834083195421        0.300000000000         12.1870910632     
      211   0.834083195421        0.400000000000         12.1870910632     
      212   0.917341529558       -0.300000000000         12.1811070055     
      213   0.917341529558       -0.100000000000         12.1811070055     
      214   0.917341529558        0.100000000000         12.1811070055     
      215   0.917341529558        0.300000000000         12.1811070055     

