
 
        1   -1.00022741353       -0.500000000000         12.3214686268     
        2  -0.500524143024       -0.500000000000         12.3518630005     
        3  -0.958636839229       -0.500000000000         12.3247742134     
        4  -0.917035345483       -0.500000000000         12.3279394132     
        5  -0.875423406153       -0.500000000000         12.3309641902     
        6  -0.833801495218       -0.500000000000         12.3338485100     
        7  -0.792170086772       -0.500000000000         12.3365923396     
        8  -0.750529655018       -0.500000000000         12.3391956479     
        9  -0.708880674267       -0.500000000000         12.3416584052     
       10  -0.667223618927       -0.500000000000         12.3439805834     
       11  -0.625558963500       -0.500000000000         12.3461621560     
       12  -0.583887182578       -0.500000000000         12.3482030983     
       13  -0.542208750835       -0.500000000000         12.3501033870     
       14  -0.500524143024        0.500000000000         12.3518630005     
       15  -0.500524143024       -0.450000000000         12.3518630005     
       16  -0.500524143024       -0.400000000000         12.3518630005     
       17  -0.500524143024       -0.350000000000         12.3518630005     
       18  -0.500524143024       -0.300000000000         12.3518630005     
       19  -0.500524143024       -0.250000000000         12.3518630005     
       20  -0.500524143024       -0.200000000000         12.3518630005     

 
       21  -0.500524143024       -0.150000000000         12.3518630005     
       22  -0.500524143024       -0.100000000000         12.3518630005     
       23  -0.500524143024       -0.500000000000E-001    12.3518630005     
       24  -0.500524143024         0.00000000000         12.3518630005     
       25  -0.500524143024        0.500000000000E-001    12.3518630005     
       26  -0.500524143024        0.100000000000         12.3518630005     
       27  -0.500524143024        0.150000000000         12.3518630005     
       28  -0.500524143024        0.200000000000         12.3518630005     
       29  -0.500524143024        0.250000000000         12.3518630005     
       30  -0.500524143024        0.300000000000         12.3518630005     
       31  -0.500524143024        0.350000000000         12.3518630005     
       32  -0.500524143024        0.400000000000         12.3518630005     
       33  -0.500524143024        0.450000000000         12.3518630005     
       34   -1.00022741353        0.500000000000         12.3214686268     
       35  -0.958636839229        0.500000000000         12.3247742134     
       36  -0.917035345483        0.500000000000         12.3279394132     
       37  -0.875423406153        0.500000000000         12.3309641902     
       38  -0.833801495218        0.500000000000         12.3338485100     
       39  -0.792170086772        0.500000000000         12.3365923396     
       40  -0.750529655018        0.500000000000         12.3391956479     

 
       41  -0.708880674267        0.500000000000         12.3416584052     
       42  -0.667223618927        0.500000000000         12.3439805834     
       43  -0.625558963500        0.500000000000         12.3461621560     
       44  -0.583887182578        0.500000000000         12.3482030983     
       45  -0.542208750835        0.500000000000         12.3501033870     
       46   -1.00022741353       -0.450000000000         12.3214686268     
       47   -1.00022741353       -0.400000000000         12.3214686268     
       48   -1.00022741353       -0.350000000000         12.3214686268     
       49   -1.00022741353       -0.300000000000         12.3214686268     
       50   -1.00022741353       -0.250000000000         12.3214686268     
       51   -1.00022741353       -0.200000000000         12.3214686268     
       52   -1.00022741353       -0.150000000000         12.3214686268     
       53   -1.00022741353       -0.100000000000         12.3214686268     
       54   -1.00022741353       -0.500000000000E-001    12.3214686268     
       55   -1.00022741353         0.00000000000         12.3214686268     
       56   -1.00022741353        0.500000000000E-001    12.3214686268     
       57   -1.00022741353        0.100000000000         12.3214686268     
       58   -1.00022741353        0.150000000000         12.3214686268     
       59   -1.00022741353        0.200000000000         12.3214686268     
       60   -1.00022741353        0.250000000000         12.3214686268     

 
       61   -1.00022741353        0.300000000000         12.3214686268     
       62   -1.00022741353        0.350000000000         12.3214686268     
       63   -1.00022741353        0.400000000000         12.3214686268     
       64   -1.00022741353        0.450000000000         12.3214686268     
       65  -0.958636839821       -0.400000000000         12.3247742133     
       66  -0.958636839821       -0.300000000000         12.3247742133     
       67  -0.958636839821       -0.200000000000         12.3247742133     
       68  -0.958636839821       -0.100000000000         12.3247742133     
       69  -0.958636839821         0.00000000000         12.3247742133     
       70  -0.958636839821        0.100000000000         12.3247742133     
       71  -0.958636839821        0.200000000000         12.3247742133     
       72  -0.958636839821        0.300000000000         12.3247742133     
       73  -0.958636839821        0.400000000000         12.3247742133     
       74  -0.917035346368       -0.450000000000         12.3279394131     
       75  -0.917035346368       -0.400000000000         12.3279394131     
       76  -0.917035346368       -0.350000000000         12.3279394131     
       77  -0.917035346368       -0.300000000000         12.3279394131     
       78  -0.917035346368       -0.250000000000         12.3279394131     
       79  -0.917035346368       -0.200000000000         12.3279394131     
       80  -0.917035346368       -0.150000000000         12.3279394131     

 
       81  -0.917035346368       -0.100000000000         12.3279394131     
       82  -0.917035346368       -0.500000000000E-001    12.3279394131     
       83  -0.917035346368         0.00000000000         12.3279394131     
       84  -0.917035346368        0.500000000000E-001    12.3279394131     
       85  -0.917035346368        0.100000000000         12.3279394131     
       86  -0.917035346368        0.150000000000         12.3279394131     
       87  -0.917035346368        0.200000000000         12.3279394131     
       88  -0.917035346368        0.250000000000         12.3279394131     
       89  -0.917035346368        0.300000000000         12.3279394131     
       90  -0.917035346368        0.350000000000         12.3279394131     
       91  -0.917035346368        0.400000000000         12.3279394131     
       92  -0.917035346368        0.450000000000         12.3279394131     
       93  -0.875423407089       -0.400000000000         12.3309641901     
       94  -0.875423407089       -0.300000000000         12.3309641901     
       95  -0.875423407089       -0.200000000000         12.3309641901     
       96  -0.875423407089       -0.100000000000         12.3309641901     
       97  -0.875423407089         0.00000000000         12.3309641901     
       98  -0.875423407089        0.100000000000         12.3309641901     
       99  -0.875423407089        0.200000000000         12.3309641901     
      100  -0.875423407089        0.300000000000         12.3309641901     

 
      101  -0.875423407089        0.400000000000         12.3309641901     
      102  -0.833801496020       -0.450000000000         12.3338485099     
      103  -0.833801496020       -0.400000000000         12.3338485099     
      104  -0.833801496020       -0.350000000000         12.3338485099     
      105  -0.833801496020       -0.300000000000         12.3338485099     
      106  -0.833801496020       -0.250000000000         12.3338485099     
      107  -0.833801496020       -0.200000000000         12.3338485099     
      108  -0.833801496020       -0.150000000000         12.3338485099     
      109  -0.833801496020       -0.100000000000         12.3338485099     
      110  -0.833801496020       -0.500000000000E-001    12.3338485099     
      111  -0.833801496020         0.00000000000         12.3338485099     
      112  -0.833801496020        0.500000000000E-001    12.3338485099     
      113  -0.833801496020        0.100000000000         12.3338485099     
      114  -0.833801496020        0.150000000000         12.3338485099     
      115  -0.833801496020        0.200000000000         12.3338485099     
      116  -0.833801496020        0.250000000000         12.3338485099     
      117  -0.833801496020        0.300000000000         12.3338485099     
      118  -0.833801496020        0.350000000000         12.3338485099     
      119  -0.833801496020        0.400000000000         12.3338485099     
      120  -0.833801496020        0.450000000000         12.3338485099     

 
      121  -0.792170087313       -0.400000000000         12.3365923396     
      122  -0.792170087313       -0.300000000000         12.3365923396     
      123  -0.792170087313       -0.200000000000         12.3365923396     
      124  -0.792170087313       -0.100000000000         12.3365923396     
      125  -0.792170087313         0.00000000000         12.3365923396     
      126  -0.792170087313        0.100000000000         12.3365923396     
      127  -0.792170087313        0.200000000000         12.3365923396     
      128  -0.792170087313        0.300000000000         12.3365923396     
      129  -0.792170087313        0.400000000000         12.3365923396     
      130  -0.750529655230       -0.450000000000         12.3391956479     
      131  -0.750529655230       -0.400000000000         12.3391956479     
      132  -0.750529655230       -0.350000000000         12.3391956479     
      133  -0.750529655230       -0.300000000000         12.3391956479     
      134  -0.750529655230       -0.250000000000         12.3391956479     
      135  -0.750529655230       -0.200000000000         12.3391956479     
      136  -0.750529655230       -0.150000000000         12.3391956479     
      137  -0.750529655230       -0.100000000000         12.3391956479     
      138  -0.750529655230       -0.500000000000E-001    12.3391956479     
      139  -0.750529655230         0.00000000000         12.3391956479     
      140  -0.750529655230        0.500000000000E-001    12.3391956479     

 
      141  -0.750529655230        0.100000000000         12.3391956479     
      142  -0.750529655230        0.150000000000         12.3391956479     
      143  -0.750529655230        0.200000000000         12.3391956479     
      144  -0.750529655230        0.250000000000         12.3391956479     
      145  -0.750529655230        0.300000000000         12.3391956479     
      146  -0.750529655230        0.350000000000         12.3391956479     
      147  -0.750529655230        0.400000000000         12.3391956479     
      148  -0.750529655230        0.450000000000         12.3391956479     
      149  -0.708880674137       -0.400000000000         12.3416584052     
      150  -0.708880674137       -0.300000000000         12.3416584052     
      151  -0.708880674137       -0.200000000000         12.3416584052     
      152  -0.708880674137       -0.100000000000         12.3416584052     
      153  -0.708880674137         0.00000000000         12.3416584052     
      154  -0.708880674137        0.100000000000         12.3416584052     
      155  -0.708880674137        0.200000000000         12.3416584052     
      156  -0.708880674137        0.300000000000         12.3416584052     
      157  -0.708880674137        0.400000000000         12.3416584052     
      158  -0.667223618501       -0.450000000000         12.3439805834     
      159  -0.667223618501       -0.400000000000         12.3439805834     
      160  -0.667223618501       -0.350000000000         12.3439805834     

 
      161  -0.667223618501       -0.300000000000         12.3439805834     
      162  -0.667223618501       -0.250000000000         12.3439805834     
      163  -0.667223618501       -0.200000000000         12.3439805834     
      164  -0.667223618501       -0.150000000000         12.3439805834     
      165  -0.667223618501       -0.100000000000         12.3439805834     
      166  -0.667223618501       -0.500000000000E-001    12.3439805834     
      167  -0.667223618501         0.00000000000         12.3439805834     
      168  -0.667223618501        0.500000000000E-001    12.3439805834     
      169  -0.667223618501        0.100000000000         12.3439805834     
      170  -0.667223618501        0.150000000000         12.3439805834     
      171  -0.667223618501        0.200000000000         12.3439805834     
      172  -0.667223618501        0.250000000000         12.3439805834     
      173  -0.667223618501        0.300000000000         12.3439805834     
      174  -0.667223618501        0.350000000000         12.3439805834     
      175  -0.667223618501        0.400000000000         12.3439805834     
      176  -0.667223618501        0.450000000000         12.3439805834     
      177  -0.625558962882       -0.400000000000         12.3461621561     
      178  -0.625558962882       -0.300000000000         12.3461621561     
      179  -0.625558962882       -0.200000000000         12.3461621561     
      180  -0.625558962882       -0.100000000000         12.3461621561     

 
      181  -0.625558962882         0.00000000000         12.3461621561     
      182  -0.625558962882        0.100000000000         12.3461621561     
      183  -0.625558962882        0.200000000000         12.3461621561     
      184  -0.625558962882        0.300000000000         12.3461621561     
      185  -0.625558962882        0.400000000000         12.3461621561     
      186  -0.583887181928       -0.450000000000         12.3482030984     
      187  -0.583887181928       -0.400000000000         12.3482030984     
      188  -0.583887181928       -0.350000000000         12.3482030984     
      189  -0.583887181928       -0.300000000000         12.3482030984     
      190  -0.583887181928       -0.250000000000         12.3482030984     
      191  -0.583887181928       -0.200000000000         12.3482030984     
      192  -0.583887181928       -0.150000000000         12.3482030984     
      193  -0.583887181928       -0.100000000000         12.3482030984     
      194  -0.583887181928       -0.500000000000E-001    12.3482030984     
      195  -0.583887181928         0.00000000000         12.3482030984     
      196  -0.583887181928        0.500000000000E-001    12.3482030984     
      197  -0.583887181928        0.100000000000         12.3482030984     
      198  -0.583887181928        0.150000000000         12.3482030984     
      199  -0.583887181928        0.200000000000         12.3482030984     
      200  -0.583887181928        0.250000000000         12.3482030984     

 
      201  -0.583887181928        0.300000000000         12.3482030984     
      202  -0.583887181928        0.350000000000         12.3482030984     
      203  -0.583887181928        0.400000000000         12.3482030984     
      204  -0.583887181928        0.450000000000         12.3482030984     
      205  -0.542208750372       -0.400000000000         12.3501033871     
      206  -0.542208750372       -0.300000000000         12.3501033871     
      207  -0.542208750372       -0.200000000000         12.3501033871     
      208  -0.542208750372       -0.100000000000         12.3501033871     
      209  -0.542208750372         0.00000000000         12.3501033871     
      210  -0.542208750372        0.100000000000         12.3501033871     
      211  -0.542208750372        0.200000000000         12.3501033871     
      212  -0.542208750372        0.300000000000         12.3501033871     
      213  -0.542208750372        0.400000000000         12.3501033871     
      214    0.00000000000       -0.500000000000         12.3620000000     
      215  -0.458833833867       -0.500000000000         12.3534819186     
      216  -0.417138298331       -0.500000000000         12.3549601230     
      217  -0.375438011346       -0.500000000000         12.3562975968     
      218  -0.333733447896       -0.500000000000         12.3574943247     
      219  -0.292025083017       -0.500000000000         12.3585502932     
      220  -0.250313391790       -0.500000000000         12.3594654903     

 
      221  -0.208598849336       -0.500000000000         12.3602399054     
      222  -0.166881930810       -0.500000000000         12.3608735299     
      223  -0.125163111397       -0.500000000000         12.3613663564     
      224  -0.834428663041E-001  -0.500000000000         12.3617183793     
      225  -0.417216707588E-001  -0.500000000000         12.3619295946     
      226    0.00000000000        0.500000000000         12.3620000000     
      227    0.00000000000       -0.450000000000         12.3620000000     
      228    0.00000000000       -0.400000000000         12.3620000000     
      229    0.00000000000       -0.350000000000         12.3620000000     
      230    0.00000000000       -0.300000000000         12.3620000000     
      231    0.00000000000       -0.250000000000         12.3620000000     
      232    0.00000000000       -0.200000000000         12.3620000000     
      233    0.00000000000       -0.150000000000         12.3620000000     
      234    0.00000000000       -0.100000000000         12.3620000000     
      235    0.00000000000       -0.500000000000E-001    12.3620000000     
      236    0.00000000000         0.00000000000         12.3620000000     
      237    0.00000000000        0.500000000000E-001    12.3620000000     
      238    0.00000000000        0.100000000000         12.3620000000     
      239    0.00000000000        0.150000000000         12.3620000000     
      240    0.00000000000        0.200000000000         12.3620000000     

 
      241    0.00000000000        0.250000000000         12.3620000000     
      242    0.00000000000        0.300000000000         12.3620000000     
      243    0.00000000000        0.350000000000         12.3620000000     
      244    0.00000000000        0.400000000000         12.3620000000     
      245    0.00000000000        0.450000000000         12.3620000000     
      246  -0.458833833867        0.500000000000         12.3534819186     
      247  -0.417138298331        0.500000000000         12.3549601230     
      248  -0.375438011346        0.500000000000         12.3562975968     
      249  -0.333733447896        0.500000000000         12.3574943247     
      250  -0.292025083017        0.500000000000         12.3585502932     
      251  -0.250313391790        0.500000000000         12.3594654903     
      252  -0.208598849336        0.500000000000         12.3602399054     
      253  -0.166881930810        0.500000000000         12.3608735299     
      254  -0.125163111397        0.500000000000         12.3613663564     
      255  -0.834428663041E-001   0.500000000000         12.3617183793     
      256  -0.417216707588E-001   0.500000000000         12.3619295946     
      257  -0.458833833269       -0.400000000000         12.3534819186     
      258  -0.458833833269       -0.300000000000         12.3534819186     
      259  -0.458833833269       -0.200000000000         12.3534819186     
      260  -0.458833833269       -0.100000000000         12.3534819186     

 
      261  -0.458833833269         0.00000000000         12.3534819186     
      262  -0.458833833269        0.100000000000         12.3534819186     
      263  -0.458833833269        0.200000000000         12.3534819186     
      264  -0.458833833269        0.300000000000         12.3534819186     
      265  -0.458833833269        0.400000000000         12.3534819186     
      266  -0.417138297556       -0.450000000000         12.3549601230     
      267  -0.417138297556       -0.400000000000         12.3549601230     
      268  -0.417138297556       -0.350000000000         12.3549601230     
      269  -0.417138297556       -0.300000000000         12.3549601230     
      270  -0.417138297556       -0.250000000000         12.3549601230     
      271  -0.417138297556       -0.200000000000         12.3549601230     
      272  -0.417138297556       -0.150000000000         12.3549601230     
      273  -0.417138297556       -0.100000000000         12.3549601230     
      274  -0.417138297556       -0.500000000000E-001    12.3549601230     
      275  -0.417138297556         0.00000000000         12.3549601230     
      276  -0.417138297556        0.500000000000E-001    12.3549601230     
      277  -0.417138297556        0.100000000000         12.3549601230     
      278  -0.417138297556        0.150000000000         12.3549601230     
      279  -0.417138297556        0.200000000000         12.3549601230     
      280  -0.417138297556        0.250000000000         12.3549601230     

 
      281  -0.417138297556        0.300000000000         12.3549601230     
      282  -0.417138297556        0.350000000000         12.3549601230     
      283  -0.417138297556        0.400000000000         12.3549601230     
      284  -0.417138297556        0.450000000000         12.3549601230     
      285  -0.375438010722       -0.400000000000         12.3562975968     
      286  -0.375438010722       -0.300000000000         12.3562975968     
      287  -0.375438010722       -0.200000000000         12.3562975968     
      288  -0.375438010722       -0.100000000000         12.3562975968     
      289  -0.375438010722         0.00000000000         12.3562975968     
      290  -0.375438010722        0.100000000000         12.3562975968     
      291  -0.375438010722        0.200000000000         12.3562975968     
      292  -0.375438010722        0.300000000000         12.3562975968     
      293  -0.375438010722        0.400000000000         12.3562975968     
      294  -0.333733447656       -0.450000000000         12.3574943247     
      295  -0.333733447656       -0.400000000000         12.3574943247     
      296  -0.333733447656       -0.350000000000         12.3574943247     
      297  -0.333733447656       -0.300000000000         12.3574943247     
      298  -0.333733447656       -0.250000000000         12.3574943247     
      299  -0.333733447656       -0.200000000000         12.3574943247     
      300  -0.333733447656       -0.150000000000         12.3574943247     

 
      301  -0.333733447656       -0.100000000000         12.3574943247     
      302  -0.333733447656       -0.500000000000E-001    12.3574943247     
      303  -0.333733447656         0.00000000000         12.3574943247     
      304  -0.333733447656        0.500000000000E-001    12.3574943247     
      305  -0.333733447656        0.100000000000         12.3574943247     
      306  -0.333733447656        0.150000000000         12.3574943247     
      307  -0.333733447656        0.200000000000         12.3574943247     
      308  -0.333733447656        0.250000000000         12.3574943247     
      309  -0.333733447656        0.300000000000         12.3574943247     
      310  -0.333733447656        0.350000000000         12.3574943247     
      311  -0.333733447656        0.400000000000         12.3574943247     
      312  -0.333733447656        0.450000000000         12.3574943247     
      313  -0.292025083302       -0.400000000000         12.3585502932     
      314  -0.292025083302       -0.300000000000         12.3585502932     
      315  -0.292025083302       -0.200000000000         12.3585502932     
      316  -0.292025083302       -0.100000000000         12.3585502932     
      317  -0.292025083302         0.00000000000         12.3585502932     
      318  -0.292025083302        0.100000000000         12.3585502932     
      319  -0.292025083302        0.200000000000         12.3585502932     
      320  -0.292025083302        0.300000000000         12.3585502932     

 
      321  -0.292025083302        0.400000000000         12.3585502932     
      322  -0.250313392646       -0.450000000000         12.3594654903     
      323  -0.250313392646       -0.400000000000         12.3594654903     
      324  -0.250313392646       -0.350000000000         12.3594654903     
      325  -0.250313392646       -0.300000000000         12.3594654903     
      326  -0.250313392646       -0.250000000000         12.3594654903     
      327  -0.250313392646       -0.200000000000         12.3594654903     
      328  -0.250313392646       -0.150000000000         12.3594654903     
      329  -0.250313392646       -0.100000000000         12.3594654903     
      330  -0.250313392646       -0.500000000000E-001    12.3594654903     
      331  -0.250313392646         0.00000000000         12.3594654903     
      332  -0.250313392646        0.500000000000E-001    12.3594654903     
      333  -0.250313392646        0.100000000000         12.3594654903     
      334  -0.250313392646        0.150000000000         12.3594654903     
      335  -0.250313392646        0.200000000000         12.3594654903     
      336  -0.250313392646        0.250000000000         12.3594654903     
      337  -0.250313392646        0.300000000000         12.3594654903     
      338  -0.250313392646        0.350000000000         12.3594654903     
      339  -0.250313392646        0.400000000000         12.3594654903     
      340  -0.250313392646        0.450000000000         12.3594654903     

 
      341  -0.208598850715       -0.400000000000         12.3602399054     
      342  -0.208598850715       -0.300000000000         12.3602399054     
      343  -0.208598850715       -0.200000000000         12.3602399054     
      344  -0.208598850715       -0.100000000000         12.3602399054     
      345  -0.208598850715         0.00000000000         12.3602399054     
      346  -0.208598850715        0.100000000000         12.3602399054     
      347  -0.208598850715        0.200000000000         12.3602399054     
      348  -0.208598850715        0.300000000000         12.3602399054     
      349  -0.208598850715        0.400000000000         12.3602399054     
      350  -0.166881932571       -0.450000000000         12.3608735298     
      351  -0.166881932571       -0.400000000000         12.3608735298     
      352  -0.166881932571       -0.350000000000         12.3608735298     
      353  -0.166881932571       -0.300000000000         12.3608735298     
      354  -0.166881932571       -0.250000000000         12.3608735298     
      355  -0.166881932571       -0.200000000000         12.3608735298     
      356  -0.166881932571       -0.150000000000         12.3608735298     
      357  -0.166881932571       -0.100000000000         12.3608735298     
      358  -0.166881932571       -0.500000000000E-001    12.3608735298     
      359  -0.166881932571         0.00000000000         12.3608735298     
      360  -0.166881932571        0.500000000000E-001    12.3608735298     

 
      361  -0.166881932571        0.100000000000         12.3608735298     
      362  -0.166881932571        0.150000000000         12.3608735298     
      363  -0.166881932571        0.200000000000         12.3608735298     
      364  -0.166881932571        0.250000000000         12.3608735298     
      365  -0.166881932571        0.300000000000         12.3608735298     
      366  -0.166881932571        0.350000000000         12.3608735298     
      367  -0.166881932571        0.400000000000         12.3608735298     
      368  -0.166881932571        0.450000000000         12.3608735298     
      369  -0.125163113305       -0.400000000000         12.3613663563     
      370  -0.125163113305       -0.300000000000         12.3613663563     
      371  -0.125163113305       -0.200000000000         12.3613663563     
      372  -0.125163113305       -0.100000000000         12.3613663563     
      373  -0.125163113305         0.00000000000         12.3613663563     
      374  -0.125163113305        0.100000000000         12.3613663563     
      375  -0.125163113305        0.200000000000         12.3613663563     
      376  -0.125163113305        0.300000000000         12.3613663563     
      377  -0.125163113305        0.400000000000         12.3613663563     
      378  -0.834428680302E-001  -0.450000000000         12.3617183793     
      379  -0.834428680302E-001  -0.400000000000         12.3617183793     
      380  -0.834428680302E-001  -0.350000000000         12.3617183793     

 
      381  -0.834428680302E-001  -0.300000000000         12.3617183793     
      382  -0.834428680302E-001  -0.250000000000         12.3617183793     
      383  -0.834428680302E-001  -0.200000000000         12.3617183793     
      384  -0.834428680302E-001  -0.150000000000         12.3617183793     
      385  -0.834428680302E-001  -0.100000000000         12.3617183793     
      386  -0.834428680302E-001  -0.500000000000E-001    12.3617183793     
      387  -0.834428680302E-001    0.00000000000         12.3617183793     
      388  -0.834428680302E-001   0.500000000000E-001    12.3617183793     
      389  -0.834428680302E-001   0.100000000000         12.3617183793     
      390  -0.834428680302E-001   0.150000000000         12.3617183793     
      391  -0.834428680302E-001   0.200000000000         12.3617183793     
      392  -0.834428680302E-001   0.250000000000         12.3617183793     
      393  -0.834428680302E-001   0.300000000000         12.3617183793     
      394  -0.834428680302E-001   0.350000000000         12.3617183793     
      395  -0.834428680302E-001   0.400000000000         12.3617183793     
      396  -0.834428680302E-001   0.450000000000         12.3617183793     
      397  -0.417216718801E-001  -0.400000000000         12.3619295946     
      398  -0.417216718801E-001  -0.300000000000         12.3619295946     
      399  -0.417216718801E-001  -0.200000000000         12.3619295946     
      400  -0.417216718801E-001  -0.100000000000         12.3619295946     

 
      401  -0.417216718801E-001    0.00000000000         12.3619295946     
      402  -0.417216718801E-001   0.100000000000         12.3619295946     
      403  -0.417216718801E-001   0.200000000000         12.3619295946     
      404  -0.417216718801E-001   0.300000000000         12.3619295946     
      405  -0.417216718801E-001   0.400000000000         12.3619295946     
      406   0.500524143024       -0.500000000000         12.3518630005     
      407   0.417216708269E-001  -0.500000000000         12.3619295946     
      408   0.834428663976E-001  -0.500000000000         12.3617183792     
      409   0.125163111491       -0.500000000000         12.3613663563     
      410   0.166881930895       -0.500000000000         12.3608735299     
      411   0.208598849411       -0.500000000000         12.3602399054     
      412   0.250313391861       -0.500000000000         12.3594654903     
      413   0.292025083092       -0.500000000000         12.3585502933     
      414   0.333733447981       -0.500000000000         12.3574943247     
      415   0.375438011440       -0.500000000000         12.3562975968     
      416   0.417138298425       -0.500000000000         12.3549601230     
      417   0.458833833935       -0.500000000000         12.3534819186     
      418   0.500524143024        0.500000000000         12.3518630005     
      419   0.500524143024       -0.450000000000         12.3518630005     
      420   0.500524143024       -0.400000000000         12.3518630005     

 
      421   0.500524143024       -0.350000000000         12.3518630005     
      422   0.500524143024       -0.300000000000         12.3518630005     
      423   0.500524143024       -0.250000000000         12.3518630005     
      424   0.500524143024       -0.200000000000         12.3518630005     
      425   0.500524143024       -0.150000000000         12.3518630005     
      426   0.500524143024       -0.100000000000         12.3518630005     
      427   0.500524143024       -0.500000000000E-001    12.3518630005     
      428   0.500524143024         0.00000000000         12.3518630005     
      429   0.500524143024        0.500000000000E-001    12.3518630005     
      430   0.500524143024        0.100000000000         12.3518630005     
      431   0.500524143024        0.150000000000         12.3518630005     
      432   0.500524143024        0.200000000000         12.3518630005     
      433   0.500524143024        0.250000000000         12.3518630005     
      434   0.500524143024        0.300000000000         12.3518630005     
      435   0.500524143024        0.350000000000         12.3518630005     
      436   0.500524143024        0.400000000000         12.3518630005     
      437   0.500524143024        0.450000000000         12.3518630005     
      438   0.417216708269E-001   0.500000000000         12.3619295946     
      439   0.834428663976E-001   0.500000000000         12.3617183792     
      440   0.125163111491        0.500000000000         12.3613663563     

 
      441   0.166881930895        0.500000000000         12.3608735299     
      442   0.208598849411        0.500000000000         12.3602399054     
      443   0.250313391861        0.500000000000         12.3594654903     
      444   0.292025083092        0.500000000000         12.3585502933     
      445   0.333733447981        0.500000000000         12.3574943247     
      446   0.375438011440        0.500000000000         12.3562975968     
      447   0.417138298425        0.500000000000         12.3549601230     
      448   0.458833833935        0.500000000000         12.3534819186     
      449   0.417216698739E-001  -0.400000000000         12.3619295946     
      450   0.417216698739E-001  -0.300000000000         12.3619295946     
      451   0.417216698739E-001  -0.200000000000         12.3619295946     
      452   0.417216698739E-001  -0.100000000000         12.3619295946     
      453   0.417216698739E-001    0.00000000000         12.3619295946     
      454   0.417216698739E-001   0.100000000000         12.3619295946     
      455   0.417216698739E-001   0.200000000000         12.3619295946     
      456   0.417216698739E-001   0.300000000000         12.3619295946     
      457   0.417216698739E-001   0.400000000000         12.3619295946     
      458   0.834428648244E-001  -0.450000000000         12.3617183793     
      459   0.834428648244E-001  -0.400000000000         12.3617183793     
      460   0.834428648244E-001  -0.350000000000         12.3617183793     

 
      461   0.834428648244E-001  -0.300000000000         12.3617183793     
      462   0.834428648244E-001  -0.250000000000         12.3617183793     
      463   0.834428648244E-001  -0.200000000000         12.3617183793     
      464   0.834428648244E-001  -0.150000000000         12.3617183793     
      465   0.834428648244E-001  -0.100000000000         12.3617183793     
      466   0.834428648244E-001  -0.500000000000E-001    12.3617183793     
      467   0.834428648244E-001    0.00000000000         12.3617183793     
      468   0.834428648244E-001   0.500000000000E-001    12.3617183793     
      469   0.834428648244E-001   0.100000000000         12.3617183793     
      470   0.834428648244E-001   0.150000000000         12.3617183793     
      471   0.834428648244E-001   0.200000000000         12.3617183793     
      472   0.834428648244E-001   0.250000000000         12.3617183793     
      473   0.834428648244E-001   0.300000000000         12.3617183793     
      474   0.834428648244E-001   0.350000000000         12.3617183793     
      475   0.834428648244E-001   0.400000000000         12.3617183793     
      476   0.834428648244E-001   0.450000000000         12.3617183793     
      477   0.125163109583       -0.400000000000         12.3613663564     
      478   0.125163109583       -0.300000000000         12.3613663564     
      479   0.125163109583       -0.200000000000         12.3613663564     
      480   0.125163109583       -0.100000000000         12.3613663564     

 
      481   0.125163109583         0.00000000000         12.3613663564     
      482   0.125163109583        0.100000000000         12.3613663564     
      483   0.125163109583        0.200000000000         12.3613663564     
      484   0.125163109583        0.300000000000         12.3613663564     
      485   0.125163109583        0.400000000000         12.3613663564     
      486   0.166881928889       -0.450000000000         12.3608735299     
      487   0.166881928889       -0.400000000000         12.3608735299     
      488   0.166881928889       -0.350000000000         12.3608735299     
      489   0.166881928889       -0.300000000000         12.3608735299     
      490   0.166881928889       -0.250000000000         12.3608735299     
      491   0.166881928889       -0.200000000000         12.3608735299     
      492   0.166881928889       -0.150000000000         12.3608735299     
      493   0.166881928889       -0.100000000000         12.3608735299     
      494   0.166881928889       -0.500000000000E-001    12.3608735299     
      495   0.166881928889         0.00000000000         12.3608735299     
      496   0.166881928889        0.500000000000E-001    12.3608735299     
      497   0.166881928889        0.100000000000         12.3608735299     
      498   0.166881928889        0.150000000000         12.3608735299     
      499   0.166881928889        0.200000000000         12.3608735299     
      500   0.166881928889        0.250000000000         12.3608735299     

 
      501   0.166881928889        0.300000000000         12.3608735299     
      502   0.166881928889        0.350000000000         12.3608735299     
      503   0.166881928889        0.400000000000         12.3608735299     
      504   0.166881928889        0.450000000000         12.3608735299     
      505   0.208598847497       -0.400000000000         12.3602399055     
      506   0.208598847497       -0.300000000000         12.3602399055     
      507   0.208598847497       -0.200000000000         12.3602399055     
      508   0.208598847497       -0.100000000000         12.3602399055     
      509   0.208598847497         0.00000000000         12.3602399055     
      510   0.208598847497        0.100000000000         12.3602399055     
      511   0.208598847497        0.200000000000         12.3602399055     
      512   0.208598847497        0.300000000000         12.3602399055     
      513   0.208598847497        0.400000000000         12.3602399055     
      514   0.250313390180       -0.450000000000         12.3594654903     
      515   0.250313390180       -0.400000000000         12.3594654903     
      516   0.250313390180       -0.350000000000         12.3594654903     
      517   0.250313390180       -0.300000000000         12.3594654903     
      518   0.250313390180       -0.250000000000         12.3594654903     
      519   0.250313390180       -0.200000000000         12.3594654903     
      520   0.250313390180       -0.150000000000         12.3594654903     

 
      521   0.250313390180       -0.100000000000         12.3594654903     
      522   0.250313390180       -0.500000000000E-001    12.3594654903     
      523   0.250313390180         0.00000000000         12.3594654903     
      524   0.250313390180        0.500000000000E-001    12.3594654903     
      525   0.250313390180        0.100000000000         12.3594654903     
      526   0.250313390180        0.150000000000         12.3594654903     
      527   0.250313390180        0.200000000000         12.3594654903     
      528   0.250313390180        0.250000000000         12.3594654903     
      529   0.250313390180        0.300000000000         12.3594654903     
      530   0.250313390180        0.350000000000         12.3594654903     
      531   0.250313390180        0.400000000000         12.3594654903     
      532   0.250313390180        0.450000000000         12.3594654903     
      533   0.292025081737       -0.400000000000         12.3585502933     
      534   0.292025081737       -0.300000000000         12.3585502933     
      535   0.292025081737       -0.200000000000         12.3585502933     
      536   0.292025081737       -0.100000000000         12.3585502933     
      537   0.292025081737         0.00000000000         12.3585502933     
      538   0.292025081737        0.100000000000         12.3585502933     
      539   0.292025081737        0.200000000000         12.3585502933     
      540   0.292025081737        0.300000000000         12.3585502933     

 
      541   0.292025081737        0.400000000000         12.3585502933     
      542   0.333733446997       -0.450000000000         12.3574943248     
      543   0.333733446997       -0.400000000000         12.3574943248     
      544   0.333733446997       -0.350000000000         12.3574943248     
      545   0.333733446997       -0.300000000000         12.3574943248     
      546   0.333733446997       -0.250000000000         12.3574943248     
      547   0.333733446997       -0.200000000000         12.3574943248     
      548   0.333733446997       -0.150000000000         12.3574943248     
      549   0.333733446997       -0.100000000000         12.3574943248     
      550   0.333733446997       -0.500000000000E-001    12.3574943248     
      551   0.333733446997         0.00000000000         12.3574943248     
      552   0.333733446997        0.500000000000E-001    12.3574943248     
      553   0.333733446997        0.100000000000         12.3574943248     
      554   0.333733446997        0.150000000000         12.3574943248     
      555   0.333733446997        0.200000000000         12.3574943248     
      556   0.333733446997        0.250000000000         12.3574943248     
      557   0.333733446997        0.300000000000         12.3574943248     
      558   0.333733446997        0.350000000000         12.3574943248     
      559   0.333733446997        0.400000000000         12.3574943248     
      560   0.333733446997        0.450000000000         12.3574943248     

 
      561   0.375438010826       -0.400000000000         12.3562975968     
      562   0.375438010826       -0.300000000000         12.3562975968     
      563   0.375438010826       -0.200000000000         12.3562975968     
      564   0.375438010826       -0.100000000000         12.3562975968     
      565   0.375438010826         0.00000000000         12.3562975968     
      566   0.375438010826        0.100000000000         12.3562975968     
      567   0.375438010826        0.200000000000         12.3562975968     
      568   0.375438010826        0.300000000000         12.3562975968     
      569   0.375438010826        0.400000000000         12.3562975968     
      570   0.417138298129       -0.450000000000         12.3549601230     
      571   0.417138298129       -0.400000000000         12.3549601230     
      572   0.417138298129       -0.350000000000         12.3549601230     
      573   0.417138298129       -0.300000000000         12.3549601230     
      574   0.417138298129       -0.250000000000         12.3549601230     
      575   0.417138298129       -0.200000000000         12.3549601230     
      576   0.417138298129       -0.150000000000         12.3549601230     
      577   0.417138298129       -0.100000000000         12.3549601230     
      578   0.417138298129       -0.500000000000E-001    12.3549601230     
      579   0.417138298129         0.00000000000         12.3549601230     
      580   0.417138298129        0.500000000000E-001    12.3549601230     

 
      581   0.417138298129        0.100000000000         12.3549601230     
      582   0.417138298129        0.150000000000         12.3549601230     
      583   0.417138298129        0.200000000000         12.3549601230     
      584   0.417138298129        0.250000000000         12.3549601230     
      585   0.417138298129        0.300000000000         12.3549601230     
      586   0.417138298129        0.350000000000         12.3549601230     
      587   0.417138298129        0.400000000000         12.3549601230     
      588   0.417138298129        0.450000000000         12.3549601230     
      589   0.458833833860       -0.400000000000         12.3534819186     
      590   0.458833833860       -0.300000000000         12.3534819186     
      591   0.458833833860       -0.200000000000         12.3534819186     
      592   0.458833833860       -0.100000000000         12.3534819186     
      593   0.458833833860         0.00000000000         12.3534819186     
      594   0.458833833860        0.100000000000         12.3534819186     
      595   0.458833833860        0.200000000000         12.3534819186     
      596   0.458833833860        0.300000000000         12.3534819186     
      597   0.458833833860        0.400000000000         12.3534819186     
      598    1.00022741353       -0.500000000000         12.3214686268     
      599   0.542208750904       -0.500000000000         12.3501033870     
      600   0.583887182672       -0.500000000000         12.3482030983     

 
      601   0.625558963595       -0.500000000000         12.3461621560     
      602   0.667223619012       -0.500000000000         12.3439805834     
      603   0.708880674342       -0.500000000000         12.3416584052     
      604   0.750529655089       -0.500000000000         12.3391956479     
      605   0.792170086846       -0.500000000000         12.3365923396     
      606   0.833801495302       -0.500000000000         12.3338485099     
      607   0.875423406247       -0.500000000000         12.3309641902     
      608   0.917035345576       -0.500000000000         12.3279394132     
      609   0.958636839297       -0.500000000000         12.3247742134     
      610    1.00022741353        0.500000000000         12.3214686268     
      611    1.00022741353       -0.450000000000         12.3214686268     
      612    1.00022741353       -0.400000000000         12.3214686268     
      613    1.00022741353       -0.350000000000         12.3214686268     
      614    1.00022741353       -0.300000000000         12.3214686268     
      615    1.00022741353       -0.250000000000         12.3214686268     
      616    1.00022741353       -0.200000000000         12.3214686268     
      617    1.00022741353       -0.150000000000         12.3214686268     
      618    1.00022741353       -0.100000000000         12.3214686268     
      619    1.00022741353       -0.500000000000E-001    12.3214686268     
      620    1.00022741353         0.00000000000         12.3214686268     

 
      621    1.00022741353        0.500000000000E-001    12.3214686268     
      622    1.00022741353        0.100000000000         12.3214686268     
      623    1.00022741353        0.150000000000         12.3214686268     
      624    1.00022741353        0.200000000000         12.3214686268     
      625    1.00022741353        0.250000000000         12.3214686268     
      626    1.00022741353        0.300000000000         12.3214686268     
      627    1.00022741353        0.350000000000         12.3214686268     
      628    1.00022741353        0.400000000000         12.3214686268     
      629    1.00022741353        0.450000000000         12.3214686268     
      630   0.542208750904        0.500000000000         12.3501033870     
      631   0.583887182672        0.500000000000         12.3482030983     
      632   0.625558963595        0.500000000000         12.3461621560     
      633   0.667223619012        0.500000000000         12.3439805834     
      634   0.708880674342        0.500000000000         12.3416584052     
      635   0.750529655089        0.500000000000         12.3391956479     
      636   0.792170086846        0.500000000000         12.3365923396     
      637   0.833801495302        0.500000000000         12.3338485099     
      638   0.875423406247        0.500000000000         12.3309641902     
      639   0.917035345576        0.500000000000         12.3279394132     
      640   0.958636839297        0.500000000000         12.3247742134     

 
      641   0.542208751475       -0.400000000000         12.3501033870     
      642   0.542208751475       -0.300000000000         12.3501033870     
      643   0.542208751475       -0.200000000000         12.3501033870     
      644   0.542208751475       -0.100000000000         12.3501033870     
      645   0.542208751475         0.00000000000         12.3501033870     
      646   0.542208751475        0.100000000000         12.3501033870     
      647   0.542208751475        0.200000000000         12.3501033870     
      648   0.542208751475        0.300000000000         12.3501033870     
      649   0.542208751475        0.400000000000         12.3501033870     
      650   0.583887183667       -0.450000000000         12.3482030983     
      651   0.583887183667       -0.400000000000         12.3482030983     
      652   0.583887183667       -0.350000000000         12.3482030983     
      653   0.583887183667       -0.300000000000         12.3482030983     
      654   0.583887183667       -0.250000000000         12.3482030983     
      655   0.583887183667       -0.200000000000         12.3482030983     
      656   0.583887183667       -0.150000000000         12.3482030983     
      657   0.583887183667       -0.100000000000         12.3482030983     
      658   0.583887183667       -0.500000000000E-001    12.3482030983     
      659   0.583887183667         0.00000000000         12.3482030983     
      660   0.583887183667        0.500000000000E-001    12.3482030983     

 
      661   0.583887183667        0.100000000000         12.3482030983     
      662   0.583887183667        0.150000000000         12.3482030983     
      663   0.583887183667        0.200000000000         12.3482030983     
      664   0.583887183667        0.250000000000         12.3482030983     
      665   0.583887183667        0.300000000000         12.3482030983     
      666   0.583887183667        0.350000000000         12.3482030983     
      667   0.583887183667        0.400000000000         12.3482030983     
      668   0.583887183667        0.450000000000         12.3482030983     
      669   0.625558964880       -0.400000000000         12.3461621560     
      670   0.625558964880       -0.300000000000         12.3461621560     
      671   0.625558964880       -0.200000000000         12.3461621560     
      672   0.625558964880       -0.100000000000         12.3461621560     
      673   0.625558964880         0.00000000000         12.3461621560     
      674   0.625558964880        0.100000000000         12.3461621560     
      675   0.625558964880        0.200000000000         12.3461621560     
      676   0.625558964880        0.300000000000         12.3461621560     
      677   0.625558964880        0.400000000000         12.3461621560     
      678   0.667223620466       -0.450000000000         12.3439805833     
      679   0.667223620466       -0.400000000000         12.3439805833     
      680   0.667223620466       -0.350000000000         12.3439805833     

 
      681   0.667223620466       -0.300000000000         12.3439805833     
      682   0.667223620466       -0.250000000000         12.3439805833     
      683   0.667223620466       -0.200000000000         12.3439805833     
      684   0.667223620466       -0.150000000000         12.3439805833     
      685   0.667223620466       -0.100000000000         12.3439805833     
      686   0.667223620466       -0.500000000000E-001    12.3439805833     
      687   0.667223620466         0.00000000000         12.3439805833     
      688   0.667223620466        0.500000000000E-001    12.3439805833     
      689   0.667223620466        0.100000000000         12.3439805833     
      690   0.667223620466        0.150000000000         12.3439805833     
      691   0.667223620466        0.200000000000         12.3439805833     
      692   0.667223620466        0.250000000000         12.3439805833     
      693   0.667223620466        0.300000000000         12.3439805833     
      694   0.667223620466        0.350000000000         12.3439805833     
      695   0.667223620466        0.400000000000         12.3439805833     
      696   0.667223620466        0.450000000000         12.3439805833     
      697   0.708880675857       -0.400000000000         12.3416584051     
      698   0.708880675857       -0.300000000000         12.3416584051     
      699   0.708880675857       -0.200000000000         12.3416584051     
      700   0.708880675857       -0.100000000000         12.3416584051     

 
      701   0.708880675857         0.00000000000         12.3416584051     
      702   0.708880675857        0.100000000000         12.3416584051     
      703   0.708880675857        0.200000000000         12.3416584051     
      704   0.708880675857        0.300000000000         12.3416584051     
      705   0.708880675857        0.400000000000         12.3416584051     
      706   0.750529656570       -0.450000000000         12.3391956478     
      707   0.750529656570       -0.400000000000         12.3391956478     
      708   0.750529656570       -0.350000000000         12.3391956478     
      709   0.750529656570       -0.300000000000         12.3391956478     
      710   0.750529656570       -0.250000000000         12.3391956478     
      711   0.750529656570       -0.200000000000         12.3391956478     
      712   0.750529656570       -0.150000000000         12.3391956478     
      713   0.750529656570       -0.100000000000         12.3391956478     
      714   0.750529656570       -0.500000000000E-001    12.3391956478     
      715   0.750529656570         0.00000000000         12.3391956478     
      716   0.750529656570        0.500000000000E-001    12.3391956478     
      717   0.750529656570        0.100000000000         12.3391956478     
      718   0.750529656570        0.150000000000         12.3391956478     
      719   0.750529656570        0.200000000000         12.3391956478     
      720   0.750529656570        0.250000000000         12.3391956478     

 
      721   0.750529656570        0.300000000000         12.3391956478     
      722   0.750529656570        0.350000000000         12.3391956478     
      723   0.750529656570        0.400000000000         12.3391956478     
      724   0.750529656570        0.450000000000         12.3391956478     
      725   0.792170088210       -0.400000000000         12.3365923395     
      726   0.792170088210       -0.300000000000         12.3365923395     
      727   0.792170088210       -0.200000000000         12.3365923395     
      728   0.792170088210       -0.100000000000         12.3365923395     
      729   0.792170088210         0.00000000000         12.3365923395     
      730   0.792170088210        0.100000000000         12.3365923395     
      731   0.792170088210        0.200000000000         12.3365923395     
      732   0.792170088210        0.300000000000         12.3365923395     
      733   0.792170088210        0.400000000000         12.3365923395     
      734   0.833801496481       -0.450000000000         12.3338485099     
      735   0.833801496481       -0.400000000000         12.3338485099     
      736   0.833801496481       -0.350000000000         12.3338485099     
      737   0.833801496481       -0.300000000000         12.3338485099     
      738   0.833801496481       -0.250000000000         12.3338485099     
      739   0.833801496481       -0.200000000000         12.3338485099     
      740   0.833801496481       -0.150000000000         12.3338485099     

 
      741   0.833801496481       -0.100000000000         12.3338485099     
      742   0.833801496481       -0.500000000000E-001    12.3338485099     
      743   0.833801496481         0.00000000000         12.3338485099     
      744   0.833801496481        0.500000000000E-001    12.3338485099     
      745   0.833801496481        0.100000000000         12.3338485099     
      746   0.833801496481        0.150000000000         12.3338485099     
      747   0.833801496481        0.200000000000         12.3338485099     
      748   0.833801496481        0.250000000000         12.3338485099     
      749   0.833801496481        0.300000000000         12.3338485099     
      750   0.833801496481        0.350000000000         12.3338485099     
      751   0.833801496481        0.400000000000         12.3338485099     
      752   0.833801496481        0.450000000000         12.3338485099     
      753   0.875423407183       -0.400000000000         12.3309641901     
      754   0.875423407183       -0.300000000000         12.3309641901     
      755   0.875423407183       -0.200000000000         12.3309641901     
      756   0.875423407183       -0.100000000000         12.3309641901     
      757   0.875423407183         0.00000000000         12.3309641901     
      758   0.875423407183        0.100000000000         12.3309641901     
      759   0.875423407183        0.200000000000         12.3309641901     
      760   0.875423407183        0.300000000000         12.3309641901     

 
      761   0.875423407183        0.400000000000         12.3309641901     
      762   0.917035346226       -0.450000000000         12.3279394131     
      763   0.917035346226       -0.400000000000         12.3279394131     
      764   0.917035346226       -0.350000000000         12.3279394131     
      765   0.917035346226       -0.300000000000         12.3279394131     
      766   0.917035346226       -0.250000000000         12.3279394131     
      767   0.917035346226       -0.200000000000         12.3279394131     
      768   0.917035346226       -0.150000000000         12.3279394131     
      769   0.917035346226       -0.100000000000         12.3279394131     
      770   0.917035346226       -0.500000000000E-001    12.3279394131     
      771   0.917035346226         0.00000000000         12.3279394131     
      772   0.917035346226        0.500000000000E-001    12.3279394131     
      773   0.917035346226        0.100000000000         12.3279394131     
      774   0.917035346226        0.150000000000         12.3279394131     
      775   0.917035346226        0.200000000000         12.3279394131     
      776   0.917035346226        0.250000000000         12.3279394131     
      777   0.917035346226        0.300000000000         12.3279394131     
      778   0.917035346226        0.350000000000         12.3279394131     
      779   0.917035346226        0.400000000000         12.3279394131     
      780   0.917035346226        0.450000000000         12.3279394131     

 
      781   0.958636839631       -0.400000000000         12.3247742133     
      782   0.958636839631       -0.300000000000         12.3247742133     
      783   0.958636839631       -0.200000000000         12.3247742133     
      784   0.958636839631       -0.100000000000         12.3247742133     
      785   0.958636839631         0.00000000000         12.3247742133     
      786   0.958636839631        0.100000000000         12.3247742133     
      787   0.958636839631        0.200000000000         12.3247742133     
      788   0.958636839631        0.300000000000         12.3247742133     
      789   0.958636839631        0.400000000000         12.3247742133     

