
 

 
        1  -0.999959498595       -0.500000000000         8.08207465266     
        2  -0.500928308809       -0.500000000000         8.12827906260     
        3  -0.958492218840       -0.500000000000         8.08709727630     
        4  -0.916999722791       -0.500000000000         8.09190714222     
        5  -0.875483102043       -0.500000000000         8.09650412387     
        6  -0.833943448856       -0.500000000000         8.10088810033     
        7  -0.792381856039       -0.500000000000         8.10505895624     
        8  -0.750799416992       -0.500000000000         8.10901658190     
        9  -0.709197225673       -0.500000000000         8.11276087316     
       10  -0.667576376570       -0.500000000000         8.11629173154     
       11  -0.625937964674       -0.500000000000         8.11960906414     
       12  -0.584283085448       -0.500000000000         8.12271278367     
       13  -0.542612834729       -0.500000000000         8.12560280850     
       14  -0.500928308809        0.500000000000         8.12827906260     
       15  -0.500928308809       -0.450000000000         8.12827906260     
       16  -0.500928308809       -0.400000000000         8.12827906260     
       17  -0.500928308809       -0.350000000000         8.12827906260     
       18  -0.500928308809       -0.300000000000         8.12827906260     
       19  -0.500928308809       -0.250000000000         8.12827906260     
       20  -0.500928308809       -0.200000000000         8.12827906260     

 
       21  -0.500928308809       -0.150000000000         8.12827906260     
       22  -0.500928308809       -0.100000000000         8.12827906260     
       23  -0.500928308809       -0.500000000000E-001    8.12827906260     
       24  -0.500928308809         0.00000000000         8.12827906260     
       25  -0.500928308809        0.500000000000E-001    8.12827906260     
       26  -0.500928308809        0.100000000000         8.12827906260     
       27  -0.500928308809        0.150000000000         8.12827906260     
       28  -0.500928308809        0.200000000000         8.12827906260     
       29  -0.500928308809        0.250000000000         8.12827906260     
       30  -0.500928308809        0.300000000000         8.12827906260     
       31  -0.500928308809        0.350000000000         8.12827906260     
       32  -0.500928308809        0.400000000000         8.12827906260     
       33  -0.500928308809        0.450000000000         8.12827906260     
       34  -0.999959498595        0.500000000000         8.08207465266     
       35  -0.958492218840        0.500000000000         8.08709727630     
       36  -0.916999722791        0.500000000000         8.09190714222     
       37  -0.875483102043        0.500000000000         8.09650412387     
       38  -0.833943448856        0.500000000000         8.10088810033     
       39  -0.792381856039        0.500000000000         8.10505895624     
       40  -0.750799416992        0.500000000000         8.10901658190     

 
       41  -0.709197225673        0.500000000000         8.11276087316     
       42  -0.667576376570        0.500000000000         8.11629173154     
       43  -0.625937964674        0.500000000000         8.11960906414     
       44  -0.584283085448        0.500000000000         8.12271278367     
       45  -0.542612834729        0.500000000000         8.12560280850     
       46  -0.999959498595       -0.450000000000         8.08207465266     
       47  -0.999959498595       -0.400000000000         8.08207465266     
       48  -0.999959498595       -0.350000000000         8.08207465266     
       49  -0.999959498595       -0.300000000000         8.08207465266     
       50  -0.999959498595       -0.250000000000         8.08207465266     
       51  -0.999959498595       -0.200000000000         8.08207465266     
       52  -0.999959498595       -0.150000000000         8.08207465266     
       53  -0.999959498595       -0.100000000000         8.08207465266     
       54  -0.999959498595       -0.500000000000E-001    8.08207465266     
       55  -0.999959498595         0.00000000000         8.08207465266     
       56  -0.999959498595        0.500000000000E-001    8.08207465266     
       57  -0.999959498595        0.100000000000         8.08207465266     
       58  -0.999959498595        0.150000000000         8.08207465266     
       59  -0.999959498595        0.200000000000         8.08207465266     
       60  -0.999959498595        0.250000000000         8.08207465266     

 
       61  -0.999959498595        0.300000000000         8.08207465266     
       62  -0.999959498595        0.350000000000         8.08207465266     
       63  -0.999959498595        0.400000000000         8.08207465266     
       64  -0.999959498595        0.450000000000         8.08207465266     
       65  -0.958492219298       -0.400000000000         8.08709727625     
       66  -0.958492219298       -0.300000000000         8.08709727625     
       67  -0.958492219298       -0.200000000000         8.08709727625     
       68  -0.958492219298       -0.100000000000         8.08709727625     
       69  -0.958492219298         0.00000000000         8.08709727625     
       70  -0.958492219298        0.100000000000         8.08709727625     
       71  -0.958492219298        0.200000000000         8.08709727625     
       72  -0.958492219298        0.300000000000         8.08709727625     
       73  -0.958492219298        0.400000000000         8.08709727625     
       74  -0.916999723507       -0.450000000000         8.09190714214     
       75  -0.916999723507       -0.400000000000         8.09190714214     
       76  -0.916999723507       -0.350000000000         8.09190714214     
       77  -0.916999723507       -0.300000000000         8.09190714214     
       78  -0.916999723507       -0.250000000000         8.09190714214     
       79  -0.916999723507       -0.200000000000         8.09190714214     
       80  -0.916999723507       -0.150000000000         8.09190714214     

 
       81  -0.916999723507       -0.100000000000         8.09190714214     
       82  -0.916999723507       -0.500000000000E-001    8.09190714214     
       83  -0.916999723507         0.00000000000         8.09190714214     
       84  -0.916999723507        0.500000000000E-001    8.09190714214     
       85  -0.916999723507        0.100000000000         8.09190714214     
       86  -0.916999723507        0.150000000000         8.09190714214     
       87  -0.916999723507        0.200000000000         8.09190714214     
       88  -0.916999723507        0.250000000000         8.09190714214     
       89  -0.916999723507        0.300000000000         8.09190714214     
       90  -0.916999723507        0.350000000000         8.09190714214     
       91  -0.916999723507        0.400000000000         8.09190714214     
       92  -0.916999723507        0.450000000000         8.09190714214     
       93  -0.875483102851       -0.400000000000         8.09650412380     
       94  -0.875483102851       -0.300000000000         8.09650412380     
       95  -0.875483102851       -0.200000000000         8.09650412380     
       96  -0.875483102851       -0.100000000000         8.09650412380     
       97  -0.875483102851         0.00000000000         8.09650412380     
       98  -0.875483102851        0.100000000000         8.09650412380     
       99  -0.875483102851        0.200000000000         8.09650412380     
      100  -0.875483102851        0.300000000000         8.09650412380     

 
      101  -0.875483102851        0.400000000000         8.09650412380     
      102  -0.833943449624       -0.450000000000         8.10088810025     
      103  -0.833943449624       -0.400000000000         8.10088810025     
      104  -0.833943449624       -0.350000000000         8.10088810025     
      105  -0.833943449624       -0.300000000000         8.10088810025     
      106  -0.833943449624       -0.250000000000         8.10088810025     
      107  -0.833943449624       -0.200000000000         8.10088810025     
      108  -0.833943449624       -0.150000000000         8.10088810025     
      109  -0.833943449624       -0.100000000000         8.10088810025     
      110  -0.833943449624       -0.500000000000E-001    8.10088810025     
      111  -0.833943449624         0.00000000000         8.10088810025     
      112  -0.833943449624        0.500000000000E-001    8.10088810025     
      113  -0.833943449624        0.100000000000         8.10088810025     
      114  -0.833943449624        0.150000000000         8.10088810025     
      115  -0.833943449624        0.200000000000         8.10088810025     
      116  -0.833943449624        0.250000000000         8.10088810025     
      117  -0.833943449624        0.300000000000         8.10088810025     
      118  -0.833943449624        0.350000000000         8.10088810025     
      119  -0.833943449624        0.400000000000         8.10088810025     
      120  -0.833943449624        0.450000000000         8.10088810025     

 
      121  -0.792381856673       -0.400000000000         8.10505895618     
      122  -0.792381856673       -0.300000000000         8.10505895618     
      123  -0.792381856673       -0.200000000000         8.10505895618     
      124  -0.792381856673       -0.100000000000         8.10505895618     
      125  -0.792381856673         0.00000000000         8.10505895618     
      126  -0.792381856673        0.100000000000         8.10505895618     
      127  -0.792381856673        0.200000000000         8.10505895618     
      128  -0.792381856673        0.300000000000         8.10505895618     
      129  -0.792381856673        0.400000000000         8.10505895618     
      130  -0.750799417432       -0.450000000000         8.10901658185     
      131  -0.750799417432       -0.400000000000         8.10901658185     
      132  -0.750799417432       -0.350000000000         8.10901658185     
      133  -0.750799417432       -0.300000000000         8.10901658185     
      134  -0.750799417432       -0.250000000000         8.10901658185     
      135  -0.750799417432       -0.200000000000         8.10901658185     
      136  -0.750799417432       -0.150000000000         8.10901658185     
      137  -0.750799417432       -0.100000000000         8.10901658185     
      138  -0.750799417432       -0.500000000000E-001    8.10901658185     
      139  -0.750799417432         0.00000000000         8.10901658185     
      140  -0.750799417432        0.500000000000E-001    8.10901658185     

 
      141  -0.750799417432        0.100000000000         8.10901658185     
      142  -0.750799417432        0.150000000000         8.10901658185     
      143  -0.750799417432        0.200000000000         8.10901658185     
      144  -0.750799417432        0.250000000000         8.10901658185     
      145  -0.750799417432        0.300000000000         8.10901658185     
      146  -0.750799417432        0.350000000000         8.10901658185     
      147  -0.750799417432        0.400000000000         8.10901658185     
      148  -0.750799417432        0.450000000000         8.10901658185     
      149  -0.709197225894       -0.400000000000         8.11276087314     
      150  -0.709197225894       -0.300000000000         8.11276087314     
      151  -0.709197225894       -0.200000000000         8.11276087314     
      152  -0.709197225894       -0.100000000000         8.11276087314     
      153  -0.709197225894         0.00000000000         8.11276087314     
      154  -0.709197225894        0.100000000000         8.11276087314     
      155  -0.709197225894        0.200000000000         8.11276087314     
      156  -0.709197225894        0.300000000000         8.11276087314     
      157  -0.709197225894        0.400000000000         8.11276087314     
      158  -0.667576376583       -0.450000000000         8.11629173154     
      159  -0.667576376583       -0.400000000000         8.11629173154     
      160  -0.667576376583       -0.350000000000         8.11629173154     

 
      161  -0.667576376583       -0.300000000000         8.11629173154     
      162  -0.667576376583       -0.250000000000         8.11629173154     
      163  -0.667576376583       -0.200000000000         8.11629173154     
      164  -0.667576376583       -0.150000000000         8.11629173154     
      165  -0.667576376583       -0.100000000000         8.11629173154     
      166  -0.667576376583       -0.500000000000E-001    8.11629173154     
      167  -0.667576376583         0.00000000000         8.11629173154     
      168  -0.667576376583        0.500000000000E-001    8.11629173154     
      169  -0.667576376583        0.100000000000         8.11629173154     
      170  -0.667576376583        0.150000000000         8.11629173154     
      171  -0.667576376583        0.200000000000         8.11629173154     
      172  -0.667576376583        0.250000000000         8.11629173154     
      173  -0.667576376583        0.300000000000         8.11629173154     
      174  -0.667576376583        0.350000000000         8.11629173154     
      175  -0.667576376583        0.400000000000         8.11629173154     
      176  -0.667576376583        0.450000000000         8.11629173154     
      177  -0.625937964526       -0.400000000000         8.11960906415     
      178  -0.625937964526       -0.300000000000         8.11960906415     
      179  -0.625937964526       -0.200000000000         8.11960906415     
      180  -0.625937964526       -0.100000000000         8.11960906415     

 
      181  -0.625937964526         0.00000000000         8.11960906415     
      182  -0.625937964526        0.100000000000         8.11960906415     
      183  -0.625937964526        0.200000000000         8.11960906415     
      184  -0.625937964526        0.300000000000         8.11960906415     
      185  -0.625937964526        0.400000000000         8.11960906415     
      186  -0.584283085220       -0.450000000000         8.12271278369     
      187  -0.584283085220       -0.400000000000         8.12271278369     
      188  -0.584283085220       -0.350000000000         8.12271278369     
      189  -0.584283085220       -0.300000000000         8.12271278369     
      190  -0.584283085220       -0.250000000000         8.12271278369     
      191  -0.584283085220       -0.200000000000         8.12271278369     
      192  -0.584283085220       -0.150000000000         8.12271278369     
      193  -0.584283085220       -0.100000000000         8.12271278369     
      194  -0.584283085220       -0.500000000000E-001    8.12271278369     
      195  -0.584283085220         0.00000000000         8.12271278369     
      196  -0.584283085220        0.500000000000E-001    8.12271278369     
      197  -0.584283085220        0.100000000000         8.12271278369     
      198  -0.584283085220        0.150000000000         8.12271278369     
      199  -0.584283085220        0.200000000000         8.12271278369     
      200  -0.584283085220        0.250000000000         8.12271278369     

 
      201  -0.584283085220        0.300000000000         8.12271278369     
      202  -0.584283085220        0.350000000000         8.12271278369     
      203  -0.584283085220        0.400000000000         8.12271278369     
      204  -0.584283085220        0.450000000000         8.12271278369     
      205  -0.542612834539       -0.400000000000         8.12560280852     
      206  -0.542612834539       -0.300000000000         8.12560280852     
      207  -0.542612834539       -0.200000000000         8.12560280852     
      208  -0.542612834539       -0.100000000000         8.12560280852     
      209  -0.542612834539         0.00000000000         8.12560280852     
      210  -0.542612834539        0.100000000000         8.12560280852     
      211  -0.542612834539        0.200000000000         8.12560280852     
      212  -0.542612834539        0.300000000000         8.12560280852     
      213  -0.542612834539        0.400000000000         8.12560280852     
      214    0.00000000000       -0.500000000000         8.14370000000     
      215  -0.459230604304       -0.500000000000         8.13074147554     
      216  -0.417520818226       -0.500000000000         8.13298998256     
      217  -0.375800047885       -0.500000000000         8.13502452449     
      218  -0.334069390913       -0.500000000000         8.13684504781     
      219  -0.292329945145       -0.500000000000         8.13845150463     
      220  -0.250582808659       -0.500000000000         8.13984385268     

 
      221  -0.208829079745       -0.500000000000         8.14102205534     
      222  -0.167069856880       -0.500000000000         8.14198608160     
      223  -0.125306238694       -0.500000000000         8.14273590610     
      224  -0.835393239447E-001  -0.500000000000         8.14327150913     
      225  -0.417702114158E-001  -0.500000000000         8.14359287658     
      226    0.00000000000        0.500000000000         8.14370000000     
      227    0.00000000000       -0.450000000000         8.14370000000     
      228    0.00000000000       -0.400000000000         8.14370000000     
      229    0.00000000000       -0.350000000000         8.14370000000     
      230    0.00000000000       -0.300000000000         8.14370000000     
      231    0.00000000000       -0.250000000000         8.14370000000     
      232    0.00000000000       -0.200000000000         8.14370000000     
      233    0.00000000000       -0.150000000000         8.14370000000     
      234    0.00000000000       -0.100000000000         8.14370000000     
      235    0.00000000000       -0.500000000000E-001    8.14370000000     
      236    0.00000000000         0.00000000000         8.14370000000     
      237    0.00000000000        0.500000000000E-001    8.14370000000     
      238    0.00000000000        0.100000000000         8.14370000000     
      239    0.00000000000        0.150000000000         8.14370000000     
      240    0.00000000000        0.200000000000         8.14370000000     

 
      241    0.00000000000        0.250000000000         8.14370000000     
      242    0.00000000000        0.300000000000         8.14370000000     
      243    0.00000000000        0.350000000000         8.14370000000     
      244    0.00000000000        0.400000000000         8.14370000000     
      245    0.00000000000        0.450000000000         8.14370000000     
      246  -0.459230604304        0.500000000000         8.13074147554     
      247  -0.417520818226        0.500000000000         8.13298998256     
      248  -0.375800047885        0.500000000000         8.13502452449     
      249  -0.334069390913        0.500000000000         8.13684504781     
      250  -0.292329945145        0.500000000000         8.13845150463     
      251  -0.250582808659        0.500000000000         8.13984385268     
      252  -0.208829079745        0.500000000000         8.14102205534     
      253  -0.167069856880        0.500000000000         8.14198608160     
      254  -0.125306238694        0.500000000000         8.14273590610     
      255  -0.835393239447E-001   0.500000000000         8.14327150913     
      256  -0.417702114158E-001   0.500000000000         8.14359287658     
      257  -0.459230604223       -0.400000000000         8.13074147554     
      258  -0.459230604223       -0.300000000000         8.13074147554     
      259  -0.459230604223       -0.200000000000         8.13074147554     
      260  -0.459230604223       -0.100000000000         8.13074147554     

 
      261  -0.459230604223         0.00000000000         8.13074147554     
      262  -0.459230604223        0.100000000000         8.13074147554     
      263  -0.459230604223        0.200000000000         8.13074147554     
      264  -0.459230604223        0.300000000000         8.13074147554     
      265  -0.459230604223        0.400000000000         8.13074147554     
      266  -0.417520818098       -0.450000000000         8.13298998256     
      267  -0.417520818098       -0.400000000000         8.13298998256     
      268  -0.417520818098       -0.350000000000         8.13298998256     
      269  -0.417520818098       -0.300000000000         8.13298998256     
      270  -0.417520818098       -0.250000000000         8.13298998256     
      271  -0.417520818098       -0.200000000000         8.13298998256     
      272  -0.417520818098       -0.150000000000         8.13298998256     
      273  -0.417520818098       -0.100000000000         8.13298998256     
      274  -0.417520818098       -0.500000000000E-001    8.13298998256     
      275  -0.417520818098         0.00000000000         8.13298998256     
      276  -0.417520818098        0.500000000000E-001    8.13298998256     
      277  -0.417520818098        0.100000000000         8.13298998256     
      278  -0.417520818098        0.150000000000         8.13298998256     
      279  -0.417520818098        0.200000000000         8.13298998256     
      280  -0.417520818098        0.250000000000         8.13298998256     

 
      281  -0.417520818098        0.300000000000         8.13298998256     
      282  -0.417520818098        0.350000000000         8.13298998256     
      283  -0.417520818098        0.400000000000         8.13298998256     
      284  -0.417520818098        0.450000000000         8.13298998256     
      285  -0.375800047737       -0.400000000000         8.13502452449     
      286  -0.375800047737       -0.300000000000         8.13502452449     
      287  -0.375800047737       -0.200000000000         8.13502452449     
      288  -0.375800047737       -0.100000000000         8.13502452449     
      289  -0.375800047737         0.00000000000         8.13502452449     
      290  -0.375800047737        0.100000000000         8.13502452449     
      291  -0.375800047737        0.200000000000         8.13502452449     
      292  -0.375800047737        0.300000000000         8.13502452449     
      293  -0.375800047737        0.400000000000         8.13502452449     
      294  -0.334069390767       -0.450000000000         8.13684504781     
      295  -0.334069390767       -0.400000000000         8.13684504781     
      296  -0.334069390767       -0.350000000000         8.13684504781     
      297  -0.334069390767       -0.300000000000         8.13684504781     
      298  -0.334069390767       -0.250000000000         8.13684504781     
      299  -0.334069390767       -0.200000000000         8.13684504781     
      300  -0.334069390767       -0.150000000000         8.13684504781     

 
      301  -0.334069390767       -0.100000000000         8.13684504781     
      302  -0.334069390767       -0.500000000000E-001    8.13684504781     
      303  -0.334069390767         0.00000000000         8.13684504781     
      304  -0.334069390767        0.500000000000E-001    8.13684504781     
      305  -0.334069390767        0.100000000000         8.13684504781     
      306  -0.334069390767        0.150000000000         8.13684504781     
      307  -0.334069390767        0.200000000000         8.13684504781     
      308  -0.334069390767        0.250000000000         8.13684504781     
      309  -0.334069390767        0.300000000000         8.13684504781     
      310  -0.334069390767        0.350000000000         8.13684504781     
      311  -0.334069390767        0.400000000000         8.13684504781     
      312  -0.334069390767        0.450000000000         8.13684504781     
      313  -0.292329945017       -0.400000000000         8.13845150463     
      314  -0.292329945017       -0.300000000000         8.13845150463     
      315  -0.292329945017       -0.200000000000         8.13845150463     
      316  -0.292329945017       -0.100000000000         8.13845150463     
      317  -0.292329945017         0.00000000000         8.13845150463     
      318  -0.292329945017        0.100000000000         8.13845150463     
      319  -0.292329945017        0.200000000000         8.13845150463     
      320  -0.292329945017        0.300000000000         8.13845150463     

 
      321  -0.292329945017        0.400000000000         8.13845150463     
      322  -0.250582808560       -0.450000000000         8.13984385268     
      323  -0.250582808560       -0.400000000000         8.13984385268     
      324  -0.250582808560       -0.350000000000         8.13984385268     
      325  -0.250582808560       -0.300000000000         8.13984385268     
      326  -0.250582808560       -0.250000000000         8.13984385268     
      327  -0.250582808560       -0.200000000000         8.13984385268     
      328  -0.250582808560       -0.150000000000         8.13984385268     
      329  -0.250582808560       -0.100000000000         8.13984385268     
      330  -0.250582808560       -0.500000000000E-001    8.13984385268     
      331  -0.250582808560         0.00000000000         8.13984385268     
      332  -0.250582808560        0.500000000000E-001    8.13984385268     
      333  -0.250582808560        0.100000000000         8.13984385268     
      334  -0.250582808560        0.150000000000         8.13984385268     
      335  -0.250582808560        0.200000000000         8.13984385268     
      336  -0.250582808560        0.250000000000         8.13984385268     
      337  -0.250582808560        0.300000000000         8.13984385268     
      338  -0.250582808560        0.350000000000         8.13984385268     
      339  -0.250582808560        0.400000000000         8.13984385268     
      340  -0.250582808560        0.450000000000         8.13984385268     

 
      341  -0.208829079681       -0.400000000000         8.14102205534     
      342  -0.208829079681       -0.300000000000         8.14102205534     
      343  -0.208829079681       -0.200000000000         8.14102205534     
      344  -0.208829079681       -0.100000000000         8.14102205534     
      345  -0.208829079681         0.00000000000         8.14102205534     
      346  -0.208829079681        0.100000000000         8.14102205534     
      347  -0.208829079681        0.200000000000         8.14102205534     
      348  -0.208829079681        0.300000000000         8.14102205534     
      349  -0.208829079681        0.400000000000         8.14102205534     
      350  -0.167069856851       -0.450000000000         8.14198608160     
      351  -0.167069856851       -0.400000000000         8.14198608160     
      352  -0.167069856851       -0.350000000000         8.14198608160     
      353  -0.167069856851       -0.300000000000         8.14198608160     
      354  -0.167069856851       -0.250000000000         8.14198608160     
      355  -0.167069856851       -0.200000000000         8.14198608160     
      356  -0.167069856851       -0.150000000000         8.14198608160     
      357  -0.167069856851       -0.100000000000         8.14198608160     
      358  -0.167069856851       -0.500000000000E-001    8.14198608160     
      359  -0.167069856851         0.00000000000         8.14198608160     
      360  -0.167069856851        0.500000000000E-001    8.14198608160     

 
      361  -0.167069856851        0.100000000000         8.14198608160     
      362  -0.167069856851        0.150000000000         8.14198608160     
      363  -0.167069856851        0.200000000000         8.14198608160     
      364  -0.167069856851        0.250000000000         8.14198608160     
      365  -0.167069856851        0.300000000000         8.14198608160     
      366  -0.167069856851        0.350000000000         8.14198608160     
      367  -0.167069856851        0.400000000000         8.14198608160     
      368  -0.167069856851        0.450000000000         8.14198608160     
      369  -0.125306238694       -0.400000000000         8.14273590610     
      370  -0.125306238694       -0.300000000000         8.14273590610     
      371  -0.125306238694       -0.200000000000         8.14273590610     
      372  -0.125306238694       -0.100000000000         8.14273590610     
      373  -0.125306238694         0.00000000000         8.14273590610     
      374  -0.125306238694        0.100000000000         8.14273590610     
      375  -0.125306238694        0.200000000000         8.14273590610     
      376  -0.125306238694        0.300000000000         8.14273590610     
      377  -0.125306238694        0.400000000000         8.14273590610     
      378  -0.835393239631E-001  -0.450000000000         8.14327150913     
      379  -0.835393239631E-001  -0.400000000000         8.14327150913     
      380  -0.835393239631E-001  -0.350000000000         8.14327150913     

 
      381  -0.835393239631E-001  -0.300000000000         8.14327150913     
      382  -0.835393239631E-001  -0.250000000000         8.14327150913     
      383  -0.835393239631E-001  -0.200000000000         8.14327150913     
      384  -0.835393239631E-001  -0.150000000000         8.14327150913     
      385  -0.835393239631E-001  -0.100000000000         8.14327150913     
      386  -0.835393239631E-001  -0.500000000000E-001    8.14327150913     
      387  -0.835393239631E-001    0.00000000000         8.14327150913     
      388  -0.835393239631E-001   0.500000000000E-001    8.14327150913     
      389  -0.835393239631E-001   0.100000000000         8.14327150913     
      390  -0.835393239631E-001   0.150000000000         8.14327150913     
      391  -0.835393239631E-001   0.200000000000         8.14327150913     
      392  -0.835393239631E-001   0.250000000000         8.14327150913     
      393  -0.835393239631E-001   0.300000000000         8.14327150913     
      394  -0.835393239631E-001   0.350000000000         8.14327150913     
      395  -0.835393239631E-001   0.400000000000         8.14327150913     
      396  -0.835393239631E-001   0.450000000000         8.14327150913     
      397  -0.417702114360E-001  -0.400000000000         8.14359287658     
      398  -0.417702114360E-001  -0.300000000000         8.14359287658     
      399  -0.417702114360E-001  -0.200000000000         8.14359287658     
      400  -0.417702114360E-001  -0.100000000000         8.14359287658     

 
      401  -0.417702114360E-001    0.00000000000         8.14359287658     
      402  -0.417702114360E-001   0.100000000000         8.14359287658     
      403  -0.417702114360E-001   0.200000000000         8.14359287658     
      404  -0.417702114360E-001   0.300000000000         8.14359287658     
      405  -0.417702114360E-001   0.400000000000         8.14359287658     
      406   0.500928308809       -0.500000000000         8.12827906260     
      407   0.417702114319E-001  -0.500000000000         8.14359287658     
      408   0.835393239608E-001  -0.500000000000         8.14327150913     
      409   0.125306238715       -0.500000000000         8.14273590610     
      410   0.167069856849       -0.500000000000         8.14198608160     
      411   0.208829079662       -0.500000000000         8.14102205534     
      412   0.250582808554       -0.500000000000         8.13984385268     
      413   0.292329945062       -0.500000000000         8.13845150463     
      414   0.334069390882       -0.500000000000         8.13684504781     
      415   0.375800047906       -0.500000000000         8.13502452449     
      416   0.417520818242       -0.500000000000         8.13298998256     
      417   0.459230604320       -0.500000000000         8.13074147554     
      418   0.500928308809        0.500000000000         8.12827906260     
      419   0.500928308809       -0.450000000000         8.12827906260     
      420   0.500928308809       -0.400000000000         8.12827906260     

 
      421   0.500928308809       -0.350000000000         8.12827906260     
      422   0.500928308809       -0.300000000000         8.12827906260     
      423   0.500928308809       -0.250000000000         8.12827906260     
      424   0.500928308809       -0.200000000000         8.12827906260     
      425   0.500928308809       -0.150000000000         8.12827906260     
      426   0.500928308809       -0.100000000000         8.12827906260     
      427   0.500928308809       -0.500000000000E-001    8.12827906260     
      428   0.500928308809         0.00000000000         8.12827906260     
      429   0.500928308809        0.500000000000E-001    8.12827906260     
      430   0.500928308809        0.100000000000         8.12827906260     
      431   0.500928308809        0.150000000000         8.12827906260     
      432   0.500928308809        0.200000000000         8.12827906260     
      433   0.500928308809        0.250000000000         8.12827906260     
      434   0.500928308809        0.300000000000         8.12827906260     
      435   0.500928308809        0.350000000000         8.12827906260     
      436   0.500928308809        0.400000000000         8.12827906260     
      437   0.500928308809        0.450000000000         8.12827906260     
      438   0.417702114319E-001   0.500000000000         8.14359287658     
      439   0.835393239608E-001   0.500000000000         8.14327150913     
      440   0.125306238715        0.500000000000         8.14273590610     

 
      441   0.167069856849        0.500000000000         8.14198608160     
      442   0.208829079662        0.500000000000         8.14102205534     
      443   0.250582808554        0.500000000000         8.13984385268     
      444   0.292329945062        0.500000000000         8.13845150463     
      445   0.334069390882        0.500000000000         8.13684504781     
      446   0.375800047906        0.500000000000         8.13502452449     
      447   0.417520818242        0.500000000000         8.13298998256     
      448   0.459230604320        0.500000000000         8.13074147554     
      449   0.417702114520E-001  -0.400000000000         8.14359287658     
      450   0.417702114520E-001  -0.300000000000         8.14359287658     
      451   0.417702114520E-001  -0.200000000000         8.14359287658     
      452   0.417702114520E-001  -0.100000000000         8.14359287658     
      453   0.417702114520E-001    0.00000000000         8.14359287658     
      454   0.417702114520E-001   0.100000000000         8.14359287658     
      455   0.417702114520E-001   0.200000000000         8.14359287658     
      456   0.417702114520E-001   0.300000000000         8.14359287658     
      457   0.417702114520E-001   0.400000000000         8.14359287658     
      458   0.835393239791E-001  -0.450000000000         8.14327150913     
      459   0.835393239791E-001  -0.400000000000         8.14327150913     
      460   0.835393239791E-001  -0.350000000000         8.14327150913     

 
      461   0.835393239791E-001  -0.300000000000         8.14327150913     
      462   0.835393239791E-001  -0.250000000000         8.14327150913     
      463   0.835393239791E-001  -0.200000000000         8.14327150913     
      464   0.835393239791E-001  -0.150000000000         8.14327150913     
      465   0.835393239791E-001  -0.100000000000         8.14327150913     
      466   0.835393239791E-001  -0.500000000000E-001    8.14327150913     
      467   0.835393239791E-001    0.00000000000         8.14327150913     
      468   0.835393239791E-001   0.500000000000E-001    8.14327150913     
      469   0.835393239791E-001   0.100000000000         8.14327150913     
      470   0.835393239791E-001   0.150000000000         8.14327150913     
      471   0.835393239791E-001   0.200000000000         8.14327150913     
      472   0.835393239791E-001   0.250000000000         8.14327150913     
      473   0.835393239791E-001   0.300000000000         8.14327150913     
      474   0.835393239791E-001   0.350000000000         8.14327150913     
      475   0.835393239791E-001   0.400000000000         8.14327150913     
      476   0.835393239791E-001   0.450000000000         8.14327150913     
      477   0.125306238715       -0.400000000000         8.14273590610     
      478   0.125306238715       -0.300000000000         8.14273590610     
      479   0.125306238715       -0.200000000000         8.14273590610     
      480   0.125306238715       -0.100000000000         8.14273590610     

 
      481   0.125306238715         0.00000000000         8.14273590610     
      482   0.125306238715        0.100000000000         8.14273590610     
      483   0.125306238715        0.200000000000         8.14273590610     
      484   0.125306238715        0.300000000000         8.14273590610     
      485   0.125306238715        0.400000000000         8.14273590610     
      486   0.167069856820       -0.450000000000         8.14198608160     
      487   0.167069856820       -0.400000000000         8.14198608160     
      488   0.167069856820       -0.350000000000         8.14198608160     
      489   0.167069856820       -0.300000000000         8.14198608160     
      490   0.167069856820       -0.250000000000         8.14198608160     
      491   0.167069856820       -0.200000000000         8.14198608160     
      492   0.167069856820       -0.150000000000         8.14198608160     
      493   0.167069856820       -0.100000000000         8.14198608160     
      494   0.167069856820       -0.500000000000E-001    8.14198608160     
      495   0.167069856820         0.00000000000         8.14198608160     
      496   0.167069856820        0.500000000000E-001    8.14198608160     
      497   0.167069856820        0.100000000000         8.14198608160     
      498   0.167069856820        0.150000000000         8.14198608160     
      499   0.167069856820        0.200000000000         8.14198608160     
      500   0.167069856820        0.250000000000         8.14198608160     

 
      501   0.167069856820        0.300000000000         8.14198608160     
      502   0.167069856820        0.350000000000         8.14198608160     
      503   0.167069856820        0.400000000000         8.14198608160     
      504   0.167069856820        0.450000000000         8.14198608160     
      505   0.208829079598       -0.400000000000         8.14102205534     
      506   0.208829079598       -0.300000000000         8.14102205534     
      507   0.208829079598       -0.200000000000         8.14102205534     
      508   0.208829079598       -0.100000000000         8.14102205534     
      509   0.208829079598         0.00000000000         8.14102205534     
      510   0.208829079598        0.100000000000         8.14102205534     
      511   0.208829079598        0.200000000000         8.14102205534     
      512   0.208829079598        0.300000000000         8.14102205534     
      513   0.208829079598        0.400000000000         8.14102205534     
      514   0.250582808456       -0.450000000000         8.13984385269     
      515   0.250582808456       -0.400000000000         8.13984385269     
      516   0.250582808456       -0.350000000000         8.13984385269     
      517   0.250582808456       -0.300000000000         8.13984385269     
      518   0.250582808456       -0.250000000000         8.13984385269     
      519   0.250582808456       -0.200000000000         8.13984385269     
      520   0.250582808456       -0.150000000000         8.13984385269     

 
      521   0.250582808456       -0.100000000000         8.13984385269     
      522   0.250582808456       -0.500000000000E-001    8.13984385269     
      523   0.250582808456         0.00000000000         8.13984385269     
      524   0.250582808456        0.500000000000E-001    8.13984385269     
      525   0.250582808456        0.100000000000         8.13984385269     
      526   0.250582808456        0.150000000000         8.13984385269     
      527   0.250582808456        0.200000000000         8.13984385269     
      528   0.250582808456        0.250000000000         8.13984385269     
      529   0.250582808456        0.300000000000         8.13984385269     
      530   0.250582808456        0.350000000000         8.13984385269     
      531   0.250582808456        0.400000000000         8.13984385269     
      532   0.250582808456        0.450000000000         8.13984385269     
      533   0.292329944934       -0.400000000000         8.13845150464     
      534   0.292329944934       -0.300000000000         8.13845150464     
      535   0.292329944934       -0.200000000000         8.13845150464     
      536   0.292329944934       -0.100000000000         8.13845150464     
      537   0.292329944934         0.00000000000         8.13845150464     
      538   0.292329944934        0.100000000000         8.13845150464     
      539   0.292329944934        0.200000000000         8.13845150464     
      540   0.292329944934        0.300000000000         8.13845150464     

 
      541   0.292329944934        0.400000000000         8.13845150464     
      542   0.334069390736       -0.450000000000         8.13684504782     
      543   0.334069390736       -0.400000000000         8.13684504782     
      544   0.334069390736       -0.350000000000         8.13684504782     
      545   0.334069390736       -0.300000000000         8.13684504782     
      546   0.334069390736       -0.250000000000         8.13684504782     
      547   0.334069390736       -0.200000000000         8.13684504782     
      548   0.334069390736       -0.150000000000         8.13684504782     
      549   0.334069390736       -0.100000000000         8.13684504782     
      550   0.334069390736       -0.500000000000E-001    8.13684504782     
      551   0.334069390736         0.00000000000         8.13684504782     
      552   0.334069390736        0.500000000000E-001    8.13684504782     
      553   0.334069390736        0.100000000000         8.13684504782     
      554   0.334069390736        0.150000000000         8.13684504782     
      555   0.334069390736        0.200000000000         8.13684504782     
      556   0.334069390736        0.250000000000         8.13684504782     
      557   0.334069390736        0.300000000000         8.13684504782     
      558   0.334069390736        0.350000000000         8.13684504782     
      559   0.334069390736        0.400000000000         8.13684504782     
      560   0.334069390736        0.450000000000         8.13684504782     

 
      561   0.375800047757       -0.400000000000         8.13502452449     
      562   0.375800047757       -0.300000000000         8.13502452449     
      563   0.375800047757       -0.200000000000         8.13502452449     
      564   0.375800047757       -0.100000000000         8.13502452449     
      565   0.375800047757         0.00000000000         8.13502452449     
      566   0.375800047757        0.100000000000         8.13502452449     
      567   0.375800047757        0.200000000000         8.13502452449     
      568   0.375800047757        0.300000000000         8.13502452449     
      569   0.375800047757        0.400000000000         8.13502452449     
      570   0.417520818114       -0.450000000000         8.13298998256     
      571   0.417520818114       -0.400000000000         8.13298998256     
      572   0.417520818114       -0.350000000000         8.13298998256     
      573   0.417520818114       -0.300000000000         8.13298998256     
      574   0.417520818114       -0.250000000000         8.13298998256     
      575   0.417520818114       -0.200000000000         8.13298998256     
      576   0.417520818114       -0.150000000000         8.13298998256     
      577   0.417520818114       -0.100000000000         8.13298998256     
      578   0.417520818114       -0.500000000000E-001    8.13298998256     
      579   0.417520818114         0.00000000000         8.13298998256     
      580   0.417520818114        0.500000000000E-001    8.13298998256     

 
      581   0.417520818114        0.100000000000         8.13298998256     
      582   0.417520818114        0.150000000000         8.13298998256     
      583   0.417520818114        0.200000000000         8.13298998256     
      584   0.417520818114        0.250000000000         8.13298998256     
      585   0.417520818114        0.300000000000         8.13298998256     
      586   0.417520818114        0.350000000000         8.13298998256     
      587   0.417520818114        0.400000000000         8.13298998256     
      588   0.417520818114        0.450000000000         8.13298998256     
      589   0.459230604240       -0.400000000000         8.13074147554     
      590   0.459230604240       -0.300000000000         8.13074147554     
      591   0.459230604240       -0.200000000000         8.13074147554     
      592   0.459230604240       -0.100000000000         8.13074147554     
      593   0.459230604240         0.00000000000         8.13074147554     
      594   0.459230604240        0.100000000000         8.13074147554     
      595   0.459230604240        0.200000000000         8.13074147554     
      596   0.459230604240        0.300000000000         8.13074147554     
      597   0.459230604240        0.400000000000         8.13074147554     
      598   0.999959498595       -0.500000000000         8.08207465266     
      599   0.542612834745       -0.500000000000         8.12560280850     
      600   0.584283085464       -0.500000000000         8.12271278367     

 
      601   0.625937964694       -0.500000000000         8.11960906413     
      602   0.667576376539       -0.500000000000         8.11629173154     
      603   0.709197225590       -0.500000000000         8.11276087317     
      604   0.750799416888       -0.500000000000         8.10901658190     
      605   0.792381855956       -0.500000000000         8.10505895625     
      606   0.833943448825       -0.500000000000         8.10088810033     
      607   0.875483102064       -0.500000000000         8.09650412387     
      608   0.916999722807       -0.500000000000         8.09190714221     
      609   0.958492218856       -0.500000000000         8.08709727630     
      610   0.999959498595        0.500000000000         8.08207465266     
      611   0.999959498595       -0.450000000000         8.08207465266     
      612   0.999959498595       -0.400000000000         8.08207465266     
      613   0.999959498595       -0.350000000000         8.08207465266     
      614   0.999959498595       -0.300000000000         8.08207465266     
      615   0.999959498595       -0.250000000000         8.08207465266     
      616   0.999959498595       -0.200000000000         8.08207465266     
      617   0.999959498595       -0.150000000000         8.08207465266     
      618   0.999959498595       -0.100000000000         8.08207465266     
      619   0.999959498595       -0.500000000000E-001    8.08207465266     
      620   0.999959498595         0.00000000000         8.08207465266     

 
      621   0.999959498595        0.500000000000E-001    8.08207465266     
      622   0.999959498595        0.100000000000         8.08207465266     
      623   0.999959498595        0.150000000000         8.08207465266     
      624   0.999959498595        0.200000000000         8.08207465266     
      625   0.999959498595        0.250000000000         8.08207465266     
      626   0.999959498595        0.300000000000         8.08207465266     
      627   0.999959498595        0.350000000000         8.08207465266     
      628   0.999959498595        0.400000000000         8.08207465266     
      629   0.999959498595        0.450000000000         8.08207465266     
      630   0.542612834745        0.500000000000         8.12560280850     
      631   0.584283085464        0.500000000000         8.12271278367     
      632   0.625937964694        0.500000000000         8.11960906413     
      633   0.667576376539        0.500000000000         8.11629173154     
      634   0.709197225590        0.500000000000         8.11276087317     
      635   0.750799416888        0.500000000000         8.10901658190     
      636   0.792381855956        0.500000000000         8.10505895625     
      637   0.833943448825        0.500000000000         8.10088810033     
      638   0.875483102064        0.500000000000         8.09650412387     
      639   0.916999722807        0.500000000000         8.09190714221     
      640   0.958492218856        0.500000000000         8.08709727630     

 
      641   0.542612834561       -0.400000000000         8.12560280852     
      642   0.542612834561       -0.300000000000         8.12560280852     
      643   0.542612834561       -0.200000000000         8.12560280852     
      644   0.542612834561       -0.100000000000         8.12560280852     
      645   0.542612834561         0.00000000000         8.12560280852     
      646   0.542612834561        0.100000000000         8.12560280852     
      647   0.542612834561        0.200000000000         8.12560280852     
      648   0.542612834561        0.300000000000         8.12560280852     
      649   0.542612834561        0.400000000000         8.12560280852     
      650   0.584283085241       -0.450000000000         8.12271278369     
      651   0.584283085241       -0.400000000000         8.12271278369     
      652   0.584283085241       -0.350000000000         8.12271278369     
      653   0.584283085241       -0.300000000000         8.12271278369     
      654   0.584283085241       -0.250000000000         8.12271278369     
      655   0.584283085241       -0.200000000000         8.12271278369     
      656   0.584283085241       -0.150000000000         8.12271278369     
      657   0.584283085241       -0.100000000000         8.12271278369     
      658   0.584283085241       -0.500000000000E-001    8.12271278369     
      659   0.584283085241         0.00000000000         8.12271278369     
      660   0.584283085241        0.500000000000E-001    8.12271278369     

 
      661   0.584283085241        0.100000000000         8.12271278369     
      662   0.584283085241        0.150000000000         8.12271278369     
      663   0.584283085241        0.200000000000         8.12271278369     
      664   0.584283085241        0.250000000000         8.12271278369     
      665   0.584283085241        0.300000000000         8.12271278369     
      666   0.584283085241        0.350000000000         8.12271278369     
      667   0.584283085241        0.400000000000         8.12271278369     
      668   0.584283085241        0.450000000000         8.12271278369     
      669   0.625937964546       -0.400000000000         8.11960906414     
      670   0.625937964546       -0.300000000000         8.11960906414     
      671   0.625937964546       -0.200000000000         8.11960906414     
      672   0.625937964546       -0.100000000000         8.11960906414     
      673   0.625937964546         0.00000000000         8.11960906414     
      674   0.625937964546        0.100000000000         8.11960906414     
      675   0.625937964546        0.200000000000         8.11960906414     
      676   0.625937964546        0.300000000000         8.11960906414     
      677   0.625937964546        0.400000000000         8.11960906414     
      678   0.667576376544       -0.450000000000         8.11629173154     
      679   0.667576376544       -0.400000000000         8.11629173154     
      680   0.667576376544       -0.350000000000         8.11629173154     

 
      681   0.667576376544       -0.300000000000         8.11629173154     
      682   0.667576376544       -0.250000000000         8.11629173154     
      683   0.667576376544       -0.200000000000         8.11629173154     
      684   0.667576376544       -0.150000000000         8.11629173154     
      685   0.667576376544       -0.100000000000         8.11629173154     
      686   0.667576376544       -0.500000000000E-001    8.11629173154     
      687   0.667576376544         0.00000000000         8.11629173154     
      688   0.667576376544        0.500000000000E-001    8.11629173154     
      689   0.667576376544        0.100000000000         8.11629173154     
      690   0.667576376544        0.150000000000         8.11629173154     
      691   0.667576376544        0.200000000000         8.11629173154     
      692   0.667576376544        0.250000000000         8.11629173154     
      693   0.667576376544        0.300000000000         8.11629173154     
      694   0.667576376544        0.350000000000         8.11629173154     
      695   0.667576376544        0.400000000000         8.11629173154     
      696   0.667576376544        0.450000000000         8.11629173154     
      697   0.709197225792       -0.400000000000         8.11276087315     
      698   0.709197225792       -0.300000000000         8.11276087315     
      699   0.709197225792       -0.200000000000         8.11276087315     
      700   0.709197225792       -0.100000000000         8.11276087315     

 
      701   0.709197225792         0.00000000000         8.11276087315     
      702   0.709197225792        0.100000000000         8.11276087315     
      703   0.709197225792        0.200000000000         8.11276087315     
      704   0.709197225792        0.300000000000         8.11276087315     
      705   0.709197225792        0.400000000000         8.11276087315     
      706   0.750799417299       -0.450000000000         8.10901658187     
      707   0.750799417299       -0.400000000000         8.10901658187     
      708   0.750799417299       -0.350000000000         8.10901658187     
      709   0.750799417299       -0.300000000000         8.10901658187     
      710   0.750799417299       -0.250000000000         8.10901658187     
      711   0.750799417299       -0.200000000000         8.10901658187     
      712   0.750799417299       -0.150000000000         8.10901658187     
      713   0.750799417299       -0.100000000000         8.10901658187     
      714   0.750799417299       -0.500000000000E-001    8.10901658187     
      715   0.750799417299         0.00000000000         8.10901658187     
      716   0.750799417299        0.500000000000E-001    8.10901658187     
      717   0.750799417299        0.100000000000         8.10901658187     
      718   0.750799417299        0.150000000000         8.10901658187     
      719   0.750799417299        0.200000000000         8.10901658187     
      720   0.750799417299        0.250000000000         8.10901658187     

 
      721   0.750799417299        0.300000000000         8.10901658187     
      722   0.750799417299        0.350000000000         8.10901658187     
      723   0.750799417299        0.400000000000         8.10901658187     
      724   0.750799417299        0.450000000000         8.10901658187     
      725   0.792381856553       -0.400000000000         8.10505895620     
      726   0.792381856553       -0.300000000000         8.10505895620     
      727   0.792381856553       -0.200000000000         8.10505895620     
      728   0.792381856553       -0.100000000000         8.10505895620     
      729   0.792381856553         0.00000000000         8.10505895620     
      730   0.792381856553        0.100000000000         8.10505895620     
      731   0.792381856553        0.200000000000         8.10505895620     
      732   0.792381856553        0.300000000000         8.10505895620     
      733   0.792381856553        0.400000000000         8.10505895620     
      734   0.833943449551       -0.450000000000         8.10088810026     
      735   0.833943449551       -0.400000000000         8.10088810026     
      736   0.833943449551       -0.350000000000         8.10088810026     
      737   0.833943449551       -0.300000000000         8.10088810026     
      738   0.833943449551       -0.250000000000         8.10088810026     
      739   0.833943449551       -0.200000000000         8.10088810026     
      740   0.833943449551       -0.150000000000         8.10088810026     

 
      741   0.833943449551       -0.100000000000         8.10088810026     
      742   0.833943449551       -0.500000000000E-001    8.10088810026     
      743   0.833943449551         0.00000000000         8.10088810026     
      744   0.833943449551        0.500000000000E-001    8.10088810026     
      745   0.833943449551        0.100000000000         8.10088810026     
      746   0.833943449551        0.150000000000         8.10088810026     
      747   0.833943449551        0.200000000000         8.10088810026     
      748   0.833943449551        0.250000000000         8.10088810026     
      749   0.833943449551        0.300000000000         8.10088810026     
      750   0.833943449551        0.350000000000         8.10088810026     
      751   0.833943449551        0.400000000000         8.10088810026     
      752   0.833943449551        0.450000000000         8.10088810026     
      753   0.875483102827       -0.400000000000         8.09650412380     
      754   0.875483102827       -0.300000000000         8.09650412380     
      755   0.875483102827       -0.200000000000         8.09650412380     
      756   0.875483102827       -0.100000000000         8.09650412380     
      757   0.875483102827         0.00000000000         8.09650412380     
      758   0.875483102827        0.100000000000         8.09650412380     
      759   0.875483102827        0.200000000000         8.09650412380     
      760   0.875483102827        0.300000000000         8.09650412380     

 
      761   0.875483102827        0.400000000000         8.09650412380     
      762   0.916999723485       -0.450000000000         8.09190714215     
      763   0.916999723485       -0.400000000000         8.09190714215     
      764   0.916999723485       -0.350000000000         8.09190714215     
      765   0.916999723485       -0.300000000000         8.09190714215     
      766   0.916999723485       -0.250000000000         8.09190714215     
      767   0.916999723485       -0.200000000000         8.09190714215     
      768   0.916999723485       -0.150000000000         8.09190714215     
      769   0.916999723485       -0.100000000000         8.09190714215     
      770   0.916999723485       -0.500000000000E-001    8.09190714215     
      771   0.916999723485         0.00000000000         8.09190714215     
      772   0.916999723485        0.500000000000E-001    8.09190714215     
      773   0.916999723485        0.100000000000         8.09190714215     
      774   0.916999723485        0.150000000000         8.09190714215     
      775   0.916999723485        0.200000000000         8.09190714215     
      776   0.916999723485        0.250000000000         8.09190714215     
      777   0.916999723485        0.300000000000         8.09190714215     
      778   0.916999723485        0.350000000000         8.09190714215     
      779   0.916999723485        0.400000000000         8.09190714215     
      780   0.916999723485        0.450000000000         8.09190714215     

 
      781   0.958492219290       -0.400000000000         8.08709727625     
      782   0.958492219290       -0.300000000000         8.08709727625     
      783   0.958492219290       -0.200000000000         8.08709727625     
      784   0.958492219290       -0.100000000000         8.08709727625     
      785   0.958492219290         0.00000000000         8.08709727625     
      786   0.958492219290        0.100000000000         8.08709727625     
      787   0.958492219290        0.200000000000         8.08709727625     
      788   0.958492219290        0.300000000000         8.08709727625     
      789   0.958492219290        0.400000000000         8.08709727625     

