
 
        1   -1.00157899361       -0.500000000000         40.7063799571     
        2  -0.500827381415       -0.500000000000         40.7156198728     
        3  -0.959854435318       -0.500000000000         40.7073851918     
        4  -0.918128868579       -0.500000000000         40.7083476583     
        5  -0.876402337231       -0.500000000000         40.7092673556     
        6  -0.834674885113       -0.500000000000         40.7101442828     
        7  -0.792946556065       -0.500000000000         40.7109784389     
        8  -0.751217393927       -0.500000000000         40.7117698229     
        9  -0.709487442542       -0.500000000000         40.7125184343     
       10  -0.667756745751       -0.500000000000         40.7132242720     
       11  -0.626025347399       -0.500000000000         40.7138873354     
       12  -0.584293291329       -0.500000000000         40.7145076237     
       13  -0.542560621386       -0.500000000000         40.7150851364     
       14  -0.500827381415        0.500000000000         40.7156198728     
       15  -0.500827381415       -0.450000000000         40.7156198728     
       16  -0.500827381415       -0.400000000000         40.7156198728     
       17  -0.500827381415       -0.350000000000         40.7156198728     
       18  -0.500827381415       -0.300000000000         40.7156198728     
       19  -0.500827381415       -0.250000000000         40.7156198728     
       20  -0.500827381415       -0.200000000000         40.7156198728     

 
       21  -0.500827381415       -0.150000000000         40.7156198728     
       22  -0.500827381415       -0.100000000000         40.7156198728     
       23  -0.500827381415       -0.500000000000E-001    40.7156198728     
       24  -0.500827381415         0.00000000000         40.7156198728     
       25  -0.500827381415        0.500000000000E-001    40.7156198728     
       26  -0.500827381415        0.100000000000         40.7156198728     
       27  -0.500827381415        0.150000000000         40.7156198728     
       28  -0.500827381415        0.200000000000         40.7156198728     
       29  -0.500827381415        0.250000000000         40.7156198728     
       30  -0.500827381415        0.300000000000         40.7156198728     
       31  -0.500827381415        0.350000000000         40.7156198728     
       32  -0.500827381415        0.400000000000         40.7156198728     
       33  -0.500827381415        0.450000000000         40.7156198728     
       34   -1.00157899361        0.500000000000         40.7063799571     
       35  -0.959854435318        0.500000000000         40.7073851918     
       36  -0.918128868579        0.500000000000         40.7083476583     
       37  -0.876402337231        0.500000000000         40.7092673556     
       38  -0.834674885113        0.500000000000         40.7101442828     
       39  -0.792946556065        0.500000000000         40.7109784389     
       40  -0.751217393927        0.500000000000         40.7117698229     

 
       41  -0.709487442542        0.500000000000         40.7125184343     
       42  -0.667756745751        0.500000000000         40.7132242720     
       43  -0.626025347399        0.500000000000         40.7138873354     
       44  -0.584293291329        0.500000000000         40.7145076237     
       45  -0.542560621386        0.500000000000         40.7150851364     
       46   -1.00157899361       -0.450000000000         40.7063799571     
       47   -1.00157899361       -0.400000000000         40.7063799571     
       48   -1.00157899361       -0.350000000000         40.7063799571     
       49   -1.00157899361       -0.300000000000         40.7063799571     
       50   -1.00157899361       -0.250000000000         40.7063799571     
       51   -1.00157899361       -0.200000000000         40.7063799571     
       52   -1.00157899361       -0.150000000000         40.7063799571     
       53   -1.00157899361       -0.100000000000         40.7063799571     
       54   -1.00157899361       -0.500000000000E-001    40.7063799571     
       55   -1.00157899361         0.00000000000         40.7063799571     
       56   -1.00157899361        0.500000000000E-001    40.7063799571     
       57   -1.00157899361        0.100000000000         40.7063799571     
       58   -1.00157899361        0.150000000000         40.7063799571     
       59   -1.00157899361        0.200000000000         40.7063799571     
       60   -1.00157899361        0.250000000000         40.7063799571     

 
       61   -1.00157899361        0.300000000000         40.7063799571     
       62   -1.00157899361        0.350000000000         40.7063799571     
       63   -1.00157899361        0.400000000000         40.7063799571     
       64   -1.00157899361        0.450000000000         40.7063799571     
       65  -0.959854433129       -0.400000000000         40.7073851918     
       66  -0.959854433129       -0.300000000000         40.7073851918     
       67  -0.959854433129       -0.200000000000         40.7073851918     
       68  -0.959854433129       -0.100000000000         40.7073851918     
       69  -0.959854433129         0.00000000000         40.7073851918     
       70  -0.959854433129        0.100000000000         40.7073851918     
       71  -0.959854433129        0.200000000000         40.7073851918     
       72  -0.959854433129        0.300000000000         40.7073851918     
       73  -0.959854433129        0.400000000000         40.7073851918     
       74  -0.918128865807       -0.450000000000         40.7083476584     
       75  -0.918128865807       -0.400000000000         40.7083476584     
       76  -0.918128865807       -0.350000000000         40.7083476584     
       77  -0.918128865807       -0.300000000000         40.7083476584     
       78  -0.918128865807       -0.250000000000         40.7083476584     
       79  -0.918128865807       -0.200000000000         40.7083476584     
       80  -0.918128865807       -0.150000000000         40.7083476584     

 
       81  -0.918128865807       -0.100000000000         40.7083476584     
       82  -0.918128865807       -0.500000000000E-001    40.7083476584     
       83  -0.918128865807         0.00000000000         40.7083476584     
       84  -0.918128865807        0.500000000000E-001    40.7083476584     
       85  -0.918128865807        0.100000000000         40.7083476584     
       86  -0.918128865807        0.150000000000         40.7083476584     
       87  -0.918128865807        0.200000000000         40.7083476584     
       88  -0.918128865807        0.250000000000         40.7083476584     
       89  -0.918128865807        0.300000000000         40.7083476584     
       90  -0.918128865807        0.350000000000         40.7083476584     
       91  -0.918128865807        0.400000000000         40.7083476584     
       92  -0.918128865807        0.450000000000         40.7083476584     
       93  -0.876402335120       -0.400000000000         40.7092673557     
       94  -0.876402335120       -0.300000000000         40.7092673557     
       95  -0.876402335120       -0.200000000000         40.7092673557     
       96  -0.876402335120       -0.100000000000         40.7092673557     
       97  -0.876402335120         0.00000000000         40.7092673557     
       98  -0.876402335120        0.100000000000         40.7092673557     
       99  -0.876402335120        0.200000000000         40.7092673557     
      100  -0.876402335120        0.300000000000         40.7092673557     

 
      101  -0.876402335120        0.400000000000         40.7092673557     
      102  -0.834674884545       -0.450000000000         40.7101442828     
      103  -0.834674884545       -0.400000000000         40.7101442828     
      104  -0.834674884545       -0.350000000000         40.7101442828     
      105  -0.834674884545       -0.300000000000         40.7101442828     
      106  -0.834674884545       -0.250000000000         40.7101442828     
      107  -0.834674884545       -0.200000000000         40.7101442828     
      108  -0.834674884545       -0.150000000000         40.7101442828     
      109  -0.834674884545       -0.100000000000         40.7101442828     
      110  -0.834674884545       -0.500000000000E-001    40.7101442828     
      111  -0.834674884545         0.00000000000         40.7101442828     
      112  -0.834674884545        0.500000000000E-001    40.7101442828     
      113  -0.834674884545        0.100000000000         40.7101442828     
      114  -0.834674884545        0.150000000000         40.7101442828     
      115  -0.834674884545        0.200000000000         40.7101442828     
      116  -0.834674884545        0.250000000000         40.7101442828     
      117  -0.834674884545        0.300000000000         40.7101442828     
      118  -0.834674884545        0.350000000000         40.7101442828     
      119  -0.834674884545        0.400000000000         40.7101442828     
      120  -0.834674884545        0.450000000000         40.7101442828     

 
      121  -0.792946557558       -0.400000000000         40.7109784388     
      122  -0.792946557558       -0.300000000000         40.7109784388     
      123  -0.792946557558       -0.200000000000         40.7109784388     
      124  -0.792946557558       -0.100000000000         40.7109784388     
      125  -0.792946557558         0.00000000000         40.7109784388     
      126  -0.792946557558        0.100000000000         40.7109784388     
      127  -0.792946557558        0.200000000000         40.7109784388     
      128  -0.792946557558        0.300000000000         40.7109784388     
      129  -0.792946557558        0.400000000000         40.7109784388     
      130  -0.751217397639       -0.450000000000         40.7117698229     
      131  -0.751217397639       -0.400000000000         40.7117698229     
      132  -0.751217397639       -0.350000000000         40.7117698229     
      133  -0.751217397639       -0.300000000000         40.7117698229     
      134  -0.751217397639       -0.250000000000         40.7117698229     
      135  -0.751217397639       -0.200000000000         40.7117698229     
      136  -0.751217397639       -0.150000000000         40.7117698229     
      137  -0.751217397639       -0.100000000000         40.7117698229     
      138  -0.751217397639       -0.500000000000E-001    40.7117698229     
      139  -0.751217397639         0.00000000000         40.7117698229     
      140  -0.751217397639        0.500000000000E-001    40.7117698229     

 
      141  -0.751217397639        0.100000000000         40.7117698229     
      142  -0.751217397639        0.150000000000         40.7117698229     
      143  -0.751217397639        0.200000000000         40.7117698229     
      144  -0.751217397639        0.250000000000         40.7117698229     
      145  -0.751217397639        0.300000000000         40.7117698229     
      146  -0.751217397639        0.350000000000         40.7117698229     
      147  -0.751217397639        0.400000000000         40.7117698229     
      148  -0.751217397639        0.450000000000         40.7117698229     
      149  -0.709487448266       -0.400000000000         40.7125184341     
      150  -0.709487448266       -0.300000000000         40.7125184341     
      151  -0.709487448266       -0.200000000000         40.7125184341     
      152  -0.709487448266       -0.100000000000         40.7125184341     
      153  -0.709487448266         0.00000000000         40.7125184341     
      154  -0.709487448266        0.100000000000         40.7125184341     
      155  -0.709487448266        0.200000000000         40.7125184341     
      156  -0.709487448266        0.300000000000         40.7125184341     
      157  -0.709487448266        0.400000000000         40.7125184341     
      158  -0.667756752918       -0.450000000000         40.7132242718     
      159  -0.667756752918       -0.400000000000         40.7132242718     
      160  -0.667756752918       -0.350000000000         40.7132242718     

 
      161  -0.667756752918       -0.300000000000         40.7132242718     
      162  -0.667756752918       -0.250000000000         40.7132242718     
      163  -0.667756752918       -0.200000000000         40.7132242718     
      164  -0.667756752918       -0.150000000000         40.7132242718     
      165  -0.667756752918       -0.100000000000         40.7132242718     
      166  -0.667756752918       -0.500000000000E-001    40.7132242718     
      167  -0.667756752918         0.00000000000         40.7132242718     
      168  -0.667756752918        0.500000000000E-001    40.7132242718     
      169  -0.667756752918        0.100000000000         40.7132242718     
      170  -0.667756752918        0.150000000000         40.7132242718     
      171  -0.667756752918        0.200000000000         40.7132242718     
      172  -0.667756752918        0.250000000000         40.7132242718     
      173  -0.667756752918        0.300000000000         40.7132242718     
      174  -0.667756752918        0.350000000000         40.7132242718     
      175  -0.667756752918        0.400000000000         40.7132242718     
      176  -0.667756752918        0.450000000000         40.7132242718     
      177  -0.626025355078       -0.400000000000         40.7138873352     
      178  -0.626025355078       -0.300000000000         40.7138873352     
      179  -0.626025355078       -0.200000000000         40.7138873352     
      180  -0.626025355078       -0.100000000000         40.7138873352     

 
      181  -0.626025355078         0.00000000000         40.7138873352     
      182  -0.626025355078        0.100000000000         40.7138873352     
      183  -0.626025355078        0.200000000000         40.7138873352     
      184  -0.626025355078        0.300000000000         40.7138873352     
      185  -0.626025355078        0.400000000000         40.7138873352     
      186  -0.584293298226       -0.450000000000         40.7145076236     
      187  -0.584293298226       -0.400000000000         40.7145076236     
      188  -0.584293298226       -0.350000000000         40.7145076236     
      189  -0.584293298226       -0.300000000000         40.7145076236     
      190  -0.584293298226       -0.250000000000         40.7145076236     
      191  -0.584293298226       -0.200000000000         40.7145076236     
      192  -0.584293298226       -0.150000000000         40.7145076236     
      193  -0.584293298226       -0.100000000000         40.7145076236     
      194  -0.584293298226       -0.500000000000E-001    40.7145076236     
      195  -0.584293298226         0.00000000000         40.7145076236     
      196  -0.584293298226        0.500000000000E-001    40.7145076236     
      197  -0.584293298226        0.100000000000         40.7145076236     
      198  -0.584293298226        0.150000000000         40.7145076236     
      199  -0.584293298226        0.200000000000         40.7145076236     
      200  -0.584293298226        0.250000000000         40.7145076236     

 
      201  -0.584293298226        0.300000000000         40.7145076236     
      202  -0.584293298226        0.350000000000         40.7145076236     
      203  -0.584293298226        0.400000000000         40.7145076236     
      204  -0.584293298226        0.450000000000         40.7145076236     
      205  -0.542560625844       -0.400000000000         40.7150851363     
      206  -0.542560625844       -0.300000000000         40.7150851363     
      207  -0.542560625844       -0.200000000000         40.7150851363     
      208  -0.542560625844       -0.100000000000         40.7150851363     
      209  -0.542560625844         0.00000000000         40.7150851363     
      210  -0.542560625844        0.100000000000         40.7150851363     
      211  -0.542560625844        0.200000000000         40.7150851363     
      212  -0.542560625844        0.300000000000         40.7150851363     
      213  -0.542560625844        0.400000000000         40.7150851363     
      214    0.00000000000       -0.500000000000         40.7187000000     
      215  -0.459093615261       -0.500000000000         40.7161118323     
      216  -0.417359366773       -0.500000000000         40.7165610145     
      217  -0.375624679797       -0.500000000000         40.7169674189     
      218  -0.333889598181       -0.500000000000         40.7173310450     
      219  -0.292154165771       -0.500000000000         40.7176518924     
      220  -0.250418426418       -0.500000000000         40.7179299609     

 
      221  -0.208682423968       -0.500000000000         40.7181652501     
      222  -0.166946202271       -0.500000000000         40.7183577598     
      223  -0.125209805177       -0.500000000000         40.7185074898     
      224  -0.834732765335E-001  -0.500000000000         40.7186144399     
      225  -0.417366601914E-001  -0.500000000000         40.7186786100     
      226    0.00000000000        0.500000000000         40.7187000000     
      227    0.00000000000       -0.450000000000         40.7187000000     
      228    0.00000000000       -0.400000000000         40.7187000000     
      229    0.00000000000       -0.350000000000         40.7187000000     
      230    0.00000000000       -0.300000000000         40.7187000000     
      231    0.00000000000       -0.250000000000         40.7187000000     
      232    0.00000000000       -0.200000000000         40.7187000000     
      233    0.00000000000       -0.150000000000         40.7187000000     
      234    0.00000000000       -0.100000000000         40.7187000000     
      235    0.00000000000       -0.500000000000E-001    40.7187000000     
      236    0.00000000000         0.00000000000         40.7187000000     
      237    0.00000000000        0.500000000000E-001    40.7187000000     
      238    0.00000000000        0.100000000000         40.7187000000     
      239    0.00000000000        0.150000000000         40.7187000000     
      240    0.00000000000        0.200000000000         40.7187000000     

 
      241    0.00000000000        0.250000000000         40.7187000000     
      242    0.00000000000        0.300000000000         40.7187000000     
      243    0.00000000000        0.350000000000         40.7187000000     
      244    0.00000000000        0.400000000000         40.7187000000     
      245    0.00000000000        0.450000000000         40.7187000000     
      246  -0.459093615261        0.500000000000         40.7161118323     
      247  -0.417359366773        0.500000000000         40.7165610145     
      248  -0.375624679797        0.500000000000         40.7169674189     
      249  -0.333889598181        0.500000000000         40.7173310450     
      250  -0.292154165771        0.500000000000         40.7176518924     
      251  -0.250418426418        0.500000000000         40.7179299609     
      252  -0.208682423968        0.500000000000         40.7181652501     
      253  -0.166946202271        0.500000000000         40.7183577598     
      254  -0.125209805177        0.500000000000         40.7185074898     
      255  -0.834732765335E-001   0.500000000000         40.7186144399     
      256  -0.417366601914E-001   0.500000000000         40.7186786100     
      257  -0.459093619431       -0.400000000000         40.7161118323     
      258  -0.459093619431       -0.300000000000         40.7161118323     
      259  -0.459093619431       -0.200000000000         40.7161118323     
      260  -0.459093619431       -0.100000000000         40.7161118323     

 
      261  -0.459093619431         0.00000000000         40.7161118323     
      262  -0.459093619431        0.100000000000         40.7161118323     
      263  -0.459093619431        0.200000000000         40.7161118323     
      264  -0.459093619431        0.300000000000         40.7161118323     
      265  -0.459093619431        0.400000000000         40.7161118323     
      266  -0.417359373407       -0.450000000000         40.7165610145     
      267  -0.417359373407       -0.400000000000         40.7165610145     
      268  -0.417359373407       -0.350000000000         40.7165610145     
      269  -0.417359373407       -0.300000000000         40.7165610145     
      270  -0.417359373407       -0.250000000000         40.7165610145     
      271  -0.417359373407       -0.200000000000         40.7165610145     
      272  -0.417359373407       -0.150000000000         40.7165610145     
      273  -0.417359373407       -0.100000000000         40.7165610145     
      274  -0.417359373407       -0.500000000000E-001    40.7165610145     
      275  -0.417359373407         0.00000000000         40.7165610145     
      276  -0.417359373407        0.500000000000E-001    40.7165610145     
      277  -0.417359373407        0.100000000000         40.7165610145     
      278  -0.417359373407        0.150000000000         40.7165610145     
      279  -0.417359373407        0.200000000000         40.7165610145     
      280  -0.417359373407        0.250000000000         40.7165610145     

 
      281  -0.417359373407        0.300000000000         40.7165610145     
      282  -0.417359373407        0.350000000000         40.7165610145     
      283  -0.417359373407        0.400000000000         40.7165610145     
      284  -0.417359373407        0.450000000000         40.7165610145     
      285  -0.375624687474       -0.400000000000         40.7169674188     
      286  -0.375624687474       -0.300000000000         40.7169674188     
      287  -0.375624687474       -0.200000000000         40.7169674188     
      288  -0.375624687474       -0.100000000000         40.7169674188     
      289  -0.375624687474         0.00000000000         40.7169674188     
      290  -0.375624687474        0.100000000000         40.7169674188     
      291  -0.375624687474        0.200000000000         40.7169674188     
      292  -0.375624687474        0.300000000000         40.7169674188     
      293  -0.375624687474        0.400000000000         40.7169674188     
      294  -0.333889605763       -0.450000000000         40.7173310449     
      295  -0.333889605763       -0.400000000000         40.7173310449     
      296  -0.333889605763       -0.350000000000         40.7173310449     
      297  -0.333889605763       -0.300000000000         40.7173310449     
      298  -0.333889605763       -0.250000000000         40.7173310449     
      299  -0.333889605763       -0.200000000000         40.7173310449     
      300  -0.333889605763       -0.150000000000         40.7173310449     

 
      301  -0.333889605763       -0.100000000000         40.7173310449     
      302  -0.333889605763       -0.500000000000E-001    40.7173310449     
      303  -0.333889605763         0.00000000000         40.7173310449     
      304  -0.333889605763        0.500000000000E-001    40.7173310449     
      305  -0.333889605763        0.100000000000         40.7173310449     
      306  -0.333889605763        0.150000000000         40.7173310449     
      307  -0.333889605763        0.200000000000         40.7173310449     
      308  -0.333889605763        0.250000000000         40.7173310449     
      309  -0.333889605763        0.300000000000         40.7173310449     
      310  -0.333889605763        0.350000000000         40.7173310449     
      311  -0.333889605763        0.400000000000         40.7173310449     
      312  -0.333889605763        0.450000000000         40.7173310449     
      313  -0.292154172406       -0.400000000000         40.7176518924     
      314  -0.292154172406       -0.300000000000         40.7176518924     
      315  -0.292154172406       -0.200000000000         40.7176518924     
      316  -0.292154172406       -0.100000000000         40.7176518924     
      317  -0.292154172406         0.00000000000         40.7176518924     
      318  -0.292154172406        0.100000000000         40.7176518924     
      319  -0.292154172406        0.200000000000         40.7176518924     
      320  -0.292154172406        0.300000000000         40.7176518924     

 
      321  -0.292154172406        0.400000000000         40.7176518924     
      322  -0.250418431536       -0.450000000000         40.7179299609     
      323  -0.250418431536       -0.400000000000         40.7179299609     
      324  -0.250418431536       -0.350000000000         40.7179299609     
      325  -0.250418431536       -0.300000000000         40.7179299609     
      326  -0.250418431536       -0.250000000000         40.7179299609     
      327  -0.250418431536       -0.200000000000         40.7179299609     
      328  -0.250418431536       -0.150000000000         40.7179299609     
      329  -0.250418431536       -0.100000000000         40.7179299609     
      330  -0.250418431536       -0.500000000000E-001    40.7179299609     
      331  -0.250418431536         0.00000000000         40.7179299609     
      332  -0.250418431536        0.500000000000E-001    40.7179299609     
      333  -0.250418431536        0.100000000000         40.7179299609     
      334  -0.250418431536        0.150000000000         40.7179299609     
      335  -0.250418431536        0.200000000000         40.7179299609     
      336  -0.250418431536        0.250000000000         40.7179299609     
      337  -0.250418431536        0.300000000000         40.7179299609     
      338  -0.250418431536        0.350000000000         40.7179299609     
      339  -0.250418431536        0.400000000000         40.7179299609     
      340  -0.250418431536        0.450000000000         40.7179299609     

 
      341  -0.208682427286       -0.400000000000         40.7181652501     
      342  -0.208682427286       -0.300000000000         40.7181652501     
      343  -0.208682427286       -0.200000000000         40.7181652501     
      344  -0.208682427286       -0.100000000000         40.7181652501     
      345  -0.208682427286         0.00000000000         40.7181652501     
      346  -0.208682427286        0.100000000000         40.7181652501     
      347  -0.208682427286        0.200000000000         40.7181652501     
      348  -0.208682427286        0.300000000000         40.7181652501     
      349  -0.208682427286        0.400000000000         40.7181652501     
      350  -0.166946203789       -0.450000000000         40.7183577598     
      351  -0.166946203789       -0.400000000000         40.7183577598     
      352  -0.166946203789       -0.350000000000         40.7183577598     
      353  -0.166946203789       -0.300000000000         40.7183577598     
      354  -0.166946203789       -0.250000000000         40.7183577598     
      355  -0.166946203789       -0.200000000000         40.7183577598     
      356  -0.166946203789       -0.150000000000         40.7183577598     
      357  -0.166946203789       -0.100000000000         40.7183577598     
      358  -0.166946203789       -0.500000000000E-001    40.7183577598     
      359  -0.166946203789         0.00000000000         40.7183577598     
      360  -0.166946203789        0.500000000000E-001    40.7183577598     

 
      361  -0.166946203789        0.100000000000         40.7183577598     
      362  -0.166946203789        0.150000000000         40.7183577598     
      363  -0.166946203789        0.200000000000         40.7183577598     
      364  -0.166946203789        0.250000000000         40.7183577598     
      365  -0.166946203789        0.300000000000         40.7183577598     
      366  -0.166946203789        0.350000000000         40.7183577598     
      367  -0.166946203789        0.400000000000         40.7183577598     
      368  -0.166946203789        0.450000000000         40.7183577598     
      369  -0.125209805178       -0.400000000000         40.7185074898     
      370  -0.125209805178       -0.300000000000         40.7185074898     
      371  -0.125209805178       -0.200000000000         40.7185074898     
      372  -0.125209805178       -0.100000000000         40.7185074898     
      373  -0.125209805178         0.00000000000         40.7185074898     
      374  -0.125209805178        0.100000000000         40.7185074898     
      375  -0.125209805178        0.200000000000         40.7185074898     
      376  -0.125209805178        0.300000000000         40.7185074898     
      377  -0.125209805178        0.400000000000         40.7185074898     
      378  -0.834732755870E-001  -0.450000000000         40.7186144399     
      379  -0.834732755870E-001  -0.400000000000         40.7186144399     
      380  -0.834732755870E-001  -0.350000000000         40.7186144399     

 
      381  -0.834732755870E-001  -0.300000000000         40.7186144399     
      382  -0.834732755870E-001  -0.250000000000         40.7186144399     
      383  -0.834732755870E-001  -0.200000000000         40.7186144399     
      384  -0.834732755870E-001  -0.150000000000         40.7186144399     
      385  -0.834732755870E-001  -0.100000000000         40.7186144399     
      386  -0.834732755870E-001  -0.500000000000E-001    40.7186144399     
      387  -0.834732755870E-001    0.00000000000         40.7186144399     
      388  -0.834732755870E-001   0.500000000000E-001    40.7186144399     
      389  -0.834732755870E-001   0.100000000000         40.7186144399     
      390  -0.834732755870E-001   0.150000000000         40.7186144399     
      391  -0.834732755870E-001   0.200000000000         40.7186144399     
      392  -0.834732755870E-001   0.250000000000         40.7186144399     
      393  -0.834732755870E-001   0.300000000000         40.7186144399     
      394  -0.834732755870E-001   0.350000000000         40.7186144399     
      395  -0.834732755870E-001   0.400000000000         40.7186144399     
      396  -0.834732755870E-001   0.450000000000         40.7186144399     
      397  -0.417366591497E-001  -0.400000000000         40.7186786100     
      398  -0.417366591497E-001  -0.300000000000         40.7186786100     
      399  -0.417366591497E-001  -0.200000000000         40.7186786100     
      400  -0.417366591497E-001  -0.100000000000         40.7186786100     

 
      401  -0.417366591497E-001    0.00000000000         40.7186786100     
      402  -0.417366591497E-001   0.100000000000         40.7186786100     
      403  -0.417366591497E-001   0.200000000000         40.7186786100     
      404  -0.417366591497E-001   0.300000000000         40.7186786100     
      405  -0.417366591497E-001   0.400000000000         40.7186786100     
      406   0.500827381415       -0.500000000000         40.7156198728     
      407   0.417366601920E-001  -0.500000000000         40.7186786100     
      408   0.834732765343E-001  -0.500000000000         40.7186144399     
      409   0.125209805177       -0.500000000000         40.7185074898     
      410   0.166946202272       -0.500000000000         40.7183577598     
      411   0.208682423968       -0.500000000000         40.7181652501     
      412   0.250418426418       -0.500000000000         40.7179299609     
      413   0.292154165772       -0.500000000000         40.7176518924     
      414   0.333889598181       -0.500000000000         40.7173310450     
      415   0.375624679798       -0.500000000000         40.7169674189     
      416   0.417359366774       -0.500000000000         40.7165610145     
      417   0.459093615262       -0.500000000000         40.7161118323     
      418   0.500827381415        0.500000000000         40.7156198728     
      419   0.500827381415       -0.450000000000         40.7156198728     
      420   0.500827381415       -0.400000000000         40.7156198728     

 
      421   0.500827381415       -0.350000000000         40.7156198728     
      422   0.500827381415       -0.300000000000         40.7156198728     
      423   0.500827381415       -0.250000000000         40.7156198728     
      424   0.500827381415       -0.200000000000         40.7156198728     
      425   0.500827381415       -0.150000000000         40.7156198728     
      426   0.500827381415       -0.100000000000         40.7156198728     
      427   0.500827381415       -0.500000000000E-001    40.7156198728     
      428   0.500827381415         0.00000000000         40.7156198728     
      429   0.500827381415        0.500000000000E-001    40.7156198728     
      430   0.500827381415        0.100000000000         40.7156198728     
      431   0.500827381415        0.150000000000         40.7156198728     
      432   0.500827381415        0.200000000000         40.7156198728     
      433   0.500827381415        0.250000000000         40.7156198728     
      434   0.500827381415        0.300000000000         40.7156198728     
      435   0.500827381415        0.350000000000         40.7156198728     
      436   0.500827381415        0.400000000000         40.7156198728     
      437   0.500827381415        0.450000000000         40.7156198728     
      438   0.417366601920E-001   0.500000000000         40.7186786100     
      439   0.834732765343E-001   0.500000000000         40.7186144399     
      440   0.125209805177        0.500000000000         40.7185074898     

 
      441   0.166946202272        0.500000000000         40.7183577598     
      442   0.208682423968        0.500000000000         40.7181652501     
      443   0.250418426418        0.500000000000         40.7179299609     
      444   0.292154165772        0.500000000000         40.7176518924     
      445   0.333889598181        0.500000000000         40.7173310450     
      446   0.375624679798        0.500000000000         40.7169674189     
      447   0.417359366774        0.500000000000         40.7165610145     
      448   0.459093615262        0.500000000000         40.7161118323     
      449   0.417366591501E-001  -0.400000000000         40.7186786100     
      450   0.417366591501E-001  -0.300000000000         40.7186786100     
      451   0.417366591501E-001  -0.200000000000         40.7186786100     
      452   0.417366591501E-001  -0.100000000000         40.7186786100     
      453   0.417366591501E-001    0.00000000000         40.7186786100     
      454   0.417366591501E-001   0.100000000000         40.7186786100     
      455   0.417366591501E-001   0.200000000000         40.7186786100     
      456   0.417366591501E-001   0.300000000000         40.7186786100     
      457   0.417366591501E-001   0.400000000000         40.7186786100     
      458   0.834732755878E-001  -0.450000000000         40.7186144399     
      459   0.834732755878E-001  -0.400000000000         40.7186144399     
      460   0.834732755878E-001  -0.350000000000         40.7186144399     

 
      461   0.834732755878E-001  -0.300000000000         40.7186144399     
      462   0.834732755878E-001  -0.250000000000         40.7186144399     
      463   0.834732755878E-001  -0.200000000000         40.7186144399     
      464   0.834732755878E-001  -0.150000000000         40.7186144399     
      465   0.834732755878E-001  -0.100000000000         40.7186144399     
      466   0.834732755878E-001  -0.500000000000E-001    40.7186144399     
      467   0.834732755878E-001    0.00000000000         40.7186144399     
      468   0.834732755878E-001   0.500000000000E-001    40.7186144399     
      469   0.834732755878E-001   0.100000000000         40.7186144399     
      470   0.834732755878E-001   0.150000000000         40.7186144399     
      471   0.834732755878E-001   0.200000000000         40.7186144399     
      472   0.834732755878E-001   0.250000000000         40.7186144399     
      473   0.834732755878E-001   0.300000000000         40.7186144399     
      474   0.834732755878E-001   0.350000000000         40.7186144399     
      475   0.834732755878E-001   0.400000000000         40.7186144399     
      476   0.834732755878E-001   0.450000000000         40.7186144399     
      477   0.125209805179       -0.400000000000         40.7185074898     
      478   0.125209805179       -0.300000000000         40.7185074898     
      479   0.125209805179       -0.200000000000         40.7185074898     
      480   0.125209805179       -0.100000000000         40.7185074898     

 
      481   0.125209805179         0.00000000000         40.7185074898     
      482   0.125209805179        0.100000000000         40.7185074898     
      483   0.125209805179        0.200000000000         40.7185074898     
      484   0.125209805179        0.300000000000         40.7185074898     
      485   0.125209805179        0.400000000000         40.7185074898     
      486   0.166946203791       -0.450000000000         40.7183577598     
      487   0.166946203791       -0.400000000000         40.7183577598     
      488   0.166946203791       -0.350000000000         40.7183577598     
      489   0.166946203791       -0.300000000000         40.7183577598     
      490   0.166946203791       -0.250000000000         40.7183577598     
      491   0.166946203791       -0.200000000000         40.7183577598     
      492   0.166946203791       -0.150000000000         40.7183577598     
      493   0.166946203791       -0.100000000000         40.7183577598     
      494   0.166946203791       -0.500000000000E-001    40.7183577598     
      495   0.166946203791         0.00000000000         40.7183577598     
      496   0.166946203791        0.500000000000E-001    40.7183577598     
      497   0.166946203791        0.100000000000         40.7183577598     
      498   0.166946203791        0.150000000000         40.7183577598     
      499   0.166946203791        0.200000000000         40.7183577598     
      500   0.166946203791        0.250000000000         40.7183577598     

 
      501   0.166946203791        0.300000000000         40.7183577598     
      502   0.166946203791        0.350000000000         40.7183577598     
      503   0.166946203791        0.400000000000         40.7183577598     
      504   0.166946203791        0.450000000000         40.7183577598     
      505   0.208682427288       -0.400000000000         40.7181652501     
      506   0.208682427288       -0.300000000000         40.7181652501     
      507   0.208682427288       -0.200000000000         40.7181652501     
      508   0.208682427288       -0.100000000000         40.7181652501     
      509   0.208682427288         0.00000000000         40.7181652501     
      510   0.208682427288        0.100000000000         40.7181652501     
      511   0.208682427288        0.200000000000         40.7181652501     
      512   0.208682427288        0.300000000000         40.7181652501     
      513   0.208682427288        0.400000000000         40.7181652501     
      514   0.250418431539       -0.450000000000         40.7179299609     
      515   0.250418431539       -0.400000000000         40.7179299609     
      516   0.250418431539       -0.350000000000         40.7179299609     
      517   0.250418431539       -0.300000000000         40.7179299609     
      518   0.250418431539       -0.250000000000         40.7179299609     
      519   0.250418431539       -0.200000000000         40.7179299609     
      520   0.250418431539       -0.150000000000         40.7179299609     

 
      521   0.250418431539       -0.100000000000         40.7179299609     
      522   0.250418431539       -0.500000000000E-001    40.7179299609     
      523   0.250418431539         0.00000000000         40.7179299609     
      524   0.250418431539        0.500000000000E-001    40.7179299609     
      525   0.250418431539        0.100000000000         40.7179299609     
      526   0.250418431539        0.150000000000         40.7179299609     
      527   0.250418431539        0.200000000000         40.7179299609     
      528   0.250418431539        0.250000000000         40.7179299609     
      529   0.250418431539        0.300000000000         40.7179299609     
      530   0.250418431539        0.350000000000         40.7179299609     
      531   0.250418431539        0.400000000000         40.7179299609     
      532   0.250418431539        0.450000000000         40.7179299609     
      533   0.292154172409       -0.400000000000         40.7176518924     
      534   0.292154172409       -0.300000000000         40.7176518924     
      535   0.292154172409       -0.200000000000         40.7176518924     
      536   0.292154172409       -0.100000000000         40.7176518924     
      537   0.292154172409         0.00000000000         40.7176518924     
      538   0.292154172409        0.100000000000         40.7176518924     
      539   0.292154172409        0.200000000000         40.7176518924     
      540   0.292154172409        0.300000000000         40.7176518924     

 
      541   0.292154172409        0.400000000000         40.7176518924     
      542   0.333889605767       -0.450000000000         40.7173310449     
      543   0.333889605767       -0.400000000000         40.7173310449     
      544   0.333889605767       -0.350000000000         40.7173310449     
      545   0.333889605767       -0.300000000000         40.7173310449     
      546   0.333889605767       -0.250000000000         40.7173310449     
      547   0.333889605767       -0.200000000000         40.7173310449     
      548   0.333889605767       -0.150000000000         40.7173310449     
      549   0.333889605767       -0.100000000000         40.7173310449     
      550   0.333889605767       -0.500000000000E-001    40.7173310449     
      551   0.333889605767         0.00000000000         40.7173310449     
      552   0.333889605767        0.500000000000E-001    40.7173310449     
      553   0.333889605767        0.100000000000         40.7173310449     
      554   0.333889605767        0.150000000000         40.7173310449     
      555   0.333889605767        0.200000000000         40.7173310449     
      556   0.333889605767        0.250000000000         40.7173310449     
      557   0.333889605767        0.300000000000         40.7173310449     
      558   0.333889605767        0.350000000000         40.7173310449     
      559   0.333889605767        0.400000000000         40.7173310449     
      560   0.333889605767        0.450000000000         40.7173310449     

 
      561   0.375624687478       -0.400000000000         40.7169674188     
      562   0.375624687478       -0.300000000000         40.7169674188     
      563   0.375624687478       -0.200000000000         40.7169674188     
      564   0.375624687478       -0.100000000000         40.7169674188     
      565   0.375624687478         0.00000000000         40.7169674188     
      566   0.375624687478        0.100000000000         40.7169674188     
      567   0.375624687478        0.200000000000         40.7169674188     
      568   0.375624687478        0.300000000000         40.7169674188     
      569   0.375624687478        0.400000000000         40.7169674188     
      570   0.417359373411       -0.450000000000         40.7165610145     
      571   0.417359373411       -0.400000000000         40.7165610145     
      572   0.417359373411       -0.350000000000         40.7165610145     
      573   0.417359373411       -0.300000000000         40.7165610145     
      574   0.417359373411       -0.250000000000         40.7165610145     
      575   0.417359373411       -0.200000000000         40.7165610145     
      576   0.417359373411       -0.150000000000         40.7165610145     
      577   0.417359373411       -0.100000000000         40.7165610145     
      578   0.417359373411       -0.500000000000E-001    40.7165610145     
      579   0.417359373411         0.00000000000         40.7165610145     
      580   0.417359373411        0.500000000000E-001    40.7165610145     

 
      581   0.417359373411        0.100000000000         40.7165610145     
      582   0.417359373411        0.150000000000         40.7165610145     
      583   0.417359373411        0.200000000000         40.7165610145     
      584   0.417359373411        0.250000000000         40.7165610145     
      585   0.417359373411        0.300000000000         40.7165610145     
      586   0.417359373411        0.350000000000         40.7165610145     
      587   0.417359373411        0.400000000000         40.7165610145     
      588   0.417359373411        0.450000000000         40.7165610145     
      589   0.459093619433       -0.400000000000         40.7161118323     
      590   0.459093619433       -0.300000000000         40.7161118323     
      591   0.459093619433       -0.200000000000         40.7161118323     
      592   0.459093619433       -0.100000000000         40.7161118323     
      593   0.459093619433         0.00000000000         40.7161118323     
      594   0.459093619433        0.100000000000         40.7161118323     
      595   0.459093619433        0.200000000000         40.7161118323     
      596   0.459093619433        0.300000000000         40.7161118323     
      597   0.459093619433        0.400000000000         40.7161118323     
      598    1.00157899361       -0.500000000000         40.7063799571     
      599   0.542560621386       -0.500000000000         40.7150851364     
      600   0.584293291330       -0.500000000000         40.7145076237     

 
      601   0.626025347400       -0.500000000000         40.7138873354     
      602   0.667756745752       -0.500000000000         40.7132242720     
      603   0.709487442543       -0.500000000000         40.7125184343     
      604   0.751217393928       -0.500000000000         40.7117698229     
      605   0.792946556065       -0.500000000000         40.7109784388     
      606   0.834674885113       -0.500000000000         40.7101442828     
      607   0.876402337231       -0.500000000000         40.7092673556     
      608   0.918128868579       -0.500000000000         40.7083476583     
      609   0.959854435318       -0.500000000000         40.7073851918     
      610    1.00157899361        0.500000000000         40.7063799571     
      611    1.00157899361       -0.450000000000         40.7063799571     
      612    1.00157899361       -0.400000000000         40.7063799571     
      613    1.00157899361       -0.350000000000         40.7063799571     
      614    1.00157899361       -0.300000000000         40.7063799571     
      615    1.00157899361       -0.250000000000         40.7063799571     
      616    1.00157899361       -0.200000000000         40.7063799571     
      617    1.00157899361       -0.150000000000         40.7063799571     
      618    1.00157899361       -0.100000000000         40.7063799571     
      619    1.00157899361       -0.500000000000E-001    40.7063799571     
      620    1.00157899361         0.00000000000         40.7063799571     

 
      621    1.00157899361        0.500000000000E-001    40.7063799571     
      622    1.00157899361        0.100000000000         40.7063799571     
      623    1.00157899361        0.150000000000         40.7063799571     
      624    1.00157899361        0.200000000000         40.7063799571     
      625    1.00157899361        0.250000000000         40.7063799571     
      626    1.00157899361        0.300000000000         40.7063799571     
      627    1.00157899361        0.350000000000         40.7063799571     
      628    1.00157899361        0.400000000000         40.7063799571     
      629    1.00157899361        0.450000000000         40.7063799571     
      630   0.542560621386        0.500000000000         40.7150851364     
      631   0.584293291330        0.500000000000         40.7145076237     
      632   0.626025347400        0.500000000000         40.7138873354     
      633   0.667756745752        0.500000000000         40.7132242720     
      634   0.709487442543        0.500000000000         40.7125184343     
      635   0.751217393928        0.500000000000         40.7117698229     
      636   0.792946556065        0.500000000000         40.7109784388     
      637   0.834674885113        0.500000000000         40.7101442828     
      638   0.876402337231        0.500000000000         40.7092673556     
      639   0.918128868579        0.500000000000         40.7083476583     
      640   0.959854435318        0.500000000000         40.7073851918     

 
      641   0.542560624812       -0.400000000000         40.7150851363     
      642   0.542560624812       -0.300000000000         40.7150851363     
      643   0.542560624812       -0.200000000000         40.7150851363     
      644   0.542560624812       -0.100000000000         40.7150851363     
      645   0.542560624812         0.00000000000         40.7150851363     
      646   0.542560624812        0.100000000000         40.7150851363     
      647   0.542560624812        0.200000000000         40.7150851363     
      648   0.542560624812        0.300000000000         40.7150851363     
      649   0.542560624812        0.400000000000         40.7150851363     
      650   0.584293297291       -0.450000000000         40.7145076236     
      651   0.584293297291       -0.400000000000         40.7145076236     
      652   0.584293297291       -0.350000000000         40.7145076236     
      653   0.584293297291       -0.300000000000         40.7145076236     
      654   0.584293297291       -0.250000000000         40.7145076236     
      655   0.584293297291       -0.200000000000         40.7145076236     
      656   0.584293297291       -0.150000000000         40.7145076236     
      657   0.584293297291       -0.100000000000         40.7145076236     
      658   0.584293297291       -0.500000000000E-001    40.7145076236     
      659   0.584293297291         0.00000000000         40.7145076236     
      660   0.584293297291        0.500000000000E-001    40.7145076236     

 
      661   0.584293297291        0.100000000000         40.7145076236     
      662   0.584293297291        0.150000000000         40.7145076236     
      663   0.584293297291        0.200000000000         40.7145076236     
      664   0.584293297291        0.250000000000         40.7145076236     
      665   0.584293297291        0.300000000000         40.7145076236     
      666   0.584293297291        0.350000000000         40.7145076236     
      667   0.584293297291        0.400000000000         40.7145076236     
      668   0.584293297291        0.450000000000         40.7145076236     
      669   0.626025355087       -0.400000000000         40.7138873352     
      670   0.626025355087       -0.300000000000         40.7138873352     
      671   0.626025355087       -0.200000000000         40.7138873352     
      672   0.626025355087       -0.100000000000         40.7138873352     
      673   0.626025355087         0.00000000000         40.7138873352     
      674   0.626025355087        0.100000000000         40.7138873352     
      675   0.626025355087        0.200000000000         40.7138873352     
      676   0.626025355087        0.300000000000         40.7138873352     
      677   0.626025355087        0.400000000000         40.7138873352     
      678   0.667756754434       -0.450000000000         40.7132242718     
      679   0.667756754434       -0.400000000000         40.7132242718     
      680   0.667756754434       -0.350000000000         40.7132242718     

 
      681   0.667756754434       -0.300000000000         40.7132242718     
      682   0.667756754434       -0.250000000000         40.7132242718     
      683   0.667756754434       -0.200000000000         40.7132242718     
      684   0.667756754434       -0.150000000000         40.7132242718     
      685   0.667756754434       -0.100000000000         40.7132242718     
      686   0.667756754434       -0.500000000000E-001    40.7132242718     
      687   0.667756754434         0.00000000000         40.7132242718     
      688   0.667756754434        0.500000000000E-001    40.7132242718     
      689   0.667756754434        0.100000000000         40.7132242718     
      690   0.667756754434        0.150000000000         40.7132242718     
      691   0.667756754434        0.200000000000         40.7132242718     
      692   0.667756754434        0.250000000000         40.7132242718     
      693   0.667756754434        0.300000000000         40.7132242718     
      694   0.667756754434        0.350000000000         40.7132242718     
      695   0.667756754434        0.400000000000         40.7132242718     
      696   0.667756754434        0.450000000000         40.7132242718     
      697   0.709487451570       -0.400000000000         40.7125184341     
      698   0.709487451570       -0.300000000000         40.7125184341     
      699   0.709487451570       -0.200000000000         40.7125184341     
      700   0.709487451570       -0.100000000000         40.7125184341     

 
      701   0.709487451570         0.00000000000         40.7125184341     
      702   0.709487451570        0.100000000000         40.7125184341     
      703   0.709487451570        0.200000000000         40.7125184341     
      704   0.709487451570        0.300000000000         40.7125184341     
      705   0.709487451570        0.400000000000         40.7125184341     
      706   0.751217402731       -0.450000000000         40.7117698228     
      707   0.751217402731       -0.400000000000         40.7117698228     
      708   0.751217402731       -0.350000000000         40.7117698228     
      709   0.751217402731       -0.300000000000         40.7117698228     
      710   0.751217402731       -0.250000000000         40.7117698228     
      711   0.751217402731       -0.200000000000         40.7117698228     
      712   0.751217402731       -0.150000000000         40.7117698228     
      713   0.751217402731       -0.100000000000         40.7117698228     
      714   0.751217402731       -0.500000000000E-001    40.7117698228     
      715   0.751217402731         0.00000000000         40.7117698228     
      716   0.751217402731        0.500000000000E-001    40.7117698228     
      717   0.751217402731        0.100000000000         40.7117698228     
      718   0.751217402731        0.150000000000         40.7117698228     
      719   0.751217402731        0.200000000000         40.7117698228     
      720   0.751217402731        0.250000000000         40.7117698228     

 
      721   0.751217402731        0.300000000000         40.7117698228     
      722   0.751217402731        0.350000000000         40.7117698228     
      723   0.751217402731        0.400000000000         40.7117698228     
      724   0.751217402731        0.450000000000         40.7117698228     
      725   0.792946564156       -0.400000000000         40.7109784387     
      726   0.792946564156       -0.300000000000         40.7109784387     
      727   0.792946564156       -0.200000000000         40.7109784387     
      728   0.792946564156       -0.100000000000         40.7109784387     
      729   0.792946564156         0.00000000000         40.7109784387     
      730   0.792946564156        0.100000000000         40.7109784387     
      731   0.792946564156        0.200000000000         40.7109784387     
      732   0.792946564156        0.300000000000         40.7109784387     
      733   0.792946564156        0.400000000000         40.7109784387     
      734   0.834674892083       -0.450000000000         40.7101442826     
      735   0.834674892083       -0.400000000000         40.7101442826     
      736   0.834674892083       -0.350000000000         40.7101442826     
      737   0.834674892083       -0.300000000000         40.7101442826     
      738   0.834674892083       -0.250000000000         40.7101442826     
      739   0.834674892083       -0.200000000000         40.7101442826     
      740   0.834674892083       -0.150000000000         40.7101442826     

 
      741   0.834674892083       -0.100000000000         40.7101442826     
      742   0.834674892083       -0.500000000000E-001    40.7101442826     
      743   0.834674892083         0.00000000000         40.7101442826     
      744   0.834674892083        0.500000000000E-001    40.7101442826     
      745   0.834674892083        0.100000000000         40.7101442826     
      746   0.834674892083        0.150000000000         40.7101442826     
      747   0.834674892083        0.200000000000         40.7101442826     
      748   0.834674892083        0.250000000000         40.7101442826     
      749   0.834674892083        0.300000000000         40.7101442826     
      750   0.834674892083        0.350000000000         40.7101442826     
      751   0.834674892083        0.400000000000         40.7101442826     
      752   0.834674892083        0.450000000000         40.7101442826     
      753   0.876402342750       -0.400000000000         40.7092673555     
      754   0.876402342750       -0.300000000000         40.7092673555     
      755   0.876402342750       -0.200000000000         40.7092673555     
      756   0.876402342750       -0.100000000000         40.7092673555     
      757   0.876402342750         0.00000000000         40.7092673555     
      758   0.876402342750        0.100000000000         40.7092673555     
      759   0.876402342750        0.200000000000         40.7092673555     
      760   0.876402342750        0.300000000000         40.7092673555     

 
      761   0.876402342750        0.400000000000         40.7092673555     
      762   0.918128872400       -0.450000000000         40.7083476582     
      763   0.918128872400       -0.400000000000         40.7083476582     
      764   0.918128872400       -0.350000000000         40.7083476582     
      765   0.918128872400       -0.300000000000         40.7083476582     
      766   0.918128872400       -0.250000000000         40.7083476582     
      767   0.918128872400       -0.200000000000         40.7083476582     
      768   0.918128872400       -0.150000000000         40.7083476582     
      769   0.918128872400       -0.100000000000         40.7083476582     
      770   0.918128872400       -0.500000000000E-001    40.7083476582     
      771   0.918128872400         0.00000000000         40.7083476582     
      772   0.918128872400        0.500000000000E-001    40.7083476582     
      773   0.918128872400        0.100000000000         40.7083476582     
      774   0.918128872400        0.150000000000         40.7083476582     
      775   0.918128872400        0.200000000000         40.7083476582     
      776   0.918128872400        0.250000000000         40.7083476582     
      777   0.918128872400        0.300000000000         40.7083476582     
      778   0.918128872400        0.350000000000         40.7083476582     
      779   0.918128872400        0.400000000000         40.7083476582     
      780   0.918128872400        0.450000000000         40.7083476582     

 
      781   0.959854437272       -0.400000000000         40.7073851917     
      782   0.959854437272       -0.300000000000         40.7073851917     
      783   0.959854437272       -0.200000000000         40.7073851917     
      784   0.959854437272       -0.100000000000         40.7073851917     
      785   0.959854437272         0.00000000000         40.7073851917     
      786   0.959854437272        0.100000000000         40.7073851917     
      787   0.959854437272        0.200000000000         40.7073851917     
      788   0.959854437272        0.300000000000         40.7073851917     
      789   0.959854437272        0.400000000000         40.7073851917     

