
 

 
        1   -1.00005330469       -0.500000000000         6.71231095434     
        2  -0.501396998124       -0.500000000000         6.76785239277     
        3  -0.958669961092       -0.500000000000         6.71834628950     
        4  -0.917250210769       -0.500000000000         6.72412648682     
        5  -0.875795626685       -0.500000000000         6.72965132679     
        6  -0.834307783190       -0.500000000000         6.73492059960     
        7  -0.792788255783       -0.500000000000         6.73993410513     
        8  -0.751238621188       -0.500000000000         6.74469165300     
        9  -0.709660457297       -0.500000000000         6.74919306253     
       10  -0.668055343165       -0.500000000000         6.75343816277     
       11  -0.626424858773       -0.500000000000         6.75742679251     
       12  -0.584770585097       -0.500000000000         6.76115880028     
       13  -0.543094104001       -0.500000000000         6.76463404435     
       14  -0.501396998124        0.500000000000         6.76785239277     
       15  -0.501396998124       -0.450000000000         6.76785239277     
       16  -0.501396998124       -0.400000000000         6.76785239277     
       17  -0.501396998124       -0.350000000000         6.76785239277     
       18  -0.501396998124       -0.300000000000         6.76785239277     
       19  -0.501396998124       -0.250000000000         6.76785239277     
       20  -0.501396998124       -0.200000000000         6.76785239277     

 
       21  -0.501396998124       -0.150000000000         6.76785239277     
       22  -0.501396998124       -0.100000000000         6.76785239277     
       23  -0.501396998124       -0.500000000000E-001    6.76785239277     
       24  -0.501396998124         0.00000000000         6.76785239277     
       25  -0.501396998124        0.500000000000E-001    6.76785239277     
       26  -0.501396998124        0.100000000000         6.76785239277     
       27  -0.501396998124        0.150000000000         6.76785239277     
       28  -0.501396998124        0.200000000000         6.76785239277     
       29  -0.501396998124        0.250000000000         6.76785239277     
       30  -0.501396998124        0.300000000000         6.76785239277     
       31  -0.501396998124        0.350000000000         6.76785239277     
       32  -0.501396998124        0.400000000000         6.76785239277     
       33  -0.501396998124        0.450000000000         6.76785239277     
       34   -1.00005330469        0.500000000000         6.71231095434     
       35  -0.958669961092        0.500000000000         6.71834628950     
       36  -0.917250210769        0.500000000000         6.72412648682     
       37  -0.875795626685        0.500000000000         6.72965132679     
       38  -0.834307783190        0.500000000000         6.73492059960     
       39  -0.792788255783        0.500000000000         6.73993410513     
       40  -0.751238621188        0.500000000000         6.74469165300     

 
       41  -0.709660457297        0.500000000000         6.74919306253     
       42  -0.668055343165        0.500000000000         6.75343816277     
       43  -0.626424858773        0.500000000000         6.75742679251     
       44  -0.584770585097        0.500000000000         6.76115880028     
       45  -0.543094104001        0.500000000000         6.76463404435     
       46   -1.00005330469       -0.450000000000         6.71231095434     
       47   -1.00005330469       -0.400000000000         6.71231095434     
       48   -1.00005330469       -0.350000000000         6.71231095434     
       49   -1.00005330469       -0.300000000000         6.71231095434     
       50   -1.00005330469       -0.250000000000         6.71231095434     
       51   -1.00005330469       -0.200000000000         6.71231095434     
       52   -1.00005330469       -0.150000000000         6.71231095434     
       53   -1.00005330469       -0.100000000000         6.71231095434     
       54   -1.00005330469       -0.500000000000E-001    6.71231095434     
       55   -1.00005330469         0.00000000000         6.71231095434     
       56   -1.00005330469        0.500000000000E-001    6.71231095434     
       57   -1.00005330469        0.100000000000         6.71231095434     
       58   -1.00005330469        0.150000000000         6.71231095434     
       59   -1.00005330469        0.200000000000         6.71231095434     
       60   -1.00005330469        0.250000000000         6.71231095434     

 
       61   -1.00005330469        0.300000000000         6.71231095434     
       62   -1.00005330469        0.350000000000         6.71231095434     
       63   -1.00005330469        0.400000000000         6.71231095434     
       64   -1.00005330469        0.450000000000         6.71231095434     
       65  -0.958669961688       -0.400000000000         6.71834628942     
       66  -0.958669961688       -0.300000000000         6.71834628942     
       67  -0.958669961688       -0.200000000000         6.71834628942     
       68  -0.958669961688       -0.100000000000         6.71834628942     
       69  -0.958669961688         0.00000000000         6.71834628942     
       70  -0.958669961688        0.100000000000         6.71834628942     
       71  -0.958669961688        0.200000000000         6.71834628942     
       72  -0.958669961688        0.300000000000         6.71834628942     
       73  -0.958669961688        0.400000000000         6.71834628942     
       74  -0.917250211621       -0.450000000000         6.72412648671     
       75  -0.917250211621       -0.400000000000         6.72412648671     
       76  -0.917250211621       -0.350000000000         6.72412648671     
       77  -0.917250211621       -0.300000000000         6.72412648671     
       78  -0.917250211621       -0.250000000000         6.72412648671     
       79  -0.917250211621       -0.200000000000         6.72412648671     
       80  -0.917250211621       -0.150000000000         6.72412648671     

 
       81  -0.917250211621       -0.100000000000         6.72412648671     
       82  -0.917250211621       -0.500000000000E-001    6.72412648671     
       83  -0.917250211621         0.00000000000         6.72412648671     
       84  -0.917250211621        0.500000000000E-001    6.72412648671     
       85  -0.917250211621        0.100000000000         6.72412648671     
       86  -0.917250211621        0.150000000000         6.72412648671     
       87  -0.917250211621        0.200000000000         6.72412648671     
       88  -0.917250211621        0.250000000000         6.72412648671     
       89  -0.917250211621        0.300000000000         6.72412648671     
       90  -0.917250211621        0.350000000000         6.72412648671     
       91  -0.917250211621        0.400000000000         6.72412648671     
       92  -0.917250211621        0.450000000000         6.72412648671     
       93  -0.875795627523       -0.400000000000         6.72965132669     
       94  -0.875795627523       -0.300000000000         6.72965132669     
       95  -0.875795627523       -0.200000000000         6.72965132669     
       96  -0.875795627523       -0.100000000000         6.72965132669     
       97  -0.875795627523         0.00000000000         6.72965132669     
       98  -0.875795627523        0.100000000000         6.72965132669     
       99  -0.875795627523        0.200000000000         6.72965132669     
      100  -0.875795627523        0.300000000000         6.72965132669     

 
      101  -0.875795627523        0.400000000000         6.72965132669     
      102  -0.834307783812       -0.450000000000         6.73492059952     
      103  -0.834307783812       -0.400000000000         6.73492059952     
      104  -0.834307783812       -0.350000000000         6.73492059952     
      105  -0.834307783812       -0.300000000000         6.73492059952     
      106  -0.834307783812       -0.250000000000         6.73492059952     
      107  -0.834307783812       -0.200000000000         6.73492059952     
      108  -0.834307783812       -0.150000000000         6.73492059952     
      109  -0.834307783812       -0.100000000000         6.73492059952     
      110  -0.834307783812       -0.500000000000E-001    6.73492059952     
      111  -0.834307783812         0.00000000000         6.73492059952     
      112  -0.834307783812        0.500000000000E-001    6.73492059952     
      113  -0.834307783812        0.100000000000         6.73492059952     
      114  -0.834307783812        0.150000000000         6.73492059952     
      115  -0.834307783812        0.200000000000         6.73492059952     
      116  -0.834307783812        0.250000000000         6.73492059952     
      117  -0.834307783812        0.300000000000         6.73492059952     
      118  -0.834307783812        0.350000000000         6.73492059952     
      119  -0.834307783812        0.400000000000         6.73492059952     
      120  -0.834307783812        0.450000000000         6.73492059952     

 
      121  -0.792788256057       -0.400000000000         6.73993410510     
      122  -0.792788256057       -0.300000000000         6.73993410510     
      123  -0.792788256057       -0.200000000000         6.73993410510     
      124  -0.792788256057       -0.100000000000         6.73993410510     
      125  -0.792788256057         0.00000000000         6.73993410510     
      126  -0.792788256057        0.100000000000         6.73993410510     
      127  -0.792788256057        0.200000000000         6.73993410510     
      128  -0.792788256057        0.300000000000         6.73993410510     
      129  -0.792788256057        0.400000000000         6.73993410510     
      130  -0.751238621052       -0.450000000000         6.74469165301     
      131  -0.751238621052       -0.400000000000         6.74469165301     
      132  -0.751238621052       -0.350000000000         6.74469165301     
      133  -0.751238621052       -0.300000000000         6.74469165301     
      134  -0.751238621052       -0.250000000000         6.74469165301     
      135  -0.751238621052       -0.200000000000         6.74469165301     
      136  -0.751238621052       -0.150000000000         6.74469165301     
      137  -0.751238621052       -0.100000000000         6.74469165301     
      138  -0.751238621052       -0.500000000000E-001    6.74469165301     
      139  -0.751238621052         0.00000000000         6.74469165301     
      140  -0.751238621052        0.500000000000E-001    6.74469165301     

 
      141  -0.751238621052        0.100000000000         6.74469165301     
      142  -0.751238621052        0.150000000000         6.74469165301     
      143  -0.751238621052        0.200000000000         6.74469165301     
      144  -0.751238621052        0.250000000000         6.74469165301     
      145  -0.751238621052        0.300000000000         6.74469165301     
      146  -0.751238621052        0.350000000000         6.74469165301     
      147  -0.751238621052        0.400000000000         6.74469165301     
      148  -0.751238621052        0.450000000000         6.74469165301     
      149  -0.709660456758       -0.400000000000         6.74919306259     
      150  -0.709660456758       -0.300000000000         6.74919306259     
      151  -0.709660456758       -0.200000000000         6.74919306259     
      152  -0.709660456758       -0.100000000000         6.74919306259     
      153  -0.709660456758         0.00000000000         6.74919306259     
      154  -0.709660456758        0.100000000000         6.74919306259     
      155  -0.709660456758        0.200000000000         6.74919306259     
      156  -0.709660456758        0.300000000000         6.74919306259     
      157  -0.709660456758        0.400000000000         6.74919306259     
      158  -0.668055342301       -0.450000000000         6.75343816286     
      159  -0.668055342301       -0.400000000000         6.75343816286     
      160  -0.668055342301       -0.350000000000         6.75343816286     

 
      161  -0.668055342301       -0.300000000000         6.75343816286     
      162  -0.668055342301       -0.250000000000         6.75343816286     
      163  -0.668055342301       -0.200000000000         6.75343816286     
      164  -0.668055342301       -0.150000000000         6.75343816286     
      165  -0.668055342301       -0.100000000000         6.75343816286     
      166  -0.668055342301       -0.500000000000E-001    6.75343816286     
      167  -0.668055342301         0.00000000000         6.75343816286     
      168  -0.668055342301        0.500000000000E-001    6.75343816286     
      169  -0.668055342301        0.100000000000         6.75343816286     
      170  -0.668055342301        0.150000000000         6.75343816286     
      171  -0.668055342301        0.200000000000         6.75343816286     
      172  -0.668055342301        0.250000000000         6.75343816286     
      173  -0.668055342301        0.300000000000         6.75343816286     
      174  -0.668055342301        0.350000000000         6.75343816286     
      175  -0.668055342301        0.400000000000         6.75343816286     
      176  -0.668055342301        0.450000000000         6.75343816286     
      177  -0.626424857730       -0.400000000000         6.75742679262     
      178  -0.626424857730       -0.300000000000         6.75742679262     
      179  -0.626424857730       -0.200000000000         6.75742679262     
      180  -0.626424857730       -0.100000000000         6.75742679262     

 
      181  -0.626424857730         0.00000000000         6.75742679262     
      182  -0.626424857730        0.100000000000         6.75742679262     
      183  -0.626424857730        0.200000000000         6.75742679262     
      184  -0.626424857730        0.300000000000         6.75742679262     
      185  -0.626424857730        0.400000000000         6.75742679262     
      186  -0.584770584091       -0.450000000000         6.76115880038     
      187  -0.584770584091       -0.400000000000         6.76115880038     
      188  -0.584770584091       -0.350000000000         6.76115880038     
      189  -0.584770584091       -0.300000000000         6.76115880038     
      190  -0.584770584091       -0.250000000000         6.76115880038     
      191  -0.584770584091       -0.200000000000         6.76115880038     
      192  -0.584770584091       -0.150000000000         6.76115880038     
      193  -0.584770584091       -0.100000000000         6.76115880038     
      194  -0.584770584091       -0.500000000000E-001    6.76115880038     
      195  -0.584770584091         0.00000000000         6.76115880038     
      196  -0.584770584091        0.500000000000E-001    6.76115880038     
      197  -0.584770584091        0.100000000000         6.76115880038     
      198  -0.584770584091        0.150000000000         6.76115880038     
      199  -0.584770584091        0.200000000000         6.76115880038     
      200  -0.584770584091        0.250000000000         6.76115880038     

 
      201  -0.584770584091        0.300000000000         6.76115880038     
      202  -0.584770584091        0.350000000000         6.76115880038     
      203  -0.584770584091        0.400000000000         6.76115880038     
      204  -0.584770584091        0.450000000000         6.76115880038     
      205  -0.543094103319       -0.400000000000         6.76463404442     
      206  -0.543094103319       -0.300000000000         6.76463404442     
      207  -0.543094103319       -0.200000000000         6.76463404442     
      208  -0.543094103319       -0.100000000000         6.76463404442     
      209  -0.543094103319         0.00000000000         6.76463404442     
      210  -0.543094103319        0.100000000000         6.76463404442     
      211  -0.543094103319        0.200000000000         6.76463404442     
      212  -0.543094103319        0.300000000000         6.76463404442     
      213  -0.543094103319        0.400000000000         6.76463404442     
      214    0.00000000000       -0.500000000000         6.78640000000     
      215  -0.459680851136       -0.500000000000         6.77081372327     
      216  -0.417947247175       -0.500000000000         6.77351792341     
      217  -0.376197771126       -0.500000000000         6.77596489049     
      218  -0.334434008537       -0.500000000000         6.77815453159     
      219  -0.292657545384       -0.500000000000         6.78008676355     
      220  -0.250869968151       -0.500000000000         6.78176151299     

 
      221  -0.209072863765       -0.500000000000         6.78317871632     
      222  -0.167267819597       -0.500000000000         6.78433831972     
      223  -0.125456423219       -0.500000000000         6.78524027915     
      224  -0.836402624756E-001  -0.500000000000         6.78588456035     
      225  -0.418209253816E-001  -0.500000000000         6.78627113886     
      226    0.00000000000        0.500000000000         6.78640000000     
      227    0.00000000000       -0.450000000000         6.78640000000     
      228    0.00000000000       -0.400000000000         6.78640000000     
      229    0.00000000000       -0.350000000000         6.78640000000     
      230    0.00000000000       -0.300000000000         6.78640000000     
      231    0.00000000000       -0.250000000000         6.78640000000     
      232    0.00000000000       -0.200000000000         6.78640000000     
      233    0.00000000000       -0.150000000000         6.78640000000     
      234    0.00000000000       -0.100000000000         6.78640000000     
      235    0.00000000000       -0.500000000000E-001    6.78640000000     
      236    0.00000000000         0.00000000000         6.78640000000     
      237    0.00000000000        0.500000000000E-001    6.78640000000     
      238    0.00000000000        0.100000000000         6.78640000000     
      239    0.00000000000        0.150000000000         6.78640000000     
      240    0.00000000000        0.200000000000         6.78640000000     

 
      241    0.00000000000        0.250000000000         6.78640000000     
      242    0.00000000000        0.300000000000         6.78640000000     
      243    0.00000000000        0.350000000000         6.78640000000     
      244    0.00000000000        0.400000000000         6.78640000000     
      245    0.00000000000        0.450000000000         6.78640000000     
      246  -0.459680851136        0.500000000000         6.77081372327     
      247  -0.417947247175        0.500000000000         6.77351792341     
      248  -0.376197771126        0.500000000000         6.77596489049     
      249  -0.334434008537        0.500000000000         6.77815453159     
      250  -0.292657545384        0.500000000000         6.78008676355     
      251  -0.250869968151        0.500000000000         6.78176151299     
      252  -0.209072863765        0.500000000000         6.78317871632     
      253  -0.167267819597        0.500000000000         6.78433831972     
      254  -0.125456423219        0.500000000000         6.78524027915     
      255  -0.836402624756E-001   0.500000000000         6.78588456035     
      256  -0.418209253816E-001   0.500000000000         6.78627113886     
      257  -0.459680850566       -0.400000000000         6.77081372330     
      258  -0.459680850566       -0.300000000000         6.77081372330     
      259  -0.459680850566       -0.200000000000         6.77081372330     
      260  -0.459680850566       -0.100000000000         6.77081372330     

 
      261  -0.459680850566         0.00000000000         6.77081372330     
      262  -0.459680850566        0.100000000000         6.77081372330     
      263  -0.459680850566        0.200000000000         6.77081372330     
      264  -0.459680850566        0.300000000000         6.77081372330     
      265  -0.459680850566        0.400000000000         6.77081372330     
      266  -0.417947246269       -0.450000000000         6.77351792345     
      267  -0.417947246269       -0.400000000000         6.77351792345     
      268  -0.417947246269       -0.350000000000         6.77351792345     
      269  -0.417947246269       -0.300000000000         6.77351792345     
      270  -0.417947246269       -0.250000000000         6.77351792345     
      271  -0.417947246269       -0.200000000000         6.77351792345     
      272  -0.417947246269       -0.150000000000         6.77351792345     
      273  -0.417947246269       -0.100000000000         6.77351792345     
      274  -0.417947246269       -0.500000000000E-001    6.77351792345     
      275  -0.417947246269         0.00000000000         6.77351792345     
      276  -0.417947246269        0.500000000000E-001    6.77351792345     
      277  -0.417947246269        0.100000000000         6.77351792345     
      278  -0.417947246269        0.150000000000         6.77351792345     
      279  -0.417947246269        0.200000000000         6.77351792345     
      280  -0.417947246269        0.250000000000         6.77351792345     

 
      281  -0.417947246269        0.300000000000         6.77351792345     
      282  -0.417947246269        0.350000000000         6.77351792345     
      283  -0.417947246269        0.400000000000         6.77351792345     
      284  -0.417947246269        0.450000000000         6.77351792345     
      285  -0.376197770078       -0.400000000000         6.77596489054     
      286  -0.376197770078       -0.300000000000         6.77596489054     
      287  -0.376197770078       -0.200000000000         6.77596489054     
      288  -0.376197770078       -0.100000000000         6.77596489054     
      289  -0.376197770078         0.00000000000         6.77596489054     
      290  -0.376197770078        0.100000000000         6.77596489054     
      291  -0.376197770078        0.200000000000         6.77596489054     
      292  -0.376197770078        0.300000000000         6.77596489054     
      293  -0.376197770078        0.400000000000         6.77596489054     
      294  -0.334434007501       -0.450000000000         6.77815453163     
      295  -0.334434007501       -0.400000000000         6.77815453163     
      296  -0.334434007501       -0.350000000000         6.77815453163     
      297  -0.334434007501       -0.300000000000         6.77815453163     
      298  -0.334434007501       -0.250000000000         6.77815453163     
      299  -0.334434007501       -0.200000000000         6.77815453163     
      300  -0.334434007501       -0.150000000000         6.77815453163     

 
      301  -0.334434007501       -0.100000000000         6.77815453163     
      302  -0.334434007501       -0.500000000000E-001    6.77815453163     
      303  -0.334434007501         0.00000000000         6.77815453163     
      304  -0.334434007501        0.500000000000E-001    6.77815453163     
      305  -0.334434007501        0.100000000000         6.77815453163     
      306  -0.334434007501        0.150000000000         6.77815453163     
      307  -0.334434007501        0.200000000000         6.77815453163     
      308  -0.334434007501        0.250000000000         6.77815453163     
      309  -0.334434007501        0.300000000000         6.77815453163     
      310  -0.334434007501        0.350000000000         6.77815453163     
      311  -0.334434007501        0.400000000000         6.77815453163     
      312  -0.334434007501        0.450000000000         6.77815453163     
      313  -0.292657544478       -0.400000000000         6.78008676358     
      314  -0.292657544478       -0.300000000000         6.78008676358     
      315  -0.292657544478       -0.200000000000         6.78008676358     
      316  -0.292657544478       -0.100000000000         6.78008676358     
      317  -0.292657544478         0.00000000000         6.78008676358     
      318  -0.292657544478        0.100000000000         6.78008676358     
      319  -0.292657544478        0.200000000000         6.78008676358     
      320  -0.292657544478        0.300000000000         6.78008676358     

 
      321  -0.292657544478        0.400000000000         6.78008676358     
      322  -0.250869967452       -0.450000000000         6.78176151302     
      323  -0.250869967452       -0.400000000000         6.78176151302     
      324  -0.250869967452       -0.350000000000         6.78176151302     
      325  -0.250869967452       -0.300000000000         6.78176151302     
      326  -0.250869967452       -0.250000000000         6.78176151302     
      327  -0.250869967452       -0.200000000000         6.78176151302     
      328  -0.250869967452       -0.150000000000         6.78176151302     
      329  -0.250869967452       -0.100000000000         6.78176151302     
      330  -0.250869967452       -0.500000000000E-001    6.78176151302     
      331  -0.250869967452         0.00000000000         6.78176151302     
      332  -0.250869967452        0.500000000000E-001    6.78176151302     
      333  -0.250869967452        0.100000000000         6.78176151302     
      334  -0.250869967452        0.150000000000         6.78176151302     
      335  -0.250869967452        0.200000000000         6.78176151302     
      336  -0.250869967452        0.250000000000         6.78176151302     
      337  -0.250869967452        0.300000000000         6.78176151302     
      338  -0.250869967452        0.350000000000         6.78176151302     
      339  -0.250869967452        0.400000000000         6.78176151302     
      340  -0.250869967452        0.450000000000         6.78176151302     

 
      341  -0.209072863312       -0.400000000000         6.78317871634     
      342  -0.209072863312       -0.300000000000         6.78317871634     
      343  -0.209072863312       -0.200000000000         6.78317871634     
      344  -0.209072863312       -0.100000000000         6.78317871634     
      345  -0.209072863312         0.00000000000         6.78317871634     
      346  -0.209072863312        0.100000000000         6.78317871634     
      347  -0.209072863312        0.200000000000         6.78317871634     
      348  -0.209072863312        0.300000000000         6.78317871634     
      349  -0.209072863312        0.400000000000         6.78317871634     
      350  -0.167267819390       -0.450000000000         6.78433831973     
      351  -0.167267819390       -0.400000000000         6.78433831973     
      352  -0.167267819390       -0.350000000000         6.78433831973     
      353  -0.167267819390       -0.300000000000         6.78433831973     
      354  -0.167267819390       -0.250000000000         6.78433831973     
      355  -0.167267819390       -0.200000000000         6.78433831973     
      356  -0.167267819390       -0.150000000000         6.78433831973     
      357  -0.167267819390       -0.100000000000         6.78433831973     
      358  -0.167267819390       -0.500000000000E-001    6.78433831973     
      359  -0.167267819390         0.00000000000         6.78433831973     
      360  -0.167267819390        0.500000000000E-001    6.78433831973     

 
      361  -0.167267819390        0.100000000000         6.78433831973     
      362  -0.167267819390        0.150000000000         6.78433831973     
      363  -0.167267819390        0.200000000000         6.78433831973     
      364  -0.167267819390        0.250000000000         6.78433831973     
      365  -0.167267819390        0.300000000000         6.78433831973     
      366  -0.167267819390        0.350000000000         6.78433831973     
      367  -0.167267819390        0.400000000000         6.78433831973     
      368  -0.167267819390        0.450000000000         6.78433831973     
      369  -0.125456423219       -0.400000000000         6.78524027916     
      370  -0.125456423219       -0.300000000000         6.78524027916     
      371  -0.125456423219       -0.200000000000         6.78524027916     
      372  -0.125456423219       -0.100000000000         6.78524027916     
      373  -0.125456423219         0.00000000000         6.78524027916     
      374  -0.125456423219        0.100000000000         6.78524027916     
      375  -0.125456423219        0.200000000000         6.78524027916     
      376  -0.125456423219        0.300000000000         6.78524027916     
      377  -0.125456423219        0.400000000000         6.78524027916     
      378  -0.836402626052E-001  -0.450000000000         6.78588456036     
      379  -0.836402626052E-001  -0.400000000000         6.78588456036     
      380  -0.836402626052E-001  -0.350000000000         6.78588456036     

 
      381  -0.836402626052E-001  -0.300000000000         6.78588456036     
      382  -0.836402626052E-001  -0.250000000000         6.78588456036     
      383  -0.836402626052E-001  -0.200000000000         6.78588456036     
      384  -0.836402626052E-001  -0.150000000000         6.78588456036     
      385  -0.836402626052E-001  -0.100000000000         6.78588456036     
      386  -0.836402626052E-001  -0.500000000000E-001    6.78588456036     
      387  -0.836402626052E-001    0.00000000000         6.78588456036     
      388  -0.836402626052E-001   0.500000000000E-001    6.78588456036     
      389  -0.836402626052E-001   0.100000000000         6.78588456036     
      390  -0.836402626052E-001   0.150000000000         6.78588456036     
      391  -0.836402626052E-001   0.200000000000         6.78588456036     
      392  -0.836402626052E-001   0.250000000000         6.78588456036     
      393  -0.836402626052E-001   0.300000000000         6.78588456036     
      394  -0.836402626052E-001   0.350000000000         6.78588456036     
      395  -0.836402626052E-001   0.400000000000         6.78588456036     
      396  -0.836402626052E-001   0.450000000000         6.78588456036     
      397  -0.418209255241E-001  -0.400000000000         6.78627113886     
      398  -0.418209255241E-001  -0.300000000000         6.78627113886     
      399  -0.418209255241E-001  -0.200000000000         6.78627113886     
      400  -0.418209255241E-001  -0.100000000000         6.78627113886     

 
      401  -0.418209255241E-001    0.00000000000         6.78627113886     
      402  -0.418209255241E-001   0.100000000000         6.78627113886     
      403  -0.418209255241E-001   0.200000000000         6.78627113886     
      404  -0.418209255241E-001   0.300000000000         6.78627113886     
      405  -0.418209255241E-001   0.400000000000         6.78627113886     
      406   0.501396998124       -0.500000000000         6.76785239277     
      407   0.418209252974E-001  -0.500000000000         6.78627113887     
      408   0.836402623914E-001  -0.500000000000         6.78588456036     
      409   0.125456423143       -0.500000000000         6.78524027916     
      410   0.167267819472       -0.500000000000         6.78433831974     
      411   0.209072863591       -0.500000000000         6.78317871634     
      412   0.250869967933       -0.500000000000         6.78176151300     
      413   0.292657545210       -0.500000000000         6.78008676354     
      414   0.334434008410       -0.500000000000         6.77815453157     
      415   0.376197771049       -0.500000000000         6.77596489047     
      416   0.417947247089       -0.500000000000         6.77351792339     
      417   0.459680851050       -0.500000000000         6.77081372326     
      418   0.501396998124        0.500000000000         6.76785239277     
      419   0.501396998124       -0.450000000000         6.76785239277     
      420   0.501396998124       -0.400000000000         6.76785239277     

 
      421   0.501396998124       -0.350000000000         6.76785239277     
      422   0.501396998124       -0.300000000000         6.76785239277     
      423   0.501396998124       -0.250000000000         6.76785239277     
      424   0.501396998124       -0.200000000000         6.76785239277     
      425   0.501396998124       -0.150000000000         6.76785239277     
      426   0.501396998124       -0.100000000000         6.76785239277     
      427   0.501396998124       -0.500000000000E-001    6.76785239277     
      428   0.501396998124         0.00000000000         6.76785239277     
      429   0.501396998124        0.500000000000E-001    6.76785239277     
      430   0.501396998124        0.100000000000         6.76785239277     
      431   0.501396998124        0.150000000000         6.76785239277     
      432   0.501396998124        0.200000000000         6.76785239277     
      433   0.501396998124        0.250000000000         6.76785239277     
      434   0.501396998124        0.300000000000         6.76785239277     
      435   0.501396998124        0.350000000000         6.76785239277     
      436   0.501396998124        0.400000000000         6.76785239277     
      437   0.501396998124        0.450000000000         6.76785239277     
      438   0.418209252974E-001   0.500000000000         6.78627113887     
      439   0.836402623914E-001   0.500000000000         6.78588456036     
      440   0.125456423143        0.500000000000         6.78524027916     

 
      441   0.167267819472        0.500000000000         6.78433831974     
      442   0.209072863591        0.500000000000         6.78317871634     
      443   0.250869967933        0.500000000000         6.78176151300     
      444   0.292657545210        0.500000000000         6.78008676354     
      445   0.334434008410        0.500000000000         6.77815453157     
      446   0.376197771049        0.500000000000         6.77596489047     
      447   0.417947247089        0.500000000000         6.77351792339     
      448   0.459680851050        0.500000000000         6.77081372326     
      449   0.418209251802E-001  -0.400000000000         6.78627113887     
      450   0.418209251802E-001  -0.300000000000         6.78627113887     
      451   0.418209251802E-001  -0.200000000000         6.78627113887     
      452   0.418209251802E-001  -0.100000000000         6.78627113887     
      453   0.418209251802E-001    0.00000000000         6.78627113887     
      454   0.418209251802E-001   0.100000000000         6.78627113887     
      455   0.418209251802E-001   0.200000000000         6.78627113887     
      456   0.418209251802E-001   0.300000000000         6.78627113887     
      457   0.418209251802E-001   0.400000000000         6.78627113887     
      458   0.836402622848E-001  -0.450000000000         6.78588456036     
      459   0.836402622848E-001  -0.400000000000         6.78588456036     
      460   0.836402622848E-001  -0.350000000000         6.78588456036     

 
      461   0.836402622848E-001  -0.300000000000         6.78588456036     
      462   0.836402622848E-001  -0.250000000000         6.78588456036     
      463   0.836402622848E-001  -0.200000000000         6.78588456036     
      464   0.836402622848E-001  -0.150000000000         6.78588456036     
      465   0.836402622848E-001  -0.100000000000         6.78588456036     
      466   0.836402622848E-001  -0.500000000000E-001    6.78588456036     
      467   0.836402622848E-001    0.00000000000         6.78588456036     
      468   0.836402622848E-001   0.500000000000E-001    6.78588456036     
      469   0.836402622848E-001   0.100000000000         6.78588456036     
      470   0.836402622848E-001   0.150000000000         6.78588456036     
      471   0.836402622848E-001   0.200000000000         6.78588456036     
      472   0.836402622848E-001   0.250000000000         6.78588456036     
      473   0.836402622848E-001   0.300000000000         6.78588456036     
      474   0.836402622848E-001   0.350000000000         6.78588456036     
      475   0.836402622848E-001   0.400000000000         6.78588456036     
      476   0.836402622848E-001   0.450000000000         6.78588456036     
      477   0.125456423143       -0.400000000000         6.78524027916     
      478   0.125456423143       -0.300000000000         6.78524027916     
      479   0.125456423143       -0.200000000000         6.78524027916     
      480   0.125456423143       -0.100000000000         6.78524027916     

 
      481   0.125456423143         0.00000000000         6.78524027916     
      482   0.125456423143        0.100000000000         6.78524027916     
      483   0.125456423143        0.200000000000         6.78524027916     
      484   0.125456423143        0.300000000000         6.78524027916     
      485   0.125456423143        0.400000000000         6.78524027916     
      486   0.167267819642       -0.450000000000         6.78433831973     
      487   0.167267819642       -0.400000000000         6.78433831973     
      488   0.167267819642       -0.350000000000         6.78433831973     
      489   0.167267819642       -0.300000000000         6.78433831973     
      490   0.167267819642       -0.250000000000         6.78433831973     
      491   0.167267819642       -0.200000000000         6.78433831973     
      492   0.167267819642       -0.150000000000         6.78433831973     
      493   0.167267819642       -0.100000000000         6.78433831973     
      494   0.167267819642       -0.500000000000E-001    6.78433831973     
      495   0.167267819642         0.00000000000         6.78433831973     
      496   0.167267819642        0.500000000000E-001    6.78433831973     
      497   0.167267819642        0.100000000000         6.78433831973     
      498   0.167267819642        0.150000000000         6.78433831973     
      499   0.167267819642        0.200000000000         6.78433831973     
      500   0.167267819642        0.250000000000         6.78433831973     

 
      501   0.167267819642        0.300000000000         6.78433831973     
      502   0.167267819642        0.350000000000         6.78433831973     
      503   0.167267819642        0.400000000000         6.78433831973     
      504   0.167267819642        0.450000000000         6.78433831973     
      505   0.209072863964       -0.400000000000         6.78317871632     
      506   0.209072863964       -0.300000000000         6.78317871632     
      507   0.209072863964       -0.200000000000         6.78317871632     
      508   0.209072863964       -0.100000000000         6.78317871632     
      509   0.209072863964         0.00000000000         6.78317871632     
      510   0.209072863964        0.100000000000         6.78317871632     
      511   0.209072863964        0.200000000000         6.78317871632     
      512   0.209072863964        0.300000000000         6.78317871632     
      513   0.209072863964        0.400000000000         6.78317871632     
      514   0.250869968508       -0.450000000000         6.78176151298     
      515   0.250869968508       -0.400000000000         6.78176151298     
      516   0.250869968508       -0.350000000000         6.78176151298     
      517   0.250869968508       -0.300000000000         6.78176151298     
      518   0.250869968508       -0.250000000000         6.78176151298     
      519   0.250869968508       -0.200000000000         6.78176151298     
      520   0.250869968508       -0.150000000000         6.78176151298     

 
      521   0.250869968508       -0.100000000000         6.78176151298     
      522   0.250869968508       -0.500000000000E-001    6.78176151298     
      523   0.250869968508         0.00000000000         6.78176151298     
      524   0.250869968508        0.500000000000E-001    6.78176151298     
      525   0.250869968508        0.100000000000         6.78176151298     
      526   0.250869968508        0.150000000000         6.78176151298     
      527   0.250869968508        0.200000000000         6.78176151298     
      528   0.250869968508        0.250000000000         6.78176151298     
      529   0.250869968508        0.300000000000         6.78176151298     
      530   0.250869968508        0.350000000000         6.78176151298     
      531   0.250869968508        0.400000000000         6.78176151298     
      532   0.250869968508        0.450000000000         6.78176151298     
      533   0.292657545955       -0.400000000000         6.78008676352     
      534   0.292657545955       -0.300000000000         6.78008676352     
      535   0.292657545955       -0.200000000000         6.78008676352     
      536   0.292657545955       -0.100000000000         6.78008676352     
      537   0.292657545955         0.00000000000         6.78008676352     
      538   0.292657545955        0.100000000000         6.78008676352     
      539   0.292657545955        0.200000000000         6.78008676352     
      540   0.292657545955        0.300000000000         6.78008676352     

 
      541   0.292657545955        0.400000000000         6.78008676352     
      542   0.334434009262       -0.450000000000         6.77815453154     
      543   0.334434009262       -0.400000000000         6.77815453154     
      544   0.334434009262       -0.350000000000         6.77815453154     
      545   0.334434009262       -0.300000000000         6.77815453154     
      546   0.334434009262       -0.250000000000         6.77815453154     
      547   0.334434009262       -0.200000000000         6.77815453154     
      548   0.334434009262       -0.150000000000         6.77815453154     
      549   0.334434009262       -0.100000000000         6.77815453154     
      550   0.334434009262       -0.500000000000E-001    6.77815453154     
      551   0.334434009262         0.00000000000         6.77815453154     
      552   0.334434009262        0.500000000000E-001    6.77815453154     
      553   0.334434009262        0.100000000000         6.77815453154     
      554   0.334434009262        0.150000000000         6.77815453154     
      555   0.334434009262        0.200000000000         6.77815453154     
      556   0.334434009262        0.250000000000         6.77815453154     
      557   0.334434009262        0.300000000000         6.77815453154     
      558   0.334434009262        0.350000000000         6.77815453154     
      559   0.334434009262        0.400000000000         6.77815453154     
      560   0.334434009262        0.450000000000         6.77815453154     

 
      561   0.376197771912       -0.400000000000         6.77596489043     
      562   0.376197771912       -0.300000000000         6.77596489043     
      563   0.376197771912       -0.200000000000         6.77596489043     
      564   0.376197771912       -0.100000000000         6.77596489043     
      565   0.376197771912         0.00000000000         6.77596489043     
      566   0.376197771912        0.100000000000         6.77596489043     
      567   0.376197771912        0.200000000000         6.77596489043     
      568   0.376197771912        0.300000000000         6.77596489043     
      569   0.376197771912        0.400000000000         6.77596489043     
      570   0.417947247834       -0.450000000000         6.77351792336     
      571   0.417947247834       -0.400000000000         6.77351792336     
      572   0.417947247834       -0.350000000000         6.77351792336     
      573   0.417947247834       -0.300000000000         6.77351792336     
      574   0.417947247834       -0.250000000000         6.77351792336     
      575   0.417947247834       -0.200000000000         6.77351792336     
      576   0.417947247834       -0.150000000000         6.77351792336     
      577   0.417947247834       -0.100000000000         6.77351792336     
      578   0.417947247834       -0.500000000000E-001    6.77351792336     
      579   0.417947247834         0.00000000000         6.77351792336     
      580   0.417947247834        0.500000000000E-001    6.77351792336     

 
      581   0.417947247834        0.100000000000         6.77351792336     
      582   0.417947247834        0.150000000000         6.77351792336     
      583   0.417947247834        0.200000000000         6.77351792336     
      584   0.417947247834        0.250000000000         6.77351792336     
      585   0.417947247834        0.300000000000         6.77351792336     
      586   0.417947247834        0.350000000000         6.77351792336     
      587   0.417947247834        0.400000000000         6.77351792336     
      588   0.417947247834        0.450000000000         6.77351792336     
      589   0.459680851519       -0.400000000000         6.77081372324     
      590   0.459680851519       -0.300000000000         6.77081372324     
      591   0.459680851519       -0.200000000000         6.77081372324     
      592   0.459680851519       -0.100000000000         6.77081372324     
      593   0.459680851519         0.00000000000         6.77081372324     
      594   0.459680851519        0.100000000000         6.77081372324     
      595   0.459680851519        0.200000000000         6.77081372324     
      596   0.459680851519        0.300000000000         6.77081372324     
      597   0.459680851519        0.400000000000         6.77081372324     
      598    1.00005330469       -0.500000000000         6.71231095434     
      599   0.543094103918       -0.500000000000         6.76463404438     
      600   0.584770585015       -0.500000000000         6.76115880032     

 
      601   0.626424858700       -0.500000000000         6.75742679254     
      602   0.668055343042       -0.500000000000         6.75343816280     
      603   0.709660457124       -0.500000000000         6.74919306256     
      604   0.751238620972       -0.500000000000         6.74469165302     
      605   0.792788255610       -0.500000000000         6.73993410515     
      606   0.834307783066       -0.500000000000         6.73492059961     
      607   0.875795626611       -0.500000000000         6.72965132681     
      608   0.917250210687       -0.500000000000         6.72412648684     
      609   0.958669961010       -0.500000000000         6.71834628952     
      610    1.00005330469        0.500000000000         6.71231095434     
      611    1.00005330469       -0.450000000000         6.71231095434     
      612    1.00005330469       -0.400000000000         6.71231095434     
      613    1.00005330469       -0.350000000000         6.71231095434     
      614    1.00005330469       -0.300000000000         6.71231095434     
      615    1.00005330469       -0.250000000000         6.71231095434     
      616    1.00005330469       -0.200000000000         6.71231095434     
      617    1.00005330469       -0.150000000000         6.71231095434     
      618    1.00005330469       -0.100000000000         6.71231095434     
      619    1.00005330469       -0.500000000000E-001    6.71231095434     
      620    1.00005330469         0.00000000000         6.71231095434     

 
      621    1.00005330469        0.500000000000E-001    6.71231095434     
      622    1.00005330469        0.100000000000         6.71231095434     
      623    1.00005330469        0.150000000000         6.71231095434     
      624    1.00005330469        0.200000000000         6.71231095434     
      625    1.00005330469        0.250000000000         6.71231095434     
      626    1.00005330469        0.300000000000         6.71231095434     
      627    1.00005330469        0.350000000000         6.71231095434     
      628    1.00005330469        0.400000000000         6.71231095434     
      629    1.00005330469        0.450000000000         6.71231095434     
      630   0.543094103918        0.500000000000         6.76463404438     
      631   0.584770585015        0.500000000000         6.76115880032     
      632   0.626424858700        0.500000000000         6.75742679254     
      633   0.668055343042        0.500000000000         6.75343816280     
      634   0.709660457124        0.500000000000         6.74919306256     
      635   0.751238620972        0.500000000000         6.74469165302     
      636   0.792788255610        0.500000000000         6.73993410515     
      637   0.834307783066        0.500000000000         6.73492059961     
      638   0.875795626611        0.500000000000         6.72965132681     
      639   0.917250210687        0.500000000000         6.72412648684     
      640   0.958669961010        0.500000000000         6.71834628952     

 
      641   0.543094104408       -0.400000000000         6.76463404433     
      642   0.543094104408       -0.300000000000         6.76463404433     
      643   0.543094104408       -0.200000000000         6.76463404433     
      644   0.543094104408       -0.100000000000         6.76463404433     
      645   0.543094104408         0.00000000000         6.76463404433     
      646   0.543094104408        0.100000000000         6.76463404433     
      647   0.543094104408        0.200000000000         6.76463404433     
      648   0.543094104408        0.300000000000         6.76463404433     
      649   0.543094104408        0.400000000000         6.76463404433     
      650   0.584770585778       -0.450000000000         6.76115880024     
      651   0.584770585778       -0.400000000000         6.76115880024     
      652   0.584770585778       -0.350000000000         6.76115880024     
      653   0.584770585778       -0.300000000000         6.76115880024     
      654   0.584770585778       -0.250000000000         6.76115880024     
      655   0.584770585778       -0.200000000000         6.76115880024     
      656   0.584770585778       -0.150000000000         6.76115880024     
      657   0.584770585778       -0.100000000000         6.76115880024     
      658   0.584770585778       -0.500000000000E-001    6.76115880024     
      659   0.584770585778         0.00000000000         6.76115880024     
      660   0.584770585778        0.500000000000E-001    6.76115880024     

 
      661   0.584770585778        0.100000000000         6.76115880024     
      662   0.584770585778        0.150000000000         6.76115880024     
      663   0.584770585778        0.200000000000         6.76115880024     
      664   0.584770585778        0.250000000000         6.76115880024     
      665   0.584770585778        0.300000000000         6.76115880024     
      666   0.584770585778        0.350000000000         6.76115880024     
      667   0.584770585778        0.400000000000         6.76115880024     
      668   0.584770585778        0.450000000000         6.76115880024     
      669   0.626424859559       -0.400000000000         6.75742679245     
      670   0.626424859559       -0.300000000000         6.75742679245     
      671   0.626424859559       -0.200000000000         6.75742679245     
      672   0.626424859559       -0.100000000000         6.75742679245     
      673   0.626424859559         0.00000000000         6.75742679245     
      674   0.626424859559        0.100000000000         6.75742679245     
      675   0.626424859559        0.200000000000         6.75742679245     
      676   0.626424859559        0.300000000000         6.75742679245     
      677   0.626424859559        0.400000000000         6.75742679245     
      678   0.668055343856       -0.450000000000         6.75343816271     
      679   0.668055343856       -0.400000000000         6.75343816271     
      680   0.668055343856       -0.350000000000         6.75343816271     

 
      681   0.668055343856       -0.300000000000         6.75343816271     
      682   0.668055343856       -0.250000000000         6.75343816271     
      683   0.668055343856       -0.200000000000         6.75343816271     
      684   0.668055343856       -0.150000000000         6.75343816271     
      685   0.668055343856       -0.100000000000         6.75343816271     
      686   0.668055343856       -0.500000000000E-001    6.75343816271     
      687   0.668055343856         0.00000000000         6.75343816271     
      688   0.668055343856        0.500000000000E-001    6.75343816271     
      689   0.668055343856        0.100000000000         6.75343816271     
      690   0.668055343856        0.150000000000         6.75343816271     
      691   0.668055343856        0.200000000000         6.75343816271     
      692   0.668055343856        0.250000000000         6.75343816271     
      693   0.668055343856        0.300000000000         6.75343816271     
      694   0.668055343856        0.350000000000         6.75343816271     
      695   0.668055343856        0.400000000000         6.75343816271     
      696   0.668055343856        0.450000000000         6.75343816271     
      697   0.709660457792       -0.400000000000         6.74919306248     
      698   0.709660457792       -0.300000000000         6.74919306248     
      699   0.709660457792       -0.200000000000         6.74919306248     
      700   0.709660457792       -0.100000000000         6.74919306248     

 
      701   0.709660457792         0.00000000000         6.74919306248     
      702   0.709660457792        0.100000000000         6.74919306248     
      703   0.709660457792        0.200000000000         6.74919306248     
      704   0.709660457792        0.300000000000         6.74919306248     
      705   0.709660457792        0.400000000000         6.74919306248     
      706   0.751238621430       -0.450000000000         6.74469165297     
      707   0.751238621430       -0.400000000000         6.74469165297     
      708   0.751238621430       -0.350000000000         6.74469165297     
      709   0.751238621430       -0.300000000000         6.74469165297     
      710   0.751238621430       -0.250000000000         6.74469165297     
      711   0.751238621430       -0.200000000000         6.74469165297     
      712   0.751238621430       -0.150000000000         6.74469165297     
      713   0.751238621430       -0.100000000000         6.74469165297     
      714   0.751238621430       -0.500000000000E-001    6.74469165297     
      715   0.751238621430         0.00000000000         6.74469165297     
      716   0.751238621430        0.500000000000E-001    6.74469165297     
      717   0.751238621430        0.100000000000         6.74469165297     
      718   0.751238621430        0.150000000000         6.74469165297     
      719   0.751238621430        0.200000000000         6.74469165297     
      720   0.751238621430        0.250000000000         6.74469165297     

 
      721   0.751238621430        0.300000000000         6.74469165297     
      722   0.751238621430        0.350000000000         6.74469165297     
      723   0.751238621430        0.400000000000         6.74469165297     
      724   0.751238621430        0.450000000000         6.74469165297     
      725   0.792788255834       -0.400000000000         6.73993410512     
      726   0.792788255834       -0.300000000000         6.73993410512     
      727   0.792788255834       -0.200000000000         6.73993410512     
      728   0.792788255834       -0.100000000000         6.73993410512     
      729   0.792788255834         0.00000000000         6.73993410512     
      730   0.792788255834        0.100000000000         6.73993410512     
      731   0.792788255834        0.200000000000         6.73993410512     
      732   0.792788255834        0.300000000000         6.73993410512     
      733   0.792788255834        0.400000000000         6.73993410512     
      734   0.834307783068       -0.450000000000         6.73492059962     
      735   0.834307783068       -0.400000000000         6.73492059962     
      736   0.834307783068       -0.350000000000         6.73492059962     
      737   0.834307783068       -0.300000000000         6.73492059962     
      738   0.834307783068       -0.250000000000         6.73492059962     
      739   0.834307783068       -0.200000000000         6.73492059962     
      740   0.834307783068       -0.150000000000         6.73492059962     

 
      741   0.834307783068       -0.100000000000         6.73492059962     
      742   0.834307783068       -0.500000000000E-001    6.73492059962     
      743   0.834307783068         0.00000000000         6.73492059962     
      744   0.834307783068        0.500000000000E-001    6.73492059962     
      745   0.834307783068        0.100000000000         6.73492059962     
      746   0.834307783068        0.150000000000         6.73492059962     
      747   0.834307783068        0.200000000000         6.73492059962     
      748   0.834307783068        0.250000000000         6.73492059962     
      749   0.834307783068        0.300000000000         6.73492059962     
      750   0.834307783068        0.350000000000         6.73492059962     
      751   0.834307783068        0.400000000000         6.73492059962     
      752   0.834307783068        0.450000000000         6.73492059962     
      753   0.875795626442       -0.400000000000         6.72965132683     
      754   0.875795626442       -0.300000000000         6.72965132683     
      755   0.875795626442       -0.200000000000         6.72965132683     
      756   0.875795626442       -0.100000000000         6.72965132683     
      757   0.875795626442         0.00000000000         6.72965132683     
      758   0.875795626442        0.100000000000         6.72965132683     
      759   0.875795626442        0.200000000000         6.72965132683     
      760   0.875795626442        0.300000000000         6.72965132683     

 
      761   0.875795626442        0.400000000000         6.72965132683     
      762   0.917250210435       -0.450000000000         6.72412648687     
      763   0.917250210435       -0.400000000000         6.72412648687     
      764   0.917250210435       -0.350000000000         6.72412648687     
      765   0.917250210435       -0.300000000000         6.72412648687     
      766   0.917250210435       -0.250000000000         6.72412648687     
      767   0.917250210435       -0.200000000000         6.72412648687     
      768   0.917250210435       -0.150000000000         6.72412648687     
      769   0.917250210435       -0.100000000000         6.72412648687     
      770   0.917250210435       -0.500000000000E-001    6.72412648687     
      771   0.917250210435         0.00000000000         6.72412648687     
      772   0.917250210435        0.500000000000E-001    6.72412648687     
      773   0.917250210435        0.100000000000         6.72412648687     
      774   0.917250210435        0.150000000000         6.72412648687     
      775   0.917250210435        0.200000000000         6.72412648687     
      776   0.917250210435        0.250000000000         6.72412648687     
      777   0.917250210435        0.300000000000         6.72412648687     
      778   0.917250210435        0.350000000000         6.72412648687     
      779   0.917250210435        0.400000000000         6.72412648687     
      780   0.917250210435        0.450000000000         6.72412648687     

 
      781   0.958669960802       -0.400000000000         6.71834628955     
      782   0.958669960802       -0.300000000000         6.71834628955     
      783   0.958669960802       -0.200000000000         6.71834628955     
      784   0.958669960802       -0.100000000000         6.71834628955     
      785   0.958669960802         0.00000000000         6.71834628955     
      786   0.958669960802        0.100000000000         6.71834628955     
      787   0.958669960802        0.200000000000         6.71834628955     
      788   0.958669960802        0.300000000000         6.71834628955     
      789   0.958669960802        0.400000000000         6.71834628955     

