
 
        1   -1.00163429866       -0.500000000000         61.0697864147     
        2  -0.500833987276       -0.500000000000         61.0759465691     
        3  -0.959903047342       -0.500000000000         61.0704566066     
        4  -0.918171347797       -0.500000000000         61.0710982821     
        5  -0.876439219518       -0.500000000000         61.0717114407     
        6  -0.834706681991       -0.500000000000         61.0722960822     
        7  -0.792973754701       -0.500000000000         61.0728522064     
        8  -0.751240457137       -0.500000000000         61.0733798129     
        9  -0.709506808786       -0.500000000000         61.0738789016     
       10  -0.667772829134       -0.500000000000         61.0743494722     
       11  -0.626038537670       -0.500000000000         61.0747915244     
       12  -0.584303953880       -0.500000000000         61.0752050581     
       13  -0.542569097253       -0.500000000000         61.0755900731     
       14  -0.500833987276        0.500000000000         61.0759465691     
       15  -0.500833987276       -0.450000000000         61.0759465691     
       16  -0.500833987276       -0.400000000000         61.0759465691     
       17  -0.500833987276       -0.350000000000         61.0759465691     
       18  -0.500833987276       -0.300000000000         61.0759465691     
       19  -0.500833987276       -0.250000000000         61.0759465691     
       20  -0.500833987276       -0.200000000000         61.0759465691     

 
       21  -0.500833987276       -0.150000000000         61.0759465691     
       22  -0.500833987276       -0.100000000000         61.0759465691     
       23  -0.500833987276       -0.500000000000E-001    61.0759465691     
       24  -0.500833987276         0.00000000000         61.0759465691     
       25  -0.500833987276        0.500000000000E-001    61.0759465691     
       26  -0.500833987276        0.100000000000         61.0759465691     
       27  -0.500833987276        0.150000000000         61.0759465691     
       28  -0.500833987276        0.200000000000         61.0759465691     
       29  -0.500833987276        0.250000000000         61.0759465691     
       30  -0.500833987276        0.300000000000         61.0759465691     
       31  -0.500833987276        0.350000000000         61.0759465691     
       32  -0.500833987276        0.400000000000         61.0759465691     
       33  -0.500833987276        0.450000000000         61.0759465691     
       34   -1.00163429866        0.500000000000         61.0697864147     
       35  -0.959903047342        0.500000000000         61.0704566066     
       36  -0.918171347797        0.500000000000         61.0710982821     
       37  -0.876439219518        0.500000000000         61.0717114407     
       38  -0.834706681991        0.500000000000         61.0722960822     
       39  -0.792973754701        0.500000000000         61.0728522064     
       40  -0.751240457137        0.500000000000         61.0733798129     

 
       41  -0.709506808786        0.500000000000         61.0738789016     
       42  -0.667772829134        0.500000000000         61.0743494722     
       43  -0.626038537670        0.500000000000         61.0747915244     
       44  -0.584303953880        0.500000000000         61.0752050581     
       45  -0.542569097253        0.500000000000         61.0755900731     
       46   -1.00163429866       -0.450000000000         61.0697864147     
       47   -1.00163429866       -0.400000000000         61.0697864147     
       48   -1.00163429866       -0.350000000000         61.0697864147     
       49   -1.00163429866       -0.300000000000         61.0697864147     
       50   -1.00163429866       -0.250000000000         61.0697864147     
       51   -1.00163429866       -0.200000000000         61.0697864147     
       52   -1.00163429866       -0.150000000000         61.0697864147     
       53   -1.00163429866       -0.100000000000         61.0697864147     
       54   -1.00163429866       -0.500000000000E-001    61.0697864147     
       55   -1.00163429866         0.00000000000         61.0697864147     
       56   -1.00163429866        0.500000000000E-001    61.0697864147     
       57   -1.00163429866        0.100000000000         61.0697864147     
       58   -1.00163429866        0.150000000000         61.0697864147     
       59   -1.00163429866        0.200000000000         61.0697864147     
       60   -1.00163429866        0.250000000000         61.0697864147     

 
       61   -1.00163429866        0.300000000000         61.0697864147     
       62   -1.00163429866        0.350000000000         61.0697864147     
       63   -1.00163429866        0.400000000000         61.0697864147     
       64   -1.00163429866        0.450000000000         61.0697864147     
       65  -0.959903046483       -0.400000000000         61.0704566066     
       66  -0.959903046483       -0.300000000000         61.0704566066     
       67  -0.959903046483       -0.200000000000         61.0704566066     
       68  -0.959903046483       -0.100000000000         61.0704566066     
       69  -0.959903046483         0.00000000000         61.0704566066     
       70  -0.959903046483        0.100000000000         61.0704566066     
       71  -0.959903046483        0.200000000000         61.0704566066     
       72  -0.959903046483        0.300000000000         61.0704566066     
       73  -0.959903046483        0.400000000000         61.0704566066     
       74  -0.918171346100       -0.450000000000         61.0710982821     
       75  -0.918171346100       -0.400000000000         61.0710982821     
       76  -0.918171346100       -0.350000000000         61.0710982821     
       77  -0.918171346100       -0.300000000000         61.0710982821     
       78  -0.918171346100       -0.250000000000         61.0710982821     
       79  -0.918171346100       -0.200000000000         61.0710982821     
       80  -0.918171346100       -0.150000000000         61.0710982821     

 
       81  -0.918171346100       -0.100000000000         61.0710982821     
       82  -0.918171346100       -0.500000000000E-001    61.0710982821     
       83  -0.918171346100         0.00000000000         61.0710982821     
       84  -0.918171346100        0.500000000000E-001    61.0710982821     
       85  -0.918171346100        0.100000000000         61.0710982821     
       86  -0.918171346100        0.150000000000         61.0710982821     
       87  -0.918171346100        0.200000000000         61.0710982821     
       88  -0.918171346100        0.250000000000         61.0710982821     
       89  -0.918171346100        0.300000000000         61.0710982821     
       90  -0.918171346100        0.350000000000         61.0710982821     
       91  -0.918171346100        0.400000000000         61.0710982821     
       92  -0.918171346100        0.450000000000         61.0710982821     
       93  -0.876439217043       -0.400000000000         61.0717114407     
       94  -0.876439217043       -0.300000000000         61.0717114407     
       95  -0.876439217043       -0.200000000000         61.0717114407     
       96  -0.876439217043       -0.100000000000         61.0717114407     
       97  -0.876439217043         0.00000000000         61.0717114407     
       98  -0.876439217043        0.100000000000         61.0717114407     
       99  -0.876439217043        0.200000000000         61.0717114407     
      100  -0.876439217043        0.300000000000         61.0717114407     

 
      101  -0.876439217043        0.400000000000         61.0717114407     
      102  -0.834706678838       -0.450000000000         61.0722960823     
      103  -0.834706678838       -0.400000000000         61.0722960823     
      104  -0.834706678838       -0.350000000000         61.0722960823     
      105  -0.834706678838       -0.300000000000         61.0722960823     
      106  -0.834706678838       -0.250000000000         61.0722960823     
      107  -0.834706678838       -0.200000000000         61.0722960823     
      108  -0.834706678838       -0.150000000000         61.0722960823     
      109  -0.834706678838       -0.100000000000         61.0722960823     
      110  -0.834706678838       -0.500000000000E-001    61.0722960823     
      111  -0.834706678838         0.00000000000         61.0722960823     
      112  -0.834706678838        0.500000000000E-001    61.0722960823     
      113  -0.834706678838        0.100000000000         61.0722960823     
      114  -0.834706678838        0.150000000000         61.0722960823     
      115  -0.834706678838        0.200000000000         61.0722960823     
      116  -0.834706678838        0.250000000000         61.0722960823     
      117  -0.834706678838        0.300000000000         61.0722960823     
      118  -0.834706678838        0.350000000000         61.0722960823     
      119  -0.834706678838        0.400000000000         61.0722960823     
      120  -0.834706678838        0.450000000000         61.0722960823     

 
      121  -0.792973751013       -0.400000000000         61.0728522064     
      122  -0.792973751013       -0.300000000000         61.0728522064     
      123  -0.792973751013       -0.200000000000         61.0728522064     
      124  -0.792973751013       -0.100000000000         61.0728522064     
      125  -0.792973751013         0.00000000000         61.0728522064     
      126  -0.792973751013        0.100000000000         61.0728522064     
      127  -0.792973751013        0.200000000000         61.0728522064     
      128  -0.792973751013        0.300000000000         61.0728522064     
      129  -0.792973751013        0.400000000000         61.0728522064     
      130  -0.751240453097       -0.450000000000         61.0733798130     
      131  -0.751240453097       -0.400000000000         61.0733798130     
      132  -0.751240453097       -0.350000000000         61.0733798130     
      133  -0.751240453097       -0.300000000000         61.0733798130     
      134  -0.751240453097       -0.250000000000         61.0733798130     
      135  -0.751240453097       -0.200000000000         61.0733798130     
      136  -0.751240453097       -0.150000000000         61.0733798130     
      137  -0.751240453097       -0.100000000000         61.0733798130     
      138  -0.751240453097       -0.500000000000E-001    61.0733798130     
      139  -0.751240453097         0.00000000000         61.0733798130     
      140  -0.751240453097        0.500000000000E-001    61.0733798130     

 
      141  -0.751240453097        0.100000000000         61.0733798130     
      142  -0.751240453097        0.150000000000         61.0733798130     
      143  -0.751240453097        0.200000000000         61.0733798130     
      144  -0.751240453097        0.250000000000         61.0733798130     
      145  -0.751240453097        0.300000000000         61.0733798130     
      146  -0.751240453097        0.350000000000         61.0733798130     
      147  -0.751240453097        0.400000000000         61.0733798130     
      148  -0.751240453097        0.450000000000         61.0733798130     
      149  -0.709506804619       -0.400000000000         61.0738789017     
      150  -0.709506804619       -0.300000000000         61.0738789017     
      151  -0.709506804619       -0.200000000000         61.0738789017     
      152  -0.709506804619       -0.100000000000         61.0738789017     
      153  -0.709506804619         0.00000000000         61.0738789017     
      154  -0.709506804619        0.100000000000         61.0738789017     
      155  -0.709506804619        0.200000000000         61.0738789017     
      156  -0.709506804619        0.300000000000         61.0738789017     
      157  -0.709506804619        0.400000000000         61.0738789017     
      158  -0.667772825105       -0.450000000000         61.0743494722     
      159  -0.667772825105       -0.400000000000         61.0743494722     
      160  -0.667772825105       -0.350000000000         61.0743494722     

 
      161  -0.667772825105       -0.300000000000         61.0743494722     
      162  -0.667772825105       -0.250000000000         61.0743494722     
      163  -0.667772825105       -0.200000000000         61.0743494722     
      164  -0.667772825105       -0.150000000000         61.0743494722     
      165  -0.667772825105       -0.100000000000         61.0743494722     
      166  -0.667772825105       -0.500000000000E-001    61.0743494722     
      167  -0.667772825105         0.00000000000         61.0743494722     
      168  -0.667772825105        0.500000000000E-001    61.0743494722     
      169  -0.667772825105        0.100000000000         61.0743494722     
      170  -0.667772825105        0.150000000000         61.0743494722     
      171  -0.667772825105        0.200000000000         61.0743494722     
      172  -0.667772825105        0.250000000000         61.0743494722     
      173  -0.667772825105        0.300000000000         61.0743494722     
      174  -0.667772825105        0.350000000000         61.0743494722     
      175  -0.667772825105        0.400000000000         61.0743494722     
      176  -0.667772825105        0.450000000000         61.0743494722     
      177  -0.626038534086       -0.400000000000         61.0747915244     
      178  -0.626038534086       -0.300000000000         61.0747915244     
      179  -0.626038534086       -0.200000000000         61.0747915244     
      180  -0.626038534086       -0.100000000000         61.0747915244     

 
      181  -0.626038534086         0.00000000000         61.0747915244     
      182  -0.626038534086        0.100000000000         61.0747915244     
      183  -0.626038534086        0.200000000000         61.0747915244     
      184  -0.626038534086        0.300000000000         61.0747915244     
      185  -0.626038534086        0.400000000000         61.0747915244     
      186  -0.584303951088       -0.450000000000         61.0752050581     
      187  -0.584303951088       -0.400000000000         61.0752050581     
      188  -0.584303951088       -0.350000000000         61.0752050581     
      189  -0.584303951088       -0.300000000000         61.0752050581     
      190  -0.584303951088       -0.250000000000         61.0752050581     
      191  -0.584303951088       -0.200000000000         61.0752050581     
      192  -0.584303951088       -0.150000000000         61.0752050581     
      193  -0.584303951088       -0.100000000000         61.0752050581     
      194  -0.584303951088       -0.500000000000E-001    61.0752050581     
      195  -0.584303951088         0.00000000000         61.0752050581     
      196  -0.584303951088        0.500000000000E-001    61.0752050581     
      197  -0.584303951088        0.100000000000         61.0752050581     
      198  -0.584303951088        0.150000000000         61.0752050581     
      199  -0.584303951088        0.200000000000         61.0752050581     
      200  -0.584303951088        0.250000000000         61.0752050581     

 
      201  -0.584303951088        0.300000000000         61.0752050581     
      202  -0.584303951088        0.350000000000         61.0752050581     
      203  -0.584303951088        0.400000000000         61.0752050581     
      204  -0.584303951088        0.450000000000         61.0752050581     
      205  -0.542569095642       -0.400000000000         61.0755900731     
      206  -0.542569095642       -0.300000000000         61.0755900731     
      207  -0.542569095642       -0.200000000000         61.0755900731     
      208  -0.542569095642       -0.100000000000         61.0755900731     
      209  -0.542569095642         0.00000000000         61.0755900731     
      210  -0.542569095642        0.100000000000         61.0755900731     
      211  -0.542569095642        0.200000000000         61.0755900731     
      212  -0.542569095642        0.300000000000         61.0755900731     
      213  -0.542569095642        0.400000000000         61.0755900731     
      214    0.00000000000       -0.500000000000         61.0780000000     
      215  -0.459098643438       -0.500000000000         61.0762745461     
      216  -0.417363085226       -0.500000000000         61.0765740039     
      217  -0.375627332129       -0.500000000000         61.0768449423     
      218  -0.333891403634       -0.500000000000         61.0770873612     
      219  -0.292155319231       -0.500000000000         61.0773012605     
      220  -0.250419098408       -0.500000000000         61.0774866401     

 
      221  -0.208682760652       -0.500000000000         61.0776434999     
      222  -0.166946325454       -0.500000000000         61.0777718399     
      223  -0.125209812301       -0.500000000000         61.0778716599     
      224  -0.834732406817E-001  -0.500000000000         61.0779429600     
      225  -0.417366300852E-001  -0.500000000000         61.0779857400     
      226    0.00000000000        0.500000000000         61.0780000000     
      227    0.00000000000       -0.450000000000         61.0780000000     
      228    0.00000000000       -0.400000000000         61.0780000000     
      229    0.00000000000       -0.350000000000         61.0780000000     
      230    0.00000000000       -0.300000000000         61.0780000000     
      231    0.00000000000       -0.250000000000         61.0780000000     
      232    0.00000000000       -0.200000000000         61.0780000000     
      233    0.00000000000       -0.150000000000         61.0780000000     
      234    0.00000000000       -0.100000000000         61.0780000000     
      235    0.00000000000       -0.500000000000E-001    61.0780000000     
      236    0.00000000000         0.00000000000         61.0780000000     
      237    0.00000000000        0.500000000000E-001    61.0780000000     
      238    0.00000000000        0.100000000000         61.0780000000     
      239    0.00000000000        0.150000000000         61.0780000000     
      240    0.00000000000        0.200000000000         61.0780000000     

 
      241    0.00000000000        0.250000000000         61.0780000000     
      242    0.00000000000        0.300000000000         61.0780000000     
      243    0.00000000000        0.350000000000         61.0780000000     
      244    0.00000000000        0.400000000000         61.0780000000     
      245    0.00000000000        0.450000000000         61.0780000000     
      246  -0.459098643438        0.500000000000         61.0762745461     
      247  -0.417363085226        0.500000000000         61.0765740039     
      248  -0.375627332129        0.500000000000         61.0768449423     
      249  -0.333891403634        0.500000000000         61.0770873612     
      250  -0.292155319231        0.500000000000         61.0773012605     
      251  -0.250419098408        0.500000000000         61.0774866401     
      252  -0.208682760652        0.500000000000         61.0776434999     
      253  -0.166946325454        0.500000000000         61.0777718399     
      254  -0.125209812301        0.500000000000         61.0778716599     
      255  -0.834732406817E-001   0.500000000000         61.0779429600     
      256  -0.417366300852E-001   0.500000000000         61.0779857400     
      257  -0.459098640451       -0.400000000000         61.0762745462     
      258  -0.459098640451       -0.300000000000         61.0762745462     
      259  -0.459098640451       -0.200000000000         61.0762745462     
      260  -0.459098640451       -0.100000000000         61.0762745462     

 
      261  -0.459098640451         0.00000000000         61.0762745462     
      262  -0.459098640451        0.100000000000         61.0762745462     
      263  -0.459098640451        0.200000000000         61.0762745462     
      264  -0.459098640451        0.300000000000         61.0762745462     
      265  -0.459098640451        0.400000000000         61.0762745462     
      266  -0.417363081181       -0.450000000000         61.0765740039     
      267  -0.417363081181       -0.400000000000         61.0765740039     
      268  -0.417363081181       -0.350000000000         61.0765740039     
      269  -0.417363081181       -0.300000000000         61.0765740039     
      270  -0.417363081181       -0.250000000000         61.0765740039     
      271  -0.417363081181       -0.200000000000         61.0765740039     
      272  -0.417363081181       -0.150000000000         61.0765740039     
      273  -0.417363081181       -0.100000000000         61.0765740039     
      274  -0.417363081181       -0.500000000000E-001    61.0765740039     
      275  -0.417363081181         0.00000000000         61.0765740039     
      276  -0.417363081181        0.500000000000E-001    61.0765740039     
      277  -0.417363081181        0.100000000000         61.0765740039     
      278  -0.417363081181        0.150000000000         61.0765740039     
      279  -0.417363081181        0.200000000000         61.0765740039     
      280  -0.417363081181        0.250000000000         61.0765740039     

 
      281  -0.417363081181        0.300000000000         61.0765740039     
      282  -0.417363081181        0.350000000000         61.0765740039     
      283  -0.417363081181        0.400000000000         61.0765740039     
      284  -0.417363081181        0.450000000000         61.0765740039     
      285  -0.375627328538       -0.400000000000         61.0768449423     
      286  -0.375627328538       -0.300000000000         61.0768449423     
      287  -0.375627328538       -0.200000000000         61.0768449423     
      288  -0.375627328538       -0.100000000000         61.0768449423     
      289  -0.375627328538         0.00000000000         61.0768449423     
      290  -0.375627328538        0.100000000000         61.0768449423     
      291  -0.375627328538        0.200000000000         61.0768449423     
      292  -0.375627328538        0.300000000000         61.0768449423     
      293  -0.375627328538        0.400000000000         61.0768449423     
      294  -0.333891401596       -0.450000000000         61.0770873612     
      295  -0.333891401596       -0.400000000000         61.0770873612     
      296  -0.333891401596       -0.350000000000         61.0770873612     
      297  -0.333891401596       -0.300000000000         61.0770873612     
      298  -0.333891401596       -0.250000000000         61.0770873612     
      299  -0.333891401596       -0.200000000000         61.0770873612     
      300  -0.333891401596       -0.150000000000         61.0770873612     

 
      301  -0.333891401596       -0.100000000000         61.0770873612     
      302  -0.333891401596       -0.500000000000E-001    61.0770873612     
      303  -0.333891401596         0.00000000000         61.0770873612     
      304  -0.333891401596        0.500000000000E-001    61.0770873612     
      305  -0.333891401596        0.100000000000         61.0770873612     
      306  -0.333891401596        0.150000000000         61.0770873612     
      307  -0.333891401596        0.200000000000         61.0770873612     
      308  -0.333891401596        0.250000000000         61.0770873612     
      309  -0.333891401596        0.300000000000         61.0770873612     
      310  -0.333891401596        0.350000000000         61.0770873612     
      311  -0.333891401596        0.400000000000         61.0770873612     
      312  -0.333891401596        0.450000000000         61.0770873612     
      313  -0.292155319427       -0.400000000000         61.0773012605     
      314  -0.292155319427       -0.300000000000         61.0773012605     
      315  -0.292155319427       -0.200000000000         61.0773012605     
      316  -0.292155319427       -0.100000000000         61.0773012605     
      317  -0.292155319427         0.00000000000         61.0773012605     
      318  -0.292155319427        0.100000000000         61.0773012605     
      319  -0.292155319427        0.200000000000         61.0773012605     
      320  -0.292155319427        0.300000000000         61.0773012605     

 
      321  -0.292155319427        0.400000000000         61.0773012605     
      322  -0.250419101104       -0.450000000000         61.0774866401     
      323  -0.250419101104       -0.400000000000         61.0774866401     
      324  -0.250419101104       -0.350000000000         61.0774866401     
      325  -0.250419101104       -0.300000000000         61.0774866401     
      326  -0.250419101104       -0.250000000000         61.0774866401     
      327  -0.250419101104       -0.200000000000         61.0774866401     
      328  -0.250419101104       -0.150000000000         61.0774866401     
      329  -0.250419101104       -0.100000000000         61.0774866401     
      330  -0.250419101104       -0.500000000000E-001    61.0774866401     
      331  -0.250419101104         0.00000000000         61.0774866401     
      332  -0.250419101104        0.500000000000E-001    61.0774866401     
      333  -0.250419101104        0.100000000000         61.0774866401     
      334  -0.250419101104        0.150000000000         61.0774866401     
      335  -0.250419101104        0.200000000000         61.0774866401     
      336  -0.250419101104        0.250000000000         61.0774866401     
      337  -0.250419101104        0.300000000000         61.0774866401     
      338  -0.250419101104        0.350000000000         61.0774866401     
      339  -0.250419101104        0.400000000000         61.0774866401     
      340  -0.250419101104        0.450000000000         61.0774866401     

 
      341  -0.208682765699       -0.400000000000         61.0776434999     
      342  -0.208682765699       -0.300000000000         61.0776434999     
      343  -0.208682765699       -0.200000000000         61.0776434999     
      344  -0.208682765699       -0.100000000000         61.0776434999     
      345  -0.208682765699         0.00000000000         61.0776434999     
      346  -0.208682765699        0.100000000000         61.0776434999     
      347  -0.208682765699        0.200000000000         61.0776434999     
      348  -0.208682765699        0.300000000000         61.0776434999     
      349  -0.208682765699        0.400000000000         61.0776434999     
      350  -0.166946332285       -0.450000000000         61.0777718399     
      351  -0.166946332285       -0.400000000000         61.0777718399     
      352  -0.166946332285       -0.350000000000         61.0777718399     
      353  -0.166946332285       -0.300000000000         61.0777718399     
      354  -0.166946332285       -0.250000000000         61.0777718399     
      355  -0.166946332285       -0.200000000000         61.0777718399     
      356  -0.166946332285       -0.150000000000         61.0777718399     
      357  -0.166946332285       -0.100000000000         61.0777718399     
      358  -0.166946332285       -0.500000000000E-001    61.0777718399     
      359  -0.166946332285         0.00000000000         61.0777718399     
      360  -0.166946332285        0.500000000000E-001    61.0777718399     

 
      361  -0.166946332285        0.100000000000         61.0777718399     
      362  -0.166946332285        0.150000000000         61.0777718399     
      363  -0.166946332285        0.200000000000         61.0777718399     
      364  -0.166946332285        0.250000000000         61.0777718399     
      365  -0.166946332285        0.300000000000         61.0777718399     
      366  -0.166946332285        0.350000000000         61.0777718399     
      367  -0.166946332285        0.400000000000         61.0777718399     
      368  -0.166946332285        0.450000000000         61.0777718399     
      369  -0.125209819936       -0.400000000000         61.0778716599     
      370  -0.125209819936       -0.300000000000         61.0778716599     
      371  -0.125209819936       -0.200000000000         61.0778716599     
      372  -0.125209819936       -0.100000000000         61.0778716599     
      373  -0.125209819936         0.00000000000         61.0778716599     
      374  -0.125209819936        0.100000000000         61.0778716599     
      375  -0.125209819936        0.200000000000         61.0778716599     
      376  -0.125209819936        0.300000000000         61.0778716599     
      377  -0.125209819936        0.400000000000         61.0778716599     
      378  -0.834732477231E-001  -0.450000000000         61.0779429599     
      379  -0.834732477231E-001  -0.400000000000         61.0779429599     
      380  -0.834732477231E-001  -0.350000000000         61.0779429599     

 
      381  -0.834732477231E-001  -0.300000000000         61.0779429599     
      382  -0.834732477231E-001  -0.250000000000         61.0779429599     
      383  -0.834732477231E-001  -0.200000000000         61.0779429599     
      384  -0.834732477231E-001  -0.150000000000         61.0779429599     
      385  -0.834732477231E-001  -0.100000000000         61.0779429599     
      386  -0.834732477231E-001  -0.500000000000E-001    61.0779429599     
      387  -0.834732477231E-001    0.00000000000         61.0779429599     
      388  -0.834732477231E-001   0.500000000000E-001    61.0779429599     
      389  -0.834732477231E-001   0.100000000000         61.0779429599     
      390  -0.834732477231E-001   0.150000000000         61.0779429599     
      391  -0.834732477231E-001   0.200000000000         61.0779429599     
      392  -0.834732477231E-001   0.250000000000         61.0779429599     
      393  -0.834732477231E-001   0.300000000000         61.0779429599     
      394  -0.834732477231E-001   0.350000000000         61.0779429599     
      395  -0.834732477231E-001   0.400000000000         61.0779429599     
      396  -0.834732477231E-001   0.450000000000         61.0779429599     
      397  -0.417366347201E-001  -0.400000000000         61.0779857400     
      398  -0.417366347201E-001  -0.300000000000         61.0779857400     
      399  -0.417366347201E-001  -0.200000000000         61.0779857400     
      400  -0.417366347201E-001  -0.100000000000         61.0779857400     

 
      401  -0.417366347201E-001    0.00000000000         61.0779857400     
      402  -0.417366347201E-001   0.100000000000         61.0779857400     
      403  -0.417366347201E-001   0.200000000000         61.0779857400     
      404  -0.417366347201E-001   0.300000000000         61.0779857400     
      405  -0.417366347201E-001   0.400000000000         61.0779857400     
      406   0.500833987276       -0.500000000000         61.0759465691     
      407   0.417366300853E-001  -0.500000000000         61.0779857400     
      408   0.834732406818E-001  -0.500000000000         61.0779429599     
      409   0.125209812301       -0.500000000000         61.0778716599     
      410   0.166946325454       -0.500000000000         61.0777718399     
      411   0.208682760653       -0.500000000000         61.0776434999     
      412   0.250419098408       -0.500000000000         61.0774866401     
      413   0.292155319231       -0.500000000000         61.0773012605     
      414   0.333891403635       -0.500000000000         61.0770873612     
      415   0.375627332129       -0.500000000000         61.0768449423     
      416   0.417363085226       -0.500000000000         61.0765740039     
      417   0.459098643438       -0.500000000000         61.0762745462     
      418   0.500833987276        0.500000000000         61.0759465691     
      419   0.500833987276       -0.450000000000         61.0759465691     
      420   0.500833987276       -0.400000000000         61.0759465691     

 
      421   0.500833987276       -0.350000000000         61.0759465691     
      422   0.500833987276       -0.300000000000         61.0759465691     
      423   0.500833987276       -0.250000000000         61.0759465691     
      424   0.500833987276       -0.200000000000         61.0759465691     
      425   0.500833987276       -0.150000000000         61.0759465691     
      426   0.500833987276       -0.100000000000         61.0759465691     
      427   0.500833987276       -0.500000000000E-001    61.0759465691     
      428   0.500833987276         0.00000000000         61.0759465691     
      429   0.500833987276        0.500000000000E-001    61.0759465691     
      430   0.500833987276        0.100000000000         61.0759465691     
      431   0.500833987276        0.150000000000         61.0759465691     
      432   0.500833987276        0.200000000000         61.0759465691     
      433   0.500833987276        0.250000000000         61.0759465691     
      434   0.500833987276        0.300000000000         61.0759465691     
      435   0.500833987276        0.350000000000         61.0759465691     
      436   0.500833987276        0.400000000000         61.0759465691     
      437   0.500833987276        0.450000000000         61.0759465691     
      438   0.417366300853E-001   0.500000000000         61.0779857400     
      439   0.834732406818E-001   0.500000000000         61.0779429599     
      440   0.125209812301        0.500000000000         61.0778716599     

 
      441   0.166946325454        0.500000000000         61.0777718399     
      442   0.208682760653        0.500000000000         61.0776434999     
      443   0.250419098408        0.500000000000         61.0774866401     
      444   0.292155319231        0.500000000000         61.0773012605     
      445   0.333891403635        0.500000000000         61.0770873612     
      446   0.375627332129        0.500000000000         61.0768449423     
      447   0.417363085226        0.500000000000         61.0765740039     
      448   0.459098643438        0.500000000000         61.0762745462     
      449   0.417366274822E-001  -0.400000000000         61.0779857400     
      450   0.417366274822E-001  -0.300000000000         61.0779857400     
      451   0.417366274822E-001  -0.200000000000         61.0779857400     
      452   0.417366274822E-001  -0.100000000000         61.0779857400     
      453   0.417366274822E-001    0.00000000000         61.0779857400     
      454   0.417366274822E-001   0.100000000000         61.0779857400     
      455   0.417366274822E-001   0.200000000000         61.0779857400     
      456   0.417366274822E-001   0.300000000000         61.0779857400     
      457   0.417366274822E-001   0.400000000000         61.0779857400     
      458   0.834732354991E-001  -0.450000000000         61.0779429600     
      459   0.834732354991E-001  -0.400000000000         61.0779429600     
      460   0.834732354991E-001  -0.350000000000         61.0779429600     

 
      461   0.834732354991E-001  -0.300000000000         61.0779429600     
      462   0.834732354991E-001  -0.250000000000         61.0779429600     
      463   0.834732354991E-001  -0.200000000000         61.0779429600     
      464   0.834732354991E-001  -0.150000000000         61.0779429600     
      465   0.834732354991E-001  -0.100000000000         61.0779429600     
      466   0.834732354991E-001  -0.500000000000E-001    61.0779429600     
      467   0.834732354991E-001    0.00000000000         61.0779429600     
      468   0.834732354991E-001   0.500000000000E-001    61.0779429600     
      469   0.834732354991E-001   0.100000000000         61.0779429600     
      470   0.834732354991E-001   0.150000000000         61.0779429600     
      471   0.834732354991E-001   0.200000000000         61.0779429600     
      472   0.834732354991E-001   0.250000000000         61.0779429600     
      473   0.834732354991E-001   0.300000000000         61.0779429600     
      474   0.834732354991E-001   0.350000000000         61.0779429600     
      475   0.834732354991E-001   0.400000000000         61.0779429600     
      476   0.834732354991E-001   0.450000000000         61.0779429600     
      477   0.125209804697       -0.400000000000         61.0778716599     
      478   0.125209804697       -0.300000000000         61.0778716599     
      479   0.125209804697       -0.200000000000         61.0778716599     
      480   0.125209804697       -0.100000000000         61.0778716599     

 
      481   0.125209804697         0.00000000000         61.0778716599     
      482   0.125209804697        0.100000000000         61.0778716599     
      483   0.125209804697        0.200000000000         61.0778716599     
      484   0.125209804697        0.300000000000         61.0778716599     
      485   0.125209804697        0.400000000000         61.0778716599     
      486   0.166946315722       -0.450000000000         61.0777718399     
      487   0.166946315722       -0.400000000000         61.0777718399     
      488   0.166946315722       -0.350000000000         61.0777718399     
      489   0.166946315722       -0.300000000000         61.0777718399     
      490   0.166946315722       -0.250000000000         61.0777718399     
      491   0.166946315722       -0.200000000000         61.0777718399     
      492   0.166946315722       -0.150000000000         61.0777718399     
      493   0.166946315722       -0.100000000000         61.0777718399     
      494   0.166946315722       -0.500000000000E-001    61.0777718399     
      495   0.166946315722         0.00000000000         61.0777718399     
      496   0.166946315722        0.500000000000E-001    61.0777718399     
      497   0.166946315722        0.100000000000         61.0777718399     
      498   0.166946315722        0.150000000000         61.0777718399     
      499   0.166946315722        0.200000000000         61.0777718399     
      500   0.166946315722        0.250000000000         61.0777718399     

 
      501   0.166946315722        0.300000000000         61.0777718399     
      502   0.166946315722        0.350000000000         61.0777718399     
      503   0.166946315722        0.400000000000         61.0777718399     
      504   0.166946315722        0.450000000000         61.0777718399     
      505   0.208682749221       -0.400000000000         61.0776435000     
      506   0.208682749221       -0.300000000000         61.0776435000     
      507   0.208682749221       -0.200000000000         61.0776435000     
      508   0.208682749221       -0.100000000000         61.0776435000     
      509   0.208682749221         0.00000000000         61.0776435000     
      510   0.208682749221        0.100000000000         61.0776435000     
      511   0.208682749221        0.200000000000         61.0776435000     
      512   0.208682749221        0.300000000000         61.0776435000     
      513   0.208682749221        0.400000000000         61.0776435000     
      514   0.250419085840       -0.450000000000         61.0774866402     
      515   0.250419085840       -0.400000000000         61.0774866402     
      516   0.250419085840       -0.350000000000         61.0774866402     
      517   0.250419085840       -0.300000000000         61.0774866402     
      518   0.250419085840       -0.250000000000         61.0774866402     
      519   0.250419085840       -0.200000000000         61.0774866402     
      520   0.250419085840       -0.150000000000         61.0774866402     

 
      521   0.250419085840       -0.100000000000         61.0774866402     
      522   0.250419085840       -0.500000000000E-001    61.0774866402     
      523   0.250419085840         0.00000000000         61.0774866402     
      524   0.250419085840        0.500000000000E-001    61.0774866402     
      525   0.250419085840        0.100000000000         61.0774866402     
      526   0.250419085840        0.150000000000         61.0774866402     
      527   0.250419085840        0.200000000000         61.0774866402     
      528   0.250419085840        0.250000000000         61.0774866402     
      529   0.250419085840        0.300000000000         61.0774866402     
      530   0.250419085840        0.350000000000         61.0774866402     
      531   0.250419085840        0.400000000000         61.0774866402     
      532   0.250419085840        0.450000000000         61.0774866402     
      533   0.292155306226       -0.400000000000         61.0773012606     
      534   0.292155306226       -0.300000000000         61.0773012606     
      535   0.292155306226       -0.200000000000         61.0773012606     
      536   0.292155306226       -0.100000000000         61.0773012606     
      537   0.292155306226         0.00000000000         61.0773012606     
      538   0.292155306226        0.100000000000         61.0773012606     
      539   0.292155306226        0.200000000000         61.0773012606     
      540   0.292155306226        0.300000000000         61.0773012606     

 
      541   0.292155306226        0.400000000000         61.0773012606     
      542   0.333891391024       -0.450000000000         61.0770873613     
      543   0.333891391024       -0.400000000000         61.0770873613     
      544   0.333891391024       -0.350000000000         61.0770873613     
      545   0.333891391024       -0.300000000000         61.0770873613     
      546   0.333891391024       -0.250000000000         61.0770873613     
      547   0.333891391024       -0.200000000000         61.0770873613     
      548   0.333891391024       -0.150000000000         61.0770873613     
      549   0.333891391024       -0.100000000000         61.0770873613     
      550   0.333891391024       -0.500000000000E-001    61.0770873613     
      551   0.333891391024         0.00000000000         61.0770873613     
      552   0.333891391024        0.500000000000E-001    61.0770873613     
      553   0.333891391024        0.100000000000         61.0770873613     
      554   0.333891391024        0.150000000000         61.0770873613     
      555   0.333891391024        0.200000000000         61.0770873613     
      556   0.333891391024        0.250000000000         61.0770873613     
      557   0.333891391024        0.300000000000         61.0770873613     
      558   0.333891391024        0.350000000000         61.0770873613     
      559   0.333891391024        0.400000000000         61.0770873613     
      560   0.333891391024        0.450000000000         61.0770873613     

 
      561   0.375627320882       -0.400000000000         61.0768449424     
      562   0.375627320882       -0.300000000000         61.0768449424     
      563   0.375627320882       -0.200000000000         61.0768449424     
      564   0.375627320882       -0.100000000000         61.0768449424     
      565   0.375627320882         0.00000000000         61.0768449424     
      566   0.375627320882        0.100000000000         61.0768449424     
      567   0.375627320882        0.200000000000         61.0768449424     
      568   0.375627320882        0.300000000000         61.0768449424     
      569   0.375627320882        0.400000000000         61.0768449424     
      570   0.417363076445       -0.450000000000         61.0765740040     
      571   0.417363076445       -0.400000000000         61.0765740040     
      572   0.417363076445       -0.350000000000         61.0765740040     
      573   0.417363076445       -0.300000000000         61.0765740040     
      574   0.417363076445       -0.250000000000         61.0765740040     
      575   0.417363076445       -0.200000000000         61.0765740040     
      576   0.417363076445       -0.150000000000         61.0765740040     
      577   0.417363076445       -0.100000000000         61.0765740040     
      578   0.417363076445       -0.500000000000E-001    61.0765740040     
      579   0.417363076445         0.00000000000         61.0765740040     
      580   0.417363076445        0.500000000000E-001    61.0765740040     

 
      581   0.417363076445        0.100000000000         61.0765740040     
      582   0.417363076445        0.150000000000         61.0765740040     
      583   0.417363076445        0.200000000000         61.0765740040     
      584   0.417363076445        0.250000000000         61.0765740040     
      585   0.417363076445        0.300000000000         61.0765740040     
      586   0.417363076445        0.350000000000         61.0765740040     
      587   0.417363076445        0.400000000000         61.0765740040     
      588   0.417363076445        0.450000000000         61.0765740040     
      589   0.459098638361       -0.400000000000         61.0762745462     
      590   0.459098638361       -0.300000000000         61.0762745462     
      591   0.459098638361       -0.200000000000         61.0762745462     
      592   0.459098638361       -0.100000000000         61.0762745462     
      593   0.459098638361         0.00000000000         61.0762745462     
      594   0.459098638361        0.100000000000         61.0762745462     
      595   0.459098638361        0.200000000000         61.0762745462     
      596   0.459098638361        0.300000000000         61.0762745462     
      597   0.459098638361        0.400000000000         61.0762745462     
      598    1.00163429866       -0.500000000000         61.0697864147     
      599   0.542569097253       -0.500000000000         61.0755900731     
      600   0.584303953880       -0.500000000000         61.0752050581     

 
      601   0.626038537670       -0.500000000000         61.0747915244     
      602   0.667772829134       -0.500000000000         61.0743494722     
      603   0.709506808786       -0.500000000000         61.0738789016     
      604   0.751240457138       -0.500000000000         61.0733798129     
      605   0.792973754702       -0.500000000000         61.0728522064     
      606   0.834706681991       -0.500000000000         61.0722960822     
      607   0.876439219518       -0.500000000000         61.0717114407     
      608   0.918171347797       -0.500000000000         61.0710982821     
      609   0.959903047342       -0.500000000000         61.0704566066     
      610    1.00163429866        0.500000000000         61.0697864147     
      611    1.00163429866       -0.450000000000         61.0697864147     
      612    1.00163429866       -0.400000000000         61.0697864147     
      613    1.00163429866       -0.350000000000         61.0697864147     
      614    1.00163429866       -0.300000000000         61.0697864147     
      615    1.00163429866       -0.250000000000         61.0697864147     
      616    1.00163429866       -0.200000000000         61.0697864147     
      617    1.00163429866       -0.150000000000         61.0697864147     
      618    1.00163429866       -0.100000000000         61.0697864147     
      619    1.00163429866       -0.500000000000E-001    61.0697864147     
      620    1.00163429866         0.00000000000         61.0697864147     

 
      621    1.00163429866        0.500000000000E-001    61.0697864147     
      622    1.00163429866        0.100000000000         61.0697864147     
      623    1.00163429866        0.150000000000         61.0697864147     
      624    1.00163429866        0.200000000000         61.0697864147     
      625    1.00163429866        0.250000000000         61.0697864147     
      626    1.00163429866        0.300000000000         61.0697864147     
      627    1.00163429866        0.350000000000         61.0697864147     
      628    1.00163429866        0.400000000000         61.0697864147     
      629    1.00163429866        0.450000000000         61.0697864147     
      630   0.542569097253        0.500000000000         61.0755900731     
      631   0.584303953880        0.500000000000         61.0752050581     
      632   0.626038537670        0.500000000000         61.0747915244     
      633   0.667772829134        0.500000000000         61.0743494722     
      634   0.709506808786        0.500000000000         61.0738789016     
      635   0.751240457138        0.500000000000         61.0733798129     
      636   0.792973754702        0.500000000000         61.0728522064     
      637   0.834706681991        0.500000000000         61.0722960822     
      638   0.876439219518        0.500000000000         61.0717114407     
      639   0.918171347797        0.500000000000         61.0710982821     
      640   0.959903047342        0.500000000000         61.0704566066     

 
      641   0.542569091505       -0.400000000000         61.0755900731     
      642   0.542569091505       -0.300000000000         61.0755900731     
      643   0.542569091505       -0.200000000000         61.0755900731     
      644   0.542569091505       -0.100000000000         61.0755900731     
      645   0.542569091505         0.00000000000         61.0755900731     
      646   0.542569091505        0.100000000000         61.0755900731     
      647   0.542569091505        0.200000000000         61.0755900731     
      648   0.542569091505        0.300000000000         61.0755900731     
      649   0.542569091505        0.400000000000         61.0755900731     
      650   0.584303944506       -0.450000000000         61.0752050582     
      651   0.584303944506       -0.400000000000         61.0752050582     
      652   0.584303944506       -0.350000000000         61.0752050582     
      653   0.584303944506       -0.300000000000         61.0752050582     
      654   0.584303944506       -0.250000000000         61.0752050582     
      655   0.584303944506       -0.200000000000         61.0752050582     
      656   0.584303944506       -0.150000000000         61.0752050582     
      657   0.584303944506       -0.100000000000         61.0752050582     
      658   0.584303944506       -0.500000000000E-001    61.0752050582     
      659   0.584303944506         0.00000000000         61.0752050582     
      660   0.584303944506        0.500000000000E-001    61.0752050582     

 
      661   0.584303944506        0.100000000000         61.0752050582     
      662   0.584303944506        0.150000000000         61.0752050582     
      663   0.584303944506        0.200000000000         61.0752050582     
      664   0.584303944506        0.250000000000         61.0752050582     
      665   0.584303944506        0.300000000000         61.0752050582     
      666   0.584303944506        0.350000000000         61.0752050582     
      667   0.584303944506        0.400000000000         61.0752050582     
      668   0.584303944506        0.450000000000         61.0752050582     
      669   0.626038526468       -0.400000000000         61.0747915245     
      670   0.626038526468       -0.300000000000         61.0747915245     
      671   0.626038526468       -0.200000000000         61.0747915245     
      672   0.626038526468       -0.100000000000         61.0747915245     
      673   0.626038526468         0.00000000000         61.0747915245     
      674   0.626038526468        0.100000000000         61.0747915245     
      675   0.626038526468        0.200000000000         61.0747915245     
      676   0.626038526468        0.300000000000         61.0747915245     
      677   0.626038526468        0.400000000000         61.0747915245     
      678   0.667772817582       -0.450000000000         61.0743494723     
      679   0.667772817582       -0.400000000000         61.0743494723     
      680   0.667772817582       -0.350000000000         61.0743494723     

 
      681   0.667772817582       -0.300000000000         61.0743494723     
      682   0.667772817582       -0.250000000000         61.0743494723     
      683   0.667772817582       -0.200000000000         61.0743494723     
      684   0.667772817582       -0.150000000000         61.0743494723     
      685   0.667772817582       -0.100000000000         61.0743494723     
      686   0.667772817582       -0.500000000000E-001    61.0743494723     
      687   0.667772817582         0.00000000000         61.0743494723     
      688   0.667772817582        0.500000000000E-001    61.0743494723     
      689   0.667772817582        0.100000000000         61.0743494723     
      690   0.667772817582        0.150000000000         61.0743494723     
      691   0.667772817582        0.200000000000         61.0743494723     
      692   0.667772817582        0.250000000000         61.0743494723     
      693   0.667772817582        0.300000000000         61.0743494723     
      694   0.667772817582        0.350000000000         61.0743494723     
      695   0.667772817582        0.400000000000         61.0743494723     
      696   0.667772817582        0.450000000000         61.0743494723     
      697   0.709506798036       -0.400000000000         61.0738789017     
      698   0.709506798036       -0.300000000000         61.0738789017     
      699   0.709506798036       -0.200000000000         61.0738789017     
      700   0.709506798036       -0.100000000000         61.0738789017     

 
      701   0.709506798036         0.00000000000         61.0738789017     
      702   0.709506798036        0.100000000000         61.0738789017     
      703   0.709506798036        0.200000000000         61.0738789017     
      704   0.709506798036        0.300000000000         61.0738789017     
      705   0.709506798036        0.400000000000         61.0738789017     
      706   0.751240448019       -0.450000000000         61.0733798131     
      707   0.751240448019       -0.400000000000         61.0733798131     
      708   0.751240448019       -0.350000000000         61.0733798131     
      709   0.751240448019       -0.300000000000         61.0733798131     
      710   0.751240448019       -0.250000000000         61.0733798131     
      711   0.751240448019       -0.200000000000         61.0733798131     
      712   0.751240448019       -0.150000000000         61.0733798131     
      713   0.751240448019       -0.100000000000         61.0733798131     
      714   0.751240448019       -0.500000000000E-001    61.0733798131     
      715   0.751240448019         0.00000000000         61.0733798131     
      716   0.751240448019        0.500000000000E-001    61.0733798131     
      717   0.751240448019        0.100000000000         61.0733798131     
      718   0.751240448019        0.150000000000         61.0733798131     
      719   0.751240448019        0.200000000000         61.0733798131     
      720   0.751240448019        0.250000000000         61.0733798131     

 
      721   0.751240448019        0.300000000000         61.0733798131     
      722   0.751240448019        0.350000000000         61.0733798131     
      723   0.751240448019        0.400000000000         61.0733798131     
      724   0.751240448019        0.450000000000         61.0733798131     
      725   0.792973747721       -0.400000000000         61.0728522065     
      726   0.792973747721       -0.300000000000         61.0728522065     
      727   0.792973747721       -0.200000000000         61.0728522065     
      728   0.792973747721       -0.100000000000         61.0728522065     
      729   0.792973747721         0.00000000000         61.0728522065     
      730   0.792973747721        0.100000000000         61.0728522065     
      731   0.792973747721        0.200000000000         61.0728522065     
      732   0.792973747721        0.300000000000         61.0728522065     
      733   0.792973747721        0.400000000000         61.0728522065     
      734   0.834706677332       -0.450000000000         61.0722960823     
      735   0.834706677332       -0.400000000000         61.0722960823     
      736   0.834706677332       -0.350000000000         61.0722960823     
      737   0.834706677332       -0.300000000000         61.0722960823     
      738   0.834706677332       -0.250000000000         61.0722960823     
      739   0.834706677332       -0.200000000000         61.0722960823     
      740   0.834706677332       -0.150000000000         61.0722960823     

 
      741   0.834706677332       -0.100000000000         61.0722960823     
      742   0.834706677332       -0.500000000000E-001    61.0722960823     
      743   0.834706677332         0.00000000000         61.0722960823     
      744   0.834706677332        0.500000000000E-001    61.0722960823     
      745   0.834706677332        0.100000000000         61.0722960823     
      746   0.834706677332        0.150000000000         61.0722960823     
      747   0.834706677332        0.200000000000         61.0722960823     
      748   0.834706677332        0.250000000000         61.0722960823     
      749   0.834706677332        0.300000000000         61.0722960823     
      750   0.834706677332        0.350000000000         61.0722960823     
      751   0.834706677332        0.400000000000         61.0722960823     
      752   0.834706677332        0.450000000000         61.0722960823     
      753   0.876439217041       -0.400000000000         61.0717114407     
      754   0.876439217041       -0.300000000000         61.0717114407     
      755   0.876439217041       -0.200000000000         61.0717114407     
      756   0.876439217041       -0.100000000000         61.0717114407     
      757   0.876439217041         0.00000000000         61.0717114407     
      758   0.876439217041        0.100000000000         61.0717114407     
      759   0.876439217041        0.200000000000         61.0717114407     
      760   0.876439217041        0.300000000000         61.0717114407     

 
      761   0.876439217041        0.400000000000         61.0717114407     
      762   0.918171347040       -0.450000000000         61.0710982821     
      763   0.918171347040       -0.400000000000         61.0710982821     
      764   0.918171347040       -0.350000000000         61.0710982821     
      765   0.918171347040       -0.300000000000         61.0710982821     
      766   0.918171347040       -0.250000000000         61.0710982821     
      767   0.918171347040       -0.200000000000         61.0710982821     
      768   0.918171347040       -0.150000000000         61.0710982821     
      769   0.918171347040       -0.100000000000         61.0710982821     
      770   0.918171347040       -0.500000000000E-001    61.0710982821     
      771   0.918171347040         0.00000000000         61.0710982821     
      772   0.918171347040        0.500000000000E-001    61.0710982821     
      773   0.918171347040        0.100000000000         61.0710982821     
      774   0.918171347040        0.150000000000         61.0710982821     
      775   0.918171347040        0.200000000000         61.0710982821     
      776   0.918171347040        0.250000000000         61.0710982821     
      777   0.918171347040        0.300000000000         61.0710982821     
      778   0.918171347040        0.350000000000         61.0710982821     
      779   0.918171347040        0.400000000000         61.0710982821     
      780   0.918171347040        0.450000000000         61.0710982821     

 
      781   0.959903047517       -0.400000000000         61.0704566066     
      782   0.959903047517       -0.300000000000         61.0704566066     
      783   0.959903047517       -0.200000000000         61.0704566066     
      784   0.959903047517       -0.100000000000         61.0704566066     
      785   0.959903047517         0.00000000000         61.0704566066     
      786   0.959903047517        0.100000000000         61.0704566066     
      787   0.959903047517        0.200000000000         61.0704566066     
      788   0.959903047517        0.300000000000         61.0704566066     
      789   0.959903047517        0.400000000000         61.0704566066     

