
        1   -1.00002744520       -0.500000000000         12.1087755413     
        2  -0.500438394600       -0.500000000000         12.1396895106     
        3  -0.958448170109       -0.500000000000         12.1121375944     
        4  -0.916857597073       -0.500000000000         12.1153568725     
        5  -0.875256216346       -0.500000000000         12.1184333375     
        6  -0.833644518309       -0.500000000000         12.1213669533     
        7  -0.792022993465       -0.500000000000         12.1241576853     
        8  -0.750392132436       -0.500000000000         12.1268055005     
        9  -0.708752425956       -0.500000000000         12.1293103678     
       10  -0.667104364864       -0.500000000000         12.1316722576     
       11  -0.625448440103       -0.500000000000         12.1338911421     
       12  -0.583785142708       -0.500000000000         12.1359669951     
       13  -0.542114963804       -0.500000000000         12.1378997922     
       14  -0.500438394600        0.500000000000         12.1396895106     
       15  -0.500438394600       -0.450000000000         12.1396895106     
       16  -0.500438394600       -0.400000000000         12.1396895106     
       17  -0.500438394600       -0.350000000000         12.1396895106     
       18  -0.500438394600       -0.300000000000         12.1396895106     
       19  -0.500438394600       -0.250000000000         12.1396895106     
       20  -0.500438394600       -0.200000000000         12.1396895106     

 
       21  -0.500438394600       -0.150000000000         12.1396895106     
       22  -0.500438394600       -0.100000000000         12.1396895106     
       23  -0.500438394600       -0.500000000000E-001    12.1396895106     
       24  -0.500438394600         0.00000000000         12.1396895106     
       25  -0.500438394600        0.500000000000E-001    12.1396895106     
       26  -0.500438394600        0.100000000000         12.1396895106     
       27  -0.500438394600        0.150000000000         12.1396895106     
       28  -0.500438394600        0.200000000000         12.1396895106     
       29  -0.500438394600        0.250000000000         12.1396895106     
       30  -0.500438394600        0.300000000000         12.1396895106     
       31  -0.500438394600        0.350000000000         12.1396895106     
       32  -0.500438394600        0.400000000000         12.1396895106     
       33  -0.500438394600        0.450000000000         12.1396895106     
       34   -1.00002744520        0.500000000000         12.1087755413     
       35  -0.958448170109        0.500000000000         12.1121375944     
       36  -0.916857597073        0.500000000000         12.1153568725     
       37  -0.875256216346        0.500000000000         12.1184333375     
       38  -0.833644518309        0.500000000000         12.1213669533     
       39  -0.792022993465        0.500000000000         12.1241576853     
       40  -0.750392132436        0.500000000000         12.1268055005     

 
       41  -0.708752425956        0.500000000000         12.1293103678     
       42  -0.667104364864        0.500000000000         12.1316722576     
       43  -0.625448440103        0.500000000000         12.1338911421     
       44  -0.583785142708        0.500000000000         12.1359669951     
       45  -0.542114963804        0.500000000000         12.1378997922     
       46   -1.00002744520       -0.450000000000         12.1087755413     
       47   -1.00002744520       -0.400000000000         12.1087755413     
       48   -1.00002744520       -0.350000000000         12.1087755413     
       49   -1.00002744520       -0.300000000000         12.1087755413     
       50   -1.00002744520       -0.250000000000         12.1087755413     
       51   -1.00002744520       -0.200000000000         12.1087755413     
       52   -1.00002744520       -0.150000000000         12.1087755413     
       53   -1.00002744520       -0.100000000000         12.1087755413     
       54   -1.00002744520       -0.500000000000E-001    12.1087755413     
       55   -1.00002744520         0.00000000000         12.1087755413     
       56   -1.00002744520        0.500000000000E-001    12.1087755413     
       57   -1.00002744520        0.100000000000         12.1087755413     
       58   -1.00002744520        0.150000000000         12.1087755413     
       59   -1.00002744520        0.200000000000         12.1087755413     
       60   -1.00002744520        0.250000000000         12.1087755413     

 
       61   -1.00002744520        0.300000000000         12.1087755413     
       62   -1.00002744520        0.350000000000         12.1087755413     
       63   -1.00002744520        0.400000000000         12.1087755413     
       64   -1.00002744520        0.450000000000         12.1087755413     
       65  -0.958448169601       -0.400000000000         12.1121375944     
       66  -0.958448169601       -0.300000000000         12.1121375944     
       67  -0.958448169601       -0.200000000000         12.1121375944     
       68  -0.958448169601       -0.100000000000         12.1121375944     
       69  -0.958448169601         0.00000000000         12.1121375944     
       70  -0.958448169601        0.100000000000         12.1121375944     
       71  -0.958448169601        0.200000000000         12.1121375944     
       72  -0.958448169601        0.300000000000         12.1121375944     
       73  -0.958448169601        0.400000000000         12.1121375944     
       74  -0.916857596185       -0.450000000000         12.1153568725     
       75  -0.916857596185       -0.400000000000         12.1153568725     
       76  -0.916857596185       -0.350000000000         12.1153568725     
       77  -0.916857596185       -0.300000000000         12.1153568725     
       78  -0.916857596185       -0.250000000000         12.1153568725     
       79  -0.916857596185       -0.200000000000         12.1153568725     
       80  -0.916857596185       -0.150000000000         12.1153568725     

 
       81  -0.916857596185       -0.100000000000         12.1153568725     
       82  -0.916857596185       -0.500000000000E-001    12.1153568725     
       83  -0.916857596185         0.00000000000         12.1153568725     
       84  -0.916857596185        0.500000000000E-001    12.1153568725     
       85  -0.916857596185        0.100000000000         12.1153568725     
       86  -0.916857596185        0.150000000000         12.1153568725     
       87  -0.916857596185        0.200000000000         12.1153568725     
       88  -0.916857596185        0.250000000000         12.1153568725     
       89  -0.916857596185        0.300000000000         12.1153568725     
       90  -0.916857596185        0.350000000000         12.1153568725     
       91  -0.916857596185        0.400000000000         12.1153568725     
       92  -0.916857596185        0.450000000000         12.1153568725     
       93  -0.875256215196       -0.400000000000         12.1184333376     
       94  -0.875256215196       -0.300000000000         12.1184333376     
       95  -0.875256215196       -0.200000000000         12.1184333376     
       96  -0.875256215196       -0.100000000000         12.1184333376     
       97  -0.875256215196         0.00000000000         12.1184333376     
       98  -0.875256215196        0.100000000000         12.1184333376     
       99  -0.875256215196        0.200000000000         12.1184333376     
      100  -0.875256215196        0.300000000000         12.1184333376     

 
      101  -0.875256215196        0.400000000000         12.1184333376     
      102  -0.833644517002       -0.450000000000         12.1213669534     
      103  -0.833644517002       -0.400000000000         12.1213669534     
      104  -0.833644517002       -0.350000000000         12.1213669534     
      105  -0.833644517002       -0.300000000000         12.1213669534     
      106  -0.833644517002       -0.250000000000         12.1213669534     
      107  -0.833644517002       -0.200000000000         12.1213669534     
      108  -0.833644517002       -0.150000000000         12.1213669534     
      109  -0.833644517002       -0.100000000000         12.1213669534     
      110  -0.833644517002       -0.500000000000E-001    12.1213669534     
      111  -0.833644517002         0.00000000000         12.1213669534     
      112  -0.833644517002        0.500000000000E-001    12.1213669534     
      113  -0.833644517002        0.100000000000         12.1213669534     
      114  -0.833644517002        0.150000000000         12.1213669534     
      115  -0.833644517002        0.200000000000         12.1213669534     
      116  -0.833644517002        0.250000000000         12.1213669534     
      117  -0.833644517002        0.300000000000         12.1213669534     
      118  -0.833644517002        0.350000000000         12.1213669534     
      119  -0.833644517002        0.400000000000         12.1213669534     
      120  -0.833644517002        0.450000000000         12.1213669534     

 
      121  -0.792022992098       -0.400000000000         12.1241576854     
      122  -0.792022992098       -0.300000000000         12.1241576854     
      123  -0.792022992098       -0.200000000000         12.1241576854     
      124  -0.792022992098       -0.100000000000         12.1241576854     
      125  -0.792022992098         0.00000000000         12.1241576854     
      126  -0.792022992098        0.100000000000         12.1241576854     
      127  -0.792022992098        0.200000000000         12.1241576854     
      128  -0.792022992098        0.300000000000         12.1241576854     
      129  -0.792022992098        0.400000000000         12.1241576854     
      130  -0.750392131093       -0.450000000000         12.1268055006     
      131  -0.750392131093       -0.400000000000         12.1268055006     
      132  -0.750392131093       -0.350000000000         12.1268055006     
      133  -0.750392131093       -0.300000000000         12.1268055006     
      134  -0.750392131093       -0.250000000000         12.1268055006     
      135  -0.750392131093       -0.200000000000         12.1268055006     
      136  -0.750392131093       -0.150000000000         12.1268055006     
      137  -0.750392131093       -0.100000000000         12.1268055006     
      138  -0.750392131093       -0.500000000000E-001    12.1268055006     
      139  -0.750392131093         0.00000000000         12.1268055006     
      140  -0.750392131093        0.500000000000E-001    12.1268055006     

 
      141  -0.750392131093        0.100000000000         12.1268055006     
      142  -0.750392131093        0.150000000000         12.1268055006     
      143  -0.750392131093        0.200000000000         12.1268055006     
      144  -0.750392131093        0.250000000000         12.1268055006     
      145  -0.750392131093        0.300000000000         12.1268055006     
      146  -0.750392131093        0.350000000000         12.1268055006     
      147  -0.750392131093        0.400000000000         12.1268055006     
      148  -0.750392131093        0.450000000000         12.1268055006     
      149  -0.708752424712       -0.400000000000         12.1293103679     
      150  -0.708752424712       -0.300000000000         12.1293103679     
      151  -0.708752424712       -0.200000000000         12.1293103679     
      152  -0.708752424712       -0.100000000000         12.1293103679     
      153  -0.708752424712         0.00000000000         12.1293103679     
      154  -0.708752424712        0.100000000000         12.1293103679     
      155  -0.708752424712        0.200000000000         12.1293103679     
      156  -0.708752424712        0.300000000000         12.1293103679     
      157  -0.708752424712        0.400000000000         12.1293103679     
      158  -0.667104363784       -0.450000000000         12.1316722577     
      159  -0.667104363784       -0.400000000000         12.1316722577     
      160  -0.667104363784       -0.350000000000         12.1316722577     

 
      161  -0.667104363784       -0.300000000000         12.1316722577     
      162  -0.667104363784       -0.250000000000         12.1316722577     
      163  -0.667104363784       -0.200000000000         12.1316722577     
      164  -0.667104363784       -0.150000000000         12.1316722577     
      165  -0.667104363784       -0.100000000000         12.1316722577     
      166  -0.667104363784       -0.500000000000E-001    12.1316722577     
      167  -0.667104363784         0.00000000000         12.1316722577     
      168  -0.667104363784        0.500000000000E-001    12.1316722577     
      169  -0.667104363784        0.100000000000         12.1316722577     
      170  -0.667104363784        0.150000000000         12.1316722577     
      171  -0.667104363784        0.200000000000         12.1316722577     
      172  -0.667104363784        0.250000000000         12.1316722577     
      173  -0.667104363784        0.300000000000         12.1316722577     
      174  -0.667104363784        0.350000000000         12.1316722577     
      175  -0.667104363784        0.400000000000         12.1316722577     
      176  -0.667104363784        0.450000000000         12.1316722577     
      177  -0.625448439240       -0.400000000000         12.1338911422     
      178  -0.625448439240       -0.300000000000         12.1338911422     
      179  -0.625448439240       -0.200000000000         12.1338911422     
      180  -0.625448439240       -0.100000000000         12.1338911422     

 
      181  -0.625448439240         0.00000000000         12.1338911422     
      182  -0.625448439240        0.100000000000         12.1338911422     
      183  -0.625448439240        0.200000000000         12.1338911422     
      184  -0.625448439240        0.300000000000         12.1338911422     
      185  -0.625448439240        0.400000000000         12.1338911422     
      186  -0.583785142104       -0.450000000000         12.1359669952     
      187  -0.583785142104       -0.400000000000         12.1359669952     
      188  -0.583785142104       -0.350000000000         12.1359669952     
      189  -0.583785142104       -0.300000000000         12.1359669952     
      190  -0.583785142104       -0.250000000000         12.1359669952     
      191  -0.583785142104       -0.200000000000         12.1359669952     
      192  -0.583785142104       -0.150000000000         12.1359669952     
      193  -0.583785142104       -0.100000000000         12.1359669952     
      194  -0.583785142104       -0.500000000000E-001    12.1359669952     
      195  -0.583785142104         0.00000000000         12.1359669952     
      196  -0.583785142104        0.500000000000E-001    12.1359669952     
      197  -0.583785142104        0.100000000000         12.1359669952     
      198  -0.583785142104        0.150000000000         12.1359669952     
      199  -0.583785142104        0.200000000000         12.1359669952     
      200  -0.583785142104        0.250000000000         12.1359669952     

 
      201  -0.583785142104        0.300000000000         12.1359669952     
      202  -0.583785142104        0.350000000000         12.1359669952     
      203  -0.583785142104        0.400000000000         12.1359669952     
      204  -0.583785142104        0.450000000000         12.1359669952     
      205  -0.542114963492       -0.400000000000         12.1378997922     
      206  -0.542114963492       -0.300000000000         12.1378997922     
      207  -0.542114963492       -0.200000000000         12.1378997922     
      208  -0.542114963492       -0.100000000000         12.1378997922     
      209  -0.542114963492         0.00000000000         12.1378997922     
      210  -0.542114963492        0.100000000000         12.1378997922     
      211  -0.542114963492        0.200000000000         12.1378997922     
      212  -0.542114963492        0.300000000000         12.1378997922     
      213  -0.542114963492        0.400000000000         12.1378997922     
      214    0.00000000000       -0.500000000000         12.1500000000     
      215  -0.458755926271       -0.500000000000         12.1413361291     
      216  -0.417068050257       -0.500000000000         12.1428396284     
      217  -0.375375257955       -0.500000000000         12.1441999908     
      218  -0.333678040822       -0.500000000000         12.1454172001     
      219  -0.291976890370       -0.500000000000         12.1464912421     
      220  -0.250272298160       -0.500000000000         12.1474221042     

 
      221  -0.208564755794       -0.500000000000         12.1482097752     
      222  -0.166854754913       -0.500000000000         12.1488542460     
      223  -0.125142787187       -0.500000000000         12.1493555090     
      224  -0.834293443136E-001  -0.500000000000         12.1497135581     
      225  -0.417149180079E-001  -0.500000000000         12.1499283893     
      226    0.00000000000        0.500000000000         12.1500000000     
      227    0.00000000000       -0.450000000000         12.1500000000     
      228    0.00000000000       -0.400000000000         12.1500000000     
      229    0.00000000000       -0.350000000000         12.1500000000     
      230    0.00000000000       -0.300000000000         12.1500000000     
      231    0.00000000000       -0.250000000000         12.1500000000     
      232    0.00000000000       -0.200000000000         12.1500000000     
      233    0.00000000000       -0.150000000000         12.1500000000     
      234    0.00000000000       -0.100000000000         12.1500000000     
      235    0.00000000000       -0.500000000000E-001    12.1500000000     
      236    0.00000000000         0.00000000000         12.1500000000     
      237    0.00000000000        0.500000000000E-001    12.1500000000     
      238    0.00000000000        0.100000000000         12.1500000000     
      239    0.00000000000        0.150000000000         12.1500000000     
      240    0.00000000000        0.200000000000         12.1500000000     

 
      241    0.00000000000        0.250000000000         12.1500000000     
      242    0.00000000000        0.300000000000         12.1500000000     
      243    0.00000000000        0.350000000000         12.1500000000     
      244    0.00000000000        0.400000000000         12.1500000000     
      245    0.00000000000        0.450000000000         12.1500000000     
      246  -0.458755926271        0.500000000000         12.1413361291     
      247  -0.417068050257        0.500000000000         12.1428396284     
      248  -0.375375257955        0.500000000000         12.1441999908     
      249  -0.333678040822        0.500000000000         12.1454172001     
      250  -0.291976890370        0.500000000000         12.1464912421     
      251  -0.250272298160        0.500000000000         12.1474221042     
      252  -0.208564755794        0.500000000000         12.1482097752     
      253  -0.166854754913        0.500000000000         12.1488542460     
      254  -0.125142787187        0.500000000000         12.1493555090     
      255  -0.834293443136E-001   0.500000000000         12.1497135581     
      256  -0.417149180079E-001   0.500000000000         12.1499283893     
      257  -0.458755925542       -0.400000000000         12.1413361291     
      258  -0.458755925542       -0.300000000000         12.1413361291     
      259  -0.458755925542       -0.200000000000         12.1413361291     
      260  -0.458755925542       -0.100000000000         12.1413361291     

 
      261  -0.458755925542         0.00000000000         12.1413361291     
      262  -0.458755925542        0.100000000000         12.1413361291     
      263  -0.458755925542        0.200000000000         12.1413361291     
      264  -0.458755925542        0.300000000000         12.1413361291     
      265  -0.458755925542        0.400000000000         12.1413361291     
      266  -0.417068049274       -0.450000000000         12.1428396284     
      267  -0.417068049274       -0.400000000000         12.1428396284     
      268  -0.417068049274       -0.350000000000         12.1428396284     
      269  -0.417068049274       -0.300000000000         12.1428396284     
      270  -0.417068049274       -0.250000000000         12.1428396284     
      271  -0.417068049274       -0.200000000000         12.1428396284     
      272  -0.417068049274       -0.150000000000         12.1428396284     
      273  -0.417068049274       -0.100000000000         12.1428396284     
      274  -0.417068049274       -0.500000000000E-001    12.1428396284     
      275  -0.417068049274         0.00000000000         12.1428396284     
      276  -0.417068049274        0.500000000000E-001    12.1428396284     
      277  -0.417068049274        0.100000000000         12.1428396284     
      278  -0.417068049274        0.150000000000         12.1428396284     
      279  -0.417068049274        0.200000000000         12.1428396284     
      280  -0.417068049274        0.250000000000         12.1428396284     

 
      281  -0.417068049274        0.300000000000         12.1428396284     
      282  -0.417068049274        0.350000000000         12.1428396284     
      283  -0.417068049274        0.400000000000         12.1428396284     
      284  -0.417068049274        0.450000000000         12.1428396284     
      285  -0.375375257090       -0.400000000000         12.1441999908     
      286  -0.375375257090       -0.300000000000         12.1441999908     
      287  -0.375375257090       -0.200000000000         12.1441999908     
      288  -0.375375257090       -0.100000000000         12.1441999908     
      289  -0.375375257090         0.00000000000         12.1441999908     
      290  -0.375375257090        0.100000000000         12.1441999908     
      291  -0.375375257090        0.200000000000         12.1441999908     
      292  -0.375375257090        0.300000000000         12.1441999908     
      293  -0.375375257090        0.400000000000         12.1441999908     
      294  -0.333678040344       -0.450000000000         12.1454172001     
      295  -0.333678040344       -0.400000000000         12.1454172001     
      296  -0.333678040344       -0.350000000000         12.1454172001     
      297  -0.333678040344       -0.300000000000         12.1454172001     
      298  -0.333678040344       -0.250000000000         12.1454172001     
      299  -0.333678040344       -0.200000000000         12.1454172001     
      300  -0.333678040344       -0.150000000000         12.1454172001     

 
      301  -0.333678040344       -0.100000000000         12.1454172001     
      302  -0.333678040344       -0.500000000000E-001    12.1454172001     
      303  -0.333678040344         0.00000000000         12.1454172001     
      304  -0.333678040344        0.500000000000E-001    12.1454172001     
      305  -0.333678040344        0.100000000000         12.1454172001     
      306  -0.333678040344        0.150000000000         12.1454172001     
      307  -0.333678040344        0.200000000000         12.1454172001     
      308  -0.333678040344        0.250000000000         12.1454172001     
      309  -0.333678040344        0.300000000000         12.1454172001     
      310  -0.333678040344        0.350000000000         12.1454172001     
      311  -0.333678040344        0.400000000000         12.1454172001     
      312  -0.333678040344        0.450000000000         12.1454172001     
      313  -0.291976890447       -0.400000000000         12.1464912421     
      314  -0.291976890447       -0.300000000000         12.1464912421     
      315  -0.291976890447       -0.200000000000         12.1464912421     
      316  -0.291976890447       -0.100000000000         12.1464912421     
      317  -0.291976890447         0.00000000000         12.1464912421     
      318  -0.291976890447        0.100000000000         12.1464912421     
      319  -0.291976890447        0.200000000000         12.1464912421     
      320  -0.291976890447        0.300000000000         12.1464912421     

 
      321  -0.291976890447        0.400000000000         12.1464912421     
      322  -0.250272298856       -0.450000000000         12.1474221041     
      323  -0.250272298856       -0.400000000000         12.1474221041     
      324  -0.250272298856       -0.350000000000         12.1474221041     
      325  -0.250272298856       -0.300000000000         12.1474221041     
      326  -0.250272298856       -0.250000000000         12.1474221041     
      327  -0.250272298856       -0.200000000000         12.1474221041     
      328  -0.250272298856       -0.150000000000         12.1474221041     
      329  -0.250272298856       -0.100000000000         12.1474221041     
      330  -0.250272298856       -0.500000000000E-001    12.1474221041     
      331  -0.250272298856         0.00000000000         12.1474221041     
      332  -0.250272298856        0.500000000000E-001    12.1474221041     
      333  -0.250272298856        0.100000000000         12.1474221041     
      334  -0.250272298856        0.150000000000         12.1474221041     
      335  -0.250272298856        0.200000000000         12.1474221041     
      336  -0.250272298856        0.250000000000         12.1474221041     
      337  -0.250272298856        0.300000000000         12.1474221041     
      338  -0.250272298856        0.350000000000         12.1474221041     
      339  -0.250272298856        0.400000000000         12.1474221041     
      340  -0.250272298856        0.450000000000         12.1474221041     

 
      341  -0.208564757070       -0.400000000000         12.1482097752     
      342  -0.208564757070       -0.300000000000         12.1482097752     
      343  -0.208564757070       -0.200000000000         12.1482097752     
      344  -0.208564757070       -0.100000000000         12.1482097752     
      345  -0.208564757070         0.00000000000         12.1482097752     
      346  -0.208564757070        0.100000000000         12.1482097752     
      347  -0.208564757070        0.200000000000         12.1482097752     
      348  -0.208564757070        0.300000000000         12.1482097752     
      349  -0.208564757070        0.400000000000         12.1482097752     
      350  -0.166854756627       -0.450000000000         12.1488542460     
      351  -0.166854756627       -0.400000000000         12.1488542460     
      352  -0.166854756627       -0.350000000000         12.1488542460     
      353  -0.166854756627       -0.300000000000         12.1488542460     
      354  -0.166854756627       -0.250000000000         12.1488542460     
      355  -0.166854756627       -0.200000000000         12.1488542460     
      356  -0.166854756627       -0.150000000000         12.1488542460     
      357  -0.166854756627       -0.100000000000         12.1488542460     
      358  -0.166854756627       -0.500000000000E-001    12.1488542460     
      359  -0.166854756627         0.00000000000         12.1488542460     
      360  -0.166854756627        0.500000000000E-001    12.1488542460     

 
      361  -0.166854756627        0.100000000000         12.1488542460     
      362  -0.166854756627        0.150000000000         12.1488542460     
      363  -0.166854756627        0.200000000000         12.1488542460     
      364  -0.166854756627        0.250000000000         12.1488542460     
      365  -0.166854756627        0.300000000000         12.1488542460     
      366  -0.166854756627        0.350000000000         12.1488542460     
      367  -0.166854756627        0.400000000000         12.1488542460     
      368  -0.166854756627        0.450000000000         12.1488542460     
      369  -0.125142789096       -0.400000000000         12.1493555089     
      370  -0.125142789096       -0.300000000000         12.1493555089     
      371  -0.125142789096       -0.200000000000         12.1493555089     
      372  -0.125142789096       -0.100000000000         12.1493555089     
      373  -0.125142789096         0.00000000000         12.1493555089     
      374  -0.125142789096        0.100000000000         12.1493555089     
      375  -0.125142789096        0.200000000000         12.1493555089     
      376  -0.125142789096        0.300000000000         12.1493555089     
      377  -0.125142789096        0.400000000000         12.1493555089     
      378  -0.834293460695E-001  -0.450000000000         12.1497135581     
      379  -0.834293460695E-001  -0.400000000000         12.1497135581     
      380  -0.834293460695E-001  -0.350000000000         12.1497135581     

 
      381  -0.834293460695E-001  -0.300000000000         12.1497135581     
      382  -0.834293460695E-001  -0.250000000000         12.1497135581     
      383  -0.834293460695E-001  -0.200000000000         12.1497135581     
      384  -0.834293460695E-001  -0.150000000000         12.1497135581     
      385  -0.834293460695E-001  -0.100000000000         12.1497135581     
      386  -0.834293460695E-001  -0.500000000000E-001    12.1497135581     
      387  -0.834293460695E-001    0.00000000000         12.1497135581     
      388  -0.834293460695E-001   0.500000000000E-001    12.1497135581     
      389  -0.834293460695E-001   0.100000000000         12.1497135581     
      390  -0.834293460695E-001   0.150000000000         12.1497135581     
      391  -0.834293460695E-001   0.200000000000         12.1497135581     
      392  -0.834293460695E-001   0.250000000000         12.1497135581     
      393  -0.834293460695E-001   0.300000000000         12.1497135581     
      394  -0.834293460695E-001   0.350000000000         12.1497135581     
      395  -0.834293460695E-001   0.400000000000         12.1497135581     
      396  -0.834293460695E-001   0.450000000000         12.1497135581     
      397  -0.417149191619E-001  -0.400000000000         12.1499283893     
      398  -0.417149191619E-001  -0.300000000000         12.1499283893     
      399  -0.417149191619E-001  -0.200000000000         12.1499283893     
      400  -0.417149191619E-001  -0.100000000000         12.1499283893     

 
      401  -0.417149191619E-001    0.00000000000         12.1499283893     
      402  -0.417149191619E-001   0.100000000000         12.1499283893     
      403  -0.417149191619E-001   0.200000000000         12.1499283893     
      404  -0.417149191619E-001   0.300000000000         12.1499283893     
      405  -0.417149191619E-001   0.400000000000         12.1499283893     
      406   0.500438394600       -0.500000000000         12.1396895106     
      407   0.417149180809E-001  -0.500000000000         12.1499283893     
      408   0.834293444138E-001  -0.500000000000         12.1497135581     
      409   0.125142787288       -0.500000000000         12.1493555089     
      410   0.166854755004       -0.500000000000         12.1488542460     
      411   0.208564755875       -0.500000000000         12.1482097752     
      412   0.250272298236       -0.500000000000         12.1474221042     
      413   0.291976890451       -0.500000000000         12.1464912422     
      414   0.333678040913       -0.500000000000         12.1454172001     
      415   0.375375258056       -0.500000000000         12.1441999908     
      416   0.417068050357       -0.500000000000         12.1428396284     
      417   0.458755926344       -0.500000000000         12.1413361291     
      418   0.500438394600        0.500000000000         12.1396895106     
      419   0.500438394600       -0.450000000000         12.1396895106     
      420   0.500438394600       -0.400000000000         12.1396895106     

 
      421   0.500438394600       -0.350000000000         12.1396895106     
      422   0.500438394600       -0.300000000000         12.1396895106     
      423   0.500438394600       -0.250000000000         12.1396895106     
      424   0.500438394600       -0.200000000000         12.1396895106     
      425   0.500438394600       -0.150000000000         12.1396895106     
      426   0.500438394600       -0.100000000000         12.1396895106     
      427   0.500438394600       -0.500000000000E-001    12.1396895106     
      428   0.500438394600         0.00000000000         12.1396895106     
      429   0.500438394600        0.500000000000E-001    12.1396895106     
      430   0.500438394600        0.100000000000         12.1396895106     
      431   0.500438394600        0.150000000000         12.1396895106     
      432   0.500438394600        0.200000000000         12.1396895106     
      433   0.500438394600        0.250000000000         12.1396895106     
      434   0.500438394600        0.300000000000         12.1396895106     
      435   0.500438394600        0.350000000000         12.1396895106     
      436   0.500438394600        0.400000000000         12.1396895106     
      437   0.500438394600        0.450000000000         12.1396895106     
      438   0.417149180809E-001   0.500000000000         12.1499283893     
      439   0.834293444138E-001   0.500000000000         12.1497135581     
      440   0.125142787288        0.500000000000         12.1493555089     

 
      441   0.166854755004        0.500000000000         12.1488542460     
      442   0.208564755875        0.500000000000         12.1482097752     
      443   0.250272298236        0.500000000000         12.1474221042     
      444   0.291976890451        0.500000000000         12.1464912422     
      445   0.333678040913        0.500000000000         12.1454172001     
      446   0.375375258056        0.500000000000         12.1441999908     
      447   0.417068050357        0.500000000000         12.1428396284     
      448   0.458755926344        0.500000000000         12.1413361291     
      449   0.417149171645E-001  -0.400000000000         12.1499283893     
      450   0.417149171645E-001  -0.300000000000         12.1499283893     
      451   0.417149171645E-001  -0.200000000000         12.1499283893     
      452   0.417149171645E-001  -0.100000000000         12.1499283893     
      453   0.417149171645E-001    0.00000000000         12.1499283893     
      454   0.417149171645E-001   0.100000000000         12.1499283893     
      455   0.417149171645E-001   0.200000000000         12.1499283893     
      456   0.417149171645E-001   0.300000000000         12.1499283893     
      457   0.417149171645E-001   0.400000000000         12.1499283893     
      458   0.834293428740E-001  -0.450000000000         12.1497135581     
      459   0.834293428740E-001  -0.400000000000         12.1497135581     
      460   0.834293428740E-001  -0.350000000000         12.1497135581     

 
      461   0.834293428740E-001  -0.300000000000         12.1497135581     
      462   0.834293428740E-001  -0.250000000000         12.1497135581     
      463   0.834293428740E-001  -0.200000000000         12.1497135581     
      464   0.834293428740E-001  -0.150000000000         12.1497135581     
      465   0.834293428740E-001  -0.100000000000         12.1497135581     
      466   0.834293428740E-001  -0.500000000000E-001    12.1497135581     
      467   0.834293428740E-001    0.00000000000         12.1497135581     
      468   0.834293428740E-001   0.500000000000E-001    12.1497135581     
      469   0.834293428740E-001   0.100000000000         12.1497135581     
      470   0.834293428740E-001   0.150000000000         12.1497135581     
      471   0.834293428740E-001   0.200000000000         12.1497135581     
      472   0.834293428740E-001   0.250000000000         12.1497135581     
      473   0.834293428740E-001   0.300000000000         12.1497135581     
      474   0.834293428740E-001   0.350000000000         12.1497135581     
      475   0.834293428740E-001   0.400000000000         12.1497135581     
      476   0.834293428740E-001   0.450000000000         12.1497135581     
      477   0.125142785380       -0.400000000000         12.1493555090     
      478   0.125142785380       -0.300000000000         12.1493555090     
      479   0.125142785380       -0.200000000000         12.1493555090     
      480   0.125142785380       -0.100000000000         12.1493555090     

 
      481   0.125142785380         0.00000000000         12.1493555090     
      482   0.125142785380        0.100000000000         12.1493555090     
      483   0.125142785380        0.200000000000         12.1493555090     
      484   0.125142785380        0.300000000000         12.1493555090     
      485   0.125142785380        0.400000000000         12.1493555090     
      486   0.166854752945       -0.450000000000         12.1488542460     
      487   0.166854752945       -0.400000000000         12.1488542460     
      488   0.166854752945       -0.350000000000         12.1488542460     
      489   0.166854752945       -0.300000000000         12.1488542460     
      490   0.166854752945       -0.250000000000         12.1488542460     
      491   0.166854752945       -0.200000000000         12.1488542460     
      492   0.166854752945       -0.150000000000         12.1488542460     
      493   0.166854752945       -0.100000000000         12.1488542460     
      494   0.166854752945       -0.500000000000E-001    12.1488542460     
      495   0.166854752945         0.00000000000         12.1488542460     
      496   0.166854752945        0.500000000000E-001    12.1488542460     
      497   0.166854752945        0.100000000000         12.1488542460     
      498   0.166854752945        0.150000000000         12.1488542460     
      499   0.166854752945        0.200000000000         12.1488542460     
      500   0.166854752945        0.250000000000         12.1488542460     

 
      501   0.166854752945        0.300000000000         12.1488542460     
      502   0.166854752945        0.350000000000         12.1488542460     
      503   0.166854752945        0.400000000000         12.1488542460     
      504   0.166854752945        0.450000000000         12.1488542460     
      505   0.208564753844       -0.400000000000         12.1482097753     
      506   0.208564753844       -0.300000000000         12.1482097753     
      507   0.208564753844       -0.200000000000         12.1482097753     
      508   0.208564753844       -0.100000000000         12.1482097753     
      509   0.208564753844         0.00000000000         12.1482097753     
      510   0.208564753844        0.100000000000         12.1482097753     
      511   0.208564753844        0.200000000000         12.1482097753     
      512   0.208564753844        0.300000000000         12.1482097753     
      513   0.208564753844        0.400000000000         12.1482097753     
      514   0.250272296375       -0.450000000000         12.1474221042     
      515   0.250272296375       -0.400000000000         12.1474221042     
      516   0.250272296375       -0.350000000000         12.1474221042     
      517   0.250272296375       -0.300000000000         12.1474221042     
      518   0.250272296375       -0.250000000000         12.1474221042     
      519   0.250272296375       -0.200000000000         12.1474221042     
      520   0.250272296375       -0.150000000000         12.1474221042     

 
      521   0.250272296375       -0.100000000000         12.1474221042     
      522   0.250272296375       -0.500000000000E-001    12.1474221042     
      523   0.250272296375         0.00000000000         12.1474221042     
      524   0.250272296375        0.500000000000E-001    12.1474221042     
      525   0.250272296375        0.100000000000         12.1474221042     
      526   0.250272296375        0.150000000000         12.1474221042     
      527   0.250272296375        0.200000000000         12.1474221042     
      528   0.250272296375        0.250000000000         12.1474221042     
      529   0.250272296375        0.300000000000         12.1474221042     
      530   0.250272296375        0.350000000000         12.1474221042     
      531   0.250272296375        0.400000000000         12.1474221042     
      532   0.250272296375        0.450000000000         12.1474221042     
      533   0.291976888862       -0.400000000000         12.1464912422     
      534   0.291976888862       -0.300000000000         12.1464912422     
      535   0.291976888862       -0.200000000000         12.1464912422     
      536   0.291976888862       -0.100000000000         12.1464912422     
      537   0.291976888862         0.00000000000         12.1464912422     
      538   0.291976888862        0.100000000000         12.1464912422     
      539   0.291976888862        0.200000000000         12.1464912422     
      540   0.291976888862        0.300000000000         12.1464912422     

 
      541   0.291976888862        0.400000000000         12.1464912422     
      542   0.333678039662       -0.450000000000         12.1454172002     
      543   0.333678039662       -0.400000000000         12.1454172002     
      544   0.333678039662       -0.350000000000         12.1454172002     
      545   0.333678039662       -0.300000000000         12.1454172002     
      546   0.333678039662       -0.250000000000         12.1454172002     
      547   0.333678039662       -0.200000000000         12.1454172002     
      548   0.333678039662       -0.150000000000         12.1454172002     
      549   0.333678039662       -0.100000000000         12.1454172002     
      550   0.333678039662       -0.500000000000E-001    12.1454172002     
      551   0.333678039662         0.00000000000         12.1454172002     
      552   0.333678039662        0.500000000000E-001    12.1454172002     
      553   0.333678039662        0.100000000000         12.1454172002     
      554   0.333678039662        0.150000000000         12.1454172002     
      555   0.333678039662        0.200000000000         12.1454172002     
      556   0.333678039662        0.250000000000         12.1454172002     
      557   0.333678039662        0.300000000000         12.1454172002     
      558   0.333678039662        0.350000000000         12.1454172002     
      559   0.333678039662        0.400000000000         12.1454172002     
      560   0.333678039662        0.450000000000         12.1454172002     

 
      561   0.375375257171       -0.400000000000         12.1441999908     
      562   0.375375257171       -0.300000000000         12.1441999908     
      563   0.375375257171       -0.200000000000         12.1441999908     
      564   0.375375257171       -0.100000000000         12.1441999908     
      565   0.375375257171         0.00000000000         12.1441999908     
      566   0.375375257171        0.100000000000         12.1441999908     
      567   0.375375257171        0.200000000000         12.1441999908     
      568   0.375375257171        0.300000000000         12.1441999908     
      569   0.375375257171        0.400000000000         12.1441999908     
      570   0.417068049828       -0.450000000000         12.1428396284     
      571   0.417068049828       -0.400000000000         12.1428396284     
      572   0.417068049828       -0.350000000000         12.1428396284     
      573   0.417068049828       -0.300000000000         12.1428396284     
      574   0.417068049828       -0.250000000000         12.1428396284     
      575   0.417068049828       -0.200000000000         12.1428396284     
      576   0.417068049828       -0.150000000000         12.1428396284     
      577   0.417068049828       -0.100000000000         12.1428396284     
      578   0.417068049828       -0.500000000000E-001    12.1428396284     
      579   0.417068049828         0.00000000000         12.1428396284     
      580   0.417068049828        0.500000000000E-001    12.1428396284     

 
      581   0.417068049828        0.100000000000         12.1428396284     
      582   0.417068049828        0.150000000000         12.1428396284     
      583   0.417068049828        0.200000000000         12.1428396284     
      584   0.417068049828        0.250000000000         12.1428396284     
      585   0.417068049828        0.300000000000         12.1428396284     
      586   0.417068049828        0.350000000000         12.1428396284     
      587   0.417068049828        0.400000000000         12.1428396284     
      588   0.417068049828        0.450000000000         12.1428396284     
      589   0.458755926123       -0.400000000000         12.1413361291     
      590   0.458755926123       -0.300000000000         12.1413361291     
      591   0.458755926123       -0.200000000000         12.1413361291     
      592   0.458755926123       -0.100000000000         12.1413361291     
      593   0.458755926123         0.00000000000         12.1413361291     
      594   0.458755926123        0.100000000000         12.1413361291     
      595   0.458755926123        0.200000000000         12.1413361291     
      596   0.458755926123        0.300000000000         12.1413361291     
      597   0.458755926123        0.400000000000         12.1413361291     
      598    1.00002744520       -0.500000000000         12.1087755413     
      599   0.542114963877       -0.500000000000         12.1378997922     
      600   0.583785142809       -0.500000000000         12.1359669951     

 
      601   0.625448440204       -0.500000000000         12.1338911421     
      602   0.667104364955       -0.500000000000         12.1316722576     
      603   0.708752426036       -0.500000000000         12.1293103678     
      604   0.750392132512       -0.500000000000         12.1268055005     
      605   0.792022993545       -0.500000000000         12.1241576853     
      606   0.833644518400       -0.500000000000         12.1213669533     
      607   0.875256216447       -0.500000000000         12.1184333375     
      608   0.916857597173       -0.500000000000         12.1153568725     
      609   0.958448170182       -0.500000000000         12.1121375944     
      610    1.00002744520        0.500000000000         12.1087755413     
      611    1.00002744520       -0.450000000000         12.1087755413     
      612    1.00002744520       -0.400000000000         12.1087755413     
      613    1.00002744520       -0.350000000000         12.1087755413     
      614    1.00002744520       -0.300000000000         12.1087755413     
      615    1.00002744520       -0.250000000000         12.1087755413     
      616    1.00002744520       -0.200000000000         12.1087755413     
      617    1.00002744520       -0.150000000000         12.1087755413     
      618    1.00002744520       -0.100000000000         12.1087755413     
      619    1.00002744520       -0.500000000000E-001    12.1087755413     
      620    1.00002744520         0.00000000000         12.1087755413     

 
      621    1.00002744520        0.500000000000E-001    12.1087755413     
      622    1.00002744520        0.100000000000         12.1087755413     
      623    1.00002744520        0.150000000000         12.1087755413     
      624    1.00002744520        0.200000000000         12.1087755413     
      625    1.00002744520        0.250000000000         12.1087755413     
      626    1.00002744520        0.300000000000         12.1087755413     
      627    1.00002744520        0.350000000000         12.1087755413     
      628    1.00002744520        0.400000000000         12.1087755413     
      629    1.00002744520        0.450000000000         12.1087755413     
      630   0.542114963877        0.500000000000         12.1378997922     
      631   0.583785142809        0.500000000000         12.1359669951     
      632   0.625448440204        0.500000000000         12.1338911421     
      633   0.667104364955        0.500000000000         12.1316722576     
      634   0.708752426036        0.500000000000         12.1293103678     
      635   0.750392132512        0.500000000000         12.1268055005     
      636   0.792022993545        0.500000000000         12.1241576853     
      637   0.833644518400        0.500000000000         12.1213669533     
      638   0.875256216447        0.500000000000         12.1184333375     
      639   0.916857597173        0.500000000000         12.1153568725     
      640   0.958448170182        0.500000000000         12.1121375944     

 
      641   0.542114963559       -0.400000000000         12.1378997922     
      642   0.542114963559       -0.300000000000         12.1378997922     
      643   0.542114963559       -0.200000000000         12.1378997922     
      644   0.542114963559       -0.100000000000         12.1378997922     
      645   0.542114963559         0.00000000000         12.1378997922     
      646   0.542114963559        0.100000000000         12.1378997922     
      647   0.542114963559        0.200000000000         12.1378997922     
      648   0.542114963559        0.300000000000         12.1378997922     
      649   0.542114963559        0.400000000000         12.1378997922     
      650   0.583785142192       -0.450000000000         12.1359669952     
      651   0.583785142192       -0.400000000000         12.1359669952     
      652   0.583785142192       -0.350000000000         12.1359669952     
      653   0.583785142192       -0.300000000000         12.1359669952     
      654   0.583785142192       -0.250000000000         12.1359669952     
      655   0.583785142192       -0.200000000000         12.1359669952     
      656   0.583785142192       -0.150000000000         12.1359669952     
      657   0.583785142192       -0.100000000000         12.1359669952     
      658   0.583785142192       -0.500000000000E-001    12.1359669952     
      659   0.583785142192         0.00000000000         12.1359669952     
      660   0.583785142192        0.500000000000E-001    12.1359669952     

 
      661   0.583785142192        0.100000000000         12.1359669952     
      662   0.583785142192        0.150000000000         12.1359669952     
      663   0.583785142192        0.200000000000         12.1359669952     
      664   0.583785142192        0.250000000000         12.1359669952     
      665   0.583785142192        0.300000000000         12.1359669952     
      666   0.583785142192        0.350000000000         12.1359669952     
      667   0.583785142192        0.400000000000         12.1359669952     
      668   0.583785142192        0.450000000000         12.1359669952     
      669   0.625448439321       -0.400000000000         12.1338911422     
      670   0.625448439321       -0.300000000000         12.1338911422     
      671   0.625448439321       -0.200000000000         12.1338911422     
      672   0.625448439321       -0.100000000000         12.1338911422     
      673   0.625448439321         0.00000000000         12.1338911422     
      674   0.625448439321        0.100000000000         12.1338911422     
      675   0.625448439321        0.200000000000         12.1338911422     
      676   0.625448439321        0.300000000000         12.1338911422     
      677   0.625448439321        0.400000000000         12.1338911422     
      678   0.667104363848       -0.450000000000         12.1316722577     
      679   0.667104363848       -0.400000000000         12.1316722577     
      680   0.667104363848       -0.350000000000         12.1316722577     

 
      681   0.667104363848       -0.300000000000         12.1316722577     
      682   0.667104363848       -0.250000000000         12.1316722577     
      683   0.667104363848       -0.200000000000         12.1316722577     
      684   0.667104363848       -0.150000000000         12.1316722577     
      685   0.667104363848       -0.100000000000         12.1316722577     
      686   0.667104363848       -0.500000000000E-001    12.1316722577     
      687   0.667104363848         0.00000000000         12.1316722577     
      688   0.667104363848        0.500000000000E-001    12.1316722577     
      689   0.667104363848        0.100000000000         12.1316722577     
      690   0.667104363848        0.150000000000         12.1316722577     
      691   0.667104363848        0.200000000000         12.1316722577     
      692   0.667104363848        0.250000000000         12.1316722577     
      693   0.667104363848        0.300000000000         12.1316722577     
      694   0.667104363848        0.350000000000         12.1316722577     
      695   0.667104363848        0.400000000000         12.1316722577     
      696   0.667104363848        0.450000000000         12.1316722577     
      697   0.708752424759       -0.400000000000         12.1293103679     
      698   0.708752424759       -0.300000000000         12.1293103679     
      699   0.708752424759       -0.200000000000         12.1293103679     
      700   0.708752424759       -0.100000000000         12.1293103679     

 
      701   0.708752424759         0.00000000000         12.1293103679     
      702   0.708752424759        0.100000000000         12.1293103679     
      703   0.708752424759        0.200000000000         12.1293103679     
      704   0.708752424759        0.300000000000         12.1293103679     
      705   0.708752424759        0.400000000000         12.1293103679     
      706   0.750392131130       -0.450000000000         12.1268055006     
      707   0.750392131130       -0.400000000000         12.1268055006     
      708   0.750392131130       -0.350000000000         12.1268055006     
      709   0.750392131130       -0.300000000000         12.1268055006     
      710   0.750392131130       -0.250000000000         12.1268055006     
      711   0.750392131130       -0.200000000000         12.1268055006     
      712   0.750392131130       -0.150000000000         12.1268055006     
      713   0.750392131130       -0.100000000000         12.1268055006     
      714   0.750392131130       -0.500000000000E-001    12.1268055006     
      715   0.750392131130         0.00000000000         12.1268055006     
      716   0.750392131130        0.500000000000E-001    12.1268055006     
      717   0.750392131130        0.100000000000         12.1268055006     
      718   0.750392131130        0.150000000000         12.1268055006     
      719   0.750392131130        0.200000000000         12.1268055006     
      720   0.750392131130        0.250000000000         12.1268055006     

 
      721   0.750392131130        0.300000000000         12.1268055006     
      722   0.750392131130        0.350000000000         12.1268055006     
      723   0.750392131130        0.400000000000         12.1268055006     
      724   0.750392131130        0.450000000000         12.1268055006     
      725   0.792022992135       -0.400000000000         12.1241576854     
      726   0.792022992135       -0.300000000000         12.1241576854     
      727   0.792022992135       -0.200000000000         12.1241576854     
      728   0.792022992135       -0.100000000000         12.1241576854     
      729   0.792022992135         0.00000000000         12.1241576854     
      730   0.792022992135        0.100000000000         12.1241576854     
      731   0.792022992135        0.200000000000         12.1241576854     
      732   0.792022992135        0.300000000000         12.1241576854     
      733   0.792022992135        0.400000000000         12.1241576854     
      734   0.833644517050       -0.450000000000         12.1213669534     
      735   0.833644517050       -0.400000000000         12.1213669534     
      736   0.833644517050       -0.350000000000         12.1213669534     
      737   0.833644517050       -0.300000000000         12.1213669534     
      738   0.833644517050       -0.250000000000         12.1213669534     
      739   0.833644517050       -0.200000000000         12.1213669534     
      740   0.833644517050       -0.150000000000         12.1213669534     

 
      741   0.833644517050       -0.100000000000         12.1213669534     
      742   0.833644517050       -0.500000000000E-001    12.1213669534     
      743   0.833644517050         0.00000000000         12.1213669534     
      744   0.833644517050        0.500000000000E-001    12.1213669534     
      745   0.833644517050        0.100000000000         12.1213669534     
      746   0.833644517050        0.150000000000         12.1213669534     
      747   0.833644517050        0.200000000000         12.1213669534     
      748   0.833644517050        0.250000000000         12.1213669534     
      749   0.833644517050        0.300000000000         12.1213669534     
      750   0.833644517050        0.350000000000         12.1213669534     
      751   0.833644517050        0.400000000000         12.1213669534     
      752   0.833644517050        0.450000000000         12.1213669534     
      753   0.875256215257       -0.400000000000         12.1184333376     
      754   0.875256215257       -0.300000000000         12.1184333376     
      755   0.875256215257       -0.200000000000         12.1184333376     
      756   0.875256215257       -0.100000000000         12.1184333376     
      757   0.875256215257         0.00000000000         12.1184333376     
      758   0.875256215257        0.100000000000         12.1184333376     
      759   0.875256215257        0.200000000000         12.1184333376     
      760   0.875256215257        0.300000000000         12.1184333376     

 
      761   0.875256215257        0.400000000000         12.1184333376     
      762   0.916857596254       -0.450000000000         12.1153568725     
      763   0.916857596254       -0.400000000000         12.1153568725     
      764   0.916857596254       -0.350000000000         12.1153568725     
      765   0.916857596254       -0.300000000000         12.1153568725     
      766   0.916857596254       -0.250000000000         12.1153568725     
      767   0.916857596254       -0.200000000000         12.1153568725     
      768   0.916857596254       -0.150000000000         12.1153568725     
      769   0.916857596254       -0.100000000000         12.1153568725     
      770   0.916857596254       -0.500000000000E-001    12.1153568725     
      771   0.916857596254         0.00000000000         12.1153568725     
      772   0.916857596254        0.500000000000E-001    12.1153568725     
      773   0.916857596254        0.100000000000         12.1153568725     
      774   0.916857596254        0.150000000000         12.1153568725     
      775   0.916857596254        0.200000000000         12.1153568725     
      776   0.916857596254        0.250000000000         12.1153568725     
      777   0.916857596254        0.300000000000         12.1153568725     
      778   0.916857596254        0.350000000000         12.1153568725     
      779   0.916857596254        0.400000000000         12.1153568725     
      780   0.916857596254        0.450000000000         12.1153568725     

 
      781   0.958448169655       -0.400000000000         12.1121375944     
      782   0.958448169655       -0.300000000000         12.1121375944     
      783   0.958448169655       -0.200000000000         12.1121375944     
      784   0.958448169655       -0.100000000000         12.1121375944     
      785   0.958448169655         0.00000000000         12.1121375944     
      786   0.958448169655        0.100000000000         12.1121375944     
      787   0.958448169655        0.200000000000         12.1121375944     
      788   0.958448169655        0.300000000000         12.1121375944     
      789   0.958448169655        0.400000000000         12.1121375944     

