
 
        1   -1.00055702885       -0.500000000000         12.1745541599     
        2  -0.500699293232       -0.500000000000         12.2053342264     
        3  -0.958954876315       -0.500000000000         12.1779016626     
        4  -0.917341529346       -0.500000000000         12.1811070055     
        5  -0.875717473712       -0.500000000000         12.1841701509     
        6  -0.834083195307       -0.500000000000         12.1870910632     
        7  -0.792439180149       -0.500000000000         12.1898697083     
        8  -0.750785914370       -0.500000000000         12.1925060537     
        9  -0.709123884212       -0.500000000000         12.1950000687     
       10  -0.667453576022       -0.500000000000         12.1973517242     
       11  -0.625775476248       -0.500000000000         12.1995609926     
       12  -0.584090071427       -0.500000000000         12.2016278483     
       13  -0.542397848185       -0.500000000000         12.2035522670     
       14  -0.500699293232        0.500000000000         12.2053342264     
       15  -0.500699293232       -0.450000000000         12.2053342264     
       16  -0.500699293232       -0.400000000000         12.2053342264     
       17  -0.500699293232       -0.350000000000         12.2053342264     
       18  -0.500699293232       -0.300000000000         12.2053342264     
       19  -0.500699293232       -0.250000000000         12.2053342264     
       20  -0.500699293232       -0.200000000000         12.2053342264     

 
       21  -0.500699293232       -0.150000000000         12.2053342264     
       22  -0.500699293232       -0.100000000000         12.2053342264     
       23  -0.500699293232       -0.500000000000E-001    12.2053342264     
       24  -0.500699293232         0.00000000000         12.2053342264     
       25  -0.500699293232        0.500000000000E-001    12.2053342264     
       26  -0.500699293232        0.100000000000         12.2053342264     
       27  -0.500699293232        0.150000000000         12.2053342264     
       28  -0.500699293232        0.200000000000         12.2053342264     
       29  -0.500699293232        0.250000000000         12.2053342264     
       30  -0.500699293232        0.300000000000         12.2053342264     
       31  -0.500699293232        0.350000000000         12.2053342264     
       32  -0.500699293232        0.400000000000         12.2053342264     
       33  -0.500699293232        0.450000000000         12.2053342264     
       34   -1.00055702885        0.500000000000         12.1745541599     
       35  -0.958954876315        0.500000000000         12.1779016626     
       36  -0.917341529346        0.500000000000         12.1811070055     
       37  -0.875717473712        0.500000000000         12.1841701509     
       38  -0.834083195307        0.500000000000         12.1870910632     
       39  -0.792439180149        0.500000000000         12.1898697083     
       40  -0.750785914370        0.500000000000         12.1925060537     

 
       41  -0.709123884212        0.500000000000         12.1950000687     
       42  -0.667453576022        0.500000000000         12.1973517242     
       43  -0.625775476248        0.500000000000         12.1995609926     
       44  -0.584090071427        0.500000000000         12.2016278483     
       45  -0.542397848185        0.500000000000         12.2035522670     
       46   -1.00055702885       -0.450000000000         12.1745541599     
       47   -1.00055702885       -0.400000000000         12.1745541599     
       48   -1.00055702885       -0.350000000000         12.1745541599     
       49   -1.00055702885       -0.300000000000         12.1745541599     
       50   -1.00055702885       -0.250000000000         12.1745541599     
       51   -1.00055702885       -0.200000000000         12.1745541599     
       52   -1.00055702885       -0.150000000000         12.1745541599     
       53   -1.00055702885       -0.100000000000         12.1745541599     
       54   -1.00055702885       -0.500000000000E-001    12.1745541599     
       55   -1.00055702885         0.00000000000         12.1745541599     
       56   -1.00055702885        0.500000000000E-001    12.1745541599     
       57   -1.00055702885        0.100000000000         12.1745541599     
       58   -1.00055702885        0.150000000000         12.1745541599     
       59   -1.00055702885        0.200000000000         12.1745541599     
       60   -1.00055702885        0.250000000000         12.1745541599     

 
       61   -1.00055702885        0.300000000000         12.1745541599     
       62   -1.00055702885        0.350000000000         12.1745541599     
       63   -1.00055702885        0.400000000000         12.1745541599     
       64   -1.00055702885        0.450000000000         12.1745541599     
       65  -0.958954876684       -0.400000000000         12.1779016626     
       66  -0.958954876684       -0.300000000000         12.1779016626     
       67  -0.958954876684       -0.200000000000         12.1779016626     
       68  -0.958954876684       -0.100000000000         12.1779016626     
       69  -0.958954876684         0.00000000000         12.1779016626     
       70  -0.958954876684        0.100000000000         12.1779016626     
       71  -0.958954876684        0.200000000000         12.1779016626     
       72  -0.958954876684        0.300000000000         12.1779016626     
       73  -0.958954876684        0.400000000000         12.1779016626     
       74  -0.917341529731       -0.450000000000         12.1811070054     
       75  -0.917341529731       -0.400000000000         12.1811070054     
       76  -0.917341529731       -0.350000000000         12.1811070054     
       77  -0.917341529731       -0.300000000000         12.1811070054     
       78  -0.917341529731       -0.250000000000         12.1811070054     
       79  -0.917341529731       -0.200000000000         12.1811070054     
       80  -0.917341529731       -0.150000000000         12.1811070054     

 
       81  -0.917341529731       -0.100000000000         12.1811070054     
       82  -0.917341529731       -0.500000000000E-001    12.1811070054     
       83  -0.917341529731         0.00000000000         12.1811070054     
       84  -0.917341529731        0.500000000000E-001    12.1811070054     
       85  -0.917341529731        0.100000000000         12.1811070054     
       86  -0.917341529731        0.150000000000         12.1811070054     
       87  -0.917341529731        0.200000000000         12.1811070054     
       88  -0.917341529731        0.250000000000         12.1811070054     
       89  -0.917341529731        0.300000000000         12.1811070054     
       90  -0.917341529731        0.350000000000         12.1811070054     
       91  -0.917341529731        0.400000000000         12.1811070054     
       92  -0.917341529731        0.450000000000         12.1811070054     
       93  -0.875717473844       -0.400000000000         12.1841701509     
       94  -0.875717473844       -0.300000000000         12.1841701509     
       95  -0.875717473844       -0.200000000000         12.1841701509     
       96  -0.875717473844       -0.100000000000         12.1841701509     
       97  -0.875717473844         0.00000000000         12.1841701509     
       98  -0.875717473844        0.100000000000         12.1841701509     
       99  -0.875717473844        0.200000000000         12.1841701509     
      100  -0.875717473844        0.300000000000         12.1841701509     

 
      101  -0.875717473844        0.400000000000         12.1841701509     
      102  -0.834083195005       -0.450000000000         12.1870910632     
      103  -0.834083195005       -0.400000000000         12.1870910632     
      104  -0.834083195005       -0.350000000000         12.1870910632     
      105  -0.834083195005       -0.300000000000         12.1870910632     
      106  -0.834083195005       -0.250000000000         12.1870910632     
      107  -0.834083195005       -0.200000000000         12.1870910632     
      108  -0.834083195005       -0.150000000000         12.1870910632     
      109  -0.834083195005       -0.100000000000         12.1870910632     
      110  -0.834083195005       -0.500000000000E-001    12.1870910632     
      111  -0.834083195005         0.00000000000         12.1870910632     
      112  -0.834083195005        0.500000000000E-001    12.1870910632     
      113  -0.834083195005        0.100000000000         12.1870910632     
      114  -0.834083195005        0.150000000000         12.1870910632     
      115  -0.834083195005        0.200000000000         12.1870910632     
      116  -0.834083195005        0.250000000000         12.1870910632     
      117  -0.834083195005        0.300000000000         12.1870910632     
      118  -0.834083195005        0.350000000000         12.1870910632     
      119  -0.834083195005        0.400000000000         12.1870910632     
      120  -0.834083195005        0.450000000000         12.1870910632     

 
      121  -0.792439179316       -0.400000000000         12.1898697084     
      122  -0.792439179316       -0.300000000000         12.1898697084     
      123  -0.792439179316       -0.200000000000         12.1898697084     
      124  -0.792439179316       -0.100000000000         12.1898697084     
      125  -0.792439179316         0.00000000000         12.1898697084     
      126  -0.792439179316        0.100000000000         12.1898697084     
      127  -0.792439179316        0.200000000000         12.1898697084     
      128  -0.792439179316        0.300000000000         12.1898697084     
      129  -0.792439179316        0.400000000000         12.1898697084     
      130  -0.750785912996       -0.450000000000         12.1925060538     
      131  -0.750785912996       -0.400000000000         12.1925060538     
      132  -0.750785912996       -0.350000000000         12.1925060538     
      133  -0.750785912996       -0.300000000000         12.1925060538     
      134  -0.750785912996       -0.250000000000         12.1925060538     
      135  -0.750785912996       -0.200000000000         12.1925060538     
      136  -0.750785912996       -0.150000000000         12.1925060538     
      137  -0.750785912996       -0.100000000000         12.1925060538     
      138  -0.750785912996       -0.500000000000E-001    12.1925060538     
      139  -0.750785912996         0.00000000000         12.1925060538     
      140  -0.750785912996        0.500000000000E-001    12.1925060538     

 
      141  -0.750785912996        0.100000000000         12.1925060538     
      142  -0.750785912996        0.150000000000         12.1925060538     
      143  -0.750785912996        0.200000000000         12.1925060538     
      144  -0.750785912996        0.250000000000         12.1925060538     
      145  -0.750785912996        0.300000000000         12.1925060538     
      146  -0.750785912996        0.350000000000         12.1925060538     
      147  -0.750785912996        0.400000000000         12.1925060538     
      148  -0.750785912996        0.450000000000         12.1925060538     
      149  -0.709123882374       -0.400000000000         12.1950000689     
      150  -0.709123882374       -0.300000000000         12.1950000689     
      151  -0.709123882374       -0.200000000000         12.1950000689     
      152  -0.709123882374       -0.100000000000         12.1950000689     
      153  -0.709123882374         0.00000000000         12.1950000689     
      154  -0.709123882374        0.100000000000         12.1950000689     
      155  -0.709123882374        0.200000000000         12.1950000689     
      156  -0.709123882374        0.300000000000         12.1950000689     
      157  -0.709123882374        0.400000000000         12.1950000689     
      158  -0.667453573883       -0.450000000000         12.1973517243     
      159  -0.667453573883       -0.400000000000         12.1973517243     
      160  -0.667453573883       -0.350000000000         12.1973517243     

 
      161  -0.667453573883       -0.300000000000         12.1973517243     
      162  -0.667453573883       -0.250000000000         12.1973517243     
      163  -0.667453573883       -0.200000000000         12.1973517243     
      164  -0.667453573883       -0.150000000000         12.1973517243     
      165  -0.667453573883       -0.100000000000         12.1973517243     
      166  -0.667453573883       -0.500000000000E-001    12.1973517243     
      167  -0.667453573883         0.00000000000         12.1973517243     
      168  -0.667453573883        0.500000000000E-001    12.1973517243     
      169  -0.667453573883        0.100000000000         12.1973517243     
      170  -0.667453573883        0.150000000000         12.1973517243     
      171  -0.667453573883        0.200000000000         12.1973517243     
      172  -0.667453573883        0.250000000000         12.1973517243     
      173  -0.667453573883        0.300000000000         12.1973517243     
      174  -0.667453573883        0.350000000000         12.1973517243     
      175  -0.667453573883        0.400000000000         12.1973517243     
      176  -0.667453573883        0.450000000000         12.1973517243     
      177  -0.625775474055       -0.400000000000         12.1995609928     
      178  -0.625775474055       -0.300000000000         12.1995609928     
      179  -0.625775474055       -0.200000000000         12.1995609928     
      180  -0.625775474055       -0.100000000000         12.1995609928     

 
      181  -0.625775474055         0.00000000000         12.1995609928     
      182  -0.625775474055        0.100000000000         12.1995609928     
      183  -0.625775474055        0.200000000000         12.1995609928     
      184  -0.625775474055        0.300000000000         12.1995609928     
      185  -0.625775474055        0.400000000000         12.1995609928     
      186  -0.584090069515       -0.450000000000         12.2016278484     
      187  -0.584090069515       -0.400000000000         12.2016278484     
      188  -0.584090069515       -0.350000000000         12.2016278484     
      189  -0.584090069515       -0.300000000000         12.2016278484     
      190  -0.584090069515       -0.250000000000         12.2016278484     
      191  -0.584090069515       -0.200000000000         12.2016278484     
      192  -0.584090069515       -0.150000000000         12.2016278484     
      193  -0.584090069515       -0.100000000000         12.2016278484     
      194  -0.584090069515       -0.500000000000E-001    12.2016278484     
      195  -0.584090069515         0.00000000000         12.2016278484     
      196  -0.584090069515        0.500000000000E-001    12.2016278484     
      197  -0.584090069515        0.100000000000         12.2016278484     
      198  -0.584090069515        0.150000000000         12.2016278484     
      199  -0.584090069515        0.200000000000         12.2016278484     
      200  -0.584090069515        0.250000000000         12.2016278484     

 
      201  -0.584090069515        0.300000000000         12.2016278484     
      202  -0.584090069515        0.350000000000         12.2016278484     
      203  -0.584090069515        0.400000000000         12.2016278484     
      204  -0.584090069515        0.450000000000         12.2016278484     
      205  -0.542397846976       -0.400000000000         12.2035522671     
      206  -0.542397846976       -0.300000000000         12.2035522671     
      207  -0.542397846976       -0.200000000000         12.2035522671     
      208  -0.542397846976       -0.100000000000         12.2035522671     
      209  -0.542397846976         0.00000000000         12.2035522671     
      210  -0.542397846976        0.100000000000         12.2035522671     
      211  -0.542397846976        0.200000000000         12.2035522671     
      212  -0.542397846976        0.300000000000         12.2035522671     
      213  -0.542397846976        0.400000000000         12.2035522671     
      214    0.00000000000       -0.500000000000         12.2156000000     
      215  -0.458994893244       -0.500000000000         12.2069737056     
      216  -0.417285135155       -0.500000000000         12.2084706854     
      217  -0.375570505858       -0.500000000000         12.2098251484     
      218  -0.333851492307       -0.500000000000         12.2110370789     
      219  -0.292128581507       -0.500000000000         12.2121064625     
      220  -0.250402260511       -0.500000000000         12.2130332869     

 
      221  -0.208673016416       -0.500000000000         12.2138175413     
      222  -0.166941336352       -0.500000000000         12.2144592164     
      223  -0.125207707483       -0.500000000000         12.2149583049     
      224  -0.834726169944E-001  -0.500000000000         12.2153148008     
      225  -0.417365520935E-001  -0.500000000000         12.2155287000     
      226    0.00000000000        0.500000000000         12.2156000000     
      227    0.00000000000       -0.450000000000         12.2156000000     
      228    0.00000000000       -0.400000000000         12.2156000000     
      229    0.00000000000       -0.350000000000         12.2156000000     
      230    0.00000000000       -0.300000000000         12.2156000000     
      231    0.00000000000       -0.250000000000         12.2156000000     
      232    0.00000000000       -0.200000000000         12.2156000000     
      233    0.00000000000       -0.150000000000         12.2156000000     
      234    0.00000000000       -0.100000000000         12.2156000000     
      235    0.00000000000       -0.500000000000E-001    12.2156000000     
      236    0.00000000000         0.00000000000         12.2156000000     
      237    0.00000000000        0.500000000000E-001    12.2156000000     
      238    0.00000000000        0.100000000000         12.2156000000     
      239    0.00000000000        0.150000000000         12.2156000000     
      240    0.00000000000        0.200000000000         12.2156000000     

 
      241    0.00000000000        0.250000000000         12.2156000000     
      242    0.00000000000        0.300000000000         12.2156000000     
      243    0.00000000000        0.350000000000         12.2156000000     
      244    0.00000000000        0.400000000000         12.2156000000     
      245    0.00000000000        0.450000000000         12.2156000000     
      246  -0.458994893244        0.500000000000         12.2069737056     
      247  -0.417285135155        0.500000000000         12.2084706854     
      248  -0.375570505858        0.500000000000         12.2098251484     
      249  -0.333851492307        0.500000000000         12.2110370789     
      250  -0.292128581507        0.500000000000         12.2121064625     
      251  -0.250402260511        0.500000000000         12.2130332869     
      252  -0.208673016416        0.500000000000         12.2138175413     
      253  -0.166941336352        0.500000000000         12.2144592164     
      254  -0.125207707483        0.500000000000         12.2149583049     
      255  -0.834726169944E-001   0.500000000000         12.2153148008     
      256  -0.417365520935E-001   0.500000000000         12.2155287000     
      257  -0.458994892051       -0.400000000000         12.2069737056     
      258  -0.458994892051       -0.300000000000         12.2069737056     
      259  -0.458994892051       -0.200000000000         12.2069737056     
      260  -0.458994892051       -0.100000000000         12.2069737056     

 
      261  -0.458994892051         0.00000000000         12.2069737056     
      262  -0.458994892051        0.100000000000         12.2069737056     
      263  -0.458994892051        0.200000000000         12.2069737056     
      264  -0.458994892051        0.300000000000         12.2069737056     
      265  -0.458994892051        0.400000000000         12.2069737056     
      266  -0.417285133257       -0.450000000000         12.2084706854     
      267  -0.417285133257       -0.400000000000         12.2084706854     
      268  -0.417285133257       -0.350000000000         12.2084706854     
      269  -0.417285133257       -0.300000000000         12.2084706854     
      270  -0.417285133257       -0.250000000000         12.2084706854     
      271  -0.417285133257       -0.200000000000         12.2084706854     
      272  -0.417285133257       -0.150000000000         12.2084706854     
      273  -0.417285133257       -0.100000000000         12.2084706854     
      274  -0.417285133257       -0.500000000000E-001    12.2084706854     
      275  -0.417285133257         0.00000000000         12.2084706854     
      276  -0.417285133257        0.500000000000E-001    12.2084706854     
      277  -0.417285133257        0.100000000000         12.2084706854     
      278  -0.417285133257        0.150000000000         12.2084706854     
      279  -0.417285133257        0.200000000000         12.2084706854     
      280  -0.417285133257        0.250000000000         12.2084706854     

 
      281  -0.417285133257        0.300000000000         12.2084706854     
      282  -0.417285133257        0.350000000000         12.2084706854     
      283  -0.417285133257        0.400000000000         12.2084706854     
      284  -0.417285133257        0.450000000000         12.2084706854     
      285  -0.375570503662       -0.400000000000         12.2098251485     
      286  -0.375570503662       -0.300000000000         12.2098251485     
      287  -0.375570503662       -0.200000000000         12.2098251485     
      288  -0.375570503662       -0.100000000000         12.2098251485     
      289  -0.375570503662         0.00000000000         12.2098251485     
      290  -0.375570503662        0.100000000000         12.2098251485     
      291  -0.375570503662        0.200000000000         12.2098251485     
      292  -0.375570503662        0.300000000000         12.2098251485     
      293  -0.375570503662        0.400000000000         12.2098251485     
      294  -0.333851490138       -0.450000000000         12.2110370789     
      295  -0.333851490138       -0.400000000000         12.2110370789     
      296  -0.333851490138       -0.350000000000         12.2110370789     
      297  -0.333851490138       -0.300000000000         12.2110370789     
      298  -0.333851490138       -0.250000000000         12.2110370789     
      299  -0.333851490138       -0.200000000000         12.2110370789     
      300  -0.333851490138       -0.150000000000         12.2110370789     

 
      301  -0.333851490138       -0.100000000000         12.2110370789     
      302  -0.333851490138       -0.500000000000E-001    12.2110370789     
      303  -0.333851490138         0.00000000000         12.2110370789     
      304  -0.333851490138        0.500000000000E-001    12.2110370789     
      305  -0.333851490138        0.100000000000         12.2110370789     
      306  -0.333851490138        0.150000000000         12.2110370789     
      307  -0.333851490138        0.200000000000         12.2110370789     
      308  -0.333851490138        0.250000000000         12.2110370789     
      309  -0.333851490138        0.300000000000         12.2110370789     
      310  -0.333851490138        0.350000000000         12.2110370789     
      311  -0.333851490138        0.400000000000         12.2110370789     
      312  -0.333851490138        0.450000000000         12.2110370789     
      313  -0.292128579609       -0.400000000000         12.2121064626     
      314  -0.292128579609       -0.300000000000         12.2121064626     
      315  -0.292128579609       -0.200000000000         12.2121064626     
      316  -0.292128579609       -0.100000000000         12.2121064626     
      317  -0.292128579609         0.00000000000         12.2121064626     
      318  -0.292128579609        0.100000000000         12.2121064626     
      319  -0.292128579609        0.200000000000         12.2121064626     
      320  -0.292128579609        0.300000000000         12.2121064626     

 
      321  -0.292128579609        0.400000000000         12.2121064626     
      322  -0.250402259047       -0.450000000000         12.2130332870     
      323  -0.250402259047       -0.400000000000         12.2130332870     
      324  -0.250402259047       -0.350000000000         12.2130332870     
      325  -0.250402259047       -0.300000000000         12.2130332870     
      326  -0.250402259047       -0.250000000000         12.2130332870     
      327  -0.250402259047       -0.200000000000         12.2130332870     
      328  -0.250402259047       -0.150000000000         12.2130332870     
      329  -0.250402259047       -0.100000000000         12.2130332870     
      330  -0.250402259047       -0.500000000000E-001    12.2130332870     
      331  -0.250402259047         0.00000000000         12.2130332870     
      332  -0.250402259047        0.500000000000E-001    12.2130332870     
      333  -0.250402259047        0.100000000000         12.2130332870     
      334  -0.250402259047        0.150000000000         12.2130332870     
      335  -0.250402259047        0.200000000000         12.2130332870     
      336  -0.250402259047        0.250000000000         12.2130332870     
      337  -0.250402259047        0.300000000000         12.2130332870     
      338  -0.250402259047        0.350000000000         12.2130332870     
      339  -0.250402259047        0.400000000000         12.2130332870     
      340  -0.250402259047        0.450000000000         12.2130332870     

 
      341  -0.208673015467       -0.400000000000         12.2138175413     
      342  -0.208673015467       -0.300000000000         12.2138175413     
      343  -0.208673015467       -0.200000000000         12.2138175413     
      344  -0.208673015467       -0.100000000000         12.2138175413     
      345  -0.208673015467         0.00000000000         12.2138175413     
      346  -0.208673015467        0.100000000000         12.2138175413     
      347  -0.208673015467        0.200000000000         12.2138175413     
      348  -0.208673015467        0.300000000000         12.2138175413     
      349  -0.208673015467        0.400000000000         12.2138175413     
      350  -0.166941335918       -0.450000000000         12.2144592165     
      351  -0.166941335918       -0.400000000000         12.2144592165     
      352  -0.166941335918       -0.350000000000         12.2144592165     
      353  -0.166941335918       -0.300000000000         12.2144592165     
      354  -0.166941335918       -0.250000000000         12.2144592165     
      355  -0.166941335918       -0.200000000000         12.2144592165     
      356  -0.166941335918       -0.150000000000         12.2144592165     
      357  -0.166941335918       -0.100000000000         12.2144592165     
      358  -0.166941335918       -0.500000000000E-001    12.2144592165     
      359  -0.166941335918         0.00000000000         12.2144592165     
      360  -0.166941335918        0.500000000000E-001    12.2144592165     

 
      361  -0.166941335918        0.100000000000         12.2144592165     
      362  -0.166941335918        0.150000000000         12.2144592165     
      363  -0.166941335918        0.200000000000         12.2144592165     
      364  -0.166941335918        0.250000000000         12.2144592165     
      365  -0.166941335918        0.300000000000         12.2144592165     
      366  -0.166941335918        0.350000000000         12.2144592165     
      367  -0.166941335918        0.400000000000         12.2144592165     
      368  -0.166941335918        0.450000000000         12.2144592165     
      369  -0.125207707483       -0.400000000000         12.2149583049     
      370  -0.125207707483       -0.300000000000         12.2149583049     
      371  -0.125207707483       -0.200000000000         12.2149583049     
      372  -0.125207707483       -0.100000000000         12.2149583049     
      373  -0.125207707483         0.00000000000         12.2149583049     
      374  -0.125207707483        0.100000000000         12.2149583049     
      375  -0.125207707483        0.200000000000         12.2149583049     
      376  -0.125207707483        0.300000000000         12.2149583049     
      377  -0.125207707483        0.400000000000         12.2149583049     
      378  -0.834726172657E-001  -0.450000000000         12.2153148008     
      379  -0.834726172657E-001  -0.400000000000         12.2153148008     
      380  -0.834726172657E-001  -0.350000000000         12.2153148008     

 
      381  -0.834726172657E-001  -0.300000000000         12.2153148008     
      382  -0.834726172657E-001  -0.250000000000         12.2153148008     
      383  -0.834726172657E-001  -0.200000000000         12.2153148008     
      384  -0.834726172657E-001  -0.150000000000         12.2153148008     
      385  -0.834726172657E-001  -0.100000000000         12.2153148008     
      386  -0.834726172657E-001  -0.500000000000E-001    12.2153148008     
      387  -0.834726172657E-001    0.00000000000         12.2153148008     
      388  -0.834726172657E-001   0.500000000000E-001    12.2153148008     
      389  -0.834726172657E-001   0.100000000000         12.2153148008     
      390  -0.834726172657E-001   0.150000000000         12.2153148008     
      391  -0.834726172657E-001   0.200000000000         12.2153148008     
      392  -0.834726172657E-001   0.250000000000         12.2153148008     
      393  -0.834726172657E-001   0.300000000000         12.2153148008     
      394  -0.834726172657E-001   0.350000000000         12.2153148008     
      395  -0.834726172657E-001   0.400000000000         12.2153148008     
      396  -0.834726172657E-001   0.450000000000         12.2153148008     
      397  -0.417365523919E-001  -0.400000000000         12.2155287000     
      398  -0.417365523919E-001  -0.300000000000         12.2155287000     
      399  -0.417365523919E-001  -0.200000000000         12.2155287000     
      400  -0.417365523919E-001  -0.100000000000         12.2155287000     

 
      401  -0.417365523919E-001    0.00000000000         12.2155287000     
      402  -0.417365523919E-001   0.100000000000         12.2155287000     
      403  -0.417365523919E-001   0.200000000000         12.2155287000     
      404  -0.417365523919E-001   0.300000000000         12.2155287000     
      405  -0.417365523919E-001   0.400000000000         12.2155287000     
      406   0.500699293232       -0.500000000000         12.2053342264     
      407   0.417365521652E-001  -0.500000000000         12.2155287000     
      408   0.834726170928E-001  -0.500000000000         12.2153148008     
      409   0.125207707582       -0.500000000000         12.2149583049     
      410   0.166941336441       -0.500000000000         12.2144592165     
      411   0.208673016495       -0.500000000000         12.2138175413     
      412   0.250402260586       -0.500000000000         12.2130332869     
      413   0.292128581585       -0.500000000000         12.2121064625     
      414   0.333851492395       -0.500000000000         12.2110370788     
      415   0.375570505956       -0.500000000000         12.2098251484     
      416   0.417285135252       -0.500000000000         12.2084706854     
      417   0.458994893315       -0.500000000000         12.2069737055     
      418   0.500699293232        0.500000000000         12.2053342264     
      419   0.500699293232       -0.450000000000         12.2053342264     
      420   0.500699293232       -0.400000000000         12.2053342264     

 
      421   0.500699293232       -0.350000000000         12.2053342264     
      422   0.500699293232       -0.300000000000         12.2053342264     
      423   0.500699293232       -0.250000000000         12.2053342264     
      424   0.500699293232       -0.200000000000         12.2053342264     
      425   0.500699293232       -0.150000000000         12.2053342264     
      426   0.500699293232       -0.100000000000         12.2053342264     
      427   0.500699293232       -0.500000000000E-001    12.2053342264     
      428   0.500699293232         0.00000000000         12.2053342264     
      429   0.500699293232        0.500000000000E-001    12.2053342264     
      430   0.500699293232        0.100000000000         12.2053342264     
      431   0.500699293232        0.150000000000         12.2053342264     
      432   0.500699293232        0.200000000000         12.2053342264     
      433   0.500699293232        0.250000000000         12.2053342264     
      434   0.500699293232        0.300000000000         12.2053342264     
      435   0.500699293232        0.350000000000         12.2053342264     
      436   0.500699293232        0.400000000000         12.2053342264     
      437   0.500699293232        0.450000000000         12.2053342264     
      438   0.417365521652E-001   0.500000000000         12.2155287000     
      439   0.834726170928E-001   0.500000000000         12.2153148008     
      440   0.125207707582        0.500000000000         12.2149583049     

 
      441   0.166941336441        0.500000000000         12.2144592165     
      442   0.208673016495        0.500000000000         12.2138175413     
      443   0.250402260586        0.500000000000         12.2130332869     
      444   0.292128581585        0.500000000000         12.2121064625     
      445   0.333851492395        0.500000000000         12.2110370788     
      446   0.375570505956        0.500000000000         12.2098251484     
      447   0.417285135252        0.500000000000         12.2084706854     
      448   0.458994893315        0.500000000000         12.2069737055     
      449   0.417365519463E-001  -0.400000000000         12.2155287000     
      450   0.417365519463E-001  -0.300000000000         12.2155287000     
      451   0.417365519463E-001  -0.200000000000         12.2155287000     
      452   0.417365519463E-001  -0.100000000000         12.2155287000     
      453   0.417365519463E-001    0.00000000000         12.2155287000     
      454   0.417365519463E-001   0.100000000000         12.2155287000     
      455   0.417365519463E-001   0.200000000000         12.2155287000     
      456   0.417365519463E-001   0.300000000000         12.2155287000     
      457   0.417365519463E-001   0.400000000000         12.2155287000     
      458   0.834726168937E-001  -0.450000000000         12.2153148008     
      459   0.834726168937E-001  -0.400000000000         12.2153148008     
      460   0.834726168937E-001  -0.350000000000         12.2153148008     

 
      461   0.834726168937E-001  -0.300000000000         12.2153148008     
      462   0.834726168937E-001  -0.250000000000         12.2153148008     
      463   0.834726168937E-001  -0.200000000000         12.2153148008     
      464   0.834726168937E-001  -0.150000000000         12.2153148008     
      465   0.834726168937E-001  -0.100000000000         12.2153148008     
      466   0.834726168937E-001  -0.500000000000E-001    12.2153148008     
      467   0.834726168937E-001    0.00000000000         12.2153148008     
      468   0.834726168937E-001   0.500000000000E-001    12.2153148008     
      469   0.834726168937E-001   0.100000000000         12.2153148008     
      470   0.834726168937E-001   0.150000000000         12.2153148008     
      471   0.834726168937E-001   0.200000000000         12.2153148008     
      472   0.834726168937E-001   0.250000000000         12.2153148008     
      473   0.834726168937E-001   0.300000000000         12.2153148008     
      474   0.834726168937E-001   0.350000000000         12.2153148008     
      475   0.834726168937E-001   0.400000000000         12.2153148008     
      476   0.834726168937E-001   0.450000000000         12.2153148008     
      477   0.125207707582       -0.400000000000         12.2149583049     
      478   0.125207707582       -0.300000000000         12.2149583049     
      479   0.125207707582       -0.200000000000         12.2149583049     
      480   0.125207707582       -0.100000000000         12.2149583049     

 
      481   0.125207707582         0.00000000000         12.2149583049     
      482   0.125207707582        0.100000000000         12.2149583049     
      483   0.125207707582        0.200000000000         12.2149583049     
      484   0.125207707582        0.300000000000         12.2149583049     
      485   0.125207707582        0.400000000000         12.2149583049     
      486   0.166941336760       -0.450000000000         12.2144592164     
      487   0.166941336760       -0.400000000000         12.2144592164     
      488   0.166941336760       -0.350000000000         12.2144592164     
      489   0.166941336760       -0.300000000000         12.2144592164     
      490   0.166941336760       -0.250000000000         12.2144592164     
      491   0.166941336760       -0.200000000000         12.2144592164     
      492   0.166941336760       -0.150000000000         12.2144592164     
      493   0.166941336760       -0.100000000000         12.2144592164     
      494   0.166941336760       -0.500000000000E-001    12.2144592164     
      495   0.166941336760         0.00000000000         12.2144592164     
      496   0.166941336760        0.500000000000E-001    12.2144592164     
      497   0.166941336760        0.100000000000         12.2144592164     
      498   0.166941336760        0.150000000000         12.2144592164     
      499   0.166941336760        0.200000000000         12.2144592164     
      500   0.166941336760        0.250000000000         12.2144592164     

 
      501   0.166941336760        0.300000000000         12.2144592164     
      502   0.166941336760        0.350000000000         12.2144592164     
      503   0.166941336760        0.400000000000         12.2144592164     
      504   0.166941336760        0.450000000000         12.2144592164     
      505   0.208673017191       -0.400000000000         12.2138175413     
      506   0.208673017191       -0.300000000000         12.2138175413     
      507   0.208673017191       -0.200000000000         12.2138175413     
      508   0.208673017191       -0.100000000000         12.2138175413     
      509   0.208673017191         0.00000000000         12.2138175413     
      510   0.208673017191        0.100000000000         12.2138175413     
      511   0.208673017191        0.200000000000         12.2138175413     
      512   0.208673017191        0.300000000000         12.2138175413     
      513   0.208673017191        0.400000000000         12.2138175413     
      514   0.250402261660       -0.450000000000         12.2130332869     
      515   0.250402261660       -0.400000000000         12.2130332869     
      516   0.250402261660       -0.350000000000         12.2130332869     
      517   0.250402261660       -0.300000000000         12.2130332869     
      518   0.250402261660       -0.250000000000         12.2130332869     
      519   0.250402261660       -0.200000000000         12.2130332869     
      520   0.250402261660       -0.150000000000         12.2130332869     

 
      521   0.250402261660       -0.100000000000         12.2130332869     
      522   0.250402261660       -0.500000000000E-001    12.2130332869     
      523   0.250402261660         0.00000000000         12.2130332869     
      524   0.250402261660        0.500000000000E-001    12.2130332869     
      525   0.250402261660        0.100000000000         12.2130332869     
      526   0.250402261660        0.150000000000         12.2130332869     
      527   0.250402261660        0.200000000000         12.2130332869     
      528   0.250402261660        0.250000000000         12.2130332869     
      529   0.250402261660        0.300000000000         12.2130332869     
      530   0.250402261660        0.350000000000         12.2130332869     
      531   0.250402261660        0.400000000000         12.2130332869     
      532   0.250402261660        0.450000000000         12.2130332869     
      533   0.292128582978       -0.400000000000         12.2121064625     
      534   0.292128582978       -0.300000000000         12.2121064625     
      535   0.292128582978       -0.200000000000         12.2121064625     
      536   0.292128582978       -0.100000000000         12.2121064625     
      537   0.292128582978         0.00000000000         12.2121064625     
      538   0.292128582978        0.100000000000         12.2121064625     
      539   0.292128582978        0.200000000000         12.2121064625     
      540   0.292128582978        0.300000000000         12.2121064625     

 
      541   0.292128582978        0.400000000000         12.2121064625     
      542   0.333851493987       -0.450000000000         12.2110370788     
      543   0.333851493987       -0.400000000000         12.2110370788     
      544   0.333851493987       -0.350000000000         12.2110370788     
      545   0.333851493987       -0.300000000000         12.2110370788     
      546   0.333851493987       -0.250000000000         12.2110370788     
      547   0.333851493987       -0.200000000000         12.2110370788     
      548   0.333851493987       -0.150000000000         12.2110370788     
      549   0.333851493987       -0.100000000000         12.2110370788     
      550   0.333851493987       -0.500000000000E-001    12.2110370788     
      551   0.333851493987         0.00000000000         12.2110370788     
      552   0.333851493987        0.500000000000E-001    12.2110370788     
      553   0.333851493987        0.100000000000         12.2110370788     
      554   0.333851493987        0.150000000000         12.2110370788     
      555   0.333851493987        0.200000000000         12.2110370788     
      556   0.333851493987        0.250000000000         12.2110370788     
      557   0.333851493987        0.300000000000         12.2110370788     
      558   0.333851493987        0.350000000000         12.2110370788     
      559   0.333851493987        0.400000000000         12.2110370788     
      560   0.333851493987        0.450000000000         12.2110370788     

 
      561   0.375570507568       -0.400000000000         12.2098251484     
      562   0.375570507568       -0.300000000000         12.2098251484     
      563   0.375570507568       -0.200000000000         12.2098251484     
      564   0.375570507568       -0.100000000000         12.2098251484     
      565   0.375570507568         0.00000000000         12.2098251484     
      566   0.375570507568        0.100000000000         12.2098251484     
      567   0.375570507568        0.200000000000         12.2098251484     
      568   0.375570507568        0.300000000000         12.2098251484     
      569   0.375570507568        0.400000000000         12.2098251484     
      570   0.417285136645       -0.450000000000         12.2084706853     
      571   0.417285136645       -0.400000000000         12.2084706853     
      572   0.417285136645       -0.350000000000         12.2084706853     
      573   0.417285136645       -0.300000000000         12.2084706853     
      574   0.417285136645       -0.250000000000         12.2084706853     
      575   0.417285136645       -0.200000000000         12.2084706853     
      576   0.417285136645       -0.150000000000         12.2084706853     
      577   0.417285136645       -0.100000000000         12.2084706853     
      578   0.417285136645       -0.500000000000E-001    12.2084706853     
      579   0.417285136645         0.00000000000         12.2084706853     
      580   0.417285136645        0.500000000000E-001    12.2084706853     

 
      581   0.417285136645        0.100000000000         12.2084706853     
      582   0.417285136645        0.150000000000         12.2084706853     
      583   0.417285136645        0.200000000000         12.2084706853     
      584   0.417285136645        0.250000000000         12.2084706853     
      585   0.417285136645        0.300000000000         12.2084706853     
      586   0.417285136645        0.350000000000         12.2084706853     
      587   0.417285136645        0.400000000000         12.2084706853     
      588   0.417285136645        0.450000000000         12.2084706853     
      589   0.458994894190       -0.400000000000         12.2069737055     
      590   0.458994894190       -0.300000000000         12.2069737055     
      591   0.458994894190       -0.200000000000         12.2069737055     
      592   0.458994894190       -0.100000000000         12.2069737055     
      593   0.458994894190         0.00000000000         12.2069737055     
      594   0.458994894190        0.100000000000         12.2069737055     
      595   0.458994894190        0.200000000000         12.2069737055     
      596   0.458994894190        0.300000000000         12.2069737055     
      597   0.458994894190        0.400000000000         12.2069737055     
      598    1.00055702885       -0.500000000000         12.1745541599     
      599   0.542397848257       -0.500000000000         12.2035522670     
      600   0.584090071525       -0.500000000000         12.2016278483     

 
      601   0.625775476347       -0.500000000000         12.1995609926     
      602   0.667453576112       -0.500000000000         12.1973517242     
      603   0.709123884290       -0.500000000000         12.1950000687     
      604   0.750785914444       -0.500000000000         12.1925060537     
      605   0.792439180227       -0.500000000000         12.1898697083     
      606   0.834083195396       -0.500000000000         12.1870910632     
      607   0.875717473810       -0.500000000000         12.1841701509     
      608   0.917341529444       -0.500000000000         12.1811070055     
      609   0.958954876386       -0.500000000000         12.1779016626     
      610    1.00055702885        0.500000000000         12.1745541599     
      611    1.00055702885       -0.450000000000         12.1745541599     
      612    1.00055702885       -0.400000000000         12.1745541599     
      613    1.00055702885       -0.350000000000         12.1745541599     
      614    1.00055702885       -0.300000000000         12.1745541599     
      615    1.00055702885       -0.250000000000         12.1745541599     
      616    1.00055702885       -0.200000000000         12.1745541599     
      617    1.00055702885       -0.150000000000         12.1745541599     
      618    1.00055702885       -0.100000000000         12.1745541599     
      619    1.00055702885       -0.500000000000E-001    12.1745541599     
      620    1.00055702885         0.00000000000         12.1745541599     

 
      621    1.00055702885        0.500000000000E-001    12.1745541599     
      622    1.00055702885        0.100000000000         12.1745541599     
      623    1.00055702885        0.150000000000         12.1745541599     
      624    1.00055702885        0.200000000000         12.1745541599     
      625    1.00055702885        0.250000000000         12.1745541599     
      626    1.00055702885        0.300000000000         12.1745541599     
      627    1.00055702885        0.350000000000         12.1745541599     
      628    1.00055702885        0.400000000000         12.1745541599     
      629    1.00055702885        0.450000000000         12.1745541599     
      630   0.542397848257        0.500000000000         12.2035522670     
      631   0.584090071525        0.500000000000         12.2016278483     
      632   0.625775476347        0.500000000000         12.1995609926     
      633   0.667453576112        0.500000000000         12.1973517242     
      634   0.709123884290        0.500000000000         12.1950000687     
      635   0.750785914444        0.500000000000         12.1925060537     
      636   0.792439180227        0.500000000000         12.1898697083     
      637   0.834083195396        0.500000000000         12.1870910632     
      638   0.875717473810        0.500000000000         12.1841701509     
      639   0.917341529444        0.500000000000         12.1811070055     
      640   0.958954876386        0.500000000000         12.1779016626     

 
      641   0.542397848079       -0.400000000000         12.2035522670     
      642   0.542397848079       -0.300000000000         12.2035522670     
      643   0.542397848079       -0.200000000000         12.2035522670     
      644   0.542397848079       -0.100000000000         12.2035522670     
      645   0.542397848079         0.00000000000         12.2035522670     
      646   0.542397848079        0.100000000000         12.2035522670     
      647   0.542397848079        0.200000000000         12.2035522670     
      648   0.542397848079        0.300000000000         12.2035522670     
      649   0.542397848079        0.400000000000         12.2035522670     
      650   0.584090071251       -0.450000000000         12.2016278483     
      651   0.584090071251       -0.400000000000         12.2016278483     
      652   0.584090071251       -0.350000000000         12.2016278483     
      653   0.584090071251       -0.300000000000         12.2016278483     
      654   0.584090071251       -0.250000000000         12.2016278483     
      655   0.584090071251       -0.200000000000         12.2016278483     
      656   0.584090071251       -0.150000000000         12.2016278483     
      657   0.584090071251       -0.100000000000         12.2016278483     
      658   0.584090071251       -0.500000000000E-001    12.2016278483     
      659   0.584090071251         0.00000000000         12.2016278483     
      660   0.584090071251        0.500000000000E-001    12.2016278483     

 
      661   0.584090071251        0.100000000000         12.2016278483     
      662   0.584090071251        0.150000000000         12.2016278483     
      663   0.584090071251        0.200000000000         12.2016278483     
      664   0.584090071251        0.250000000000         12.2016278483     
      665   0.584090071251        0.300000000000         12.2016278483     
      666   0.584090071251        0.350000000000         12.2016278483     
      667   0.584090071251        0.400000000000         12.2016278483     
      668   0.584090071251        0.450000000000         12.2016278483     
      669   0.625775476043       -0.400000000000         12.1995609927     
      670   0.625775476043       -0.300000000000         12.1995609927     
      671   0.625775476043       -0.200000000000         12.1995609927     
      672   0.625775476043       -0.100000000000         12.1995609927     
      673   0.625775476043         0.00000000000         12.1995609927     
      674   0.625775476043        0.100000000000         12.1995609927     
      675   0.625775476043        0.200000000000         12.1995609927     
      676   0.625775476043        0.300000000000         12.1995609927     
      677   0.625775476043        0.400000000000         12.1995609927     
      678   0.667453575830       -0.450000000000         12.1973517242     
      679   0.667453575830       -0.400000000000         12.1973517242     
      680   0.667453575830       -0.350000000000         12.1973517242     

 
      681   0.667453575830       -0.300000000000         12.1973517242     
      682   0.667453575830       -0.250000000000         12.1973517242     
      683   0.667453575830       -0.200000000000         12.1973517242     
      684   0.667453575830       -0.150000000000         12.1973517242     
      685   0.667453575830       -0.100000000000         12.1973517242     
      686   0.667453575830       -0.500000000000E-001    12.1973517242     
      687   0.667453575830         0.00000000000         12.1973517242     
      688   0.667453575830        0.500000000000E-001    12.1973517242     
      689   0.667453575830        0.100000000000         12.1973517242     
      690   0.667453575830        0.150000000000         12.1973517242     
      691   0.667453575830        0.200000000000         12.1973517242     
      692   0.667453575830        0.250000000000         12.1973517242     
      693   0.667453575830        0.300000000000         12.1973517242     
      694   0.667453575830        0.350000000000         12.1973517242     
      695   0.667453575830        0.400000000000         12.1973517242     
      696   0.667453575830        0.450000000000         12.1973517242     
      697   0.709123884068       -0.400000000000         12.1950000688     
      698   0.709123884068       -0.300000000000         12.1950000688     
      699   0.709123884068       -0.200000000000         12.1950000688     
      700   0.709123884068       -0.100000000000         12.1950000688     

 
      701   0.709123884068         0.00000000000         12.1950000688     
      702   0.709123884068        0.100000000000         12.1950000688     
      703   0.709123884068        0.200000000000         12.1950000688     
      704   0.709123884068        0.300000000000         12.1950000688     
      705   0.709123884068        0.400000000000         12.1950000688     
      706   0.750785914303       -0.450000000000         12.1925060538     
      707   0.750785914303       -0.400000000000         12.1925060538     
      708   0.750785914303       -0.350000000000         12.1925060538     
      709   0.750785914303       -0.300000000000         12.1925060538     
      710   0.750785914303       -0.250000000000         12.1925060538     
      711   0.750785914303       -0.200000000000         12.1925060538     
      712   0.750785914303       -0.150000000000         12.1925060538     
      713   0.750785914303       -0.100000000000         12.1925060538     
      714   0.750785914303       -0.500000000000E-001    12.1925060538     
      715   0.750785914303         0.00000000000         12.1925060538     
      716   0.750785914303        0.500000000000E-001    12.1925060538     
      717   0.750785914303        0.100000000000         12.1925060538     
      718   0.750785914303        0.150000000000         12.1925060538     
      719   0.750785914303        0.200000000000         12.1925060538     
      720   0.750785914303        0.250000000000         12.1925060538     

 
      721   0.750785914303        0.300000000000         12.1925060538     
      722   0.750785914303        0.350000000000         12.1925060538     
      723   0.750785914303        0.400000000000         12.1925060538     
      724   0.750785914303        0.450000000000         12.1925060538     
      725   0.792439180176       -0.400000000000         12.1898697083     
      726   0.792439180176       -0.300000000000         12.1898697083     
      727   0.792439180176       -0.200000000000         12.1898697083     
      728   0.792439180176       -0.100000000000         12.1898697083     
      729   0.792439180176         0.00000000000         12.1898697083     
      730   0.792439180176        0.100000000000         12.1898697083     
      731   0.792439180176        0.200000000000         12.1898697083     
      732   0.792439180176        0.300000000000         12.1898697083     
      733   0.792439180176        0.400000000000         12.1898697083     
      734   0.834083195428       -0.450000000000         12.1870910632     
      735   0.834083195428       -0.400000000000         12.1870910632     
      736   0.834083195428       -0.350000000000         12.1870910632     
      737   0.834083195428       -0.300000000000         12.1870910632     
      738   0.834083195428       -0.250000000000         12.1870910632     
      739   0.834083195428       -0.200000000000         12.1870910632     
      740   0.834083195428       -0.150000000000         12.1870910632     

 
      741   0.834083195428       -0.100000000000         12.1870910632     
      742   0.834083195428       -0.500000000000E-001    12.1870910632     
      743   0.834083195428         0.00000000000         12.1870910632     
      744   0.834083195428        0.500000000000E-001    12.1870910632     
      745   0.834083195428        0.100000000000         12.1870910632     
      746   0.834083195428        0.150000000000         12.1870910632     
      747   0.834083195428        0.200000000000         12.1870910632     
      748   0.834083195428        0.250000000000         12.1870910632     
      749   0.834083195428        0.300000000000         12.1870910632     
      750   0.834083195428        0.350000000000         12.1870910632     
      751   0.834083195428        0.400000000000         12.1870910632     
      752   0.834083195428        0.450000000000         12.1870910632     
      753   0.875717473904       -0.400000000000         12.1841701509     
      754   0.875717473904       -0.300000000000         12.1841701509     
      755   0.875717473904       -0.200000000000         12.1841701509     
      756   0.875717473904       -0.100000000000         12.1841701509     
      757   0.875717473904         0.00000000000         12.1841701509     
      758   0.875717473904        0.100000000000         12.1841701509     
      759   0.875717473904        0.200000000000         12.1841701509     
      760   0.875717473904        0.300000000000         12.1841701509     

 
      761   0.875717473904        0.400000000000         12.1841701509     
      762   0.917341529562       -0.450000000000         12.1811070055     
      763   0.917341529562       -0.400000000000         12.1811070055     
      764   0.917341529562       -0.350000000000         12.1811070055     
      765   0.917341529562       -0.300000000000         12.1811070055     
      766   0.917341529562       -0.250000000000         12.1811070055     
      767   0.917341529562       -0.200000000000         12.1811070055     
      768   0.917341529562       -0.150000000000         12.1811070055     
      769   0.917341529562       -0.100000000000         12.1811070055     
      770   0.917341529562       -0.500000000000E-001    12.1811070055     
      771   0.917341529562         0.00000000000         12.1811070055     
      772   0.917341529562        0.500000000000E-001    12.1811070055     
      773   0.917341529562        0.100000000000         12.1811070055     
      774   0.917341529562        0.150000000000         12.1811070055     
      775   0.917341529562        0.200000000000         12.1811070055     
      776   0.917341529562        0.250000000000         12.1811070055     
      777   0.917341529562        0.300000000000         12.1811070055     
      778   0.917341529562        0.350000000000         12.1811070055     
      779   0.917341529562        0.400000000000         12.1811070055     
      780   0.917341529562        0.450000000000         12.1811070055     

 
      781   0.958954876478       -0.400000000000         12.1779016626     
      782   0.958954876478       -0.300000000000         12.1779016626     
      783   0.958954876478       -0.200000000000         12.1779016626     
      784   0.958954876478       -0.100000000000         12.1779016626     
      785   0.958954876478         0.00000000000         12.1779016626     
      786   0.958954876478        0.100000000000         12.1779016626     
      787   0.958954876478        0.200000000000         12.1779016626     
      788   0.958954876478        0.300000000000         12.1779016626     
      789   0.958954876478        0.400000000000         12.1779016626     

