
 
        1  -0.999566522498       -0.500000000000         12.5150461756     
        2  -0.500180357526       -0.500000000000         12.5449325873     
        3  -0.958000704774       -0.500000000000         12.5182965558     
        4  -0.916424322312       -0.500000000000         12.5214088852     
        5  -0.874837833602       -0.500000000000         12.5243831295     
        6  -0.833241697252       -0.500000000000         12.5272192558     
        7  -0.791636371977       -0.500000000000         12.5299172329     
        8  -0.750022316592       -0.500000000000         12.5324770311     
        9  -0.708399990015       -0.500000000000         12.5348986220     
       10  -0.666769851254       -0.500000000000         12.5371819790     
       11  -0.625132359407       -0.500000000000         12.5393270770     
       12  -0.583487973652       -0.500000000000         12.5413338922     
       13  -0.541837153248       -0.500000000000         12.5432024025     
       14  -0.500180357526        0.500000000000         12.5449325873     
       15  -0.500180357526       -0.450000000000         12.5449325873     
       16  -0.500180357526       -0.400000000000         12.5449325873     
       17  -0.500180357526       -0.350000000000         12.5449325873     
       18  -0.500180357526       -0.300000000000         12.5449325873     
       19  -0.500180357526       -0.250000000000         12.5449325873     
       20  -0.500180357526       -0.200000000000         12.5449325873     

 
       21  -0.500180357526       -0.150000000000         12.5449325873     
       22  -0.500180357526       -0.100000000000         12.5449325873     
       23  -0.500180357526       -0.500000000000E-001    12.5449325873     
       24  -0.500180357526         0.00000000000         12.5449325873     
       25  -0.500180357526        0.500000000000E-001    12.5449325873     
       26  -0.500180357526        0.100000000000         12.5449325873     
       27  -0.500180357526        0.150000000000         12.5449325873     
       28  -0.500180357526        0.200000000000         12.5449325873     
       29  -0.500180357526        0.250000000000         12.5449325873     
       30  -0.500180357526        0.300000000000         12.5449325873     
       31  -0.500180357526        0.350000000000         12.5449325873     
       32  -0.500180357526        0.400000000000         12.5449325873     
       33  -0.500180357526        0.450000000000         12.5449325873     
       34  -0.999566522498        0.500000000000         12.5150461756     
       35  -0.958000704774        0.500000000000         12.5182965558     
       36  -0.916424322312        0.500000000000         12.5214088852     
       37  -0.874837833602        0.500000000000         12.5243831295     
       38  -0.833241697252        0.500000000000         12.5272192558     
       39  -0.791636371977        0.500000000000         12.5299172329     
       40  -0.750022316592        0.500000000000         12.5324770311     

 
       41  -0.708399990015        0.500000000000         12.5348986220     
       42  -0.666769851254        0.500000000000         12.5371819790     
       43  -0.625132359407        0.500000000000         12.5393270770     
       44  -0.583487973652        0.500000000000         12.5413338922     
       45  -0.541837153248        0.500000000000         12.5432024025     
       46  -0.999566522498       -0.450000000000         12.5150461756     
       47  -0.999566522498       -0.400000000000         12.5150461756     
       48  -0.999566522498       -0.350000000000         12.5150461756     
       49  -0.999566522498       -0.300000000000         12.5150461756     
       50  -0.999566522498       -0.250000000000         12.5150461756     
       51  -0.999566522498       -0.200000000000         12.5150461756     
       52  -0.999566522498       -0.150000000000         12.5150461756     
       53  -0.999566522498       -0.100000000000         12.5150461756     
       54  -0.999566522498       -0.500000000000E-001    12.5150461756     
       55  -0.999566522498         0.00000000000         12.5150461756     
       56  -0.999566522498        0.500000000000E-001    12.5150461756     
       57  -0.999566522498        0.100000000000         12.5150461756     
       58  -0.999566522498        0.150000000000         12.5150461756     
       59  -0.999566522498        0.200000000000         12.5150461756     
       60  -0.999566522498        0.250000000000         12.5150461756     

 
       61  -0.999566522498        0.300000000000         12.5150461756     
       62  -0.999566522498        0.350000000000         12.5150461756     
       63  -0.999566522498        0.400000000000         12.5150461756     
       64  -0.999566522498        0.450000000000         12.5150461756     
       65  -0.958000704664       -0.400000000000         12.5182965558     
       66  -0.958000704664       -0.300000000000         12.5182965558     
       67  -0.958000704664       -0.200000000000         12.5182965558     
       68  -0.958000704664       -0.100000000000         12.5182965558     
       69  -0.958000704664         0.00000000000         12.5182965558     
       70  -0.958000704664        0.100000000000         12.5182965558     
       71  -0.958000704664        0.200000000000         12.5182965558     
       72  -0.958000704664        0.300000000000         12.5182965558     
       73  -0.958000704664        0.400000000000         12.5182965558     
       74  -0.916424322235       -0.450000000000         12.5214088853     
       75  -0.916424322235       -0.400000000000         12.5214088853     
       76  -0.916424322235       -0.350000000000         12.5214088853     
       77  -0.916424322235       -0.300000000000         12.5214088853     
       78  -0.916424322235       -0.250000000000         12.5214088853     
       79  -0.916424322235       -0.200000000000         12.5214088853     
       80  -0.916424322235       -0.150000000000         12.5214088853     

 
       81  -0.916424322235       -0.100000000000         12.5214088853     
       82  -0.916424322235       -0.500000000000E-001    12.5214088853     
       83  -0.916424322235         0.00000000000         12.5214088853     
       84  -0.916424322235        0.500000000000E-001    12.5214088853     
       85  -0.916424322235        0.100000000000         12.5214088853     
       86  -0.916424322235        0.150000000000         12.5214088853     
       87  -0.916424322235        0.200000000000         12.5214088853     
       88  -0.916424322235        0.250000000000         12.5214088853     
       89  -0.916424322235        0.300000000000         12.5214088853     
       90  -0.916424322235        0.350000000000         12.5214088853     
       91  -0.916424322235        0.400000000000         12.5214088853     
       92  -0.916424322235        0.450000000000         12.5214088853     
       93  -0.874837833666       -0.400000000000         12.5243831295     
       94  -0.874837833666       -0.300000000000         12.5243831295     
       95  -0.874837833666       -0.200000000000         12.5243831295     
       96  -0.874837833666       -0.100000000000         12.5243831295     
       97  -0.874837833666         0.00000000000         12.5243831295     
       98  -0.874837833666        0.100000000000         12.5243831295     
       99  -0.874837833666        0.200000000000         12.5243831295     
      100  -0.874837833666        0.300000000000         12.5243831295     

 
      101  -0.874837833666        0.400000000000         12.5243831295     
      102  -0.833241697525       -0.450000000000         12.5272192558     
      103  -0.833241697525       -0.400000000000         12.5272192558     
      104  -0.833241697525       -0.350000000000         12.5272192558     
      105  -0.833241697525       -0.300000000000         12.5272192558     
      106  -0.833241697525       -0.250000000000         12.5272192558     
      107  -0.833241697525       -0.200000000000         12.5272192558     
      108  -0.833241697525       -0.150000000000         12.5272192558     
      109  -0.833241697525       -0.100000000000         12.5272192558     
      110  -0.833241697525       -0.500000000000E-001    12.5272192558     
      111  -0.833241697525         0.00000000000         12.5272192558     
      112  -0.833241697525        0.500000000000E-001    12.5272192558     
      113  -0.833241697525        0.100000000000         12.5272192558     
      114  -0.833241697525        0.150000000000         12.5272192558     
      115  -0.833241697525        0.200000000000         12.5272192558     
      116  -0.833241697525        0.250000000000         12.5272192558     
      117  -0.833241697525        0.300000000000         12.5272192558     
      118  -0.833241697525        0.350000000000         12.5272192558     
      119  -0.833241697525        0.400000000000         12.5272192558     
      120  -0.833241697525        0.450000000000         12.5272192558     

 
      121  -0.791636372491       -0.400000000000         12.5299172329     
      122  -0.791636372491       -0.300000000000         12.5299172329     
      123  -0.791636372491       -0.200000000000         12.5299172329     
      124  -0.791636372491       -0.100000000000         12.5299172329     
      125  -0.791636372491         0.00000000000         12.5299172329     
      126  -0.791636372491        0.100000000000         12.5299172329     
      127  -0.791636372491        0.200000000000         12.5299172329     
      128  -0.791636372491        0.300000000000         12.5299172329     
      129  -0.791636372491        0.400000000000         12.5299172329     
      130  -0.750022317344       -0.450000000000         12.5324770310     
      131  -0.750022317344       -0.400000000000         12.5324770310     
      132  -0.750022317344       -0.350000000000         12.5324770310     
      133  -0.750022317344       -0.300000000000         12.5324770310     
      134  -0.750022317344       -0.250000000000         12.5324770310     
      135  -0.750022317344       -0.200000000000         12.5324770310     
      136  -0.750022317344       -0.150000000000         12.5324770310     
      137  -0.750022317344       -0.100000000000         12.5324770310     
      138  -0.750022317344       -0.500000000000E-001    12.5324770310     
      139  -0.750022317344         0.00000000000         12.5324770310     
      140  -0.750022317344        0.500000000000E-001    12.5324770310     

 
      141  -0.750022317344        0.100000000000         12.5324770310     
      142  -0.750022317344        0.150000000000         12.5324770310     
      143  -0.750022317344        0.200000000000         12.5324770310     
      144  -0.750022317344        0.250000000000         12.5324770310     
      145  -0.750022317344        0.300000000000         12.5324770310     
      146  -0.750022317344        0.350000000000         12.5324770310     
      147  -0.750022317344        0.400000000000         12.5324770310     
      148  -0.750022317344        0.450000000000         12.5324770310     
      149  -0.708399990962       -0.400000000000         12.5348986220     
      150  -0.708399990962       -0.300000000000         12.5348986220     
      151  -0.708399990962       -0.200000000000         12.5348986220     
      152  -0.708399990962       -0.100000000000         12.5348986220     
      153  -0.708399990962         0.00000000000         12.5348986220     
      154  -0.708399990962        0.100000000000         12.5348986220     
      155  -0.708399990962        0.200000000000         12.5348986220     
      156  -0.708399990962        0.300000000000         12.5348986220     
      157  -0.708399990962        0.400000000000         12.5348986220     
      158  -0.666769852318       -0.450000000000         12.5371819790     
      159  -0.666769852318       -0.400000000000         12.5371819790     
      160  -0.666769852318       -0.350000000000         12.5371819790     

 
      161  -0.666769852318       -0.300000000000         12.5371819790     
      162  -0.666769852318       -0.250000000000         12.5371819790     
      163  -0.666769852318       -0.200000000000         12.5371819790     
      164  -0.666769852318       -0.150000000000         12.5371819790     
      165  -0.666769852318       -0.100000000000         12.5371819790     
      166  -0.666769852318       -0.500000000000E-001    12.5371819790     
      167  -0.666769852318         0.00000000000         12.5371819790     
      168  -0.666769852318        0.500000000000E-001    12.5371819790     
      169  -0.666769852318        0.100000000000         12.5371819790     
      170  -0.666769852318        0.150000000000         12.5371819790     
      171  -0.666769852318        0.200000000000         12.5371819790     
      172  -0.666769852318        0.250000000000         12.5371819790     
      173  -0.666769852318        0.300000000000         12.5371819790     
      174  -0.666769852318        0.350000000000         12.5371819790     
      175  -0.666769852318        0.400000000000         12.5371819790     
      176  -0.666769852318        0.450000000000         12.5371819790     
      177  -0.625132360471       -0.400000000000         12.5393270769     
      178  -0.625132360471       -0.300000000000         12.5393270769     
      179  -0.625132360471       -0.200000000000         12.5393270769     
      180  -0.625132360471       -0.100000000000         12.5393270769     

 
      181  -0.625132360471         0.00000000000         12.5393270769     
      182  -0.625132360471        0.100000000000         12.5393270769     
      183  -0.625132360471        0.200000000000         12.5393270769     
      184  -0.625132360471        0.300000000000         12.5393270769     
      185  -0.625132360471        0.400000000000         12.5393270769     
      186  -0.583487974564       -0.450000000000         12.5413338921     
      187  -0.583487974564       -0.400000000000         12.5413338921     
      188  -0.583487974564       -0.350000000000         12.5413338921     
      189  -0.583487974564       -0.300000000000         12.5413338921     
      190  -0.583487974564       -0.250000000000         12.5413338921     
      191  -0.583487974564       -0.200000000000         12.5413338921     
      192  -0.583487974564       -0.150000000000         12.5413338921     
      193  -0.583487974564       -0.100000000000         12.5413338921     
      194  -0.583487974564       -0.500000000000E-001    12.5413338921     
      195  -0.583487974564         0.00000000000         12.5413338921     
      196  -0.583487974564        0.500000000000E-001    12.5413338921     
      197  -0.583487974564        0.100000000000         12.5413338921     
      198  -0.583487974564        0.150000000000         12.5413338921     
      199  -0.583487974564        0.200000000000         12.5413338921     
      200  -0.583487974564        0.250000000000         12.5413338921     

 
      201  -0.583487974564        0.300000000000         12.5413338921     
      202  -0.583487974564        0.350000000000         12.5413338921     
      203  -0.583487974564        0.400000000000         12.5413338921     
      204  -0.583487974564        0.450000000000         12.5413338921     
      205  -0.541837153818       -0.400000000000         12.5432024024     
      206  -0.541837153818       -0.300000000000         12.5432024024     
      207  -0.541837153818       -0.200000000000         12.5432024024     
      208  -0.541837153818       -0.100000000000         12.5432024024     
      209  -0.541837153818         0.00000000000         12.5432024024     
      210  -0.541837153818        0.100000000000         12.5432024024     
      211  -0.541837153818        0.200000000000         12.5432024024     
      212  -0.541837153818        0.300000000000         12.5432024024     
      213  -0.541837153818        0.400000000000         12.5432024024     
      214    0.00000000000       -0.500000000000         12.5549000000     
      215  -0.458518045789       -0.500000000000         12.5465244276     
      216  -0.416850677569       -0.500000000000         12.5479779057     
      217  -0.375178712363       -0.500000000000         12.5492930057     
      218  -0.333502609720       -0.500000000000         12.5504697131     
      219  -0.291822829235       -0.500000000000         12.5515080148     
      220  -0.250139830547       -0.500000000000         12.5524078995     

 
      221  -0.208454073332       -0.500000000000         12.5531693572     
      222  -0.166766017299       -0.500000000000         12.5537923794     
      223  -0.125076122184       -0.500000000000         12.5542769594     
      224  -0.833848477432E-001  -0.500000000000         12.5546230918     
      225  -0.416926537530E-001  -0.500000000000         12.5548307728     
      226    0.00000000000        0.500000000000         12.5549000000     
      227    0.00000000000       -0.450000000000         12.5549000000     
      228    0.00000000000       -0.400000000000         12.5549000000     
      229    0.00000000000       -0.350000000000         12.5549000000     
      230    0.00000000000       -0.300000000000         12.5549000000     
      231    0.00000000000       -0.250000000000         12.5549000000     
      232    0.00000000000       -0.200000000000         12.5549000000     
      233    0.00000000000       -0.150000000000         12.5549000000     
      234    0.00000000000       -0.100000000000         12.5549000000     
      235    0.00000000000       -0.500000000000E-001    12.5549000000     
      236    0.00000000000         0.00000000000         12.5549000000     
      237    0.00000000000        0.500000000000E-001    12.5549000000     
      238    0.00000000000        0.100000000000         12.5549000000     
      239    0.00000000000        0.150000000000         12.5549000000     
      240    0.00000000000        0.200000000000         12.5549000000     

 
      241    0.00000000000        0.250000000000         12.5549000000     
      242    0.00000000000        0.300000000000         12.5549000000     
      243    0.00000000000        0.350000000000         12.5549000000     
      244    0.00000000000        0.400000000000         12.5549000000     
      245    0.00000000000        0.450000000000         12.5549000000     
      246  -0.458518045789        0.500000000000         12.5465244276     
      247  -0.416850677569        0.500000000000         12.5479779057     
      248  -0.375178712363        0.500000000000         12.5492930057     
      249  -0.333502609720        0.500000000000         12.5504697131     
      250  -0.291822829235        0.500000000000         12.5515080148     
      251  -0.250139830547        0.500000000000         12.5524078995     
      252  -0.208454073332        0.500000000000         12.5531693572     
      253  -0.166766017299        0.500000000000         12.5537923794     
      254  -0.125076122184        0.500000000000         12.5542769594     
      255  -0.833848477432E-001   0.500000000000         12.5546230918     
      256  -0.416926537530E-001   0.500000000000         12.5548307728     
      257  -0.458518046367       -0.400000000000         12.5465244276     
      258  -0.458518046367       -0.300000000000         12.5465244276     
      259  -0.458518046367       -0.200000000000         12.5465244276     
      260  -0.458518046367       -0.100000000000         12.5465244276     

 
      261  -0.458518046367         0.00000000000         12.5465244276     
      262  -0.458518046367        0.100000000000         12.5465244276     
      263  -0.458518046367        0.200000000000         12.5465244276     
      264  -0.458518046367        0.300000000000         12.5465244276     
      265  -0.458518046367        0.400000000000         12.5465244276     
      266  -0.416850678490       -0.450000000000         12.5479779057     
      267  -0.416850678490       -0.400000000000         12.5479779057     
      268  -0.416850678490       -0.350000000000         12.5479779057     
      269  -0.416850678490       -0.300000000000         12.5479779057     
      270  -0.416850678490       -0.250000000000         12.5479779057     
      271  -0.416850678490       -0.200000000000         12.5479779057     
      272  -0.416850678490       -0.150000000000         12.5479779057     
      273  -0.416850678490       -0.100000000000         12.5479779057     
      274  -0.416850678490       -0.500000000000E-001    12.5479779057     
      275  -0.416850678490         0.00000000000         12.5479779057     
      276  -0.416850678490        0.500000000000E-001    12.5479779057     
      277  -0.416850678490        0.100000000000         12.5479779057     
      278  -0.416850678490        0.150000000000         12.5479779057     
      279  -0.416850678490        0.200000000000         12.5479779057     
      280  -0.416850678490        0.250000000000         12.5479779057     

 
      281  -0.416850678490        0.300000000000         12.5479779057     
      282  -0.416850678490        0.350000000000         12.5479779057     
      283  -0.416850678490        0.400000000000         12.5479779057     
      284  -0.416850678490        0.450000000000         12.5479779057     
      285  -0.375178713429       -0.400000000000         12.5492930057     
      286  -0.375178713429       -0.300000000000         12.5492930057     
      287  -0.375178713429       -0.200000000000         12.5492930057     
      288  -0.375178713429       -0.100000000000         12.5492930057     
      289  -0.375178713429         0.00000000000         12.5492930057     
      290  -0.375178713429        0.100000000000         12.5492930057     
      291  -0.375178713429        0.200000000000         12.5492930057     
      292  -0.375178713429        0.300000000000         12.5492930057     
      293  -0.375178713429        0.400000000000         12.5492930057     
      294  -0.333502610772       -0.450000000000         12.5504697131     
      295  -0.333502610772       -0.400000000000         12.5504697131     
      296  -0.333502610772       -0.350000000000         12.5504697131     
      297  -0.333502610772       -0.300000000000         12.5504697131     
      298  -0.333502610772       -0.250000000000         12.5504697131     
      299  -0.333502610772       -0.200000000000         12.5504697131     
      300  -0.333502610772       -0.150000000000         12.5504697131     

 
      301  -0.333502610772       -0.100000000000         12.5504697131     
      302  -0.333502610772       -0.500000000000E-001    12.5504697131     
      303  -0.333502610772         0.00000000000         12.5504697131     
      304  -0.333502610772        0.500000000000E-001    12.5504697131     
      305  -0.333502610772        0.100000000000         12.5504697131     
      306  -0.333502610772        0.150000000000         12.5504697131     
      307  -0.333502610772        0.200000000000         12.5504697131     
      308  -0.333502610772        0.250000000000         12.5504697131     
      309  -0.333502610772        0.300000000000         12.5504697131     
      310  -0.333502610772        0.350000000000         12.5504697131     
      311  -0.333502610772        0.400000000000         12.5504697131     
      312  -0.333502610772        0.450000000000         12.5504697131     
      313  -0.291822830156       -0.400000000000         12.5515080148     
      314  -0.291822830156       -0.300000000000         12.5515080148     
      315  -0.291822830156       -0.200000000000         12.5515080148     
      316  -0.291822830156       -0.100000000000         12.5515080148     
      317  -0.291822830156         0.00000000000         12.5515080148     
      318  -0.291822830156        0.100000000000         12.5515080148     
      319  -0.291822830156        0.200000000000         12.5515080148     
      320  -0.291822830156        0.300000000000         12.5515080148     

 
      321  -0.291822830156        0.400000000000         12.5515080148     
      322  -0.250139831257       -0.450000000000         12.5524078995     
      323  -0.250139831257       -0.400000000000         12.5524078995     
      324  -0.250139831257       -0.350000000000         12.5524078995     
      325  -0.250139831257       -0.300000000000         12.5524078995     
      326  -0.250139831257       -0.250000000000         12.5524078995     
      327  -0.250139831257       -0.200000000000         12.5524078995     
      328  -0.250139831257       -0.150000000000         12.5524078995     
      329  -0.250139831257       -0.100000000000         12.5524078995     
      330  -0.250139831257       -0.500000000000E-001    12.5524078995     
      331  -0.250139831257         0.00000000000         12.5524078995     
      332  -0.250139831257        0.500000000000E-001    12.5524078995     
      333  -0.250139831257        0.100000000000         12.5524078995     
      334  -0.250139831257        0.150000000000         12.5524078995     
      335  -0.250139831257        0.200000000000         12.5524078995     
      336  -0.250139831257        0.250000000000         12.5524078995     
      337  -0.250139831257        0.300000000000         12.5524078995     
      338  -0.250139831257        0.350000000000         12.5524078995     
      339  -0.250139831257        0.400000000000         12.5524078995     
      340  -0.250139831257        0.450000000000         12.5524078995     

 
      341  -0.208454073793       -0.400000000000         12.5531693571     
      342  -0.208454073793       -0.300000000000         12.5531693571     
      343  -0.208454073793       -0.200000000000         12.5531693571     
      344  -0.208454073793       -0.100000000000         12.5531693571     
      345  -0.208454073793         0.00000000000         12.5531693571     
      346  -0.208454073793        0.100000000000         12.5531693571     
      347  -0.208454073793        0.200000000000         12.5531693571     
      348  -0.208454073793        0.300000000000         12.5531693571     
      349  -0.208454073793        0.400000000000         12.5531693571     
      350  -0.166766017510       -0.450000000000         12.5537923794     
      351  -0.166766017510       -0.400000000000         12.5537923794     
      352  -0.166766017510       -0.350000000000         12.5537923794     
      353  -0.166766017510       -0.300000000000         12.5537923794     
      354  -0.166766017510       -0.250000000000         12.5537923794     
      355  -0.166766017510       -0.200000000000         12.5537923794     
      356  -0.166766017510       -0.150000000000         12.5537923794     
      357  -0.166766017510       -0.100000000000         12.5537923794     
      358  -0.166766017510       -0.500000000000E-001    12.5537923794     
      359  -0.166766017510         0.00000000000         12.5537923794     
      360  -0.166766017510        0.500000000000E-001    12.5537923794     

 
      361  -0.166766017510        0.100000000000         12.5537923794     
      362  -0.166766017510        0.150000000000         12.5537923794     
      363  -0.166766017510        0.200000000000         12.5537923794     
      364  -0.166766017510        0.250000000000         12.5537923794     
      365  -0.166766017510        0.300000000000         12.5537923794     
      366  -0.166766017510        0.350000000000         12.5537923794     
      367  -0.166766017510        0.400000000000         12.5537923794     
      368  -0.166766017510        0.450000000000         12.5537923794     
      369  -0.125076122184       -0.400000000000         12.5542769594     
      370  -0.125076122184       -0.300000000000         12.5542769594     
      371  -0.125076122184       -0.200000000000         12.5542769594     
      372  -0.125076122184       -0.100000000000         12.5542769594     
      373  -0.125076122184         0.00000000000         12.5542769594     
      374  -0.125076122184        0.100000000000         12.5542769594     
      375  -0.125076122184        0.200000000000         12.5542769594     
      376  -0.125076122184        0.300000000000         12.5542769594     
      377  -0.125076122184        0.400000000000         12.5542769594     
      378  -0.833848476116E-001  -0.450000000000         12.5546230918     
      379  -0.833848476116E-001  -0.400000000000         12.5546230918     
      380  -0.833848476116E-001  -0.350000000000         12.5546230918     

 
      381  -0.833848476116E-001  -0.300000000000         12.5546230918     
      382  -0.833848476116E-001  -0.250000000000         12.5546230918     
      383  -0.833848476116E-001  -0.200000000000         12.5546230918     
      384  -0.833848476116E-001  -0.150000000000         12.5546230918     
      385  -0.833848476116E-001  -0.100000000000         12.5546230918     
      386  -0.833848476116E-001  -0.500000000000E-001    12.5546230918     
      387  -0.833848476116E-001    0.00000000000         12.5546230918     
      388  -0.833848476116E-001   0.500000000000E-001    12.5546230918     
      389  -0.833848476116E-001   0.100000000000         12.5546230918     
      390  -0.833848476116E-001   0.150000000000         12.5546230918     
      391  -0.833848476116E-001   0.200000000000         12.5546230918     
      392  -0.833848476116E-001   0.250000000000         12.5546230918     
      393  -0.833848476116E-001   0.300000000000         12.5546230918     
      394  -0.833848476116E-001   0.350000000000         12.5546230918     
      395  -0.833848476116E-001   0.400000000000         12.5546230918     
      396  -0.833848476116E-001   0.450000000000         12.5546230918     
      397  -0.416926536083E-001  -0.400000000000         12.5548307728     
      398  -0.416926536083E-001  -0.300000000000         12.5548307728     
      399  -0.416926536083E-001  -0.200000000000         12.5548307728     
      400  -0.416926536083E-001  -0.100000000000         12.5548307728     

 
      401  -0.416926536083E-001    0.00000000000         12.5548307728     
      402  -0.416926536083E-001   0.100000000000         12.5548307728     
      403  -0.416926536083E-001   0.200000000000         12.5548307728     
      404  -0.416926536083E-001   0.300000000000         12.5548307728     
      405  -0.416926536083E-001   0.400000000000         12.5548307728     
      406   0.500180357526       -0.500000000000         12.5449325873     
      407   0.416926538169E-001  -0.500000000000         12.5548307728     
      408   0.833848478309E-001  -0.500000000000         12.5546230918     
      409   0.125076122272       -0.500000000000         12.5542769594     
      410   0.166766017379       -0.500000000000         12.5537923794     
      411   0.208454073402       -0.500000000000         12.5531693572     
      412   0.250139830613       -0.500000000000         12.5524078995     
      413   0.291822829305       -0.500000000000         12.5515080148     
      414   0.333502609799       -0.500000000000         12.5504697131     
      415   0.375178712452       -0.500000000000         12.5492930057     
      416   0.416850677657       -0.500000000000         12.5479779057     
      417   0.458518045853       -0.500000000000         12.5465244276     
      418   0.500180357526        0.500000000000         12.5449325873     
      419   0.500180357526       -0.450000000000         12.5449325873     
      420   0.500180357526       -0.400000000000         12.5449325873     

 
      421   0.500180357526       -0.350000000000         12.5449325873     
      422   0.500180357526       -0.300000000000         12.5449325873     
      423   0.500180357526       -0.250000000000         12.5449325873     
      424   0.500180357526       -0.200000000000         12.5449325873     
      425   0.500180357526       -0.150000000000         12.5449325873     
      426   0.500180357526       -0.100000000000         12.5449325873     
      427   0.500180357526       -0.500000000000E-001    12.5449325873     
      428   0.500180357526         0.00000000000         12.5449325873     
      429   0.500180357526        0.500000000000E-001    12.5449325873     
      430   0.500180357526        0.100000000000         12.5449325873     
      431   0.500180357526        0.150000000000         12.5449325873     
      432   0.500180357526        0.200000000000         12.5449325873     
      433   0.500180357526        0.250000000000         12.5449325873     
      434   0.500180357526        0.300000000000         12.5449325873     
      435   0.500180357526        0.350000000000         12.5449325873     
      436   0.500180357526        0.400000000000         12.5449325873     
      437   0.500180357526        0.450000000000         12.5449325873     
      438   0.416926538169E-001   0.500000000000         12.5548307728     
      439   0.833848478309E-001   0.500000000000         12.5546230918     
      440   0.125076122272        0.500000000000         12.5542769594     

 
      441   0.166766017379        0.500000000000         12.5537923794     
      442   0.208454073402        0.500000000000         12.5531693572     
      443   0.250139830613        0.500000000000         12.5524078995     
      444   0.291822829305        0.500000000000         12.5515080148     
      445   0.333502609799        0.500000000000         12.5504697131     
      446   0.375178712452        0.500000000000         12.5492930057     
      447   0.416850677657        0.500000000000         12.5479779057     
      448   0.458518045853        0.500000000000         12.5465244276     
      449   0.416926536753E-001  -0.400000000000         12.5548307728     
      450   0.416926536753E-001  -0.300000000000         12.5548307728     
      451   0.416926536753E-001  -0.200000000000         12.5548307728     
      452   0.416926536753E-001  -0.100000000000         12.5548307728     
      453   0.416926536753E-001    0.00000000000         12.5548307728     
      454   0.416926536753E-001   0.100000000000         12.5548307728     
      455   0.416926536753E-001   0.200000000000         12.5548307728     
      456   0.416926536753E-001   0.300000000000         12.5548307728     
      457   0.416926536753E-001   0.400000000000         12.5548307728     
      458   0.833848477021E-001  -0.450000000000         12.5546230918     
      459   0.833848477021E-001  -0.400000000000         12.5546230918     
      460   0.833848477021E-001  -0.350000000000         12.5546230918     

 
      461   0.833848477021E-001  -0.300000000000         12.5546230918     
      462   0.833848477021E-001  -0.250000000000         12.5546230918     
      463   0.833848477021E-001  -0.200000000000         12.5546230918     
      464   0.833848477021E-001  -0.150000000000         12.5546230918     
      465   0.833848477021E-001  -0.100000000000         12.5546230918     
      466   0.833848477021E-001  -0.500000000000E-001    12.5546230918     
      467   0.833848477021E-001    0.00000000000         12.5546230918     
      468   0.833848477021E-001   0.500000000000E-001    12.5546230918     
      469   0.833848477021E-001   0.100000000000         12.5546230918     
      470   0.833848477021E-001   0.150000000000         12.5546230918     
      471   0.833848477021E-001   0.200000000000         12.5546230918     
      472   0.833848477021E-001   0.250000000000         12.5546230918     
      473   0.833848477021E-001   0.300000000000         12.5546230918     
      474   0.833848477021E-001   0.350000000000         12.5546230918     
      475   0.833848477021E-001   0.400000000000         12.5546230918     
      476   0.833848477021E-001   0.450000000000         12.5546230918     
      477   0.125076122272       -0.400000000000         12.5542769594     
      478   0.125076122272       -0.300000000000         12.5542769594     
      479   0.125076122272       -0.200000000000         12.5542769594     
      480   0.125076122272       -0.100000000000         12.5542769594     

 
      481   0.125076122272         0.00000000000         12.5542769594     
      482   0.125076122272        0.100000000000         12.5542769594     
      483   0.125076122272        0.200000000000         12.5542769594     
      484   0.125076122272        0.300000000000         12.5542769594     
      485   0.125076122272        0.400000000000         12.5542769594     
      486   0.166766017584       -0.450000000000         12.5537923794     
      487   0.166766017584       -0.400000000000         12.5537923794     
      488   0.166766017584       -0.350000000000         12.5537923794     
      489   0.166766017584       -0.300000000000         12.5537923794     
      490   0.166766017584       -0.250000000000         12.5537923794     
      491   0.166766017584       -0.200000000000         12.5537923794     
      492   0.166766017584       -0.150000000000         12.5537923794     
      493   0.166766017584       -0.100000000000         12.5537923794     
      494   0.166766017584       -0.500000000000E-001    12.5537923794     
      495   0.166766017584         0.00000000000         12.5537923794     
      496   0.166766017584        0.500000000000E-001    12.5537923794     
      497   0.166766017584        0.100000000000         12.5537923794     
      498   0.166766017584        0.150000000000         12.5537923794     
      499   0.166766017584        0.200000000000         12.5537923794     
      500   0.166766017584        0.250000000000         12.5537923794     

 
      501   0.166766017584        0.300000000000         12.5537923794     
      502   0.166766017584        0.350000000000         12.5537923794     
      503   0.166766017584        0.400000000000         12.5537923794     
      504   0.166766017584        0.450000000000         12.5537923794     
      505   0.208454073853       -0.400000000000         12.5531693571     
      506   0.208454073853       -0.300000000000         12.5531693571     
      507   0.208454073853       -0.200000000000         12.5531693571     
      508   0.208454073853       -0.100000000000         12.5531693571     
      509   0.208454073853         0.00000000000         12.5531693571     
      510   0.208454073853        0.100000000000         12.5531693571     
      511   0.208454073853        0.200000000000         12.5531693571     
      512   0.208454073853        0.300000000000         12.5531693571     
      513   0.208454073853        0.400000000000         12.5531693571     
      514   0.250139831308       -0.450000000000         12.5524078995     
      515   0.250139831308       -0.400000000000         12.5524078995     
      516   0.250139831308       -0.350000000000         12.5524078995     
      517   0.250139831308       -0.300000000000         12.5524078995     
      518   0.250139831308       -0.250000000000         12.5524078995     
      519   0.250139831308       -0.200000000000         12.5524078995     
      520   0.250139831308       -0.150000000000         12.5524078995     

 
      521   0.250139831308       -0.100000000000         12.5524078995     
      522   0.250139831308       -0.500000000000E-001    12.5524078995     
      523   0.250139831308         0.00000000000         12.5524078995     
      524   0.250139831308        0.500000000000E-001    12.5524078995     
      525   0.250139831308        0.100000000000         12.5524078995     
      526   0.250139831308        0.150000000000         12.5524078995     
      527   0.250139831308        0.200000000000         12.5524078995     
      528   0.250139831308        0.250000000000         12.5524078995     
      529   0.250139831308        0.300000000000         12.5524078995     
      530   0.250139831308        0.350000000000         12.5524078995     
      531   0.250139831308        0.400000000000         12.5524078995     
      532   0.250139831308        0.450000000000         12.5524078995     
      533   0.291822830205       -0.400000000000         12.5515080148     
      534   0.291822830205       -0.300000000000         12.5515080148     
      535   0.291822830205       -0.200000000000         12.5515080148     
      536   0.291822830205       -0.100000000000         12.5515080148     
      537   0.291822830205         0.00000000000         12.5515080148     
      538   0.291822830205        0.100000000000         12.5515080148     
      539   0.291822830205        0.200000000000         12.5515080148     
      540   0.291822830205        0.300000000000         12.5515080148     

 
      541   0.291822830205        0.400000000000         12.5515080148     
      542   0.333502610828       -0.450000000000         12.5504697131     
      543   0.333502610828       -0.400000000000         12.5504697131     
      544   0.333502610828       -0.350000000000         12.5504697131     
      545   0.333502610828       -0.300000000000         12.5504697131     
      546   0.333502610828       -0.250000000000         12.5504697131     
      547   0.333502610828       -0.200000000000         12.5504697131     
      548   0.333502610828       -0.150000000000         12.5504697131     
      549   0.333502610828       -0.100000000000         12.5504697131     
      550   0.333502610828       -0.500000000000E-001    12.5504697131     
      551   0.333502610828         0.00000000000         12.5504697131     
      552   0.333502610828        0.500000000000E-001    12.5504697131     
      553   0.333502610828        0.100000000000         12.5504697131     
      554   0.333502610828        0.150000000000         12.5504697131     
      555   0.333502610828        0.200000000000         12.5504697131     
      556   0.333502610828        0.250000000000         12.5504697131     
      557   0.333502610828        0.300000000000         12.5504697131     
      558   0.333502610828        0.350000000000         12.5504697131     
      559   0.333502610828        0.400000000000         12.5504697131     
      560   0.333502610828        0.450000000000         12.5504697131     

 
      561   0.375178713494       -0.400000000000         12.5492930057     
      562   0.375178713494       -0.300000000000         12.5492930057     
      563   0.375178713494       -0.200000000000         12.5492930057     
      564   0.375178713494       -0.100000000000         12.5492930057     
      565   0.375178713494         0.00000000000         12.5492930057     
      566   0.375178713494        0.100000000000         12.5492930057     
      567   0.375178713494        0.200000000000         12.5492930057     
      568   0.375178713494        0.300000000000         12.5492930057     
      569   0.375178713494        0.400000000000         12.5492930057     
      570   0.416850678557       -0.450000000000         12.5479779057     
      571   0.416850678557       -0.400000000000         12.5479779057     
      572   0.416850678557       -0.350000000000         12.5479779057     
      573   0.416850678557       -0.300000000000         12.5479779057     
      574   0.416850678557       -0.250000000000         12.5479779057     
      575   0.416850678557       -0.200000000000         12.5479779057     
      576   0.416850678557       -0.150000000000         12.5479779057     
      577   0.416850678557       -0.100000000000         12.5479779057     
      578   0.416850678557       -0.500000000000E-001    12.5479779057     
      579   0.416850678557         0.00000000000         12.5479779057     
      580   0.416850678557        0.500000000000E-001    12.5479779057     

 
      581   0.416850678557        0.100000000000         12.5479779057     
      582   0.416850678557        0.150000000000         12.5479779057     
      583   0.416850678557        0.200000000000         12.5479779057     
      584   0.416850678557        0.250000000000         12.5479779057     
      585   0.416850678557        0.300000000000         12.5479779057     
      586   0.416850678557        0.350000000000         12.5479779057     
      587   0.416850678557        0.400000000000         12.5479779057     
      588   0.416850678557        0.450000000000         12.5479779057     
      589   0.458518046419       -0.400000000000         12.5465244276     
      590   0.458518046419       -0.300000000000         12.5465244276     
      591   0.458518046419       -0.200000000000         12.5465244276     
      592   0.458518046419       -0.100000000000         12.5465244276     
      593   0.458518046419         0.00000000000         12.5465244276     
      594   0.458518046419        0.100000000000         12.5465244276     
      595   0.458518046419        0.200000000000         12.5465244276     
      596   0.458518046419        0.300000000000         12.5465244276     
      597   0.458518046419        0.400000000000         12.5465244276     
      598   0.999566522498       -0.500000000000         12.5150461756     
      599   0.541837153312       -0.500000000000         12.5432024025     
      600   0.583487973740       -0.500000000000         12.5413338922     

 
      601   0.625132359495       -0.500000000000         12.5393270770     
      602   0.666769851334       -0.500000000000         12.5371819790     
      603   0.708399990085       -0.500000000000         12.5348986220     
      604   0.750022316659       -0.500000000000         12.5324770311     
      605   0.791636372047       -0.500000000000         12.5299172329     
      606   0.833241697332       -0.500000000000         12.5272192558     
      607   0.874837833690       -0.500000000000         12.5243831295     
      608   0.916424322399       -0.500000000000         12.5214088852     
      609   0.958000704838       -0.500000000000         12.5182965558     
      610   0.999566522498        0.500000000000         12.5150461756     
      611   0.999566522498       -0.450000000000         12.5150461756     
      612   0.999566522498       -0.400000000000         12.5150461756     
      613   0.999566522498       -0.350000000000         12.5150461756     
      614   0.999566522498       -0.300000000000         12.5150461756     
      615   0.999566522498       -0.250000000000         12.5150461756     
      616   0.999566522498       -0.200000000000         12.5150461756     
      617   0.999566522498       -0.150000000000         12.5150461756     
      618   0.999566522498       -0.100000000000         12.5150461756     
      619   0.999566522498       -0.500000000000E-001    12.5150461756     
      620   0.999566522498         0.00000000000         12.5150461756     

 
      621   0.999566522498        0.500000000000E-001    12.5150461756     
      622   0.999566522498        0.100000000000         12.5150461756     
      623   0.999566522498        0.150000000000         12.5150461756     
      624   0.999566522498        0.200000000000         12.5150461756     
      625   0.999566522498        0.250000000000         12.5150461756     
      626   0.999566522498        0.300000000000         12.5150461756     
      627   0.999566522498        0.350000000000         12.5150461756     
      628   0.999566522498        0.400000000000         12.5150461756     
      629   0.999566522498        0.450000000000         12.5150461756     
      630   0.541837153312        0.500000000000         12.5432024025     
      631   0.583487973740        0.500000000000         12.5413338922     
      632   0.625132359495        0.500000000000         12.5393270770     
      633   0.666769851334        0.500000000000         12.5371819790     
      634   0.708399990085        0.500000000000         12.5348986220     
      635   0.750022316659        0.500000000000         12.5324770311     
      636   0.791636372047        0.500000000000         12.5299172329     
      637   0.833241697332        0.500000000000         12.5272192558     
      638   0.874837833690        0.500000000000         12.5243831295     
      639   0.916424322399        0.500000000000         12.5214088852     
      640   0.958000704838        0.500000000000         12.5182965558     

 
      641   0.541837153876       -0.400000000000         12.5432024024     
      642   0.541837153876       -0.300000000000         12.5432024024     
      643   0.541837153876       -0.200000000000         12.5432024024     
      644   0.541837153876       -0.100000000000         12.5432024024     
      645   0.541837153876         0.00000000000         12.5432024024     
      646   0.541837153876        0.100000000000         12.5432024024     
      647   0.541837153876        0.200000000000         12.5432024024     
      648   0.541837153876        0.300000000000         12.5432024024     
      649   0.541837153876        0.400000000000         12.5432024024     
      650   0.583487974643       -0.450000000000         12.5413338921     
      651   0.583487974643       -0.400000000000         12.5413338921     
      652   0.583487974643       -0.350000000000         12.5413338921     
      653   0.583487974643       -0.300000000000         12.5413338921     
      654   0.583487974643       -0.250000000000         12.5413338921     
      655   0.583487974643       -0.200000000000         12.5413338921     
      656   0.583487974643       -0.150000000000         12.5413338921     
      657   0.583487974643       -0.100000000000         12.5413338921     
      658   0.583487974643       -0.500000000000E-001    12.5413338921     
      659   0.583487974643         0.00000000000         12.5413338921     
      660   0.583487974643        0.500000000000E-001    12.5413338921     

 
      661   0.583487974643        0.100000000000         12.5413338921     
      662   0.583487974643        0.150000000000         12.5413338921     
      663   0.583487974643        0.200000000000         12.5413338921     
      664   0.583487974643        0.250000000000         12.5413338921     
      665   0.583487974643        0.300000000000         12.5413338921     
      666   0.583487974643        0.350000000000         12.5413338921     
      667   0.583487974643        0.400000000000         12.5413338921     
      668   0.583487974643        0.450000000000         12.5413338921     
      669   0.625132360550       -0.400000000000         12.5393270769     
      670   0.625132360550       -0.300000000000         12.5393270769     
      671   0.625132360550       -0.200000000000         12.5393270769     
      672   0.625132360550       -0.100000000000         12.5393270769     
      673   0.625132360550         0.00000000000         12.5393270769     
      674   0.625132360550        0.100000000000         12.5393270769     
      675   0.625132360550        0.200000000000         12.5393270769     
      676   0.625132360550        0.300000000000         12.5393270769     
      677   0.625132360550        0.400000000000         12.5393270769     
      678   0.666769852388       -0.450000000000         12.5371819790     
      679   0.666769852388       -0.400000000000         12.5371819790     
      680   0.666769852388       -0.350000000000         12.5371819790     

 
      681   0.666769852388       -0.300000000000         12.5371819790     
      682   0.666769852388       -0.250000000000         12.5371819790     
      683   0.666769852388       -0.200000000000         12.5371819790     
      684   0.666769852388       -0.150000000000         12.5371819790     
      685   0.666769852388       -0.100000000000         12.5371819790     
      686   0.666769852388       -0.500000000000E-001    12.5371819790     
      687   0.666769852388         0.00000000000         12.5371819790     
      688   0.666769852388        0.500000000000E-001    12.5371819790     
      689   0.666769852388        0.100000000000         12.5371819790     
      690   0.666769852388        0.150000000000         12.5371819790     
      691   0.666769852388        0.200000000000         12.5371819790     
      692   0.666769852388        0.250000000000         12.5371819790     
      693   0.666769852388        0.300000000000         12.5371819790     
      694   0.666769852388        0.350000000000         12.5371819790     
      695   0.666769852388        0.400000000000         12.5371819790     
      696   0.666769852388        0.450000000000         12.5371819790     
      697   0.708399991024       -0.400000000000         12.5348986220     
      698   0.708399991024       -0.300000000000         12.5348986220     
      699   0.708399991024       -0.200000000000         12.5348986220     
      700   0.708399991024       -0.100000000000         12.5348986220     

 
      701   0.708399991024         0.00000000000         12.5348986220     
      702   0.708399991024        0.100000000000         12.5348986220     
      703   0.708399991024        0.200000000000         12.5348986220     
      704   0.708399991024        0.300000000000         12.5348986220     
      705   0.708399991024        0.400000000000         12.5348986220     
      706   0.750022317404       -0.450000000000         12.5324770310     
      707   0.750022317404       -0.400000000000         12.5324770310     
      708   0.750022317404       -0.350000000000         12.5324770310     
      709   0.750022317404       -0.300000000000         12.5324770310     
      710   0.750022317404       -0.250000000000         12.5324770310     
      711   0.750022317404       -0.200000000000         12.5324770310     
      712   0.750022317404       -0.150000000000         12.5324770310     
      713   0.750022317404       -0.100000000000         12.5324770310     
      714   0.750022317404       -0.500000000000E-001    12.5324770310     
      715   0.750022317404         0.00000000000         12.5324770310     
      716   0.750022317404        0.500000000000E-001    12.5324770310     
      717   0.750022317404        0.100000000000         12.5324770310     
      718   0.750022317404        0.150000000000         12.5324770310     
      719   0.750022317404        0.200000000000         12.5324770310     
      720   0.750022317404        0.250000000000         12.5324770310     

 
      721   0.750022317404        0.300000000000         12.5324770310     
      722   0.750022317404        0.350000000000         12.5324770310     
      723   0.750022317404        0.400000000000         12.5324770310     
      724   0.750022317404        0.450000000000         12.5324770310     
      725   0.791636372557       -0.400000000000         12.5299172329     
      726   0.791636372557       -0.300000000000         12.5299172329     
      727   0.791636372557       -0.200000000000         12.5299172329     
      728   0.791636372557       -0.100000000000         12.5299172329     
      729   0.791636372557         0.00000000000         12.5299172329     
      730   0.791636372557        0.100000000000         12.5299172329     
      731   0.791636372557        0.200000000000         12.5299172329     
      732   0.791636372557        0.300000000000         12.5299172329     
      733   0.791636372557        0.400000000000         12.5299172329     
      734   0.833241697602       -0.450000000000         12.5272192558     
      735   0.833241697602       -0.400000000000         12.5272192558     
      736   0.833241697602       -0.350000000000         12.5272192558     
      737   0.833241697602       -0.300000000000         12.5272192558     
      738   0.833241697602       -0.250000000000         12.5272192558     
      739   0.833241697602       -0.200000000000         12.5272192558     
      740   0.833241697602       -0.150000000000         12.5272192558     

 
      741   0.833241697602       -0.100000000000         12.5272192558     
      742   0.833241697602       -0.500000000000E-001    12.5272192558     
      743   0.833241697602         0.00000000000         12.5272192558     
      744   0.833241697602        0.500000000000E-001    12.5272192558     
      745   0.833241697602        0.100000000000         12.5272192558     
      746   0.833241697602        0.150000000000         12.5272192558     
      747   0.833241697602        0.200000000000         12.5272192558     
      748   0.833241697602        0.250000000000         12.5272192558     
      749   0.833241697602        0.300000000000         12.5272192558     
      750   0.833241697602        0.350000000000         12.5272192558     
      751   0.833241697602        0.400000000000         12.5272192558     
      752   0.833241697602        0.450000000000         12.5272192558     
      753   0.874837833754       -0.400000000000         12.5243831295     
      754   0.874837833754       -0.300000000000         12.5243831295     
      755   0.874837833754       -0.200000000000         12.5243831295     
      756   0.874837833754       -0.100000000000         12.5243831295     
      757   0.874837833754         0.00000000000         12.5243831295     
      758   0.874837833754        0.100000000000         12.5243831295     
      759   0.874837833754        0.200000000000         12.5243831295     
      760   0.874837833754        0.300000000000         12.5243831295     

 
      761   0.874837833754        0.400000000000         12.5243831295     
      762   0.916424322324       -0.450000000000         12.5214088852     
      763   0.916424322324       -0.400000000000         12.5214088852     
      764   0.916424322324       -0.350000000000         12.5214088852     
      765   0.916424322324       -0.300000000000         12.5214088852     
      766   0.916424322324       -0.250000000000         12.5214088852     
      767   0.916424322324       -0.200000000000         12.5214088852     
      768   0.916424322324       -0.150000000000         12.5214088852     
      769   0.916424322324       -0.100000000000         12.5214088852     
      770   0.916424322324       -0.500000000000E-001    12.5214088852     
      771   0.916424322324         0.00000000000         12.5214088852     
      772   0.916424322324        0.500000000000E-001    12.5214088852     
      773   0.916424322324        0.100000000000         12.5214088852     
      774   0.916424322324        0.150000000000         12.5214088852     
      775   0.916424322324        0.200000000000         12.5214088852     
      776   0.916424322324        0.250000000000         12.5214088852     
      777   0.916424322324        0.300000000000         12.5214088852     
      778   0.916424322324        0.350000000000         12.5214088852     
      779   0.916424322324        0.400000000000         12.5214088852     
      780   0.916424322324        0.450000000000         12.5214088852     

 
      781   0.958000704729       -0.400000000000         12.5182965558     
      782   0.958000704729       -0.300000000000         12.5182965558     
      783   0.958000704729       -0.200000000000         12.5182965558     
      784   0.958000704729       -0.100000000000         12.5182965558     
      785   0.958000704729         0.00000000000         12.5182965558     
      786   0.958000704729        0.100000000000         12.5182965558     
      787   0.958000704729        0.200000000000         12.5182965558     
      788   0.958000704729        0.300000000000         12.5182965558     
      789   0.958000704729        0.400000000000         12.5182965558     

